02/18/2020 04:45:00 AM
LogName=Security
SourceName= Microsoft Windows security auditing.
EventCode=4624
EventType=0
Type=Information
ComputerName=ACME-001
TaskCategory=Logon
OpCode=Info
RecordNumber=115671694
Keywords=Audit Success
Message=An account was successfully logged on.

Subject:
 Security ID:  Domain_A\SYSTEM
 Account Name:  ACME-001
 Account Domain:  Domain_A
 Logon ID:  0x70E4

Logon Information:
 Logon Type:  6
 Restricted Admin Mode: -
 Virtual Account:  No
 Elevated Token:  Yes

Impersonation Level:  Impersonation

New Logon:
 Security ID:  Domain_A\user_a
 Account Name:  user_a
 Account Domain:  Domain_A
 Logon ID:  0x6C10
 Linked Logon ID:  4940
 Network Account Name: -
 Network Account Domain: Domain_C
 Logon GUID:  {00000000-0000-0000-0000-000000000000}

Process Information:
 Process ID:  0xE758
 Process Name:  C:\Windows\System32\example_d.exe

Network Information:
 Workstation Name: ACME-001
 Source Network Address: 235.76.46.12
 Source Port:  36656

Detailed Authentication Information:
 Logon Process:  Winlogon 
 Authentication Package: Negotiate
 Transited Services: service_D
 Package Name (NTLM only): -
 Key Length:  0

This event is generated when a logon session is created. It is generated on the computer that was accessed.

The subject fields indicate the account on the local system which requested the logon. This is most commonly a service such as the Server service, or a local process such as A5A8D.exe or A5A8D.exe.

The logon type field indicates the kind of logon that occurred. The most common types are 2 (interactive) and 3 (network).

The New Logon fields indicate the account for whom the new logon was created, i.e. the account that was logged on.

The network fields indicate where a remote logon request originated. Workstation name is not always available and may be left blank in some cases.

The impersonation level field indicates the extent to which a process in the logon session can impersonate.

The authentication information fields provide detailed information about this specific logon request.
 - Logon GUID is a unique identifier that can be used to correlate this event with a KDC event.
 - Transited services indicate which intermediate services have participated in this logon request.
 - Package name indicates which sub-protocol was used among the NTLM protocols.
 - Key length indicates the length of the generated session key. This will be 0 if no session key was requested.


02/18/2020 04:39:43 AM
LogName=Security
SourceName= Microsoft Windows security auditing.
EventCode=4624
EventType=0
Type=Information
ComputerName=ACME-001
TaskCategory=Logon
OpCode=Info
RecordNumber=184389646
Keywords=Audit Success
Message=An account was successfully logged on.

Subject:
 Security ID:  Domain_A\SYSTEM
 Account Name:  ACME-001
 Account Domain:  Domain_A
 Logon ID:  0x70E4

Logon Information:
 Logon Type:  2
 Restricted Admin Mode: Yes
 Virtual Account:  No
 Elevated Token:  No

Impersonation Level:  Identification

New Logon:
 Security ID:  Domain_A\user_g
 Account Name:  user_g
 Account Domain:  Domain_A
 Logon ID:  0xEB5F
 Linked Logon ID:  6182
 Network Account Name: -
 Network Account Domain: Domain_A
 Logon GUID:  {221B21A6-1AE2-3F9A-24EF-22C392AC2A47}

Process Information:
 Process ID:  0x0BC7
 Process Name:  C:\Windows\System32\example_d.exe

Network Information:
 Workstation Name: ACME-001
 Source Network Address: 163.149.4.91
 Source Port:  54878

Detailed Authentication Information:
 Logon Process:  logonProcess1 
 Authentication Package: Negotiate
 Transited Services: service_A
 Package Name (NTLM only): -
 Key Length:  0

This event is generated when a logon session is created. It is generated on the computer that was accessed.

The subject fields indicate the account on the local system which requested the logon. This is most commonly a service such as the Server service, or a local process such as 8B606.exe or 8B606.exe.

The logon type field indicates the kind of logon that occurred. The most common types are 2 (interactive) and 3 (network).

The New Logon fields indicate the account for whom the new logon was created, i.e. the account that was logged on.

The network fields indicate where a remote logon request originated. Workstation name is not always available and may be left blank in some cases.

The impersonation level field indicates the extent to which a process in the logon session can impersonate.

The authentication information fields provide detailed information about this specific logon request.
 - Logon GUID is a unique identifier that can be used to correlate this event with a KDC event.
 - Transited services indicate which intermediate services have participated in this logon request.
 - Package name indicates which sub-protocol was used among the NTLM protocols.
 - Key length indicates the length of the generated session key. This will be 0 if no session key was requested.


02/18/2020 04:30:54 AM
LogName=Security
SourceName= Microsoft Windows security auditing.
EventCode=4624
EventType=0
Type=Information
ComputerName=ACME-001
TaskCategory=Logon
OpCode=Info
RecordNumber=973458443
Keywords=Audit Success
Message=An account was successfully logged on.

Subject:
 Security ID:  Domain_A\SYSTEM
 Account Name:  ACME-001
 Account Domain:  Domain_A
 Logon ID:  0x70E4

Logon Information:
 Logon Type:  3
 Restricted Admin Mode: Yes
 Virtual Account:  No
 Elevated Token:  Yes

Impersonation Level:  Identification

New Logon:
 Security ID:  Domain_A\user_d
 Account Name:  user_d
 Account Domain:  Domain_A
 Logon ID:  0x3EC3
 Linked Logon ID:  38F2
 Network Account Name: user_f
 Network Account Domain: Domain_A
 Logon GUID:  {0887F1E4-39EA-D53C-804F-31D568A06274}

Process Information:
 Process ID:  0x2BF1
 Process Name:  C:\Windows\System32\example_c.exe

Network Information:
 Workstation Name: ACME-001
 Source Network Address: -
 Source Port:  25815

Detailed Authentication Information:
 Logon Process:  logonProcess1 
 Authentication Package: Negotiate
 Transited Services: -
 Package Name (NTLM only): -
 Key Length:  0

This event is generated when a logon session is created. It is generated on the computer that was accessed.

The subject fields indicate the account on the local system which requested the logon. This is most commonly a service such as the Server service, or a local process such as 216FA.exe or 216FA.exe.

The logon type field indicates the kind of logon that occurred. The most common types are 2 (interactive) and 3 (network).

The New Logon fields indicate the account for whom the new logon was created, i.e. the account that was logged on.

The network fields indicate where a remote logon request originated. Workstation name is not always available and may be left blank in some cases.

The impersonation level field indicates the extent to which a process in the logon session can impersonate.

The authentication information fields provide detailed information about this specific logon request.
 - Logon GUID is a unique identifier that can be used to correlate this event with a KDC event.
 - Transited services indicate which intermediate services have participated in this logon request.
 - Package name indicates which sub-protocol was used among the NTLM protocols.
 - Key length indicates the length of the generated session key. This will be 0 if no session key was requested.


02/18/2020 04:28:33 AM
LogName=Security
SourceName= Microsoft Windows security auditing.
EventCode=4624
EventType=0
Type=Information
ComputerName=ACME-001
TaskCategory=Logon
OpCode=Info
RecordNumber=883405435
Keywords=Audit Success
Message=An account was successfully logged on.

Subject:
 Security ID:  Domain_A\SYSTEM
 Account Name:  ACME-001
 Account Domain:  Domain_A
 Logon ID:  0x70E4

Logon Information:
 Logon Type:  11
 Restricted Admin Mode: -
 Virtual Account:  No
 Elevated Token:  No

Impersonation Level:  Delegation

New Logon:
 Security ID:  Domain_A\user_k
 Account Name:  user_k
 Account Domain:  Domain_A
 Logon ID:  0xBAC3
 Linked Logon ID:  5F57
 Network Account Name: user_g
 Network Account Domain: Domain_B
 Logon GUID:  {0887F1E4-39EA-D53C-804F-31D568A06274}

Process Information:
 Process ID:  0x2048
 Process Name:  C:\Windows\System32\example_g.exe

Network Information:
 Workstation Name: ACME-001
 Source Network Address: 157.134.249.227
 Source Port:  35751

Detailed Authentication Information:
 Logon Process:  User32 
 Authentication Package: Kerberos
 Transited Services: service_A
 Package Name (NTLM only): -
 Key Length:  0

This event is generated when a logon session is created. It is generated on the computer that was accessed.

The subject fields indicate the account on the local system which requested the logon. This is most commonly a service such as the Server service, or a local process such as 1238D.exe or 1238D.exe.

The logon type field indicates the kind of logon that occurred. The most common types are 2 (interactive) and 3 (network).

The New Logon fields indicate the account for whom the new logon was created, i.e. the account that was logged on.

The network fields indicate where a remote logon request originated. Workstation name is not always available and may be left blank in some cases.

The impersonation level field indicates the extent to which a process in the logon session can impersonate.

The authentication information fields provide detailed information about this specific logon request.
 - Logon GUID is a unique identifier that can be used to correlate this event with a KDC event.
 - Transited services indicate which intermediate services have participated in this logon request.
 - Package name indicates which sub-protocol was used among the NTLM protocols.
 - Key length indicates the length of the generated session key. This will be 0 if no session key was requested.


02/18/2020 04:27:16 AM
LogName=Security
SourceName= Microsoft Windows security auditing.
EventCode=4624
EventType=0
Type=Information
ComputerName=ACME-001
TaskCategory=Logon
OpCode=Info
RecordNumber=845310217
Keywords=Audit Success
Message=An account was successfully logged on.

Subject:
 Security ID:  Domain_A\SYSTEM
 Account Name:  ACME-001
 Account Domain:  Domain_A
 Logon ID:  0x70E4

Logon Information:
 Logon Type:  2
 Restricted Admin Mode: No
 Virtual Account:  No
 Elevated Token:  Yes

Impersonation Level:  Delegation

New Logon:
 Security ID:  Domain_A\user_g
 Account Name:  user_g
 Account Domain:  Domain_A
 Logon ID:  0xEB5F
 Linked Logon ID:  580E
 Network Account Name: -
 Network Account Domain: -
 Logon GUID:  {27C4A2F2-13CA-AA25-E903-D31268740239}

Process Information:
 Process ID:  0xD9C0
 Process Name:  C:\Windows\System32\example_e.exe

Network Information:
 Workstation Name: ACME-001
 Source Network Address: 73.116.31.163
 Source Port:  50968

Detailed Authentication Information:
 Logon Process:  logonProcess1 
 Authentication Package: Kerberos
 Transited Services: service_D
 Package Name (NTLM only): -
 Key Length:  0

This event is generated when a logon session is created. It is generated on the computer that was accessed.

The subject fields indicate the account on the local system which requested the logon. This is most commonly a service such as the Server service, or a local process such as 250CE.exe or 250CE.exe.

The logon type field indicates the kind of logon that occurred. The most common types are 2 (interactive) and 3 (network).

The New Logon fields indicate the account for whom the new logon was created, i.e. the account that was logged on.

The network fields indicate where a remote logon request originated. Workstation name is not always available and may be left blank in some cases.

The impersonation level field indicates the extent to which a process in the logon session can impersonate.

The authentication information fields provide detailed information about this specific logon request.
 - Logon GUID is a unique identifier that can be used to correlate this event with a KDC event.
 - Transited services indicate which intermediate services have participated in this logon request.
 - Package name indicates which sub-protocol was used among the NTLM protocols.
 - Key length indicates the length of the generated session key. This will be 0 if no session key was requested.


02/18/2020 04:25:20 AM
LogName=Security
SourceName= Microsoft Windows security auditing.
EventCode=4624
EventType=0
Type=Information
ComputerName=ACME-001
TaskCategory=Logon
OpCode=Info
RecordNumber=805377511
Keywords=Audit Success
Message=An account was successfully logged on.

Subject:
 Security ID:  Domain_A\SYSTEM
 Account Name:  ACME-001
 Account Domain:  Domain_A
 Logon ID:  0x70E4

Logon Information:
 Logon Type:  5
 Restricted Admin Mode: Yes
 Virtual Account:  Yes
 Elevated Token:  Yes

Impersonation Level:  Delegation

New Logon:
 Security ID:  Domain_A\user_m
 Account Name:  user_m
 Account Domain:  Domain_A
 Logon ID:  0x46BA
 Linked Logon ID:  7587
 Network Account Name: -
 Network Account Domain: -
 Logon GUID:  {27C4A2F2-13CA-AA25-E903-D31268740239}

Process Information:
 Process ID:  0x73EC
 Process Name:  C:\Windows\System32\example_d.exe

Network Information:
 Workstation Name: ACME-001
 Source Network Address: 71.52.191.246
 Source Port:  30320

Detailed Authentication Information:
 Logon Process:  logonProcess1 
 Authentication Package: Negotiate
 Transited Services: service_B
 Package Name (NTLM only): -
 Key Length:  0

This event is generated when a logon session is created. It is generated on the computer that was accessed.

The subject fields indicate the account on the local system which requested the logon. This is most commonly a service such as the Server service, or a local process such as EB6F6.exe or EB6F6.exe.

The logon type field indicates the kind of logon that occurred. The most common types are 2 (interactive) and 3 (network).

The New Logon fields indicate the account for whom the new logon was created, i.e. the account that was logged on.

The network fields indicate where a remote logon request originated. Workstation name is not always available and may be left blank in some cases.

The impersonation level field indicates the extent to which a process in the logon session can impersonate.

The authentication information fields provide detailed information about this specific logon request.
 - Logon GUID is a unique identifier that can be used to correlate this event with a KDC event.
 - Transited services indicate which intermediate services have participated in this logon request.
 - Package name indicates which sub-protocol was used among the NTLM protocols.
 - Key length indicates the length of the generated session key. This will be 0 if no session key was requested.


02/18/2020 04:25:16 AM
LogName=Security
SourceName= Microsoft Windows security auditing.
EventCode=4624
EventType=0
Type=Information
ComputerName=ACME-001
TaskCategory=Logon
OpCode=Info
RecordNumber=625774658
Keywords=Audit Success
Message=An account was successfully logged on.

Subject:
 Security ID:  Domain_A\SYSTEM
 Account Name:  ACME-001
 Account Domain:  Domain_A
 Logon ID:  0x70E4

Logon Information:
 Logon Type:  9
 Restricted Admin Mode: No
 Virtual Account:  Yes
 Elevated Token:  Yes

Impersonation Level:  Delegation

New Logon:
 Security ID:  Domain_A\user_a
 Account Name:  user_a
 Account Domain:  Domain_A
 Logon ID:  0x6C10
 Linked Logon ID:  9A2D
 Network Account Name: -
 Network Account Domain: -
 Logon GUID:  {221B21A6-1AE2-3F9A-24EF-22C392AC2A47}

Process Information:
 Process ID:  0xBCDA
 Process Name:  C:\Windows\System32\example_f.exe

Network Information:
 Workstation Name: ACME-001
 Source Network Address: 192.1.102.169
 Source Port:  61433

Detailed Authentication Information:
 Logon Process:  Winlogon 
 Authentication Package: Kerberos
 Transited Services: -
 Package Name (NTLM only): -
 Key Length:  0

This event is generated when a logon session is created. It is generated on the computer that was accessed.

The subject fields indicate the account on the local system which requested the logon. This is most commonly a service such as the Server service, or a local process such as F3515.exe or F3515.exe.

The logon type field indicates the kind of logon that occurred. The most common types are 2 (interactive) and 3 (network).

The New Logon fields indicate the account for whom the new logon was created, i.e. the account that was logged on.

The network fields indicate where a remote logon request originated. Workstation name is not always available and may be left blank in some cases.

The impersonation level field indicates the extent to which a process in the logon session can impersonate.

The authentication information fields provide detailed information about this specific logon request.
 - Logon GUID is a unique identifier that can be used to correlate this event with a KDC event.
 - Transited services indicate which intermediate services have participated in this logon request.
 - Package name indicates which sub-protocol was used among the NTLM protocols.
 - Key length indicates the length of the generated session key. This will be 0 if no session key was requested.


02/18/2020 04:24:58 AM
LogName=Security
SourceName= Microsoft Windows security auditing.
EventCode=4624
EventType=0
Type=Information
ComputerName=ACME-001
TaskCategory=Logon
OpCode=Info
RecordNumber=485577894
Keywords=Audit Success
Message=An account was successfully logged on.

Subject:
 Security ID:  Domain_A\SYSTEM
 Account Name:  ACME-001
 Account Domain:  Domain_A
 Logon ID:  0x70E4

Logon Information:
 Logon Type:  2
 Restricted Admin Mode: Yes
 Virtual Account:  Yes
 Elevated Token:  No

Impersonation Level:  Delegation

New Logon:
 Security ID:  Domain_A\user_d
 Account Name:  user_d
 Account Domain:  Domain_A
 Logon ID:  0x3EC3
 Linked Logon ID:  A3E1
 Network Account Name: user_e
 Network Account Domain: Domain_A
 Logon GUID:  {27C4A2F2-13CA-AA25-E903-D31268740239}

Process Information:
 Process ID:  0xD40F
 Process Name:  C:\Windows\System32\example_e.exe

Network Information:
 Workstation Name: ACME-001
 Source Network Address: -
 Source Port:  5403

Detailed Authentication Information:
 Logon Process:  logonProcess1 
 Authentication Package: Negotiate
 Transited Services: service_A
 Package Name (NTLM only): -
 Key Length:  0

This event is generated when a logon session is created. It is generated on the computer that was accessed.

The subject fields indicate the account on the local system which requested the logon. This is most commonly a service such as the Server service, or a local process such as A84CB.exe or A84CB.exe.

The logon type field indicates the kind of logon that occurred. The most common types are 2 (interactive) and 3 (network).

The New Logon fields indicate the account for whom the new logon was created, i.e. the account that was logged on.

The network fields indicate where a remote logon request originated. Workstation name is not always available and may be left blank in some cases.

The impersonation level field indicates the extent to which a process in the logon session can impersonate.

The authentication information fields provide detailed information about this specific logon request.
 - Logon GUID is a unique identifier that can be used to correlate this event with a KDC event.
 - Transited services indicate which intermediate services have participated in this logon request.
 - Package name indicates which sub-protocol was used among the NTLM protocols.
 - Key length indicates the length of the generated session key. This will be 0 if no session key was requested.


02/18/2020 04:15:33 AM
LogName=Security
SourceName= Microsoft Windows security auditing.
EventCode=4624
EventType=0
Type=Information
ComputerName=ACME-001
TaskCategory=Logon
OpCode=Info
RecordNumber=161655392
Keywords=Audit Success
Message=An account was successfully logged on.

Subject:
 Security ID:  Domain_A\SYSTEM
 Account Name:  ACME-001
 Account Domain:  Domain_A
 Logon ID:  0x70E4

Logon Information:
 Logon Type:  5
 Restricted Admin Mode: -
 Virtual Account:  Yes
 Elevated Token:  No

Impersonation Level:  Impersonation

New Logon:
 Security ID:  Domain_A\user_h
 Account Name:  user_h
 Account Domain:  Domain_A
 Logon ID:  0xA19C
 Linked Logon ID:  A95B
 Network Account Name: -
 Network Account Domain: Domain_B
 Logon GUID:  {00000000-0000-0000-0000-000000000000}

Process Information:
 Process ID:  0xD56E
 Process Name:  C:\Windows\System32\example_f.exe

Network Information:
 Workstation Name: ACME-001
 Source Network Address: 25.136.76.112
 Source Port:  57952

Detailed Authentication Information:
 Logon Process:  User32 
 Authentication Package: Kerberos
 Transited Services: service_D
 Package Name (NTLM only): -
 Key Length:  0

This event is generated when a logon session is created. It is generated on the computer that was accessed.

The subject fields indicate the account on the local system which requested the logon. This is most commonly a service such as the Server service, or a local process such as C9A10.exe or C9A10.exe.

The logon type field indicates the kind of logon that occurred. The most common types are 2 (interactive) and 3 (network).

The New Logon fields indicate the account for whom the new logon was created, i.e. the account that was logged on.

The network fields indicate where a remote logon request originated. Workstation name is not always available and may be left blank in some cases.

The impersonation level field indicates the extent to which a process in the logon session can impersonate.

The authentication information fields provide detailed information about this specific logon request.
 - Logon GUID is a unique identifier that can be used to correlate this event with a KDC event.
 - Transited services indicate which intermediate services have participated in this logon request.
 - Package name indicates which sub-protocol was used among the NTLM protocols.
 - Key length indicates the length of the generated session key. This will be 0 if no session key was requested.


02/18/2020 04:11:15 AM
LogName=Security
SourceName= Microsoft Windows security auditing.
EventCode=4624
EventType=0
Type=Information
ComputerName=ACME-001
TaskCategory=Logon
OpCode=Info
RecordNumber=25027211
Keywords=Audit Success
Message=An account was successfully logged on.

Subject:
 Security ID:  Domain_A\SYSTEM
 Account Name:  ACME-001
 Account Domain:  Domain_A
 Logon ID:  0x70E4

Logon Information:
 Logon Type:  11
 Restricted Admin Mode: No
 Virtual Account:  No
 Elevated Token:  No

Impersonation Level:  Delegation

New Logon:
 Security ID:  Domain_A\user_n
 Account Name:  user_n
 Account Domain:  Domain_A
 Logon ID:  0x4D76
 Linked Logon ID:  2EB6
 Network Account Name: user_h
 Network Account Domain: Domain_B
 Logon GUID:  {0887F1E4-39EA-D53C-804F-31D568A06274}

Process Information:
 Process ID:  0xAA0F
 Process Name:  C:\Windows\System32\example_f.exe

Network Information:
 Workstation Name: ACME-001
 Source Network Address: -
 Source Port:  63308

Detailed Authentication Information:
 Logon Process:  Winlogon 
 Authentication Package: Kerberos
 Transited Services: service_B
 Package Name (NTLM only): -
 Key Length:  0

This event is generated when a logon session is created. It is generated on the computer that was accessed.

The subject fields indicate the account on the local system which requested the logon. This is most commonly a service such as the Server service, or a local process such as D0A85.exe or D0A85.exe.

The logon type field indicates the kind of logon that occurred. The most common types are 2 (interactive) and 3 (network).

The New Logon fields indicate the account for whom the new logon was created, i.e. the account that was logged on.

The network fields indicate where a remote logon request originated. Workstation name is not always available and may be left blank in some cases.

The impersonation level field indicates the extent to which a process in the logon session can impersonate.

The authentication information fields provide detailed information about this specific logon request.
 - Logon GUID is a unique identifier that can be used to correlate this event with a KDC event.
 - Transited services indicate which intermediate services have participated in this logon request.
 - Package name indicates which sub-protocol was used among the NTLM protocols.
 - Key length indicates the length of the generated session key. This will be 0 if no session key was requested.


02/18/2020 04:09:42 AM
LogName=Security
SourceName= Microsoft Windows security auditing.
EventCode=4624
EventType=0
Type=Information
ComputerName=ACME-001
TaskCategory=Logon
OpCode=Info
RecordNumber=480252322
Keywords=Audit Success
Message=An account was successfully logged on.

Subject:
 Security ID:  Domain_A\SYSTEM
 Account Name:  ACME-001
 Account Domain:  Domain_A
 Logon ID:  0x70E4

Logon Information:
 Logon Type:  7
 Restricted Admin Mode: No
 Virtual Account:  No
 Elevated Token:  Yes

Impersonation Level:  Impersonation

New Logon:
 Security ID:  Domain_A\user_m
 Account Name:  user_m
 Account Domain:  Domain_A
 Logon ID:  0x46BA
 Linked Logon ID:  F6B9
 Network Account Name: user_m
 Network Account Domain: Domain_C
 Logon GUID:  {221B21A6-1AE2-3F9A-24EF-22C392AC2A47}

Process Information:
 Process ID:  0xD83F
 Process Name:  C:\Windows\System32\example_e.exe

Network Information:
 Workstation Name: ACME-001
 Source Network Address: 104.107.185.49
 Source Port:  29033

Detailed Authentication Information:
 Logon Process:  User32 
 Authentication Package: Negotiate
 Transited Services: service_A
 Package Name (NTLM only): -
 Key Length:  0

This event is generated when a logon session is created. It is generated on the computer that was accessed.

The subject fields indicate the account on the local system which requested the logon. This is most commonly a service such as the Server service, or a local process such as EAC2A.exe or EAC2A.exe.

The logon type field indicates the kind of logon that occurred. The most common types are 2 (interactive) and 3 (network).

The New Logon fields indicate the account for whom the new logon was created, i.e. the account that was logged on.

The network fields indicate where a remote logon request originated. Workstation name is not always available and may be left blank in some cases.

The impersonation level field indicates the extent to which a process in the logon session can impersonate.

The authentication information fields provide detailed information about this specific logon request.
 - Logon GUID is a unique identifier that can be used to correlate this event with a KDC event.
 - Transited services indicate which intermediate services have participated in this logon request.
 - Package name indicates which sub-protocol was used among the NTLM protocols.
 - Key length indicates the length of the generated session key. This will be 0 if no session key was requested.


02/18/2020 04:02:57 AM
LogName=Security
SourceName= Microsoft Windows security auditing.
EventCode=4624
EventType=0
Type=Information
ComputerName=ACME-001
TaskCategory=Logon
OpCode=Info
RecordNumber=170625139
Keywords=Audit Success
Message=An account was successfully logged on.

Subject:
 Security ID:  Domain_A\SYSTEM
 Account Name:  ACME-001
 Account Domain:  Domain_A
 Logon ID:  0x70E4

Logon Information:
 Logon Type:  6
 Restricted Admin Mode: Yes
 Virtual Account:  Yes
 Elevated Token:  No

Impersonation Level:  Identification

New Logon:
 Security ID:  Domain_A\user_d
 Account Name:  user_d
 Account Domain:  Domain_A
 Logon ID:  0x3EC3
 Linked Logon ID:  EC7B
 Network Account Name: user_e
 Network Account Domain: Domain_D
 Logon GUID:  {221B21A6-1AE2-3F9A-24EF-22C392AC2A47}

Process Information:
 Process ID:  0xC662
 Process Name:  C:\Windows\System32\example_a.exe

Network Information:
 Workstation Name: ACME-001
 Source Network Address: -
 Source Port:  39473

Detailed Authentication Information:
 Logon Process:  Winlogon 
 Authentication Package: Negotiate
 Transited Services: -
 Package Name (NTLM only): -
 Key Length:  0

This event is generated when a logon session is created. It is generated on the computer that was accessed.

The subject fields indicate the account on the local system which requested the logon. This is most commonly a service such as the Server service, or a local process such as D7ACA.exe or D7ACA.exe.

The logon type field indicates the kind of logon that occurred. The most common types are 2 (interactive) and 3 (network).

The New Logon fields indicate the account for whom the new logon was created, i.e. the account that was logged on.

The network fields indicate where a remote logon request originated. Workstation name is not always available and may be left blank in some cases.

The impersonation level field indicates the extent to which a process in the logon session can impersonate.

The authentication information fields provide detailed information about this specific logon request.
 - Logon GUID is a unique identifier that can be used to correlate this event with a KDC event.
 - Transited services indicate which intermediate services have participated in this logon request.
 - Package name indicates which sub-protocol was used among the NTLM protocols.
 - Key length indicates the length of the generated session key. This will be 0 if no session key was requested.


02/18/2020 03:57:54 AM
LogName=Security
SourceName= Microsoft Windows security auditing.
EventCode=4624
EventType=0
Type=Information
ComputerName=ACME-001
TaskCategory=Logon
OpCode=Info
RecordNumber=975401236
Keywords=Audit Success
Message=An account was successfully logged on.

Subject:
 Security ID:  Domain_A\SYSTEM
 Account Name:  ACME-001
 Account Domain:  Domain_A
 Logon ID:  0x70E4

Logon Information:
 Logon Type:  7
 Restricted Admin Mode: No
 Virtual Account:  No
 Elevated Token:  No

Impersonation Level:  Delegation

New Logon:
 Security ID:  Domain_A\user_i
 Account Name:  user_i
 Account Domain:  Domain_A
 Logon ID:  0x5F25
 Linked Logon ID:  3F70
 Network Account Name: user_n
 Network Account Domain: -
 Logon GUID:  {0887F1E4-39EA-D53C-804F-31D568A06274}

Process Information:
 Process ID:  0x6176
 Process Name:  C:\Windows\System32\example_a.exe

Network Information:
 Workstation Name: ACME-001
 Source Network Address: 189.131.36.28
 Source Port:  15757

Detailed Authentication Information:
 Logon Process:  Winlogon 
 Authentication Package: Negotiate
 Transited Services: service_B
 Package Name (NTLM only): -
 Key Length:  0

This event is generated when a logon session is created. It is generated on the computer that was accessed.

The subject fields indicate the account on the local system which requested the logon. This is most commonly a service such as the Server service, or a local process such as 61A4C.exe or 61A4C.exe.

The logon type field indicates the kind of logon that occurred. The most common types are 2 (interactive) and 3 (network).

The New Logon fields indicate the account for whom the new logon was created, i.e. the account that was logged on.

The network fields indicate where a remote logon request originated. Workstation name is not always available and may be left blank in some cases.

The impersonation level field indicates the extent to which a process in the logon session can impersonate.

The authentication information fields provide detailed information about this specific logon request.
 - Logon GUID is a unique identifier that can be used to correlate this event with a KDC event.
 - Transited services indicate which intermediate services have participated in this logon request.
 - Package name indicates which sub-protocol was used among the NTLM protocols.
 - Key length indicates the length of the generated session key. This will be 0 if no session key was requested.


02/18/2020 03:52:54 AM
LogName=Security
SourceName= Microsoft Windows security auditing.
EventCode=4624
EventType=0
Type=Information
ComputerName=ACME-001
TaskCategory=Logon
OpCode=Info
RecordNumber=771180934
Keywords=Audit Success
Message=An account was successfully logged on.

Subject:
 Security ID:  Domain_A\SYSTEM
 Account Name:  ACME-001
 Account Domain:  Domain_A
 Logon ID:  0x70E4

Logon Information:
 Logon Type:  4
 Restricted Admin Mode: -
 Virtual Account:  No
 Elevated Token:  No

Impersonation Level:  Identification

New Logon:
 Security ID:  Domain_A\user_n
 Account Name:  user_n
 Account Domain:  Domain_A
 Logon ID:  0x4D76
 Linked Logon ID:  5981
 Network Account Name: user_l
 Network Account Domain: Domain_D
 Logon GUID:  {27C4A2F2-13CA-AA25-E903-D31268740239}

Process Information:
 Process ID:  0x01DB
 Process Name:  C:\Windows\System32\example_c.exe

Network Information:
 Workstation Name: ACME-001
 Source Network Address: 155.5.241.5
 Source Port:  4057

Detailed Authentication Information:
 Logon Process:  logonProcess1 
 Authentication Package: Kerberos
 Transited Services: service_A
 Package Name (NTLM only): -
 Key Length:  0

This event is generated when a logon session is created. It is generated on the computer that was accessed.

The subject fields indicate the account on the local system which requested the logon. This is most commonly a service such as the Server service, or a local process such as 90FB4.exe or 90FB4.exe.

The logon type field indicates the kind of logon that occurred. The most common types are 2 (interactive) and 3 (network).

The New Logon fields indicate the account for whom the new logon was created, i.e. the account that was logged on.

The network fields indicate where a remote logon request originated. Workstation name is not always available and may be left blank in some cases.

The impersonation level field indicates the extent to which a process in the logon session can impersonate.

The authentication information fields provide detailed information about this specific logon request.
 - Logon GUID is a unique identifier that can be used to correlate this event with a KDC event.
 - Transited services indicate which intermediate services have participated in this logon request.
 - Package name indicates which sub-protocol was used among the NTLM protocols.
 - Key length indicates the length of the generated session key. This will be 0 if no session key was requested.


02/18/2020 03:48:14 AM
LogName=Security
SourceName= Microsoft Windows security auditing.
EventCode=4624
EventType=0
Type=Information
ComputerName=ACME-001
TaskCategory=Logon
OpCode=Info
RecordNumber=452737340
Keywords=Audit Success
Message=An account was successfully logged on.

Subject:
 Security ID:  Domain_A\SYSTEM
 Account Name:  ACME-001
 Account Domain:  Domain_A
 Logon ID:  0x70E4

Logon Information:
 Logon Type:  5
 Restricted Admin Mode: Yes
 Virtual Account:  No
 Elevated Token:  Yes

Impersonation Level:  Impersonation

New Logon:
 Security ID:  Domain_A\user_b
 Account Name:  user_b
 Account Domain:  Domain_A
 Logon ID:  0x3A81
 Linked Logon ID:  0752
 Network Account Name: user_c
 Network Account Domain: -
 Logon GUID:  {00000000-0000-0000-0000-000000000000}

Process Information:
 Process ID:  0xF499
 Process Name:  C:\Windows\System32\example_b.exe

Network Information:
 Workstation Name: ACME-001
 Source Network Address: 52.214.213.210
 Source Port:  23916

Detailed Authentication Information:
 Logon Process:  User32 
 Authentication Package: Negotiate
 Transited Services: service_D
 Package Name (NTLM only): -
 Key Length:  0

This event is generated when a logon session is created. It is generated on the computer that was accessed.

The subject fields indicate the account on the local system which requested the logon. This is most commonly a service such as the Server service, or a local process such as CBB05.exe or CBB05.exe.

The logon type field indicates the kind of logon that occurred. The most common types are 2 (interactive) and 3 (network).

The New Logon fields indicate the account for whom the new logon was created, i.e. the account that was logged on.

The network fields indicate where a remote logon request originated. Workstation name is not always available and may be left blank in some cases.

The impersonation level field indicates the extent to which a process in the logon session can impersonate.

The authentication information fields provide detailed information about this specific logon request.
 - Logon GUID is a unique identifier that can be used to correlate this event with a KDC event.
 - Transited services indicate which intermediate services have participated in this logon request.
 - Package name indicates which sub-protocol was used among the NTLM protocols.
 - Key length indicates the length of the generated session key. This will be 0 if no session key was requested.


02/18/2020 03:47:26 AM
LogName=Security
SourceName= Microsoft Windows security auditing.
EventCode=4624
EventType=0
Type=Information
ComputerName=ACME-001
TaskCategory=Logon
OpCode=Info
RecordNumber=569305146
Keywords=Audit Success
Message=An account was successfully logged on.

Subject:
 Security ID:  Domain_A\SYSTEM
 Account Name:  ACME-001
 Account Domain:  Domain_A
 Logon ID:  0x70E4

Logon Information:
 Logon Type:  7
 Restricted Admin Mode: No
 Virtual Account:  No
 Elevated Token:  Yes

Impersonation Level:  Impersonation

New Logon:
 Security ID:  Domain_A\user_d
 Account Name:  user_d
 Account Domain:  Domain_A
 Logon ID:  0x3EC3
 Linked Logon ID:  9394
 Network Account Name: user_l
 Network Account Domain: -
 Logon GUID:  {221B21A6-1AE2-3F9A-24EF-22C392AC2A47}

Process Information:
 Process ID:  0x7C88
 Process Name:  C:\Windows\System32\example_f.exe

Network Information:
 Workstation Name: ACME-001
 Source Network Address: -
 Source Port:  24105

Detailed Authentication Information:
 Logon Process:  Winlogon 
 Authentication Package: Negotiate
 Transited Services: service_B
 Package Name (NTLM only): -
 Key Length:  0

This event is generated when a logon session is created. It is generated on the computer that was accessed.

The subject fields indicate the account on the local system which requested the logon. This is most commonly a service such as the Server service, or a local process such as 23FF4.exe or 23FF4.exe.

The logon type field indicates the kind of logon that occurred. The most common types are 2 (interactive) and 3 (network).

The New Logon fields indicate the account for whom the new logon was created, i.e. the account that was logged on.

The network fields indicate where a remote logon request originated. Workstation name is not always available and may be left blank in some cases.

The impersonation level field indicates the extent to which a process in the logon session can impersonate.

The authentication information fields provide detailed information about this specific logon request.
 - Logon GUID is a unique identifier that can be used to correlate this event with a KDC event.
 - Transited services indicate which intermediate services have participated in this logon request.
 - Package name indicates which sub-protocol was used among the NTLM protocols.
 - Key length indicates the length of the generated session key. This will be 0 if no session key was requested.


02/18/2020 03:46:42 AM
LogName=Security
SourceName= Microsoft Windows security auditing.
EventCode=4624
EventType=0
Type=Information
ComputerName=ACME-001
TaskCategory=Logon
OpCode=Info
RecordNumber=667231101
Keywords=Audit Success
Message=An account was successfully logged on.

Subject:
 Security ID:  Domain_A\SYSTEM
 Account Name:  ACME-001
 Account Domain:  Domain_A
 Logon ID:  0x70E4

Logon Information:
 Logon Type:  11
 Restricted Admin Mode: Yes
 Virtual Account:  No
 Elevated Token:  Yes

Impersonation Level:  Delegation

New Logon:
 Security ID:  Domain_A\user_k
 Account Name:  user_k
 Account Domain:  Domain_A
 Logon ID:  0xBAC3
 Linked Logon ID:  24D1
 Network Account Name: -
 Network Account Domain: -
 Logon GUID:  {27C4A2F2-13CA-AA25-E903-D31268740239}

Process Information:
 Process ID:  0x8F52
 Process Name:  C:\Windows\System32\example_g.exe

Network Information:
 Workstation Name: ACME-001
 Source Network Address: -
 Source Port:  52360

Detailed Authentication Information:
 Logon Process:  Winlogon 
 Authentication Package: Negotiate
 Transited Services: service_D
 Package Name (NTLM only): -
 Key Length:  0

This event is generated when a logon session is created. It is generated on the computer that was accessed.

The subject fields indicate the account on the local system which requested the logon. This is most commonly a service such as the Server service, or a local process such as DEE7A.exe or DEE7A.exe.

The logon type field indicates the kind of logon that occurred. The most common types are 2 (interactive) and 3 (network).

The New Logon fields indicate the account for whom the new logon was created, i.e. the account that was logged on.

The network fields indicate where a remote logon request originated. Workstation name is not always available and may be left blank in some cases.

The impersonation level field indicates the extent to which a process in the logon session can impersonate.

The authentication information fields provide detailed information about this specific logon request.
 - Logon GUID is a unique identifier that can be used to correlate this event with a KDC event.
 - Transited services indicate which intermediate services have participated in this logon request.
 - Package name indicates which sub-protocol was used among the NTLM protocols.
 - Key length indicates the length of the generated session key. This will be 0 if no session key was requested.


02/18/2020 03:43:10 AM
LogName=Security
SourceName= Microsoft Windows security auditing.
EventCode=4624
EventType=0
Type=Information
ComputerName=ACME-001
TaskCategory=Logon
OpCode=Info
RecordNumber=960574290
Keywords=Audit Success
Message=An account was successfully logged on.

Subject:
 Security ID:  Domain_A\SYSTEM
 Account Name:  ACME-001
 Account Domain:  Domain_A
 Logon ID:  0x70E4

Logon Information:
 Logon Type:  4
 Restricted Admin Mode: No
 Virtual Account:  No
 Elevated Token:  No

Impersonation Level:  Identification

New Logon:
 Security ID:  Domain_A\user_c
 Account Name:  user_c
 Account Domain:  Domain_A
 Logon ID:  0x5FC9
 Linked Logon ID:  D92B
 Network Account Name: user_h
 Network Account Domain: Domain_C
 Logon GUID:  {221B21A6-1AE2-3F9A-24EF-22C392AC2A47}

Process Information:
 Process ID:  0xF8C3
 Process Name:  C:\Windows\System32\example_f.exe

Network Information:
 Workstation Name: ACME-001
 Source Network Address: 58.68.98.57
 Source Port:  53955

Detailed Authentication Information:
 Logon Process:  logonProcess1 
 Authentication Package: Kerberos
 Transited Services: service_A
 Package Name (NTLM only): -
 Key Length:  0

This event is generated when a logon session is created. It is generated on the computer that was accessed.

The subject fields indicate the account on the local system which requested the logon. This is most commonly a service such as the Server service, or a local process such as 0832F.exe or 0832F.exe.

The logon type field indicates the kind of logon that occurred. The most common types are 2 (interactive) and 3 (network).

The New Logon fields indicate the account for whom the new logon was created, i.e. the account that was logged on.

The network fields indicate where a remote logon request originated. Workstation name is not always available and may be left blank in some cases.

The impersonation level field indicates the extent to which a process in the logon session can impersonate.

The authentication information fields provide detailed information about this specific logon request.
 - Logon GUID is a unique identifier that can be used to correlate this event with a KDC event.
 - Transited services indicate which intermediate services have participated in this logon request.
 - Package name indicates which sub-protocol was used among the NTLM protocols.
 - Key length indicates the length of the generated session key. This will be 0 if no session key was requested.


02/18/2020 03:43:09 AM
LogName=Security
SourceName= Microsoft Windows security auditing.
EventCode=4624
EventType=0
Type=Information
ComputerName=ACME-001
TaskCategory=Logon
OpCode=Info
RecordNumber=937504083
Keywords=Audit Success
Message=An account was successfully logged on.

Subject:
 Security ID:  Domain_A\SYSTEM
 Account Name:  ACME-001
 Account Domain:  Domain_A
 Logon ID:  0x70E4

Logon Information:
 Logon Type:  5
 Restricted Admin Mode: -
 Virtual Account:  Yes
 Elevated Token:  Yes

Impersonation Level:  Delegation

New Logon:
 Security ID:  Domain_A\user_b
 Account Name:  user_b
 Account Domain:  Domain_A
 Logon ID:  0x3A81
 Linked Logon ID:  84A7
 Network Account Name: user_j
 Network Account Domain: Domain_C
 Logon GUID:  {0887F1E4-39EA-D53C-804F-31D568A06274}

Process Information:
 Process ID:  0x3946
 Process Name:  C:\Windows\System32\example_b.exe

Network Information:
 Workstation Name: ACME-001
 Source Network Address: -
 Source Port:  46629

Detailed Authentication Information:
 Logon Process:  Winlogon 
 Authentication Package: Kerberos
 Transited Services: service_D
 Package Name (NTLM only): -
 Key Length:  0

This event is generated when a logon session is created. It is generated on the computer that was accessed.

The subject fields indicate the account on the local system which requested the logon. This is most commonly a service such as the Server service, or a local process such as 51BFD.exe or 51BFD.exe.

The logon type field indicates the kind of logon that occurred. The most common types are 2 (interactive) and 3 (network).

The New Logon fields indicate the account for whom the new logon was created, i.e. the account that was logged on.

The network fields indicate where a remote logon request originated. Workstation name is not always available and may be left blank in some cases.

The impersonation level field indicates the extent to which a process in the logon session can impersonate.

The authentication information fields provide detailed information about this specific logon request.
 - Logon GUID is a unique identifier that can be used to correlate this event with a KDC event.
 - Transited services indicate which intermediate services have participated in this logon request.
 - Package name indicates which sub-protocol was used among the NTLM protocols.
 - Key length indicates the length of the generated session key. This will be 0 if no session key was requested.


02/18/2020 03:38:42 AM
LogName=Security
SourceName= Microsoft Windows security auditing.
EventCode=4624
EventType=0
Type=Information
ComputerName=ACME-001
TaskCategory=Logon
OpCode=Info
RecordNumber=795399858
Keywords=Audit Success
Message=An account was successfully logged on.

Subject:
 Security ID:  Domain_A\SYSTEM
 Account Name:  ACME-001
 Account Domain:  Domain_A
 Logon ID:  0x70E4

Logon Information:
 Logon Type:  3
 Restricted Admin Mode: No
 Virtual Account:  Yes
 Elevated Token:  No

Impersonation Level:  Identification

New Logon:
 Security ID:  Domain_A\user_g
 Account Name:  user_g
 Account Domain:  Domain_A
 Logon ID:  0xEB5F
 Linked Logon ID:  8214
 Network Account Name: user_l
 Network Account Domain: Domain_B
 Logon GUID:  {0887F1E4-39EA-D53C-804F-31D568A06274}

Process Information:
 Process ID:  0xF34E
 Process Name:  C:\Windows\System32\example_f.exe

Network Information:
 Workstation Name: ACME-001
 Source Network Address: 234.221.229.184
 Source Port:  64400

Detailed Authentication Information:
 Logon Process:  User32 
 Authentication Package: Kerberos
 Transited Services: service_B
 Package Name (NTLM only): -
 Key Length:  0

This event is generated when a logon session is created. It is generated on the computer that was accessed.

The subject fields indicate the account on the local system which requested the logon. This is most commonly a service such as the Server service, or a local process such as 0EBA7.exe or 0EBA7.exe.

The logon type field indicates the kind of logon that occurred. The most common types are 2 (interactive) and 3 (network).

The New Logon fields indicate the account for whom the new logon was created, i.e. the account that was logged on.

The network fields indicate where a remote logon request originated. Workstation name is not always available and may be left blank in some cases.

The impersonation level field indicates the extent to which a process in the logon session can impersonate.

The authentication information fields provide detailed information about this specific logon request.
 - Logon GUID is a unique identifier that can be used to correlate this event with a KDC event.
 - Transited services indicate which intermediate services have participated in this logon request.
 - Package name indicates which sub-protocol was used among the NTLM protocols.
 - Key length indicates the length of the generated session key. This will be 0 if no session key was requested.


