02/18/2020 11:42:10 AM
LogName=Security
SourceName= Microsoft Windows security auditing.
EventCode=4624
EventType=0
Type=Information
ComputerName=ACME-001
TaskCategory=Logon
OpCode=Info
RecordNumber=492818717
Keywords=Audit Success
Message=An account was successfully logged on.

Subject:
 Security ID:  Domain_A\SYSTEM
 Account Name:  ACME-001
 Account Domain:  Domain_A
 Logon ID:  0x70E4

Logon Information:
 Logon Type:  5
 Restricted Admin Mode: No
 Virtual Account:  Yes
 Elevated Token:  No

Impersonation Level:  Impersonation

New Logon:
 Security ID:  Domain_A\user_i
 Account Name:  user_i
 Account Domain:  Domain_A
 Logon ID:  0x5F25
 Linked Logon ID:  3626
 Network Account Name: -
 Network Account Domain: -
 Logon GUID:  {0887F1E4-39EA-D53C-804F-31D568A06274}

Process Information:
 Process ID:  0xB225
 Process Name:  C:\Windows\System32\example_g.exe

Network Information:
 Workstation Name: ACME-001
 Source Network Address: 193.117.102.113
 Source Port:  64785

Detailed Authentication Information:
 Logon Process:  Winlogon 
 Authentication Package: Kerberos
 Transited Services: -
 Package Name (NTLM only): -
 Key Length:  0

This event is generated when a logon session is created. It is generated on the computer that was accessed.

The subject fields indicate the account on the local system which requested the logon. This is most commonly a service such as the Server service, or a local process such as F2ACE.exe or F2ACE.exe.

The logon type field indicates the kind of logon that occurred. The most common types are 2 (interactive) and 3 (network).

The New Logon fields indicate the account for whom the new logon was created, i.e. the account that was logged on.

The network fields indicate where a remote logon request originated. Workstation name is not always available and may be left blank in some cases.

The impersonation level field indicates the extent to which a process in the logon session can impersonate.

The authentication information fields provide detailed information about this specific logon request.
 - Logon GUID is a unique identifier that can be used to correlate this event with a KDC event.
 - Transited services indicate which intermediate services have participated in this logon request.
 - Package name indicates which sub-protocol was used among the NTLM protocols.
 - Key length indicates the length of the generated session key. This will be 0 if no session key was requested.


02/18/2020 11:34:36 AM
LogName=Security
SourceName= Microsoft Windows security auditing.
EventCode=4624
EventType=0
Type=Information
ComputerName=ACME-001
TaskCategory=Logon
OpCode=Info
RecordNumber=22414556
Keywords=Audit Success
Message=An account was successfully logged on.

Subject:
 Security ID:  Domain_A\SYSTEM
 Account Name:  ACME-001
 Account Domain:  Domain_A
 Logon ID:  0x70E4

Logon Information:
 Logon Type:  9
 Restricted Admin Mode: Yes
 Virtual Account:  Yes
 Elevated Token:  Yes

Impersonation Level:  Identification

New Logon:
 Security ID:  Domain_A\user_j
 Account Name:  user_j
 Account Domain:  Domain_A
 Logon ID:  0xB111
 Linked Logon ID:  BC96
 Network Account Name: user_c
 Network Account Domain: -
 Logon GUID:  {221B21A6-1AE2-3F9A-24EF-22C392AC2A47}

Process Information:
 Process ID:  0xB79D
 Process Name:  C:\Windows\System32\example_b.exe

Network Information:
 Workstation Name: ACME-001
 Source Network Address: 76.21.140.45
 Source Port:  14543

Detailed Authentication Information:
 Logon Process:  Winlogon 
 Authentication Package: Negotiate
 Transited Services: service_D
 Package Name (NTLM only): -
 Key Length:  0

This event is generated when a logon session is created. It is generated on the computer that was accessed.

The subject fields indicate the account on the local system which requested the logon. This is most commonly a service such as the Server service, or a local process such as 2AA72.exe or 2AA72.exe.

The logon type field indicates the kind of logon that occurred. The most common types are 2 (interactive) and 3 (network).

The New Logon fields indicate the account for whom the new logon was created, i.e. the account that was logged on.

The network fields indicate where a remote logon request originated. Workstation name is not always available and may be left blank in some cases.

The impersonation level field indicates the extent to which a process in the logon session can impersonate.

The authentication information fields provide detailed information about this specific logon request.
 - Logon GUID is a unique identifier that can be used to correlate this event with a KDC event.
 - Transited services indicate which intermediate services have participated in this logon request.
 - Package name indicates which sub-protocol was used among the NTLM protocols.
 - Key length indicates the length of the generated session key. This will be 0 if no session key was requested.


02/18/2020 11:31:02 AM
LogName=Security
SourceName= Microsoft Windows security auditing.
EventCode=4624
EventType=0
Type=Information
ComputerName=ACME-001
TaskCategory=Logon
OpCode=Info
RecordNumber=831582291
Keywords=Audit Success
Message=An account was successfully logged on.

Subject:
 Security ID:  Domain_A\SYSTEM
 Account Name:  ACME-001
 Account Domain:  Domain_A
 Logon ID:  0x70E4

Logon Information:
 Logon Type:  10
 Restricted Admin Mode: No
 Virtual Account:  No
 Elevated Token:  Yes

Impersonation Level:  Delegation

New Logon:
 Security ID:  Domain_A\user_f
 Account Name:  user_f
 Account Domain:  Domain_A
 Logon ID:  0xA369
 Linked Logon ID:  C536
 Network Account Name: -
 Network Account Domain: -
 Logon GUID:  {221B21A6-1AE2-3F9A-24EF-22C392AC2A47}

Process Information:
 Process ID:  0x46EE
 Process Name:  C:\Windows\System32\example_e.exe

Network Information:
 Workstation Name: ACME-001
 Source Network Address: 179.147.101.42
 Source Port:  42812

Detailed Authentication Information:
 Logon Process:  logonProcess1 
 Authentication Package: Kerberos
 Transited Services: service_B
 Package Name (NTLM only): -
 Key Length:  0

This event is generated when a logon session is created. It is generated on the computer that was accessed.

The subject fields indicate the account on the local system which requested the logon. This is most commonly a service such as the Server service, or a local process such as ACBCA.exe or ACBCA.exe.

The logon type field indicates the kind of logon that occurred. The most common types are 2 (interactive) and 3 (network).

The New Logon fields indicate the account for whom the new logon was created, i.e. the account that was logged on.

The network fields indicate where a remote logon request originated. Workstation name is not always available and may be left blank in some cases.

The impersonation level field indicates the extent to which a process in the logon session can impersonate.

The authentication information fields provide detailed information about this specific logon request.
 - Logon GUID is a unique identifier that can be used to correlate this event with a KDC event.
 - Transited services indicate which intermediate services have participated in this logon request.
 - Package name indicates which sub-protocol was used among the NTLM protocols.
 - Key length indicates the length of the generated session key. This will be 0 if no session key was requested.


02/18/2020 11:24:51 AM
LogName=Security
SourceName= Microsoft Windows security auditing.
EventCode=4624
EventType=0
Type=Information
ComputerName=ACME-001
TaskCategory=Logon
OpCode=Info
RecordNumber=808184737
Keywords=Audit Success
Message=An account was successfully logged on.

Subject:
 Security ID:  Domain_A\SYSTEM
 Account Name:  ACME-001
 Account Domain:  Domain_A
 Logon ID:  0x70E4

Logon Information:
 Logon Type:  3
 Restricted Admin Mode: No
 Virtual Account:  No
 Elevated Token:  Yes

Impersonation Level:  Impersonation

New Logon:
 Security ID:  Domain_A\user_g
 Account Name:  user_g
 Account Domain:  Domain_A
 Logon ID:  0xEB5F
 Linked Logon ID:  FCCA
 Network Account Name: user_g
 Network Account Domain: -
 Logon GUID:  {0887F1E4-39EA-D53C-804F-31D568A06274}

Process Information:
 Process ID:  0x96C6
 Process Name:  C:\Windows\System32\example_g.exe

Network Information:
 Workstation Name: ACME-001
 Source Network Address: 43.221.125.88
 Source Port:  52013

Detailed Authentication Information:
 Logon Process:  User32 
 Authentication Package: Negotiate
 Transited Services: service_A
 Package Name (NTLM only): -
 Key Length:  0

This event is generated when a logon session is created. It is generated on the computer that was accessed.

The subject fields indicate the account on the local system which requested the logon. This is most commonly a service such as the Server service, or a local process such as 3D429.exe or 3D429.exe.

The logon type field indicates the kind of logon that occurred. The most common types are 2 (interactive) and 3 (network).

The New Logon fields indicate the account for whom the new logon was created, i.e. the account that was logged on.

The network fields indicate where a remote logon request originated. Workstation name is not always available and may be left blank in some cases.

The impersonation level field indicates the extent to which a process in the logon session can impersonate.

The authentication information fields provide detailed information about this specific logon request.
 - Logon GUID is a unique identifier that can be used to correlate this event with a KDC event.
 - Transited services indicate which intermediate services have participated in this logon request.
 - Package name indicates which sub-protocol was used among the NTLM protocols.
 - Key length indicates the length of the generated session key. This will be 0 if no session key was requested.


02/18/2020 11:21:03 AM
LogName=Security
SourceName= Microsoft Windows security auditing.
EventCode=4624
EventType=0
Type=Information
ComputerName=ACME-001
TaskCategory=Logon
OpCode=Info
RecordNumber=487821544
Keywords=Audit Success
Message=An account was successfully logged on.

Subject:
 Security ID:  Domain_A\SYSTEM
 Account Name:  ACME-001
 Account Domain:  Domain_A
 Logon ID:  0x70E4

Logon Information:
 Logon Type:  9
 Restricted Admin Mode: -
 Virtual Account:  No
 Elevated Token:  No

Impersonation Level:  Delegation

New Logon:
 Security ID:  Domain_A\user_d
 Account Name:  user_d
 Account Domain:  Domain_A
 Logon ID:  0x3EC3
 Linked Logon ID:  6615
 Network Account Name: -
 Network Account Domain: Domain_D
 Logon GUID:  {27C4A2F2-13CA-AA25-E903-D31268740239}

Process Information:
 Process ID:  0x0818
 Process Name:  C:\Windows\System32\example_a.exe

Network Information:
 Workstation Name: ACME-001
 Source Network Address: -
 Source Port:  21974

Detailed Authentication Information:
 Logon Process:  logonProcess1 
 Authentication Package: Negotiate
 Transited Services: service_D
 Package Name (NTLM only): -
 Key Length:  0

This event is generated when a logon session is created. It is generated on the computer that was accessed.

The subject fields indicate the account on the local system which requested the logon. This is most commonly a service such as the Server service, or a local process such as 9C2E7.exe or 9C2E7.exe.

The logon type field indicates the kind of logon that occurred. The most common types are 2 (interactive) and 3 (network).

The New Logon fields indicate the account for whom the new logon was created, i.e. the account that was logged on.

The network fields indicate where a remote logon request originated. Workstation name is not always available and may be left blank in some cases.

The impersonation level field indicates the extent to which a process in the logon session can impersonate.

The authentication information fields provide detailed information about this specific logon request.
 - Logon GUID is a unique identifier that can be used to correlate this event with a KDC event.
 - Transited services indicate which intermediate services have participated in this logon request.
 - Package name indicates which sub-protocol was used among the NTLM protocols.
 - Key length indicates the length of the generated session key. This will be 0 if no session key was requested.


02/18/2020 11:18:26 AM
LogName=Security
SourceName= Microsoft Windows security auditing.
EventCode=4624
EventType=0
Type=Information
ComputerName=ACME-001
TaskCategory=Logon
OpCode=Info
RecordNumber=542317421
Keywords=Audit Success
Message=An account was successfully logged on.

Subject:
 Security ID:  Domain_A\SYSTEM
 Account Name:  ACME-001
 Account Domain:  Domain_A
 Logon ID:  0x70E4

Logon Information:
 Logon Type:  10
 Restricted Admin Mode: Yes
 Virtual Account:  Yes
 Elevated Token:  No

Impersonation Level:  Identification

New Logon:
 Security ID:  Domain_A\user_n
 Account Name:  user_n
 Account Domain:  Domain_A
 Logon ID:  0x4D76
 Linked Logon ID:  3390
 Network Account Name: -
 Network Account Domain: -
 Logon GUID:  {00000000-0000-0000-0000-000000000000}

Process Information:
 Process ID:  0x2645
 Process Name:  C:\Windows\System32\example_g.exe

Network Information:
 Workstation Name: ACME-001
 Source Network Address: -
 Source Port:  53732

Detailed Authentication Information:
 Logon Process:  Winlogon 
 Authentication Package: Kerberos
 Transited Services: service_B
 Package Name (NTLM only): -
 Key Length:  0

This event is generated when a logon session is created. It is generated on the computer that was accessed.

The subject fields indicate the account on the local system which requested the logon. This is most commonly a service such as the Server service, or a local process such as DDDEE.exe or DDDEE.exe.

The logon type field indicates the kind of logon that occurred. The most common types are 2 (interactive) and 3 (network).

The New Logon fields indicate the account for whom the new logon was created, i.e. the account that was logged on.

The network fields indicate where a remote logon request originated. Workstation name is not always available and may be left blank in some cases.

The impersonation level field indicates the extent to which a process in the logon session can impersonate.

The authentication information fields provide detailed information about this specific logon request.
 - Logon GUID is a unique identifier that can be used to correlate this event with a KDC event.
 - Transited services indicate which intermediate services have participated in this logon request.
 - Package name indicates which sub-protocol was used among the NTLM protocols.
 - Key length indicates the length of the generated session key. This will be 0 if no session key was requested.


02/18/2020 11:10:45 AM
LogName=Security
SourceName= Microsoft Windows security auditing.
EventCode=4624
EventType=0
Type=Information
ComputerName=ACME-001
TaskCategory=Logon
OpCode=Info
RecordNumber=758842968
Keywords=Audit Success
Message=An account was successfully logged on.

Subject:
 Security ID:  Domain_A\SYSTEM
 Account Name:  ACME-001
 Account Domain:  Domain_A
 Logon ID:  0x70E4

Logon Information:
 Logon Type:  7
 Restricted Admin Mode: Yes
 Virtual Account:  No
 Elevated Token:  Yes

Impersonation Level:  Identification

New Logon:
 Security ID:  Domain_A\user_f
 Account Name:  user_f
 Account Domain:  Domain_A
 Logon ID:  0xA369
 Linked Logon ID:  A8C6
 Network Account Name: -
 Network Account Domain: -
 Logon GUID:  {27C4A2F2-13CA-AA25-E903-D31268740239}

Process Information:
 Process ID:  0xAF6F
 Process Name:  C:\Windows\System32\example_c.exe

Network Information:
 Workstation Name: ACME-001
 Source Network Address: 156.166.55.193
 Source Port:  46920

Detailed Authentication Information:
 Logon Process:  logonProcess1 
 Authentication Package: Negotiate
 Transited Services: service_B
 Package Name (NTLM only): -
 Key Length:  0

This event is generated when a logon session is created. It is generated on the computer that was accessed.

The subject fields indicate the account on the local system which requested the logon. This is most commonly a service such as the Server service, or a local process such as 822C9.exe or 822C9.exe.

The logon type field indicates the kind of logon that occurred. The most common types are 2 (interactive) and 3 (network).

The New Logon fields indicate the account for whom the new logon was created, i.e. the account that was logged on.

The network fields indicate where a remote logon request originated. Workstation name is not always available and may be left blank in some cases.

The impersonation level field indicates the extent to which a process in the logon session can impersonate.

The authentication information fields provide detailed information about this specific logon request.
 - Logon GUID is a unique identifier that can be used to correlate this event with a KDC event.
 - Transited services indicate which intermediate services have participated in this logon request.
 - Package name indicates which sub-protocol was used among the NTLM protocols.
 - Key length indicates the length of the generated session key. This will be 0 if no session key was requested.


02/18/2020 10:57:44 AM
LogName=Security
SourceName= Microsoft Windows security auditing.
EventCode=4624
EventType=0
Type=Information
ComputerName=ACME-001
TaskCategory=Logon
OpCode=Info
RecordNumber=808520056
Keywords=Audit Success
Message=An account was successfully logged on.

Subject:
 Security ID:  Domain_A\SYSTEM
 Account Name:  ACME-001
 Account Domain:  Domain_A
 Logon ID:  0x70E4

Logon Information:
 Logon Type:  6
 Restricted Admin Mode: Yes
 Virtual Account:  Yes
 Elevated Token:  Yes

Impersonation Level:  Identification

New Logon:
 Security ID:  Domain_A\user_e
 Account Name:  user_e
 Account Domain:  Domain_A
 Logon ID:  0x0452
 Linked Logon ID:  CD3A
 Network Account Name: user_m
 Network Account Domain: Domain_E
 Logon GUID:  {27C4A2F2-13CA-AA25-E903-D31268740239}

Process Information:
 Process ID:  0xA0CE
 Process Name:  C:\Windows\System32\example_b.exe

Network Information:
 Workstation Name: ACME-001
 Source Network Address: 208.128.121.106
 Source Port:  51981

Detailed Authentication Information:
 Logon Process:  Winlogon 
 Authentication Package: Kerberos
 Transited Services: service_B
 Package Name (NTLM only): -
 Key Length:  0

This event is generated when a logon session is created. It is generated on the computer that was accessed.

The subject fields indicate the account on the local system which requested the logon. This is most commonly a service such as the Server service, or a local process such as 226E3.exe or 226E3.exe.

The logon type field indicates the kind of logon that occurred. The most common types are 2 (interactive) and 3 (network).

The New Logon fields indicate the account for whom the new logon was created, i.e. the account that was logged on.

The network fields indicate where a remote logon request originated. Workstation name is not always available and may be left blank in some cases.

The impersonation level field indicates the extent to which a process in the logon session can impersonate.

The authentication information fields provide detailed information about this specific logon request.
 - Logon GUID is a unique identifier that can be used to correlate this event with a KDC event.
 - Transited services indicate which intermediate services have participated in this logon request.
 - Package name indicates which sub-protocol was used among the NTLM protocols.
 - Key length indicates the length of the generated session key. This will be 0 if no session key was requested.


02/18/2020 10:54:36 AM
LogName=Security
SourceName= Microsoft Windows security auditing.
EventCode=4624
EventType=0
Type=Information
ComputerName=ACME-001
TaskCategory=Logon
OpCode=Info
RecordNumber=136608621
Keywords=Audit Success
Message=An account was successfully logged on.

Subject:
 Security ID:  Domain_A\SYSTEM
 Account Name:  ACME-001
 Account Domain:  Domain_A
 Logon ID:  0x70E4

Logon Information:
 Logon Type:  7
 Restricted Admin Mode: Yes
 Virtual Account:  No
 Elevated Token:  No

Impersonation Level:  Impersonation

New Logon:
 Security ID:  Domain_A\user_l
 Account Name:  user_l
 Account Domain:  Domain_A
 Logon ID:  0xAB37
 Linked Logon ID:  BEE2
 Network Account Name: -
 Network Account Domain: -
 Logon GUID:  {0887F1E4-39EA-D53C-804F-31D568A06274}

Process Information:
 Process ID:  0x20AE
 Process Name:  C:\Windows\System32\example_d.exe

Network Information:
 Workstation Name: ACME-001
 Source Network Address: -
 Source Port:  56776

Detailed Authentication Information:
 Logon Process:  Winlogon 
 Authentication Package: Negotiate
 Transited Services: service_D
 Package Name (NTLM only): -
 Key Length:  0

This event is generated when a logon session is created. It is generated on the computer that was accessed.

The subject fields indicate the account on the local system which requested the logon. This is most commonly a service such as the Server service, or a local process such as 9FF3C.exe or 9FF3C.exe.

The logon type field indicates the kind of logon that occurred. The most common types are 2 (interactive) and 3 (network).

The New Logon fields indicate the account for whom the new logon was created, i.e. the account that was logged on.

The network fields indicate where a remote logon request originated. Workstation name is not always available and may be left blank in some cases.

The impersonation level field indicates the extent to which a process in the logon session can impersonate.

The authentication information fields provide detailed information about this specific logon request.
 - Logon GUID is a unique identifier that can be used to correlate this event with a KDC event.
 - Transited services indicate which intermediate services have participated in this logon request.
 - Package name indicates which sub-protocol was used among the NTLM protocols.
 - Key length indicates the length of the generated session key. This will be 0 if no session key was requested.


02/18/2020 10:32:09 AM
LogName=Security
SourceName= Microsoft Windows security auditing.
EventCode=4624
EventType=0
Type=Information
ComputerName=ACME-001
TaskCategory=Logon
OpCode=Info
RecordNumber=312861400
Keywords=Audit Success
Message=An account was successfully logged on.

Subject:
 Security ID:  Domain_A\SYSTEM
 Account Name:  ACME-001
 Account Domain:  Domain_A
 Logon ID:  0x70E4

Logon Information:
 Logon Type:  10
 Restricted Admin Mode: Yes
 Virtual Account:  Yes
 Elevated Token:  No

Impersonation Level:  Identification

New Logon:
 Security ID:  Domain_A\user_h
 Account Name:  user_h
 Account Domain:  Domain_A
 Logon ID:  0xA19C
 Linked Logon ID:  11D7
 Network Account Name: user_l
 Network Account Domain: Domain_D
 Logon GUID:  {00000000-0000-0000-0000-000000000000}

Process Information:
 Process ID:  0x36E5
 Process Name:  C:\Windows\System32\example_c.exe

Network Information:
 Workstation Name: ACME-001
 Source Network Address: -
 Source Port:  42715

Detailed Authentication Information:
 Logon Process:  logonProcess1 
 Authentication Package: Kerberos
 Transited Services: -
 Package Name (NTLM only): -
 Key Length:  0

This event is generated when a logon session is created. It is generated on the computer that was accessed.

The subject fields indicate the account on the local system which requested the logon. This is most commonly a service such as the Server service, or a local process such as E3FA8.exe or E3FA8.exe.

The logon type field indicates the kind of logon that occurred. The most common types are 2 (interactive) and 3 (network).

The New Logon fields indicate the account for whom the new logon was created, i.e. the account that was logged on.

The network fields indicate where a remote logon request originated. Workstation name is not always available and may be left blank in some cases.

The impersonation level field indicates the extent to which a process in the logon session can impersonate.

The authentication information fields provide detailed information about this specific logon request.
 - Logon GUID is a unique identifier that can be used to correlate this event with a KDC event.
 - Transited services indicate which intermediate services have participated in this logon request.
 - Package name indicates which sub-protocol was used among the NTLM protocols.
 - Key length indicates the length of the generated session key. This will be 0 if no session key was requested.


02/18/2020 10:29:35 AM
LogName=Security
SourceName= Microsoft Windows security auditing.
EventCode=4624
EventType=0
Type=Information
ComputerName=ACME-001
TaskCategory=Logon
OpCode=Info
RecordNumber=113353649
Keywords=Audit Success
Message=An account was successfully logged on.

Subject:
 Security ID:  Domain_A\SYSTEM
 Account Name:  ACME-001
 Account Domain:  Domain_A
 Logon ID:  0x70E4

Logon Information:
 Logon Type:  5
 Restricted Admin Mode: -
 Virtual Account:  No
 Elevated Token:  Yes

Impersonation Level:  Impersonation

New Logon:
 Security ID:  Domain_A\user_d
 Account Name:  user_d
 Account Domain:  Domain_A
 Logon ID:  0x3EC3
 Linked Logon ID:  90B7
 Network Account Name: -
 Network Account Domain: -
 Logon GUID:  {0887F1E4-39EA-D53C-804F-31D568A06274}

Process Information:
 Process ID:  0xB32E
 Process Name:  C:\Windows\System32\example_c.exe

Network Information:
 Workstation Name: ACME-001
 Source Network Address: -
 Source Port:  36679

Detailed Authentication Information:
 Logon Process:  logonProcess1 
 Authentication Package: Kerberos
 Transited Services: service_A
 Package Name (NTLM only): -
 Key Length:  0

This event is generated when a logon session is created. It is generated on the computer that was accessed.

The subject fields indicate the account on the local system which requested the logon. This is most commonly a service such as the Server service, or a local process such as 3FC5C.exe or 3FC5C.exe.

The logon type field indicates the kind of logon that occurred. The most common types are 2 (interactive) and 3 (network).

The New Logon fields indicate the account for whom the new logon was created, i.e. the account that was logged on.

The network fields indicate where a remote logon request originated. Workstation name is not always available and may be left blank in some cases.

The impersonation level field indicates the extent to which a process in the logon session can impersonate.

The authentication information fields provide detailed information about this specific logon request.
 - Logon GUID is a unique identifier that can be used to correlate this event with a KDC event.
 - Transited services indicate which intermediate services have participated in this logon request.
 - Package name indicates which sub-protocol was used among the NTLM protocols.
 - Key length indicates the length of the generated session key. This will be 0 if no session key was requested.


02/18/2020 10:24:03 AM
LogName=Security
SourceName= Microsoft Windows security auditing.
EventCode=4624
EventType=0
Type=Information
ComputerName=ACME-001
TaskCategory=Logon
OpCode=Info
RecordNumber=170786942
Keywords=Audit Success
Message=An account was successfully logged on.

Subject:
 Security ID:  Domain_A\SYSTEM
 Account Name:  ACME-001
 Account Domain:  Domain_A
 Logon ID:  0x70E4

Logon Information:
 Logon Type:  7
 Restricted Admin Mode: No
 Virtual Account:  No
 Elevated Token:  Yes

Impersonation Level:  Identification

New Logon:
 Security ID:  Domain_A\user_f
 Account Name:  user_f
 Account Domain:  Domain_A
 Logon ID:  0xA369
 Linked Logon ID:  F418
 Network Account Name: user_g
 Network Account Domain: Domain_D
 Logon GUID:  {00000000-0000-0000-0000-000000000000}

Process Information:
 Process ID:  0xD734
 Process Name:  C:\Windows\System32\example_b.exe

Network Information:
 Workstation Name: ACME-001
 Source Network Address: -
 Source Port:  20246

Detailed Authentication Information:
 Logon Process:  Winlogon 
 Authentication Package: Kerberos
 Transited Services: service_A
 Package Name (NTLM only): -
 Key Length:  0

This event is generated when a logon session is created. It is generated on the computer that was accessed.

The subject fields indicate the account on the local system which requested the logon. This is most commonly a service such as the Server service, or a local process such as FD16B.exe or FD16B.exe.

The logon type field indicates the kind of logon that occurred. The most common types are 2 (interactive) and 3 (network).

The New Logon fields indicate the account for whom the new logon was created, i.e. the account that was logged on.

The network fields indicate where a remote logon request originated. Workstation name is not always available and may be left blank in some cases.

The impersonation level field indicates the extent to which a process in the logon session can impersonate.

The authentication information fields provide detailed information about this specific logon request.
 - Logon GUID is a unique identifier that can be used to correlate this event with a KDC event.
 - Transited services indicate which intermediate services have participated in this logon request.
 - Package name indicates which sub-protocol was used among the NTLM protocols.
 - Key length indicates the length of the generated session key. This will be 0 if no session key was requested.


02/18/2020 10:23:33 AM
LogName=Security
SourceName= Microsoft Windows security auditing.
EventCode=4624
EventType=0
Type=Information
ComputerName=ACME-001
TaskCategory=Logon
OpCode=Info
RecordNumber=673862814
Keywords=Audit Success
Message=An account was successfully logged on.

Subject:
 Security ID:  Domain_A\SYSTEM
 Account Name:  ACME-001
 Account Domain:  Domain_A
 Logon ID:  0x70E4

Logon Information:
 Logon Type:  2
 Restricted Admin Mode: No
 Virtual Account:  Yes
 Elevated Token:  No

Impersonation Level:  Identification

New Logon:
 Security ID:  Domain_A\user_g
 Account Name:  user_g
 Account Domain:  Domain_A
 Logon ID:  0xEB5F
 Linked Logon ID:  80F1
 Network Account Name: -
 Network Account Domain: Domain_B
 Logon GUID:  {27C4A2F2-13CA-AA25-E903-D31268740239}

Process Information:
 Process ID:  0x1FA9
 Process Name:  C:\Windows\System32\example_f.exe

Network Information:
 Workstation Name: ACME-001
 Source Network Address: 199.93.51.143
 Source Port:  24690

Detailed Authentication Information:
 Logon Process:  User32 
 Authentication Package: Kerberos
 Transited Services: service_B
 Package Name (NTLM only): -
 Key Length:  0

This event is generated when a logon session is created. It is generated on the computer that was accessed.

The subject fields indicate the account on the local system which requested the logon. This is most commonly a service such as the Server service, or a local process such as 082EA.exe or 082EA.exe.

The logon type field indicates the kind of logon that occurred. The most common types are 2 (interactive) and 3 (network).

The New Logon fields indicate the account for whom the new logon was created, i.e. the account that was logged on.

The network fields indicate where a remote logon request originated. Workstation name is not always available and may be left blank in some cases.

The impersonation level field indicates the extent to which a process in the logon session can impersonate.

The authentication information fields provide detailed information about this specific logon request.
 - Logon GUID is a unique identifier that can be used to correlate this event with a KDC event.
 - Transited services indicate which intermediate services have participated in this logon request.
 - Package name indicates which sub-protocol was used among the NTLM protocols.
 - Key length indicates the length of the generated session key. This will be 0 if no session key was requested.


02/18/2020 10:19:29 AM
LogName=Security
SourceName= Microsoft Windows security auditing.
EventCode=4624
EventType=0
Type=Information
ComputerName=ACME-001
TaskCategory=Logon
OpCode=Info
RecordNumber=752078779
Keywords=Audit Success
Message=An account was successfully logged on.

Subject:
 Security ID:  Domain_A\SYSTEM
 Account Name:  ACME-001
 Account Domain:  Domain_A
 Logon ID:  0x70E4

Logon Information:
 Logon Type:  5
 Restricted Admin Mode: Yes
 Virtual Account:  Yes
 Elevated Token:  No

Impersonation Level:  Identification

New Logon:
 Security ID:  Domain_A\user_k
 Account Name:  user_k
 Account Domain:  Domain_A
 Logon ID:  0xBAC3
 Linked Logon ID:  388A
 Network Account Name: user_g
 Network Account Domain: -
 Logon GUID:  {0887F1E4-39EA-D53C-804F-31D568A06274}

Process Information:
 Process ID:  0x81BB
 Process Name:  C:\Windows\System32\example_d.exe

Network Information:
 Workstation Name: ACME-001
 Source Network Address: 3.115.33.1
 Source Port:  50757

Detailed Authentication Information:
 Logon Process:  logonProcess1 
 Authentication Package: Kerberos
 Transited Services: service_D
 Package Name (NTLM only): -
 Key Length:  0

This event is generated when a logon session is created. It is generated on the computer that was accessed.

The subject fields indicate the account on the local system which requested the logon. This is most commonly a service such as the Server service, or a local process such as 94AA9.exe or 94AA9.exe.

The logon type field indicates the kind of logon that occurred. The most common types are 2 (interactive) and 3 (network).

The New Logon fields indicate the account for whom the new logon was created, i.e. the account that was logged on.

The network fields indicate where a remote logon request originated. Workstation name is not always available and may be left blank in some cases.

The impersonation level field indicates the extent to which a process in the logon session can impersonate.

The authentication information fields provide detailed information about this specific logon request.
 - Logon GUID is a unique identifier that can be used to correlate this event with a KDC event.
 - Transited services indicate which intermediate services have participated in this logon request.
 - Package name indicates which sub-protocol was used among the NTLM protocols.
 - Key length indicates the length of the generated session key. This will be 0 if no session key was requested.


02/18/2020 10:14:00 AM
LogName=Security
SourceName= Microsoft Windows security auditing.
EventCode=4624
EventType=0
Type=Information
ComputerName=ACME-001
TaskCategory=Logon
OpCode=Info
RecordNumber=924295563
Keywords=Audit Success
Message=An account was successfully logged on.

Subject:
 Security ID:  Domain_A\SYSTEM
 Account Name:  ACME-001
 Account Domain:  Domain_A
 Logon ID:  0x70E4

Logon Information:
 Logon Type:  7
 Restricted Admin Mode: -
 Virtual Account:  No
 Elevated Token:  No

Impersonation Level:  Identification

New Logon:
 Security ID:  Domain_A\user_n
 Account Name:  user_n
 Account Domain:  Domain_A
 Logon ID:  0x4D76
 Linked Logon ID:  7FB0
 Network Account Name: -
 Network Account Domain: Domain_C
 Logon GUID:  {27C4A2F2-13CA-AA25-E903-D31268740239}

Process Information:
 Process ID:  0xA83D
 Process Name:  C:\Windows\System32\example_c.exe

Network Information:
 Workstation Name: ACME-001
 Source Network Address: 115.182.135.170
 Source Port:  34303

Detailed Authentication Information:
 Logon Process:  Winlogon 
 Authentication Package: Negotiate
 Transited Services: service_A
 Package Name (NTLM only): -
 Key Length:  0

This event is generated when a logon session is created. It is generated on the computer that was accessed.

The subject fields indicate the account on the local system which requested the logon. This is most commonly a service such as the Server service, or a local process such as 0ED2F.exe or 0ED2F.exe.

The logon type field indicates the kind of logon that occurred. The most common types are 2 (interactive) and 3 (network).

The New Logon fields indicate the account for whom the new logon was created, i.e. the account that was logged on.

The network fields indicate where a remote logon request originated. Workstation name is not always available and may be left blank in some cases.

The impersonation level field indicates the extent to which a process in the logon session can impersonate.

The authentication information fields provide detailed information about this specific logon request.
 - Logon GUID is a unique identifier that can be used to correlate this event with a KDC event.
 - Transited services indicate which intermediate services have participated in this logon request.
 - Package name indicates which sub-protocol was used among the NTLM protocols.
 - Key length indicates the length of the generated session key. This will be 0 if no session key was requested.


02/18/2020 10:09:03 AM
LogName=Security
SourceName= Microsoft Windows security auditing.
EventCode=4624
EventType=0
Type=Information
ComputerName=ACME-001
TaskCategory=Logon
OpCode=Info
RecordNumber=666495736
Keywords=Audit Success
Message=An account was successfully logged on.

Subject:
 Security ID:  Domain_A\SYSTEM
 Account Name:  ACME-001
 Account Domain:  Domain_A
 Logon ID:  0x70E4

Logon Information:
 Logon Type:  4
 Restricted Admin Mode: Yes
 Virtual Account:  Yes
 Elevated Token:  No

Impersonation Level:  Identification

New Logon:
 Security ID:  Domain_A\user_h
 Account Name:  user_h
 Account Domain:  Domain_A
 Logon ID:  0xA19C
 Linked Logon ID:  4281
 Network Account Name: user_i
 Network Account Domain: -
 Logon GUID:  {27C4A2F2-13CA-AA25-E903-D31268740239}

Process Information:
 Process ID:  0xE4D9
 Process Name:  C:\Windows\System32\example_c.exe

Network Information:
 Workstation Name: ACME-001
 Source Network Address: -
 Source Port:  44220

Detailed Authentication Information:
 Logon Process:  User32 
 Authentication Package: Kerberos
 Transited Services: service_A
 Package Name (NTLM only): -
 Key Length:  0

This event is generated when a logon session is created. It is generated on the computer that was accessed.

The subject fields indicate the account on the local system which requested the logon. This is most commonly a service such as the Server service, or a local process such as 0AACC.exe or 0AACC.exe.

The logon type field indicates the kind of logon that occurred. The most common types are 2 (interactive) and 3 (network).

The New Logon fields indicate the account for whom the new logon was created, i.e. the account that was logged on.

The network fields indicate where a remote logon request originated. Workstation name is not always available and may be left blank in some cases.

The impersonation level field indicates the extent to which a process in the logon session can impersonate.

The authentication information fields provide detailed information about this specific logon request.
 - Logon GUID is a unique identifier that can be used to correlate this event with a KDC event.
 - Transited services indicate which intermediate services have participated in this logon request.
 - Package name indicates which sub-protocol was used among the NTLM protocols.
 - Key length indicates the length of the generated session key. This will be 0 if no session key was requested.


02/18/2020 10:08:51 AM
LogName=Security
SourceName= Microsoft Windows security auditing.
EventCode=4624
EventType=0
Type=Information
ComputerName=ACME-001
TaskCategory=Logon
OpCode=Info
RecordNumber=815346242
Keywords=Audit Success
Message=An account was successfully logged on.

Subject:
 Security ID:  Domain_A\SYSTEM
 Account Name:  ACME-001
 Account Domain:  Domain_A
 Logon ID:  0x70E4

Logon Information:
 Logon Type:  4
 Restricted Admin Mode: No
 Virtual Account:  No
 Elevated Token:  No

Impersonation Level:  Identification

New Logon:
 Security ID:  Domain_A\user_m
 Account Name:  user_m
 Account Domain:  Domain_A
 Logon ID:  0x46BA
 Linked Logon ID:  E3AA
 Network Account Name: -
 Network Account Domain: -
 Logon GUID:  {221B21A6-1AE2-3F9A-24EF-22C392AC2A47}

Process Information:
 Process ID:  0xB6C3
 Process Name:  C:\Windows\System32\example_g.exe

Network Information:
 Workstation Name: ACME-001
 Source Network Address: -
 Source Port:  46287

Detailed Authentication Information:
 Logon Process:  logonProcess1 
 Authentication Package: Kerberos
 Transited Services: service_B
 Package Name (NTLM only): -
 Key Length:  0

This event is generated when a logon session is created. It is generated on the computer that was accessed.

The subject fields indicate the account on the local system which requested the logon. This is most commonly a service such as the Server service, or a local process such as 173E0.exe or 173E0.exe.

The logon type field indicates the kind of logon that occurred. The most common types are 2 (interactive) and 3 (network).

The New Logon fields indicate the account for whom the new logon was created, i.e. the account that was logged on.

The network fields indicate where a remote logon request originated. Workstation name is not always available and may be left blank in some cases.

The impersonation level field indicates the extent to which a process in the logon session can impersonate.

The authentication information fields provide detailed information about this specific logon request.
 - Logon GUID is a unique identifier that can be used to correlate this event with a KDC event.
 - Transited services indicate which intermediate services have participated in this logon request.
 - Package name indicates which sub-protocol was used among the NTLM protocols.
 - Key length indicates the length of the generated session key. This will be 0 if no session key was requested.


02/18/2020 10:07:38 AM
LogName=Security
SourceName= Microsoft Windows security auditing.
EventCode=4624
EventType=0
Type=Information
ComputerName=ACME-001
TaskCategory=Logon
OpCode=Info
RecordNumber=955567040
Keywords=Audit Success
Message=An account was successfully logged on.

Subject:
 Security ID:  Domain_A\SYSTEM
 Account Name:  ACME-001
 Account Domain:  Domain_A
 Logon ID:  0x70E4

Logon Information:
 Logon Type:  8
 Restricted Admin Mode: No
 Virtual Account:  Yes
 Elevated Token:  Yes

Impersonation Level:  Impersonation

New Logon:
 Security ID:  Domain_A\user_d
 Account Name:  user_d
 Account Domain:  Domain_A
 Logon ID:  0x3EC3
 Linked Logon ID:  D191
 Network Account Name: -
 Network Account Domain: -
 Logon GUID:  {221B21A6-1AE2-3F9A-24EF-22C392AC2A47}

Process Information:
 Process ID:  0x731A
 Process Name:  C:\Windows\System32\example_d.exe

Network Information:
 Workstation Name: ACME-001
 Source Network Address: 121.105.235.49
 Source Port:  19716

Detailed Authentication Information:
 Logon Process:  User32 
 Authentication Package: Kerberos
 Transited Services: service_D
 Package Name (NTLM only): -
 Key Length:  0

This event is generated when a logon session is created. It is generated on the computer that was accessed.

The subject fields indicate the account on the local system which requested the logon. This is most commonly a service such as the Server service, or a local process such as 832E5.exe or 832E5.exe.

The logon type field indicates the kind of logon that occurred. The most common types are 2 (interactive) and 3 (network).

The New Logon fields indicate the account for whom the new logon was created, i.e. the account that was logged on.

The network fields indicate where a remote logon request originated. Workstation name is not always available and may be left blank in some cases.

The impersonation level field indicates the extent to which a process in the logon session can impersonate.

The authentication information fields provide detailed information about this specific logon request.
 - Logon GUID is a unique identifier that can be used to correlate this event with a KDC event.
 - Transited services indicate which intermediate services have participated in this logon request.
 - Package name indicates which sub-protocol was used among the NTLM protocols.
 - Key length indicates the length of the generated session key. This will be 0 if no session key was requested.


02/18/2020 10:06:47 AM
LogName=Security
SourceName= Microsoft Windows security auditing.
EventCode=4624
EventType=0
Type=Information
ComputerName=ACME-001
TaskCategory=Logon
OpCode=Info
RecordNumber=546578925
Keywords=Audit Success
Message=An account was successfully logged on.

Subject:
 Security ID:  Domain_A\SYSTEM
 Account Name:  ACME-001
 Account Domain:  Domain_A
 Logon ID:  0x70E4

Logon Information:
 Logon Type:  8
 Restricted Admin Mode: -
 Virtual Account:  No
 Elevated Token:  Yes

Impersonation Level:  Identification

New Logon:
 Security ID:  Domain_A\user_d
 Account Name:  user_d
 Account Domain:  Domain_A
 Logon ID:  0x3EC3
 Linked Logon ID:  5FE6
 Network Account Name: -
 Network Account Domain: -
 Logon GUID:  {00000000-0000-0000-0000-000000000000}

Process Information:
 Process ID:  0x09DC
 Process Name:  C:\Windows\System32\example_a.exe

Network Information:
 Workstation Name: ACME-001
 Source Network Address: 154.1.186.124
 Source Port:  43480

Detailed Authentication Information:
 Logon Process:  logonProcess1 
 Authentication Package: Kerberos
 Transited Services: service_B
 Package Name (NTLM only): -
 Key Length:  0

This event is generated when a logon session is created. It is generated on the computer that was accessed.

The subject fields indicate the account on the local system which requested the logon. This is most commonly a service such as the Server service, or a local process such as 7F8CD.exe or 7F8CD.exe.

The logon type field indicates the kind of logon that occurred. The most common types are 2 (interactive) and 3 (network).

The New Logon fields indicate the account for whom the new logon was created, i.e. the account that was logged on.

The network fields indicate where a remote logon request originated. Workstation name is not always available and may be left blank in some cases.

The impersonation level field indicates the extent to which a process in the logon session can impersonate.

The authentication information fields provide detailed information about this specific logon request.
 - Logon GUID is a unique identifier that can be used to correlate this event with a KDC event.
 - Transited services indicate which intermediate services have participated in this logon request.
 - Package name indicates which sub-protocol was used among the NTLM protocols.
 - Key length indicates the length of the generated session key. This will be 0 if no session key was requested.


02/18/2020 10:06:46 AM
LogName=Security
SourceName= Microsoft Windows security auditing.
EventCode=4624
EventType=0
Type=Information
ComputerName=ACME-001
TaskCategory=Logon
OpCode=Info
RecordNumber=203886531
Keywords=Audit Success
Message=An account was successfully logged on.

Subject:
 Security ID:  Domain_A\SYSTEM
 Account Name:  ACME-001
 Account Domain:  Domain_A
 Logon ID:  0x70E4

Logon Information:
 Logon Type:  11
 Restricted Admin Mode: Yes
 Virtual Account:  No
 Elevated Token:  Yes

Impersonation Level:  Delegation

New Logon:
 Security ID:  Domain_A\user_a
 Account Name:  user_a
 Account Domain:  Domain_A
 Logon ID:  0x6C10
 Linked Logon ID:  9502
 Network Account Name: -
 Network Account Domain: Domain_C
 Logon GUID:  {221B21A6-1AE2-3F9A-24EF-22C392AC2A47}

Process Information:
 Process ID:  0xA183
 Process Name:  C:\Windows\System32\example_c.exe

Network Information:
 Workstation Name: ACME-001
 Source Network Address: 77.103.140.33
 Source Port:  24905

Detailed Authentication Information:
 Logon Process:  logonProcess1 
 Authentication Package: Negotiate
 Transited Services: service_B
 Package Name (NTLM only): -
 Key Length:  0

This event is generated when a logon session is created. It is generated on the computer that was accessed.

The subject fields indicate the account on the local system which requested the logon. This is most commonly a service such as the Server service, or a local process such as C5462.exe or C5462.exe.

The logon type field indicates the kind of logon that occurred. The most common types are 2 (interactive) and 3 (network).

The New Logon fields indicate the account for whom the new logon was created, i.e. the account that was logged on.

The network fields indicate where a remote logon request originated. Workstation name is not always available and may be left blank in some cases.

The impersonation level field indicates the extent to which a process in the logon session can impersonate.

The authentication information fields provide detailed information about this specific logon request.
 - Logon GUID is a unique identifier that can be used to correlate this event with a KDC event.
 - Transited services indicate which intermediate services have participated in this logon request.
 - Package name indicates which sub-protocol was used among the NTLM protocols.
 - Key length indicates the length of the generated session key. This will be 0 if no session key was requested.


