02/18/2020 05:36:31 PM
LogName=Security
SourceName= Microsoft Windows security auditing.
EventCode=4624
EventType=0
Type=Information
ComputerName=ACME-001
TaskCategory=Logon
OpCode=Info
RecordNumber=417575681
Keywords=Audit Success
Message=An account was successfully logged on.

Subject:
 Security ID:  Domain_A\SYSTEM
 Account Name:  ACME-001
 Account Domain:  Domain_A
 Logon ID:  0x70E4

Logon Information:
 Logon Type:  9
 Restricted Admin Mode: No
 Virtual Account:  No
 Elevated Token:  No

Impersonation Level:  Delegation

New Logon:
 Security ID:  Domain_A\user_i
 Account Name:  user_i
 Account Domain:  Domain_A
 Logon ID:  0x5F25
 Linked Logon ID:  92C1
 Network Account Name: user_i
 Network Account Domain: -
 Logon GUID:  {221B21A6-1AE2-3F9A-24EF-22C392AC2A47}

Process Information:
 Process ID:  0xE424
 Process Name:  C:\Windows\System32\example_d.exe

Network Information:
 Workstation Name: ACME-001
 Source Network Address: -
 Source Port:  48724

Detailed Authentication Information:
 Logon Process:  Winlogon 
 Authentication Package: Negotiate
 Transited Services: -
 Package Name (NTLM only): -
 Key Length:  0

This event is generated when a logon session is created. It is generated on the computer that was accessed.

The subject fields indicate the account on the local system which requested the logon. This is most commonly a service such as the Server service, or a local process such as C5D56.exe or C5D56.exe.

The logon type field indicates the kind of logon that occurred. The most common types are 2 (interactive) and 3 (network).

The New Logon fields indicate the account for whom the new logon was created, i.e. the account that was logged on.

The network fields indicate where a remote logon request originated. Workstation name is not always available and may be left blank in some cases.

The impersonation level field indicates the extent to which a process in the logon session can impersonate.

The authentication information fields provide detailed information about this specific logon request.
 - Logon GUID is a unique identifier that can be used to correlate this event with a KDC event.
 - Transited services indicate which intermediate services have participated in this logon request.
 - Package name indicates which sub-protocol was used among the NTLM protocols.
 - Key length indicates the length of the generated session key. This will be 0 if no session key was requested.


02/18/2020 05:33:09 PM
LogName=Security
SourceName= Microsoft Windows security auditing.
EventCode=4624
EventType=0
Type=Information
ComputerName=ACME-001
TaskCategory=Logon
OpCode=Info
RecordNumber=124936012
Keywords=Audit Success
Message=An account was successfully logged on.

Subject:
 Security ID:  Domain_A\SYSTEM
 Account Name:  ACME-001
 Account Domain:  Domain_A
 Logon ID:  0x70E4

Logon Information:
 Logon Type:  5
 Restricted Admin Mode: -
 Virtual Account:  No
 Elevated Token:  Yes

Impersonation Level:  Identification

New Logon:
 Security ID:  Domain_A\user_k
 Account Name:  user_k
 Account Domain:  Domain_A
 Logon ID:  0xBAC3
 Linked Logon ID:  CCC8
 Network Account Name: user_j
 Network Account Domain: Domain_D
 Logon GUID:  {00000000-0000-0000-0000-000000000000}

Process Information:
 Process ID:  0xB2F7
 Process Name:  C:\Windows\System32\example_c.exe

Network Information:
 Workstation Name: ACME-001
 Source Network Address: 189.216.54.240
 Source Port:  63636

Detailed Authentication Information:
 Logon Process:  User32 
 Authentication Package: Negotiate
 Transited Services: service_B
 Package Name (NTLM only): -
 Key Length:  0

This event is generated when a logon session is created. It is generated on the computer that was accessed.

The subject fields indicate the account on the local system which requested the logon. This is most commonly a service such as the Server service, or a local process such as 8C525.exe or 8C525.exe.

The logon type field indicates the kind of logon that occurred. The most common types are 2 (interactive) and 3 (network).

The New Logon fields indicate the account for whom the new logon was created, i.e. the account that was logged on.

The network fields indicate where a remote logon request originated. Workstation name is not always available and may be left blank in some cases.

The impersonation level field indicates the extent to which a process in the logon session can impersonate.

The authentication information fields provide detailed information about this specific logon request.
 - Logon GUID is a unique identifier that can be used to correlate this event with a KDC event.
 - Transited services indicate which intermediate services have participated in this logon request.
 - Package name indicates which sub-protocol was used among the NTLM protocols.
 - Key length indicates the length of the generated session key. This will be 0 if no session key was requested.


02/18/2020 05:26:09 PM
LogName=Security
SourceName= Microsoft Windows security auditing.
EventCode=4624
EventType=0
Type=Information
ComputerName=ACME-001
TaskCategory=Logon
OpCode=Info
RecordNumber=654719314
Keywords=Audit Success
Message=An account was successfully logged on.

Subject:
 Security ID:  Domain_A\SYSTEM
 Account Name:  ACME-001
 Account Domain:  Domain_A
 Logon ID:  0x70E4

Logon Information:
 Logon Type:  8
 Restricted Admin Mode: -
 Virtual Account:  No
 Elevated Token:  No

Impersonation Level:  Delegation

New Logon:
 Security ID:  Domain_A\user_i
 Account Name:  user_i
 Account Domain:  Domain_A
 Logon ID:  0x5F25
 Linked Logon ID:  0094
 Network Account Name: user_c
 Network Account Domain: -
 Logon GUID:  {221B21A6-1AE2-3F9A-24EF-22C392AC2A47}

Process Information:
 Process ID:  0x4450
 Process Name:  C:\Windows\System32\example_c.exe

Network Information:
 Workstation Name: ACME-001
 Source Network Address: 0.17.70.155
 Source Port:  23428

Detailed Authentication Information:
 Logon Process:  Winlogon 
 Authentication Package: Kerberos
 Transited Services: service_A
 Package Name (NTLM only): -
 Key Length:  0

This event is generated when a logon session is created. It is generated on the computer that was accessed.

The subject fields indicate the account on the local system which requested the logon. This is most commonly a service such as the Server service, or a local process such as F3604.exe or F3604.exe.

The logon type field indicates the kind of logon that occurred. The most common types are 2 (interactive) and 3 (network).

The New Logon fields indicate the account for whom the new logon was created, i.e. the account that was logged on.

The network fields indicate where a remote logon request originated. Workstation name is not always available and may be left blank in some cases.

The impersonation level field indicates the extent to which a process in the logon session can impersonate.

The authentication information fields provide detailed information about this specific logon request.
 - Logon GUID is a unique identifier that can be used to correlate this event with a KDC event.
 - Transited services indicate which intermediate services have participated in this logon request.
 - Package name indicates which sub-protocol was used among the NTLM protocols.
 - Key length indicates the length of the generated session key. This will be 0 if no session key was requested.


02/18/2020 05:25:59 PM
LogName=Security
SourceName= Microsoft Windows security auditing.
EventCode=4624
EventType=0
Type=Information
ComputerName=ACME-001
TaskCategory=Logon
OpCode=Info
RecordNumber=407098679
Keywords=Audit Success
Message=An account was successfully logged on.

Subject:
 Security ID:  Domain_A\SYSTEM
 Account Name:  ACME-001
 Account Domain:  Domain_A
 Logon ID:  0x70E4

Logon Information:
 Logon Type:  2
 Restricted Admin Mode: -
 Virtual Account:  Yes
 Elevated Token:  No

Impersonation Level:  Delegation

New Logon:
 Security ID:  Domain_A\user_h
 Account Name:  user_h
 Account Domain:  Domain_A
 Logon ID:  0xA19C
 Linked Logon ID:  C183
 Network Account Name: user_l
 Network Account Domain: Domain_A
 Logon GUID:  {27C4A2F2-13CA-AA25-E903-D31268740239}

Process Information:
 Process ID:  0x97A2
 Process Name:  C:\Windows\System32\example_d.exe

Network Information:
 Workstation Name: ACME-001
 Source Network Address: 32.227.147.30
 Source Port:  51118

Detailed Authentication Information:
 Logon Process:  User32 
 Authentication Package: Kerberos
 Transited Services: service_D
 Package Name (NTLM only): -
 Key Length:  0

This event is generated when a logon session is created. It is generated on the computer that was accessed.

The subject fields indicate the account on the local system which requested the logon. This is most commonly a service such as the Server service, or a local process such as 80BF8.exe or 80BF8.exe.

The logon type field indicates the kind of logon that occurred. The most common types are 2 (interactive) and 3 (network).

The New Logon fields indicate the account for whom the new logon was created, i.e. the account that was logged on.

The network fields indicate where a remote logon request originated. Workstation name is not always available and may be left blank in some cases.

The impersonation level field indicates the extent to which a process in the logon session can impersonate.

The authentication information fields provide detailed information about this specific logon request.
 - Logon GUID is a unique identifier that can be used to correlate this event with a KDC event.
 - Transited services indicate which intermediate services have participated in this logon request.
 - Package name indicates which sub-protocol was used among the NTLM protocols.
 - Key length indicates the length of the generated session key. This will be 0 if no session key was requested.


02/18/2020 05:25:19 PM
LogName=Security
SourceName= Microsoft Windows security auditing.
EventCode=4624
EventType=0
Type=Information
ComputerName=ACME-001
TaskCategory=Logon
OpCode=Info
RecordNumber=564696038
Keywords=Audit Success
Message=An account was successfully logged on.

Subject:
 Security ID:  Domain_A\SYSTEM
 Account Name:  ACME-001
 Account Domain:  Domain_A
 Logon ID:  0x70E4

Logon Information:
 Logon Type:  9
 Restricted Admin Mode: Yes
 Virtual Account:  Yes
 Elevated Token:  No

Impersonation Level:  Delegation

New Logon:
 Security ID:  Domain_A\user_k
 Account Name:  user_k
 Account Domain:  Domain_A
 Logon ID:  0xBAC3
 Linked Logon ID:  0E7F
 Network Account Name: -
 Network Account Domain: -
 Logon GUID:  {221B21A6-1AE2-3F9A-24EF-22C392AC2A47}

Process Information:
 Process ID:  0x7EF6
 Process Name:  C:\Windows\System32\example_d.exe

Network Information:
 Workstation Name: ACME-001
 Source Network Address: -
 Source Port:  24998

Detailed Authentication Information:
 Logon Process:  Winlogon 
 Authentication Package: Kerberos
 Transited Services: -
 Package Name (NTLM only): -
 Key Length:  0

This event is generated when a logon session is created. It is generated on the computer that was accessed.

The subject fields indicate the account on the local system which requested the logon. This is most commonly a service such as the Server service, or a local process such as F6129.exe or F6129.exe.

The logon type field indicates the kind of logon that occurred. The most common types are 2 (interactive) and 3 (network).

The New Logon fields indicate the account for whom the new logon was created, i.e. the account that was logged on.

The network fields indicate where a remote logon request originated. Workstation name is not always available and may be left blank in some cases.

The impersonation level field indicates the extent to which a process in the logon session can impersonate.

The authentication information fields provide detailed information about this specific logon request.
 - Logon GUID is a unique identifier that can be used to correlate this event with a KDC event.
 - Transited services indicate which intermediate services have participated in this logon request.
 - Package name indicates which sub-protocol was used among the NTLM protocols.
 - Key length indicates the length of the generated session key. This will be 0 if no session key was requested.


02/18/2020 05:21:11 PM
LogName=Security
SourceName= Microsoft Windows security auditing.
EventCode=4624
EventType=0
Type=Information
ComputerName=ACME-001
TaskCategory=Logon
OpCode=Info
RecordNumber=724174081
Keywords=Audit Success
Message=An account was successfully logged on.

Subject:
 Security ID:  Domain_A\SYSTEM
 Account Name:  ACME-001
 Account Domain:  Domain_A
 Logon ID:  0x70E4

Logon Information:
 Logon Type:  2
 Restricted Admin Mode: -
 Virtual Account:  No
 Elevated Token:  No

Impersonation Level:  Delegation

New Logon:
 Security ID:  Domain_A\user_g
 Account Name:  user_g
 Account Domain:  Domain_A
 Logon ID:  0xEB5F
 Linked Logon ID:  3D67
 Network Account Name: user_b
 Network Account Domain: Domain_C
 Logon GUID:  {221B21A6-1AE2-3F9A-24EF-22C392AC2A47}

Process Information:
 Process ID:  0xE7F6
 Process Name:  C:\Windows\System32\example_g.exe

Network Information:
 Workstation Name: ACME-001
 Source Network Address: -
 Source Port:  52926

Detailed Authentication Information:
 Logon Process:  logonProcess1 
 Authentication Package: Negotiate
 Transited Services: -
 Package Name (NTLM only): -
 Key Length:  0

This event is generated when a logon session is created. It is generated on the computer that was accessed.

The subject fields indicate the account on the local system which requested the logon. This is most commonly a service such as the Server service, or a local process such as 0D711.exe or 0D711.exe.

The logon type field indicates the kind of logon that occurred. The most common types are 2 (interactive) and 3 (network).

The New Logon fields indicate the account for whom the new logon was created, i.e. the account that was logged on.

The network fields indicate where a remote logon request originated. Workstation name is not always available and may be left blank in some cases.

The impersonation level field indicates the extent to which a process in the logon session can impersonate.

The authentication information fields provide detailed information about this specific logon request.
 - Logon GUID is a unique identifier that can be used to correlate this event with a KDC event.
 - Transited services indicate which intermediate services have participated in this logon request.
 - Package name indicates which sub-protocol was used among the NTLM protocols.
 - Key length indicates the length of the generated session key. This will be 0 if no session key was requested.


02/18/2020 05:12:54 PM
LogName=Security
SourceName= Microsoft Windows security auditing.
EventCode=4624
EventType=0
Type=Information
ComputerName=ACME-001
TaskCategory=Logon
OpCode=Info
RecordNumber=587492203
Keywords=Audit Success
Message=An account was successfully logged on.

Subject:
 Security ID:  Domain_A\SYSTEM
 Account Name:  ACME-001
 Account Domain:  Domain_A
 Logon ID:  0x70E4

Logon Information:
 Logon Type:  4
 Restricted Admin Mode: No
 Virtual Account:  Yes
 Elevated Token:  Yes

Impersonation Level:  Delegation

New Logon:
 Security ID:  Domain_A\user_d
 Account Name:  user_d
 Account Domain:  Domain_A
 Logon ID:  0x3EC3
 Linked Logon ID:  FD98
 Network Account Name: user_h
 Network Account Domain: -
 Logon GUID:  {27C4A2F2-13CA-AA25-E903-D31268740239}

Process Information:
 Process ID:  0xB8A7
 Process Name:  C:\Windows\System32\example_b.exe

Network Information:
 Workstation Name: ACME-001
 Source Network Address: -
 Source Port:  38896

Detailed Authentication Information:
 Logon Process:  User32 
 Authentication Package: Negotiate
 Transited Services: -
 Package Name (NTLM only): -
 Key Length:  0

This event is generated when a logon session is created. It is generated on the computer that was accessed.

The subject fields indicate the account on the local system which requested the logon. This is most commonly a service such as the Server service, or a local process such as E734D.exe or E734D.exe.

The logon type field indicates the kind of logon that occurred. The most common types are 2 (interactive) and 3 (network).

The New Logon fields indicate the account for whom the new logon was created, i.e. the account that was logged on.

The network fields indicate where a remote logon request originated. Workstation name is not always available and may be left blank in some cases.

The impersonation level field indicates the extent to which a process in the logon session can impersonate.

The authentication information fields provide detailed information about this specific logon request.
 - Logon GUID is a unique identifier that can be used to correlate this event with a KDC event.
 - Transited services indicate which intermediate services have participated in this logon request.
 - Package name indicates which sub-protocol was used among the NTLM protocols.
 - Key length indicates the length of the generated session key. This will be 0 if no session key was requested.


02/18/2020 05:09:36 PM
LogName=Security
SourceName= Microsoft Windows security auditing.
EventCode=4624
EventType=0
Type=Information
ComputerName=ACME-001
TaskCategory=Logon
OpCode=Info
RecordNumber=237590608
Keywords=Audit Success
Message=An account was successfully logged on.

Subject:
 Security ID:  Domain_A\SYSTEM
 Account Name:  ACME-001
 Account Domain:  Domain_A
 Logon ID:  0x70E4

Logon Information:
 Logon Type:  5
 Restricted Admin Mode: No
 Virtual Account:  Yes
 Elevated Token:  No

Impersonation Level:  Delegation

New Logon:
 Security ID:  Domain_A\user_e
 Account Name:  user_e
 Account Domain:  Domain_A
 Logon ID:  0x0452
 Linked Logon ID:  8198
 Network Account Name: -
 Network Account Domain: -
 Logon GUID:  {00000000-0000-0000-0000-000000000000}

Process Information:
 Process ID:  0x5CD0
 Process Name:  C:\Windows\System32\example_g.exe

Network Information:
 Workstation Name: ACME-001
 Source Network Address: 152.114.127.95
 Source Port:  20218

Detailed Authentication Information:
 Logon Process:  Winlogon 
 Authentication Package: Negotiate
 Transited Services: service_B
 Package Name (NTLM only): -
 Key Length:  0

This event is generated when a logon session is created. It is generated on the computer that was accessed.

The subject fields indicate the account on the local system which requested the logon. This is most commonly a service such as the Server service, or a local process such as D6D2C.exe or D6D2C.exe.

The logon type field indicates the kind of logon that occurred. The most common types are 2 (interactive) and 3 (network).

The New Logon fields indicate the account for whom the new logon was created, i.e. the account that was logged on.

The network fields indicate where a remote logon request originated. Workstation name is not always available and may be left blank in some cases.

The impersonation level field indicates the extent to which a process in the logon session can impersonate.

The authentication information fields provide detailed information about this specific logon request.
 - Logon GUID is a unique identifier that can be used to correlate this event with a KDC event.
 - Transited services indicate which intermediate services have participated in this logon request.
 - Package name indicates which sub-protocol was used among the NTLM protocols.
 - Key length indicates the length of the generated session key. This will be 0 if no session key was requested.


02/18/2020 05:09:05 PM
LogName=Security
SourceName= Microsoft Windows security auditing.
EventCode=4624
EventType=0
Type=Information
ComputerName=ACME-001
TaskCategory=Logon
OpCode=Info
RecordNumber=924590240
Keywords=Audit Success
Message=An account was successfully logged on.

Subject:
 Security ID:  Domain_A\SYSTEM
 Account Name:  ACME-001
 Account Domain:  Domain_A
 Logon ID:  0x70E4

Logon Information:
 Logon Type:  4
 Restricted Admin Mode: Yes
 Virtual Account:  Yes
 Elevated Token:  No

Impersonation Level:  Impersonation

New Logon:
 Security ID:  Domain_A\user_n
 Account Name:  user_n
 Account Domain:  Domain_A
 Logon ID:  0x4D76
 Linked Logon ID:  9526
 Network Account Name: -
 Network Account Domain: Domain_D
 Logon GUID:  {00000000-0000-0000-0000-000000000000}

Process Information:
 Process ID:  0x8F58
 Process Name:  C:\Windows\System32\example_d.exe

Network Information:
 Workstation Name: ACME-001
 Source Network Address: 60.135.254.23
 Source Port:  26334

Detailed Authentication Information:
 Logon Process:  logonProcess1 
 Authentication Package: Kerberos
 Transited Services: -
 Package Name (NTLM only): -
 Key Length:  0

This event is generated when a logon session is created. It is generated on the computer that was accessed.

The subject fields indicate the account on the local system which requested the logon. This is most commonly a service such as the Server service, or a local process such as E9FBE.exe or E9FBE.exe.

The logon type field indicates the kind of logon that occurred. The most common types are 2 (interactive) and 3 (network).

The New Logon fields indicate the account for whom the new logon was created, i.e. the account that was logged on.

The network fields indicate where a remote logon request originated. Workstation name is not always available and may be left blank in some cases.

The impersonation level field indicates the extent to which a process in the logon session can impersonate.

The authentication information fields provide detailed information about this specific logon request.
 - Logon GUID is a unique identifier that can be used to correlate this event with a KDC event.
 - Transited services indicate which intermediate services have participated in this logon request.
 - Package name indicates which sub-protocol was used among the NTLM protocols.
 - Key length indicates the length of the generated session key. This will be 0 if no session key was requested.


02/18/2020 05:07:52 PM
LogName=Security
SourceName= Microsoft Windows security auditing.
EventCode=4624
EventType=0
Type=Information
ComputerName=ACME-001
TaskCategory=Logon
OpCode=Info
RecordNumber=826156446
Keywords=Audit Success
Message=An account was successfully logged on.

Subject:
 Security ID:  Domain_A\SYSTEM
 Account Name:  ACME-001
 Account Domain:  Domain_A
 Logon ID:  0x70E4

Logon Information:
 Logon Type:  11
 Restricted Admin Mode: -
 Virtual Account:  No
 Elevated Token:  Yes

Impersonation Level:  Identification

New Logon:
 Security ID:  Domain_A\user_d
 Account Name:  user_d
 Account Domain:  Domain_A
 Logon ID:  0x3EC3
 Linked Logon ID:  0F23
 Network Account Name: user_c
 Network Account Domain: -
 Logon GUID:  {00000000-0000-0000-0000-000000000000}

Process Information:
 Process ID:  0xC2BC
 Process Name:  C:\Windows\System32\example_b.exe

Network Information:
 Workstation Name: ACME-001
 Source Network Address: 156.122.145.171
 Source Port:  9482

Detailed Authentication Information:
 Logon Process:  logonProcess1 
 Authentication Package: Kerberos
 Transited Services: -
 Package Name (NTLM only): -
 Key Length:  0

This event is generated when a logon session is created. It is generated on the computer that was accessed.

The subject fields indicate the account on the local system which requested the logon. This is most commonly a service such as the Server service, or a local process such as 0078D.exe or 0078D.exe.

The logon type field indicates the kind of logon that occurred. The most common types are 2 (interactive) and 3 (network).

The New Logon fields indicate the account for whom the new logon was created, i.e. the account that was logged on.

The network fields indicate where a remote logon request originated. Workstation name is not always available and may be left blank in some cases.

The impersonation level field indicates the extent to which a process in the logon session can impersonate.

The authentication information fields provide detailed information about this specific logon request.
 - Logon GUID is a unique identifier that can be used to correlate this event with a KDC event.
 - Transited services indicate which intermediate services have participated in this logon request.
 - Package name indicates which sub-protocol was used among the NTLM protocols.
 - Key length indicates the length of the generated session key. This will be 0 if no session key was requested.


02/18/2020 05:05:24 PM
LogName=Security
SourceName= Microsoft Windows security auditing.
EventCode=4624
EventType=0
Type=Information
ComputerName=ACME-001
TaskCategory=Logon
OpCode=Info
RecordNumber=72750009
Keywords=Audit Success
Message=An account was successfully logged on.

Subject:
 Security ID:  Domain_A\SYSTEM
 Account Name:  ACME-001
 Account Domain:  Domain_A
 Logon ID:  0x70E4

Logon Information:
 Logon Type:  2
 Restricted Admin Mode: Yes
 Virtual Account:  Yes
 Elevated Token:  Yes

Impersonation Level:  Impersonation

New Logon:
 Security ID:  Domain_A\user_j
 Account Name:  user_j
 Account Domain:  Domain_A
 Logon ID:  0xB111
 Linked Logon ID:  E5D4
 Network Account Name: -
 Network Account Domain: -
 Logon GUID:  {00000000-0000-0000-0000-000000000000}

Process Information:
 Process ID:  0xC584
 Process Name:  C:\Windows\System32\example_b.exe

Network Information:
 Workstation Name: ACME-001
 Source Network Address: -
 Source Port:  35898

Detailed Authentication Information:
 Logon Process:  logonProcess1 
 Authentication Package: Negotiate
 Transited Services: service_B
 Package Name (NTLM only): -
 Key Length:  0

This event is generated when a logon session is created. It is generated on the computer that was accessed.

The subject fields indicate the account on the local system which requested the logon. This is most commonly a service such as the Server service, or a local process such as A35C1.exe or A35C1.exe.

The logon type field indicates the kind of logon that occurred. The most common types are 2 (interactive) and 3 (network).

The New Logon fields indicate the account for whom the new logon was created, i.e. the account that was logged on.

The network fields indicate where a remote logon request originated. Workstation name is not always available and may be left blank in some cases.

The impersonation level field indicates the extent to which a process in the logon session can impersonate.

The authentication information fields provide detailed information about this specific logon request.
 - Logon GUID is a unique identifier that can be used to correlate this event with a KDC event.
 - Transited services indicate which intermediate services have participated in this logon request.
 - Package name indicates which sub-protocol was used among the NTLM protocols.
 - Key length indicates the length of the generated session key. This will be 0 if no session key was requested.


02/18/2020 05:03:09 PM
LogName=Security
SourceName= Microsoft Windows security auditing.
EventCode=4624
EventType=0
Type=Information
ComputerName=ACME-001
TaskCategory=Logon
OpCode=Info
RecordNumber=306633411
Keywords=Audit Success
Message=An account was successfully logged on.

Subject:
 Security ID:  Domain_A\SYSTEM
 Account Name:  ACME-001
 Account Domain:  Domain_A
 Logon ID:  0x70E4

Logon Information:
 Logon Type:  8
 Restricted Admin Mode: No
 Virtual Account:  Yes
 Elevated Token:  No

Impersonation Level:  Impersonation

New Logon:
 Security ID:  Domain_A\user_c
 Account Name:  user_c
 Account Domain:  Domain_A
 Logon ID:  0x5FC9
 Linked Logon ID:  F62B
 Network Account Name: user_e
 Network Account Domain: Domain_E
 Logon GUID:  {00000000-0000-0000-0000-000000000000}

Process Information:
 Process ID:  0xD754
 Process Name:  C:\Windows\System32\example_d.exe

Network Information:
 Workstation Name: ACME-001
 Source Network Address: -
 Source Port:  25787

Detailed Authentication Information:
 Logon Process:  logonProcess1 
 Authentication Package: Kerberos
 Transited Services: service_B
 Package Name (NTLM only): -
 Key Length:  0

This event is generated when a logon session is created. It is generated on the computer that was accessed.

The subject fields indicate the account on the local system which requested the logon. This is most commonly a service such as the Server service, or a local process such as F3302.exe or F3302.exe.

The logon type field indicates the kind of logon that occurred. The most common types are 2 (interactive) and 3 (network).

The New Logon fields indicate the account for whom the new logon was created, i.e. the account that was logged on.

The network fields indicate where a remote logon request originated. Workstation name is not always available and may be left blank in some cases.

The impersonation level field indicates the extent to which a process in the logon session can impersonate.

The authentication information fields provide detailed information about this specific logon request.
 - Logon GUID is a unique identifier that can be used to correlate this event with a KDC event.
 - Transited services indicate which intermediate services have participated in this logon request.
 - Package name indicates which sub-protocol was used among the NTLM protocols.
 - Key length indicates the length of the generated session key. This will be 0 if no session key was requested.


02/18/2020 05:02:46 PM
LogName=Security
SourceName= Microsoft Windows security auditing.
EventCode=4624
EventType=0
Type=Information
ComputerName=ACME-001
TaskCategory=Logon
OpCode=Info
RecordNumber=853570880
Keywords=Audit Success
Message=An account was successfully logged on.

Subject:
 Security ID:  Domain_A\SYSTEM
 Account Name:  ACME-001
 Account Domain:  Domain_A
 Logon ID:  0x70E4

Logon Information:
 Logon Type:  11
 Restricted Admin Mode: Yes
 Virtual Account:  No
 Elevated Token:  No

Impersonation Level:  Impersonation

New Logon:
 Security ID:  Domain_A\user_k
 Account Name:  user_k
 Account Domain:  Domain_A
 Logon ID:  0xBAC3
 Linked Logon ID:  1AF3
 Network Account Name: user_h
 Network Account Domain: Domain_C
 Logon GUID:  {0887F1E4-39EA-D53C-804F-31D568A06274}

Process Information:
 Process ID:  0xB446
 Process Name:  C:\Windows\System32\example_a.exe

Network Information:
 Workstation Name: ACME-001
 Source Network Address: -
 Source Port:  29993

Detailed Authentication Information:
 Logon Process:  Winlogon 
 Authentication Package: Kerberos
 Transited Services: service_B
 Package Name (NTLM only): -
 Key Length:  0

This event is generated when a logon session is created. It is generated on the computer that was accessed.

The subject fields indicate the account on the local system which requested the logon. This is most commonly a service such as the Server service, or a local process such as AD206.exe or AD206.exe.

The logon type field indicates the kind of logon that occurred. The most common types are 2 (interactive) and 3 (network).

The New Logon fields indicate the account for whom the new logon was created, i.e. the account that was logged on.

The network fields indicate where a remote logon request originated. Workstation name is not always available and may be left blank in some cases.

The impersonation level field indicates the extent to which a process in the logon session can impersonate.

The authentication information fields provide detailed information about this specific logon request.
 - Logon GUID is a unique identifier that can be used to correlate this event with a KDC event.
 - Transited services indicate which intermediate services have participated in this logon request.
 - Package name indicates which sub-protocol was used among the NTLM protocols.
 - Key length indicates the length of the generated session key. This will be 0 if no session key was requested.


02/18/2020 05:01:16 PM
LogName=Security
SourceName= Microsoft Windows security auditing.
EventCode=4624
EventType=0
Type=Information
ComputerName=ACME-001
TaskCategory=Logon
OpCode=Info
RecordNumber=463309656
Keywords=Audit Success
Message=An account was successfully logged on.

Subject:
 Security ID:  Domain_A\SYSTEM
 Account Name:  ACME-001
 Account Domain:  Domain_A
 Logon ID:  0x70E4

Logon Information:
 Logon Type:  11
 Restricted Admin Mode: -
 Virtual Account:  No
 Elevated Token:  Yes

Impersonation Level:  Identification

New Logon:
 Security ID:  Domain_A\user_m
 Account Name:  user_m
 Account Domain:  Domain_A
 Logon ID:  0x46BA
 Linked Logon ID:  A0A1
 Network Account Name: user_n
 Network Account Domain: -
 Logon GUID:  {221B21A6-1AE2-3F9A-24EF-22C392AC2A47}

Process Information:
 Process ID:  0xF52E
 Process Name:  C:\Windows\System32\example_e.exe

Network Information:
 Workstation Name: ACME-001
 Source Network Address: 217.157.2.135
 Source Port:  3946

Detailed Authentication Information:
 Logon Process:  Winlogon 
 Authentication Package: Kerberos
 Transited Services: -
 Package Name (NTLM only): -
 Key Length:  0

This event is generated when a logon session is created. It is generated on the computer that was accessed.

The subject fields indicate the account on the local system which requested the logon. This is most commonly a service such as the Server service, or a local process such as C7D67.exe or C7D67.exe.

The logon type field indicates the kind of logon that occurred. The most common types are 2 (interactive) and 3 (network).

The New Logon fields indicate the account for whom the new logon was created, i.e. the account that was logged on.

The network fields indicate where a remote logon request originated. Workstation name is not always available and may be left blank in some cases.

The impersonation level field indicates the extent to which a process in the logon session can impersonate.

The authentication information fields provide detailed information about this specific logon request.
 - Logon GUID is a unique identifier that can be used to correlate this event with a KDC event.
 - Transited services indicate which intermediate services have participated in this logon request.
 - Package name indicates which sub-protocol was used among the NTLM protocols.
 - Key length indicates the length of the generated session key. This will be 0 if no session key was requested.


02/18/2020 05:00:00 PM
LogName=Security
SourceName= Microsoft Windows security auditing.
EventCode=4624
EventType=0
Type=Information
ComputerName=ACME-001
TaskCategory=Logon
OpCode=Info
RecordNumber=279398988
Keywords=Audit Success
Message=An account was successfully logged on.

Subject:
 Security ID:  Domain_A\SYSTEM
 Account Name:  ACME-001
 Account Domain:  Domain_A
 Logon ID:  0x70E4

Logon Information:
 Logon Type:  4
 Restricted Admin Mode: Yes
 Virtual Account:  No
 Elevated Token:  Yes

Impersonation Level:  Impersonation

New Logon:
 Security ID:  Domain_A\user_j
 Account Name:  user_j
 Account Domain:  Domain_A
 Logon ID:  0xB111
 Linked Logon ID:  C5BF
 Network Account Name: -
 Network Account Domain: -
 Logon GUID:  {27C4A2F2-13CA-AA25-E903-D31268740239}

Process Information:
 Process ID:  0xB2E6
 Process Name:  C:\Windows\System32\example_e.exe

Network Information:
 Workstation Name: ACME-001
 Source Network Address: 41.137.30.71
 Source Port:  58976

Detailed Authentication Information:
 Logon Process:  User32 
 Authentication Package: Kerberos
 Transited Services: service_B
 Package Name (NTLM only): -
 Key Length:  0

This event is generated when a logon session is created. It is generated on the computer that was accessed.

The subject fields indicate the account on the local system which requested the logon. This is most commonly a service such as the Server service, or a local process such as 08F08.exe or 08F08.exe.

The logon type field indicates the kind of logon that occurred. The most common types are 2 (interactive) and 3 (network).

The New Logon fields indicate the account for whom the new logon was created, i.e. the account that was logged on.

The network fields indicate where a remote logon request originated. Workstation name is not always available and may be left blank in some cases.

The impersonation level field indicates the extent to which a process in the logon session can impersonate.

The authentication information fields provide detailed information about this specific logon request.
 - Logon GUID is a unique identifier that can be used to correlate this event with a KDC event.
 - Transited services indicate which intermediate services have participated in this logon request.
 - Package name indicates which sub-protocol was used among the NTLM protocols.
 - Key length indicates the length of the generated session key. This will be 0 if no session key was requested.


02/18/2020 04:58:45 PM
LogName=Security
SourceName= Microsoft Windows security auditing.
EventCode=4624
EventType=0
Type=Information
ComputerName=ACME-001
TaskCategory=Logon
OpCode=Info
RecordNumber=58546556
Keywords=Audit Success
Message=An account was successfully logged on.

Subject:
 Security ID:  Domain_A\SYSTEM
 Account Name:  ACME-001
 Account Domain:  Domain_A
 Logon ID:  0x70E4

Logon Information:
 Logon Type:  2
 Restricted Admin Mode: -
 Virtual Account:  No
 Elevated Token:  Yes

Impersonation Level:  Delegation

New Logon:
 Security ID:  Domain_A\user_f
 Account Name:  user_f
 Account Domain:  Domain_A
 Logon ID:  0xA369
 Linked Logon ID:  B069
 Network Account Name: -
 Network Account Domain: Domain_D
 Logon GUID:  {0887F1E4-39EA-D53C-804F-31D568A06274}

Process Information:
 Process ID:  0x8A15
 Process Name:  C:\Windows\System32\example_e.exe

Network Information:
 Workstation Name: ACME-001
 Source Network Address: 40.249.193.67
 Source Port:  45223

Detailed Authentication Information:
 Logon Process:  logonProcess1 
 Authentication Package: Negotiate
 Transited Services: service_D
 Package Name (NTLM only): -
 Key Length:  0

This event is generated when a logon session is created. It is generated on the computer that was accessed.

The subject fields indicate the account on the local system which requested the logon. This is most commonly a service such as the Server service, or a local process such as 7E2CE.exe or 7E2CE.exe.

The logon type field indicates the kind of logon that occurred. The most common types are 2 (interactive) and 3 (network).

The New Logon fields indicate the account for whom the new logon was created, i.e. the account that was logged on.

The network fields indicate where a remote logon request originated. Workstation name is not always available and may be left blank in some cases.

The impersonation level field indicates the extent to which a process in the logon session can impersonate.

The authentication information fields provide detailed information about this specific logon request.
 - Logon GUID is a unique identifier that can be used to correlate this event with a KDC event.
 - Transited services indicate which intermediate services have participated in this logon request.
 - Package name indicates which sub-protocol was used among the NTLM protocols.
 - Key length indicates the length of the generated session key. This will be 0 if no session key was requested.


02/18/2020 04:54:44 PM
LogName=Security
SourceName= Microsoft Windows security auditing.
EventCode=4624
EventType=0
Type=Information
ComputerName=ACME-001
TaskCategory=Logon
OpCode=Info
RecordNumber=501945925
Keywords=Audit Success
Message=An account was successfully logged on.

Subject:
 Security ID:  Domain_A\SYSTEM
 Account Name:  ACME-001
 Account Domain:  Domain_A
 Logon ID:  0x70E4

Logon Information:
 Logon Type:  4
 Restricted Admin Mode: -
 Virtual Account:  No
 Elevated Token:  No

Impersonation Level:  Impersonation

New Logon:
 Security ID:  Domain_A\user_f
 Account Name:  user_f
 Account Domain:  Domain_A
 Logon ID:  0xA369
 Linked Logon ID:  5688
 Network Account Name: user_f
 Network Account Domain: Domain_B
 Logon GUID:  {221B21A6-1AE2-3F9A-24EF-22C392AC2A47}

Process Information:
 Process ID:  0xFC6F
 Process Name:  C:\Windows\System32\example_d.exe

Network Information:
 Workstation Name: ACME-001
 Source Network Address: -
 Source Port:  41681

Detailed Authentication Information:
 Logon Process:  logonProcess1 
 Authentication Package: Negotiate
 Transited Services: -
 Package Name (NTLM only): -
 Key Length:  0

This event is generated when a logon session is created. It is generated on the computer that was accessed.

The subject fields indicate the account on the local system which requested the logon. This is most commonly a service such as the Server service, or a local process such as F4CB4.exe or F4CB4.exe.

The logon type field indicates the kind of logon that occurred. The most common types are 2 (interactive) and 3 (network).

The New Logon fields indicate the account for whom the new logon was created, i.e. the account that was logged on.

The network fields indicate where a remote logon request originated. Workstation name is not always available and may be left blank in some cases.

The impersonation level field indicates the extent to which a process in the logon session can impersonate.

The authentication information fields provide detailed information about this specific logon request.
 - Logon GUID is a unique identifier that can be used to correlate this event with a KDC event.
 - Transited services indicate which intermediate services have participated in this logon request.
 - Package name indicates which sub-protocol was used among the NTLM protocols.
 - Key length indicates the length of the generated session key. This will be 0 if no session key was requested.


02/18/2020 04:38:42 PM
LogName=Security
SourceName= Microsoft Windows security auditing.
EventCode=4624
EventType=0
Type=Information
ComputerName=ACME-001
TaskCategory=Logon
OpCode=Info
RecordNumber=342701911
Keywords=Audit Success
Message=An account was successfully logged on.

Subject:
 Security ID:  Domain_A\SYSTEM
 Account Name:  ACME-001
 Account Domain:  Domain_A
 Logon ID:  0x70E4

Logon Information:
 Logon Type:  4
 Restricted Admin Mode: -
 Virtual Account:  Yes
 Elevated Token:  Yes

Impersonation Level:  Impersonation

New Logon:
 Security ID:  Domain_A\user_l
 Account Name:  user_l
 Account Domain:  Domain_A
 Logon ID:  0xAB37
 Linked Logon ID:  3ADB
 Network Account Name: user_l
 Network Account Domain: Domain_C
 Logon GUID:  {00000000-0000-0000-0000-000000000000}

Process Information:
 Process ID:  0xE6F5
 Process Name:  C:\Windows\System32\example_a.exe

Network Information:
 Workstation Name: ACME-001
 Source Network Address: 85.230.38.161
 Source Port:  4884

Detailed Authentication Information:
 Logon Process:  User32 
 Authentication Package: Kerberos
 Transited Services: service_A
 Package Name (NTLM only): -
 Key Length:  0

This event is generated when a logon session is created. It is generated on the computer that was accessed.

The subject fields indicate the account on the local system which requested the logon. This is most commonly a service such as the Server service, or a local process such as F05B4.exe or F05B4.exe.

The logon type field indicates the kind of logon that occurred. The most common types are 2 (interactive) and 3 (network).

The New Logon fields indicate the account for whom the new logon was created, i.e. the account that was logged on.

The network fields indicate where a remote logon request originated. Workstation name is not always available and may be left blank in some cases.

The impersonation level field indicates the extent to which a process in the logon session can impersonate.

The authentication information fields provide detailed information about this specific logon request.
 - Logon GUID is a unique identifier that can be used to correlate this event with a KDC event.
 - Transited services indicate which intermediate services have participated in this logon request.
 - Package name indicates which sub-protocol was used among the NTLM protocols.
 - Key length indicates the length of the generated session key. This will be 0 if no session key was requested.


02/18/2020 04:22:36 PM
LogName=Security
SourceName= Microsoft Windows security auditing.
EventCode=4624
EventType=0
Type=Information
ComputerName=ACME-001
TaskCategory=Logon
OpCode=Info
RecordNumber=628826572
Keywords=Audit Success
Message=An account was successfully logged on.

Subject:
 Security ID:  Domain_A\SYSTEM
 Account Name:  ACME-001
 Account Domain:  Domain_A
 Logon ID:  0x70E4

Logon Information:
 Logon Type:  5
 Restricted Admin Mode: Yes
 Virtual Account:  No
 Elevated Token:  Yes

Impersonation Level:  Impersonation

New Logon:
 Security ID:  Domain_A\user_i
 Account Name:  user_i
 Account Domain:  Domain_A
 Logon ID:  0x5F25
 Linked Logon ID:  24CA
 Network Account Name: -
 Network Account Domain: -
 Logon GUID:  {00000000-0000-0000-0000-000000000000}

Process Information:
 Process ID:  0x3D53
 Process Name:  C:\Windows\System32\example_d.exe

Network Information:
 Workstation Name: ACME-001
 Source Network Address: -
 Source Port:  24843

Detailed Authentication Information:
 Logon Process:  User32 
 Authentication Package: Kerberos
 Transited Services: service_A
 Package Name (NTLM only): -
 Key Length:  0

This event is generated when a logon session is created. It is generated on the computer that was accessed.

The subject fields indicate the account on the local system which requested the logon. This is most commonly a service such as the Server service, or a local process such as 03C5A.exe or 03C5A.exe.

The logon type field indicates the kind of logon that occurred. The most common types are 2 (interactive) and 3 (network).

The New Logon fields indicate the account for whom the new logon was created, i.e. the account that was logged on.

The network fields indicate where a remote logon request originated. Workstation name is not always available and may be left blank in some cases.

The impersonation level field indicates the extent to which a process in the logon session can impersonate.

The authentication information fields provide detailed information about this specific logon request.
 - Logon GUID is a unique identifier that can be used to correlate this event with a KDC event.
 - Transited services indicate which intermediate services have participated in this logon request.
 - Package name indicates which sub-protocol was used among the NTLM protocols.
 - Key length indicates the length of the generated session key. This will be 0 if no session key was requested.


02/18/2020 04:18:07 PM
LogName=Security
SourceName= Microsoft Windows security auditing.
EventCode=4624
EventType=0
Type=Information
ComputerName=ACME-001
TaskCategory=Logon
OpCode=Info
RecordNumber=580874968
Keywords=Audit Success
Message=An account was successfully logged on.

Subject:
 Security ID:  Domain_A\SYSTEM
 Account Name:  ACME-001
 Account Domain:  Domain_A
 Logon ID:  0x70E4

Logon Information:
 Logon Type:  7
 Restricted Admin Mode: -
 Virtual Account:  Yes
 Elevated Token:  Yes

Impersonation Level:  Delegation

New Logon:
 Security ID:  Domain_A\user_e
 Account Name:  user_e
 Account Domain:  Domain_A
 Logon ID:  0x0452
 Linked Logon ID:  F06D
 Network Account Name: -
 Network Account Domain: Domain_C
 Logon GUID:  {00000000-0000-0000-0000-000000000000}

Process Information:
 Process ID:  0xED31
 Process Name:  C:\Windows\System32\example_c.exe

Network Information:
 Workstation Name: ACME-001
 Source Network Address: 112.78.16.28
 Source Port:  37860

Detailed Authentication Information:
 Logon Process:  Winlogon 
 Authentication Package: Kerberos
 Transited Services: service_A
 Package Name (NTLM only): -
 Key Length:  0

This event is generated when a logon session is created. It is generated on the computer that was accessed.

The subject fields indicate the account on the local system which requested the logon. This is most commonly a service such as the Server service, or a local process such as 821EF.exe or 821EF.exe.

The logon type field indicates the kind of logon that occurred. The most common types are 2 (interactive) and 3 (network).

The New Logon fields indicate the account for whom the new logon was created, i.e. the account that was logged on.

The network fields indicate where a remote logon request originated. Workstation name is not always available and may be left blank in some cases.

The impersonation level field indicates the extent to which a process in the logon session can impersonate.

The authentication information fields provide detailed information about this specific logon request.
 - Logon GUID is a unique identifier that can be used to correlate this event with a KDC event.
 - Transited services indicate which intermediate services have participated in this logon request.
 - Package name indicates which sub-protocol was used among the NTLM protocols.
 - Key length indicates the length of the generated session key. This will be 0 if no session key was requested.


