02/18/2020 04:12:01 PM
LogName=Security
SourceName= Microsoft Windows security auditing.
EventCode=4624
EventType=0
Type=Information
ComputerName=ACME-001
TaskCategory=Logon
OpCode=Info
RecordNumber=706175255
Keywords=Audit Success
Message=An account was successfully logged on.

Subject:
 Security ID:  Domain_A\SYSTEM
 Account Name:  ACME-001
 Account Domain:  Domain_A
 Logon ID:  0x70E4

Logon Information:
 Logon Type:  8
 Restricted Admin Mode: No
 Virtual Account:  Yes
 Elevated Token:  No

Impersonation Level:  Identification

New Logon:
 Security ID:  Domain_A\user_i
 Account Name:  user_i
 Account Domain:  Domain_A
 Logon ID:  0x5F25
 Linked Logon ID:  E4E4
 Network Account Name: -
 Network Account Domain: -
 Logon GUID:  {00000000-0000-0000-0000-000000000000}

Process Information:
 Process ID:  0x2385
 Process Name:  C:\Windows\System32\example_f.exe

Network Information:
 Workstation Name: ACME-001
 Source Network Address: -
 Source Port:  4329

Detailed Authentication Information:
 Logon Process:  Winlogon 
 Authentication Package: Negotiate
 Transited Services: -
 Package Name (NTLM only): -
 Key Length:  0

This event is generated when a logon session is created. It is generated on the computer that was accessed.

The subject fields indicate the account on the local system which requested the logon. This is most commonly a service such as the Server service, or a local process such as 97460.exe or 97460.exe.

The logon type field indicates the kind of logon that occurred. The most common types are 2 (interactive) and 3 (network).

The New Logon fields indicate the account for whom the new logon was created, i.e. the account that was logged on.

The network fields indicate where a remote logon request originated. Workstation name is not always available and may be left blank in some cases.

The impersonation level field indicates the extent to which a process in the logon session can impersonate.

The authentication information fields provide detailed information about this specific logon request.
 - Logon GUID is a unique identifier that can be used to correlate this event with a KDC event.
 - Transited services indicate which intermediate services have participated in this logon request.
 - Package name indicates which sub-protocol was used among the NTLM protocols.
 - Key length indicates the length of the generated session key. This will be 0 if no session key was requested.


02/18/2020 04:05:18 PM
LogName=Security
SourceName= Microsoft Windows security auditing.
EventCode=4624
EventType=0
Type=Information
ComputerName=ACME-001
TaskCategory=Logon
OpCode=Info
RecordNumber=535514247
Keywords=Audit Success
Message=An account was successfully logged on.

Subject:
 Security ID:  Domain_A\SYSTEM
 Account Name:  ACME-001
 Account Domain:  Domain_A
 Logon ID:  0x70E4

Logon Information:
 Logon Type:  10
 Restricted Admin Mode: Yes
 Virtual Account:  Yes
 Elevated Token:  No

Impersonation Level:  Identification

New Logon:
 Security ID:  Domain_A\user_b
 Account Name:  user_b
 Account Domain:  Domain_A
 Logon ID:  0x3A81
 Linked Logon ID:  29F0
 Network Account Name: user_b
 Network Account Domain: Domain_C
 Logon GUID:  {221B21A6-1AE2-3F9A-24EF-22C392AC2A47}

Process Information:
 Process ID:  0x54DD
 Process Name:  C:\Windows\System32\example_e.exe

Network Information:
 Workstation Name: ACME-001
 Source Network Address: -
 Source Port:  41974

Detailed Authentication Information:
 Logon Process:  logonProcess1 
 Authentication Package: Kerberos
 Transited Services: -
 Package Name (NTLM only): -
 Key Length:  0

This event is generated when a logon session is created. It is generated on the computer that was accessed.

The subject fields indicate the account on the local system which requested the logon. This is most commonly a service such as the Server service, or a local process such as 6567E.exe or 6567E.exe.

The logon type field indicates the kind of logon that occurred. The most common types are 2 (interactive) and 3 (network).

The New Logon fields indicate the account for whom the new logon was created, i.e. the account that was logged on.

The network fields indicate where a remote logon request originated. Workstation name is not always available and may be left blank in some cases.

The impersonation level field indicates the extent to which a process in the logon session can impersonate.

The authentication information fields provide detailed information about this specific logon request.
 - Logon GUID is a unique identifier that can be used to correlate this event with a KDC event.
 - Transited services indicate which intermediate services have participated in this logon request.
 - Package name indicates which sub-protocol was used among the NTLM protocols.
 - Key length indicates the length of the generated session key. This will be 0 if no session key was requested.


02/18/2020 04:03:38 PM
LogName=Security
SourceName= Microsoft Windows security auditing.
EventCode=4624
EventType=0
Type=Information
ComputerName=ACME-001
TaskCategory=Logon
OpCode=Info
RecordNumber=244300782
Keywords=Audit Success
Message=An account was successfully logged on.

Subject:
 Security ID:  Domain_A\SYSTEM
 Account Name:  ACME-001
 Account Domain:  Domain_A
 Logon ID:  0x70E4

Logon Information:
 Logon Type:  7
 Restricted Admin Mode: No
 Virtual Account:  No
 Elevated Token:  No

Impersonation Level:  Delegation

New Logon:
 Security ID:  Domain_A\user_c
 Account Name:  user_c
 Account Domain:  Domain_A
 Logon ID:  0x5FC9
 Linked Logon ID:  B3A2
 Network Account Name: -
 Network Account Domain: -
 Logon GUID:  {0887F1E4-39EA-D53C-804F-31D568A06274}

Process Information:
 Process ID:  0xBF2E
 Process Name:  C:\Windows\System32\example_c.exe

Network Information:
 Workstation Name: ACME-001
 Source Network Address: 96.226.248.0
 Source Port:  13054

Detailed Authentication Information:
 Logon Process:  logonProcess1 
 Authentication Package: Negotiate
 Transited Services: -
 Package Name (NTLM only): -
 Key Length:  0

This event is generated when a logon session is created. It is generated on the computer that was accessed.

The subject fields indicate the account on the local system which requested the logon. This is most commonly a service such as the Server service, or a local process such as 870EC.exe or 870EC.exe.

The logon type field indicates the kind of logon that occurred. The most common types are 2 (interactive) and 3 (network).

The New Logon fields indicate the account for whom the new logon was created, i.e. the account that was logged on.

The network fields indicate where a remote logon request originated. Workstation name is not always available and may be left blank in some cases.

The impersonation level field indicates the extent to which a process in the logon session can impersonate.

The authentication information fields provide detailed information about this specific logon request.
 - Logon GUID is a unique identifier that can be used to correlate this event with a KDC event.
 - Transited services indicate which intermediate services have participated in this logon request.
 - Package name indicates which sub-protocol was used among the NTLM protocols.
 - Key length indicates the length of the generated session key. This will be 0 if no session key was requested.


02/18/2020 03:59:34 PM
LogName=Security
SourceName= Microsoft Windows security auditing.
EventCode=4624
EventType=0
Type=Information
ComputerName=ACME-001
TaskCategory=Logon
OpCode=Info
RecordNumber=330307200
Keywords=Audit Success
Message=An account was successfully logged on.

Subject:
 Security ID:  Domain_A\SYSTEM
 Account Name:  ACME-001
 Account Domain:  Domain_A
 Logon ID:  0x70E4

Logon Information:
 Logon Type:  8
 Restricted Admin Mode: Yes
 Virtual Account:  No
 Elevated Token:  No

Impersonation Level:  Impersonation

New Logon:
 Security ID:  Domain_A\user_e
 Account Name:  user_e
 Account Domain:  Domain_A
 Logon ID:  0x0452
 Linked Logon ID:  489E
 Network Account Name: user_b
 Network Account Domain: Domain_E
 Logon GUID:  {27C4A2F2-13CA-AA25-E903-D31268740239}

Process Information:
 Process ID:  0x4857
 Process Name:  C:\Windows\System32\example_d.exe

Network Information:
 Workstation Name: ACME-001
 Source Network Address: 34.22.254.219
 Source Port:  51417

Detailed Authentication Information:
 Logon Process:  Winlogon 
 Authentication Package: Negotiate
 Transited Services: service_A
 Package Name (NTLM only): -
 Key Length:  0

This event is generated when a logon session is created. It is generated on the computer that was accessed.

The subject fields indicate the account on the local system which requested the logon. This is most commonly a service such as the Server service, or a local process such as A6091.exe or A6091.exe.

The logon type field indicates the kind of logon that occurred. The most common types are 2 (interactive) and 3 (network).

The New Logon fields indicate the account for whom the new logon was created, i.e. the account that was logged on.

The network fields indicate where a remote logon request originated. Workstation name is not always available and may be left blank in some cases.

The impersonation level field indicates the extent to which a process in the logon session can impersonate.

The authentication information fields provide detailed information about this specific logon request.
 - Logon GUID is a unique identifier that can be used to correlate this event with a KDC event.
 - Transited services indicate which intermediate services have participated in this logon request.
 - Package name indicates which sub-protocol was used among the NTLM protocols.
 - Key length indicates the length of the generated session key. This will be 0 if no session key was requested.


02/18/2020 03:56:39 PM
LogName=Security
SourceName= Microsoft Windows security auditing.
EventCode=4624
EventType=0
Type=Information
ComputerName=ACME-001
TaskCategory=Logon
OpCode=Info
RecordNumber=47782893
Keywords=Audit Success
Message=An account was successfully logged on.

Subject:
 Security ID:  Domain_A\SYSTEM
 Account Name:  ACME-001
 Account Domain:  Domain_A
 Logon ID:  0x70E4

Logon Information:
 Logon Type:  7
 Restricted Admin Mode: -
 Virtual Account:  Yes
 Elevated Token:  No

Impersonation Level:  Impersonation

New Logon:
 Security ID:  Domain_A\user_n
 Account Name:  user_n
 Account Domain:  Domain_A
 Logon ID:  0x4D76
 Linked Logon ID:  0057
 Network Account Name: -
 Network Account Domain: Domain_E
 Logon GUID:  {00000000-0000-0000-0000-000000000000}

Process Information:
 Process ID:  0x347C
 Process Name:  C:\Windows\System32\example_g.exe

Network Information:
 Workstation Name: ACME-001
 Source Network Address: 237.240.240.198
 Source Port:  36414

Detailed Authentication Information:
 Logon Process:  Winlogon 
 Authentication Package: Kerberos
 Transited Services: -
 Package Name (NTLM only): -
 Key Length:  0

This event is generated when a logon session is created. It is generated on the computer that was accessed.

The subject fields indicate the account on the local system which requested the logon. This is most commonly a service such as the Server service, or a local process such as F26B2.exe or F26B2.exe.

The logon type field indicates the kind of logon that occurred. The most common types are 2 (interactive) and 3 (network).

The New Logon fields indicate the account for whom the new logon was created, i.e. the account that was logged on.

The network fields indicate where a remote logon request originated. Workstation name is not always available and may be left blank in some cases.

The impersonation level field indicates the extent to which a process in the logon session can impersonate.

The authentication information fields provide detailed information about this specific logon request.
 - Logon GUID is a unique identifier that can be used to correlate this event with a KDC event.
 - Transited services indicate which intermediate services have participated in this logon request.
 - Package name indicates which sub-protocol was used among the NTLM protocols.
 - Key length indicates the length of the generated session key. This will be 0 if no session key was requested.


02/18/2020 03:50:36 PM
LogName=Security
SourceName= Microsoft Windows security auditing.
EventCode=4624
EventType=0
Type=Information
ComputerName=ACME-001
TaskCategory=Logon
OpCode=Info
RecordNumber=80435034
Keywords=Audit Success
Message=An account was successfully logged on.

Subject:
 Security ID:  Domain_A\SYSTEM
 Account Name:  ACME-001
 Account Domain:  Domain_A
 Logon ID:  0x70E4

Logon Information:
 Logon Type:  9
 Restricted Admin Mode: Yes
 Virtual Account:  Yes
 Elevated Token:  Yes

Impersonation Level:  Delegation

New Logon:
 Security ID:  Domain_A\user_e
 Account Name:  user_e
 Account Domain:  Domain_A
 Logon ID:  0x0452
 Linked Logon ID:  2099
 Network Account Name: user_m
 Network Account Domain: Domain_A
 Logon GUID:  {221B21A6-1AE2-3F9A-24EF-22C392AC2A47}

Process Information:
 Process ID:  0x3BE6
 Process Name:  C:\Windows\System32\example_b.exe

Network Information:
 Workstation Name: ACME-001
 Source Network Address: 198.93.233.127
 Source Port:  18511

Detailed Authentication Information:
 Logon Process:  Winlogon 
 Authentication Package: Negotiate
 Transited Services: service_D
 Package Name (NTLM only): -
 Key Length:  0

This event is generated when a logon session is created. It is generated on the computer that was accessed.

The subject fields indicate the account on the local system which requested the logon. This is most commonly a service such as the Server service, or a local process such as 225BE.exe or 225BE.exe.

The logon type field indicates the kind of logon that occurred. The most common types are 2 (interactive) and 3 (network).

The New Logon fields indicate the account for whom the new logon was created, i.e. the account that was logged on.

The network fields indicate where a remote logon request originated. Workstation name is not always available and may be left blank in some cases.

The impersonation level field indicates the extent to which a process in the logon session can impersonate.

The authentication information fields provide detailed information about this specific logon request.
 - Logon GUID is a unique identifier that can be used to correlate this event with a KDC event.
 - Transited services indicate which intermediate services have participated in this logon request.
 - Package name indicates which sub-protocol was used among the NTLM protocols.
 - Key length indicates the length of the generated session key. This will be 0 if no session key was requested.


02/18/2020 03:50:08 PM
LogName=Security
SourceName= Microsoft Windows security auditing.
EventCode=4624
EventType=0
Type=Information
ComputerName=ACME-001
TaskCategory=Logon
OpCode=Info
RecordNumber=376724097
Keywords=Audit Success
Message=An account was successfully logged on.

Subject:
 Security ID:  Domain_A\SYSTEM
 Account Name:  ACME-001
 Account Domain:  Domain_A
 Logon ID:  0x70E4

Logon Information:
 Logon Type:  10
 Restricted Admin Mode: Yes
 Virtual Account:  Yes
 Elevated Token:  No

Impersonation Level:  Delegation

New Logon:
 Security ID:  Domain_A\user_l
 Account Name:  user_l
 Account Domain:  Domain_A
 Logon ID:  0xAB37
 Linked Logon ID:  8A0F
 Network Account Name: user_h
 Network Account Domain: -
 Logon GUID:  {0887F1E4-39EA-D53C-804F-31D568A06274}

Process Information:
 Process ID:  0xFD7E
 Process Name:  C:\Windows\System32\example_e.exe

Network Information:
 Workstation Name: ACME-001
 Source Network Address: 228.179.121.181
 Source Port:  39769

Detailed Authentication Information:
 Logon Process:  User32 
 Authentication Package: Kerberos
 Transited Services: service_A
 Package Name (NTLM only): -
 Key Length:  0

This event is generated when a logon session is created. It is generated on the computer that was accessed.

The subject fields indicate the account on the local system which requested the logon. This is most commonly a service such as the Server service, or a local process such as 1679D.exe or 1679D.exe.

The logon type field indicates the kind of logon that occurred. The most common types are 2 (interactive) and 3 (network).

The New Logon fields indicate the account for whom the new logon was created, i.e. the account that was logged on.

The network fields indicate where a remote logon request originated. Workstation name is not always available and may be left blank in some cases.

The impersonation level field indicates the extent to which a process in the logon session can impersonate.

The authentication information fields provide detailed information about this specific logon request.
 - Logon GUID is a unique identifier that can be used to correlate this event with a KDC event.
 - Transited services indicate which intermediate services have participated in this logon request.
 - Package name indicates which sub-protocol was used among the NTLM protocols.
 - Key length indicates the length of the generated session key. This will be 0 if no session key was requested.


02/18/2020 03:46:04 PM
LogName=Security
SourceName= Microsoft Windows security auditing.
EventCode=4624
EventType=0
Type=Information
ComputerName=ACME-001
TaskCategory=Logon
OpCode=Info
RecordNumber=311663771
Keywords=Audit Success
Message=An account was successfully logged on.

Subject:
 Security ID:  Domain_A\SYSTEM
 Account Name:  ACME-001
 Account Domain:  Domain_A
 Logon ID:  0x70E4

Logon Information:
 Logon Type:  6
 Restricted Admin Mode: No
 Virtual Account:  No
 Elevated Token:  No

Impersonation Level:  Impersonation

New Logon:
 Security ID:  Domain_A\user_n
 Account Name:  user_n
 Account Domain:  Domain_A
 Logon ID:  0x4D76
 Linked Logon ID:  E48F
 Network Account Name: -
 Network Account Domain: -
 Logon GUID:  {0887F1E4-39EA-D53C-804F-31D568A06274}

Process Information:
 Process ID:  0xFA78
 Process Name:  C:\Windows\System32\example_a.exe

Network Information:
 Workstation Name: ACME-001
 Source Network Address: 41.12.113.237
 Source Port:  45494

Detailed Authentication Information:
 Logon Process:  logonProcess1 
 Authentication Package: Kerberos
 Transited Services: service_B
 Package Name (NTLM only): -
 Key Length:  0

This event is generated when a logon session is created. It is generated on the computer that was accessed.

The subject fields indicate the account on the local system which requested the logon. This is most commonly a service such as the Server service, or a local process such as F8731.exe or F8731.exe.

The logon type field indicates the kind of logon that occurred. The most common types are 2 (interactive) and 3 (network).

The New Logon fields indicate the account for whom the new logon was created, i.e. the account that was logged on.

The network fields indicate where a remote logon request originated. Workstation name is not always available and may be left blank in some cases.

The impersonation level field indicates the extent to which a process in the logon session can impersonate.

The authentication information fields provide detailed information about this specific logon request.
 - Logon GUID is a unique identifier that can be used to correlate this event with a KDC event.
 - Transited services indicate which intermediate services have participated in this logon request.
 - Package name indicates which sub-protocol was used among the NTLM protocols.
 - Key length indicates the length of the generated session key. This will be 0 if no session key was requested.


02/18/2020 03:43:54 PM
LogName=Security
SourceName= Microsoft Windows security auditing.
EventCode=4624
EventType=0
Type=Information
ComputerName=ACME-001
TaskCategory=Logon
OpCode=Info
RecordNumber=900643805
Keywords=Audit Success
Message=An account was successfully logged on.

Subject:
 Security ID:  Domain_A\SYSTEM
 Account Name:  ACME-001
 Account Domain:  Domain_A
 Logon ID:  0x70E4

Logon Information:
 Logon Type:  2
 Restricted Admin Mode: No
 Virtual Account:  No
 Elevated Token:  Yes

Impersonation Level:  Delegation

New Logon:
 Security ID:  Domain_A\user_m
 Account Name:  user_m
 Account Domain:  Domain_A
 Logon ID:  0x46BA
 Linked Logon ID:  F9AB
 Network Account Name: user_d
 Network Account Domain: -
 Logon GUID:  {27C4A2F2-13CA-AA25-E903-D31268740239}

Process Information:
 Process ID:  0xA6A3
 Process Name:  C:\Windows\System32\example_a.exe

Network Information:
 Workstation Name: ACME-001
 Source Network Address: -
 Source Port:  53069

Detailed Authentication Information:
 Logon Process:  User32 
 Authentication Package: Kerberos
 Transited Services: service_A
 Package Name (NTLM only): -
 Key Length:  0

This event is generated when a logon session is created. It is generated on the computer that was accessed.

The subject fields indicate the account on the local system which requested the logon. This is most commonly a service such as the Server service, or a local process such as DD1AE.exe or DD1AE.exe.

The logon type field indicates the kind of logon that occurred. The most common types are 2 (interactive) and 3 (network).

The New Logon fields indicate the account for whom the new logon was created, i.e. the account that was logged on.

The network fields indicate where a remote logon request originated. Workstation name is not always available and may be left blank in some cases.

The impersonation level field indicates the extent to which a process in the logon session can impersonate.

The authentication information fields provide detailed information about this specific logon request.
 - Logon GUID is a unique identifier that can be used to correlate this event with a KDC event.
 - Transited services indicate which intermediate services have participated in this logon request.
 - Package name indicates which sub-protocol was used among the NTLM protocols.
 - Key length indicates the length of the generated session key. This will be 0 if no session key was requested.


02/18/2020 03:43:25 PM
LogName=Security
SourceName= Microsoft Windows security auditing.
EventCode=4624
EventType=0
Type=Information
ComputerName=ACME-001
TaskCategory=Logon
OpCode=Info
RecordNumber=888797876
Keywords=Audit Success
Message=An account was successfully logged on.

Subject:
 Security ID:  Domain_A\SYSTEM
 Account Name:  ACME-001
 Account Domain:  Domain_A
 Logon ID:  0x70E4

Logon Information:
 Logon Type:  7
 Restricted Admin Mode: -
 Virtual Account:  No
 Elevated Token:  No

Impersonation Level:  Delegation

New Logon:
 Security ID:  Domain_A\user_j
 Account Name:  user_j
 Account Domain:  Domain_A
 Logon ID:  0xB111
 Linked Logon ID:  B1E5
 Network Account Name: user_b
 Network Account Domain: -
 Logon GUID:  {0887F1E4-39EA-D53C-804F-31D568A06274}

Process Information:
 Process ID:  0x2165
 Process Name:  C:\Windows\System32\example_e.exe

Network Information:
 Workstation Name: ACME-001
 Source Network Address: -
 Source Port:  10703

Detailed Authentication Information:
 Logon Process:  Winlogon 
 Authentication Package: Negotiate
 Transited Services: service_D
 Package Name (NTLM only): -
 Key Length:  0

This event is generated when a logon session is created. It is generated on the computer that was accessed.

The subject fields indicate the account on the local system which requested the logon. This is most commonly a service such as the Server service, or a local process such as 55A58.exe or 55A58.exe.

The logon type field indicates the kind of logon that occurred. The most common types are 2 (interactive) and 3 (network).

The New Logon fields indicate the account for whom the new logon was created, i.e. the account that was logged on.

The network fields indicate where a remote logon request originated. Workstation name is not always available and may be left blank in some cases.

The impersonation level field indicates the extent to which a process in the logon session can impersonate.

The authentication information fields provide detailed information about this specific logon request.
 - Logon GUID is a unique identifier that can be used to correlate this event with a KDC event.
 - Transited services indicate which intermediate services have participated in this logon request.
 - Package name indicates which sub-protocol was used among the NTLM protocols.
 - Key length indicates the length of the generated session key. This will be 0 if no session key was requested.


02/18/2020 03:41:25 PM
LogName=Security
SourceName= Microsoft Windows security auditing.
EventCode=4624
EventType=0
Type=Information
ComputerName=ACME-001
TaskCategory=Logon
OpCode=Info
RecordNumber=263259462
Keywords=Audit Success
Message=An account was successfully logged on.

Subject:
 Security ID:  Domain_A\SYSTEM
 Account Name:  ACME-001
 Account Domain:  Domain_A
 Logon ID:  0x70E4

Logon Information:
 Logon Type:  5
 Restricted Admin Mode: Yes
 Virtual Account:  No
 Elevated Token:  Yes

Impersonation Level:  Impersonation

New Logon:
 Security ID:  Domain_A\user_n
 Account Name:  user_n
 Account Domain:  Domain_A
 Logon ID:  0x4D76
 Linked Logon ID:  67E1
 Network Account Name: -
 Network Account Domain: Domain_A
 Logon GUID:  {0887F1E4-39EA-D53C-804F-31D568A06274}

Process Information:
 Process ID:  0x10EF
 Process Name:  C:\Windows\System32\example_g.exe

Network Information:
 Workstation Name: ACME-001
 Source Network Address: -
 Source Port:  26549

Detailed Authentication Information:
 Logon Process:  Winlogon 
 Authentication Package: Negotiate
 Transited Services: service_B
 Package Name (NTLM only): -
 Key Length:  0

This event is generated when a logon session is created. It is generated on the computer that was accessed.

The subject fields indicate the account on the local system which requested the logon. This is most commonly a service such as the Server service, or a local process such as C7192.exe or C7192.exe.

The logon type field indicates the kind of logon that occurred. The most common types are 2 (interactive) and 3 (network).

The New Logon fields indicate the account for whom the new logon was created, i.e. the account that was logged on.

The network fields indicate where a remote logon request originated. Workstation name is not always available and may be left blank in some cases.

The impersonation level field indicates the extent to which a process in the logon session can impersonate.

The authentication information fields provide detailed information about this specific logon request.
 - Logon GUID is a unique identifier that can be used to correlate this event with a KDC event.
 - Transited services indicate which intermediate services have participated in this logon request.
 - Package name indicates which sub-protocol was used among the NTLM protocols.
 - Key length indicates the length of the generated session key. This will be 0 if no session key was requested.


02/18/2020 03:33:46 PM
LogName=Security
SourceName= Microsoft Windows security auditing.
EventCode=4624
EventType=0
Type=Information
ComputerName=ACME-001
TaskCategory=Logon
OpCode=Info
RecordNumber=693010853
Keywords=Audit Success
Message=An account was successfully logged on.

Subject:
 Security ID:  Domain_A\SYSTEM
 Account Name:  ACME-001
 Account Domain:  Domain_A
 Logon ID:  0x70E4

Logon Information:
 Logon Type:  5
 Restricted Admin Mode: Yes
 Virtual Account:  Yes
 Elevated Token:  Yes

Impersonation Level:  Delegation

New Logon:
 Security ID:  Domain_A\user_a
 Account Name:  user_a
 Account Domain:  Domain_A
 Logon ID:  0x6C10
 Linked Logon ID:  51B6
 Network Account Name: user_f
 Network Account Domain: -
 Logon GUID:  {221B21A6-1AE2-3F9A-24EF-22C392AC2A47}

Process Information:
 Process ID:  0x3FF0
 Process Name:  C:\Windows\System32\example_e.exe

Network Information:
 Workstation Name: ACME-001
 Source Network Address: -
 Source Port:  47783

Detailed Authentication Information:
 Logon Process:  Winlogon 
 Authentication Package: Kerberos
 Transited Services: service_B
 Package Name (NTLM only): -
 Key Length:  0

This event is generated when a logon session is created. It is generated on the computer that was accessed.

The subject fields indicate the account on the local system which requested the logon. This is most commonly a service such as the Server service, or a local process such as BF046.exe or BF046.exe.

The logon type field indicates the kind of logon that occurred. The most common types are 2 (interactive) and 3 (network).

The New Logon fields indicate the account for whom the new logon was created, i.e. the account that was logged on.

The network fields indicate where a remote logon request originated. Workstation name is not always available and may be left blank in some cases.

The impersonation level field indicates the extent to which a process in the logon session can impersonate.

The authentication information fields provide detailed information about this specific logon request.
 - Logon GUID is a unique identifier that can be used to correlate this event with a KDC event.
 - Transited services indicate which intermediate services have participated in this logon request.
 - Package name indicates which sub-protocol was used among the NTLM protocols.
 - Key length indicates the length of the generated session key. This will be 0 if no session key was requested.


02/18/2020 03:32:48 PM
LogName=Security
SourceName= Microsoft Windows security auditing.
EventCode=4624
EventType=0
Type=Information
ComputerName=ACME-001
TaskCategory=Logon
OpCode=Info
RecordNumber=709037937
Keywords=Audit Success
Message=An account was successfully logged on.

Subject:
 Security ID:  Domain_A\SYSTEM
 Account Name:  ACME-001
 Account Domain:  Domain_A
 Logon ID:  0x70E4

Logon Information:
 Logon Type:  6
 Restricted Admin Mode: Yes
 Virtual Account:  No
 Elevated Token:  No

Impersonation Level:  Identification

New Logon:
 Security ID:  Domain_A\user_i
 Account Name:  user_i
 Account Domain:  Domain_A
 Logon ID:  0x5F25
 Linked Logon ID:  AD3E
 Network Account Name: user_h
 Network Account Domain: Domain_B
 Logon GUID:  {27C4A2F2-13CA-AA25-E903-D31268740239}

Process Information:
 Process ID:  0xA7FF
 Process Name:  C:\Windows\System32\example_c.exe

Network Information:
 Workstation Name: ACME-001
 Source Network Address: -
 Source Port:  11341

Detailed Authentication Information:
 Logon Process:  Winlogon 
 Authentication Package: Negotiate
 Transited Services: service_A
 Package Name (NTLM only): -
 Key Length:  0

This event is generated when a logon session is created. It is generated on the computer that was accessed.

The subject fields indicate the account on the local system which requested the logon. This is most commonly a service such as the Server service, or a local process such as E2237.exe or E2237.exe.

The logon type field indicates the kind of logon that occurred. The most common types are 2 (interactive) and 3 (network).

The New Logon fields indicate the account for whom the new logon was created, i.e. the account that was logged on.

The network fields indicate where a remote logon request originated. Workstation name is not always available and may be left blank in some cases.

The impersonation level field indicates the extent to which a process in the logon session can impersonate.

The authentication information fields provide detailed information about this specific logon request.
 - Logon GUID is a unique identifier that can be used to correlate this event with a KDC event.
 - Transited services indicate which intermediate services have participated in this logon request.
 - Package name indicates which sub-protocol was used among the NTLM protocols.
 - Key length indicates the length of the generated session key. This will be 0 if no session key was requested.


02/18/2020 03:30:20 PM
LogName=Security
SourceName= Microsoft Windows security auditing.
EventCode=4624
EventType=0
Type=Information
ComputerName=ACME-001
TaskCategory=Logon
OpCode=Info
RecordNumber=778584158
Keywords=Audit Success
Message=An account was successfully logged on.

Subject:
 Security ID:  Domain_A\SYSTEM
 Account Name:  ACME-001
 Account Domain:  Domain_A
 Logon ID:  0x70E4

Logon Information:
 Logon Type:  6
 Restricted Admin Mode: Yes
 Virtual Account:  Yes
 Elevated Token:  No

Impersonation Level:  Impersonation

New Logon:
 Security ID:  Domain_A\user_j
 Account Name:  user_j
 Account Domain:  Domain_A
 Logon ID:  0xB111
 Linked Logon ID:  2188
 Network Account Name: user_g
 Network Account Domain: -
 Logon GUID:  {221B21A6-1AE2-3F9A-24EF-22C392AC2A47}

Process Information:
 Process ID:  0xC29D
 Process Name:  C:\Windows\System32\example_f.exe

Network Information:
 Workstation Name: ACME-001
 Source Network Address: 102.247.162.116
 Source Port:  5486

Detailed Authentication Information:
 Logon Process:  logonProcess1 
 Authentication Package: Negotiate
 Transited Services: service_B
 Package Name (NTLM only): -
 Key Length:  0

This event is generated when a logon session is created. It is generated on the computer that was accessed.

The subject fields indicate the account on the local system which requested the logon. This is most commonly a service such as the Server service, or a local process such as CBB63.exe or CBB63.exe.

The logon type field indicates the kind of logon that occurred. The most common types are 2 (interactive) and 3 (network).

The New Logon fields indicate the account for whom the new logon was created, i.e. the account that was logged on.

The network fields indicate where a remote logon request originated. Workstation name is not always available and may be left blank in some cases.

The impersonation level field indicates the extent to which a process in the logon session can impersonate.

The authentication information fields provide detailed information about this specific logon request.
 - Logon GUID is a unique identifier that can be used to correlate this event with a KDC event.
 - Transited services indicate which intermediate services have participated in this logon request.
 - Package name indicates which sub-protocol was used among the NTLM protocols.
 - Key length indicates the length of the generated session key. This will be 0 if no session key was requested.


02/18/2020 03:28:37 PM
LogName=Security
SourceName= Microsoft Windows security auditing.
EventCode=4624
EventType=0
Type=Information
ComputerName=ACME-001
TaskCategory=Logon
OpCode=Info
RecordNumber=298631262
Keywords=Audit Success
Message=An account was successfully logged on.

Subject:
 Security ID:  Domain_A\SYSTEM
 Account Name:  ACME-001
 Account Domain:  Domain_A
 Logon ID:  0x70E4

Logon Information:
 Logon Type:  7
 Restricted Admin Mode: No
 Virtual Account:  Yes
 Elevated Token:  Yes

Impersonation Level:  Delegation

New Logon:
 Security ID:  Domain_A\user_g
 Account Name:  user_g
 Account Domain:  Domain_A
 Logon ID:  0xEB5F
 Linked Logon ID:  B793
 Network Account Name: user_m
 Network Account Domain: -
 Logon GUID:  {00000000-0000-0000-0000-000000000000}

Process Information:
 Process ID:  0x64E5
 Process Name:  C:\Windows\System32\example_g.exe

Network Information:
 Workstation Name: ACME-001
 Source Network Address: -
 Source Port:  34958

Detailed Authentication Information:
 Logon Process:  Winlogon 
 Authentication Package: Kerberos
 Transited Services: service_D
 Package Name (NTLM only): -
 Key Length:  0

This event is generated when a logon session is created. It is generated on the computer that was accessed.

The subject fields indicate the account on the local system which requested the logon. This is most commonly a service such as the Server service, or a local process such as 050AC.exe or 050AC.exe.

The logon type field indicates the kind of logon that occurred. The most common types are 2 (interactive) and 3 (network).

The New Logon fields indicate the account for whom the new logon was created, i.e. the account that was logged on.

The network fields indicate where a remote logon request originated. Workstation name is not always available and may be left blank in some cases.

The impersonation level field indicates the extent to which a process in the logon session can impersonate.

The authentication information fields provide detailed information about this specific logon request.
 - Logon GUID is a unique identifier that can be used to correlate this event with a KDC event.
 - Transited services indicate which intermediate services have participated in this logon request.
 - Package name indicates which sub-protocol was used among the NTLM protocols.
 - Key length indicates the length of the generated session key. This will be 0 if no session key was requested.


02/18/2020 03:20:45 PM
LogName=Security
SourceName= Microsoft Windows security auditing.
EventCode=4624
EventType=0
Type=Information
ComputerName=ACME-001
TaskCategory=Logon
OpCode=Info
RecordNumber=905109648
Keywords=Audit Success
Message=An account was successfully logged on.

Subject:
 Security ID:  Domain_A\SYSTEM
 Account Name:  ACME-001
 Account Domain:  Domain_A
 Logon ID:  0x70E4

Logon Information:
 Logon Type:  2
 Restricted Admin Mode: Yes
 Virtual Account:  No
 Elevated Token:  Yes

Impersonation Level:  Delegation

New Logon:
 Security ID:  Domain_A\user_f
 Account Name:  user_f
 Account Domain:  Domain_A
 Logon ID:  0xA369
 Linked Logon ID:  A3D4
 Network Account Name: -
 Network Account Domain: Domain_D
 Logon GUID:  {27C4A2F2-13CA-AA25-E903-D31268740239}

Process Information:
 Process ID:  0x5480
 Process Name:  C:\Windows\System32\example_a.exe

Network Information:
 Workstation Name: ACME-001
 Source Network Address: -
 Source Port:  31205

Detailed Authentication Information:
 Logon Process:  User32 
 Authentication Package: Kerberos
 Transited Services: service_A
 Package Name (NTLM only): -
 Key Length:  0

This event is generated when a logon session is created. It is generated on the computer that was accessed.

The subject fields indicate the account on the local system which requested the logon. This is most commonly a service such as the Server service, or a local process such as 88C29.exe or 88C29.exe.

The logon type field indicates the kind of logon that occurred. The most common types are 2 (interactive) and 3 (network).

The New Logon fields indicate the account for whom the new logon was created, i.e. the account that was logged on.

The network fields indicate where a remote logon request originated. Workstation name is not always available and may be left blank in some cases.

The impersonation level field indicates the extent to which a process in the logon session can impersonate.

The authentication information fields provide detailed information about this specific logon request.
 - Logon GUID is a unique identifier that can be used to correlate this event with a KDC event.
 - Transited services indicate which intermediate services have participated in this logon request.
 - Package name indicates which sub-protocol was used among the NTLM protocols.
 - Key length indicates the length of the generated session key. This will be 0 if no session key was requested.


02/18/2020 03:19:57 PM
LogName=Security
SourceName= Microsoft Windows security auditing.
EventCode=4624
EventType=0
Type=Information
ComputerName=ACME-001
TaskCategory=Logon
OpCode=Info
RecordNumber=861145518
Keywords=Audit Success
Message=An account was successfully logged on.

Subject:
 Security ID:  Domain_A\SYSTEM
 Account Name:  ACME-001
 Account Domain:  Domain_A
 Logon ID:  0x70E4

Logon Information:
 Logon Type:  6
 Restricted Admin Mode: No
 Virtual Account:  Yes
 Elevated Token:  Yes

Impersonation Level:  Identification

New Logon:
 Security ID:  Domain_A\user_i
 Account Name:  user_i
 Account Domain:  Domain_A
 Logon ID:  0x5F25
 Linked Logon ID:  A875
 Network Account Name: user_d
 Network Account Domain: -
 Logon GUID:  {00000000-0000-0000-0000-000000000000}

Process Information:
 Process ID:  0x911F
 Process Name:  C:\Windows\System32\example_e.exe

Network Information:
 Workstation Name: ACME-001
 Source Network Address: 246.32.147.135
 Source Port:  14785

Detailed Authentication Information:
 Logon Process:  User32 
 Authentication Package: Kerberos
 Transited Services: service_D
 Package Name (NTLM only): -
 Key Length:  0

This event is generated when a logon session is created. It is generated on the computer that was accessed.

The subject fields indicate the account on the local system which requested the logon. This is most commonly a service such as the Server service, or a local process such as 7EC48.exe or 7EC48.exe.

The logon type field indicates the kind of logon that occurred. The most common types are 2 (interactive) and 3 (network).

The New Logon fields indicate the account for whom the new logon was created, i.e. the account that was logged on.

The network fields indicate where a remote logon request originated. Workstation name is not always available and may be left blank in some cases.

The impersonation level field indicates the extent to which a process in the logon session can impersonate.

The authentication information fields provide detailed information about this specific logon request.
 - Logon GUID is a unique identifier that can be used to correlate this event with a KDC event.
 - Transited services indicate which intermediate services have participated in this logon request.
 - Package name indicates which sub-protocol was used among the NTLM protocols.
 - Key length indicates the length of the generated session key. This will be 0 if no session key was requested.


02/18/2020 03:15:43 PM
LogName=Security
SourceName= Microsoft Windows security auditing.
EventCode=4624
EventType=0
Type=Information
ComputerName=ACME-001
TaskCategory=Logon
OpCode=Info
RecordNumber=404328999
Keywords=Audit Success
Message=An account was successfully logged on.

Subject:
 Security ID:  Domain_A\SYSTEM
 Account Name:  ACME-001
 Account Domain:  Domain_A
 Logon ID:  0x70E4

Logon Information:
 Logon Type:  11
 Restricted Admin Mode: -
 Virtual Account:  No
 Elevated Token:  Yes

Impersonation Level:  Impersonation

New Logon:
 Security ID:  Domain_A\user_i
 Account Name:  user_i
 Account Domain:  Domain_A
 Logon ID:  0x5F25
 Linked Logon ID:  E5A7
 Network Account Name: user_f
 Network Account Domain: Domain_A
 Logon GUID:  {27C4A2F2-13CA-AA25-E903-D31268740239}

Process Information:
 Process ID:  0xCA0F
 Process Name:  C:\Windows\System32\example_e.exe

Network Information:
 Workstation Name: ACME-001
 Source Network Address: -
 Source Port:  27336

Detailed Authentication Information:
 Logon Process:  User32 
 Authentication Package: Kerberos
 Transited Services: service_A
 Package Name (NTLM only): -
 Key Length:  0

This event is generated when a logon session is created. It is generated on the computer that was accessed.

The subject fields indicate the account on the local system which requested the logon. This is most commonly a service such as the Server service, or a local process such as 4DB1A.exe or 4DB1A.exe.

The logon type field indicates the kind of logon that occurred. The most common types are 2 (interactive) and 3 (network).

The New Logon fields indicate the account for whom the new logon was created, i.e. the account that was logged on.

The network fields indicate where a remote logon request originated. Workstation name is not always available and may be left blank in some cases.

The impersonation level field indicates the extent to which a process in the logon session can impersonate.

The authentication information fields provide detailed information about this specific logon request.
 - Logon GUID is a unique identifier that can be used to correlate this event with a KDC event.
 - Transited services indicate which intermediate services have participated in this logon request.
 - Package name indicates which sub-protocol was used among the NTLM protocols.
 - Key length indicates the length of the generated session key. This will be 0 if no session key was requested.


02/18/2020 03:15:39 PM
LogName=Security
SourceName= Microsoft Windows security auditing.
EventCode=4624
EventType=0
Type=Information
ComputerName=ACME-001
TaskCategory=Logon
OpCode=Info
RecordNumber=915756274
Keywords=Audit Success
Message=An account was successfully logged on.

Subject:
 Security ID:  Domain_A\SYSTEM
 Account Name:  ACME-001
 Account Domain:  Domain_A
 Logon ID:  0x70E4

Logon Information:
 Logon Type:  11
 Restricted Admin Mode: No
 Virtual Account:  Yes
 Elevated Token:  No

Impersonation Level:  Delegation

New Logon:
 Security ID:  Domain_A\user_j
 Account Name:  user_j
 Account Domain:  Domain_A
 Logon ID:  0xB111
 Linked Logon ID:  E754
 Network Account Name: user_i
 Network Account Domain: Domain_D
 Logon GUID:  {0887F1E4-39EA-D53C-804F-31D568A06274}

Process Information:
 Process ID:  0xC34E
 Process Name:  C:\Windows\System32\example_a.exe

Network Information:
 Workstation Name: ACME-001
 Source Network Address: 33.174.10.62
 Source Port:  30996

Detailed Authentication Information:
 Logon Process:  Winlogon 
 Authentication Package: Negotiate
 Transited Services: service_B
 Package Name (NTLM only): -
 Key Length:  0

This event is generated when a logon session is created. It is generated on the computer that was accessed.

The subject fields indicate the account on the local system which requested the logon. This is most commonly a service such as the Server service, or a local process such as F6DFB.exe or F6DFB.exe.

The logon type field indicates the kind of logon that occurred. The most common types are 2 (interactive) and 3 (network).

The New Logon fields indicate the account for whom the new logon was created, i.e. the account that was logged on.

The network fields indicate where a remote logon request originated. Workstation name is not always available and may be left blank in some cases.

The impersonation level field indicates the extent to which a process in the logon session can impersonate.

The authentication information fields provide detailed information about this specific logon request.
 - Logon GUID is a unique identifier that can be used to correlate this event with a KDC event.
 - Transited services indicate which intermediate services have participated in this logon request.
 - Package name indicates which sub-protocol was used among the NTLM protocols.
 - Key length indicates the length of the generated session key. This will be 0 if no session key was requested.


02/18/2020 02:51:59 PM
LogName=Security
SourceName= Microsoft Windows security auditing.
EventCode=4624
EventType=0
Type=Information
ComputerName=ACME-001
TaskCategory=Logon
OpCode=Info
RecordNumber=890621740
Keywords=Audit Success
Message=An account was successfully logged on.

Subject:
 Security ID:  Domain_A\SYSTEM
 Account Name:  ACME-001
 Account Domain:  Domain_A
 Logon ID:  0x70E4

Logon Information:
 Logon Type:  4
 Restricted Admin Mode: -
 Virtual Account:  No
 Elevated Token:  Yes

Impersonation Level:  Identification

New Logon:
 Security ID:  Domain_A\user_e
 Account Name:  user_e
 Account Domain:  Domain_A
 Logon ID:  0x0452
 Linked Logon ID:  7790
 Network Account Name: user_b
 Network Account Domain: -
 Logon GUID:  {00000000-0000-0000-0000-000000000000}

Process Information:
 Process ID:  0xE247
 Process Name:  C:\Windows\System32\example_f.exe

Network Information:
 Workstation Name: ACME-001
 Source Network Address: -
 Source Port:  10845

Detailed Authentication Information:
 Logon Process:  Winlogon 
 Authentication Package: Kerberos
 Transited Services: -
 Package Name (NTLM only): -
 Key Length:  0

This event is generated when a logon session is created. It is generated on the computer that was accessed.

The subject fields indicate the account on the local system which requested the logon. This is most commonly a service such as the Server service, or a local process such as 6ACA3.exe or 6ACA3.exe.

The logon type field indicates the kind of logon that occurred. The most common types are 2 (interactive) and 3 (network).

The New Logon fields indicate the account for whom the new logon was created, i.e. the account that was logged on.

The network fields indicate where a remote logon request originated. Workstation name is not always available and may be left blank in some cases.

The impersonation level field indicates the extent to which a process in the logon session can impersonate.

The authentication information fields provide detailed information about this specific logon request.
 - Logon GUID is a unique identifier that can be used to correlate this event with a KDC event.
 - Transited services indicate which intermediate services have participated in this logon request.
 - Package name indicates which sub-protocol was used among the NTLM protocols.
 - Key length indicates the length of the generated session key. This will be 0 if no session key was requested.


