"Access_Right","Account_Domain","Account_Expires","Account_Name","Account_That_Was_Locked_Out","Additional_Information","Algorithm_Name",AllowedToDelegateTo,"Allowed_To_Delegate_To",Attributes,"Authentication_Package","Caller_Computer_Name","Caller_Domain","Caller_Logon_ID","Caller_Machine_Name","Caller_Process_ID","Caller_Process_Name","Caller_User_Name",CategoryString,"Change_Type","Client_Address","Client_Domain","Client_Logon_ID","Client_Machine_Name","Client_User_Name",Computer,ComputerName,"Creator_Process_ID",Description,"Display_Name",Domain,"Domain_Behavior_Version","Domain_ID","Domain_Name","Elevated_Token","Error_Code",EventCode,EventCodeDescription,EventType,"Exit_Status","Failure_Reason","File_Path","Force_Logoff","Group_Domain","Group_Name","Group_Type_Change","Home_Directory","Home_Drive","Image_File_Name","Impersonation_Level",IpAddress,IpPort,"Key_Length","Key_Name","Key_Type",Keywords,"Linked_Logon_ID","Lockout_Duration","Lockout_Observation_Window","Lockout_Threshold",LogName,LogonType,"Logon_Account","Logon_GUID","Logon_Hours","Logon_ID","Logon_Process","Logon_Type","Logon_account",MSADChangedAttributes,"Machine_Account_Quota","Max__Password_Age","Member_ID","Member_Name",Message,"Min__Password_Age","Min__Password_Length","Mixed_Domain_Mode","Network_Account_Domain","Network_Account_Name","Network_Address","New_Account","New_Account_Name","New_Domain","New_Process_ID","New_Process_Name","New_UAC_Value","OEM_Information","Old_UAC_Value",OpCode,Operation,"Package_Name__NTLM_only_","Password_History_Length","Password_Last_Set","Password_Properties",Port,"Primary_Domain","Primary_Group_ID","Primary_User_Name",PrivilegeList,Privileges,"Process_ID","Process_Name","Profile_Path","Provider_Name",RecordNumber,"Restricted_Admin_Mode","Return_Code","SAM_Account_Name","SID_History","Script_Path","Security_ID",Server,"Service_Name",SourceName,"Source_Network_Address","Source_Port","Source_Workstation",Status,"Sub_Status",Subject,SubjectDomainName,SubjectLogonId,SubjectUserName,"Supplied_Realm_Name",TargetDomainName,TargetServerName,TargetUserName,"Target_Account_ID","Target_Account_Name","Target_Domain","Target_Server_Name","Target_User_Name",TaskCategory,TokenElevationType,"Token_Elevation_Type","Token_Elevation_Type_id","Transited_Services",Type,User,"User_Account_Control","User_ID","User_Name","User_Parameters","User_Principal_Name","User_Workstations","Virtual_Account",Workstation,WorkstationName,"Workstation_Name","_raw","_time",action,app,body,bunit,category,"change_type",city,country,"date_hour","date_mday","date_minute","date_month","date_second","date_wday","date_year","date_zone",dest,"dest_asset_id","dest_asset_tag","dest_bunit","dest_category","dest_city","dest_country","dest_dns","dest_ip","dest_is_expected","dest_lat","dest_long","dest_mac","dest_nt_domain","dest_nt_host","dest_owner","dest_pci_domain","dest_priority","dest_requires_av","dest_should_timesync","dest_should_update",dns,dvc,"dvc_asset_id","dvc_asset_tag","dvc_bunit","dvc_category","dvc_city","dvc_country","dvc_dns","dvc_ip","dvc_is_expected","dvc_lat","dvc_long","dvc_mac","dvc_nt_host","dvc_owner","dvc_pci_domain","dvc_priority","dvc_requires_av","dvc_should_timesync","dvc_should_update",enabled,"event_id",eventtype,host,id,"ids_type",index,ip,"is_expected",lat,linecount,long,mac,"member_dn","member_id","member_nt_domain","msad_action",name,"nt_host",object,"object_category",owner,"pci_domain",priority,privilege,"privilege_id","process_id",product,protocol,"protocol_name",punct,range,"requires_av",result,"session_id",severity,"severity_id","should_timesync","should_update",signature,"signature_id",source,sourcetype,"splunk_server","splunk_server_group",src,"src_asset_id","src_asset_tag","src_bunit","src_category","src_city","src_country","src_dns","src_ip","src_is_expected","src_lat","src_long","src_mac","src_nt_domain","src_nt_host","src_owner","src_pci_domain","src_port","src_priority","src_requires_av","src_service","src_should_timesync","src_should_update","src_user","src_user_bunit","src_user_category","src_user_email","src_user_endDate","src_user_first","src_user_identity","src_user_identity_tag","src_user_last","src_user_managedBy","src_user_nick","src_user_phone","src_user_phone2","src_user_prefix","src_user_priority","src_user_startDate","src_user_suffix","src_user_watchlist","src_user_work_city","src_user_work_country","src_user_work_lat","src_user_work_long",status,"status_description",subject,"ta_windows_action","ta_windows_security_CategoryString","ta_windows_status",tag,"tag::Logon_Type","tag::Service_Name","tag::Token_Elevation_Type_id","tag::action","tag::app","tag::dest_requires_av","tag::dest_should_timesync","tag::dest_should_update","tag::eventtype","tag::is_expected","tag::privilege_id","tag::requires_av","tag::should_timesync","tag::should_update","tag::signature","tag::sourcetype","tag::src_user_category","tag::src_user_identity_tag","tag::src_user_watchlist","tag::user_category","tag::user_identity_tag","tag::user_watchlist","threat_intel_source",timeendpos,timestartpos,transport,user,"user_bunit","user_category","user_email","user_endDate","user_first","user_group_id","user_identity","user_identity_tag","user_last","user_managedBy","user_nick","user_phone","user_phone2","user_prefix","user_priority","user_startDate","user_suffix","user_type","user_watchlist","user_work_city","user_work_country","user_work_lat","user_work_long",vendor,"vendor_privilege","vendor_product"
,"Domain_C",,"user_d",,,,,,,,,,,,,,,,,,,,,,,"ops-sys-005",,,,,,,,,"-",4689,"A process has exited",0,0xAA0189,,,,,,,,,,,,,,,,"Audit Success",,,,,Security,,,,,0x3EC3,,,,,,,,,"A process has exited.

Subject:
	Security ID:		Domain_C\user_d
	Account Name:		user_d
	Account Domain:		Domain_C
	Logon ID:		0x3EC3

Process Information:
	Process ID:	0x3BEA
	Process Name:	C:\Windows\System32\example_a.exe
	Exit Status:	0xAA0189",,,,,,,,,,,,,,,Info,,,,,,,,,,,,0x3BEA,"C:\Windows\System32\example_a.exe",,,250640388,,,,,,"Domain_C\user_d",,,"Microsoft Windows security auditing.",,,,,,,,,,,,,,,,,,,"Process Termination",,,,,Information,,,,,,,,,,,,"02/13/2020 08:05:04 PM
LogName=Security
SourceName=Microsoft Windows security auditing.
EventCode=4689
EventType=0
Type=Information
ComputerName=ops-sys-005
TaskCategory=Process Termination
OpCode=Info
RecordNumber=250640388
Keywords=Audit Success
Message=A process has exited.

Subject:
	Security ID:		Domain_C\user_d
	Account Name:		user_d
	Account Domain:		Domain_C
	Logon ID:		0x3EC3

Process Information:
	Process ID:	0x3BEA
	Process Name:	C:\Windows\System32\example_a.exe
	Exit Status:	0xAA0189
","2020-02-13T20:05:04.000+0000",success,"win:unknown","A process has exited.

Subject:
	Security ID:		Domain_C\user_d
	Account Name:		user_d
	Account Domain:		Domain_C
	Logon ID:		0x3EC3

Process Information:
	Process ID:	0x3BEA
	Process Name:	C:\Windows\System32\example_a.exe
	Exit Status:	0xAA0189",,"Process Termination",,,,20,13,5,february,4,thursday,2020,local,"ops-sys-005",,,,,,,,,false,,,,"Domain_C","ops-sys-005",,untrust,,false,false,false,,"ops-sys-005",,,,,,,,,false,,,,"ops-sys-005",,untrust,,false,false,false,,250640388,"windows_process_exit wineventlog_security wineventlog_windows winsec","ops-sys-005",250640388,,main,,,,24,,,"user_d","Domain_C\user_d","Domain_C\",,"A process has exited",,WinEventLog,,,,,,,,Windows,,,"//_::_==___.====--=_===_=___.:t_:tt\t_:ttt_:ttt_:t",,,,0x3EC3,informational,0,,,"A process has exited",4689,"WinEventLog:Security",WinEventLog,"prd-p-g7nxxbgc3hgl",,,,,,,,,,,,,,,"Domain_C",,,,,,,,,,,,,,,,,,,,,,,,,,,,,,,,success,,"A process has exited",failure,,,"execute
os
process
security
stop
success
windows",,,,success,,,,,"execute
os
process
security
stop
windows",,,,,,,,,,,,,,,22,0,,"user_d",,,,,,,,,,,,,,,,,,,false,,,,,Microsoft,,
,"Domain_E",,"user_a",,,,,,,,,,,,,,,,,,,,,,,"ops-sys-006",,,,,,,,,"-",4672,"Special privileges assigned to new logon",0,,,,,,,,,,,,,,,,,"Audit Success",,,,,Security,,,,,0x6C10,,,,,,,,,"Special privileges assigned to new logon.
Subject:
	Security ID:		Domain_E\user_a
	Account Name:		user_a
	Account Domain:		Domain_E
	Logon ID:		0x6C10
Privileges:	SeSecurityPrivilege
			SeTakeOwnershipPrivilege
			SeLoadDriverPrivilege
			SeBackupPrivilege
			SeRestorePrivilege
			SeDebugPrivilege
			SeSystemEnvironmentPrivilege
			SeImpersonatePrivilege",,,,,,,,,,,,,,,Info,,,,,,,,,,,SeSecurityPrivilege,,,,,386727906,,,,,,"Domain_E\user_a",,,"Microsoft Windows security auditing.",,,,,,,,,,,,,,,,,,,"Special Logon",,,,,Information,,,,,,,,,,,,"02/13/2020 08:04:58 PM
LogName=Security
SourceName=Microsoft Windows security auditing.
EventCode=4672
EventType=0
Type=Information
ComputerName=ops-sys-006
TaskCategory=Special Logon
OpCode=Info
RecordNumber=386727906
Keywords=Audit Success
Message=Special privileges assigned to new logon.
Subject:
	Security ID:		Domain_E\user_a
	Account Name:		user_a
	Account Domain:		Domain_E
	Logon ID:		0x6C10
Privileges:	SeSecurityPrivilege
			SeTakeOwnershipPrivilege
			SeLoadDriverPrivilege
			SeBackupPrivilege
			SeRestorePrivilege
			SeDebugPrivilege
			SeSystemEnvironmentPrivilege
			SeImpersonatePrivilege
","2020-02-13T20:04:58.000+0000",success,"win:unknown","Special privileges assigned to new logon.
Subject:
	Security ID:		Domain_E\user_a
	Account Name:		user_a
	Account Domain:		Domain_E
	Logon ID:		0x6C10
Privileges:	SeSecurityPrivilege
			SeTakeOwnershipPrivilege
			SeLoadDriverPrivilege
			SeBackupPrivilege
			SeRestorePrivilege
			SeDebugPrivilege
			SeSystemEnvironmentPrivilege
			SeImpersonatePrivilege",,"Special Logon",,,,20,13,4,february,58,thursday,2020,local,"ops-sys-006",,,,,,,,,false,,,,"Domain_E","ops-sys-006",,untrust,,false,false,false,,"ops-sys-006",,,,,,,,,false,,,,"ops-sys-006",,untrust,,false,false,false,,386727906,"windows_special_privileges wineventlog_security wineventlog_windows winsec","ops-sys-006",386727906,,main,,,,26,,,"user_a","Domain_E\user_a","Domain_E\",,"Special privileges assigned to new logon",,WinEventLog,,,,,"Manage auditing and security log
Take ownership of files or other objects
Load and unload device drivers
Back up files and directories
Restore files and directories
Debug programs
Modify firmware environment values
Impersonate a Client After Authentication","SeSecurityPrivilege
SeTakeOwnershipPrivilege
SeLoadDriverPrivilege
SeBackupPrivilege
SeRestorePrivilege
SeDebugPrivilege
SeSystemEnvironmentPrivilege
SeImpersonatePrivilege",,Windows,,,"//_::_==___.====--=_===_=_____.:t_:tt\t_:ttt_:ttt_",,,,0x6C10,informational,0,,,"Special privileges assigned to new logon",4672,"WinEventLog:Security",WinEventLog,"prd-p-g7nxxbgc3hgl",,,,,,,,,,,,,,,"Domain_E",,,,,,,,,,,,,,,,,,,,,,,,,,,,,,,,success,,"Special privileges assigned to new logon",failure,,,"audit
authentication
os
privileged
security
success
windows",,,,success,,,,,"authentication
os
privileged
security
windows",,audit,,,,,,,,,,,,,22,0,,"user_a",,,,,,,,,,,,,,,,,,,false,,,,,Microsoft,"SeSecurityPrivilege
			SeTakeOwnershipPrivilege
			SeLoadDriverPrivilege
			SeBackupPrivilege
			SeRestorePrivilege
			SeDebugPrivilege
			SeSystemEnvironmentPrivilege
			SeImpersonatePrivilege",
,,,,,,,,,,"MICROSOFT_AUTHENTICATION_PACKAGE_V1_0",,,,,,,,,,,,,,,,"HOST-003",,,,,,,,,0xC0000064,4776,"The domain controller attempted to validate the credentials for an account",0,,,,,,,,,,,,,,,,,"Failure Audit",,,,,Security,,"user_j",,,,,,,,,,,,"The computer attempted to validate the credentials for an account.
Authentication Package: MICROSOFT_AUTHENTICATION_PACKAGE_V1_0
Logon Account: user_j
Source Workstation: HOST-003
Error Code: 0xC0000064",,,,,,,,,,,,,,,Info,,,,,,,,,,,,,,,,499188694,,,,,,,,,"Microsoft Windows security auditing.",,,"HOST-003",,,,,,,,,,,,,,,,"Credential Validation",,,,,Information,,,,,,,,,,,,"02/13/2020 08:04:58 PM
LogName=Security
SourceName=Microsoft Windows security auditing.
EventCode=4776
EventType=0
Type=Information
ComputerName=HOST-003
TaskCategory=Credential Validation
OpCode=Info
RecordNumber=499188694
Keywords=Failure Audit
Message=The computer attempted to validate the credentials for an account.
Authentication Package: MICROSOFT_AUTHENTICATION_PACKAGE_V1_0
Logon Account: user_j
Source Workstation: HOST-003
Error Code: 0xC0000064
","2020-02-13T20:04:58.000+0000",failure,"win:unknown","The computer attempted to validate the credentials for an account.
Authentication Package: MICROSOFT_AUTHENTICATION_PACKAGE_V1_0
Logon Account: user_j
Source Workstation: HOST-003
Error Code: 0xC0000064",,"Credential Validation",,,,20,13,4,february,58,thursday,2020,local,"HOST-003",,,,,,,,,false,,,,,"HOST-003",,untrust,,false,false,false,,"HOST-003",,,,,,,,,false,,,,"HOST-003",,untrust,,false,false,false,,499188694,"err0r nix_errors windows_account_used4logon wineventlog_security wineventlog_windows winsec","HOST-003",499188694,,main,,,,17,,,,,,,"The domain controller attempted to validate the credentials for an account",,WinEventLog,,,,,,,,Windows,,,"//_::_==___.====-=_===_=_________._:__:__:_-_:_",,,,,informational,0,,,"The domain controller attempted to validate the credentials for an account",4776,"WinEventLog:Security",WinEventLog,"prd-p-g7nxxbgc3hgl",,"HOST-003",,,,,,,,,false,,,,,"HOST-003",,untrust,,,false,,false,false,,,,,,,,,,,,,,,,,,,,,,,failure,,"The domain controller attempted to validate the credentials for an account",failure,,,"authentication
error
failure
os
security
windows",,,,failure,,,,,"authentication
error
os
security
windows",,,,,,,,,,,,,,,22,0,,"user_j",,,,,,,,,,,,,,,,,,,false,,,,,Microsoft,,
,"Domain_A
Domain_A",,"PROD-POS-003
user_c",,,,,,,Kerberos,,,,,,,,,,,,,,,,"PROD-POS-003",,,,,,,,Yes,"-",4624,"An account was successfully logged on",0,,,,,,,,,,,Identification,,,0,,,"Audit Success",FDF2,,,,Security,,,"{00000000-0000-0000-0000-000000000000}",,"0x70E4
0x5FC9",Winlogon,2,,,,,,,"An account was successfully logged on.

Subject:
 Security ID:  Domain_A\SYSTEM
 Account Name:  PROD-POS-003
 Account Domain:  Domain_A
 Logon ID:  0x70E4

Logon Information:
 Logon Type:  2
 Restricted Admin Mode: Yes
 Virtual Account:  No
 Elevated Token:  Yes

Impersonation Level:  Identification

New Logon:
 Security ID:  Domain_A\user_c
 Account Name:  user_c
 Account Domain:  Domain_A
 Logon ID:  0x5FC9
 Linked Logon ID:  FDF2
 Network Account Name: -
 Network Account Domain: -
 Logon GUID:  {00000000-0000-0000-0000-000000000000}

Process Information:
 Process ID:  0xFEE4
 Process Name:  C:\Windows\System32\example_c.exe

Network Information:
 Workstation Name: PROD-POS-003
 Source Network Address: -
 Source Port:  1095

Detailed Authentication Information:
 Logon Process:  Winlogon 
 Authentication Package: Kerberos
 Transited Services: service_A
 Package Name (NTLM only): -
 Key Length:  0

This event is generated when a logon session is created. It is generated on the computer that was accessed.

The subject fields indicate the account on the local system which requested the logon. This is most commonly a service such as the Server service, or a local process such as 5FAEC.exe or 5FAEC.exe.

The logon type field indicates the kind of logon that occurred. The most common types are 2 (interactive) and 3 (network).

The New Logon fields indicate the account for whom the new logon was created, i.e. the account that was logged on.

The network fields indicate where a remote logon request originated. Workstation name is not always available and may be left blank in some cases.

The impersonation level field indicates the extent to which a process in the logon session can impersonate.

The authentication information fields provide detailed information about this specific logon request.
 - Logon GUID is a unique identifier that can be used to correlate this event with a KDC event.
 - Transited services indicate which intermediate services have participated in this logon request.
 - Package name indicates which sub-protocol was used among the NTLM protocols.
 - Key length indicates the length of the generated session key. This will be 0 if no session key was requested.",,,,"-","-",,,,,,,,,,Info,,"-",,,,,,,,,,0xFEE4,"C:\Windows\System32\example_c.exe",,,231460977,Yes,,,,,"Domain_A\SYSTEM
Domain_A\user_c",,,"Microsoft Windows security auditing.","-",1095,,,,,,,,,,,,,,,,,Logon,,,,"service_A",Information,,,,,,,,No,,,"PROD-POS-003","02/13/2020 08:04:57 PM
LogName=Security
SourceName= Microsoft Windows security auditing.
EventCode=4624
EventType=0
Type=Information
ComputerName=PROD-POS-003
TaskCategory=Logon
OpCode=Info
RecordNumber=231460977
Keywords=Audit Success
Message=An account was successfully logged on.

Subject:
 Security ID:  Domain_A\SYSTEM
 Account Name:  PROD-POS-003
 Account Domain:  Domain_A
 Logon ID:  0x70E4

Logon Information:
 Logon Type:  2
 Restricted Admin Mode: Yes
 Virtual Account:  No
 Elevated Token:  Yes

Impersonation Level:  Identification

New Logon:
 Security ID:  Domain_A\user_c
 Account Name:  user_c
 Account Domain:  Domain_A
 Logon ID:  0x5FC9
 Linked Logon ID:  FDF2
 Network Account Name: -
 Network Account Domain: -
 Logon GUID:  {00000000-0000-0000-0000-000000000000}

Process Information:
 Process ID:  0xFEE4
 Process Name:  C:\Windows\System32\example_c.exe

Network Information:
 Workstation Name: PROD-POS-003
 Source Network Address: -
 Source Port:  1095

Detailed Authentication Information:
 Logon Process:  Winlogon 
 Authentication Package: Kerberos
 Transited Services: service_A
 Package Name (NTLM only): -
 Key Length:  0

This event is generated when a logon session is created. It is generated on the computer that was accessed.

The subject fields indicate the account on the local system which requested the logon. This is most commonly a service such as the Server service, or a local process such as 5FAEC.exe or 5FAEC.exe.

The logon type field indicates the kind of logon that occurred. The most common types are 2 (interactive) and 3 (network).

The New Logon fields indicate the account for whom the new logon was created, i.e. the account that was logged on.

The network fields indicate where a remote logon request originated. Workstation name is not always available and may be left blank in some cases.

The impersonation level field indicates the extent to which a process in the logon session can impersonate.

The authentication information fields provide detailed information about this specific logon request.
 - Logon GUID is a unique identifier that can be used to correlate this event with a KDC event.
 - Transited services indicate which intermediate services have participated in this logon request.
 - Package name indicates which sub-protocol was used among the NTLM protocols.
 - Key length indicates the length of the generated session key. This will be 0 if no session key was requested.

","2020-02-13T20:04:57.000+0000",success,"win:local","An account was successfully logged on.

Subject:
 Security ID:  Domain_A\SYSTEM
 Account Name:  PROD-POS-003
 Account Domain:  Domain_A
 Logon ID:  0x70E4

Logon Information:
 Logon Type:  2
 Restricted Admin Mode: Yes
 Virtual Account:  No
 Elevated Token:  Yes

Impersonation Level:  Identification

New Logon:
 Security ID:  Domain_A\user_c
 Account Name:  user_c
 Account Domain:  Domain_A
 Logon ID:  0x5FC9
 Linked Logon ID:  FDF2
 Network Account Name: -
 Network Account Domain: -
 Logon GUID:  {00000000-0000-0000-0000-000000000000}

Process Information:
 Process ID:  0xFEE4
 Process Name:  C:\Windows\System32\example_c.exe

Network Information:
 Workstation Name: PROD-POS-003
 Source Network Address: -
 Source Port:  1095

Detailed Authentication Information:
 Logon Process:  Winlogon 
 Authentication Package: Kerberos
 Transited Services: service_A
 Package Name (NTLM only): -
 Key Length:  0

This event is generated when a logon session is created. It is generated on the computer that was accessed.

The subject fields indicate the account on the local system which requested the logon. This is most commonly a service such as the Server service, or a local process such as 5FAEC.exe or 5FAEC.exe.

The logon type field indicates the kind of logon that occurred. The most common types are 2 (interactive) and 3 (network).

The New Logon fields indicate the account for whom the new logon was created, i.e. the account that was logged on.

The network fields indicate where a remote logon request originated. Workstation name is not always available and may be left blank in some cases.

The impersonation level field indicates the extent to which a process in the logon session can impersonate.

The authentication information fields provide detailed information about this specific logon request.
 - Logon GUID is a unique identifier that can be used to correlate this event with a KDC event.
 - Transited services indicate which intermediate services have participated in this logon request.
 - Package name indicates which sub-protocol was used among the NTLM protocols.
 - Key length indicates the length of the generated session key. This will be 0 if no session key was requested.",,Logon,,,,20,13,4,february,57,thursday,2020,local,"PROD-POS-003",,,,,,,,,false,,,,"Domain_A","PROD-POS-003",,untrust,,false,false,false,,"PROD-POS-003",,,,,,,,,false,,,,"PROD-POS-003",,untrust,,false,false,false,,231460977,"windows_logon_success wineventlog_security wineventlog_windows winsec","PROD-POS-003",231460977,,main,,,,72,,,"PROD-POS-003
user_c","Domain_A\SYSTEM
Domain_A\user_c","Domain_A\",,"An account was successfully logged on",,WinEventLog,,,,,,,0xFEE4,Windows,,,"//_::_==____.====--====_=_____.:__:__\__:__--__:__",,,,0x5FC9,informational,0,,,"An account was successfully logged on",4624,"WinEventLog:Security",WinEventLog,"prd-p-g7nxxbgc3hgl",,"PROD-POS-003",,,,,,,,,false,,,,"Domain_A","PROD-POS-003",,untrust,1095,,false,,false,false,"PROD-POS-003",,,,,,,,,,,,,,,,,false,,,,,success,,"An account was successfully logged on",failure,,,"authentication
local
os
security
success
windows",,,,success,local,,,,"authentication
os
security
windows",,,,,,,,,,,,,,,22,0,,"user_c",,,,,,,,,,,,,,,,,,,false,,,,,Microsoft,,
,"Domain_A
Domain_A",,"BUSDEV-008
user_m",,,,,,,Kerberos,,,,,,,,,,,,,,,,"BUSDEV-008",,,,,,,,Yes,"-",4624,"An account was successfully logged on",0,,,,,,,,,,,Identification,,,0,,,"Audit Success",9C57,,,,Security,,,"{27C4A2F2-13CA-AA25-E903-D31268740239}",,"0x70E4
0x46BA",User32,2,,,,,,,"An account was successfully logged on.

Subject:
 Security ID:  Domain_A\SYSTEM
 Account Name:  BUSDEV-008
 Account Domain:  Domain_A
 Logon ID:  0x70E4

Logon Information:
 Logon Type:  2
 Restricted Admin Mode: -
 Virtual Account:  Yes
 Elevated Token:  Yes

Impersonation Level:  Identification

New Logon:
 Security ID:  Domain_A\user_m
 Account Name:  user_m
 Account Domain:  Domain_A
 Logon ID:  0x46BA
 Linked Logon ID:  9C57
 Network Account Name: user_d
 Network Account Domain: Domain_A
 Logon GUID:  {27C4A2F2-13CA-AA25-E903-D31268740239}

Process Information:
 Process ID:  0xFE5C
 Process Name:  C:\Windows\System32\example_e.exe

Network Information:
 Workstation Name: BUSDEV-008
 Source Network Address: 51.176.91.196
 Source Port:  54522

Detailed Authentication Information:
 Logon Process:  User32 
 Authentication Package: Kerberos
 Transited Services: service_D
 Package Name (NTLM only): -
 Key Length:  0

This event is generated when a logon session is created. It is generated on the computer that was accessed.

The subject fields indicate the account on the local system which requested the logon. This is most commonly a service such as the Server service, or a local process such as C4A65.exe or C4A65.exe.

The logon type field indicates the kind of logon that occurred. The most common types are 2 (interactive) and 3 (network).

The New Logon fields indicate the account for whom the new logon was created, i.e. the account that was logged on.

The network fields indicate where a remote logon request originated. Workstation name is not always available and may be left blank in some cases.

The impersonation level field indicates the extent to which a process in the logon session can impersonate.

The authentication information fields provide detailed information about this specific logon request.
 - Logon GUID is a unique identifier that can be used to correlate this event with a KDC event.
 - Transited services indicate which intermediate services have participated in this logon request.
 - Package name indicates which sub-protocol was used among the NTLM protocols.
 - Key length indicates the length of the generated session key. This will be 0 if no session key was requested.",,,,"Domain_A","user_d",,,,,,,,,,Info,,"-",,,,,,,,,,0xFE5C,"C:\Windows\System32\example_e.exe",,,438105562,"-",,,,,"Domain_A\SYSTEM
Domain_A\user_m",,,"Microsoft Windows security auditing.","51.176.91.196",54522,,,,,,,,,,,,,,,,,Logon,,,,"service_D",Information,,,,,,,,Yes,,,"BUSDEV-008","02/13/2020 08:04:56 PM
LogName=Security
SourceName= Microsoft Windows security auditing.
EventCode=4624
EventType=0
Type=Information
ComputerName=BUSDEV-008
TaskCategory=Logon
OpCode=Info
RecordNumber=438105562
Keywords=Audit Success
Message=An account was successfully logged on.

Subject:
 Security ID:  Domain_A\SYSTEM
 Account Name:  BUSDEV-008
 Account Domain:  Domain_A
 Logon ID:  0x70E4

Logon Information:
 Logon Type:  2
 Restricted Admin Mode: -
 Virtual Account:  Yes
 Elevated Token:  Yes

Impersonation Level:  Identification

New Logon:
 Security ID:  Domain_A\user_m
 Account Name:  user_m
 Account Domain:  Domain_A
 Logon ID:  0x46BA
 Linked Logon ID:  9C57
 Network Account Name: user_d
 Network Account Domain: Domain_A
 Logon GUID:  {27C4A2F2-13CA-AA25-E903-D31268740239}

Process Information:
 Process ID:  0xFE5C
 Process Name:  C:\Windows\System32\example_e.exe

Network Information:
 Workstation Name: BUSDEV-008
 Source Network Address: 51.176.91.196
 Source Port:  54522

Detailed Authentication Information:
 Logon Process:  User32 
 Authentication Package: Kerberos
 Transited Services: service_D
 Package Name (NTLM only): -
 Key Length:  0

This event is generated when a logon session is created. It is generated on the computer that was accessed.

The subject fields indicate the account on the local system which requested the logon. This is most commonly a service such as the Server service, or a local process such as C4A65.exe or C4A65.exe.

The logon type field indicates the kind of logon that occurred. The most common types are 2 (interactive) and 3 (network).

The New Logon fields indicate the account for whom the new logon was created, i.e. the account that was logged on.

The network fields indicate where a remote logon request originated. Workstation name is not always available and may be left blank in some cases.

The impersonation level field indicates the extent to which a process in the logon session can impersonate.

The authentication information fields provide detailed information about this specific logon request.
 - Logon GUID is a unique identifier that can be used to correlate this event with a KDC event.
 - Transited services indicate which intermediate services have participated in this logon request.
 - Package name indicates which sub-protocol was used among the NTLM protocols.
 - Key length indicates the length of the generated session key. This will be 0 if no session key was requested.

","2020-02-13T20:04:56.000+0000",success,"win:local","An account was successfully logged on.

Subject:
 Security ID:  Domain_A\SYSTEM
 Account Name:  BUSDEV-008
 Account Domain:  Domain_A
 Logon ID:  0x70E4

Logon Information:
 Logon Type:  2
 Restricted Admin Mode: -
 Virtual Account:  Yes
 Elevated Token:  Yes

Impersonation Level:  Identification

New Logon:
 Security ID:  Domain_A\user_m
 Account Name:  user_m
 Account Domain:  Domain_A
 Logon ID:  0x46BA
 Linked Logon ID:  9C57
 Network Account Name: user_d
 Network Account Domain: Domain_A
 Logon GUID:  {27C4A2F2-13CA-AA25-E903-D31268740239}

Process Information:
 Process ID:  0xFE5C
 Process Name:  C:\Windows\System32\example_e.exe

Network Information:
 Workstation Name: BUSDEV-008
 Source Network Address: 51.176.91.196
 Source Port:  54522

Detailed Authentication Information:
 Logon Process:  User32 
 Authentication Package: Kerberos
 Transited Services: service_D
 Package Name (NTLM only): -
 Key Length:  0

This event is generated when a logon session is created. It is generated on the computer that was accessed.

The subject fields indicate the account on the local system which requested the logon. This is most commonly a service such as the Server service, or a local process such as C4A65.exe or C4A65.exe.

The logon type field indicates the kind of logon that occurred. The most common types are 2 (interactive) and 3 (network).

The New Logon fields indicate the account for whom the new logon was created, i.e. the account that was logged on.

The network fields indicate where a remote logon request originated. Workstation name is not always available and may be left blank in some cases.

The impersonation level field indicates the extent to which a process in the logon session can impersonate.

The authentication information fields provide detailed information about this specific logon request.
 - Logon GUID is a unique identifier that can be used to correlate this event with a KDC event.
 - Transited services indicate which intermediate services have participated in this logon request.
 - Package name indicates which sub-protocol was used among the NTLM protocols.
 - Key length indicates the length of the generated session key. This will be 0 if no session key was requested.",,Logon,,,,20,13,4,february,56,thursday,2020,local,"BUSDEV-008",,,,,,,,,false,,,,"Domain_A","BUSDEV-008",,untrust,,false,false,false,,"BUSDEV-008",,,,,,,,,false,,,,"BUSDEV-008",,untrust,,false,false,false,,438105562,"windows_logon_success wineventlog_security wineventlog_windows winsec","BUSDEV-008",438105562,,main,,,,72,,,"BUSDEV-008
user_m","Domain_A\SYSTEM
Domain_A\user_m","Domain_A\",,"An account was successfully logged on",,WinEventLog,,,,,,,0xFE5C,Windows,,,"//_::_==____.====-====_=_____.:__:__\__:__-__:____",,,,0x46BA,informational,0,,,"An account was successfully logged on",4624,"WinEventLog:Security",WinEventLog,"prd-p-g7nxxbgc3hgl",,"BUSDEV-008",,,,,,,,"51.176.91.196",false,,,,"Domain_A","BUSDEV-008",,untrust,54522,,false,,false,false,"BUSDEV-008",,,,,,,,,,,,,,,,,false,,,,,success,,"An account was successfully logged on",failure,,,"authentication
local
os
security
success
windows",,,,success,local,,,,"authentication
os
security
windows",,,,,,,,,,,,,,,22,0,,"user_m",,,,,,,,,,,,,,,,,,,false,,,,,Microsoft,,
,"Domain_B",,"user_e
user_i",,,,,,,,"ops-sys-003",,,,,,,"Account Management",,,,,,,,"ops-sys-003",,,,,,,,,"-",4740,"A user account was locked out",0,,,,,,,,,,,,,,,,,"Audit Success",,,,,Security,,,,,0x0452,,,,,,,,,"A user account was locked out. 
Subject: 
	Security ID: Domain_B\user_e 
	Account Name: user_e
	Account Domain: Domain_B
	Logon ID: 0x0452
Account That Was Locked Out: 
	Security ID: Domain_B\user_i 
	Account Name: user_i
Additional Information: 
	Caller Computer Name: ops-sys-003",,,,,,,,,,,,,,,Info,,,,,,,,,,,,,,,,210209463,,,,,,"Domain_B\user_e
Domain_B\user_i",,,"Microsoft Windows security auditing.",,,,,,,,,,,,,,,,,,,"User Account Management",,,,,Information,,,,,,,,,,,,"02/13/2020 08:04:56 PM 
LogName=Security 
SourceName=Microsoft Windows security auditing.
EventCode=4740 
EventType=0 
Type=Information
ComputerName=ops-sys-003 
TaskCategory=User Account Management
OpCode=Info 
RecordNumber=210209463
Keywords=Audit Success
Message=A user account was locked out. 
Subject: 
	Security ID: Domain_B\user_e 
	Account Name: user_e
	Account Domain: Domain_B
	Logon ID: 0x0452
Account That Was Locked Out: 
	Security ID: Domain_B\user_i 
	Account Name: user_i
Additional Information: 
	Caller Computer Name: ops-sys-003
","2020-02-13T20:04:56.000+0000",modified,"win:unknown","A user account was locked out. 
Subject: 
	Security ID: Domain_B\user_e 
	Account Name: user_e
	Account Domain: Domain_B
	Logon ID: 0x0452
Account That Was Locked Out: 
	Security ID: Domain_B\user_i 
	Account Name: user_i
Additional Information: 
	Caller Computer Name: ops-sys-003",,"User Account Management",user,,,20,13,4,february,56,thursday,2020,local,"ops-sys-003",,,,,,,,,false,,,,"Domain_B","ops-sys-003",,untrust,,false,false,false,,"ops-sys-003",,,,,,,,,false,,,,"ops-sys-003 ",,untrust,,false,false,false,,210209463,"windows_account_lockout windows_account_management wineventlog_security wineventlog_windows winsec","ops-sys-003 ",210209463,,main,,,,23,,,"user_e
user_i","Domain_B\user_e
Domain_B\user_i","Domain_B\","locked out","A user account was locked out",,WinEventLog,user,,,,,,,Windows,,,"//_::__=_=___.=_=_==--_=__=_==_=_____._:_t_:_\_t_:",,,lockout,0x0452,informational,0,,,"A user account was locked out",4740,"WinEventLog:Security",WinEventLog,"prd-p-g7nxxbgc3hgl",,,,,,,,,,,,,,,"Domain_B\user_e
Domain_B","ops-sys-003",,,,,,,,,"user_e",,,,,,,,,,,,,,,,,false,,,,,success,,"A user account was locked out",failure,"Account Management",,"account
change
lock
lockout
management
os
security
windows",,,,,,,,,"account
change
lock
lockout
management
os
security
windows",,,,,,,,,,,,,,,22,0,,"user_i",,,,,,,,,,,,,,,,,,,false,,,,,Microsoft,,
,,,,,,,,,,"MICROSOFT_AUTHENTICATION_PACKAGE_V1_0",,,,,,,,,,,,,,,,"ops-sys-005",,,,,,,,,0xC0000234,4776,"The domain controller attempted to validate the credentials for an account",0,,,,,,,,,,,,,,,,,"Failure Audit",,,,,Security,,"user_m",,,,,,,,,,,,"The computer attempted to validate the credentials for an account.
Authentication Package: MICROSOFT_AUTHENTICATION_PACKAGE_V1_0
Logon Account: user_m
Source Workstation: ops-sys-005
Error Code: 0xC0000234",,,,,,,,,,,,,,,Info,,,,,,,,,,,,,,,,931628767,,,,,,,,,"Microsoft Windows security auditing.",,,"ops-sys-005",,,,,,,,,,,,,,,,"Credential Validation",,,,,Information,,,,,,,,,,,,"02/13/2020 08:04:54 PM
LogName=Security
SourceName=Microsoft Windows security auditing.
EventCode=4776
EventType=0
Type=Information
ComputerName=ops-sys-005
TaskCategory=Credential Validation
OpCode=Info
RecordNumber=931628767
Keywords=Failure Audit
Message=The computer attempted to validate the credentials for an account.
Authentication Package: MICROSOFT_AUTHENTICATION_PACKAGE_V1_0
Logon Account: user_m
Source Workstation: ops-sys-005
Error Code: 0xC0000234
","2020-02-13T20:04:54.000+0000",failure,"win:unknown","The computer attempted to validate the credentials for an account.
Authentication Package: MICROSOFT_AUTHENTICATION_PACKAGE_V1_0
Logon Account: user_m
Source Workstation: ops-sys-005
Error Code: 0xC0000234",,"Credential Validation",,,,20,13,4,february,54,thursday,2020,local,"ops-sys-005",,,,,,,,,false,,,,,"ops-sys-005",,untrust,,false,false,false,,"ops-sys-005",,,,,,,,,false,,,,"ops-sys-005",,untrust,,false,false,false,,931628767,"err0r nix_errors windows_account_used4logon wineventlog_security wineventlog_windows winsec","ops-sys-005",931628767,,main,,,,17,,,,,,,"The domain controller attempted to validate the credentials for an account",,WinEventLog,,,,,,,,Windows,,,"//_::_==___.====--=_===_=_________._:__:__:_--_:_",,,,,informational,0,,,"The domain controller attempted to validate the credentials for an account",4776,"WinEventLog:Security",WinEventLog,"prd-p-g7nxxbgc3hgl",,"ops-sys-005",,,,,,,,,false,,,,,"ops-sys-005",,untrust,,,false,,false,false,,,,,,,,,,,,,,,,,,,,,,,failure,,"The domain controller attempted to validate the credentials for an account",failure,,,"authentication
error
failure
os
security
windows",,,,failure,,,,,"authentication
error
os
security
windows",,,,,,,,,,,,,,,22,0,,"user_m",,,,,,,,,,,,,,,,,,,false,,,,,Microsoft,,
,,,,,,,,,,"MICROSOFT_AUTHENTICATION_PACKAGE_V1_0",,,,,,,,,,,,,,,,"ACME-005",,,,,,,,,0xC000006D,4776,"The domain controller attempted to validate the credentials for an account",0,,,,,,,,,,,,,,,,,"Failure Audit",,,,,Security,,"user_f",,,,,,,,,,,,"The computer attempted to validate the credentials for an account.
Authentication Package: MICROSOFT_AUTHENTICATION_PACKAGE_V1_0
Logon Account: user_f
Source Workstation: ACME-005
Error Code: 0xC000006D",,,,,,,,,,,,,,,Info,,,,,,,,,,,,,,,,36573478,,,,,,,,,"Microsoft Windows security auditing.",,,"ACME-005",,,,,,,,,,,,,,,,"Credential Validation",,,,,Information,,,,,,,,,,,,"02/13/2020 08:04:53 PM
LogName=Security
SourceName=Microsoft Windows security auditing.
EventCode=4776
EventType=0
Type=Information
ComputerName=ACME-005
TaskCategory=Credential Validation
OpCode=Info
RecordNumber=36573478
Keywords=Failure Audit
Message=The computer attempted to validate the credentials for an account.
Authentication Package: MICROSOFT_AUTHENTICATION_PACKAGE_V1_0
Logon Account: user_f
Source Workstation: ACME-005
Error Code: 0xC000006D
","2020-02-13T20:04:53.000+0000",failure,"win:unknown","The computer attempted to validate the credentials for an account.
Authentication Package: MICROSOFT_AUTHENTICATION_PACKAGE_V1_0
Logon Account: user_f
Source Workstation: ACME-005
Error Code: 0xC000006D",,"Credential Validation",,,,20,13,4,february,53,thursday,2020,local,"ACME-005",,,,,,,,,false,,,,,"ACME-005",,untrust,,false,false,false,,"ACME-005",,,,,,,,,false,,,,"ACME-005",,untrust,,false,false,false,,36573478,"err0r nix_errors windows_account_used4logon wineventlog_security wineventlog_windows winsec","ACME-005",36573478,,main,,,,17,,,,,,,"The domain controller attempted to validate the credentials for an account",,WinEventLog,,,,,,,,Windows,,,"//_::_==___.====-=_===_=_________._:__:__:_-_:_",,,,,informational,0,,,"The domain controller attempted to validate the credentials for an account",4776,"WinEventLog:Security",WinEventLog,"prd-p-g7nxxbgc3hgl",,"ACME-005",,,,,,,,,false,,,,,"ACME-005",,untrust,,,false,,false,false,,,,,,,,,,,,,,,,,,,,,,,failure,,"The domain controller attempted to validate the credentials for an account",failure,,,"authentication
error
failure
os
security
windows",,,,failure,,,,,"authentication
error
os
security
windows",,,,,,,,,,,,,,,22,0,,"user_f",,,,,,,,,,,,,,,,,,,false,,,,,Microsoft,,
,"Domain_E",,"user_f",,,,,,,,,,,,,,,,,,,,,,,"COREDEV-002",,,,,,,,,"-",4673,"A privileged service was called",0,,,,,,,,,,,,,,,,,"Audit Success",,,,,Security,,,,,0xA369,,,,,,,,,"A privileged service was called.

Subject:
	Security ID:		Domain_E\user_f
	Account Name:		user_f
	Account Domain:		Domain_E
	Logon ID:		0xA369

Service:
	Server:	NT Local Security Authority / Authentication Service
	Service Name:	LsaRegisterLogonProcess()

Process:
	Process ID:	0xBC21
	Process Name:	C:\Windows\System32\example_f.exe

Service Request Information:
	Privileges:		SeDebugPrivilege",,,,,,,,,,,,,,,Info,,,,,,,,,,,SeDebugPrivilege,0xBC21,"C:\Windows\System32\example_f.exe",,,476873929,,,,,,"Domain_E\user_f","NT Local Security Authority / Authentication Service","LsaRegisterLogonProcess()","Microsoft Windows security auditing.",,,,,,,,,,,,,,,,,,,"Sensitive Privilege Use",,,,,Information,,,,,,,,,,,,"02/13/2020 08:04:52 PM
LogName=Security
SourceName=Microsoft Windows security auditing.
EventCode=4673
EventType=0
Type=Information
ComputerName=COREDEV-002
TaskCategory=Sensitive Privilege Use
OpCode=Info
RecordNumber=476873929
Keywords=Audit Success
Message=A privileged service was called.

Subject:
	Security ID:		Domain_E\user_f
	Account Name:		user_f
	Account Domain:		Domain_E
	Logon ID:		0xA369

Service:
	Server:	NT Local Security Authority / Authentication Service
	Service Name:	LsaRegisterLogonProcess()

Process:
	Process ID:	0xBC21
	Process Name:	C:\Windows\System32\example_f.exe

Service Request Information:
	Privileges:		SeDebugPrivilege
","2020-02-13T20:04:52.000+0000",success,"win:unknown","A privileged service was called.

Subject:
	Security ID:		Domain_E\user_f
	Account Name:		user_f
	Account Domain:		Domain_E
	Logon ID:		0xA369

Service:
	Server:	NT Local Security Authority / Authentication Service
	Service Name:	LsaRegisterLogonProcess()

Process:
	Process ID:	0xBC21
	Process Name:	C:\Windows\System32\example_f.exe

Service Request Information:
	Privileges:		SeDebugPrivilege",,"Sensitive Privilege Use",,,,20,13,4,february,52,thursday,2020,local,"COREDEV-002",,,,,,,,,false,,,,"Domain_E","COREDEV-002",,untrust,,false,false,false,,"COREDEV-002",,,,,,,,,false,,,,"COREDEV-002",,untrust,,false,false,false,,476873929,"windows_privileged_service_call wineventlog_security wineventlog_windows winsec","COREDEV-002",476873929,,main,,,,30,,,"user_f","Domain_E\user_f","Domain_E\",,"A privileged service was called",,WinEventLog,,,,,"Debug programs",SeDebugPrivilege,,Windows,,,"//_::_==___.====-=__===_=____.:t_:tt\t_:ttt_:ttt_:",,,,0xA369,informational,0,,,"A privileged service was called",4673,"WinEventLog:Security",WinEventLog,"prd-p-g7nxxbgc3hgl",,,,,,,,,,,,,,,"Domain_E",,,,,,,,,,,,,,,,,,,,,,,,,,,,,,,,success,,"A privileged service was called",failure,,,"execute
os
privileged
process
security
start
success
windows",,,,success,,,,,"execute
os
privileged
process
security
start
windows",,,,,,,,,,,,,,,22,0,,"user_f",,,,,,,,,,,,,,,,,,,false,,,,,Microsoft,SeDebugPrivilege,
,"Domain_B
Domain_B",,"user_d
user_g",,,,,,,,,,,,,,,"Account Management",,,,,,,,"PROD-MFS-004",,,,,,,,,"-",4743,"A computer account was deleted",0,,,,,,,,,,,,,,,,,"Audit Success",,,,,Security,,,,,0x3EC3,,,,,,,,,"A computer account was deleted.

Subject:
	Security ID:		Domain_B\user_d
	Account Name:		user_d
	Account Domain:		Domain_B
	Logon ID:		0x3EC3

Target Computer:
	Security ID:		Domain_B\user_g
	Account Name:		user_g
	Account Domain:		Domain_B

Additional Information:
	Privileges:	SeRestorePrivilege",,,,,,,,,,,,,,,Info,,,,,,,,,,,SeRestorePrivilege,,,,,649675391,,,,,,"Domain_B\user_d
Domain_B\user_g",,,"Microsoft Windows security auditing.",,,,,,,,,,,,,,,,,,,"Computer Account Management",,,,,Information,,,,,,,,,,,,"02/13/2020 08:04:51 PM
LogName=Security
SourceName=Microsoft Windows security auditing.
EventCode=4743
EventType=0
Type=Information
ComputerName=PROD-MFS-004
TaskCategory=Computer Account Management
OpCode=Info
RecordNumber=649675391
Keywords=Audit Success
Message=A computer account was deleted.

Subject:
	Security ID:		Domain_B\user_d
	Account Name:		user_d
	Account Domain:		Domain_B
	Logon ID:		0x3EC3

Target Computer:
	Security ID:		Domain_B\user_g
	Account Name:		user_g
	Account Domain:		Domain_B

Additional Information:
	Privileges:	SeRestorePrivilege
","2020-02-13T20:04:51.000+0000",deleted,"win:unknown","A computer account was deleted.

Subject:
	Security ID:		Domain_B\user_d
	Account Name:		user_d
	Account Domain:		Domain_B
	Logon ID:		0x3EC3

Target Computer:
	Security ID:		Domain_B\user_g
	Account Name:		user_g
	Account Domain:		Domain_B

Additional Information:
	Privileges:	SeRestorePrivilege",,"Computer Account Management",user,,,20,13,4,february,51,thursday,2020,local,"PROD-MFS-004",,,,,,,,,false,,,,"Domain_B","PROD-MFS-004",,untrust,,false,false,false,,"PROD-MFS-004",,,,,,,,,false,,,,"PROD-MFS-004",,untrust,,false,false,false,,649675391,"windows_account_deleted windows_account_management wineventlog_security wineventlog_windows winsec","PROD-MFS-004",649675391,,main,,,,27,,,"user_d
user_g","Domain_B\user_d
Domain_B\user_g","Domain_B\",deleted,"A computer account was deleted",,WinEventLog,user,,,,"Restore files and directories",SeRestorePrivilege,,Windows,,,"//_::_==___.====--=__===_=____.:t_:tt\t_:ttt_:ttt_",,,,0x3EC3,informational,0,,,"A computer account was deleted",4743,"WinEventLog:Security",WinEventLog,"prd-p-g7nxxbgc3hgl",,,,,,,,,,,,,,,"Domain_B",,,,,,,,,,"user_d",,,,,,,,,,,,,,,,,false,,,,,success,,"A computer account was deleted",failure,"Account Management",,"account
change
delete
management
os
security
windows",,,,,,,,,"account
change
delete
management
os
security
windows",,,,,,,,,,,,,,,22,0,,"user_g",,,,,,,,,,,,,,,,,,,false,,,,,Microsoft,SeRestorePrivilege,
,"TASERVER$
TASERVER$",,"ADMINISTRATOR
ADMINISTRATOR",,"TASERVER$",,,,,,,,,,,,,,,,,,,,,"ACME-001",,,,,,,,,"-",4648,"A logon was attempted using explicit credentials",Information,,,,,,,,,,,,,,,,,"Audit Success",,,,,Security,,,A369,,"0x9F2	Logon GUID:		A369",,,,,,,,,"A logon was attempted using explicit credentials.

Subject:
	Security ID:		WINDOWS\SERVER2012$
	Account Name:		ADMINISTRATOR
	Account Domain:		TASERVER$
	Logon ID:		0x9F2	Logon GUID:		A369

Account Whose Credentials Were Used:
	Account Name:		ADMINISTRATOR
	Account Domain:		TASERVER$
	Logon GUID:		A369

Target Server:
	Target Server Name:	TASERVER$
	Additional Information:	TASERVER$

Process Information:
	Process ID:		0x9F2	Process Name:		abc\file\path\94894EC.exe

Network Information:
	Network Address:	102.181.234.56
	Port:			913

This event is generated when a process attempts to log on an account by explicitly specifying that account’s credentials.  This most commonly occurs in batch-type configurations such as scheduled tasks, or when using the RUNAS command.",,,,,,"102.181.234.56",,,,,,,,,Info,,,,,,913,,,,,,"0x9F2	Process Name:		abc\file\path\94894EC.exe",,,,735764641,,,,,,"WINDOWS\SERVER2012$",,,"Microsoft Windows security auditing.",,,,,,,,,,,,,,,,,"TASERVER$",,"Authentication Policy Change",,,,,Information,,,,,,,,,,,,"02/13/2020 08:04:51 PM
LogName=Security
SourceName=Microsoft Windows security auditing.
EventCode=4648
EventType=Information
Type=Information
ComputerName=ACME-001
TaskCategory=Authentication Policy Change
OpCode=Info
RecordNumber=735764641
Keywords=Audit Success
Message=A logon was attempted using explicit credentials.

Subject:
	Security ID:		WINDOWS\SERVER2012$
	Account Name:		ADMINISTRATOR
	Account Domain:		TASERVER$
	Logon ID:		0x9F2	Logon GUID:		A369

Account Whose Credentials Were Used:
	Account Name:		ADMINISTRATOR
	Account Domain:		TASERVER$
	Logon GUID:		A369

Target Server:
	Target Server Name:	TASERVER$
	Additional Information:	TASERVER$

Process Information:
	Process ID:		0x9F2	Process Name:		abc\file\path\94894EC.exe

Network Information:
	Network Address:	102.181.234.56
	Port:			913

This event is generated when a process attempts to log on an account by explicitly specifying that account’s credentials.  This most commonly occurs in batch-type configurations such as scheduled tasks, or when using the RUNAS command.

","2020-02-13T20:04:51.000+0000",success,"win:remote","A logon was attempted using explicit credentials.

Subject:
	Security ID:		WINDOWS\SERVER2012$
	Account Name:		ADMINISTRATOR
	Account Domain:		TASERVER$
	Logon ID:		0x9F2	Logon GUID:		A369

Account Whose Credentials Were Used:
	Account Name:		ADMINISTRATOR
	Account Domain:		TASERVER$
	Logon GUID:		A369

Target Server:
	Target Server Name:	TASERVER$
	Additional Information:	TASERVER$

Process Information:
	Process ID:		0x9F2	Process Name:		abc\file\path\94894EC.exe

Network Information:
	Network Address:	102.181.234.56
	Port:			913

This event is generated when a process attempts to log on an account by explicitly specifying that account’s credentials.  This most commonly occurs in batch-type configurations such as scheduled tasks, or when using the RUNAS command.",,"Authentication Policy Change",,,,20,13,4,february,51,thursday,2020,local,"TASERVER$",,,,,,,,,false,,,,"TASERVER$","TASERVER$",,untrust,,false,false,false,,"ACME-001",,,,,,,,,false,,,,"ACME-001",,untrust,,false,false,false,,735764641,"windows_logon_explicit wineventlog_security wineventlog_windows winsec","ACME-001",735764641,,main,,,,38,,,"ADMINISTRATOR
ADMINISTRATOR","WINDOWS\SERVER2012$","WINDOWS\",,"A logon was attempted using explicit credentials",,WinEventLog,,,,,,,0x9F2,Windows,,,"//_::_==___.====-=__===_=______.:t_:tt\$t_:ttt_:tt",,,,"0x9F2	Logon GUID:		A369",informational,Information,,,"A logon was attempted using explicit credentials",4648,"WinEventLog:Security",WinEventLog,"prd-p-g7nxxbgc3hgl",,,,,,,,,,,,,,,"TASERVER$",,,,,,,,,,ADMINISTRATOR,,,,,,,,,,,,,,,,,false,,,,,success,,"A logon was attempted using explicit credentials",failure,,,"authentication
os
privileged
remote
security
success
windows",,,,success,remote,,,,"authentication
os
privileged
security
windows",,,,,,,,,,,,,,,22,0,,ADMINISTRATOR,,,,,,,,,,,,,,,,,,,false,,,,,Microsoft,,
,"Domain_B",,"user_n",,,,,,,,,,,,,,,,,,,,,,,"SE-003",,,,,,,,,"-",1102,"The audit log was cleared",4,,,,,,,,,,,,,,,,,"Audit Success",,,,,Security,,,,,0x4D76,,,,,,,,,"The audit log was cleared.
Subject:
	Security ID:		Domain_B\user_n
	Account Name:		user_n
	Account Domain:		Domain_B
	Logon ID:		0x4D76",,,,,,,,,,,,,,,Info,,,,,,,,,,,,,,,,937357099,,,,,,"Domain_B\user_n",,,"Microsoft-Windows-Eventlog",,,,,,,,,,,,,,,,,,,"Log clear",,,,,Information,,,,,,,,,,,,"02/13/2020 08:04:51 PM
