LogName=Security
SourceName=Microsoft-Windows-Eventlog
EventCode=1102
EventType=4
Type=Information
ComputerName=SE-003
TaskCategory=Log clear
OpCode=Info
RecordNumber=937357099
Keywords=Audit Success
Message=The audit log was cleared.
Subject:
	Security ID:		Domain_B\user_n
	Account Name:		user_n
	Account Domain:		Domain_B
	Logon ID:		0x4D76
","2020-02-13T20:04:51.000+0000",cleared,"win:unknown","The audit log was cleared.
Subject:
	Security ID:		Domain_B\user_n
	Account Name:		user_n
	Account Domain:		Domain_B
	Logon ID:		0x4D76",,"Log clear",audit,,,20,13,4,february,51,thursday,2020,local,"SE-003",,,,,,,,,false,,,,"Domain_B","SE-003",,untrust,,false,false,false,,"SE-003",,,,,,,,,false,,,,"SE-003",,untrust,,false,false,false,,937357099,"windows_audit_log_cleared wineventlog_security wineventlog_windows winsec","SE-003",937357099,,main,,,,18,,,"user_n","Domain_B\user_n","Domain_B\",,"The audit log was cleared",,WinEventLog,audit,,,,,,,Windows,,,"//_::_==--====-=_===_=____.:t_:tt\t_:ttt_:ttt_:tt",,,,0x4D76,informational,4,,,"The audit log was cleared",1102,"WinEventLog:Security",WinEventLog,"prd-p-g7nxxbgc3hgl",,,,,,,,,,,,,,,"Domain_B",,,,,,,,,,,,,,,,,,,,,,,,,,,,,,,,success,,"The audit log was cleared",failure,,,"audit
change
cleared
delete
endpoint
os
security
watchlist
windows",,,,,,,,,"audit
change
cleared
delete
endpoint
os
security
watchlist
windows",,,,,,,,,,,,,,,22,0,,"user_n",,,,,,,,,,,,,,,,,,,false,,,,,Microsoft,,
,"Domain_C
Domain_C",,"user_b
user_d",,,,,,,,,,,,,,,"Account Management",,,,,,,,"PROD-MFS-004",,,,,,,,,"-",4724,"An attempt was made to reset an accounts password",0,,,,,,,,,,,,,,,,,"Audit Success",,,,,Security,,,,,0x3A81,,,,,,,,,"An attempt was made to reset an account's password.
Subject:
	Security ID:  Domain_C\user_b
	Account Name:  user_b
	Account Domain:  Domain_C
	Logon ID:  0x3A81
Target Account:
	Security ID:  Domain_C\user_d
	Account Name:  user_d
	Account Domain:  Domain_C",,,,,,,,,,,,,,,Info,,,,,,,,,,,,,,,,752482246,,,,,,"Domain_C\user_b
Domain_C\user_d",,,"Microsoft Windows security auditing.",,,,,,,,,,,,,,,,,,,"User Account Management",,,,,Information,,,,,,,,,,,,"02/13/2020 08:04:50 PM
LogName=Security
SourceName=Microsoft Windows security auditing.
EventCode=4724
EventType=0
Type=Information
ComputerName=PROD-MFS-004
TaskCategory=User Account Management
OpCode=Info
RecordNumber=752482246
Keywords=Audit Success
Message=An attempt was made to reset an account's password.
Subject:
	Security ID:  Domain_C\user_b
	Account Name:  user_b
	Account Domain:  Domain_C
	Logon ID:  0x3A81
Target Account:
	Security ID:  Domain_C\user_d
	Account Name:  user_d
	Account Domain:  Domain_C
","2020-02-13T20:04:50.000+0000",modified,"win:unknown","An attempt was made to reset an account's password.
Subject:
	Security ID:  Domain_C\user_b
	Account Name:  user_b
	Account Domain:  Domain_C
	Logon ID:  0x3A81
Target Account:
	Security ID:  Domain_C\user_d
	Account Name:  user_d
	Account Domain:  Domain_C",,"User Account Management",user,,,20,13,4,february,50,thursday,2020,local,"PROD-MFS-004",,,,,,,,,false,,,,"Domain_C","PROD-MFS-004",,untrust,,false,false,false,,"PROD-MFS-004",,,,,,,,,false,,,,"PROD-MFS-004",,untrust,,false,false,false,,752482246,"windows_account_management windows_account_password_set wineventlog_security wineventlog_windows winsec","PROD-MFS-004",752482246,,main,,,,22,,,"user_b
user_d","Domain_C\user_b
Domain_C\user_d","Domain_C\","reset an account's password","An attempt was made to reset an accounts password",,WinEventLog,user,,,,,,,Windows,,,"//_::_==___.====--=__===_=_______'_.:t_:__\t_:__t_",,,,0x3A81,informational,0,,,"An attempt was made to reset an accounts password",4724,"WinEventLog:Security",WinEventLog,"prd-p-g7nxxbgc3hgl",,,,,,,,,,,,,,,"Domain_C",,,,,,,,,,"user_b",,,,,,,,,,,,,,,,,false,,,,,success,,"An attempt was made to reset an accounts password",failure,"Account Management",,"account
change
management
modify
os
password
security
windows",,,,,,,,,"account
change
management
modify
os
password
security
windows",,,,,,,,,,,,,,,22,0,,"user_d",,,,,,,,,,,,,,,,,,,false,,,,,Microsoft,,
,"Domain_C",,"user_n",,,,,,,,,,,,,,,,,,,,,,,"BUSDEV-003",,,,,,,,,"-",4689,"A process has exited",0,0xC552F5,,,,,,,,,,,,,,,,"Audit Success",,,,,Security,,,,,0x4D76,,,,,,,,,"A process has exited.

Subject:
	Security ID:		Domain_C\user_n
	Account Name:		user_n
	Account Domain:		Domain_C
	Logon ID:		0x4D76

Process Information:
	Process ID:	0xABFC
	Process Name:	C:\Windows\System32\example_d.exe
	Exit Status:	0xC552F5",,,,,,,,,,,,,,,Info,,,,,,,,,,,,0xABFC,"C:\Windows\System32\example_d.exe",,,926088352,,,,,,"Domain_C\user_n",,,"Microsoft Windows security auditing.",,,,,,,,,,,,,,,,,,,"Process Termination",,,,,Information,,,,,,,,,,,,"02/13/2020 08:04:50 PM
LogName=Security
SourceName=Microsoft Windows security auditing.
EventCode=4689
EventType=0
Type=Information
ComputerName=BUSDEV-003
TaskCategory=Process Termination
OpCode=Info
RecordNumber=926088352
Keywords=Audit Success
Message=A process has exited.

Subject:
	Security ID:		Domain_C\user_n
	Account Name:		user_n
	Account Domain:		Domain_C
	Logon ID:		0x4D76

Process Information:
	Process ID:	0xABFC
	Process Name:	C:\Windows\System32\example_d.exe
	Exit Status:	0xC552F5
","2020-02-13T20:04:50.000+0000",success,"win:unknown","A process has exited.

Subject:
	Security ID:		Domain_C\user_n
	Account Name:		user_n
	Account Domain:		Domain_C
	Logon ID:		0x4D76

Process Information:
	Process ID:	0xABFC
	Process Name:	C:\Windows\System32\example_d.exe
	Exit Status:	0xC552F5",,"Process Termination",,,,20,13,4,february,50,thursday,2020,local,"BUSDEV-003",,,,,,,,,false,,,,"Domain_C","BUSDEV-003",,untrust,,false,false,false,,"BUSDEV-003",,,,,,,,,false,,,,"BUSDEV-003",,untrust,,false,false,false,,926088352,"windows_process_exit wineventlog_security wineventlog_windows winsec","BUSDEV-003",926088352,,main,,,,24,,,"user_n","Domain_C\user_n","Domain_C\",,"A process has exited",,WinEventLog,,,,,,,,Windows,,,"//_::_==___.====-=_===_=___.:t_:tt\t_:ttt_:ttt_:tt",,,,0x4D76,informational,0,,,"A process has exited",4689,"WinEventLog:Security",WinEventLog,"prd-p-g7nxxbgc3hgl",,,,,,,,,,,,,,,"Domain_C",,,,,,,,,,,,,,,,,,,,,,,,,,,,,,,,success,,"A process has exited",failure,,,"execute
os
process
security
stop
success
windows",,,,success,,,,,"execute
os
process
security
stop
windows",,,,,,,,,,,,,,,22,0,,"user_n",,,,,,,,,,,,,,,,,,,false,,,,,Microsoft,,
,"Domain_A
Domain_A",,"user_i
user_j",,,,,,,,,,,,,,,"Account Management",,,,,,,,"COREDEV-003",,,,,,,,,"-",4726,"A user account was deleted",0,,,,,,,,,,,,,,,,,"Audit Success",,,,,Security,,,,,0x5F25,,,,,,,,,"A user account was deleted.

Subject:
	Security ID:		Domain_A\user_i
	Account Name:		user_i
	Account Domain:		Domain_A
	Logon ID:		0x5F25

Target Account:
	Security ID:		Domain_A\user_j
	Account Name:		user_j
	Account Domain:		Domain_A

Additional Information:
	Privileges	-",,,,,,,,,,,,,,,Info,,,,,,,,,,,,,,,,57410781,,,,,,"Domain_A\user_i
Domain_A\user_j",,,"Microsoft Windows security auditing.",,,,,,,,,,,,,,,,,,,"User Account Management",,,,,Information,,,,,,,,,,,,"02/13/2020 08:04:50 PM
LogName=Security
SourceName=Microsoft Windows security auditing.
EventCode=4726
EventType=0
Type=Information
ComputerName=COREDEV-003
TaskCategory=User Account Management
OpCode=Info
RecordNumber=57410781
Keywords=Audit Success
Message=A user account was deleted.

Subject:
	Security ID:		Domain_A\user_i
	Account Name:		user_i
	Account Domain:		Domain_A
	Logon ID:		0x5F25

Target Account:
	Security ID:		Domain_A\user_j
	Account Name:		user_j
	Account Domain:		Domain_A

Additional Information:
	Privileges	-
","2020-02-13T20:04:50.000+0000",deleted,"win:unknown","A user account was deleted.

Subject:
	Security ID:		Domain_A\user_i
	Account Name:		user_i
	Account Domain:		Domain_A
	Logon ID:		0x5F25

Target Account:
	Security ID:		Domain_A\user_j
	Account Name:		user_j
	Account Domain:		Domain_A

Additional Information:
	Privileges	-",,"User Account Management",user,,,20,13,4,february,50,thursday,2020,local,"COREDEV-003",,,,,,,,,false,,,,"Domain_A","COREDEV-003",,untrust,,false,false,false,,"COREDEV-003",,,,,,,,,false,,,,"COREDEV-003",,untrust,,false,false,false,,57410781,"windows_account_deleted windows_account_management wineventlog_security wineventlog_windows winsec","COREDEV-003",57410781,,main,,,,27,,,"user_i
user_j","Domain_A\user_i
Domain_A\user_j","Domain_A\",deleted,"A user account was deleted",,WinEventLog,user,,,,,,,Windows,,,"//_::_==___.====-=__===_=____.:t_:tt\t_:ttt_:ttt_:",,,,0x5F25,informational,0,,,"A user account was deleted",4726,"WinEventLog:Security",WinEventLog,"prd-p-g7nxxbgc3hgl",,,,,,,,,,,,,,,"Domain_A",,,,,,,,,,"user_i",,,,,,,,,,,,,,,,,false,,,,,success,,"A user account was deleted",failure,"Account Management",,"account
change
delete
management
os
security
windows",,,,,,,,,"account
change
delete
management
os
security
windows",,,,,,,,,,,,,,,22,0,,"user_j",,,,,,,,,,,,,,,,,,,false,,,,,Microsoft,,
,"Domain_B
Domain_B","2020-02-13 20:04:48 PM","user_h
user_d",,,,,"server_2/computer_b",,,,,,,,,,"Account Management",,,,,,,,"COREDEV-004",,,ddd,,,,,,"-",4720,"A user account was created",0,,,,,,,,"\a\b","A:",,,,,,,,"Audit Success",,,,,Security,,,,All,0xA19C,,,,"SAM Account Name: user_f
	Display Name: ddd
	User Principal Name: eee@AAA.local
	Home Directory: \a\b
	Home Drive: A:
	Script Path: \a\g
	Profile Path: <value not set>
	User Workstations: CCC
	Password Last Set: 2020-02-13 20:04:48 PM
	Account Expires: 2020-02-13 20:04:48 PM
	Primary Group ID: 616
	Allowed To Delegate To: server_2/computer_b
	Old UAC Value: 52E1BBE
	New UAC Value: 59FA2CC
	User Account Control: TRUSTED_FOR_DELEGATION - Enabled
	User Parameters: <value not set>
	SID History: Domain_b/bbb
	Logon Hours: All",,,,,"A User account was created. 
Subject: 
	Security ID: Domain_B\user_h
	Account Name: user_h
	Account Domain: Domain_B
	Logon ID: 0xA19C
New Account: 
	Security ID: Domain_B\user_d
	Account Name: user_d
	Account Domain: Domain_B
Attributes: 
	SAM Account Name: user_f
	Display Name: ddd
	User Principal Name: eee@AAA.local
	Home Directory: \a\b
	Home Drive: A:
	Script Path: \a\g
	Profile Path: <value not set>
	User Workstations: CCC
	Password Last Set: 2020-02-13 20:04:48 PM
	Account Expires: 2020-02-13 20:04:48 PM
	Primary Group ID: 616
	Allowed To Delegate To: server_2/computer_b
	Old UAC Value: 52E1BBE
	New UAC Value: 59FA2CC
	User Account Control: TRUSTED_FOR_DELEGATION - Enabled
	User Parameters: <value not set>
	SID History: Domain_b/bbb
	Logon Hours: All
Additional Information:
	Privileges -",,,,,,,,,,,,59FA2CC,,52E1BBE,Info,,,,"2020-02-13 20:04:48 PM",,,,616,,,,,,"<value not set>",,64135991,,,"user_f","Domain_b/bbb","\a\g","Domain_B\user_h
Domain_B\user_d",,,"Microsoft Windows security auditing.",,,,,,,,,,,,,,,,,,,"User Account Management",,,,,Information,,"TRUSTED_FOR_DELEGATION - Enabled",,,"<value not set>","eee@AAA.local",CCC,,,,,"02/13/2020 08:04:48 PM
LogName=Security
SourceName=Microsoft Windows security auditing.
EventCode=4720
EventType=0
Type=Information
ComputerName=COREDEV-004
TaskCategory=User Account Management
OpCode=Info
RecordNumber=64135991
Keywords=Audit Success
Message=A User account was created. 
Subject: 
	Security ID: Domain_B\user_h
	Account Name: user_h
	Account Domain: Domain_B
	Logon ID: 0xA19C
New Account: 
	Security ID: Domain_B\user_d
	Account Name: user_d
	Account Domain: Domain_B
Attributes: 
	SAM Account Name: user_f
	Display Name: ddd
	User Principal Name: eee@AAA.local
	Home Directory: \a\b
	Home Drive: A:
	Script Path: \a\g
	Profile Path: <value not set>
	User Workstations: CCC
	Password Last Set: 2020-02-13 20:04:48 PM
	Account Expires: 2020-02-13 20:04:48 PM
	Primary Group ID: 616
	Allowed To Delegate To: server_2/computer_b
	Old UAC Value: 52E1BBE
	New UAC Value: 59FA2CC
	User Account Control: TRUSTED_FOR_DELEGATION - Enabled
	User Parameters: <value not set>
	SID History: Domain_b/bbb
	Logon Hours: All
Additional Information:
	Privileges -
","2020-02-13T20:04:48.000+0000",created,"win:unknown","A User account was created. 
Subject: 
	Security ID: Domain_B\user_h
	Account Name: user_h
	Account Domain: Domain_B
	Logon ID: 0xA19C
New Account: 
	Security ID: Domain_B\user_d
	Account Name: user_d
	Account Domain: Domain_B
Attributes: 
	SAM Account Name: user_f
	Display Name: ddd
	User Principal Name: eee@AAA.local
	Home Directory: \a\b
	Home Drive: A:
	Script Path: \a\g
	Profile Path: <value not set>
	User Workstations: CCC
	Password Last Set: 2020-02-13 20:04:48 PM
	Account Expires: 2020-02-13 20:04:48 PM
	Primary Group ID: 616
	Allowed To Delegate To: server_2/computer_b
	Old UAC Value: 52E1BBE
	New UAC Value: 59FA2CC
	User Account Control: TRUSTED_FOR_DELEGATION - Enabled
	User Parameters: <value not set>
	SID History: Domain_b/bbb
	Logon Hours: All
Additional Information:
	Privileges -",,"User Account Management",user,,,20,13,4,february,48,thursday,2020,local,"COREDEV-004",,,,,,,,,false,,,,"Domain_B","COREDEV-004",,untrust,,false,false,false,,"COREDEV-004",,,,,,,,,false,,,,"COREDEV-004",,untrust,,false,false,false,,64135991,"windows_account_created windows_account_management wineventlog_security wineventlog_windows winsec","COREDEV-004",64135991,,main,,,,43,,,"user_h
user_d","Domain_B\user_h
Domain_B\user_d","Domain_B\",,"A user account was created",,WinEventLog,user,,,,,,,Windows,,,"//_::_==___.====-=__===_=____._:_t_:_\t_:_t_:_t_:_",,,,0xA19C,informational,0,,,"A user account was created",4720,"WinEventLog:Security",WinEventLog,"prd-p-g7nxxbgc3hgl",,,,,,,,,,,,,,,"Domain_B",,,,,,,,,,"user_h",,,,,,,,,,,,,,,,,false,,,,,success,,"A user account was created",failure,"Account Management",,"account
add
change
management
os
security
windows",,,,,,,,,"account
add
change
management
os
security
windows",,,,,,,,,,,,,,,22,0,,"user_d",,,,,,616,,,,,,,,,,,,,false,,,,,Microsoft,,
,"Domain_D
Domain_D",,"user_d
user_g",,,,,,,,,,,,,,,"Account Management",,,,,,,,"BUSDEV-004",,,,,,,,,"-",4743,"A computer account was deleted",0,,,,,,,,,,,,,,,,,"Audit Success",,,,,Security,,,,,0x3EC3,,,,,,,,,"A computer account was deleted.

Subject:
	Security ID:		Domain_D\user_d
	Account Name:		user_d
	Account Domain:		Domain_D
	Logon ID:		0x3EC3

Target Computer:
	Security ID:		Domain_D\user_g
	Account Name:		user_g
	Account Domain:		Domain_D

Additional Information:
	Privileges:	-",,,,,,,,,,,,,,,Info,,,,,,,,,,,"-",,,,,960735156,,,,,,"Domain_D\user_d
Domain_D\user_g",,,"Microsoft Windows security auditing.",,,,,,,,,,,,,,,,,,,"Computer Account Management",,,,,Information,,,,,,,,,,,,"02/13/2020 08:04:48 PM
LogName=Security
SourceName=Microsoft Windows security auditing.
EventCode=4743
EventType=0
Type=Information
ComputerName=BUSDEV-004
TaskCategory=Computer Account Management
OpCode=Info
RecordNumber=960735156
Keywords=Audit Success
Message=A computer account was deleted.

Subject:
	Security ID:		Domain_D\user_d
	Account Name:		user_d
	Account Domain:		Domain_D
	Logon ID:		0x3EC3

Target Computer:
	Security ID:		Domain_D\user_g
	Account Name:		user_g
	Account Domain:		Domain_D

Additional Information:
	Privileges:	-
","2020-02-13T20:04:48.000+0000",deleted,"win:unknown","A computer account was deleted.

Subject:
	Security ID:		Domain_D\user_d
	Account Name:		user_d
	Account Domain:		Domain_D
	Logon ID:		0x3EC3

Target Computer:
	Security ID:		Domain_D\user_g
	Account Name:		user_g
	Account Domain:		Domain_D

Additional Information:
	Privileges:	-",,"Computer Account Management",user,,,20,13,4,february,48,thursday,2020,local,"BUSDEV-004",,,,,,,,,false,,,,"Domain_D","BUSDEV-004",,untrust,,false,false,false,,"BUSDEV-004",,,,,,,,,false,,,,"BUSDEV-004",,untrust,,false,false,false,,960735156,"windows_account_deleted windows_account_management wineventlog_security wineventlog_windows winsec","BUSDEV-004",960735156,,main,,,,27,,,"user_d
user_g","Domain_D\user_d
Domain_D\user_g","Domain_D\",deleted,"A computer account was deleted",,WinEventLog,user,,,,,"-",,Windows,,,"//_::_==___.====-=__===_=____.:t_:tt\t_:ttt_:ttt_:",,,,0x3EC3,informational,0,,,"A computer account was deleted",4743,"WinEventLog:Security",WinEventLog,"prd-p-g7nxxbgc3hgl",,,,,,,,,,,,,,,"Domain_D",,,,,,,,,,"user_d",,,,,,,,,,,,,,,,,false,,,,,success,,"A computer account was deleted",failure,"Account Management",,"account
change
delete
management
os
security
windows",,,,,,,,,"account
change
delete
management
os
security
windows",,,,,,,,,,,,,,,22,0,,"user_g",,,,,,,,,,,,,,,,,,,false,,,,,Microsoft,"-",
,"Domain_A",,"user_i",,,,,,,,,,,,,,,,,,,,,,,"$SPLUNK_HOME/etc/apps/Splunk_TA_windows/samples/hostname.sample",0xD2AB,,,,,,,,"-",4688,"A new process has been created",0,,,,,,,,,,,,,,,,,"Audit Success",,,,,Security,,,,,0x5F25,,,,,,,,,"A new process has been created.
Subject:
	Security ID:		Domain_A\user_i
	Account Name:		user_i
	Account Domain:		Domain_A
	Logon ID:		0x5F25
Process Information:
	New Process ID:		0x2738
	New Process Name:	C:\Windows\System32\example_g.exe
	Token Elevation Type:	TokenElevationTypeFull (2)
	Creator Process ID:	0xD2AB
Token Elevation Type indicates the type of token that was assigned to the new process in accordance with User Account Control policy.
Type 1 is a full token with no privileges removed or groups disabled.  A full token is only used if User Account Control is disabled or if the User is the built-in Administrator account or a service account.
Type 2 is an elevated token with no privileges removed or groups disabled.  An elevated token is used when User Account Control is enabled and the User chooses to start the program using Run as administrator.  An elevated token is also used when an application is configured to always require administrative privilege or to always require maximum privilege, and the User is a member of the Administrators group.
Type 3 is a limited token with administrative privileges removed and administrative groups disabled.  The limited token is used when User Account Control is enabled, the application does not require administrative privilege, and the User does not choose to start the program using Run as administrator.",,,,,,,,,,0x2738,"C:\Windows\System32\example_g.exe",,,,Info,,,,,,,,,,,,,,,,566489351,,,,,,"Domain_A\user_i",,,"Microsoft Windows security auditing.",,,,,,,,,,,,,,,,,,,"Process Creation",,"TokenElevationTypeFull (2)",2,,Information,,,,,,,,,,,,"02/13/2020 08:04:47 PM
LogName=Security
SourceName=Microsoft Windows security auditing.
EventCode=4688
EventType=0
Type=Information
ComputerName=$SPLUNK_HOME/etc/apps/Splunk_TA_windows/samples/hostname.sample
TaskCategory=Process Creation
OpCode=Info
RecordNumber=566489351
Keywords=Audit Success
Message=A new process has been created.
Subject:
	Security ID:		Domain_A\user_i
	Account Name:		user_i
	Account Domain:		Domain_A
	Logon ID:		0x5F25
Process Information:
	New Process ID:		0x2738
	New Process Name:	C:\Windows\System32\example_g.exe
	Token Elevation Type:	TokenElevationTypeFull (2)
	Creator Process ID:	0xD2AB
Token Elevation Type indicates the type of token that was assigned to the new process in accordance with User Account Control policy.
Type 1 is a full token with no privileges removed or groups disabled.  A full token is only used if User Account Control is disabled or if the User is the built-in Administrator account or a service account.
Type 2 is an elevated token with no privileges removed or groups disabled.  An elevated token is used when User Account Control is enabled and the User chooses to start the program using Run as administrator.  An elevated token is also used when an application is configured to always require administrative privilege or to always require maximum privilege, and the User is a member of the Administrators group.
Type 3 is a limited token with administrative privileges removed and administrative groups disabled.  The limited token is used when User Account Control is enabled, the application does not require administrative privilege, and the User does not choose to start the program using Run as administrator.
","2020-02-13T20:04:47.000+0000",success,"win:unknown","A new process has been created.
Subject:
	Security ID:		Domain_A\user_i
	Account Name:		user_i
	Account Domain:		Domain_A
	Logon ID:		0x5F25
Process Information:
	New Process ID:		0x2738
	New Process Name:	C:\Windows\System32\example_g.exe
	Token Elevation Type:	TokenElevationTypeFull (2)
	Creator Process ID:	0xD2AB
Token Elevation Type indicates the type of token that was assigned to the new process in accordance with User Account Control policy.
Type 1 is a full token with no privileges removed or groups disabled.  A full token is only used if User Account Control is disabled or if the User is the built-in Administrator account or a service account.
Type 2 is an elevated token with no privileges removed or groups disabled.  An elevated token is used when User Account Control is enabled and the User chooses to start the program using Run as administrator.  An elevated token is also used when an application is configured to always require administrative privilege or to always require maximum privilege, and the User is a member of the Administrators group.
Type 3 is a limited token with administrative privileges removed and administrative groups disabled.  The limited token is used when User Account Control is enabled, the application does not require administrative privilege, and the User does not choose to start the program using Run as administrator.",,"Process Creation",,,,20,13,4,february,47,thursday,2020,local,"$SPLUNK_HOME/etc/apps/Splunk_TA_windows/samples/hostname.sample",,,,,,,,,false,,,,"Domain_A","$SPLUNK_HOME/etc/apps/Splunk_TA_windows/samples/hostname.sample",,untrust,,false,false,false,,"$SPLUNK_HOME/etc/apps/Splunk_TA_windows/samples/hostname.sample",,,,,,,,,false,,,,"$SPLUNK_HOME/etc/apps/Splunk_TA_windows/samples/hostname.sample",,untrust,,false,false,false,,566489351,"windows_process_new wineventlog_security wineventlog_windows winsec","$SPLUNK_HOME/etc/apps/Splunk_TA_windows/samples/hostname.sample",566489351,,main,,,,27,,,"user_i","Domain_A\user_i","Domain_A\",,"A new process has been created",,WinEventLog,,,,,,,,Windows,,,"//_::_==___.====$/////.=_===_=_____.:t_:tt\t_:ttt_",,,,0x5F25,informational,0,,,"A new process has been created",4688,"WinEventLog:Security",WinEventLog,"prd-p-g7nxxbgc3hgl",,,,,,,,,,,,,,,"Domain_A",,,,,,,,,,,,,,,,,,,,,,,,,,,,,,,,success,,"A new process has been created",failure,,,"execute
os
privileged
process
security
start
success
windows",,,privileged,success,,,,,"execute
os
process
security
start
windows",,,,,,,,,,,,,,,22,0,,"user_i",,,,,,,,,,,,,,,,,,,false,,,,,Microsoft,,
,"Domain_D",,"user_i",,,,,,,,,,,,,,,,,,,,,,,"$SPLUNK_HOME/etc/apps/Splunk_TA_windows/samples/hostname.sample",0x289D,,,,,,,,"-",4688,"A new process has been created",0,,,,,,,,,,,,,,,,,"Audit Success",,,,,Security,,,,,0x5F25,,,,,,,,,"A new process has been created.
Subject:
	Security ID:		Domain_D\user_i
	Account Name:		user_i
	Account Domain:		Domain_D
	Logon ID:		0x5F25
Process Information:
	New Process ID:		0x8E26
	New Process Name:	C:\Windows\System32\example_e.exe
	Token Elevation Type:	TokenElevationTypeDefault (1)
	Creator Process ID:	0x289D
Token Elevation Type indicates the type of token that was assigned to the new process in accordance with User Account Control policy.
Type 1 is a full token with no privileges removed or groups disabled.  A full token is only used if User Account Control is disabled or if the User is the built-in Administrator account or a service account.
Type 2 is an elevated token with no privileges removed or groups disabled.  An elevated token is used when User Account Control is enabled and the User chooses to start the program using Run as administrator.  An elevated token is also used when an application is configured to always require administrative privilege or to always require maximum privilege, and the User is a member of the Administrators group.
Type 3 is a limited token with administrative privileges removed and administrative groups disabled.  The limited token is used when User Account Control is enabled, the application does not require administrative privilege, and the User does not choose to start the program using Run as administrator.",,,,,,,,,,0x8E26,"C:\Windows\System32\example_e.exe",,,,Info,,,,,,,,,,,,,,,,138455206,,,,,,"Domain_D\user_i",,,"Microsoft Windows security auditing.",,,,,,,,,,,,,,,,,,,"Process Creation",,"TokenElevationTypeDefault (1)",1,,Information,,,,,,,,,,,,"02/13/2020 08:04:47 PM
LogName=Security
SourceName=Microsoft Windows security auditing.
EventCode=4688
EventType=0
Type=Information
ComputerName=$SPLUNK_HOME/etc/apps/Splunk_TA_windows/samples/hostname.sample
TaskCategory=Process Creation
OpCode=Info
RecordNumber=138455206
Keywords=Audit Success
Message=A new process has been created.
Subject:
	Security ID:		Domain_D\user_i
	Account Name:		user_i
	Account Domain:		Domain_D
	Logon ID:		0x5F25
Process Information:
	New Process ID:		0x8E26
	New Process Name:	C:\Windows\System32\example_e.exe
	Token Elevation Type:	TokenElevationTypeDefault (1)
	Creator Process ID:	0x289D
Token Elevation Type indicates the type of token that was assigned to the new process in accordance with User Account Control policy.
Type 1 is a full token with no privileges removed or groups disabled.  A full token is only used if User Account Control is disabled or if the User is the built-in Administrator account or a service account.
Type 2 is an elevated token with no privileges removed or groups disabled.  An elevated token is used when User Account Control is enabled and the User chooses to start the program using Run as administrator.  An elevated token is also used when an application is configured to always require administrative privilege or to always require maximum privilege, and the User is a member of the Administrators group.
Type 3 is a limited token with administrative privileges removed and administrative groups disabled.  The limited token is used when User Account Control is enabled, the application does not require administrative privilege, and the User does not choose to start the program using Run as administrator.
","2020-02-13T20:04:47.000+0000",success,"win:unknown","A new process has been created.
Subject:
	Security ID:		Domain_D\user_i
	Account Name:		user_i
	Account Domain:		Domain_D
	Logon ID:		0x5F25
Process Information:
	New Process ID:		0x8E26
	New Process Name:	C:\Windows\System32\example_e.exe
	Token Elevation Type:	TokenElevationTypeDefault (1)
	Creator Process ID:	0x289D
Token Elevation Type indicates the type of token that was assigned to the new process in accordance with User Account Control policy.
Type 1 is a full token with no privileges removed or groups disabled.  A full token is only used if User Account Control is disabled or if the User is the built-in Administrator account or a service account.
Type 2 is an elevated token with no privileges removed or groups disabled.  An elevated token is used when User Account Control is enabled and the User chooses to start the program using Run as administrator.  An elevated token is also used when an application is configured to always require administrative privilege or to always require maximum privilege, and the User is a member of the Administrators group.
Type 3 is a limited token with administrative privileges removed and administrative groups disabled.  The limited token is used when User Account Control is enabled, the application does not require administrative privilege, and the User does not choose to start the program using Run as administrator.",,"Process Creation",,,,20,13,4,february,47,thursday,2020,local,"$SPLUNK_HOME/etc/apps/Splunk_TA_windows/samples/hostname.sample",,,,,,,,,false,,,,"Domain_D","$SPLUNK_HOME/etc/apps/Splunk_TA_windows/samples/hostname.sample",,untrust,,false,false,false,,"$SPLUNK_HOME/etc/apps/Splunk_TA_windows/samples/hostname.sample",,,,,,,,,false,,,,"$SPLUNK_HOME/etc/apps/Splunk_TA_windows/samples/hostname.sample",,untrust,,false,false,false,,138455206,"windows_process_new wineventlog_security wineventlog_windows winsec","$SPLUNK_HOME/etc/apps/Splunk_TA_windows/samples/hostname.sample",138455206,,main,,,,27,,,"user_i","Domain_D\user_i","Domain_D\",,"A new process has been created",,WinEventLog,,,,,,,,Windows,,,"//_::_==___.====$/////.=_===_=_____.:t_:tt\t_:ttt_",,,,0x5F25,informational,0,,,"A new process has been created",4688,"WinEventLog:Security",WinEventLog,"prd-p-g7nxxbgc3hgl",,,,,,,,,,,,,,,"Domain_D",,,,,,,,,,,,,,,,,,,,,,,,,,,,,,,,success,,"A new process has been created",failure,,,"execute
os
process
security
start
success
windows",,,,success,,,,,"execute
os
process
security
start
windows",,,,,,,,,,,,,,,22,0,,"user_i",,,,,,,,,,,,,,,,,,,false,,,,,Microsoft,,
SeBatchLogonRight,"Domain_C",,"COREDEV-001
Domain_C\user_g",,,,,,,,,,,,,,,,,,,,,,,"COREDEV-001",,,,,,,,,"-",4718,"System security access was removed from an account",0,,,,,,,,,,,,,,,,,"Audit Success",,,,,Security,,,,,0xEB5F,,,,,,,,,"System security access was removed from an account.

Subject:
	Security ID:		Domain_C\SYSTEM
	Account Name:		COREDEV-001
	Account Domain:		Domain_C
	Logon ID:		0xEB5F

Account Modified:
	Account Name:		Domain_C\user_g

Access Removed:
	Access Right:		SeBatchLogonRight",,,,,,,,,,,,,,,Info,,,,,,,,,,,,,,,,743985062,,,,,,"Domain_C\SYSTEM",,,"Microsoft Windows security auditing.",,,,,,,,,,,,,,,,,,,"Authentication Policy Change",,,,,Information,,,,,,,,,,,,"02/13/2020 08:04:46 PM
LogName=Security
SourceName=Microsoft Windows security auditing.
EventCode=4718
EventType=0
Type=Information
ComputerName=COREDEV-001
TaskCategory=Authentication Policy Change
OpCode=Info
RecordNumber=743985062
Keywords=Audit Success
Message=System security access was removed from an account.

Subject:
	Security ID:		Domain_C\SYSTEM
	Account Name:		COREDEV-001
	Account Domain:		Domain_C
	Logon ID:		0xEB5F

Account Modified:
	Account Name:		Domain_C\user_g

Access Removed:
	Access Right:		SeBatchLogonRight
","2020-02-13T20:04:46.000+0000",success,"win:unknown","System security access was removed from an account.

Subject:
	Security ID:		Domain_C\SYSTEM
	Account Name:		COREDEV-001
	Account Domain:		Domain_C
	Logon ID:		0xEB5F

Account Modified:
	Account Name:		Domain_C\user_g

Access Removed:
	Access Right:		SeBatchLogonRight",,"Authentication Policy Change",,,,20,13,4,february,46,thursday,2020,local,"COREDEV-001",,,,,,,,,false,,,,"Domain_C","COREDEV-001",,untrust,,false,false,false,,"COREDEV-001",,,,,,,,,false,,,,"COREDEV-001",,untrust,,false,false,false,,743985062,"windows_security_access_removed wineventlog_security wineventlog_windows winsec","COREDEV-001",743985062,,main,,,,25,,,"COREDEV-001
Domain_C\user_g","Domain_C\SYSTEM","Domain_C\",,"System security access was removed from an account",,WinEventLog,,,,,,,,Windows,,,"//_::_==___.====-=__===_=_______.:t_:tt\t_:tt-t_:t",,,,0xEB5F,informational,0,,,"System security access was removed from an account",4718,"WinEventLog:Security",WinEventLog,"prd-p-g7nxxbgc3hgl",,,,,,,,,,,,,,,"Domain_C",,,,,,,,,,"COREDEV-001",,,,,,,,,,,,,,,,,false,,,,,success,,"System security access was removed from an account",failure,,,"access
account
authorization
change
delete
os
security
success
windows",,,,success,,,,,"access
account
authorization
change
delete
os
security
windows",,,,,,,,,,,,,,,22,0,,"Domain_C\user_g",,,,,,,,,,,,,,,,,,,false,,,,,Microsoft,,
,"Domain_C
Domain_C",,"user_m
user_b",,,,,,,,,,,,,,,"Account Management",,,,,,,,"PROD-POS-006",,,,,,,,,"-",4724,"An attempt was made to reset an accounts password",0,,,,,,,,,,,,,,,,,"Audit Success",,,,,Security,,,,,0x46BA,,,,,,,,,"An attempt was made to reset an account's password.
Subject:
	Security ID:  Domain_C\user_m
	Account Name:  user_m
	Account Domain:  Domain_C
	Logon ID:  0x46BA
Target Account:
	Security ID:  Domain_C\user_b
	Account Name:  user_b
	Account Domain:  Domain_C",,,,,,,,,,,,,,,Info,,,,,,,,,,,,,,,,98752711,,,,,,"Domain_C\user_m
Domain_C\user_b",,,"Microsoft Windows security auditing.",,,,,,,,,,,,,,,,,,,"User Account Management",,,,,Information,,,,,,,,,,,,"02/13/2020 08:04:44 PM
LogName=Security
SourceName=Microsoft Windows security auditing.
EventCode=4724
EventType=0
Type=Information
ComputerName=PROD-POS-006
TaskCategory=User Account Management
OpCode=Info
RecordNumber=98752711
Keywords=Audit Success
Message=An attempt was made to reset an account's password.
Subject:
	Security ID:  Domain_C\user_m
	Account Name:  user_m
	Account Domain:  Domain_C
	Logon ID:  0x46BA
Target Account:
	Security ID:  Domain_C\user_b
	Account Name:  user_b
	Account Domain:  Domain_C
","2020-02-13T20:04:44.000+0000",modified,"win:unknown","An attempt was made to reset an account's password.
Subject:
	Security ID:  Domain_C\user_m
	Account Name:  user_m
	Account Domain:  Domain_C
	Logon ID:  0x46BA
Target Account:
	Security ID:  Domain_C\user_b
	Account Name:  user_b
	Account Domain:  Domain_C",,"User Account Management",user,,,20,13,4,february,44,thursday,2020,local,"PROD-POS-006",,,,,,,,,false,,,,"Domain_C","PROD-POS-006",,untrust,,false,false,false,,"PROD-POS-006",,,,,,,,,false,,,,"PROD-POS-006",,untrust,,false,false,false,,98752711,"windows_account_management windows_account_password_set wineventlog_security wineventlog_windows winsec","PROD-POS-006",98752711,,main,,,,22,,,"user_m
user_b","Domain_C\user_m
Domain_C\user_b","Domain_C\","reset an account's password","An attempt was made to reset an accounts password",,WinEventLog,user,,,,,,,Windows,,,"//_::_==___.====--=__===_=_______'_.:t_:__\t_:__t_",,,,0x46BA,informational,0,,,"An attempt was made to reset an accounts password",4724,"WinEventLog:Security",WinEventLog,"prd-p-g7nxxbgc3hgl",,,,,,,,,,,,,,,"Domain_C",,,,,,,,,,"user_m",,,,,,,,,,,,,,,,,false,,,,,success,,"An attempt was made to reset an accounts password",failure,"Account Management",,"account
change
management
modify
os
password
security
windows",,,,,,,,,"account
change
management
modify
os
password
security
windows",,,,,,,,,,,,,,,22,0,,"user_b",,,,,,,,,,,,,,,,,,,false,,,,,Microsoft,,
,"Domain_A
Domain_A",,"BUSDEV-008
mishellear",,"Server_C.com",,,,,,,,,,,,,,,,,,,,,"BUSDEV-008",,,,,,,,,"-",4648,"A logon was attempted using explicit credentials",0,,,,,,,,,,,,,,,,,"Audit Success",,,,,Security,,,"{0887F1E4-39EA-D53C-804F-31D568A06274}
{221B21A6-1AE2-3F9A-24EF-22C392AC2A47}",,0x70E4,,,,,,,,,"A logon was attempted using explicit credentials.
Subject:
	Security ID:  Domain_A\SYSTEM
	Account Name:  BUSDEV-008
	Account Domain:  Domain_A
	Logon ID:  0x70E4
	Logon GUID:		{0887F1E4-39EA-D53C-804F-31D568A06274}
Account Whose Credentials Were Used:
	Account Name:		mishellear
	Account Domain:		Domain_A
	Logon GUID:		{221B21A6-1AE2-3F9A-24EF-22C392AC2A47}
Target Server:
	Target Server Name:	Server_C.com
	Additional Information:	Server_C.com
Process Information:
	Process ID:		E850
	Process Name:		C:\Windows\System32\example_b.exe
Network Information:
	Network Address:	88.146.209.101
	Port:			53148
This event is generated when a process attempts to log on an account by explicitly specifying that account's credentials. This most commonly occurs in batch-type configurations such as scheduled tasks, or when using the RUNAS command.",,,,,,"88.146.209.101",,,,,,,,,Info,,,,,,53148,,,,,,E850,"C:\Windows\System32\example_b.exe",,,638186335,,,,,,"Domain_A\SYSTEM",,,"Microsoft Windows security auditing.",,,,,,,,,,,,,,,,,"Server_C.com",,Logon,,,,,Information,,,,,,,,,,,,"02/13/2020 08:04:44 PM
LogName=Security
SourceName=Microsoft Windows security auditing.
EventCode=4648
EventType=0
Type=Information
ComputerName=BUSDEV-008
TaskCategory=Logon
OpCode=Info
RecordNumber=638186335
Keywords=Audit Success
Message=A logon was attempted using explicit credentials.
Subject:
	Security ID:  Domain_A\SYSTEM
	Account Name:  BUSDEV-008
	Account Domain:  Domain_A
	Logon ID:  0x70E4
	Logon GUID:		{0887F1E4-39EA-D53C-804F-31D568A06274}
Account Whose Credentials Were Used:
	Account Name:		mishellear
	Account Domain:		Domain_A
	Logon GUID:		{221B21A6-1AE2-3F9A-24EF-22C392AC2A47}
Target Server:
	Target Server Name:	Server_C.com
	Additional Information:	Server_C.com
Process Information:
	Process ID:		E850
	Process Name:		C:\Windows\System32\example_b.exe
Network Information:
	Network Address:	88.146.209.101
	Port:			53148
This event is generated when a process attempts to log on an account by explicitly specifying that account's credentials. This most commonly occurs in batch-type configurations such as scheduled tasks, or when using the RUNAS command.
","2020-02-13T20:04:44.000+0000",success,"win:remote","A logon was attempted using explicit credentials.
Subject:
	Security ID:  Domain_A\SYSTEM
	Account Name:  BUSDEV-008
	Account Domain:  Domain_A
	Logon ID:  0x70E4
	Logon GUID:		{0887F1E4-39EA-D53C-804F-31D568A06274}
Account Whose Credentials Were Used:
	Account Name:		mishellear
	Account Domain:		Domain_A
	Logon GUID:		{221B21A6-1AE2-3F9A-24EF-22C392AC2A47}
Target Server:
	Target Server Name:	Server_C.com
	Additional Information:	Server_C.com
Process Information:
	Process ID:		E850
	Process Name:		C:\Windows\System32\example_b.exe
Network Information:
	Network Address:	88.146.209.101
	Port:			53148
This event is generated when a process attempts to log on an account by explicitly specifying that account's credentials. This most commonly occurs in batch-type configurations such as scheduled tasks, or when using the RUNAS command.",,Logon,,,,20,13,4,february,44,thursday,2020,local,"Server_C.com",,,,,,,,,false,,,,"Domain_A","Server_C.com",,untrust,,false,false,false,,"BUSDEV-008",,,,,,,,,false,,,,"BUSDEV-008",,untrust,,false,false,false,,638186335,"windows_logon_explicit wineventlog_security wineventlog_windows winsec","BUSDEV-008",638186335,,main,,,,33,,,"BUSDEV-008
mishellear","Domain_A\SYSTEM","Domain_A\",,"A logon was attempted using explicit credentials",,WinEventLog,,,,,,,,Windows,,,"//_::_==___.====-====_=______.:t_:__\t_:__-t_:__t_",,,,0x70E4,informational,0,,,"A logon was attempted using explicit credentials",4648,"WinEventLog:Security",WinEventLog,"prd-p-g7nxxbgc3hgl",,,,,,,,,,,,,,,"Domain_A",,,,,,,,,,"BUSDEV-008",,,,,,,,,,,,,,,,,false,,,,,success,,"A logon was attempted using explicit credentials",failure,,,"authentication
os
privileged
remote
security
success
windows",,,,success,remote,,,,"authentication
os
privileged
security
windows",,,,,,,,,,,,,,,22,0,,mishellear,,,,,,,,,,,,,,,,,,,false,,,,,Microsoft,,
,"Domain_C",,"user_d
user_m",,,,,,,,"HOST-003",,,,,,,"Account Management",,,,,,,,"HOST-003",,,,,,,,,"-",4740,"A user account was locked out",0,,,,,,,,,,,,,,,,,"Audit Success",,,,,Security,,,,,0x3EC3,,,,,,,,,"A user account was locked out. 
Subject: 
	Security ID: Domain_C\user_d 
	Account Name: user_d
	Account Domain: Domain_C
	Logon ID: 0x3EC3
Account That Was Locked Out: 
	Security ID: Domain_C\user_m 
	Account Name: user_m
Additional Information: 
	Caller Computer Name: HOST-003",,,,,,,,,,,,,,,Info,,,,,,,,,,,,,,,,264768350,,,,,,"Domain_C\user_d
Domain_C\user_m",,,"Microsoft Windows security auditing.",,,,,,,,,,,,,,,,,,,"User Account Management",,,,,Information,,,,,,,,,,,,"02/13/2020 08:04:43 PM 
LogName=Security 
SourceName=Microsoft Windows security auditing.
EventCode=4740 
EventType=0 
Type=Information
ComputerName=HOST-003 
TaskCategory=User Account Management
OpCode=Info 
RecordNumber=264768350
Keywords=Audit Success
Message=A user account was locked out. 
Subject: 
	Security ID: Domain_C\user_d 
	Account Name: user_d
	Account Domain: Domain_C
	Logon ID: 0x3EC3
Account That Was Locked Out: 
	Security ID: Domain_C\user_m 
	Account Name: user_m
Additional Information: 
	Caller Computer Name: HOST-003
","2020-02-13T20:04:43.000+0000",modified,"win:unknown","A user account was locked out. 
Subject: 
	Security ID: Domain_C\user_d 
	Account Name: user_d
	Account Domain: Domain_C
	Logon ID: 0x3EC3
Account That Was Locked Out: 
	Security ID: Domain_C\user_m 
	Account Name: user_m
Additional Information: 
	Caller Computer Name: HOST-003",,"User Account Management",user,,,20,13,4,february,43,thursday,2020,local,"HOST-003",,,,,,,,,false,,,,"Domain_C","HOST-003",,untrust,,false,false,false,,"HOST-003",,,,,,,,,false,,,,"HOST-003 ",,untrust,,false,false,false,,264768350,"windows_account_lockout windows_account_management wineventlog_security wineventlog_windows winsec","HOST-003 ",264768350,,main,,,,23,,,"user_d
user_m","Domain_C\user_d
Domain_C\user_m","Domain_C\","locked out","A user account was locked out",,WinEventLog,user,,,,,,,Windows,,,"//_::__=_=___.=_=_==-_=__=_==_=_____._:_t_:_\_t_:_",,,lockout,0x3EC3,informational,0,,,"A user account was locked out",4740,"WinEventLog:Security",WinEventLog,"prd-p-g7nxxbgc3hgl",,,,,,,,,,,,,,,"Domain_C\user_d
Domain_C","HOST-003",,,,,,,,,"user_d",,,,,,,,,,,,,,,,,false,,,,,success,,"A user account was locked out",failure,"Account Management",,"account
change
lock
lockout
management
os
security
windows",,,,,,,,,"account
change
lock
lockout
management
os
security
windows",,,,,,,,,,,,,,,22,0,,"user_m",,,,,,,,,,,,,,,,,,,false,,,,,Microsoft,,
,"Domain_B",,"user_a
user_m",,,,,,,,"PROD-MFS-002",,,,,,,"Account Management",,,,,,,,"PROD-MFS-002",,,,,,,,,"-",4740,"A user account was locked out",0,,,,,,,,,,,,,,,,,"Audit Success",,,,,Security,,,,,0x6C10,,,,,,,,,"A user account was locked out. 
Subject: 
	Security ID: Domain_B\user_a 
	Account Name: user_a
	Account Domain: Domain_B
	Logon ID: 0x6C10
Account That Was Locked Out: 
	Security ID: Domain_B\user_m 
	Account Name: user_m
Additional Information: 
	Caller Computer Name: PROD-MFS-002",,,,,,,,,,,,,,,Info,,,,,,,,,,,,,,,,317548114,,,,,,"Domain_B\user_a
Domain_B\user_m",,,"Microsoft Windows security auditing.",,,,,,,,,,,,,,,,,,,"User Account Management",,,,,Information,,,,,,,,,,,,"02/13/2020 08:04:41 PM 
LogName=Security 
SourceName=Microsoft Windows security auditing.
EventCode=4740 
EventType=0 
Type=Information
ComputerName=PROD-MFS-002 
TaskCategory=User Account Management
OpCode=Info 
RecordNumber=317548114
Keywords=Audit Success
Message=A user account was locked out. 
Subject: 
	Security ID: Domain_B\user_a 
	Account Name: user_a
	Account Domain: Domain_B
	Logon ID: 0x6C10
Account That Was Locked Out: 
	Security ID: Domain_B\user_m 
	Account Name: user_m
Additional Information: 
	Caller Computer Name: PROD-MFS-002
","2020-02-13T20:04:41.000+0000",modified,"win:unknown","A user account was locked out. 
Subject: 
	Security ID: Domain_B\user_a 
	Account Name: user_a
	Account Domain: Domain_B
	Logon ID: 0x6C10
Account That Was Locked Out: 
	Security ID: Domain_B\user_m 
	Account Name: user_m
Additional Information: 
	Caller Computer Name: PROD-MFS-002",,"User Account Management",user,,,20,13,4,february,41,thursday,2020,local,"PROD-MFS-002",,,,,,,,,false,,,,"Domain_B","PROD-MFS-002",,untrust,,false,false,false,,"PROD-MFS-002",,,,,,,,,false,,,,"PROD-MFS-002 ",,untrust,,false,false,false,,317548114,"windows_account_lockout windows_account_management wineventlog_security wineventlog_windows winsec","PROD-MFS-002 ",317548114,,main,,,,23,,,"user_a
user_m","Domain_B\user_a
Domain_B\user_m","Domain_B\","locked out","A user account was locked out",,WinEventLog,user,,,,,,,Windows,,,"//_::__=_=___.=_=_==--_=__=_==_=_____._:_t_:_\_t_:",,,lockout,0x6C10,informational,0,,,"A user account was locked out",4740,"WinEventLog:Security",WinEventLog,"prd-p-g7nxxbgc3hgl",,,,,,,,,,,,,,,"Domain_B\user_a
Domain_B","PROD-MFS-002",,,,,,,,,"user_a",,,,,,,,,,,,,,,,,false,,,,,success,,"A user account was locked out",failure,"Account Management",,"account
change
lock
lockout
management
os
security
windows",,,,,,,,,"account
change
lock
lockout
management
os
security
windows",,,,,,,,,,,,,,,22,0,,"user_m",,,,,,,,,,,,,,,,,,,false,,,,,Microsoft,,
,"Domain_C
Domain_C","<never>","user_c
user_f",,,,,"server_1/coumputer_a",,,,,,,,,,"Account Management",,,,,,,,"BUSDEV-003",,,eee,,,,,,"-",4720,"A user account was created",0,,,,,,,,"\a","A:",,,,,,,,"Audit Success",,,,,Security,,,,"Tuesday 8:00 PM -Wednesday 10:00 AM",0x5FC9,,,,"SAM Account Name: user_k
	Display Name: eee
	User Principal Name: eee@AAA.local
	Home Directory: \a
	Home Drive: A:
	Script Path: \a\e
	Profile Path: \a
	User Workstations: BBB
	Password Last Set: 2020-02-13 20:04:40 PM
	Account Expires: <never>
	Primary Group ID: 915
	Allowed To Delegate To: server_1/coumputer_a
	Old UAC Value: D861F2A
	New UAC Value: 9AA740C
	User Account Control: PASSWD_NOTREQD - Enabled
	User Parameters: <value changed, but not displayed>
	SID History: Domain_b/bbb
	Logon Hours: Tuesday 8:00 PM -Wednesday 10:00 AM",,,,,"A User account was created. 
Subject: 
	Security ID: Domain_C\user_c
	Account Name: user_c
	Account Domain: Domain_C
	Logon ID: 0x5FC9
New Account: 
	Security ID: Domain_C\user_f
	Account Name: user_f
	Account Domain: Domain_C
Attributes: 
	SAM Account Name: user_k
	Display Name: eee
	User Principal Name: eee@AAA.local
	Home Directory: \a
	Home Drive: A:
	Script Path: \a\e
	Profile Path: \a
	User Workstations: BBB
	Password Last Set: 2020-02-13 20:04:40 PM
	Account Expires: <never>
	Primary Group ID: 915
	Allowed To Delegate To: server_1/coumputer_a
	Old UAC Value: D861F2A
	New UAC Value: 9AA740C
	User Account Control: PASSWD_NOTREQD - Enabled
	User Parameters: <value changed, but not displayed>
	SID History: Domain_b/bbb
	Logon Hours: Tuesday 8:00 PM -Wednesday 10:00 AM
Additional Information:
	Privileges -",,,,,,,,,,,,9AA740C,,D861F2A,Info,,,,"2020-02-13 20:04:40 PM",,,,915,,,,,,"\a",,66863970,,,"user_k","Domain_b/bbb","\a\e","Domain_C\user_c
Domain_C\user_f",,,"Microsoft Windows security auditing.",,,,,,,,,,,,,,,,,,,"User Account Management",,,,,Information,,"PASSWD_NOTREQD - Enabled",,,"<value changed, but not displayed>","eee@AAA.local",BBB,,,,,"02/13/2020 08:04:40 PM
LogName=Security
SourceName=Microsoft Windows security auditing.
EventCode=4720
EventType=0
Type=Information
ComputerName=BUSDEV-003
TaskCategory=User Account Management
OpCode=Info
RecordNumber=66863970
Keywords=Audit Success
Message=A User account was created. 
Subject: 
	Security ID: Domain_C\user_c
	Account Name: user_c
	Account Domain: Domain_C
	Logon ID: 0x5FC9
New Account: 
	Security ID: Domain_C\user_f
	Account Name: user_f
	Account Domain: Domain_C
Attributes: 
	SAM Account Name: user_k
	Display Name: eee
	User Principal Name: eee@AAA.local
	Home Directory: \a
	Home Drive: A:
	Script Path: \a\e
	Profile Path: \a
	User Workstations: BBB
	Password Last Set: 2020-02-13 20:04:40 PM
	Account Expires: <never>
	Primary Group ID: 915
	Allowed To Delegate To: server_1/coumputer_a
	Old UAC Value: D861F2A
	New UAC Value: 9AA740C
	User Account Control: PASSWD_NOTREQD - Enabled
	User Parameters: <value changed, but not displayed>
	SID History: Domain_b/bbb
	Logon Hours: Tuesday 8:00 PM -Wednesday 10:00 AM
Additional Information:
	Privileges -
","2020-02-13T20:04:40.000+0000",created,"win:unknown","A User account was created. 
Subject: 
	Security ID: Domain_C\user_c
	Account Name: user_c
	Account Domain: Domain_C
	Logon ID: 0x5FC9
New Account: 
	Security ID: Domain_C\user_f
	Account Name: user_f
	Account Domain: Domain_C
Attributes: 
	SAM Account Name: user_k
	Display Name: eee
	User Principal Name: eee@AAA.local
	Home Directory: \a
	Home Drive: A:
	Script Path: \a\e
	Profile Path: \a
	User Workstations: BBB
	Password Last Set: 2020-02-13 20:04:40 PM
	Account Expires: <never>
	Primary Group ID: 915
	Allowed To Delegate To: server_1/coumputer_a
	Old UAC Value: D861F2A
	New UAC Value: 9AA740C
	User Account Control: PASSWD_NOTREQD - Enabled
	User Parameters: <value changed, but not displayed>
	SID History: Domain_b/bbb
	Logon Hours: Tuesday 8:00 PM -Wednesday 10:00 AM
Additional Information:
	Privileges -",,"User Account Management",user,,,20,13,4,february,40,thursday,2020,local,"BUSDEV-003",,,,,,,,,false,,,,"Domain_C","BUSDEV-003",,untrust,,false,false,false,,"BUSDEV-003",,,,,,,,,false,,,,"BUSDEV-003",,untrust,,false,false,false,,66863970,"windows_account_created windows_account_management wineventlog_security wineventlog_windows winsec","BUSDEV-003",66863970,,main,,,,43,,,"user_c
user_f","Domain_C\user_c
Domain_C\user_f","Domain_C\",,"A user account was created",,WinEventLog,user,,,,,,,Windows,,,"//_::_==___.====-=__===_=____._:_t_:_\t_:_t_:_t_:_",,,,0x5FC9,informational,0,,,"A user account was created",4720,"WinEventLog:Security",WinEventLog,"prd-p-g7nxxbgc3hgl",,,,,,,,,,,,,,,"Domain_C",,,,,,,,,,"user_c",,,,,,,,,,,,,,,,,false,,,,,success,,"A user account was created",failure,"Account Management",,"account
add
change
management
os
security
windows",,,,,,,,,"account
add
change
management
os
security
windows",,,,,,,,,,,,,,,22,0,,"user_f",,,,,,915,,,,,,,,,,,,,false,,,,,Microsoft,,
,"Domain_D
Domain_D",,"user_f
user_l",,,,,,,,,,,,,,,"Account Management",,,,,,,,"BUSDEV-005",,,,,,,,,"-",4726,"A user account was deleted",0,,,,,,,,,,,,,,,,,"Audit Success",,,,,Security,,,,,0xA369,,,,,,,,,"A user account was deleted.

Subject:
	Security ID:		Domain_D\user_f
	Account Name:		user_f
	Account Domain:		Domain_D
	Logon ID:		0xA369

Target Account:
	Security ID:		Domain_D\user_l
	Account Name:		user_l
	Account Domain:		Domain_D

Additional Information:
	Privileges	SeTcbPrivilege",,,,,,,,,,,,,,,Info,,,,,,,,,,,,,,,,547220845,,,,,,"Domain_D\user_f
Domain_D\user_l",,,"Microsoft Windows security auditing.",,,,,,,,,,,,,,,,,,,"User Account Management",,,,,Information,,,,,,,,,,,,"02/13/2020 08:04:40 PM
LogName=Security
SourceName=Microsoft Windows security auditing.
EventCode=4726
EventType=0
Type=Information
ComputerName=BUSDEV-005
TaskCategory=User Account Management
OpCode=Info
RecordNumber=547220845
Keywords=Audit Success
Message=A user account was deleted.

Subject:
	Security ID:		Domain_D\user_f
	Account Name:		user_f
	Account Domain:		Domain_D
	Logon ID:		0xA369

Target Account:
	Security ID:		Domain_D\user_l
	Account Name:		user_l
	Account Domain:		Domain_D

Additional Information:
	Privileges	SeTcbPrivilege
","2020-02-13T20:04:40.000+0000",deleted,"win:unknown","A user account was deleted.

