Subject:
	Security ID:		WINDOWS\SERVER2012$
	Account Name:		GUEST
	Account Domain:		Builtin
	Logon ID:		0x7939EE4

Logon Type:		17

This event is generated when a logon session is destroyed. It may be positively correlated with a logon event using the Logon ID value. Logon IDs are only unique between reboots on the same computer.",,"Authentication Policy Change",,,,20,13,4,february,19,thursday,2020,local,"BUSDEV-008",,,,,,,,,false,,,,Builtin,"BUSDEV-008",,untrust,,false,false,false,,"BUSDEV-008",,,,,,,,,false,,,,"BUSDEV-008",,untrust,,false,false,false,,414939880,"windows_logoff wineventlog_security wineventlog_windows winsec","BUSDEV-008",414939880,,main,,,,24,,,GUEST,"WINDOWS\SERVER2012$","WINDOWS\",,"An account was logged off",,WinEventLog,,,,,,,,Windows,,,"//_::_==___.====-=__===_=____.:t_:tt\$t_:ttt_:ttt_",,,,0x7939EE4,informational,Information,,,"An account was logged off",4634,"WinEventLog:Security",WinEventLog,"prd-p-g7nxxbgc3hgl",,,,,,,,,,,,,,,WINDOWS,,,,,,,,,,,,,,,,,,,,,,,,,,,,,,,,success,,"An account was logged off",failure,,,"access
logoff
os
security
stop
success
windows",,,,success,,,,,"access
logoff
os
security
stop
windows",,,,,,,,,,,,,,,22,0,,GUEST,,,,,,,,,,,,,,,,,,,false,,,,,Microsoft,,
,,,,,,,,,,"MICROSOFT_AUTHENTICATION_PACKAGE_V1_0",,,,,,,,,,,,,,,,"ops-sys-004",,,,,,,,,0xC0000234,4776,"The domain controller attempted to validate the credentials for an account",0,,,,,,,,,,,,,,,,,"Failure Audit",,,,,Security,,"user_d",,,,,,,,,,,,"The computer attempted to validate the credentials for an account.
Authentication Package: MICROSOFT_AUTHENTICATION_PACKAGE_V1_0
Logon Account: user_d
Source Workstation: ops-sys-004
Error Code: 0xC0000234",,,,,,,,,,,,,,,Info,,,,,,,,,,,,,,,,271702394,,,,,,,,,"Microsoft Windows security auditing.",,,"ops-sys-004",,,,,,,,,,,,,,,,"Credential Validation",,,,,Information,,,,,,,,,,,,"02/13/2020 08:04:19 PM
LogName=Security
SourceName=Microsoft Windows security auditing.
EventCode=4776
EventType=0
Type=Information
ComputerName=ops-sys-004
TaskCategory=Credential Validation
OpCode=Info
RecordNumber=271702394
Keywords=Failure Audit
Message=The computer attempted to validate the credentials for an account.
Authentication Package: MICROSOFT_AUTHENTICATION_PACKAGE_V1_0
Logon Account: user_d
Source Workstation: ops-sys-004
Error Code: 0xC0000234
","2020-02-13T20:04:19.000+0000",failure,"win:unknown","The computer attempted to validate the credentials for an account.
Authentication Package: MICROSOFT_AUTHENTICATION_PACKAGE_V1_0
Logon Account: user_d
Source Workstation: ops-sys-004
Error Code: 0xC0000234",,"Credential Validation",,,,20,13,4,february,19,thursday,2020,local,"ops-sys-004",,,,,,,,,false,,,,,"ops-sys-004",,untrust,,false,false,false,,"ops-sys-004",,,,,,,,,false,,,,"ops-sys-004",,untrust,,false,false,false,,271702394,"err0r nix_errors windows_account_used4logon wineventlog_security wineventlog_windows winsec","ops-sys-004",271702394,,main,,,,17,,,,,,,"The domain controller attempted to validate the credentials for an account",,WinEventLog,,,,,,,,Windows,,,"//_::_==___.====--=_===_=_________._:__:__:_--_:_",,,,,informational,0,,,"The domain controller attempted to validate the credentials for an account",4776,"WinEventLog:Security",WinEventLog,"prd-p-g7nxxbgc3hgl",,"ops-sys-004",,,,,,,,,false,,,,,"ops-sys-004",,untrust,,,false,,false,false,,,,,,,,,,,,,,,,,,,,,,,failure,,"The domain controller attempted to validate the credentials for an account",failure,,,"authentication
error
failure
os
security
windows",,,,failure,,,,,"authentication
error
os
security
windows",,,,,,,,,,,,,,,22,0,,"user_d",,,,,,,,,,,,,,,,,,,false,,,,,Microsoft,,
,"Domain_E
Domain_E",,"user_c
user_l",,,,,,,,,,,,,,,"Account Management",,,,,,,,"BUSDEV-006",,,,,,,,,"-",4726,"A user account was deleted",0,,,,,,,,,,,,,,,,,"Audit Success",,,,,Security,,,,,0x5FC9,,,,,,,,,"A user account was deleted.

Subject:
	Security ID:		Domain_E\user_c
	Account Name:		user_c
	Account Domain:		Domain_E
	Logon ID:		0x5FC9

Target Account:
	Security ID:		Domain_E\user_l
	Account Name:		user_l
	Account Domain:		Domain_E

Additional Information:
	Privileges	SeImpersonatePrivilege",,,,,,,,,,,,,,,Info,,,,,,,,,,,,,,,,114897731,,,,,,"Domain_E\user_c
Domain_E\user_l",,,"Microsoft Windows security auditing.",,,,,,,,,,,,,,,,,,,"User Account Management",,,,,Information,,,,,,,,,,,,"02/13/2020 08:04:18 PM
LogName=Security
SourceName=Microsoft Windows security auditing.
EventCode=4726
EventType=0
Type=Information
ComputerName=BUSDEV-006
TaskCategory=User Account Management
OpCode=Info
RecordNumber=114897731
Keywords=Audit Success
Message=A user account was deleted.

Subject:
	Security ID:		Domain_E\user_c
	Account Name:		user_c
	Account Domain:		Domain_E
	Logon ID:		0x5FC9

Target Account:
	Security ID:		Domain_E\user_l
	Account Name:		user_l
	Account Domain:		Domain_E

Additional Information:
	Privileges	SeImpersonatePrivilege
","2020-02-13T20:04:18.000+0000",deleted,"win:unknown","A user account was deleted.

Subject:
	Security ID:		Domain_E\user_c
	Account Name:		user_c
	Account Domain:		Domain_E
	Logon ID:		0x5FC9

Target Account:
	Security ID:		Domain_E\user_l
	Account Name:		user_l
	Account Domain:		Domain_E

Additional Information:
	Privileges	SeImpersonatePrivilege",,"User Account Management",user,,,20,13,4,february,18,thursday,2020,local,"BUSDEV-006",,,,,,,,,false,,,,"Domain_E","BUSDEV-006",,untrust,,false,false,false,,"BUSDEV-006",,,,,,,,,false,,,,"BUSDEV-006",,untrust,,false,false,false,,114897731,"windows_account_deleted windows_account_management wineventlog_security wineventlog_windows winsec","BUSDEV-006",114897731,,main,,,,27,,,"user_c
user_l","Domain_E\user_c
Domain_E\user_l","Domain_E\",deleted,"A user account was deleted",,WinEventLog,user,,,,,,,Windows,,,"//_::_==___.====-=__===_=____.:t_:tt\t_:ttt_:ttt_:",,,,0x5FC9,informational,0,,,"A user account was deleted",4726,"WinEventLog:Security",WinEventLog,"prd-p-g7nxxbgc3hgl",,,,,,,,,,,,,,,"Domain_E",,,,,,,,,,"user_c",,,,,,,,,,,,,,,,,false,,,,,success,,"A user account was deleted",failure,"Account Management",,"account
change
delete
management
os
security
windows",,,,,,,,,"account
change
delete
management
os
security
windows",,,,,,,,,,,,,,,22,0,,"user_l",,,,,,,,,,,,,,,,,,,false,,,,,Microsoft,,
,"Domain_E
Domain_E",,"user_c
user_d",,,,,,,,,,,,,,,"Account Management",,,,,,,,"COREDEV-006",,,,,,,,,"-",4743,"A computer account was deleted",0,,,,,,,,,,,,,,,,,"Audit Success",,,,,Security,,,,,0x5FC9,,,,,,,,,"A computer account was deleted.

Subject:
	Security ID:		Domain_E\user_c
	Account Name:		user_c
	Account Domain:		Domain_E
	Logon ID:		0x5FC9

Target Computer:
	Security ID:		Domain_E\user_d
	Account Name:		user_d
	Account Domain:		Domain_E

Additional Information:
	Privileges:	-",,,,,,,,,,,,,,,Info,,,,,,,,,,,"-",,,,,323017170,,,,,,"Domain_E\user_c
Domain_E\user_d",,,"Microsoft Windows security auditing.",,,,,,,,,,,,,,,,,,,"Computer Account Management",,,,,Information,,,,,,,,,,,,"02/13/2020 08:04:18 PM
LogName=Security
SourceName=Microsoft Windows security auditing.
EventCode=4743
EventType=0
Type=Information
ComputerName=COREDEV-006
TaskCategory=Computer Account Management
OpCode=Info
RecordNumber=323017170
Keywords=Audit Success
Message=A computer account was deleted.

Subject:
	Security ID:		Domain_E\user_c
	Account Name:		user_c
	Account Domain:		Domain_E
	Logon ID:		0x5FC9

Target Computer:
	Security ID:		Domain_E\user_d
	Account Name:		user_d
	Account Domain:		Domain_E

Additional Information:
	Privileges:	-
","2020-02-13T20:04:18.000+0000",deleted,"win:unknown","A computer account was deleted.

Subject:
	Security ID:		Domain_E\user_c
	Account Name:		user_c
	Account Domain:		Domain_E
	Logon ID:		0x5FC9

Target Computer:
	Security ID:		Domain_E\user_d
	Account Name:		user_d
	Account Domain:		Domain_E

Additional Information:
	Privileges:	-",,"Computer Account Management",user,,,20,13,4,february,18,thursday,2020,local,"COREDEV-006",,,,,,,,,false,,,,"Domain_E","COREDEV-006",,untrust,,false,false,false,,"COREDEV-006",,,,,,,,,false,,,,"COREDEV-006",,untrust,,false,false,false,,323017170,"windows_account_deleted windows_account_management wineventlog_security wineventlog_windows winsec","COREDEV-006",323017170,,main,,,,27,,,"user_c
user_d","Domain_E\user_c
Domain_E\user_d","Domain_E\",deleted,"A computer account was deleted",,WinEventLog,user,,,,,"-",,Windows,,,"//_::_==___.====-=__===_=____.:t_:tt\t_:ttt_:ttt_:",,,,0x5FC9,informational,0,,,"A computer account was deleted",4743,"WinEventLog:Security",WinEventLog,"prd-p-g7nxxbgc3hgl",,,,,,,,,,,,,,,"Domain_E",,,,,,,,,,"user_c",,,,,,,,,,,,,,,,,false,,,,,success,,"A computer account was deleted",failure,"Account Management",,"account
change
delete
management
os
security
windows",,,,,,,,,"account
change
delete
management
os
security
windows",,,,,,,,,,,,,,,22,0,,"user_d",,,,,,,,,,,,,,,,,,,false,,,,,Microsoft,"-",
,"Domain_D",,"user_c",,,,,,,,,,,,,,,,,,,,,,,"$SPLUNK_HOME/etc/apps/Splunk_TA_windows/samples/hostname.sample",0x1B74,,,,,,,,"-",4688,"A new process has been created",0,,,,,,,,,,,,,,,,,"Audit Success",,,,,Security,,,,,0x5FC9,,,,,,,,,"A new process has been created.
Subject:
	Security ID:		Domain_D\user_c
	Account Name:		user_c
	Account Domain:		Domain_D
	Logon ID:		0x5FC9
Process Information:
	New Process ID:		0x6B25
	New Process Name:	C:\Windows\System32\example_f.exe
	Token Elevation Type:	TokenElevationTypeDefault (1)
	Creator Process ID:	0x1B74
Token Elevation Type indicates the type of token that was assigned to the new process in accordance with User Account Control policy.
Type 1 is a full token with no privileges removed or groups disabled.  A full token is only used if User Account Control is disabled or if the User is the built-in Administrator account or a service account.
Type 2 is an elevated token with no privileges removed or groups disabled.  An elevated token is used when User Account Control is enabled and the User chooses to start the program using Run as administrator.  An elevated token is also used when an application is configured to always require administrative privilege or to always require maximum privilege, and the User is a member of the Administrators group.
Type 3 is a limited token with administrative privileges removed and administrative groups disabled.  The limited token is used when User Account Control is enabled, the application does not require administrative privilege, and the User does not choose to start the program using Run as administrator.",,,,,,,,,,0x6B25,"C:\Windows\System32\example_f.exe",,,,Info,,,,,,,,,,,,,,,,462092540,,,,,,"Domain_D\user_c",,,"Microsoft Windows security auditing.",,,,,,,,,,,,,,,,,,,"Process Creation",,"TokenElevationTypeDefault (1)",1,,Information,,,,,,,,,,,,"02/13/2020 08:04:18 PM
LogName=Security
SourceName=Microsoft Windows security auditing.
EventCode=4688
EventType=0
Type=Information
ComputerName=$SPLUNK_HOME/etc/apps/Splunk_TA_windows/samples/hostname.sample
TaskCategory=Process Creation
OpCode=Info
RecordNumber=462092540
Keywords=Audit Success
Message=A new process has been created.
Subject:
	Security ID:		Domain_D\user_c
	Account Name:		user_c
	Account Domain:		Domain_D
	Logon ID:		0x5FC9
Process Information:
	New Process ID:		0x6B25
	New Process Name:	C:\Windows\System32\example_f.exe
	Token Elevation Type:	TokenElevationTypeDefault (1)
	Creator Process ID:	0x1B74
Token Elevation Type indicates the type of token that was assigned to the new process in accordance with User Account Control policy.
Type 1 is a full token with no privileges removed or groups disabled.  A full token is only used if User Account Control is disabled or if the User is the built-in Administrator account or a service account.
Type 2 is an elevated token with no privileges removed or groups disabled.  An elevated token is used when User Account Control is enabled and the User chooses to start the program using Run as administrator.  An elevated token is also used when an application is configured to always require administrative privilege or to always require maximum privilege, and the User is a member of the Administrators group.
Type 3 is a limited token with administrative privileges removed and administrative groups disabled.  The limited token is used when User Account Control is enabled, the application does not require administrative privilege, and the User does not choose to start the program using Run as administrator.
","2020-02-13T20:04:18.000+0000",success,"win:unknown","A new process has been created.
Subject:
	Security ID:		Domain_D\user_c
	Account Name:		user_c
	Account Domain:		Domain_D
	Logon ID:		0x5FC9
Process Information:
	New Process ID:		0x6B25
	New Process Name:	C:\Windows\System32\example_f.exe
	Token Elevation Type:	TokenElevationTypeDefault (1)
	Creator Process ID:	0x1B74
Token Elevation Type indicates the type of token that was assigned to the new process in accordance with User Account Control policy.
Type 1 is a full token with no privileges removed or groups disabled.  A full token is only used if User Account Control is disabled or if the User is the built-in Administrator account or a service account.
Type 2 is an elevated token with no privileges removed or groups disabled.  An elevated token is used when User Account Control is enabled and the User chooses to start the program using Run as administrator.  An elevated token is also used when an application is configured to always require administrative privilege or to always require maximum privilege, and the User is a member of the Administrators group.
Type 3 is a limited token with administrative privileges removed and administrative groups disabled.  The limited token is used when User Account Control is enabled, the application does not require administrative privilege, and the User does not choose to start the program using Run as administrator.",,"Process Creation",,,,20,13,4,february,18,thursday,2020,local,"$SPLUNK_HOME/etc/apps/Splunk_TA_windows/samples/hostname.sample",,,,,,,,,false,,,,"Domain_D","$SPLUNK_HOME/etc/apps/Splunk_TA_windows/samples/hostname.sample",,untrust,,false,false,false,,"$SPLUNK_HOME/etc/apps/Splunk_TA_windows/samples/hostname.sample",,,,,,,,,false,,,,"$SPLUNK_HOME/etc/apps/Splunk_TA_windows/samples/hostname.sample",,untrust,,false,false,false,,462092540,"windows_process_new wineventlog_security wineventlog_windows winsec","$SPLUNK_HOME/etc/apps/Splunk_TA_windows/samples/hostname.sample",462092540,,main,,,,27,,,"user_c","Domain_D\user_c","Domain_D\",,"A new process has been created",,WinEventLog,,,,,,,,Windows,,,"//_::_==___.====$/////.=_===_=_____.:t_:tt\t_:ttt_",,,,0x5FC9,informational,0,,,"A new process has been created",4688,"WinEventLog:Security",WinEventLog,"prd-p-g7nxxbgc3hgl",,,,,,,,,,,,,,,"Domain_D",,,,,,,,,,,,,,,,,,,,,,,,,,,,,,,,success,,"A new process has been created",failure,,,"execute
os
process
security
start
success
windows",,,,success,,,,,"execute
os
process
security
start
windows",,,,,,,,,,,,,,,22,0,,"user_c",,,,,,,,,,,,,,,,,,,false,,,,,Microsoft,,
,"Domain_D
Domain_D",,"user_c
user_m",,,,,,,,,,,,,,,"Account Management",,,,,,,,"BUSDEV-008",,,,,,,,,"-",4726,"A user account was deleted",0,,,,,,,,,,,,,,,,,"Audit Success",,,,,Security,,,,,0x5FC9,,,,,,,,,"A user account was deleted.

Subject:
	Security ID:		Domain_D\user_c
	Account Name:		user_c
	Account Domain:		Domain_D
	Logon ID:		0x5FC9

Target Account:
	Security ID:		Domain_D\user_m
	Account Name:		user_m
	Account Domain:		Domain_D

Additional Information:
	Privileges	-",,,,,,,,,,,,,,,Info,,,,,,,,,,,,,,,,871768090,,,,,,"Domain_D\user_c
Domain_D\user_m",,,"Microsoft Windows security auditing.",,,,,,,,,,,,,,,,,,,"User Account Management",,,,,Information,,,,,,,,,,,,"02/13/2020 08:04:15 PM
LogName=Security
SourceName=Microsoft Windows security auditing.
EventCode=4726
EventType=0
Type=Information
ComputerName=BUSDEV-008
TaskCategory=User Account Management
OpCode=Info
RecordNumber=871768090
Keywords=Audit Success
Message=A user account was deleted.

Subject:
	Security ID:		Domain_D\user_c
	Account Name:		user_c
	Account Domain:		Domain_D
	Logon ID:		0x5FC9

Target Account:
	Security ID:		Domain_D\user_m
	Account Name:		user_m
	Account Domain:		Domain_D

Additional Information:
	Privileges	-
","2020-02-13T20:04:15.000+0000",deleted,"win:unknown","A user account was deleted.

Subject:
	Security ID:		Domain_D\user_c
	Account Name:		user_c
	Account Domain:		Domain_D
	Logon ID:		0x5FC9

Target Account:
	Security ID:		Domain_D\user_m
	Account Name:		user_m
	Account Domain:		Domain_D

Additional Information:
	Privileges	-",,"User Account Management",user,,,20,13,4,february,15,thursday,2020,local,"BUSDEV-008",,,,,,,,,false,,,,"Domain_D","BUSDEV-008",,untrust,,false,false,false,,"BUSDEV-008",,,,,,,,,false,,,,"BUSDEV-008",,untrust,,false,false,false,,871768090,"windows_account_deleted windows_account_management wineventlog_security wineventlog_windows winsec","BUSDEV-008",871768090,,main,,,,27,,,"user_c
user_m","Domain_D\user_c
Domain_D\user_m","Domain_D\",deleted,"A user account was deleted",,WinEventLog,user,,,,,,,Windows,,,"//_::_==___.====-=__===_=____.:t_:tt\t_:ttt_:ttt_:",,,,0x5FC9,informational,0,,,"A user account was deleted",4726,"WinEventLog:Security",WinEventLog,"prd-p-g7nxxbgc3hgl",,,,,,,,,,,,,,,"Domain_D",,,,,,,,,,"user_c",,,,,,,,,,,,,,,,,false,,,,,success,,"A user account was deleted",failure,"Account Management",,"account
change
delete
management
os
security
windows",,,,,,,,,"account
change
delete
management
os
security
windows",,,,,,,,,,,,,,,22,0,,"user_m",,,,,,,,,,,,,,,,,,,false,,,,,Microsoft,,
,"Domain_B
Domain_B",,"HOST-001
stefanyilv",,"Server_B.com",,,,,,,,,,,,,,,,,,,,,"HOST-001",,,,,,,,,"-",4648,"A logon was attempted using explicit credentials",0,,,,,,,,,,,,,,,,,"Audit Success",,,,,Security,,,"{221B21A6-1AE2-3F9A-24EF-22C392AC2A47}
{00000000-0000-0000-0000-000000000000}",,0x70E4,,,,,,,,,"A logon was attempted using explicit credentials.
Subject:
	Security ID:  Domain_B\SYSTEM
	Account Name:  HOST-001
	Account Domain:  Domain_B
	Logon ID:  0x70E4
	Logon GUID:		{221B21A6-1AE2-3F9A-24EF-22C392AC2A47}
Account Whose Credentials Were Used:
	Account Name:		stefanyilv
	Account Domain:		Domain_B
	Logon GUID:		{00000000-0000-0000-0000-000000000000}
Target Server:
	Target Server Name:	Server_B.com
	Additional Information:	Server_B.com
Process Information:
	Process ID:		B8D6
	Process Name:		C:\Windows\System32\example_a.exe
Network Information:
	Network Address:	199.182.61.191
	Port:			-
This event is generated when a process attempts to log on an account by explicitly specifying that account's credentials. This most commonly occurs in batch-type configurations such as scheduled tasks, or when using the RUNAS command.",,,,,,"199.182.61.191",,,,,,,,,Info,,,,,,"-",,,,,,B8D6,"C:\Windows\System32\example_a.exe",,,813400075,,,,,,"Domain_B\SYSTEM",,,"Microsoft Windows security auditing.",,,,,,,,,,,,,,,,,"Server_B.com",,Logon,,,,,Information,,,,,,,,,,,,"02/13/2020 08:04:13 PM
LogName=Security
SourceName=Microsoft Windows security auditing.
EventCode=4648
EventType=0
Type=Information
ComputerName=HOST-001
TaskCategory=Logon
OpCode=Info
RecordNumber=813400075
Keywords=Audit Success
Message=A logon was attempted using explicit credentials.
Subject:
	Security ID:  Domain_B\SYSTEM
	Account Name:  HOST-001
	Account Domain:  Domain_B
	Logon ID:  0x70E4
	Logon GUID:		{221B21A6-1AE2-3F9A-24EF-22C392AC2A47}
Account Whose Credentials Were Used:
	Account Name:		stefanyilv
	Account Domain:		Domain_B
	Logon GUID:		{00000000-0000-0000-0000-000000000000}
Target Server:
	Target Server Name:	Server_B.com
	Additional Information:	Server_B.com
Process Information:
	Process ID:		B8D6
	Process Name:		C:\Windows\System32\example_a.exe
Network Information:
	Network Address:	199.182.61.191
	Port:			-
This event is generated when a process attempts to log on an account by explicitly specifying that account's credentials. This most commonly occurs in batch-type configurations such as scheduled tasks, or when using the RUNAS command.
","2020-02-13T20:04:13.000+0000",success,"win:remote","A logon was attempted using explicit credentials.
Subject:
	Security ID:  Domain_B\SYSTEM
	Account Name:  HOST-001
	Account Domain:  Domain_B
	Logon ID:  0x70E4
	Logon GUID:		{221B21A6-1AE2-3F9A-24EF-22C392AC2A47}
Account Whose Credentials Were Used:
	Account Name:		stefanyilv
	Account Domain:		Domain_B
	Logon GUID:		{00000000-0000-0000-0000-000000000000}
Target Server:
	Target Server Name:	Server_B.com
	Additional Information:	Server_B.com
Process Information:
	Process ID:		B8D6
	Process Name:		C:\Windows\System32\example_a.exe
Network Information:
	Network Address:	199.182.61.191
	Port:			-
This event is generated when a process attempts to log on an account by explicitly specifying that account's credentials. This most commonly occurs in batch-type configurations such as scheduled tasks, or when using the RUNAS command.",,Logon,,,,20,13,4,february,13,thursday,2020,local,"Server_B.com",,,,,,,,,false,,,,"Domain_B","Server_B.com",,untrust,,false,false,false,,"HOST-001",,,,,,,,,false,,,,"HOST-001",,untrust,,false,false,false,,813400075,"windows_logon_explicit wineventlog_security wineventlog_windows winsec","HOST-001",813400075,,main,,,,33,,,"HOST-001
stefanyilv","Domain_B\SYSTEM","Domain_B\",,"A logon was attempted using explicit credentials",,WinEventLog,,,,,,,,Windows,,,"//_::_==___.====-====_=______.:t_:__\t_:__-t_:__t_",,,,0x70E4,informational,0,,,"A logon was attempted using explicit credentials",4648,"WinEventLog:Security",WinEventLog,"prd-p-g7nxxbgc3hgl",,,,,,,,,,,,,,,"Domain_B",,,,,,,,,,"HOST-001",,,,,,,,,,,,,,,,,false,,,,,success,,"A logon was attempted using explicit credentials",failure,,,"authentication
os
privileged
remote
security
success
windows",,,,success,remote,,,,"authentication
os
privileged
security
windows",,,,,,,,,,,,,,,22,0,,stefanyilv,,,,,,,,,,,,,,,,,,,false,,,,,Microsoft,,
,"Domain_A
Domain_A",,"user_c
user_l",,,,,,,,,,,,,,,"Account Management",,,,,,,,"ops-sys-002",,,,,,,,,"-",4724,"An attempt was made to reset an accounts password",0,,,,,,,,,,,,,,,,,"Audit Failure",,,,,Security,,,,,0x5FC9,,,,,,,,,"An attempt was made to reset an account's password.
Subject:
	Security ID:  Domain_A\user_c
	Account Name:  user_c
	Account Domain:  Domain_A
	Logon ID:  0x5FC9
Target Account:
	Security ID:  Domain_A\user_l
	Account Name:  user_l
	Account Domain:  Domain_A",,,,,,,,,,,,,,,Info,,,,,,,,,,,,,,,,469576660,,,,,,"Domain_A\user_c
Domain_A\user_l",,,"Microsoft Windows security auditing.",,,,,,,,,,,,,,,,,,,"User Account Management",,,,,Information,,,,,,,,,,,,"02/13/2020 08:04:13 PM
LogName=Security
SourceName=Microsoft Windows security auditing.
EventCode=4724
EventType=0
Type=Information
ComputerName=ops-sys-002
TaskCategory=User Account Management
OpCode=Info
RecordNumber=469576660
Keywords=Audit Failure
Message=An attempt was made to reset an account's password.
Subject:
	Security ID:  Domain_A\user_c
	Account Name:  user_c
	Account Domain:  Domain_A
	Logon ID:  0x5FC9
Target Account:
	Security ID:  Domain_A\user_l
	Account Name:  user_l
	Account Domain:  Domain_A
","2020-02-13T20:04:13.000+0000",modified,"win:unknown","An attempt was made to reset an account's password.
Subject:
	Security ID:  Domain_A\user_c
	Account Name:  user_c
	Account Domain:  Domain_A
	Logon ID:  0x5FC9
Target Account:
	Security ID:  Domain_A\user_l
	Account Name:  user_l
	Account Domain:  Domain_A",,"User Account Management",user,,,20,13,4,february,13,thursday,2020,local,"ops-sys-002",,,,,,,,,false,,,,"Domain_A","ops-sys-002",,untrust,,false,false,false,,"ops-sys-002",,,,,,,,,false,,,,"ops-sys-002",,untrust,,false,false,false,,469576660,"err0r nix_errors windows_account_management windows_account_password_set wineventlog_security wineventlog_windows winsec","ops-sys-002",469576660,,main,,,,22,,,"user_c
user_l","Domain_A\user_c
Domain_A\user_l","Domain_A\","reset an account's password","An attempt was made to reset an accounts password",,WinEventLog,user,,,,,,,Windows,,,"//_::_==___.====--=__===_=_______'_.:t_:__\t_:__t_",,,,0x5FC9,informational,0,,,"An attempt was made to reset an accounts password",4724,"WinEventLog:Security",WinEventLog,"prd-p-g7nxxbgc3hgl",,,,,,,,,,,,,,,"Domain_A",,,,,,,,,,"user_c",,,,,,,,,,,,,,,,,false,,,,,failure,,"An attempt was made to reset an accounts password",failure,"Account Management",,"account
change
error
management
modify
os
password
security
windows",,,,,,,,,"account
change
error
management
modify
os
password
security
windows",,,,,,,,,,,,,,,22,0,,"user_l",,,,,,,,,,,,,,,,,,,false,,,,,Microsoft,,
,"Domain_C
Domain_C",,"user_m
user_b",,,,,,,,,,,,,,,"Account Management",,,,,,,,"HOST-002",,,,,,,,,"-",4724,"An attempt was made to reset an accounts password",0,,,,,,,,,,,,,,,,,"Audit Failure",,,,,Security,,,,,0x46BA,,,,,,,,,"An attempt was made to reset an account's password.
Subject:
	Security ID:  Domain_C\user_m
	Account Name:  user_m
	Account Domain:  Domain_C
	Logon ID:  0x46BA
Target Account:
	Security ID:  Domain_C\user_b
	Account Name:  user_b
	Account Domain:  Domain_C",,,,,,,,,,,,,,,Info,,,,,,,,,,,,,,,,996579270,,,,,,"Domain_C\user_m
Domain_C\user_b",,,"Microsoft Windows security auditing.",,,,,,,,,,,,,,,,,,,"User Account Management",,,,,Information,,,,,,,,,,,,"02/13/2020 08:04:13 PM
LogName=Security
SourceName=Microsoft Windows security auditing.
EventCode=4724
EventType=0
Type=Information
ComputerName=HOST-002
TaskCategory=User Account Management
OpCode=Info
RecordNumber=996579270
Keywords=Audit Failure
Message=An attempt was made to reset an account's password.
Subject:
	Security ID:  Domain_C\user_m
	Account Name:  user_m
	Account Domain:  Domain_C
	Logon ID:  0x46BA
Target Account:
	Security ID:  Domain_C\user_b
	Account Name:  user_b
	Account Domain:  Domain_C
","2020-02-13T20:04:13.000+0000",modified,"win:unknown","An attempt was made to reset an account's password.
Subject:
	Security ID:  Domain_C\user_m
	Account Name:  user_m
	Account Domain:  Domain_C
	Logon ID:  0x46BA
Target Account:
	Security ID:  Domain_C\user_b
	Account Name:  user_b
	Account Domain:  Domain_C",,"User Account Management",user,,,20,13,4,february,13,thursday,2020,local,"HOST-002",,,,,,,,,false,,,,"Domain_C","HOST-002",,untrust,,false,false,false,,"HOST-002",,,,,,,,,false,,,,"HOST-002",,untrust,,false,false,false,,996579270,"err0r nix_errors windows_account_management windows_account_password_set wineventlog_security wineventlog_windows winsec","HOST-002",996579270,,main,,,,22,,,"user_m
user_b","Domain_C\user_m
Domain_C\user_b","Domain_C\","reset an account's password","An attempt was made to reset an accounts password",,WinEventLog,user,,,,,,,Windows,,,"//_::_==___.====-=__===_=_______'_.:t_:__\t_:__t_:",,,,0x46BA,informational,0,,,"An attempt was made to reset an accounts password",4724,"WinEventLog:Security",WinEventLog,"prd-p-g7nxxbgc3hgl",,,,,,,,,,,,,,,"Domain_C",,,,,,,,,,"user_m",,,,,,,,,,,,,,,,,false,,,,,failure,,"An attempt was made to reset an accounts password",failure,"Account Management",,"account
change
error
management
modify
os
password
security
windows",,,,,,,,,"account
change
error
management
modify
os
password
security
windows",,,,,,,,,,,,,,,22,0,,"user_b",,,,,,,,,,,,,,,,,,,false,,,,,Microsoft,,
,"Domain_B",,"user_f",,,,,,,,,,,,,,,,,,,,,,,"COREDEV-005",,,,,,,,,"-",4672,"Special privileges assigned to new logon",0,,,,,,,,,,,,,,,,,"Audit Success",,,,,Security,,,,,0xA369,,,,,,,,,"Special privileges assigned to new logon.
Subject:
	Security ID:		Domain_B\user_f
	Account Name:		user_f
	Account Domain:		Domain_B
	Logon ID:		0xA369
Privileges:	SeSecurityPrivilege
			SeTakeOwnershipPrivilege
			SeLoadDriverPrivilege
			SeBackupPrivilege
			SeRestorePrivilege
			SeDebugPrivilege
			SeSystemEnvironmentPrivilege
			SeImpersonatePrivilege",,,,,,,,,,,,,,,Info,,,,,,,,,,,SeSecurityPrivilege,,,,,174940083,,,,,,"Domain_B\user_f",,,"Microsoft Windows security auditing.",,,,,,,,,,,,,,,,,,,"Special Logon",,,,,Information,,,,,,,,,,,,"02/13/2020 08:04:13 PM
LogName=Security
SourceName=Microsoft Windows security auditing.
EventCode=4672
EventType=0
Type=Information
ComputerName=COREDEV-005
TaskCategory=Special Logon
OpCode=Info
RecordNumber=174940083
Keywords=Audit Success
Message=Special privileges assigned to new logon.
Subject:
	Security ID:		Domain_B\user_f
	Account Name:		user_f
	Account Domain:		Domain_B
	Logon ID:		0xA369
Privileges:	SeSecurityPrivilege
			SeTakeOwnershipPrivilege
			SeLoadDriverPrivilege
			SeBackupPrivilege
			SeRestorePrivilege
			SeDebugPrivilege
			SeSystemEnvironmentPrivilege
			SeImpersonatePrivilege
","2020-02-13T20:04:13.000+0000",success,"win:unknown","Special privileges assigned to new logon.
Subject:
	Security ID:		Domain_B\user_f
	Account Name:		user_f
	Account Domain:		Domain_B
	Logon ID:		0xA369
Privileges:	SeSecurityPrivilege
			SeTakeOwnershipPrivilege
			SeLoadDriverPrivilege
			SeBackupPrivilege
			SeRestorePrivilege
			SeDebugPrivilege
			SeSystemEnvironmentPrivilege
			SeImpersonatePrivilege",,"Special Logon",,,,20,13,4,february,13,thursday,2020,local,"COREDEV-005",,,,,,,,,false,,,,"Domain_B","COREDEV-005",,untrust,,false,false,false,,"COREDEV-005",,,,,,,,,false,,,,"COREDEV-005",,untrust,,false,false,false,,174940083,"windows_special_privileges wineventlog_security wineventlog_windows winsec","COREDEV-005",174940083,,main,,,,26,,,"user_f","Domain_B\user_f","Domain_B\",,"Special privileges assigned to new logon",,WinEventLog,,,,,"Manage auditing and security log
Take ownership of files or other objects
Load and unload device drivers
Back up files and directories
Restore files and directories
Debug programs
Modify firmware environment values
Impersonate a Client After Authentication","SeSecurityPrivilege
SeTakeOwnershipPrivilege
SeLoadDriverPrivilege
SeBackupPrivilege
SeRestorePrivilege
SeDebugPrivilege
SeSystemEnvironmentPrivilege
SeImpersonatePrivilege",,Windows,,,"//_::_==___.====-=_===_=_____.:t_:tt\t_:ttt_:ttt_:",,,,0xA369,informational,0,,,"Special privileges assigned to new logon",4672,"WinEventLog:Security",WinEventLog,"prd-p-g7nxxbgc3hgl",,,,,,,,,,,,,,,"Domain_B",,,,,,,,,,,,,,,,,,,,,,,,,,,,,,,,success,,"Special privileges assigned to new logon",failure,,,"audit
authentication
os
privileged
security
success
windows",,,,success,,,,,"authentication
os
privileged
security
windows",,audit,,,,,,,,,,,,,22,0,,"user_f",,,,,,,,,,,,,,,,,,,false,,,,,Microsoft,"SeSecurityPrivilege
			SeTakeOwnershipPrivilege
			SeLoadDriverPrivilege
			SeBackupPrivilege
			SeRestorePrivilege
			SeDebugPrivilege
			SeSystemEnvironmentPrivilege
			SeImpersonatePrivilege",
,,,,,,,,,,"MICROSOFT_AUTHENTICATION_PACKAGE_V1_0",,,,,,,,,,,,,,,,"COREDEV-003",,,,,,,,,0xC000006D,4776,"The domain controller attempted to validate the credentials for an account",0,,,,,,,,,,,,,,,,,"Failure Audit",,,,,Security,,"user_n",,,,,,,,,,,,"The computer attempted to validate the credentials for an account.
Authentication Package: MICROSOFT_AUTHENTICATION_PACKAGE_V1_0
Logon Account: user_n
Source Workstation: COREDEV-003
Error Code: 0xC000006D",,,,,,,,,,,,,,,Info,,,,,,,,,,,,,,,,818242339,,,,,,,,,"Microsoft Windows security auditing.",,,"COREDEV-003",,,,,,,,,,,,,,,,"Credential Validation",,,,,Information,,,,,,,,,,,,"02/13/2020 08:04:12 PM
LogName=Security
SourceName=Microsoft Windows security auditing.
EventCode=4776
EventType=0
Type=Information
ComputerName=COREDEV-003
TaskCategory=Credential Validation
OpCode=Info
RecordNumber=818242339
Keywords=Failure Audit
Message=The computer attempted to validate the credentials for an account.
Authentication Package: MICROSOFT_AUTHENTICATION_PACKAGE_V1_0
Logon Account: user_n
Source Workstation: COREDEV-003
Error Code: 0xC000006D
","2020-02-13T20:04:12.000+0000",failure,"win:unknown","The computer attempted to validate the credentials for an account.
Authentication Package: MICROSOFT_AUTHENTICATION_PACKAGE_V1_0
Logon Account: user_n
Source Workstation: COREDEV-003
Error Code: 0xC000006D",,"Credential Validation",,,,20,13,4,february,12,thursday,2020,local,"COREDEV-003",,,,,,,,,false,,,,,"COREDEV-003",,untrust,,false,false,false,,"COREDEV-003",,,,,,,,,false,,,,"COREDEV-003",,untrust,,false,false,false,,818242339,"err0r nix_errors windows_account_used4logon wineventlog_security wineventlog_windows winsec","COREDEV-003",818242339,,main,,,,17,,,,,,,"The domain controller attempted to validate the credentials for an account",,WinEventLog,,,,,,,,Windows,,,"//_::_==___.====-=_===_=_________._:__:__:_-_:_",,,,,informational,0,,,"The domain controller attempted to validate the credentials for an account",4776,"WinEventLog:Security",WinEventLog,"prd-p-g7nxxbgc3hgl",,"COREDEV-003",,,,,,,,,false,,,,,"COREDEV-003",,untrust,,,false,,false,false,,,,,,,,,,,,,,,,,,,,,,,failure,,"The domain controller attempted to validate the credentials for an account",failure,,,"authentication
error
failure
os
security
windows",,,,failure,,,,,"authentication
error
os
security
windows",,,,,,,,,,,,,,,22,0,,"user_n",,,,,,,,,,,,,,,,,,,false,,,,,Microsoft,,
,"Domain_B
Domain_B",,"PROD-MFS-002
suzanefurst",,"dcab.acmbh.com",,,,,,,,,,,,,,,,,,,,,"PROD-MFS-002",,,,,,,,,"-",4648,"A logon was attempted using explicit credentials",0,,,,,,,,,,,,,,,,,"Audit Success",,,,,Security,,,"{00000000-0000-0000-0000-000000000000}
{27C4A2F2-13CA-AA25-E903-D31268740239}",,0x70E4,,,,,,,,,"A logon was attempted using explicit credentials.
Subject:
	Security ID:  Domain_B\SYSTEM
	Account Name:  PROD-MFS-002
	Account Domain:  Domain_B
	Logon ID:  0x70E4
	Logon GUID:		{00000000-0000-0000-0000-000000000000}
Account Whose Credentials Were Used:
	Account Name:		suzanefurst
	Account Domain:		Domain_B
	Logon GUID:		{27C4A2F2-13CA-AA25-E903-D31268740239}
Target Server:
	Target Server Name:	dcab.acmbh.com
	Additional Information:	dcab.acmbh.com
Process Information:
	Process ID:		ED77
	Process Name:		C:\Windows\System32\example_c.exe
Network Information:
	Network Address:	115.127.239.25
	Port:			51073
This event is generated when a process attempts to log on an account by explicitly specifying that account's credentials. This most commonly occurs in batch-type configurations such as scheduled tasks, or when using the RUNAS command.",,,,,,"115.127.239.25",,,,,,,,,Info,,,,,,51073,,,,,,ED77,"C:\Windows\System32\example_c.exe",,,409231104,,,,,,"Domain_B\SYSTEM",,,"Microsoft Windows security auditing.",,,,,,,,,,,,,,,,,"dcab.acmbh.com",,Logon,,,,,Information,,,,,,,,,,,,"02/13/2020 08:04:12 PM
LogName=Security
SourceName=Microsoft Windows security auditing.
EventCode=4648
EventType=0
Type=Information
ComputerName=PROD-MFS-002
TaskCategory=Logon
OpCode=Info
RecordNumber=409231104
Keywords=Audit Success
Message=A logon was attempted using explicit credentials.
Subject:
	Security ID:  Domain_B\SYSTEM
	Account Name:  PROD-MFS-002
	Account Domain:  Domain_B
	Logon ID:  0x70E4
	Logon GUID:		{00000000-0000-0000-0000-000000000000}
Account Whose Credentials Were Used:
	Account Name:		suzanefurst
	Account Domain:		Domain_B
	Logon GUID:		{27C4A2F2-13CA-AA25-E903-D31268740239}
Target Server:
	Target Server Name:	dcab.acmbh.com
	Additional Information:	dcab.acmbh.com
Process Information:
	Process ID:		ED77
	Process Name:		C:\Windows\System32\example_c.exe
Network Information:
	Network Address:	115.127.239.25
	Port:			51073
This event is generated when a process attempts to log on an account by explicitly specifying that account's credentials. This most commonly occurs in batch-type configurations such as scheduled tasks, or when using the RUNAS command.
","2020-02-13T20:04:12.000+0000",success,"win:remote","A logon was attempted using explicit credentials.
Subject:
	Security ID:  Domain_B\SYSTEM
	Account Name:  PROD-MFS-002
	Account Domain:  Domain_B
	Logon ID:  0x70E4
	Logon GUID:		{00000000-0000-0000-0000-000000000000}
Account Whose Credentials Were Used:
	Account Name:		suzanefurst
	Account Domain:		Domain_B
	Logon GUID:		{27C4A2F2-13CA-AA25-E903-D31268740239}
Target Server:
	Target Server Name:	dcab.acmbh.com
	Additional Information:	dcab.acmbh.com
Process Information:
	Process ID:		ED77
	Process Name:		C:\Windows\System32\example_c.exe
Network Information:
	Network Address:	115.127.239.25
	Port:			51073
This event is generated when a process attempts to log on an account by explicitly specifying that account's credentials. This most commonly occurs in batch-type configurations such as scheduled tasks, or when using the RUNAS command.",,Logon,,,,20,13,4,february,12,thursday,2020,local,"dcab.acmbh.com",,,,,,,,,false,,,,"Domain_B","dcab.acmbh.com",,untrust,,false,false,false,,"PROD-MFS-002",,,,,,,,,false,,,,"PROD-MFS-002",,untrust,,false,false,false,,409231104,"windows_logon_explicit wineventlog_security wineventlog_windows winsec","PROD-MFS-002",409231104,,main,,,,33,,,"PROD-MFS-002
suzanefurst","Domain_B\SYSTEM","Domain_B\",,"A logon was attempted using explicit credentials",,WinEventLog,,,,,,,,Windows,,,"//_::_==___.====--====_=______.:t_:__\t_:__--t_:__",,,,0x70E4,informational,0,,,"A logon was attempted using explicit credentials",4648,"WinEventLog:Security",WinEventLog,"prd-p-g7nxxbgc3hgl",,,,,,,,,,,,,,,"Domain_B",,,,,,,,,,"PROD-MFS-002",,,,,,,,,,,,,,,,,false,,,,,success,,"A logon was attempted using explicit credentials",failure,,,"authentication
os
privileged
remote
security
success
windows",,,,success,remote,,,,"authentication
os
privileged
security
windows",,,,,,,,,,,,,,,22,0,,suzanefurst,,,,,,,,,,,,,,,,,,,false,,,,,Microsoft,,
,,,,,,,,,,"MICROSOFT_AUTHENTICATION_PACKAGE_V1_0",,,,,,,,,,,,,,,,"PROD-MFS-003",,,,,,,,,0xC000006D,4776,"The domain controller attempted to validate the credentials for an account",0,,,,,,,,,,,,,,,,,"Failure Audit",,,,,Security,,"user_h",,,,,,,,,,,,"The computer attempted to validate the credentials for an account.
Authentication Package: MICROSOFT_AUTHENTICATION_PACKAGE_V1_0
Logon Account: user_h
Source Workstation: PROD-MFS-003
Error Code: 0xC000006D",,,,,,,,,,,,,,,Info,,,,,,,,,,,,,,,,146299380,,,,,,,,,"Microsoft Windows security auditing.",,,"PROD-MFS-003",,,,,,,,,,,,,,,,"Credential Validation",,,,,Information,,,,,,,,,,,,"02/13/2020 08:04:12 PM
LogName=Security
SourceName=Microsoft Windows security auditing.
EventCode=4776
EventType=0
Type=Information
ComputerName=PROD-MFS-003
TaskCategory=Credential Validation
OpCode=Info
RecordNumber=146299380
Keywords=Failure Audit
Message=The computer attempted to validate the credentials for an account.
Authentication Package: MICROSOFT_AUTHENTICATION_PACKAGE_V1_0
Logon Account: user_h
Source Workstation: PROD-MFS-003
Error Code: 0xC000006D
","2020-02-13T20:04:12.000+0000",failure,"win:unknown","The computer attempted to validate the credentials for an account.
Authentication Package: MICROSOFT_AUTHENTICATION_PACKAGE_V1_0
Logon Account: user_h
Source Workstation: PROD-MFS-003
Error Code: 0xC000006D",,"Credential Validation",,,,20,13,4,february,12,thursday,2020,local,"PROD-MFS-003",,,,,,,,,false,,,,,"PROD-MFS-003",,untrust,,false,false,false,,"PROD-MFS-003",,,,,,,,,false,,,,"PROD-MFS-003",,untrust,,false,false,false,,146299380,"err0r nix_errors windows_account_used4logon wineventlog_security wineventlog_windows winsec","PROD-MFS-003",146299380,,main,,,,17,,,,,,,"The domain controller attempted to validate the credentials for an account",,WinEventLog,,,,,,,,Windows,,,"//_::_==___.====--=_===_=_________._:__:__:_--_:_",,,,,informational,0,,,"The domain controller attempted to validate the credentials for an account",4776,"WinEventLog:Security",WinEventLog,"prd-p-g7nxxbgc3hgl",,"PROD-MFS-003",,,,,,,,,false,,,,,"PROD-MFS-003",,untrust,,,false,,false,false,,,,,,,,,,,,,,,,,,,,,,,failure,,"The domain controller attempted to validate the credentials for an account",failure,,,"authentication
error
failure
os
security
windows",,,,failure,,,,,"authentication
error
os
security
windows",,,,,,,,,,,,,,,22,0,,"user_h",,,,,,,,,,,,,,,,,,,false,,,,,Microsoft,,
,krbtgt,,GUEST,,,,,,,,,,,,,,,,,,,,,,,"HOST-006",,,,,,,,,"-",4672,"Special privileges assigned to new logon",Information,,,,,,,,,,,,,,,,,"Audit Success",,,,,Security,,,,,0xD5F,,,,,,,,,"Special privileges assigned to new logon.

Subject:
	Security ID:		NULL SID
	Account Name:		GUEST
	Account Domain:		krbtgt
	Logon ID:		0xD5F
Privileges:		SeAssignPrimaryTokenPrivilege
			SeTcbPrivilege
			SeSecurityPrivilege
			SeTakeOwnershipPrivilege
			SeLoadDriverPrivilege
			SeBackupPrivilege
			SeRestorePrivilege
			SeDebugPrivilege
			SeAuditPrivilege
			SeSystemEnvironmentPrivilege
			SeImpersonatePrivilege
			SeDelegateSessionUserImpersonatePrivilege",,,,,,,,,,,,,,,Info,,,,,,,,,,,SeAssignPrimaryTokenPrivilege,,,,,673512099,,,,,,"NULL SID",,,"Microsoft Windows security auditing.",,,,,,,,,,,,,,,,,,,"Authentication Policy Change",,,,,Information,,,,,,,,,,,,"02/13/2020 08:04:11 PM
LogName=Security
SourceName=Microsoft Windows security auditing.
EventCode=4672
EventType=Information
Type=Information
ComputerName=HOST-006
TaskCategory=Authentication Policy Change
OpCode=Info
RecordNumber=673512099
Keywords=Audit Success
Message=Special privileges assigned to new logon.

Subject:
	Security ID:		NULL SID
	Account Name:		GUEST
	Account Domain:		krbtgt
	Logon ID:		0xD5F
Privileges:		SeAssignPrimaryTokenPrivilege
			SeTcbPrivilege
			SeSecurityPrivilege
			SeTakeOwnershipPrivilege
			SeLoadDriverPrivilege
			SeBackupPrivilege
			SeRestorePrivilege
			SeDebugPrivilege
			SeAuditPrivilege
			SeSystemEnvironmentPrivilege
			SeImpersonatePrivilege
			SeDelegateSessionUserImpersonatePrivilege

","2020-02-13T20:04:11.000+0000",success,"win:unknown","Special privileges assigned to new logon.

Subject:
	Security ID:		NULL SID
	Account Name:		GUEST
	Account Domain:		krbtgt
	Logon ID:		0xD5F
Privileges:		SeAssignPrimaryTokenPrivilege
			SeTcbPrivilege
			SeSecurityPrivilege
			SeTakeOwnershipPrivilege
			SeLoadDriverPrivilege
			SeBackupPrivilege
			SeRestorePrivilege
			SeDebugPrivilege
			SeAuditPrivilege
			SeSystemEnvironmentPrivilege
			SeImpersonatePrivilege
			SeDelegateSessionUserImpersonatePrivilege",,"Authentication Policy Change",,,,20,13,4,february,11,thursday,2020,local,"HOST-006",,,,,,,,,false,,,,krbtgt,"HOST-006",,untrust,,false,false,false,,"HOST-006",,,,,,,,,false,,,,"HOST-006",,untrust,,false,false,false,,673512099,"windows_special_privileges wineventlog_security wineventlog_windows winsec","HOST-006",673512099,,main,,,,32,,,GUEST,"NULL SID",,,"Special privileges assigned to new logon",,WinEventLog,,,,,"Replace a process level token
Act as part of the operating system
Manage auditing and security log
Take ownership of files or other objects
Load and unload device drivers
Back up files and directories
Restore files and directories
Debug programs
Generate security audits
Modify firmware environment values
Impersonate a Client After Authentication","SeAssignPrimaryTokenPrivilege
SeTcbPrivilege
SeSecurityPrivilege
SeTakeOwnershipPrivilege
SeLoadDriverPrivilege
SeBackupPrivilege
SeRestorePrivilege
SeDebugPrivilege
SeAuditPrivilege
SeSystemEnvironmentPrivilege
SeImpersonatePrivilege
SeDelegateSessionUserImpersonatePrivilege",,Windows,,,"//_::_==___.====-=__===_=_____.:t_:tt_t_:ttt_:ttt_",,,,0xD5F,informational,Information,,,"Special privileges assigned to new logon",4672,"WinEventLog:Security",WinEventLog,"prd-p-g7nxxbgc3hgl",,,,,,,,,,,,,,,,,,,,,,,,,,,,,,,,,,,,,,,,,,,,,,,success,,"Special privileges assigned to new logon",failure,,,"audit
authentication
os
privileged
security
success
windows",,,,success,,,,,"authentication
os
privileged
security
windows",,audit,,,,,,,,,,,,,22,0,,GUEST,,,,,,,,,,,,,,,,,,,false,,,,,Microsoft,"SeAssignPrimaryTokenPrivilege
			SeTcbPrivilege
			SeSecurityPrivilege
			SeTakeOwnershipPrivilege
			SeLoadDriverPrivilege
			SeBackupPrivilege
			SeRestorePrivilege
			SeDebugPrivilege
			SeAuditPrivilege
			SeSystemEnvironmentPrivilege
			SeImpersonatePrivilege
			SeDelegateSessionUserImpersonatePrivilege",
,"Domain_B
Domain_B",,"user_h
user_a",,,,,,,,,,,,,,,"Account Management",,,,,,,,"BUSDEV-006",,,,,,,,,"-",4726,"A user account was deleted",0,,,,,,,,,,,,,,,,,"Audit Success",,,,,Security,,,,,0xA19C,,,,,,,,,"A user account was deleted.

Subject:
	Security ID:		Domain_B\user_h
	Account Name:		user_h
	Account Domain:		Domain_B
	Logon ID:		0xA19C

Target Account:
	Security ID:		Domain_B\user_a
	Account Name:		user_a
	Account Domain:		Domain_B

Additional Information:
	Privileges	-",,,,,,,,,,,,,,,Info,,,,,,,,,,,,,,,,140600369,,,,,,"Domain_B\user_h
Domain_B\user_a",,,"Microsoft Windows security auditing.",,,,,,,,,,,,,,,,,,,"User Account Management",,,,,Information,,,,,,,,,,,,"02/13/2020 08:04:11 PM
LogName=Security
SourceName=Microsoft Windows security auditing.
EventCode=4726
EventType=0
Type=Information
ComputerName=BUSDEV-006
TaskCategory=User Account Management
OpCode=Info
RecordNumber=140600369
Keywords=Audit Success
Message=A user account was deleted.

Subject:
	Security ID:		Domain_B\user_h
	Account Name:		user_h
	Account Domain:		Domain_B
	Logon ID:		0xA19C

Target Account:
	Security ID:		Domain_B\user_a
	Account Name:		user_a
	Account Domain:		Domain_B

Additional Information:
	Privileges	-
","2020-02-13T20:04:11.000+0000",deleted,"win:unknown","A user account was deleted.

Subject:
	Security ID:		Domain_B\user_h
	Account Name:		user_h
	Account Domain:		Domain_B
	Logon ID:		0xA19C

Target Account:
	Security ID:		Domain_B\user_a
	Account Name:		user_a
	Account Domain:		Domain_B

Additional Information:
	Privileges	-",,"User Account Management",user,,,20,13,4,february,11,thursday,2020,local,"BUSDEV-006",,,,,,,,,false,,,,"Domain_B","BUSDEV-006",,untrust,,false,false,false,,"BUSDEV-006",,,,,,,,,false,,,,"BUSDEV-006",,untrust,,false,false,false,,140600369,"windows_account_deleted windows_account_management wineventlog_security wineventlog_windows winsec","BUSDEV-006",140600369,,main,,,,27,,,"user_h
user_a","Domain_B\user_h
Domain_B\user_a","Domain_B\",deleted,"A user account was deleted",,WinEventLog,user,,,,,,,Windows,,,"//_::_==___.====-=__===_=____.:t_:tt\t_:ttt_:ttt_:",,,,0xA19C,informational,0,,,"A user account was deleted",4726,"WinEventLog:Security",WinEventLog,"prd-p-g7nxxbgc3hgl",,,,,,,,,,,,,,,"Domain_B",,,,,,,,,,"user_h",,,,,,,,,,,,,,,,,false,,,,,success,,"A user account was deleted",failure,"Account Management",,"account
change
delete
management
os
security
windows",,,,,,,,,"account
change
delete
management
os
security
windows",,,,,,,,,,,,,,,22,0,,"user_a",,,,,,,,,,,,,,,,,,,false,,,,,Microsoft,,
,"Domain_B
Domain_B",,"user_c
user_l",,,,,,,,,,,,,,,"Account Management",,,,,,,,"PROD-MFS-005",,,,,,,,,"-",4726,"A user account was deleted",0,,,,,,,,,,,,,,,,,"Audit Success",,,,,Security,,,,,0x5FC9,,,,,,,,,"A user account was deleted.

Subject:
	Security ID:		Domain_B\user_c
	Account Name:		user_c
	Account Domain:		Domain_B
	Logon ID:		0x5FC9

Target Account:
	Security ID:		Domain_B\user_l
	Account Name:		user_l
	Account Domain:		Domain_B

Additional Information:
	Privileges	-",,,,,,,,,,,,,,,Info,,,,,,,,,,,,,,,,353308243,,,,,,"Domain_B\user_c
Domain_B\user_l",,,"Microsoft Windows security auditing.",,,,,,,,,,,,,,,,,,,"User Account Management",,,,,Information,,,,,,,,,,,,"02/13/2020 08:04:11 PM
LogName=Security
SourceName=Microsoft Windows security auditing.
EventCode=4726
EventType=0
Type=Information
ComputerName=PROD-MFS-005
TaskCategory=User Account Management
OpCode=Info
RecordNumber=353308243
Keywords=Audit Success
Message=A user account was deleted.

Subject:
	Security ID:		Domain_B\user_c
	Account Name:		user_c
	Account Domain:		Domain_B
	Logon ID:		0x5FC9

Target Account:
	Security ID:		Domain_B\user_l
	Account Name:		user_l
	Account Domain:		Domain_B

Additional Information:
	Privileges	-
","2020-02-13T20:04:11.000+0000",deleted,"win:unknown","A user account was deleted.

Subject:
	Security ID:		Domain_B\user_c
	Account Name:		user_c
	Account Domain:		Domain_B
	Logon ID:		0x5FC9

Target Account:
	Security ID:		Domain_B\user_l
	Account Name:		user_l
	Account Domain:		Domain_B

