LogName=Security
SourceName=Microsoft Windows security auditing.
EventCode=4624
EventType=Information
Type=Information
ComputerName=COREDEV-006
TaskCategory=Authentication Policy Change
OpCode=Info
RecordNumber=700599566
Keywords=Audit Success
Message=An account was successfully logged on.

Subject:
	Security ID:		WINDOWS\SERVER2012$
	Account Name:		GUEST
	Account Domain:		krbtgt
	Logon ID:		0xC42
Logon Information:
	Logon Type:		0
	Restricted Admin Mode:	-
	Virtual Account:		Yes
	Elevated Token:		Yes

Impersonation Level:		Abcde

New Logon:
	Security ID:		WINDOWS\SERVER2012$
	Account Name:		GUEST
	Account Domain:		krbtgt
	Logon ID:		0xC42	Linked Logon ID:		0xD
	Network Account Name:	-
	Network Account Domain:	-
	Logon GUID:		{7F1AF9AC-AD15-AD15-AD15-6AE31C1F3D4D}

Process Information:
	Process ID:		0xC42	Process Name:		aa\bb\cc\dd\FDE9BCD.exe

Network Information:
	Workstation Name:	-
	Source Network Address:	-
	Source Port:		3105

Detailed Authentication Information:
	Logon Process:		7F1AF9AC  
	Authentication Package:	NTLM
	Transited Services:	-
	Package Name (NTLM only):	-
	Key Length:		0

This event is generated when a logon session is created. It is generated on the computer that was accessed.

The subject fields indicate the account on the local system which requested the logon. This is most commonly a service such as the Server service, or a local process such as FDE9BCD.exe or FDE9BCD.exe.

The logon type field indicates the kind of logon that occurred. The most common types are 2 (interactive) and 3 (network).

The New Logon fields indicate the account for whom the new logon was created, i.e. the account that was logged on.

The network fields indicate where a remote logon request originated. Workstation name is not always available and may be left blank in some cases.

The impersonation level field indicates the extent to which a process in the logon session can impersonate.

The authentication information fields provide detailed information about this specific logon request.
	- Logon GUID is a unique identifier that can be used to correlate this event with a KDC event.
	- Transited services indicate which intermediate services have participated in this logon request.
	- Package name indicates which sub-protocol was used among the NTLM protocols.
	- Key length indicates the length of the generated session key. This will be 0 if no session key was requested.

","2020-02-13T20:04:09.000+0000",success,"win:unknown","An account was successfully logged on.

Subject:
	Security ID:		WINDOWS\SERVER2012$
	Account Name:		GUEST
	Account Domain:		krbtgt
	Logon ID:		0xC42
Logon Information:
	Logon Type:		0
	Restricted Admin Mode:	-
	Virtual Account:		Yes
	Elevated Token:		Yes

Impersonation Level:		Abcde

New Logon:
	Security ID:		WINDOWS\SERVER2012$
	Account Name:		GUEST
	Account Domain:		krbtgt
	Logon ID:		0xC42	Linked Logon ID:		0xD
	Network Account Name:	-
	Network Account Domain:	-
	Logon GUID:		{7F1AF9AC-AD15-AD15-AD15-6AE31C1F3D4D}

Process Information:
	Process ID:		0xC42	Process Name:		aa\bb\cc\dd\FDE9BCD.exe

Network Information:
	Workstation Name:	-
	Source Network Address:	-
	Source Port:		3105

Detailed Authentication Information:
	Logon Process:		7F1AF9AC  
	Authentication Package:	NTLM
	Transited Services:	-
	Package Name (NTLM only):	-
	Key Length:		0

This event is generated when a logon session is created. It is generated on the computer that was accessed.

The subject fields indicate the account on the local system which requested the logon. This is most commonly a service such as the Server service, or a local process such as FDE9BCD.exe or FDE9BCD.exe.

The logon type field indicates the kind of logon that occurred. The most common types are 2 (interactive) and 3 (network).

The New Logon fields indicate the account for whom the new logon was created, i.e. the account that was logged on.

The network fields indicate where a remote logon request originated. Workstation name is not always available and may be left blank in some cases.

The impersonation level field indicates the extent to which a process in the logon session can impersonate.

The authentication information fields provide detailed information about this specific logon request.
	- Logon GUID is a unique identifier that can be used to correlate this event with a KDC event.
	- Transited services indicate which intermediate services have participated in this logon request.
	- Package name indicates which sub-protocol was used among the NTLM protocols.
	- Key length indicates the length of the generated session key. This will be 0 if no session key was requested.",,"Authentication Policy Change",,,,20,13,4,february,9,thursday,2020,local,"COREDEV-006",,,,,,,,,false,,,,krbtgt,"COREDEV-006",,untrust,,false,false,false,,"COREDEV-006",,,,,,,,,false,,,,"COREDEV-006",,untrust,,false,false,false,,700599566,"windows_logon_success wineventlog_security wineventlog_windows winsec","COREDEV-006",700599566,,main,,,,69,,,"GUEST
GUEST","WINDOWS\SERVER2012$
WINDOWS\SERVER2012$","WINDOWS\",,"An account was successfully logged on",,WinEventLog,,,,,,,0xC42,Windows,,,"//_::_==___.====-=__===_=_____.:t_:tt\$t_:ttt_:ttt",,,,"0xC42	Linked Logon ID:		0xD",informational,Information,,,"An account was successfully logged on",4624,"WinEventLog:Security",WinEventLog,"prd-p-g7nxxbgc3hgl",,,,,,,,,,,,,,,krbtgt,,,,3105,,,,,,GUEST,,,,,,,,,,,,,,,,,false,,,,,success,,"An account was successfully logged on",failure,,,"authentication
os
security
success
windows",,,,success,,,,,"authentication
os
security
windows",,,,,,,,,,,,,,,22,0,,GUEST,,,,,,,,,,,,,,,,,,,false,,,,,Microsoft,,
,,,,,,,,,,"MICROSOFT_AUTHENTICATION_PACKAGE_V1_0",,,,,,,,,,,,,,,,"SE-003",,,,,,,,,0xC000006D,4776,"The domain controller attempted to validate the credentials for an account",0,,,,,,,,,,,,,,,,,"Failure Audit",,,,,Security,,"user_b",,,,,,,,,,,,"The computer attempted to validate the credentials for an account.
Authentication Package: MICROSOFT_AUTHENTICATION_PACKAGE_V1_0
Logon Account: user_b
Source Workstation: SE-003
Error Code: 0xC000006D",,,,,,,,,,,,,,,Info,,,,,,,,,,,,,,,,394493183,,,,,,,,,"Microsoft Windows security auditing.",,,"SE-003",,,,,,,,,,,,,,,,"Credential Validation",,,,,Information,,,,,,,,,,,,"02/13/2020 08:04:09 PM
LogName=Security
SourceName=Microsoft Windows security auditing.
EventCode=4776
EventType=0
Type=Information
ComputerName=SE-003
TaskCategory=Credential Validation
OpCode=Info
RecordNumber=394493183
Keywords=Failure Audit
Message=The computer attempted to validate the credentials for an account.
Authentication Package: MICROSOFT_AUTHENTICATION_PACKAGE_V1_0
Logon Account: user_b
Source Workstation: SE-003
Error Code: 0xC000006D
","2020-02-13T20:04:09.000+0000",failure,"win:unknown","The computer attempted to validate the credentials for an account.
Authentication Package: MICROSOFT_AUTHENTICATION_PACKAGE_V1_0
Logon Account: user_b
Source Workstation: SE-003
Error Code: 0xC000006D",,"Credential Validation",,,,20,13,4,february,9,thursday,2020,local,"SE-003",,,,,,,,,false,,,,,"SE-003",,untrust,,false,false,false,,"SE-003",,,,,,,,,false,,,,"SE-003",,untrust,,false,false,false,,394493183,"err0r nix_errors windows_account_used4logon wineventlog_security wineventlog_windows winsec","SE-003",394493183,,main,,,,17,,,,,,,"The domain controller attempted to validate the credentials for an account",,WinEventLog,,,,,,,,Windows,,,"//_::_==___.====-=_===_=_________._:__:__:_-_:_",,,,,informational,0,,,"The domain controller attempted to validate the credentials for an account",4776,"WinEventLog:Security",WinEventLog,"prd-p-g7nxxbgc3hgl",,"SE-003",,,,,,,,,false,,,,,"SE-003",,untrust,,,false,,false,false,,,,,,,,,,,,,,,,,,,,,,,failure,,"The domain controller attempted to validate the credentials for an account",failure,,,"authentication
error
failure
os
security
windows",,,,failure,,,,,"authentication
error
os
security
windows",,,,,,,,,,,,,,,22,0,,"user_b",,,,,,,,,,,,,,,,,,,false,,,,,Microsoft,,
,"Domain_C
Domain_C",,"ops-sys-005
user_h",,,,,,,Negotiate,,,,,,,,,,,,,,,,"ops-sys-005",,,,,,,,No,"-",4624,"An account was successfully logged on",0,,,,,,,,,,,Delegation,,,0,,,"Audit Success",E099,,,,Security,,,"{221B21A6-1AE2-3F9A-24EF-22C392AC2A47}",,"0x70E4
0xA19C",Winlogon,4,,,,,,,"An account was successfully logged on.

Subject:
 Security ID:  Domain_C\SYSTEM
 Account Name:  ops-sys-005
 Account Domain:  Domain_C
 Logon ID:  0x70E4

Logon Information:
 Logon Type:  4
 Restricted Admin Mode: Yes
 Virtual Account:  Yes
 Elevated Token:  No

Impersonation Level:  Delegation

New Logon:
 Security ID:  Domain_C\user_h
 Account Name:  user_h
 Account Domain:  Domain_C
 Logon ID:  0xA19C
 Linked Logon ID:  E099
 Network Account Name: -
 Network Account Domain: -
 Logon GUID:  {221B21A6-1AE2-3F9A-24EF-22C392AC2A47}

Process Information:
 Process ID:  0xF84D
 Process Name:  C:\Windows\System32\example_e.exe

Network Information:
 Workstation Name: ops-sys-005
 Source Network Address: 21.141.225.8
 Source Port:  23593

Detailed Authentication Information:
 Logon Process:  Winlogon 
 Authentication Package: Negotiate
 Transited Services: -
 Package Name (NTLM only): -
 Key Length:  0

This event is generated when a logon session is created. It is generated on the computer that was accessed.

The subject fields indicate the account on the local system which requested the logon. This is most commonly a service such as the Server service, or a local process such as 3FDD9.exe or 3FDD9.exe.

The logon type field indicates the kind of logon that occurred. The most common types are 2 (interactive) and 3 (network).

The New Logon fields indicate the account for whom the new logon was created, i.e. the account that was logged on.

The network fields indicate where a remote logon request originated. Workstation name is not always available and may be left blank in some cases.

The impersonation level field indicates the extent to which a process in the logon session can impersonate.

The authentication information fields provide detailed information about this specific logon request.
 - Logon GUID is a unique identifier that can be used to correlate this event with a KDC event.
 - Transited services indicate which intermediate services have participated in this logon request.
 - Package name indicates which sub-protocol was used among the NTLM protocols.
 - Key length indicates the length of the generated session key. This will be 0 if no session key was requested.",,,,"-","-",,,,,,,,,,Info,,"-",,,,,,,,,,0xF84D,"C:\Windows\System32\example_e.exe",,,803069060,Yes,,,,,"Domain_C\SYSTEM
Domain_C\user_h",,,"Microsoft Windows security auditing.","21.141.225.8",23593,,,,,,,,,,,,,,,,,Logon,,,,"-",Information,,,,,,,,Yes,,,"ops-sys-005","02/13/2020 08:04:08 PM
LogName=Security
SourceName= Microsoft Windows security auditing.
EventCode=4624
EventType=0
Type=Information
ComputerName=ops-sys-005
TaskCategory=Logon
OpCode=Info
RecordNumber=803069060
Keywords=Audit Success
Message=An account was successfully logged on.

Subject:
 Security ID:  Domain_C\SYSTEM
 Account Name:  ops-sys-005
 Account Domain:  Domain_C
 Logon ID:  0x70E4

Logon Information:
 Logon Type:  4
 Restricted Admin Mode: Yes
 Virtual Account:  Yes
 Elevated Token:  No

Impersonation Level:  Delegation

New Logon:
 Security ID:  Domain_C\user_h
 Account Name:  user_h
 Account Domain:  Domain_C
 Logon ID:  0xA19C
 Linked Logon ID:  E099
 Network Account Name: -
 Network Account Domain: -
 Logon GUID:  {221B21A6-1AE2-3F9A-24EF-22C392AC2A47}

Process Information:
 Process ID:  0xF84D
 Process Name:  C:\Windows\System32\example_e.exe

Network Information:
 Workstation Name: ops-sys-005
 Source Network Address: 21.141.225.8
 Source Port:  23593

Detailed Authentication Information:
 Logon Process:  Winlogon 
 Authentication Package: Negotiate
 Transited Services: -
 Package Name (NTLM only): -
 Key Length:  0

This event is generated when a logon session is created. It is generated on the computer that was accessed.

The subject fields indicate the account on the local system which requested the logon. This is most commonly a service such as the Server service, or a local process such as 3FDD9.exe or 3FDD9.exe.

The logon type field indicates the kind of logon that occurred. The most common types are 2 (interactive) and 3 (network).

The New Logon fields indicate the account for whom the new logon was created, i.e. the account that was logged on.

The network fields indicate where a remote logon request originated. Workstation name is not always available and may be left blank in some cases.

The impersonation level field indicates the extent to which a process in the logon session can impersonate.

The authentication information fields provide detailed information about this specific logon request.
 - Logon GUID is a unique identifier that can be used to correlate this event with a KDC event.
 - Transited services indicate which intermediate services have participated in this logon request.
 - Package name indicates which sub-protocol was used among the NTLM protocols.
 - Key length indicates the length of the generated session key. This will be 0 if no session key was requested.

","2020-02-13T20:04:08.000+0000",success,"win:local","An account was successfully logged on.

Subject:
 Security ID:  Domain_C\SYSTEM
 Account Name:  ops-sys-005
 Account Domain:  Domain_C
 Logon ID:  0x70E4

Logon Information:
 Logon Type:  4
 Restricted Admin Mode: Yes
 Virtual Account:  Yes
 Elevated Token:  No

Impersonation Level:  Delegation

New Logon:
 Security ID:  Domain_C\user_h
 Account Name:  user_h
 Account Domain:  Domain_C
 Logon ID:  0xA19C
 Linked Logon ID:  E099
 Network Account Name: -
 Network Account Domain: -
 Logon GUID:  {221B21A6-1AE2-3F9A-24EF-22C392AC2A47}

Process Information:
 Process ID:  0xF84D
 Process Name:  C:\Windows\System32\example_e.exe

Network Information:
 Workstation Name: ops-sys-005
 Source Network Address: 21.141.225.8
 Source Port:  23593

Detailed Authentication Information:
 Logon Process:  Winlogon 
 Authentication Package: Negotiate
 Transited Services: -
 Package Name (NTLM only): -
 Key Length:  0

This event is generated when a logon session is created. It is generated on the computer that was accessed.

The subject fields indicate the account on the local system which requested the logon. This is most commonly a service such as the Server service, or a local process such as 3FDD9.exe or 3FDD9.exe.

The logon type field indicates the kind of logon that occurred. The most common types are 2 (interactive) and 3 (network).

The New Logon fields indicate the account for whom the new logon was created, i.e. the account that was logged on.

The network fields indicate where a remote logon request originated. Workstation name is not always available and may be left blank in some cases.

The impersonation level field indicates the extent to which a process in the logon session can impersonate.

The authentication information fields provide detailed information about this specific logon request.
 - Logon GUID is a unique identifier that can be used to correlate this event with a KDC event.
 - Transited services indicate which intermediate services have participated in this logon request.
 - Package name indicates which sub-protocol was used among the NTLM protocols.
 - Key length indicates the length of the generated session key. This will be 0 if no session key was requested.",,Logon,,,,20,13,4,february,8,thursday,2020,local,"ops-sys-005",,,,,,,,,false,,,,"Domain_C","ops-sys-005",,untrust,,false,false,false,,"ops-sys-005",,,,,,,,,false,,,,"ops-sys-005",,untrust,,false,false,false,,803069060,"windows_logon_success wineventlog_security wineventlog_windows winsec","ops-sys-005",803069060,,main,,,,72,,,"ops-sys-005
user_h","Domain_C\SYSTEM
Domain_C\user_h","Domain_C\",,"An account was successfully logged on",,WinEventLog,,,,,,,0xF84D,Windows,,,"//_::_==____.====--====_=_____.:__:__\__:__--__:__",,,,0xA19C,informational,0,,,"An account was successfully logged on",4624,"WinEventLog:Security",WinEventLog,"prd-p-g7nxxbgc3hgl",,"ops-sys-005",,,,,,,,"21.141.225.8",false,,,,"Domain_C","ops-sys-005",,untrust,23593,,false,,false,false,"ops-sys-005",,,,,,,,,,,,,,,,,false,,,,,success,,"An account was successfully logged on",failure,,,"authentication
local
os
security
success
windows",,,,success,local,,,,"authentication
os
security
windows",,,,,,,,,,,,,,,22,0,,"user_h",,,,,,,,,,,,,,,,,,,false,,,,,Microsoft,,
,"Domain_A",,"user_a",,,,,,,,,,,,,,,,,,,,,,,"BUSDEV-001",,,,,,,,,"-",4689,"A process has exited",0,0x04666F,,,,,,,,,,,,,,,,"Audit Success",,,,,Security,,,,,0x6C10,,,,,,,,,"A process has exited.

Subject:
	Security ID:		Domain_A\user_a
	Account Name:		user_a
	Account Domain:		Domain_A
	Logon ID:		0x6C10

Process Information:
	Process ID:	0x75AD
	Process Name:	C:\Windows\System32\example_f.exe
	Exit Status:	0x04666F",,,,,,,,,,,,,,,Info,,,,,,,,,,,,0x75AD,"C:\Windows\System32\example_f.exe",,,235180447,,,,,,"Domain_A\user_a",,,"Microsoft Windows security auditing.",,,,,,,,,,,,,,,,,,,"Process Termination",,,,,Information,,,,,,,,,,,,"02/13/2020 08:04:08 PM
LogName=Security
SourceName=Microsoft Windows security auditing.
EventCode=4689
EventType=0
Type=Information
ComputerName=BUSDEV-001
TaskCategory=Process Termination
OpCode=Info
RecordNumber=235180447
Keywords=Audit Success
Message=A process has exited.

Subject:
	Security ID:		Domain_A\user_a
	Account Name:		user_a
	Account Domain:		Domain_A
	Logon ID:		0x6C10

Process Information:
	Process ID:	0x75AD
	Process Name:	C:\Windows\System32\example_f.exe
	Exit Status:	0x04666F
","2020-02-13T20:04:08.000+0000",success,"win:unknown","A process has exited.

Subject:
	Security ID:		Domain_A\user_a
	Account Name:		user_a
	Account Domain:		Domain_A
	Logon ID:		0x6C10

Process Information:
	Process ID:	0x75AD
	Process Name:	C:\Windows\System32\example_f.exe
	Exit Status:	0x04666F",,"Process Termination",,,,20,13,4,february,8,thursday,2020,local,"BUSDEV-001",,,,,,,,,false,,,,"Domain_A","BUSDEV-001",,untrust,,false,false,false,,"BUSDEV-001",,,,,,,,,false,,,,"BUSDEV-001",,untrust,,false,false,false,,235180447,"windows_process_exit wineventlog_security wineventlog_windows winsec","BUSDEV-001",235180447,,main,,,,24,,,"user_a","Domain_A\user_a","Domain_A\",,"A process has exited",,WinEventLog,,,,,,,,Windows,,,"//_::_==___.====-=_===_=___.:t_:tt\t_:ttt_:ttt_:tt",,,,0x6C10,informational,0,,,"A process has exited",4689,"WinEventLog:Security",WinEventLog,"prd-p-g7nxxbgc3hgl",,,,,,,,,,,,,,,"Domain_A",,,,,,,,,,,,,,,,,,,,,,,,,,,,,,,,success,,"A process has exited",failure,,,"execute
os
process
security
stop
success
windows",,,,success,,,,,"execute
os
process
security
stop
windows",,,,,,,,,,,,,,,22,0,,"user_a",,,,,,,,,,,,,,,,,,,false,,,,,Microsoft,,
,"Domain_D",,"user_b",,,,,,,,,,,,,,,,,,,,,,,"ops-sys-001",,,,,,,,,"-",4673,"A privileged service was called",0,,,,,,,,,,,,,,,,,"Audit Success",,,,,Security,,,,,0x3A81,,,,,,,,,"A privileged service was called.

Subject:
	Security ID:		Domain_D\user_b
	Account Name:		user_b
	Account Domain:		Domain_D
	Logon ID:		0x3A81

Service:
	Server:	NT Local Security Authority / Authentication Service
	Service Name:	LsaRegisterLogonProcess()

Process:
	Process ID:	0x6687
	Process Name:	C:\Windows\System32\example_a.exe

Service Request Information:
	Privileges:		SeAssignPrimaryTokenPrivilege",,,,,,,,,,,,,,,Info,,,,,,,,,,,SeAssignPrimaryTokenPrivilege,0x6687,"C:\Windows\System32\example_a.exe",,,116097966,,,,,,"Domain_D\user_b","NT Local Security Authority / Authentication Service","LsaRegisterLogonProcess()","Microsoft Windows security auditing.",,,,,,,,,,,,,,,,,,,"Sensitive Privilege Use",,,,,Information,,,,,,,,,,,,"02/13/2020 08:04:08 PM
LogName=Security
SourceName=Microsoft Windows security auditing.
EventCode=4673
EventType=0
Type=Information
ComputerName=ops-sys-001
TaskCategory=Sensitive Privilege Use
OpCode=Info
RecordNumber=116097966
Keywords=Audit Success
Message=A privileged service was called.

Subject:
	Security ID:		Domain_D\user_b
	Account Name:		user_b
	Account Domain:		Domain_D
	Logon ID:		0x3A81

Service:
	Server:	NT Local Security Authority / Authentication Service
	Service Name:	LsaRegisterLogonProcess()

Process:
	Process ID:	0x6687
	Process Name:	C:\Windows\System32\example_a.exe

Service Request Information:
	Privileges:		SeAssignPrimaryTokenPrivilege
","2020-02-13T20:04:08.000+0000",success,"win:unknown","A privileged service was called.

Subject:
	Security ID:		Domain_D\user_b
	Account Name:		user_b
	Account Domain:		Domain_D
	Logon ID:		0x3A81

Service:
	Server:	NT Local Security Authority / Authentication Service
	Service Name:	LsaRegisterLogonProcess()

Process:
	Process ID:	0x6687
	Process Name:	C:\Windows\System32\example_a.exe

Service Request Information:
	Privileges:		SeAssignPrimaryTokenPrivilege",,"Sensitive Privilege Use",,,,20,13,4,february,8,thursday,2020,local,"ops-sys-001",,,,,,,,,false,,,,"Domain_D","ops-sys-001",,untrust,,false,false,false,,"ops-sys-001",,,,,,,,,false,,,,"ops-sys-001",,untrust,,false,false,false,,116097966,"windows_privileged_service_call wineventlog_security wineventlog_windows winsec","ops-sys-001",116097966,,main,,,,30,,,"user_b","Domain_D\user_b","Domain_D\",,"A privileged service was called",,WinEventLog,,,,,"Replace a process level token",SeAssignPrimaryTokenPrivilege,,Windows,,,"//_::_==___.====--=__===_=____.:t_:tt\t_:ttt_:ttt_",,,,0x3A81,informational,0,,,"A privileged service was called",4673,"WinEventLog:Security",WinEventLog,"prd-p-g7nxxbgc3hgl",,,,,,,,,,,,,,,"Domain_D",,,,,,,,,,,,,,,,,,,,,,,,,,,,,,,,success,,"A privileged service was called",failure,,,"execute
os
privileged
process
security
start
success
windows",,,,success,,,,,"execute
os
privileged
process
security
start
windows",,,,,,,,,,,,,,,22,0,,"user_b",,,,,,,,,,,,,,,,,,,false,,,,,Microsoft,SeAssignPrimaryTokenPrivilege,
,"Domain_B",,"user_m",,,,,,,,,,,,,,,"Account Management","Password Policy modified",,,,,,,"BUSDEV-002",,,,,"-","Domain_B\","Domain_B",,"-",4739,"Domain Policy was changed",0,,,,"-",,,,,,,,,,,,,"Audit Success",,"-","-","-",Security,,,,,0x46BA,,,,"Min. Password Age:	-
	Max. Password Age:	-
	Force Logoff:		-
	Lockout Threshold:	-
	Lockout Observation Window:	-
	Lockout Duration:	-
	Password Properties:	-
	Min. Password Length:	6
	Password History Length:	23
	Machine Account Quota:	-
	Mixed Domain Mode:	-
	Domain Behavior Version:	-
	OEM Information:	-","-","-",,,"Domain Policy was changed.

Change Type:		Password Policy modified

Subject:
	Security ID:  Domain_B\user_m
	Account Name:  user_m
	Account Domain:  Domain_B
	Logon ID:  0x46BA

Domain:
	Domain Name:		Domain_B
	Domain ID:		Domain_B\

Changed Attributes:
	Min. Password Age:	-
	Max. Password Age:	-
	Force Logoff:		-
	Lockout Threshold:	-
	Lockout Observation Window:	-
	Lockout Duration:	-
	Password Properties:	-
	Min. Password Length:	6
	Password History Length:	23
	Machine Account Quota:	-
	Mixed Domain Mode:	-
	Domain Behavior Version:	-
	OEM Information:	-

Additional Information:
	Privileges:		-","-",6,"-",,,,,,,,,,"-",,Info,,,23,,"-",,,,,,"-",,,,,978759850,,,,,,"Domain_B\user_m",,,"Microsoft Windows security auditing.",,,,,,,,,,,,,,,,,,,"Authentication Policy Change",,,,,Information,,,,,,,,,,,,"02/13/2020 08:04:08 PM
LogName=Security
SourceName=Microsoft Windows security auditing.
EventCode=4739
EventType=0
Type=Information
ComputerName=BUSDEV-002
TaskCategory=Authentication Policy Change
OpCode=Info
RecordNumber=978759850
Keywords=Audit Success
Message=Domain Policy was changed.

Change Type:		Password Policy modified

Subject:
	Security ID:  Domain_B\user_m
	Account Name:  user_m
	Account Domain:  Domain_B
	Logon ID:  0x46BA

Domain:
	Domain Name:		Domain_B
	Domain ID:		Domain_B\

Changed Attributes:
	Min. Password Age:	-
	Max. Password Age:	-
	Force Logoff:		-
	Lockout Threshold:	-
	Lockout Observation Window:	-
	Lockout Duration:	-
	Password Properties:	-
	Min. Password Length:	6
	Password History Length:	23
	Machine Account Quota:	-
	Mixed Domain Mode:	-
	Domain Behavior Version:	-
	OEM Information:	-

Additional Information:
	Privileges:		-
","2020-02-13T20:04:08.000+0000",success,"win:unknown","Domain Policy was changed.

Change Type:		Password Policy modified

Subject:
	Security ID:  Domain_B\user_m
	Account Name:  user_m
	Account Domain:  Domain_B
	Logon ID:  0x46BA

Domain:
	Domain Name:		Domain_B
	Domain ID:		Domain_B\

Changed Attributes:
	Min. Password Age:	-
	Max. Password Age:	-
	Force Logoff:		-
	Lockout Threshold:	-
	Lockout Observation Window:	-
	Lockout Duration:	-
	Password Properties:	-
	Min. Password Length:	6
	Password History Length:	23
	Machine Account Quota:	-
	Mixed Domain Mode:	-
	Domain Behavior Version:	-
	OEM Information:	-

Additional Information:
	Privileges:		-",,"Authentication Policy Change",,,,20,13,4,february,8,thursday,2020,local,"BUSDEV-002",,,,,,,,,false,,,,"Domain_B","BUSDEV-002",,untrust,,false,false,false,,"BUSDEV-002",,,,,,,,,false,,,,"BUSDEV-002",,untrust,,false,false,false,,978759850,"windows_account_management windows_security_misconfiguration_password_minimum_length wineventlog_security wineventlog_windows winsec","BUSDEV-002",978759850,,main,,,,43,,,"user_m","Domain_B\user_m","Domain_B\",,"Domain Policy was changed",,WinEventLog,,,,,,"-",,Windows,,,"//_::_==___.====-=__===_=___._:tt__:t_:__\t_:__t_:",,,,0x46BA,high,0,,,"Domain Policy was changed",4739,"WinEventLog:Security",WinEventLog,"prd-p-g7nxxbgc3hgl",,,,,,,,,,,,,,,"Domain_B",,,,,,,,,,,,,,,,,,,,,,,,,,,,,,,,success,,"Domain Policy was changed",failure,"Account Management",,"account
audit
change
management
misconfiguration
os
password
policy
report
security
success
vulnerability
windows",,,,success,,,,,"account
audit
change
management
misconfiguration
os
password
policy
report
security
vulnerability
windows",,,,,,,,,,,,,,,22,0,,"user_m",,,,,,,,,,,,,,,,,,,false,,,,,Microsoft,"-",
,"Domain_C",,"user_k",,,,,,,,,,,,,,,"Account Management","Password Policy modified",,,,,,,"SE-002",,,,,"-","Domain_C\","Domain_C",,"-",4739,"Domain Policy was changed",0,,,,"-",,,,,,,,,,,,,"Audit Success",,"-","-","-",Security,,,,,0xBAC3,,,,"Min. Password Age:	-
	Max. Password Age:	-
	Force Logoff:		-
	Lockout Threshold:	-
	Lockout Observation Window:	-
	Lockout Duration:	-
	Password Properties:	-
	Min. Password Length:	6
	Password History Length:	23
	Machine Account Quota:	-
	Mixed Domain Mode:	-
	Domain Behavior Version:	-
	OEM Information:	-","-","-",,,"Domain Policy was changed.

Change Type:		Password Policy modified

Subject:
	Security ID:  Domain_C\user_k
	Account Name:  user_k
	Account Domain:  Domain_C
	Logon ID:  0xBAC3

Domain:
	Domain Name:		Domain_C
	Domain ID:		Domain_C\

Changed Attributes:
	Min. Password Age:	-
	Max. Password Age:	-
	Force Logoff:		-
	Lockout Threshold:	-
	Lockout Observation Window:	-
	Lockout Duration:	-
	Password Properties:	-
	Min. Password Length:	6
	Password History Length:	23
	Machine Account Quota:	-
	Mixed Domain Mode:	-
	Domain Behavior Version:	-
	OEM Information:	-

Additional Information:
	Privileges:		-","-",6,"-",,,,,,,,,,"-",,Info,,,23,,"-",,,,,,"-",,,,,970000808,,,,,,"Domain_C\user_k",,,"Microsoft Windows security auditing.",,,,,,,,,,,,,,,,,,,"Authentication Policy Change",,,,,Information,,,,,,,,,,,,"02/13/2020 08:04:07 PM
LogName=Security
SourceName=Microsoft Windows security auditing.
EventCode=4739
EventType=0
Type=Information
ComputerName=SE-002
TaskCategory=Authentication Policy Change
OpCode=Info
RecordNumber=970000808
Keywords=Audit Success
Message=Domain Policy was changed.

Change Type:		Password Policy modified

Subject:
	Security ID:  Domain_C\user_k
	Account Name:  user_k
	Account Domain:  Domain_C
	Logon ID:  0xBAC3

Domain:
	Domain Name:		Domain_C
	Domain ID:		Domain_C\

Changed Attributes:
	Min. Password Age:	-
	Max. Password Age:	-
	Force Logoff:		-
	Lockout Threshold:	-
	Lockout Observation Window:	-
	Lockout Duration:	-
	Password Properties:	-
	Min. Password Length:	6
	Password History Length:	23
	Machine Account Quota:	-
	Mixed Domain Mode:	-
	Domain Behavior Version:	-
	OEM Information:	-

Additional Information:
	Privileges:		-
","2020-02-13T20:04:07.000+0000",success,"win:unknown","Domain Policy was changed.

Change Type:		Password Policy modified

Subject:
	Security ID:  Domain_C\user_k
	Account Name:  user_k
	Account Domain:  Domain_C
	Logon ID:  0xBAC3

Domain:
	Domain Name:		Domain_C
	Domain ID:		Domain_C\

Changed Attributes:
	Min. Password Age:	-
	Max. Password Age:	-
	Force Logoff:		-
	Lockout Threshold:	-
	Lockout Observation Window:	-
	Lockout Duration:	-
	Password Properties:	-
	Min. Password Length:	6
	Password History Length:	23
	Machine Account Quota:	-
	Mixed Domain Mode:	-
	Domain Behavior Version:	-
	OEM Information:	-

Additional Information:
	Privileges:		-",,"Authentication Policy Change",,,,20,13,4,february,7,thursday,2020,local,"SE-002",,,,,,,,,false,,,,"Domain_C","SE-002",,untrust,,false,false,false,,"SE-002",,,,,,,,,false,,,,"SE-002",,untrust,,false,false,false,,970000808,"windows_account_management windows_security_misconfiguration_password_minimum_length wineventlog_security wineventlog_windows winsec","SE-002",970000808,,main,,,,43,,,"user_k","Domain_C\user_k","Domain_C\",,"Domain Policy was changed",,WinEventLog,,,,,,"-",,Windows,,,"//_::_==___.====-=__===_=___._:tt__:t_:__\t_:__t_:",,,,0xBAC3,high,0,,,"Domain Policy was changed",4739,"WinEventLog:Security",WinEventLog,"prd-p-g7nxxbgc3hgl",,,,,,,,,,,,,,,"Domain_C",,,,,,,,,,,,,,,,,,,,,,,,,,,,,,,,success,,"Domain Policy was changed",failure,"Account Management",,"account
audit
change
management
misconfiguration
os
password
policy
report
security
success
vulnerability
windows",,,,success,,,,,"account
audit
change
management
misconfiguration
os
password
policy
report
security
vulnerability
windows",,,,,,,,,,,,,,,22,0,,"user_k",,,,,,,,,,,,,,,,,,,false,,,,,Microsoft,"-",
,"Domain_E",,"user_i",,,,,,,,,,,,,,,"Account Management","Password Policy modified",,,,,,,"SE-002",,,,,"-","Domain_E\","Domain_E",,"-",4739,"Domain Policy was changed",0,,,,"-",,,,,,,,,,,,,"Audit Success",,"-","-","-",Security,,,,,0x5F25,,,,"Min. Password Age:	-
	Max. Password Age:	-
	Force Logoff:		-
	Lockout Threshold:	-
	Lockout Observation Window:	-
	Lockout Duration:	-
	Password Properties:	-
	Min. Password Length:	6
	Password History Length:	23
	Machine Account Quota:	-
	Mixed Domain Mode:	-
	Domain Behavior Version:	-
	OEM Information:	-","-","-",,,"Domain Policy was changed.

Change Type:		Password Policy modified

Subject:
	Security ID:  Domain_E\user_i
	Account Name:  user_i
	Account Domain:  Domain_E
	Logon ID:  0x5F25

Domain:
	Domain Name:		Domain_E
	Domain ID:		Domain_E\

Changed Attributes:
	Min. Password Age:	-
	Max. Password Age:	-
	Force Logoff:		-
	Lockout Threshold:	-
	Lockout Observation Window:	-
	Lockout Duration:	-
	Password Properties:	-
	Min. Password Length:	6
	Password History Length:	23
	Machine Account Quota:	-
	Mixed Domain Mode:	-
	Domain Behavior Version:	-
	OEM Information:	-

Additional Information:
	Privileges:		-","-",6,"-",,,,,,,,,,"-",,Info,,,23,,"-",,,,,,"-",,,,,995123443,,,,,,"Domain_E\user_i",,,"Microsoft Windows security auditing.",,,,,,,,,,,,,,,,,,,"Authentication Policy Change",,,,,Information,,,,,,,,,,,,"02/13/2020 08:04:07 PM
LogName=Security
SourceName=Microsoft Windows security auditing.
EventCode=4739
EventType=0
Type=Information
ComputerName=SE-002
TaskCategory=Authentication Policy Change
OpCode=Info
RecordNumber=995123443
Keywords=Audit Success
Message=Domain Policy was changed.

Change Type:		Password Policy modified

Subject:
	Security ID:  Domain_E\user_i
	Account Name:  user_i
	Account Domain:  Domain_E
	Logon ID:  0x5F25

Domain:
	Domain Name:		Domain_E
	Domain ID:		Domain_E\

Changed Attributes:
	Min. Password Age:	-
	Max. Password Age:	-
	Force Logoff:		-
	Lockout Threshold:	-
	Lockout Observation Window:	-
	Lockout Duration:	-
	Password Properties:	-
	Min. Password Length:	6
	Password History Length:	23
	Machine Account Quota:	-
	Mixed Domain Mode:	-
	Domain Behavior Version:	-
	OEM Information:	-

Additional Information:
	Privileges:		-
","2020-02-13T20:04:07.000+0000",success,"win:unknown","Domain Policy was changed.

Change Type:		Password Policy modified

Subject:
	Security ID:  Domain_E\user_i
	Account Name:  user_i
	Account Domain:  Domain_E
	Logon ID:  0x5F25

Domain:
	Domain Name:		Domain_E
	Domain ID:		Domain_E\

Changed Attributes:
	Min. Password Age:	-
	Max. Password Age:	-
	Force Logoff:		-
	Lockout Threshold:	-
	Lockout Observation Window:	-
	Lockout Duration:	-
	Password Properties:	-
	Min. Password Length:	6
	Password History Length:	23
	Machine Account Quota:	-
	Mixed Domain Mode:	-
	Domain Behavior Version:	-
	OEM Information:	-

Additional Information:
	Privileges:		-",,"Authentication Policy Change",,,,20,13,4,february,7,thursday,2020,local,"SE-002",,,,,,,,,false,,,,"Domain_E","SE-002",,untrust,,false,false,false,,"SE-002",,,,,,,,,false,,,,"SE-002",,untrust,,false,false,false,,995123443,"windows_account_management windows_security_misconfiguration_password_minimum_length wineventlog_security wineventlog_windows winsec","SE-002",995123443,,main,,,,43,,,"user_i","Domain_E\user_i","Domain_E\",,"Domain Policy was changed",,WinEventLog,,,,,,"-",,Windows,,,"//_::_==___.====-=__===_=___._:tt__:t_:__\t_:__t_:",,,,0x5F25,high,0,,,"Domain Policy was changed",4739,"WinEventLog:Security",WinEventLog,"prd-p-g7nxxbgc3hgl",,,,,,,,,,,,,,,"Domain_E",,,,,,,,,,,,,,,,,,,,,,,,,,,,,,,,success,,"Domain Policy was changed",failure,"Account Management",,"account
audit
change
management
misconfiguration
os
password
policy
report
security
success
vulnerability
windows",,,,success,,,,,"account
audit
change
management
misconfiguration
os
password
policy
report
security
vulnerability
windows",,,,,,,,,,,,,,,22,0,,"user_i",,,,,,,,,,,,,,,,,,,false,,,,,Microsoft,"-",
,"Domain_C",,"user_b",,,,,,,,,,,,,,,,,,,,,,,"PROD-MFS-004",,,,,,,,,"-",4672,"Special privileges assigned to new logon",0,,,,,,,,,,,,,,,,,"Audit Success",,,,,Security,,,,,0x3A81,,,,,,,,,"Special privileges assigned to new logon.
Subject:
	Security ID:		Domain_C\user_b
	Account Name:		user_b
	Account Domain:		Domain_C
	Logon ID:		0x3A81
Privileges:	SeSecurityPrivilege
			SeTakeOwnershipPrivilege
			SeLoadDriverPrivilege
			SeBackupPrivilege
			SeRestorePrivilege
			SeDebugPrivilege
			SeSystemEnvironmentPrivilege
			SeImpersonatePrivilege",,,,,,,,,,,,,,,Info,,,,,,,,,,,SeSecurityPrivilege,,,,,157361935,,,,,,"Domain_C\user_b",,,"Microsoft Windows security auditing.",,,,,,,,,,,,,,,,,,,"Special Logon",,,,,Information,,,,,,,,,,,,"02/13/2020 08:04:07 PM
LogName=Security
SourceName=Microsoft Windows security auditing.
EventCode=4672
EventType=0
Type=Information
ComputerName=PROD-MFS-004
TaskCategory=Special Logon
OpCode=Info
RecordNumber=157361935
Keywords=Audit Success
Message=Special privileges assigned to new logon.
Subject:
	Security ID:		Domain_C\user_b
	Account Name:		user_b
	Account Domain:		Domain_C
	Logon ID:		0x3A81
Privileges:	SeSecurityPrivilege
			SeTakeOwnershipPrivilege
			SeLoadDriverPrivilege
			SeBackupPrivilege
			SeRestorePrivilege
			SeDebugPrivilege
			SeSystemEnvironmentPrivilege
			SeImpersonatePrivilege
","2020-02-13T20:04:07.000+0000",success,"win:unknown","Special privileges assigned to new logon.
Subject:
	Security ID:		Domain_C\user_b
	Account Name:		user_b
	Account Domain:		Domain_C
	Logon ID:		0x3A81
Privileges:	SeSecurityPrivilege
			SeTakeOwnershipPrivilege
			SeLoadDriverPrivilege
			SeBackupPrivilege
			SeRestorePrivilege
			SeDebugPrivilege
			SeSystemEnvironmentPrivilege
			SeImpersonatePrivilege",,"Special Logon",,,,20,13,4,february,7,thursday,2020,local,"PROD-MFS-004",,,,,,,,,false,,,,"Domain_C","PROD-MFS-004",,untrust,,false,false,false,,"PROD-MFS-004",,,,,,,,,false,,,,"PROD-MFS-004",,untrust,,false,false,false,,157361935,"windows_special_privileges wineventlog_security wineventlog_windows winsec","PROD-MFS-004",157361935,,main,,,,26,,,"user_b","Domain_C\user_b","Domain_C\",,"Special privileges assigned to new logon",,WinEventLog,,,,,"Manage auditing and security log
Take ownership of files or other objects
Load and unload device drivers
Back up files and directories
Restore files and directories
Debug programs
Modify firmware environment values
Impersonate a Client After Authentication","SeSecurityPrivilege
SeTakeOwnershipPrivilege
SeLoadDriverPrivilege
SeBackupPrivilege
SeRestorePrivilege
SeDebugPrivilege
SeSystemEnvironmentPrivilege
SeImpersonatePrivilege",,Windows,,,"//_::_==___.====--=_===_=_____.:t_:tt\t_:ttt_:ttt_",,,,0x3A81,informational,0,,,"Special privileges assigned to new logon",4672,"WinEventLog:Security",WinEventLog,"prd-p-g7nxxbgc3hgl",,,,,,,,,,,,,,,"Domain_C",,,,,,,,,,,,,,,,,,,,,,,,,,,,,,,,success,,"Special privileges assigned to new logon",failure,,,"audit
authentication
os
privileged
security
success
windows",,,,success,,,,,"authentication
os
privileged
security
windows",,audit,,,,,,,,,,,,,22,0,,"user_b",,,,,,,,,,,,,,,,,,,false,,,,,Microsoft,"SeSecurityPrivilege
			SeTakeOwnershipPrivilege
			SeLoadDriverPrivilege
			SeBackupPrivilege
			SeRestorePrivilege
			SeDebugPrivilege
			SeSystemEnvironmentPrivilege
			SeImpersonatePrivilege",
,"Domain_B
Domain_B",,"user_i
user_f",,,,,,,,,,,,,,,"Account Management",,,,,,,,"PROD-POS-006",,,,,,,,,"-",4743,"A computer account was deleted",0,,,,,,,,,,,,,,,,,"Audit Success",,,,,Security,,,,,0x5F25,,,,,,,,,"A computer account was deleted.

Subject:
	Security ID:		Domain_B\user_i
	Account Name:		user_i
	Account Domain:		Domain_B
	Logon ID:		0x5F25

Target Computer:
	Security ID:		Domain_B\user_f
	Account Name:		user_f
	Account Domain:		Domain_B

Additional Information:
	Privileges:	SeTcbPrivilege",,,,,,,,,,,,,,,Info,,,,,,,,,,,SeTcbPrivilege,,,,,747143645,,,,,,"Domain_B\user_i
Domain_B\user_f",,,"Microsoft Windows security auditing.",,,,,,,,,,,,,,,,,,,"Computer Account Management",,,,,Information,,,,,,,,,,,,"02/13/2020 08:04:07 PM
LogName=Security
SourceName=Microsoft Windows security auditing.
EventCode=4743
EventType=0
Type=Information
ComputerName=PROD-POS-006
TaskCategory=Computer Account Management
OpCode=Info
RecordNumber=747143645
Keywords=Audit Success
Message=A computer account was deleted.

Subject:
	Security ID:		Domain_B\user_i
	Account Name:		user_i
	Account Domain:		Domain_B
	Logon ID:		0x5F25

Target Computer:
	Security ID:		Domain_B\user_f
	Account Name:		user_f
	Account Domain:		Domain_B

Additional Information:
	Privileges:	SeTcbPrivilege
","2020-02-13T20:04:07.000+0000",deleted,"win:unknown","A computer account was deleted.

Subject:
	Security ID:		Domain_B\user_i
	Account Name:		user_i
	Account Domain:		Domain_B
	Logon ID:		0x5F25

Target Computer:
	Security ID:		Domain_B\user_f
	Account Name:		user_f
	Account Domain:		Domain_B

Additional Information:
	Privileges:	SeTcbPrivilege",,"Computer Account Management",user,,,20,13,4,february,7,thursday,2020,local,"PROD-POS-006",,,,,,,,,false,,,,"Domain_B","PROD-POS-006",,untrust,,false,false,false,,"PROD-POS-006",,,,,,,,,false,,,,"PROD-POS-006",,untrust,,false,false,false,,747143645,"windows_account_deleted windows_account_management wineventlog_security wineventlog_windows winsec","PROD-POS-006",747143645,,main,,,,27,,,"user_i
user_f","Domain_B\user_i
Domain_B\user_f","Domain_B\",deleted,"A computer account was deleted",,WinEventLog,user,,,,"Act as part of the operating system",SeTcbPrivilege,,Windows,,,"//_::_==___.====--=__===_=____.:t_:tt\t_:ttt_:ttt_",,,,0x5F25,informational,0,,,"A computer account was deleted",4743,"WinEventLog:Security",WinEventLog,"prd-p-g7nxxbgc3hgl",,,,,,,,,,,,,,,"Domain_B",,,,,,,,,,"user_i",,,,,,,,,,,,,,,,,false,,,,,success,,"A computer account was deleted",failure,"Account Management",,"account
change
delete
management
os
security
windows",,,,,,,,,"account
change
delete
management
os
security
windows",,,,,,,,,,,,,,,22,0,,"user_f",,,,,,,,,,,,,,,,,,,false,,,,,Microsoft,SeTcbPrivilege,
,"Domain_C
Domain_C","2020-02-13 20:04:07 PM","user_d
user_m",,,,"server_2/computer_b",,,,,,,,,,,"Account Management",,,,,,,,"COREDEV-005",,,ddd,,,,,,"-",4738,"A user account was changed",0,,,,,,,,"\a\e","<value not set>",,,,,,,,"Audit Success",,,,,Security,,,,"Tuesday 8:00 PM -Wednesday 10:00 AM",0x3EC3,,,,"SAM Account Name: user_m
 Display Name:  ddd
 User Principal Name: eee@AAA.local
 Home Directory:  \a\e
 Home Drive:  <value not set>
 Script Path:  \a\b\c
 Profile Path:  \f
 User Workstations: EEE
 Password Last Set: 2020-02-13 20:04:07 PM
 Account Expires:  2020-02-13 20:04:07 PM
 Primary Group ID: 875
 AllowedToDelegateTo: server_2/computer_b
 Old UAC Value:  2DBEE3B
 New UAC Value:  4AE4039
 User Account Control: NOT_DELEGATED - Enabled
 User Parameters: <value not set>
 SID History:  Domain_b/bbb
 Logon Hours:  Tuesday 8:00 PM -Wednesday 10:00 AM",,,,,"A User account was changed.

Subject:
 Security ID:  Domain_C\user_d
 Account Name:  user_d
 Account Domain:  Domain_C
 Logon ID:  0x3EC3

Target Account:
 Security ID:  Domain_C\user_m
 Account Name:  user_m
 Account Domain:  Domain_C

Changed Attributes:
 SAM Account Name: user_m
 Display Name:  ddd
 User Principal Name: eee@AAA.local
 Home Directory:  \a\e
 Home Drive:  <value not set>
 Script Path:  \a\b\c
 Profile Path:  \f
 User Workstations: EEE
 Password Last Set: 2020-02-13 20:04:07 PM
 Account Expires:  2020-02-13 20:04:07 PM
 Primary Group ID: 875
 AllowedToDelegateTo: server_2/computer_b
 Old UAC Value:  2DBEE3B
 New UAC Value:  4AE4039
 User Account Control: NOT_DELEGATED - Enabled
 User Parameters: <value not set>
 SID History:  Domain_b/bbb
 Logon Hours:  Tuesday 8:00 PM -Wednesday 10:00 AM

Additional Information:
 Privileges:  -",,,,,,,,,,,,4AE4039,,2DBEE3B,Info,,,,"2020-02-13 20:04:07 PM",,,,875,,,"-",,,"\f",,734375979,,,"user_m","Domain_b/bbb","\a\b\c","Domain_C\user_d
Domain_C\user_m",,,"Microsoft Windows security auditing.",,,,,,,,,,,,,,,,,,,"User Account Management",,,,,Information,,"NOT_DELEGATED - Enabled",,,"<value not set>","eee@AAA.local",EEE,,,,,"02/13/2020 08:04:07 PM
LogName=Security
SourceName=Microsoft Windows security auditing.
EventCode=4738
EventType=0
Type=Information
ComputerName=COREDEV-005
TaskCategory=User Account Management
OpCode=Info
RecordNumber=734375979
Keywords=Audit Success
Message=A User account was changed.

Subject:
 Security ID:  Domain_C\user_d
 Account Name:  user_d
 Account Domain:  Domain_C
 Logon ID:  0x3EC3

Target Account:
 Security ID:  Domain_C\user_m
 Account Name:  user_m
 Account Domain:  Domain_C

Changed Attributes:
 SAM Account Name: user_m
 Display Name:  ddd
 User Principal Name: eee@AAA.local
 Home Directory:  \a\e
 Home Drive:  <value not set>
 Script Path:  \a\b\c
 Profile Path:  \f
 User Workstations: EEE
 Password Last Set: 2020-02-13 20:04:07 PM
 Account Expires:  2020-02-13 20:04:07 PM
 Primary Group ID: 875
 AllowedToDelegateTo: server_2/computer_b
 Old UAC Value:  2DBEE3B
 New UAC Value:  4AE4039
 User Account Control: NOT_DELEGATED - Enabled
 User Parameters: <value not set>
 SID History:  Domain_b/bbb
 Logon Hours:  Tuesday 8:00 PM -Wednesday 10:00 AM

Additional Information:
 Privileges:  -
","2020-02-13T20:04:07.000+0000",modified,"win:unknown","A User account was changed.

Subject:
 Security ID:  Domain_C\user_d
 Account Name:  user_d
 Account Domain:  Domain_C
 Logon ID:  0x3EC3

Target Account:
 Security ID:  Domain_C\user_m
 Account Name:  user_m
 Account Domain:  Domain_C

Changed Attributes:
 SAM Account Name: user_m
 Display Name:  ddd
 User Principal Name: eee@AAA.local
 Home Directory:  \a\e
 Home Drive:  <value not set>
 Script Path:  \a\b\c
 Profile Path:  \f
 User Workstations: EEE
 Password Last Set: 2020-02-13 20:04:07 PM
 Account Expires:  2020-02-13 20:04:07 PM
 Primary Group ID: 875
 AllowedToDelegateTo: server_2/computer_b
 Old UAC Value:  2DBEE3B
 New UAC Value:  4AE4039
 User Account Control: NOT_DELEGATED - Enabled
 User Parameters: <value not set>
 SID History:  Domain_b/bbb
 Logon Hours:  Tuesday 8:00 PM -Wednesday 10:00 AM

Additional Information:
 Privileges:  -",,"User Account Management",user,,,20,13,4,february,7,thursday,2020,local,"COREDEV-005",,,,,,,,,false,,,,"Domain_C","COREDEV-005",,untrust,,false,false,false,,"COREDEV-005",,,,,,,,,false,,,,"COREDEV-005",,untrust,,false,false,false,,734375979,"windows_account_management windows_account_modified wineventlog_security wineventlog_windows winsec","COREDEV-005",734375979,,main,,,,47,,,"user_d
user_m","Domain_C\user_d
Domain_C\user_m","Domain_C\",,"A user account was changed",,WinEventLog,user,,,,,"-",,Windows,,,"//_::_==___.====-=__===_=____.:__:__\__:____:____:",,,,0x3EC3,informational,0,,,"A user account was changed",4738,"WinEventLog:Security",WinEventLog,"prd-p-g7nxxbgc3hgl",,,,,,,,,,,,,,,"Domain_C",,,,,,,,,,"user_d",,,,,,,,,,,,,,,,,false,,,,,success,,"A user account was changed",failure,"Account Management",,"account
change
management
modify
os
security
windows",,,,,,,,,"account
change
management
modify
os
security
windows",,,,,,,,,,,,,,,22,0,,"user_m",,,,,,875,,,,,,,,,,,,,false,,,,,Microsoft,"-",
,"Domain_B
Domain_B",,"ACME-003
user_c",,,,,,,Negotiate,,,,,,,,,,,,,,,,"ACME-003",,,,,,,,No,"-",4624,"An account was successfully logged on",0,,,,,,,,,,,Identification,,,0,,,"Audit Success",F272,,,,Security,,,"{00000000-0000-0000-0000-000000000000}",,"0x70E4
0x5FC9",Winlogon,11,,,,,,,"An account was successfully logged on.

Subject:
 Security ID:  Domain_B\SYSTEM
 Account Name:  ACME-003
 Account Domain:  Domain_B
 Logon ID:  0x70E4

Logon Information:
 Logon Type:  11
 Restricted Admin Mode: Yes
 Virtual Account:  Yes
 Elevated Token:  No

Impersonation Level:  Identification

New Logon:
 Security ID:  Domain_B\user_c
 Account Name:  user_c
 Account Domain:  Domain_B
 Logon ID:  0x5FC9
 Linked Logon ID:  F272
 Network Account Name: user_b
 Network Account Domain: Domain_C
 Logon GUID:  {00000000-0000-0000-0000-000000000000}

Process Information:
 Process ID:  0x341B
 Process Name:  C:\Windows\System32\example_b.exe

Network Information:
 Workstation Name: ACME-003
 Source Network Address: 58.133.233.197
 Source Port:  37568

Detailed Authentication Information:
 Logon Process:  Winlogon 
 Authentication Package: Negotiate
 Transited Services: service_A
 Package Name (NTLM only): -
 Key Length:  0

This event is generated when a logon session is created. It is generated on the computer that was accessed.

The subject fields indicate the account on the local system which requested the logon. This is most commonly a service such as the Server service, or a local process such as EE756.exe or EE756.exe.

The logon type field indicates the kind of logon that occurred. The most common types are 2 (interactive) and 3 (network).

The New Logon fields indicate the account for whom the new logon was created, i.e. the account that was logged on.

The network fields indicate where a remote logon request originated. Workstation name is not always available and may be left blank in some cases.

The impersonation level field indicates the extent to which a process in the logon session can impersonate.

The authentication information fields provide detailed information about this specific logon request.
 - Logon GUID is a unique identifier that can be used to correlate this event with a KDC event.
 - Transited services indicate which intermediate services have participated in this logon request.
 - Package name indicates which sub-protocol was used among the NTLM protocols.
 - Key length indicates the length of the generated session key. This will be 0 if no session key was requested.",,,,"Domain_C","user_b",,,,,,,,,,Info,,"-",,,,,,,,,,0x341B,"C:\Windows\System32\example_b.exe",,,960192339,Yes,,,,,"Domain_B\SYSTEM
Domain_B\user_c",,,"Microsoft Windows security auditing.","58.133.233.197",37568,,,,,,,,,,,,,,,,,Logon,,,,"service_A",Information,,,,,,,,Yes,,,"ACME-003","02/13/2020 08:04:06 PM
LogName=Security
SourceName= Microsoft Windows security auditing.
EventCode=4624
EventType=0
Type=Information
ComputerName=ACME-003
TaskCategory=Logon
OpCode=Info
RecordNumber=960192339
Keywords=Audit Success
Message=An account was successfully logged on.

