The authentication information fields provide detailed information about this specific logon request.
 - Logon GUID is a unique identifier that can be used to correlate this event with a KDC event.
 - Transited services indicate which intermediate services have participated in this logon request.
 - Package name indicates which sub-protocol was used among the NTLM protocols.
 - Key length indicates the length of the generated session key. This will be 0 if no session key was requested.",,Logon,,,,20,13,4,february,2,thursday,2020,local,"HOST-006",,,,,,,,,false,,,,"Domain_C","HOST-006",,untrust,,false,false,false,,"HOST-006",,,,,,,,,false,,,,"HOST-006",,untrust,,false,false,false,,237871323,"windows_logon_success wineventlog_security wineventlog_windows winsec","HOST-006",237871323,,main,,,,72,,,"HOST-006
user_g","Domain_C\SYSTEM
Domain_C\user_g","Domain_C\",,"An account was successfully logged on",,WinEventLog,,,,,,,0x56A9,Windows,,,"//_::_==____.====-====_=_____.:__:__\__:__-__:____",,,,0xEB5F,informational,0,,,"An account was successfully logged on",4624,"WinEventLog:Security",WinEventLog,"prd-p-g7nxxbgc3hgl",,"HOST-006",,,,,,,,,false,,,,"Domain_C","HOST-006",,untrust,26946,,false,,false,false,"HOST-006",,,,,,,,,,,,,,,,,false,,,,,success,,"An account was successfully logged on",failure,,,"authentication
local
os
security
success
windows",,,,success,local,,,,"authentication
os
security
windows",,,,,,,,,,,,,,,22,0,,"user_g",,,,,,,,,,,,,,,,,,,false,,,,,Microsoft,,
,,,,,,,,,,"MICROSOFT_AUTHENTICATION_PACKAGE_V1_0",,,,,,,,,,,,,,,,"HOST-002",,,,,,,,,0xC000006D,4776,"The domain controller attempted to validate the credentials for an account",0,,,,,,,,,,,,,,,,,"Failure Audit",,,,,Security,,"user_g",,,,,,,,,,,,"The computer attempted to validate the credentials for an account.
Authentication Package: MICROSOFT_AUTHENTICATION_PACKAGE_V1_0
Logon Account: user_g
Source Workstation: HOST-002
Error Code: 0xC000006D",,,,,,,,,,,,,,,Info,,,,,,,,,,,,,,,,245368791,,,,,,,,,"Microsoft Windows security auditing.",,,"HOST-002",,,,,,,,,,,,,,,,"Credential Validation",,,,,Information,,,,,,,,,,,,"02/13/2020 08:04:01 PM
LogName=Security
SourceName=Microsoft Windows security auditing.
EventCode=4776
EventType=0
Type=Information
ComputerName=HOST-002
TaskCategory=Credential Validation
OpCode=Info
RecordNumber=245368791
Keywords=Failure Audit
Message=The computer attempted to validate the credentials for an account.
Authentication Package: MICROSOFT_AUTHENTICATION_PACKAGE_V1_0
Logon Account: user_g
Source Workstation: HOST-002
Error Code: 0xC000006D
","2020-02-13T20:04:01.000+0000",failure,"win:unknown","The computer attempted to validate the credentials for an account.
Authentication Package: MICROSOFT_AUTHENTICATION_PACKAGE_V1_0
Logon Account: user_g
Source Workstation: HOST-002
Error Code: 0xC000006D",,"Credential Validation",,,,20,13,4,february,1,thursday,2020,local,"HOST-002",,,,,,,,,false,,,,,"HOST-002",,untrust,,false,false,false,,"HOST-002",,,,,,,,,false,,,,"HOST-002",,untrust,,false,false,false,,245368791,"err0r nix_errors windows_account_used4logon wineventlog_security wineventlog_windows winsec","HOST-002",245368791,,main,,,,17,,,,,,,"The domain controller attempted to validate the credentials for an account",,WinEventLog,,,,,,,,Windows,,,"//_::_==___.====-=_===_=_________._:__:__:_-_:_",,,,,informational,0,,,"The domain controller attempted to validate the credentials for an account",4776,"WinEventLog:Security",WinEventLog,"prd-p-g7nxxbgc3hgl",,"HOST-002",,,,,,,,,false,,,,,"HOST-002",,untrust,,,false,,false,false,,,,,,,,,,,,,,,,,,,,,,,failure,,"The domain controller attempted to validate the credentials for an account",failure,,,"authentication
error
failure
os
security
windows",,,,failure,,,,,"authentication
error
os
security
windows",,,,,,,,,,,,,,,22,0,,"user_g",,,,,,,,,,,,,,,,,,,false,,,,,Microsoft,,
,"Domain_E
Domain_E",,"COREDEV-003
BeylessMa5celen",,"Server_C.com",,,,,,,,,,,,,,,,,,,,,"COREDEV-003",,,,,,,,,"-",4648,"A logon was attempted using explicit credentials",0,,,,,,,,,,,,,,,,,"Audit Success",,,,,Security,,,"{0887F1E4-39EA-D53C-804F-31D568A06274}
{221B21A6-1AE2-3F9A-24EF-22C392AC2A47}",,0x70E4,,,,,,,,,"A logon was attempted using explicit credentials.
Subject:
	Security ID:  Domain_E\SYSTEM
	Account Name:  COREDEV-003
	Account Domain:  Domain_E
	Logon ID:  0x70E4
	Logon GUID:		{0887F1E4-39EA-D53C-804F-31D568A06274}
Account Whose Credentials Were Used:
	Account Name:		BeylessMa5celen
	Account Domain:		Domain_E
	Logon GUID:		{221B21A6-1AE2-3F9A-24EF-22C392AC2A47}
Target Server:
	Target Server Name:	Server_C.com
	Additional Information:	Server_C.com
Process Information:
	Process ID:		0DCD
	Process Name:		C:\Windows\System32\example_a.exe
Network Information:
	Network Address:	9.11.242.185
	Port:			-
This event is generated when a process attempts to log on an account by explicitly specifying that account's credentials. This most commonly occurs in batch-type configurations such as scheduled tasks, or when using the RUNAS command.",,,,,,"9.11.242.185",,,,,,,,,Info,,,,,,"-",,,,,,0DCD,"C:\Windows\System32\example_a.exe",,,795120093,,,,,,"Domain_E\SYSTEM",,,"Microsoft Windows security auditing.",,,,,,,,,,,,,,,,,"Server_C.com",,Logon,,,,,Information,,,,,,,,,,,,"02/13/2020 08:04:01 PM
LogName=Security
SourceName=Microsoft Windows security auditing.
EventCode=4648
EventType=0
Type=Information
ComputerName=COREDEV-003
TaskCategory=Logon
OpCode=Info
RecordNumber=795120093
Keywords=Audit Success
Message=A logon was attempted using explicit credentials.
Subject:
	Security ID:  Domain_E\SYSTEM
	Account Name:  COREDEV-003
	Account Domain:  Domain_E
	Logon ID:  0x70E4
	Logon GUID:		{0887F1E4-39EA-D53C-804F-31D568A06274}
Account Whose Credentials Were Used:
	Account Name:		BeylessMa5celen
	Account Domain:		Domain_E
	Logon GUID:		{221B21A6-1AE2-3F9A-24EF-22C392AC2A47}
Target Server:
	Target Server Name:	Server_C.com
	Additional Information:	Server_C.com
Process Information:
	Process ID:		0DCD
	Process Name:		C:\Windows\System32\example_a.exe
Network Information:
	Network Address:	9.11.242.185
	Port:			-
This event is generated when a process attempts to log on an account by explicitly specifying that account's credentials. This most commonly occurs in batch-type configurations such as scheduled tasks, or when using the RUNAS command.
","2020-02-13T20:04:01.000+0000",success,"win:remote","A logon was attempted using explicit credentials.
Subject:
	Security ID:  Domain_E\SYSTEM
	Account Name:  COREDEV-003
	Account Domain:  Domain_E
	Logon ID:  0x70E4
	Logon GUID:		{0887F1E4-39EA-D53C-804F-31D568A06274}
Account Whose Credentials Were Used:
	Account Name:		BeylessMa5celen
	Account Domain:		Domain_E
	Logon GUID:		{221B21A6-1AE2-3F9A-24EF-22C392AC2A47}
Target Server:
	Target Server Name:	Server_C.com
	Additional Information:	Server_C.com
Process Information:
	Process ID:		0DCD
	Process Name:		C:\Windows\System32\example_a.exe
Network Information:
	Network Address:	9.11.242.185
	Port:			-
This event is generated when a process attempts to log on an account by explicitly specifying that account's credentials. This most commonly occurs in batch-type configurations such as scheduled tasks, or when using the RUNAS command.",,Logon,,,,20,13,4,february,1,thursday,2020,local,"Server_C.com",,,,,,,,,false,,,,"Domain_E","Server_C.com",,untrust,,false,false,false,,"COREDEV-003",,,,,,,,,false,,,,"COREDEV-003",,untrust,,false,false,false,,795120093,"windows_logon_explicit wineventlog_security wineventlog_windows winsec","COREDEV-003",795120093,,main,,,,33,,,"COREDEV-003
BeylessMa5celen","Domain_E\SYSTEM","Domain_E\",,"A logon was attempted using explicit credentials",,WinEventLog,,,,,,,,Windows,,,"//_::_==___.====-====_=______.:t_:__\t_:__-t_:__t_",,,,0x70E4,informational,0,,,"A logon was attempted using explicit credentials",4648,"WinEventLog:Security",WinEventLog,"prd-p-g7nxxbgc3hgl",,,,,,,,,,,,,,,"Domain_E",,,,,,,,,,"COREDEV-003",,,,,,,,,,,,,,,,,false,,,,,success,,"A logon was attempted using explicit credentials",failure,,,"authentication
os
privileged
remote
security
success
windows",,,,success,remote,,,,"authentication
os
privileged
security
windows",,,,,,,,,,,,,,,22,0,,BeylessMa5celen,,,,,,,,,,,,,,,,,,,false,,,,,Microsoft,,
,"TASERVER$",,ABCDE,,,,,,,,,,,,,,,,,,,,,,,"BUSDEV-003",,,,,,,,,"-",4672,"Special privileges assigned to new logon",Information,,,,,,,,,,,,,,,,,"Audit Success",,,,,Security,,,,,0x857,,,,,,,,,"Special privileges assigned to new logon.

Subject:
	Security ID:		NT AUTHORITY\SYSTEM
	Account Name:		ABCDE
	Account Domain:		TASERVER$
	Logon ID:		0x857
Privileges:		SeAssignPrimaryTokenPrivilege
			SeTcbPrivilege
			SeSecurityPrivilege
			SeTakeOwnershipPrivilege
			SeLoadDriverPrivilege
			SeBackupPrivilege
			SeRestorePrivilege
			SeDebugPrivilege
			SeAuditPrivilege
			SeSystemEnvironmentPrivilege
			SeImpersonatePrivilege
			SeDelegateSessionUserImpersonatePrivilege",,,,,,,,,,,,,,,Info,,,,,,,,,,,SeAssignPrimaryTokenPrivilege,,,,,432709699,,,,,,"NT AUTHORITY\SYSTEM",,,"Microsoft Windows security auditing.",,,,,,,,,,,,,,,,,,,"Authentication Policy Change",,,,,Information,,,,,,,,,,,,"02/13/2020 08:04:01 PM
LogName=Security
SourceName=Microsoft Windows security auditing.
EventCode=4672
EventType=Information
Type=Information
ComputerName=BUSDEV-003
TaskCategory=Authentication Policy Change
OpCode=Info
RecordNumber=432709699
Keywords=Audit Success
Message=Special privileges assigned to new logon.

Subject:
	Security ID:		NT AUTHORITY\SYSTEM
	Account Name:		ABCDE
	Account Domain:		TASERVER$
	Logon ID:		0x857
Privileges:		SeAssignPrimaryTokenPrivilege
			SeTcbPrivilege
			SeSecurityPrivilege
			SeTakeOwnershipPrivilege
			SeLoadDriverPrivilege
			SeBackupPrivilege
			SeRestorePrivilege
			SeDebugPrivilege
			SeAuditPrivilege
			SeSystemEnvironmentPrivilege
			SeImpersonatePrivilege
			SeDelegateSessionUserImpersonatePrivilege

","2020-02-13T20:04:01.000+0000",success,"win:unknown","Special privileges assigned to new logon.

Subject:
	Security ID:		NT AUTHORITY\SYSTEM
	Account Name:		ABCDE
	Account Domain:		TASERVER$
	Logon ID:		0x857
Privileges:		SeAssignPrimaryTokenPrivilege
			SeTcbPrivilege
			SeSecurityPrivilege
			SeTakeOwnershipPrivilege
			SeLoadDriverPrivilege
			SeBackupPrivilege
			SeRestorePrivilege
			SeDebugPrivilege
			SeAuditPrivilege
			SeSystemEnvironmentPrivilege
			SeImpersonatePrivilege
			SeDelegateSessionUserImpersonatePrivilege",,"Authentication Policy Change",,,,20,13,4,february,1,thursday,2020,local,"BUSDEV-003",,,,,,,,,false,,,,"TASERVER$","BUSDEV-003",,untrust,,false,false,false,,"BUSDEV-003",,,,,,,,,false,,,,"BUSDEV-003",,untrust,,false,false,false,,432709699,"windows_special_privileges wineventlog_security wineventlog_windows winsec","BUSDEV-003",432709699,,main,,,,32,,,ABCDE,"NT AUTHORITY\SYSTEM","NT AUTHORITY\",,"Special privileges assigned to new logon",,WinEventLog,,,,,"Replace a process level token
Act as part of the operating system
Manage auditing and security log
Take ownership of files or other objects
Load and unload device drivers
Back up files and directories
Restore files and directories
Debug programs
Generate security audits
Modify firmware environment values
Impersonate a Client After Authentication","SeAssignPrimaryTokenPrivilege
SeTcbPrivilege
SeSecurityPrivilege
SeTakeOwnershipPrivilege
SeLoadDriverPrivilege
SeBackupPrivilege
SeRestorePrivilege
SeDebugPrivilege
SeAuditPrivilege
SeSystemEnvironmentPrivilege
SeImpersonatePrivilege
SeDelegateSessionUserImpersonatePrivilege",,Windows,,,"//_::_==___.====-=__===_=_____.:t_:tt_\t_:ttt_:tt$",,,,0x857,informational,Information,,,"Special privileges assigned to new logon",4672,"WinEventLog:Security",WinEventLog,"prd-p-g7nxxbgc3hgl",,,,,,,,,,,,,,,"NT AUTHORITY",,,,,,,,,,,,,,,,,,,,,,,,,,,,,,,,success,,"Special privileges assigned to new logon",failure,,,"audit
authentication
os
privileged
security
success
windows",,,,success,,,,,"authentication
os
privileged
security
windows",,audit,,,,,,,,,,,,,22,0,,ABCDE,,,,,,,,,,,,,,,,,,,false,,,,,Microsoft,"SeAssignPrimaryTokenPrivilege
			SeTcbPrivilege
			SeSecurityPrivilege
			SeTakeOwnershipPrivilege
			SeLoadDriverPrivilege
			SeBackupPrivilege
			SeRestorePrivilege
			SeDebugPrivilege
			SeAuditPrivilege
			SeSystemEnvironmentPrivilege
			SeImpersonatePrivilege
			SeDelegateSessionUserImpersonatePrivilege",
,"Domain_E",,"user_b",,,,,,,,,,,,,,,,,,,,,,,"PROD-POS-005",,,,,,,,,"-",4673,"A privileged service was called",0,,,,,,,,,,,,,,,,,"Audit Success",,,,,Security,,,,,0x3A81,,,,,,,,,"A privileged service was called.

Subject:
	Security ID:		Domain_E\user_b
	Account Name:		user_b
	Account Domain:		Domain_E
	Logon ID:		0x3A81

Service:
	Server:	NT Local Security Authority / Authentication Service
	Service Name:	LsaRegisterLogonProcess()

Process:
	Process ID:	0x3E37
	Process Name:	C:\Windows\System32\example_e.exe

Service Request Information:
	Privileges:		SeLoadDriverPrivilege",,,,,,,,,,,,,,,Info,,,,,,,,,,,SeLoadDriverPrivilege,0x3E37,"C:\Windows\System32\example_e.exe",,,370277823,,,,,,"Domain_E\user_b","NT Local Security Authority / Authentication Service","LsaRegisterLogonProcess()","Microsoft Windows security auditing.",,,,,,,,,,,,,,,,,,,"Sensitive Privilege Use",,,,,Information,,,,,,,,,,,,"02/13/2020 08:04:01 PM
LogName=Security
SourceName=Microsoft Windows security auditing.
EventCode=4673
EventType=0
Type=Information
ComputerName=PROD-POS-005
TaskCategory=Sensitive Privilege Use
OpCode=Info
RecordNumber=370277823
Keywords=Audit Success
Message=A privileged service was called.

Subject:
	Security ID:		Domain_E\user_b
	Account Name:		user_b
	Account Domain:		Domain_E
	Logon ID:		0x3A81

Service:
	Server:	NT Local Security Authority / Authentication Service
	Service Name:	LsaRegisterLogonProcess()

Process:
	Process ID:	0x3E37
	Process Name:	C:\Windows\System32\example_e.exe

Service Request Information:
	Privileges:		SeLoadDriverPrivilege
","2020-02-13T20:04:01.000+0000",success,"win:unknown","A privileged service was called.

Subject:
	Security ID:		Domain_E\user_b
	Account Name:		user_b
	Account Domain:		Domain_E
	Logon ID:		0x3A81

Service:
	Server:	NT Local Security Authority / Authentication Service
	Service Name:	LsaRegisterLogonProcess()

Process:
	Process ID:	0x3E37
	Process Name:	C:\Windows\System32\example_e.exe

Service Request Information:
	Privileges:		SeLoadDriverPrivilege",,"Sensitive Privilege Use",,,,20,13,4,february,1,thursday,2020,local,"PROD-POS-005",,,,,,,,,false,,,,"Domain_E","PROD-POS-005",,untrust,,false,false,false,,"PROD-POS-005",,,,,,,,,false,,,,"PROD-POS-005",,untrust,,false,false,false,,370277823,"windows_privileged_service_call wineventlog_security wineventlog_windows winsec","PROD-POS-005",370277823,,main,,,,30,,,"user_b","Domain_E\user_b","Domain_E\",,"A privileged service was called",,WinEventLog,,,,,"Load and unload device drivers",SeLoadDriverPrivilege,,Windows,,,"//_::_==___.====--=__===_=____.:t_:tt\t_:ttt_:ttt_",,,,0x3A81,informational,0,,,"A privileged service was called",4673,"WinEventLog:Security",WinEventLog,"prd-p-g7nxxbgc3hgl",,,,,,,,,,,,,,,"Domain_E",,,,,,,,,,,,,,,,,,,,,,,,,,,,,,,,success,,"A privileged service was called",failure,,,"execute
os
privileged
process
security
start
success
windows",,,,success,,,,,"execute
os
privileged
process
security
start
windows",,,,,,,,,,,,,,,22,0,,"user_b",,,,,,,,,,,,,,,,,,,false,,,,,Microsoft,SeLoadDriverPrivilege,
,"Domain_A",,"user_j
user_g",,,,,,,,"ops-sys-002",,,,,,,"Account Management",,,,,,,,"ops-sys-002",,,,,,,,,"-",4740,"A user account was locked out",0,,,,,,,,,,,,,,,,,"Audit Success",,,,,Security,,,,,0xB111,,,,,,,,,"A user account was locked out. 
Subject: 
	Security ID: Domain_A\user_j 
	Account Name: user_j
	Account Domain: Domain_A
	Logon ID: 0xB111
Account That Was Locked Out: 
	Security ID: Domain_A\user_g 
	Account Name: user_g
Additional Information: 
	Caller Computer Name: ops-sys-002",,,,,,,,,,,,,,,Info,,,,,,,,,,,,,,,,235314739,,,,,,"Domain_A\user_j
Domain_A\user_g",,,"Microsoft Windows security auditing.",,,,,,,,,,,,,,,,,,,"User Account Management",,,,,Information,,,,,,,,,,,,"02/13/2020 08:04:01 PM 
LogName=Security 
SourceName=Microsoft Windows security auditing.
EventCode=4740 
EventType=0 
Type=Information
ComputerName=ops-sys-002 
TaskCategory=User Account Management
OpCode=Info 
RecordNumber=235314739
Keywords=Audit Success
Message=A user account was locked out. 
Subject: 
	Security ID: Domain_A\user_j 
	Account Name: user_j
	Account Domain: Domain_A
	Logon ID: 0xB111
Account That Was Locked Out: 
	Security ID: Domain_A\user_g 
	Account Name: user_g
Additional Information: 
	Caller Computer Name: ops-sys-002
","2020-02-13T20:04:01.000+0000",modified,"win:unknown","A user account was locked out. 
Subject: 
	Security ID: Domain_A\user_j 
	Account Name: user_j
	Account Domain: Domain_A
	Logon ID: 0xB111
Account That Was Locked Out: 
	Security ID: Domain_A\user_g 
	Account Name: user_g
Additional Information: 
	Caller Computer Name: ops-sys-002",,"User Account Management",user,,,20,13,4,february,1,thursday,2020,local,"ops-sys-002",,,,,,,,,false,,,,"Domain_A","ops-sys-002",,untrust,,false,false,false,,"ops-sys-002",,,,,,,,,false,,,,"ops-sys-002 ",,untrust,,false,false,false,,235314739,"windows_account_lockout windows_account_management wineventlog_security wineventlog_windows winsec","ops-sys-002 ",235314739,,main,,,,23,,,"user_j
user_g","Domain_A\user_j
Domain_A\user_g","Domain_A\","locked out","A user account was locked out",,WinEventLog,user,,,,,,,Windows,,,"//_::__=_=___.=_=_==--_=__=_==_=_____._:_t_:_\_t_:",,,lockout,0xB111,informational,0,,,"A user account was locked out",4740,"WinEventLog:Security",WinEventLog,"prd-p-g7nxxbgc3hgl",,,,,,,,,,,,,,,"Domain_A\user_j
Domain_A","ops-sys-002",,,,,,,,,"user_j",,,,,,,,,,,,,,,,,false,,,,,success,,"A user account was locked out",failure,"Account Management",,"account
change
lock
lockout
management
os
security
windows",,,,,,,,,"account
change
lock
lockout
management
os
security
windows",,,,,,,,,,,,,,,22,0,,"user_g",,,,,,,,,,,,,,,,,,,false,,,,,Microsoft,,
,"WIN81$",,ABCDE,,,,,,,,,,,,,,,,,,,,,,,"SE-006",,,,,,,,,"-",5061,"Cryptographic operation",Information,,,,,,,,,,,,,,,"332fe7e7-d709-e3d8-af9e-7236c48f4c55","User key.","Audit Success",,,,,Security,,,,,0xFCE,,,,,,,,,"Cryptographic operation.

Subject:
	Security ID:		abc\def
	Account Name:		ABCDE
	Account Domain:		WIN81$
	Logon ID:		0xFCE
Cryptographic Parameters:
	Provider Name: 827D4556329A	
	Algorithm Name:	
	Key Name:	332fe7e7-d709-e3d8-af9e-7236c48f4c55
	Key Type: User key.

Cryptographic Operation:
	Operation:	Open Key.
	Return Code:	0x5",,,,,,,,,,,,,,,Info,"Open Key.",,,,,,,,,,,,,,827D4556329A,739482883,,0x5,,,,"abc\def",,,"Microsoft Windows security auditing.",,,,,,,,,,,,,,,,,,,"Authentication Policy Change",,,,,Information,,,,,,,,,,,,"02/13/2020 08:04:01 PM
LogName=Security
SourceName=Microsoft Windows security auditing.
EventCode=5061
EventType=Information
Type=Information
ComputerName=SE-006
TaskCategory=Authentication Policy Change
OpCode=Info
RecordNumber=739482883
Keywords=Audit Success
Message=Cryptographic operation.

Subject:
	Security ID:		abc\def
	Account Name:		ABCDE
	Account Domain:		WIN81$
	Logon ID:		0xFCE
Cryptographic Parameters:
	Provider Name: 827D4556329A	
	Algorithm Name:	
	Key Name:	332fe7e7-d709-e3d8-af9e-7236c48f4c55
	Key Type: User key.

Cryptographic Operation:
	Operation:	Open Key.
	Return Code:	0x5

","2020-02-13T20:04:01.000+0000",success,"win:unknown","Cryptographic operation.

Subject:
	Security ID:		abc\def
	Account Name:		ABCDE
	Account Domain:		WIN81$
	Logon ID:		0xFCE
Cryptographic Parameters:
	Provider Name: 827D4556329A	
	Algorithm Name:	
	Key Name:	332fe7e7-d709-e3d8-af9e-7236c48f4c55
	Key Type: User key.

Cryptographic Operation:
	Operation:	Open Key.
	Return Code:	0x5",,"Authentication Policy Change",,,,20,13,4,february,1,thursday,2020,local,"SE-006",,,,,,,,,false,,,,"WIN81$","SE-006",,untrust,,false,false,false,,"SE-006",,,,,,,,,false,,,,"SE-006",,untrust,,false,false,false,,739482883,"wineventlog_security wineventlog_windows winsec","SE-006",739482883,,main,,,,29,,,ABCDE,"abc\def","abc\",,"Cryptographic operation",,WinEventLog,,,,,,,,Windows,,,"//_::_==___.====-=__===_=_.:t_:tt\t_:ttt_:tt$t_:tt",,,,0xFCE,informational,Information,,,"Cryptographic operation",5061,"WinEventLog:Security",WinEventLog,"prd-p-g7nxxbgc3hgl",,,,,,,,,,,,,,,abc,,,,,,,,,,,,,,,,,,,,,,,,,,,,,,,,success,,"Cryptographic operation",failure,,,"os
security
success
windows",,,,success,,,,,"os
security
windows",,,,,,,,,,,,,,,22,0,,ABCDE,,,,,,,,,,,,,,,,,,,false,,,,,Microsoft,,
SeInteractiveLogonRight,"Domain_D",,"ops-sys-003
Domain_D\user_b",,,,,,,,,,,,,,,,,,,,,,,"ops-sys-003",,,,,,,,,"-",4718,"System security access was removed from an account",0,,,,,,,,,,,,,,,,,"Audit Success",,,,,Security,,,,,0x3A81,,,,,,,,,"System security access was removed from an account.

Subject:
	Security ID:		Domain_D\SYSTEM
	Account Name:		ops-sys-003
	Account Domain:		Domain_D
	Logon ID:		0x3A81

Account Modified:
	Account Name:		Domain_D\user_b

Access Removed:
	Access Right:		SeInteractiveLogonRight",,,,,,,,,,,,,,,Info,,,,,,,,,,,,,,,,231384464,,,,,,"Domain_D\SYSTEM",,,"Microsoft Windows security auditing.",,,,,,,,,,,,,,,,,,,"Authentication Policy Change",,,,,Information,,,,,,,,,,,,"02/13/2020 08:04:01 PM
LogName=Security
SourceName=Microsoft Windows security auditing.
EventCode=4718
EventType=0
Type=Information
ComputerName=ops-sys-003
TaskCategory=Authentication Policy Change
OpCode=Info
RecordNumber=231384464
Keywords=Audit Success
Message=System security access was removed from an account.

Subject:
	Security ID:		Domain_D\SYSTEM
	Account Name:		ops-sys-003
	Account Domain:		Domain_D
	Logon ID:		0x3A81

Account Modified:
	Account Name:		Domain_D\user_b

Access Removed:
	Access Right:		SeInteractiveLogonRight
","2020-02-13T20:04:01.000+0000",success,"win:unknown","System security access was removed from an account.

Subject:
	Security ID:		Domain_D\SYSTEM
	Account Name:		ops-sys-003
	Account Domain:		Domain_D
	Logon ID:		0x3A81

Account Modified:
	Account Name:		Domain_D\user_b

Access Removed:
	Access Right:		SeInteractiveLogonRight",,"Authentication Policy Change",,,,20,13,4,february,1,thursday,2020,local,"ops-sys-003",,,,,,,,,false,,,,"Domain_D","ops-sys-003",,untrust,,false,false,false,,"ops-sys-003",,,,,,,,,false,,,,"ops-sys-003",,untrust,,false,false,false,,231384464,"windows_security_access_removed wineventlog_security wineventlog_windows winsec","ops-sys-003",231384464,,main,,,,25,,,"ops-sys-003
Domain_D\user_b","Domain_D\SYSTEM","Domain_D\",,"System security access was removed from an account",,WinEventLog,,,,,,,,Windows,,,"//_::_==___.====--=__===_=_______.:t_:tt\t_:tt--t_",,,,0x3A81,informational,0,,,"System security access was removed from an account",4718,"WinEventLog:Security",WinEventLog,"prd-p-g7nxxbgc3hgl",,,,,,,,,,,,,,,"Domain_D",,,,,,,,,,"ops-sys-003",,,,,,,,,,,,,,,,,false,,,,,success,,"System security access was removed from an account",failure,,,"access
account
authorization
change
delete
os
security
success
windows",,,,success,,,,,"access
account
authorization
change
delete
os
security
windows",,,,,,,,,,,,,,,22,0,,"Domain_D\user_b",,,,,,,,,,,,,,,,,,,false,,,,,Microsoft,,
,"Domain_B",,"user_a",,,,,,,,,,,,,,,,,,,,,,,"$SPLUNK_HOME/etc/apps/Splunk_TA_windows/samples/hostname.sample",0x9EC0,,,,,,,,"-",4688,"A new process has been created",0,,,,,,,,,,,,,,,,,"Audit Success",,,,,Security,,,,,0x6C10,,,,,,,,,"A new process has been created.
Subject:
	Security ID:		Domain_B\user_a
	Account Name:		user_a
	Account Domain:		Domain_B
	Logon ID:		0x6C10
Process Information:
	New Process ID:		0xC573
	New Process Name:	C:\Windows\System32\example_d.exe
	Token Elevation Type:	TokenElevationTypeLimited (3)
	Creator Process ID:	0x9EC0
Token Elevation Type indicates the type of token that was assigned to the new process in accordance with User Account Control policy.
Type 1 is a full token with no privileges removed or groups disabled.  A full token is only used if User Account Control is disabled or if the User is the built-in Administrator account or a service account.
Type 2 is an elevated token with no privileges removed or groups disabled.  An elevated token is used when User Account Control is enabled and the User chooses to start the program using Run as administrator.  An elevated token is also used when an application is configured to always require administrative privilege or to always require maximum privilege, and the User is a member of the Administrators group.
Type 3 is a limited token with administrative privileges removed and administrative groups disabled.  The limited token is used when User Account Control is enabled, the application does not require administrative privilege, and the User does not choose to start the program using Run as administrator.",,,,,,,,,,0xC573,"C:\Windows\System32\example_d.exe",,,,Info,,,,,,,,,,,,,,,,345642139,,,,,,"Domain_B\user_a",,,"Microsoft Windows security auditing.",,,,,,,,,,,,,,,,,,,"Process Creation",,"TokenElevationTypeLimited (3)",3,,Information,,,,,,,,,,,,"02/13/2020 08:04:00 PM
LogName=Security
SourceName=Microsoft Windows security auditing.
EventCode=4688
EventType=0
Type=Information
ComputerName=$SPLUNK_HOME/etc/apps/Splunk_TA_windows/samples/hostname.sample
TaskCategory=Process Creation
OpCode=Info
RecordNumber=345642139
Keywords=Audit Success
Message=A new process has been created.
Subject:
	Security ID:		Domain_B\user_a
	Account Name:		user_a
	Account Domain:		Domain_B
	Logon ID:		0x6C10
Process Information:
	New Process ID:		0xC573
	New Process Name:	C:\Windows\System32\example_d.exe
	Token Elevation Type:	TokenElevationTypeLimited (3)
	Creator Process ID:	0x9EC0
Token Elevation Type indicates the type of token that was assigned to the new process in accordance with User Account Control policy.
Type 1 is a full token with no privileges removed or groups disabled.  A full token is only used if User Account Control is disabled or if the User is the built-in Administrator account or a service account.
Type 2 is an elevated token with no privileges removed or groups disabled.  An elevated token is used when User Account Control is enabled and the User chooses to start the program using Run as administrator.  An elevated token is also used when an application is configured to always require administrative privilege or to always require maximum privilege, and the User is a member of the Administrators group.
Type 3 is a limited token with administrative privileges removed and administrative groups disabled.  The limited token is used when User Account Control is enabled, the application does not require administrative privilege, and the User does not choose to start the program using Run as administrator.
","2020-02-13T20:04:00.000+0000",success,"win:unknown","A new process has been created.
Subject:
	Security ID:		Domain_B\user_a
	Account Name:		user_a
	Account Domain:		Domain_B
	Logon ID:		0x6C10
Process Information:
	New Process ID:		0xC573
	New Process Name:	C:\Windows\System32\example_d.exe
	Token Elevation Type:	TokenElevationTypeLimited (3)
	Creator Process ID:	0x9EC0
Token Elevation Type indicates the type of token that was assigned to the new process in accordance with User Account Control policy.
Type 1 is a full token with no privileges removed or groups disabled.  A full token is only used if User Account Control is disabled or if the User is the built-in Administrator account or a service account.
Type 2 is an elevated token with no privileges removed or groups disabled.  An elevated token is used when User Account Control is enabled and the User chooses to start the program using Run as administrator.  An elevated token is also used when an application is configured to always require administrative privilege or to always require maximum privilege, and the User is a member of the Administrators group.
Type 3 is a limited token with administrative privileges removed and administrative groups disabled.  The limited token is used when User Account Control is enabled, the application does not require administrative privilege, and the User does not choose to start the program using Run as administrator.",,"Process Creation",,,,20,13,4,february,0,thursday,2020,local,"$SPLUNK_HOME/etc/apps/Splunk_TA_windows/samples/hostname.sample",,,,,,,,,false,,,,"Domain_B","$SPLUNK_HOME/etc/apps/Splunk_TA_windows/samples/hostname.sample",,untrust,,false,false,false,,"$SPLUNK_HOME/etc/apps/Splunk_TA_windows/samples/hostname.sample",,,,,,,,,false,,,,"$SPLUNK_HOME/etc/apps/Splunk_TA_windows/samples/hostname.sample",,untrust,,false,false,false,,345642139,"windows_process_new wineventlog_security wineventlog_windows winsec","$SPLUNK_HOME/etc/apps/Splunk_TA_windows/samples/hostname.sample",345642139,,main,,,,27,,,"user_a","Domain_B\user_a","Domain_B\",,"A new process has been created",,WinEventLog,,,,,,,,Windows,,,"//_::_==___.====$/////.=_===_=_____.:t_:tt\t_:ttt_",,,,0x6C10,informational,0,,,"A new process has been created",4688,"WinEventLog:Security",WinEventLog,"prd-p-g7nxxbgc3hgl",,,,,,,,,,,,,,,"Domain_B",,,,,,,,,,,,,,,,,,,,,,,,,,,,,,,,success,,"A new process has been created",failure,,,"execute
os
process
security
start
success
windows",,,,success,,,,,"execute
os
process
security
start
windows",,,,,,,,,,,,,,,22,0,,"user_a",,,,,,,,,,,,,,,,,,,false,,,,,Microsoft,,
,"Domain_A
Domain_A",,"user_i
user_b",,,,,,,,,,,,,,,"Account Management",,,,,,,,"SE-002",,,,,,,,,"-",4724,"An attempt was made to reset an accounts password",0,,,,,,,,,,,,,,,,,"Audit Failure",,,,,Security,,,,,0x5F25,,,,,,,,,"An attempt was made to reset an account's password.
Subject:
	Security ID:  Domain_A\user_i
	Account Name:  user_i
	Account Domain:  Domain_A
	Logon ID:  0x5F25
Target Account:
	Security ID:  Domain_A\user_b
	Account Name:  user_b
	Account Domain:  Domain_A",,,,,,,,,,,,,,,Info,,,,,,,,,,,,,,,,330124686,,,,,,"Domain_A\user_i
Domain_A\user_b",,,"Microsoft Windows security auditing.",,,,,,,,,,,,,,,,,,,"User Account Management",,,,,Information,,,,,,,,,,,,"02/13/2020 08:04:00 PM
LogName=Security
SourceName=Microsoft Windows security auditing.
EventCode=4724
EventType=0
Type=Information
ComputerName=SE-002
TaskCategory=User Account Management
OpCode=Info
RecordNumber=330124686
Keywords=Audit Failure
Message=An attempt was made to reset an account's password.
Subject:
	Security ID:  Domain_A\user_i
	Account Name:  user_i
	Account Domain:  Domain_A
	Logon ID:  0x5F25
Target Account:
	Security ID:  Domain_A\user_b
	Account Name:  user_b
	Account Domain:  Domain_A
","2020-02-13T20:04:00.000+0000",modified,"win:unknown","An attempt was made to reset an account's password.
Subject:
	Security ID:  Domain_A\user_i
	Account Name:  user_i
	Account Domain:  Domain_A
	Logon ID:  0x5F25
Target Account:
	Security ID:  Domain_A\user_b
	Account Name:  user_b
	Account Domain:  Domain_A",,"User Account Management",user,,,20,13,4,february,0,thursday,2020,local,"SE-002",,,,,,,,,false,,,,"Domain_A","SE-002",,untrust,,false,false,false,,"SE-002",,,,,,,,,false,,,,"SE-002",,untrust,,false,false,false,,330124686,"err0r nix_errors windows_account_management windows_account_password_set wineventlog_security wineventlog_windows winsec","SE-002",330124686,,main,,,,22,,,"user_i
user_b","Domain_A\user_i
Domain_A\user_b","Domain_A\","reset an account's password","An attempt was made to reset an accounts password",,WinEventLog,user,,,,,,,Windows,,,"//_::_==___.====-=__===_=_______'_.:t_:__\t_:__t_:",,,,0x5F25,informational,0,,,"An attempt was made to reset an accounts password",4724,"WinEventLog:Security",WinEventLog,"prd-p-g7nxxbgc3hgl",,,,,,,,,,,,,,,"Domain_A",,,,,,,,,,"user_i",,,,,,,,,,,,,,,,,false,,,,,failure,,"An attempt was made to reset an accounts password",failure,"Account Management",,"account
change
error
management
modify
os
password
security
windows",,,,,,,,,"account
change
error
management
modify
os
password
security
windows",,,,,,,,,,,,,,,22,0,,"user_b",,,,,,,,,,,,,,,,,,,false,,,,,Microsoft,,
SeInteractiveLogonRight,"Domain_D",,"ACME-004
Domain_D\user_f",,,,,,,,,,,,,,,,,,,,,,,"ACME-004",,,,,,,,,"-",4718,"System security access was removed from an account",0,,,,,,,,,,,,,,,,,"Audit Success",,,,,Security,,,,,0xA369,,,,,,,,,"System security access was removed from an account.

Subject:
	Security ID:		Domain_D\SYSTEM
	Account Name:		ACME-004
	Account Domain:		Domain_D
	Logon ID:		0xA369

Account Modified:
	Account Name:		Domain_D\user_f

Access Removed:
	Access Right:		SeInteractiveLogonRight",,,,,,,,,,,,,,,Info,,,,,,,,,,,,,,,,526217729,,,,,,"Domain_D\SYSTEM",,,"Microsoft Windows security auditing.",,,,,,,,,,,,,,,,,,,"Authentication Policy Change",,,,,Information,,,,,,,,,,,,"02/13/2020 08:04:00 PM
LogName=Security
SourceName=Microsoft Windows security auditing.
EventCode=4718
EventType=0
Type=Information
ComputerName=ACME-004
TaskCategory=Authentication Policy Change
OpCode=Info
RecordNumber=526217729
Keywords=Audit Success
Message=System security access was removed from an account.

Subject:
	Security ID:		Domain_D\SYSTEM
	Account Name:		ACME-004
	Account Domain:		Domain_D
	Logon ID:		0xA369

Account Modified:
	Account Name:		Domain_D\user_f

Access Removed:
	Access Right:		SeInteractiveLogonRight
","2020-02-13T20:04:00.000+0000",success,"win:unknown","System security access was removed from an account.

Subject:
	Security ID:		Domain_D\SYSTEM
	Account Name:		ACME-004
	Account Domain:		Domain_D
	Logon ID:		0xA369

Account Modified:
	Account Name:		Domain_D\user_f

Access Removed:
	Access Right:		SeInteractiveLogonRight",,"Authentication Policy Change",,,,20,13,4,february,0,thursday,2020,local,"ACME-004",,,,,,,,,false,,,,"Domain_D","ACME-004",,untrust,,false,false,false,,"ACME-004",,,,,,,,,false,,,,"ACME-004",,untrust,,false,false,false,,526217729,"windows_security_access_removed wineventlog_security wineventlog_windows winsec","ACME-004",526217729,,main,,,,25,,,"ACME-004
Domain_D\user_f","Domain_D\SYSTEM","Domain_D\",,"System security access was removed from an account",,WinEventLog,,,,,,,,Windows,,,"//_::_==___.====-=__===_=_______.:t_:tt\t_:tt-t_:t",,,,0xA369,informational,0,,,"System security access was removed from an account",4718,"WinEventLog:Security",WinEventLog,"prd-p-g7nxxbgc3hgl",,,,,,,,,,,,,,,"Domain_D",,,,,,,,,,"ACME-004",,,,,,,,,,,,,,,,,false,,,,,success,,"System security access was removed from an account",failure,,,"access
account
authorization
change
delete
os
security
success
windows",,,,success,,,,,"access
account
authorization
change
delete
os
security
windows",,,,,,,,,,,,,,,22,0,,"Domain_D\user_f",,,,,,,,,,,,,,,,,,,false,,,,,Microsoft,,
SeInteractiveLogonRight,"Domain_C",,"PROD-POS-004
Domain_C\user_g",,,,,,,,,,,,,,,,,,,,,,,"PROD-POS-004",,,,,,,,,"-",4717,"System security access was granted to an account",0,,,,,,,,,,,,,,,,,"Audit Success",,,,,Security,,,,,0xEB5F,,,,,,,,,"System security access was granted to an account.

Subject:
	Security ID:		Domain_C\SYSTEM
	Account Name:		PROD-POS-004
	Account Domain:		Domain_C
	Logon ID:		0xEB5F

Account Modified:
	Account Name:		Domain_C\user_g

Access Granted:
	Access Right:		SeInteractiveLogonRight",,,,,,,,,,,,,,,Info,,,,,,,,,,,,,,,,28067783,,,,,,"Domain_C\SYSTEM",,,"Microsoft Windows security auditing.",,,,,,,,,,,,,,,,,,,"Authentication Policy Change",,,,,Information,,,,,,,,,,,,"02/13/2020 08:04:00 PM
LogName=Security
SourceName=Microsoft Windows security auditing.
EventCode=4717
EventType=0
Type=Information
ComputerName=PROD-POS-004
TaskCategory=Authentication Policy Change
OpCode=Info
RecordNumber=28067783
Keywords=Audit Success
Message=System security access was granted to an account.

Subject:
	Security ID:		Domain_C\SYSTEM
	Account Name:		PROD-POS-004
	Account Domain:		Domain_C
	Logon ID:		0xEB5F

Account Modified:
	Account Name:		Domain_C\user_g

Access Granted:
	Access Right:		SeInteractiveLogonRight
","2020-02-13T20:04:00.000+0000",success,"win:unknown","System security access was granted to an account.

Subject:
	Security ID:		Domain_C\SYSTEM
	Account Name:		PROD-POS-004
	Account Domain:		Domain_C
	Logon ID:		0xEB5F

Account Modified:
	Account Name:		Domain_C\user_g

Access Granted:
	Access Right:		SeInteractiveLogonRight",,"Authentication Policy Change",,,,20,13,4,february,0,thursday,2020,local,"PROD-POS-004",,,,,,,,,false,,,,"Domain_C","PROD-POS-004",,untrust,,false,false,false,,"PROD-POS-004",,,,,,,,,false,,,,"PROD-POS-004",,untrust,,false,false,false,,28067783,"windows_security_access_granted wineventlog_security wineventlog_windows winsec","PROD-POS-004",28067783,,main,,,,25,,,"PROD-POS-004
Domain_C\user_g","Domain_C\SYSTEM","Domain_C\",,"System security access was granted to an account",,WinEventLog,,,,,,,,Windows,,,"//_::_==___.====--=__===_=_______.:t_:tt\t_:tt--t_",,,,0xEB5F,informational,0,,,"System security access was granted to an account",4717,"WinEventLog:Security",WinEventLog,"prd-p-g7nxxbgc3hgl",,,,,,,,,,,,,,,"Domain_C",,,,,,,,,,"PROD-POS-004",,,,,,,,,,,,,,,,,false,,,,,success,,"System security access was granted to an account",failure,,,"access
account
add
authorization
change
os
security
success
windows",,,,success,,,,,"access
account
add
authorization
change
os
security
windows",,,,,,,,,,,,,,,22,0,,"Domain_C\user_g",,,,,,,,,,,,,,,,,,,false,,,,,Microsoft,,
,"Domain_A
Domain_A",,"BUSDEV-005
user_a",,,,,,,Negotiate,,,,,,,,,,,,,,,,"BUSDEV-005",,,,,,,,Yes,"-",4624,"An account was successfully logged on",0,,,,,,,,,,,Identification,,,0,,,"Audit Success",4B86,,,,Security,,,"{27C4A2F2-13CA-AA25-E903-D31268740239}",,"0x70E4
0x6C10",logonProcess1,7,,,,,,,"An account was successfully logged on.

Subject:
 Security ID:  Domain_A\SYSTEM
 Account Name:  BUSDEV-005
 Account Domain:  Domain_A
 Logon ID:  0x70E4

Logon Information:
 Logon Type:  7
 Restricted Admin Mode: No
 Virtual Account:  No
 Elevated Token:  Yes

Impersonation Level:  Identification

New Logon:
 Security ID:  Domain_A\user_a
 Account Name:  user_a
 Account Domain:  Domain_A
 Logon ID:  0x6C10
 Linked Logon ID:  4B86
 Network Account Name: -
 Network Account Domain: -
 Logon GUID:  {27C4A2F2-13CA-AA25-E903-D31268740239}

Process Information:
 Process ID:  0xB92F
 Process Name:  C:\Windows\System32\example_g.exe

Network Information:
 Workstation Name: BUSDEV-005
 Source Network Address: -
 Source Port:  35475

Detailed Authentication Information:
 Logon Process:  logonProcess1 
 Authentication Package: Negotiate
 Transited Services: -
 Package Name (NTLM only): -
 Key Length:  0

This event is generated when a logon session is created. It is generated on the computer that was accessed.

The subject fields indicate the account on the local system which requested the logon. This is most commonly a service such as the Server service, or a local process such as DC202.exe or DC202.exe.

The logon type field indicates the kind of logon that occurred. The most common types are 2 (interactive) and 3 (network).

The New Logon fields indicate the account for whom the new logon was created, i.e. the account that was logged on.

The network fields indicate where a remote logon request originated. Workstation name is not always available and may be left blank in some cases.

The impersonation level field indicates the extent to which a process in the logon session can impersonate.

The authentication information fields provide detailed information about this specific logon request.
 - Logon GUID is a unique identifier that can be used to correlate this event with a KDC event.
 - Transited services indicate which intermediate services have participated in this logon request.
 - Package name indicates which sub-protocol was used among the NTLM protocols.
 - Key length indicates the length of the generated session key. This will be 0 if no session key was requested.",,,,"-","-",,,,,,,,,,Info,,"-",,,,,,,,,,0xB92F,"C:\Windows\System32\example_g.exe",,,499583109,No,,,,,"Domain_A\SYSTEM
Domain_A\user_a",,,"Microsoft Windows security auditing.","-",35475,,,,,,,,,,,,,,,,,Logon,,,,"-",Information,,,,,,,,No,,,"BUSDEV-005","02/13/2020 08:04:00 PM
LogName=Security
SourceName= Microsoft Windows security auditing.
EventCode=4624
EventType=0
Type=Information
ComputerName=BUSDEV-005
TaskCategory=Logon
OpCode=Info
RecordNumber=499583109
Keywords=Audit Success
Message=An account was successfully logged on.

Subject:
 Security ID:  Domain_A\SYSTEM
 Account Name:  BUSDEV-005
 Account Domain:  Domain_A
 Logon ID:  0x70E4

Logon Information:
 Logon Type:  7
 Restricted Admin Mode: No
 Virtual Account:  No
 Elevated Token:  Yes

Impersonation Level:  Identification

New Logon:
 Security ID:  Domain_A\user_a
 Account Name:  user_a
 Account Domain:  Domain_A
 Logon ID:  0x6C10
 Linked Logon ID:  4B86
 Network Account Name: -
 Network Account Domain: -
 Logon GUID:  {27C4A2F2-13CA-AA25-E903-D31268740239}

Process Information:
 Process ID:  0xB92F
 Process Name:  C:\Windows\System32\example_g.exe

Network Information:
 Workstation Name: BUSDEV-005
 Source Network Address: -
 Source Port:  35475

Detailed Authentication Information:
 Logon Process:  logonProcess1 
 Authentication Package: Negotiate
 Transited Services: -
 Package Name (NTLM only): -
 Key Length:  0

This event is generated when a logon session is created. It is generated on the computer that was accessed.

The subject fields indicate the account on the local system which requested the logon. This is most commonly a service such as the Server service, or a local process such as DC202.exe or DC202.exe.

The logon type field indicates the kind of logon that occurred. The most common types are 2 (interactive) and 3 (network).

The New Logon fields indicate the account for whom the new logon was created, i.e. the account that was logged on.

The network fields indicate where a remote logon request originated. Workstation name is not always available and may be left blank in some cases.

The impersonation level field indicates the extent to which a process in the logon session can impersonate.

The authentication information fields provide detailed information about this specific logon request.
 - Logon GUID is a unique identifier that can be used to correlate this event with a KDC event.
 - Transited services indicate which intermediate services have participated in this logon request.
 - Package name indicates which sub-protocol was used among the NTLM protocols.
 - Key length indicates the length of the generated session key. This will be 0 if no session key was requested.

","2020-02-13T20:04:00.000+0000",success,"win:local","An account was successfully logged on.

Subject:
 Security ID:  Domain_A\SYSTEM
 Account Name:  BUSDEV-005
 Account Domain:  Domain_A
 Logon ID:  0x70E4

Logon Information:
 Logon Type:  7
 Restricted Admin Mode: No
 Virtual Account:  No
 Elevated Token:  Yes

Impersonation Level:  Identification

New Logon:
 Security ID:  Domain_A\user_a
 Account Name:  user_a
 Account Domain:  Domain_A
 Logon ID:  0x6C10
 Linked Logon ID:  4B86
 Network Account Name: -
 Network Account Domain: -
 Logon GUID:  {27C4A2F2-13CA-AA25-E903-D31268740239}

Process Information:
 Process ID:  0xB92F
 Process Name:  C:\Windows\System32\example_g.exe

Network Information:
 Workstation Name: BUSDEV-005
 Source Network Address: -
 Source Port:  35475

Detailed Authentication Information:
 Logon Process:  logonProcess1 
 Authentication Package: Negotiate
 Transited Services: -
 Package Name (NTLM only): -
 Key Length:  0

This event is generated when a logon session is created. It is generated on the computer that was accessed.

The subject fields indicate the account on the local system which requested the logon. This is most commonly a service such as the Server service, or a local process such as DC202.exe or DC202.exe.

The logon type field indicates the kind of logon that occurred. The most common types are 2 (interactive) and 3 (network).

The New Logon fields indicate the account for whom the new logon was created, i.e. the account that was logged on.

The network fields indicate where a remote logon request originated. Workstation name is not always available and may be left blank in some cases.

The impersonation level field indicates the extent to which a process in the logon session can impersonate.

The authentication information fields provide detailed information about this specific logon request.
 - Logon GUID is a unique identifier that can be used to correlate this event with a KDC event.
 - Transited services indicate which intermediate services have participated in this logon request.
 - Package name indicates which sub-protocol was used among the NTLM protocols.
 - Key length indicates the length of the generated session key. This will be 0 if no session key was requested.",,Logon,,,,20,13,4,february,0,thursday,2020,local,"BUSDEV-005",,,,,,,,,false,,,,"Domain_A","BUSDEV-005",,untrust,,false,false,false,,"BUSDEV-005",,,,,,,,,false,,,,"BUSDEV-005",,untrust,,false,false,false,,499583109,"windows_logon_success wineventlog_security wineventlog_windows winsec","BUSDEV-005",499583109,,main,,,,72,,,"BUSDEV-005
user_a","Domain_A\SYSTEM
Domain_A\user_a","Domain_A\",,"An account was successfully logged on",,WinEventLog,,,,,,,0xB92F,Windows,,,"//_::_==____.====-====_=_____.:__:__\__:__-__:____",,,,0x6C10,informational,0,,,"An account was successfully logged on",4624,"WinEventLog:Security",WinEventLog,"prd-p-g7nxxbgc3hgl",,"BUSDEV-005",,,,,,,,,false,,,,"Domain_A","BUSDEV-005",,untrust,35475,,false,,false,false,"BUSDEV-005",,,,,,,,,,,,,,,,,false,,,,,success,,"An account was successfully logged on",failure,,,"authentication
local
os
security
success
windows",,,,success,local,,,,"authentication
os
security
windows",,,,,,,,,,,,,,,22,0,,"user_a",,,,,,,,,,,,,,,,,,,false,,,,,Microsoft,,
,"Domain_E",,"user_e",,,,,,,,,,,,,,,,,,,,,,,"ACME-003",,,,,,,,,"-",1102,"The audit log was cleared",4,,,,,,,,,,,,,,,,,"Audit Success",,,,,Security,,,,,0x0452,,,,,,,,,"The audit log was cleared.
Subject:
	Security ID:		Domain_E\user_e
	Account Name:		user_e
	Account Domain:		Domain_E
	Logon ID:		0x0452",,,,,,,,,,,,,,,Info,,,,,,,,,,,,,,,,414295882,,,,,,"Domain_E\user_e",,,"Microsoft-Windows-Eventlog",,,,,,,,,,,,,,,,,,,"Log clear",,,,,Information,,,,,,,,,,,,"02/13/2020 08:03:59 PM
LogName=Security
SourceName=Microsoft-Windows-Eventlog
EventCode=1102
EventType=4
Type=Information
ComputerName=ACME-003
TaskCategory=Log clear
OpCode=Info
RecordNumber=414295882
Keywords=Audit Success
Message=The audit log was cleared.
Subject:
	Security ID:		Domain_E\user_e
	Account Name:		user_e
	Account Domain:		Domain_E
	Logon ID:		0x0452
","2020-02-13T20:03:59.000+0000",cleared,"win:unknown","The audit log was cleared.
Subject:
	Security ID:		Domain_E\user_e
	Account Name:		user_e
	Account Domain:		Domain_E
	Logon ID:		0x0452",,"Log clear",audit,,,20,13,3,february,59,thursday,2020,local,"ACME-003",,,,,,,,,false,,,,"Domain_E","ACME-003",,untrust,,false,false,false,,"ACME-003",,,,,,,,,false,,,,"ACME-003",,untrust,,false,false,false,,414295882,"windows_audit_log_cleared wineventlog_security wineventlog_windows winsec","ACME-003",414295882,,main,,,,18,,,"user_e","Domain_E\user_e","Domain_E\",,"The audit log was cleared",,WinEventLog,audit,,,,,,,Windows,,,"//_::_==--====-=_===_=____.:t_:tt\t_:ttt_:ttt_:tt",,,,0x0452,informational,4,,,"The audit log was cleared",1102,"WinEventLog:Security",WinEventLog,"prd-p-g7nxxbgc3hgl",,,,,,,,,,,,,,,"Domain_E",,,,,,,,,,,,,,,,,,,,,,,,,,,,,,,,success,,"The audit log was cleared",failure,,,"audit
change
cleared
delete
endpoint
os
security
watchlist
windows",,,,,,,,,"audit
change
cleared
delete
endpoint
os
security
watchlist
windows",,,,,,,,,,,,,,,22,0,,"user_e",,,,,,,,,,,,,,,,,,,false,,,,,Microsoft,,
SeInteractiveLogonRight,"Domain_C",,"COREDEV-006
Domain_C\user_m",,,,,,,,,,,,,,,,,,,,,,,"COREDEV-006",,,,,,,,,"-",4717,"System security access was granted to an account",0,,,,,,,,,,,,,,,,,"Audit Success",,,,,Security,,,,,0x46BA,,,,,,,,,"System security access was granted to an account.

Subject:
	Security ID:		Domain_C\SYSTEM
	Account Name:		COREDEV-006
	Account Domain:		Domain_C
	Logon ID:		0x46BA

Account Modified:
	Account Name:		Domain_C\user_m

Access Granted:
	Access Right:		SeInteractiveLogonRight",,,,,,,,,,,,,,,Info,,,,,,,,,,,,,,,,220483707,,,,,,"Domain_C\SYSTEM",,,"Microsoft Windows security auditing.",,,,,,,,,,,,,,,,,,,"Authentication Policy Change",,,,,Information,,,,,,,,,,,,"02/13/2020 08:03:59 PM
LogName=Security
SourceName=Microsoft Windows security auditing.
EventCode=4717
EventType=0
Type=Information
ComputerName=COREDEV-006
TaskCategory=Authentication Policy Change
OpCode=Info
RecordNumber=220483707
Keywords=Audit Success
Message=System security access was granted to an account.

Subject:
	Security ID:		Domain_C\SYSTEM
	Account Name:		COREDEV-006
	Account Domain:		Domain_C
	Logon ID:		0x46BA

Account Modified:
	Account Name:		Domain_C\user_m

Access Granted:
	Access Right:		SeInteractiveLogonRight
","2020-02-13T20:03:59.000+0000",success,"win:unknown","System security access was granted to an account.

