Additional Information:
	Privileges:	-",,"Computer Account Management",user,,,20,13,4,february,26,thursday,2020,local,"ACME-006",,,,,,,,,false,,,,"Domain_B","ACME-006",,untrust,,false,false,false,,"ACME-006",,,,,,,,,false,,,,"ACME-006",,untrust,,false,false,false,,451680810,"windows_account_deleted windows_account_management wineventlog_security wineventlog_windows winsec","ACME-006",451680810,,main,,,,27,,,"user_d
user_m","Domain_B\user_d
Domain_B\user_m","Domain_B\",deleted,"A computer account was deleted",,WinEventLog,user,,,,,"-",,Windows,,,"//_::_==___.====-=__===_=____.:t_:tt\t_:ttt_:ttt_:",,,,0x3EC3,informational,0,,,"A computer account was deleted",4743,"WinEventLog:Security",WinEventLog,"prd-p-g7nxxbgc3hgl",,,,,,,,,,,,,,,"Domain_B",,,,,,,,,,"user_d",,,,,,,,,,,,,,,,,false,,,,,success,,"A computer account was deleted",failure,"Account Management",,"account
change
delete
management
os
security
windows",,,,,,,,,"account
change
delete
management
os
security
windows",,,,,,,,,,,,,,,22,0,,"user_m",,,,,,,,,,,,,,,,,,,false,,,,,Microsoft,"-",
,"Domain_E",,"user_m",,,,,,,,,,,,,,,,,,,,,,,"ops-sys-006",,,,,,,,,"-",1102,"The audit log was cleared",4,,,,,,,,,,,,,,,,,"Audit Success",,,,,Security,,,,,0x46BA,,,,,,,,,"The audit log was cleared.
Subject:
	Security ID:		Domain_E\user_m
	Account Name:		user_m
	Account Domain:		Domain_E
	Logon ID:		0x46BA",,,,,,,,,,,,,,,Info,,,,,,,,,,,,,,,,181634658,,,,,,"Domain_E\user_m",,,"Microsoft-Windows-Eventlog",,,,,,,,,,,,,,,,,,,"Log clear",,,,,Information,,,,,,,,,,,,"02/13/2020 08:04:25 PM
LogName=Security
SourceName=Microsoft-Windows-Eventlog
EventCode=1102
EventType=4
Type=Information
ComputerName=ops-sys-006
TaskCategory=Log clear
OpCode=Info
RecordNumber=181634658
Keywords=Audit Success
Message=The audit log was cleared.
Subject:
	Security ID:		Domain_E\user_m
	Account Name:		user_m
	Account Domain:		Domain_E
	Logon ID:		0x46BA
","2020-02-13T20:04:25.000+0000",cleared,"win:unknown","The audit log was cleared.
Subject:
	Security ID:		Domain_E\user_m
	Account Name:		user_m
	Account Domain:		Domain_E
	Logon ID:		0x46BA",,"Log clear",audit,,,20,13,4,february,25,thursday,2020,local,"ops-sys-006",,,,,,,,,false,,,,"Domain_E","ops-sys-006",,untrust,,false,false,false,,"ops-sys-006",,,,,,,,,false,,,,"ops-sys-006",,untrust,,false,false,false,,181634658,"windows_audit_log_cleared wineventlog_security wineventlog_windows winsec","ops-sys-006",181634658,,main,,,,18,,,"user_m","Domain_E\user_m","Domain_E\",,"The audit log was cleared",,WinEventLog,audit,,,,,,,Windows,,,"//_::_==--====--=_===_=____.:t_:tt\t_:ttt_:ttt_:tt",,,,0x46BA,informational,4,,,"The audit log was cleared",1102,"WinEventLog:Security",WinEventLog,"prd-p-g7nxxbgc3hgl",,,,,,,,,,,,,,,"Domain_E",,,,,,,,,,,,,,,,,,,,,,,,,,,,,,,,success,,"The audit log was cleared",failure,,,"audit
change
cleared
delete
endpoint
os
security
watchlist
windows",,,,,,,,,"audit
change
cleared
delete
endpoint
os
security
watchlist
windows",,,,,,,,,,,,,,,22,0,,"user_m",,,,,,,,,,,,,,,,,,,false,,,,,Microsoft,,
,"Domain_A
Domain_A",,"user_f
user_i",,,,,,,,,,,,,,,"Account Management",,,,,,,,"HOST-005",,,,,,,,,"-",4726,"A user account was deleted",0,,,,,,,,,,,,,,,,,"Audit Success",,,,,Security,,,,,0xA369,,,,,,,,,"A user account was deleted.

Subject:
	Security ID:		Domain_A\user_f
	Account Name:		user_f
	Account Domain:		Domain_A
	Logon ID:		0xA369

Target Account:
	Security ID:		Domain_A\user_i
	Account Name:		user_i
	Account Domain:		Domain_A

Additional Information:
	Privileges	-",,,,,,,,,,,,,,,Info,,,,,,,,,,,,,,,,588384370,,,,,,"Domain_A\user_f
Domain_A\user_i",,,"Microsoft Windows security auditing.",,,,,,,,,,,,,,,,,,,"User Account Management",,,,,Information,,,,,,,,,,,,"02/13/2020 08:04:25 PM
LogName=Security
SourceName=Microsoft Windows security auditing.
EventCode=4726
EventType=0
Type=Information
ComputerName=HOST-005
TaskCategory=User Account Management
OpCode=Info
RecordNumber=588384370
Keywords=Audit Success
Message=A user account was deleted.

Subject:
	Security ID:		Domain_A\user_f
	Account Name:		user_f
	Account Domain:		Domain_A
	Logon ID:		0xA369

Target Account:
	Security ID:		Domain_A\user_i
	Account Name:		user_i
	Account Domain:		Domain_A

Additional Information:
	Privileges	-
","2020-02-13T20:04:25.000+0000",deleted,"win:unknown","A user account was deleted.

Subject:
	Security ID:		Domain_A\user_f
	Account Name:		user_f
	Account Domain:		Domain_A
	Logon ID:		0xA369

Target Account:
	Security ID:		Domain_A\user_i
	Account Name:		user_i
	Account Domain:		Domain_A

Additional Information:
	Privileges	-",,"User Account Management",user,,,20,13,4,february,25,thursday,2020,local,"HOST-005",,,,,,,,,false,,,,"Domain_A","HOST-005",,untrust,,false,false,false,,"HOST-005",,,,,,,,,false,,,,"HOST-005",,untrust,,false,false,false,,588384370,"windows_account_deleted windows_account_management wineventlog_security wineventlog_windows winsec","HOST-005",588384370,,main,,,,27,,,"user_f
user_i","Domain_A\user_f
Domain_A\user_i","Domain_A\",deleted,"A user account was deleted",,WinEventLog,user,,,,,,,Windows,,,"//_::_==___.====-=__===_=____.:t_:tt\t_:ttt_:ttt_:",,,,0xA369,informational,0,,,"A user account was deleted",4726,"WinEventLog:Security",WinEventLog,"prd-p-g7nxxbgc3hgl",,,,,,,,,,,,,,,"Domain_A",,,,,,,,,,"user_f",,,,,,,,,,,,,,,,,false,,,,,success,,"A user account was deleted",failure,"Account Management",,"account
change
delete
management
os
security
windows",,,,,,,,,"account
change
delete
management
os
security
windows",,,,,,,,,,,,,,,22,0,,"user_i",,,,,,,,,,,,,,,,,,,false,,,,,Microsoft,,
,"Domain_E
Domain_E",,"ops-sys-002
gemmaleighTW",,localhost,,,,,,,,,,,,,,,,,,,,,"ops-sys-002",,,,,,,,,"-",4648,"A logon was attempted using explicit credentials",0,,,,,,,,,,,,,,,,,"Audit Success",,,,,Security,,,"{27C4A2F2-13CA-AA25-E903-D31268740239}
{221B21A6-1AE2-3F9A-24EF-22C392AC2A47}",,0x70E4,,,,,,,,,"A logon was attempted using explicit credentials.
Subject:
	Security ID:  Domain_E\SYSTEM
	Account Name:  ops-sys-002
	Account Domain:  Domain_E
	Logon ID:  0x70E4
	Logon GUID:		{27C4A2F2-13CA-AA25-E903-D31268740239}
Account Whose Credentials Were Used:
	Account Name:		gemmaleighTW
	Account Domain:		Domain_E
	Logon GUID:		{221B21A6-1AE2-3F9A-24EF-22C392AC2A47}
Target Server:
	Target Server Name:	localhost
	Additional Information:	localhost
Process Information:
	Process ID:		83A9
	Process Name:		C:\Windows\System32\example_f.exe
Network Information:
	Network Address:	198.98.118.69
	Port:			5912
This event is generated when a process attempts to log on an account by explicitly specifying that account's credentials. This most commonly occurs in batch-type configurations such as scheduled tasks, or when using the RUNAS command.",,,,,,"198.98.118.69",,,,,,,,,Info,,,,,,5912,,,,,,83A9,"C:\Windows\System32\example_f.exe",,,675207044,,,,,,"Domain_E\SYSTEM",,,"Microsoft Windows security auditing.",,,,,,,,,,,,,,,,,localhost,,Logon,,,,,Information,,,,,,,,,,,,"02/13/2020 08:04:25 PM
LogName=Security
SourceName=Microsoft Windows security auditing.
EventCode=4648
EventType=0
Type=Information
ComputerName=ops-sys-002
TaskCategory=Logon
OpCode=Info
RecordNumber=675207044
Keywords=Audit Success
Message=A logon was attempted using explicit credentials.
Subject:
	Security ID:  Domain_E\SYSTEM
	Account Name:  ops-sys-002
	Account Domain:  Domain_E
	Logon ID:  0x70E4
	Logon GUID:		{27C4A2F2-13CA-AA25-E903-D31268740239}
Account Whose Credentials Were Used:
	Account Name:		gemmaleighTW
	Account Domain:		Domain_E
	Logon GUID:		{221B21A6-1AE2-3F9A-24EF-22C392AC2A47}
Target Server:
	Target Server Name:	localhost
	Additional Information:	localhost
Process Information:
	Process ID:		83A9
	Process Name:		C:\Windows\System32\example_f.exe
Network Information:
	Network Address:	198.98.118.69
	Port:			5912
This event is generated when a process attempts to log on an account by explicitly specifying that account's credentials. This most commonly occurs in batch-type configurations such as scheduled tasks, or when using the RUNAS command.
","2020-02-13T20:04:25.000+0000",success,"win:remote","A logon was attempted using explicit credentials.
Subject:
	Security ID:  Domain_E\SYSTEM
	Account Name:  ops-sys-002
	Account Domain:  Domain_E
	Logon ID:  0x70E4
	Logon GUID:		{27C4A2F2-13CA-AA25-E903-D31268740239}
Account Whose Credentials Were Used:
	Account Name:		gemmaleighTW
	Account Domain:		Domain_E
	Logon GUID:		{221B21A6-1AE2-3F9A-24EF-22C392AC2A47}
Target Server:
	Target Server Name:	localhost
	Additional Information:	localhost
Process Information:
	Process ID:		83A9
	Process Name:		C:\Windows\System32\example_f.exe
Network Information:
	Network Address:	198.98.118.69
	Port:			5912
This event is generated when a process attempts to log on an account by explicitly specifying that account's credentials. This most commonly occurs in batch-type configurations such as scheduled tasks, or when using the RUNAS command.",,Logon,,,,20,13,4,february,25,thursday,2020,local,localhost,,,,,,,,,false,,,,"Domain_E",localhost,,untrust,,false,false,false,,"ops-sys-002",,,,,,,,,false,,,,"ops-sys-002",,untrust,,false,false,false,,675207044,"windows_logon_explicit wineventlog_security wineventlog_windows winsec","ops-sys-002",675207044,,main,,,,33,,,"ops-sys-002
gemmaleighTW","Domain_E\SYSTEM","Domain_E\",,"A logon was attempted using explicit credentials",,WinEventLog,,,,,,,,Windows,,,"//_::_==___.====--====_=______.:t_:__\t_:__--t_:__",,,,0x70E4,informational,0,,,"A logon was attempted using explicit credentials",4648,"WinEventLog:Security",WinEventLog,"prd-p-g7nxxbgc3hgl",,,,,,,,,,,,,,,"Domain_E",,,,,,,,,,"ops-sys-002",,,,,,,,,,,,,,,,,false,,,,,success,,"A logon was attempted using explicit credentials",failure,,,"authentication
os
privileged
remote
security
success
windows",,,,success,remote,,,,"authentication
os
privileged
security
windows",,,,,,,,,,,,,,,22,0,,gemmaleighTW,,,,,,,,,,,,,,,,,,,false,,,,,Microsoft,,
,"Domain_C",,"user_g",,,,,,,,,,,,,,,,,,,,,,,"$SPLUNK_HOME/etc/apps/Splunk_TA_windows/samples/hostname.sample",0x7CC2,,,,,,,,"-",4688,"A new process has been created",0,,,,,,,,,,,,,,,,,"Audit Success",,,,,Security,,,,,0xEB5F,,,,,,,,,"A new process has been created.
Subject:
	Security ID:		Domain_C\user_g
	Account Name:		user_g
	Account Domain:		Domain_C
	Logon ID:		0xEB5F
Process Information:
	New Process ID:		0x409C
	New Process Name:	C:\Windows\System32\example_d.exe
	Token Elevation Type:	TokenElevationTypeDefault (1)
	Creator Process ID:	0x7CC2
Token Elevation Type indicates the type of token that was assigned to the new process in accordance with User Account Control policy.
Type 1 is a full token with no privileges removed or groups disabled.  A full token is only used if User Account Control is disabled or if the User is the built-in Administrator account or a service account.
Type 2 is an elevated token with no privileges removed or groups disabled.  An elevated token is used when User Account Control is enabled and the User chooses to start the program using Run as administrator.  An elevated token is also used when an application is configured to always require administrative privilege or to always require maximum privilege, and the User is a member of the Administrators group.
Type 3 is a limited token with administrative privileges removed and administrative groups disabled.  The limited token is used when User Account Control is enabled, the application does not require administrative privilege, and the User does not choose to start the program using Run as administrator.",,,,,,,,,,0x409C,"C:\Windows\System32\example_d.exe",,,,Info,,,,,,,,,,,,,,,,125766556,,,,,,"Domain_C\user_g",,,"Microsoft Windows security auditing.",,,,,,,,,,,,,,,,,,,"Process Creation",,"TokenElevationTypeDefault (1)",1,,Information,,,,,,,,,,,,"02/13/2020 08:04:24 PM
LogName=Security
SourceName=Microsoft Windows security auditing.
EventCode=4688
EventType=0
Type=Information
ComputerName=$SPLUNK_HOME/etc/apps/Splunk_TA_windows/samples/hostname.sample
TaskCategory=Process Creation
OpCode=Info
RecordNumber=125766556
Keywords=Audit Success
Message=A new process has been created.
Subject:
	Security ID:		Domain_C\user_g
	Account Name:		user_g
	Account Domain:		Domain_C
	Logon ID:		0xEB5F
Process Information:
	New Process ID:		0x409C
	New Process Name:	C:\Windows\System32\example_d.exe
	Token Elevation Type:	TokenElevationTypeDefault (1)
	Creator Process ID:	0x7CC2
Token Elevation Type indicates the type of token that was assigned to the new process in accordance with User Account Control policy.
Type 1 is a full token with no privileges removed or groups disabled.  A full token is only used if User Account Control is disabled or if the User is the built-in Administrator account or a service account.
Type 2 is an elevated token with no privileges removed or groups disabled.  An elevated token is used when User Account Control is enabled and the User chooses to start the program using Run as administrator.  An elevated token is also used when an application is configured to always require administrative privilege or to always require maximum privilege, and the User is a member of the Administrators group.
Type 3 is a limited token with administrative privileges removed and administrative groups disabled.  The limited token is used when User Account Control is enabled, the application does not require administrative privilege, and the User does not choose to start the program using Run as administrator.
","2020-02-13T20:04:24.000+0000",success,"win:unknown","A new process has been created.
Subject:
	Security ID:		Domain_C\user_g
	Account Name:		user_g
	Account Domain:		Domain_C
	Logon ID:		0xEB5F
Process Information:
	New Process ID:		0x409C
	New Process Name:	C:\Windows\System32\example_d.exe
	Token Elevation Type:	TokenElevationTypeDefault (1)
	Creator Process ID:	0x7CC2
Token Elevation Type indicates the type of token that was assigned to the new process in accordance with User Account Control policy.
Type 1 is a full token with no privileges removed or groups disabled.  A full token is only used if User Account Control is disabled or if the User is the built-in Administrator account or a service account.
Type 2 is an elevated token with no privileges removed or groups disabled.  An elevated token is used when User Account Control is enabled and the User chooses to start the program using Run as administrator.  An elevated token is also used when an application is configured to always require administrative privilege or to always require maximum privilege, and the User is a member of the Administrators group.
Type 3 is a limited token with administrative privileges removed and administrative groups disabled.  The limited token is used when User Account Control is enabled, the application does not require administrative privilege, and the User does not choose to start the program using Run as administrator.",,"Process Creation",,,,20,13,4,february,24,thursday,2020,local,"$SPLUNK_HOME/etc/apps/Splunk_TA_windows/samples/hostname.sample",,,,,,,,,false,,,,"Domain_C","$SPLUNK_HOME/etc/apps/Splunk_TA_windows/samples/hostname.sample",,untrust,,false,false,false,,"$SPLUNK_HOME/etc/apps/Splunk_TA_windows/samples/hostname.sample",,,,,,,,,false,,,,"$SPLUNK_HOME/etc/apps/Splunk_TA_windows/samples/hostname.sample",,untrust,,false,false,false,,125766556,"windows_process_new wineventlog_security wineventlog_windows winsec","$SPLUNK_HOME/etc/apps/Splunk_TA_windows/samples/hostname.sample",125766556,,main,,,,27,,,"user_g","Domain_C\user_g","Domain_C\",,"A new process has been created",,WinEventLog,,,,,,,,Windows,,,"//_::_==___.====$/////.=_===_=_____.:t_:tt\t_:ttt_",,,,0xEB5F,informational,0,,,"A new process has been created",4688,"WinEventLog:Security",WinEventLog,"prd-p-g7nxxbgc3hgl",,,,,,,,,,,,,,,"Domain_C",,,,,,,,,,,,,,,,,,,,,,,,,,,,,,,,success,,"A new process has been created",failure,,,"execute
os
process
security
start
success
windows",,,,success,,,,,"execute
os
process
security
start
windows",,,,,,,,,,,,,,,22,0,,"user_g",,,,,,,,,,,,,,,,,,,false,,,,,Microsoft,,
,"Domain_A",,"user_f
user_h",,,,,,,,"SE-001",,,,,,,"Account Management",,,,,,,,"SE-001",,,,,,,,,"-",4740,"A user account was locked out",0,,,,,,,,,,,,,,,,,"Audit Success",,,,,Security,,,,,0xA369,,,,,,,,,"A user account was locked out. 
Subject: 
	Security ID: Domain_A\user_f 
	Account Name: user_f
	Account Domain: Domain_A
	Logon ID: 0xA369
Account That Was Locked Out: 
	Security ID: Domain_A\user_h 
	Account Name: user_h
Additional Information: 
	Caller Computer Name: SE-001",,,,,,,,,,,,,,,Info,,,,,,,,,,,,,,,,794601130,,,,,,"Domain_A\user_f
Domain_A\user_h",,,"Microsoft Windows security auditing.",,,,,,,,,,,,,,,,,,,"User Account Management",,,,,Information,,,,,,,,,,,,"02/13/2020 08:04:24 PM 
LogName=Security 
SourceName=Microsoft Windows security auditing.
EventCode=4740 
EventType=0 
Type=Information
ComputerName=SE-001 
TaskCategory=User Account Management
OpCode=Info 
RecordNumber=794601130
Keywords=Audit Success
Message=A user account was locked out. 
Subject: 
	Security ID: Domain_A\user_f 
	Account Name: user_f
	Account Domain: Domain_A
	Logon ID: 0xA369
Account That Was Locked Out: 
	Security ID: Domain_A\user_h 
	Account Name: user_h
Additional Information: 
	Caller Computer Name: SE-001
","2020-02-13T20:04:24.000+0000",modified,"win:unknown","A user account was locked out. 
Subject: 
	Security ID: Domain_A\user_f 
	Account Name: user_f
	Account Domain: Domain_A
	Logon ID: 0xA369
Account That Was Locked Out: 
	Security ID: Domain_A\user_h 
	Account Name: user_h
Additional Information: 
	Caller Computer Name: SE-001",,"User Account Management",user,,,20,13,4,february,24,thursday,2020,local,"SE-001",,,,,,,,,false,,,,"Domain_A","SE-001",,untrust,,false,false,false,,"SE-001",,,,,,,,,false,,,,"SE-001 ",,untrust,,false,false,false,,794601130,"windows_account_lockout windows_account_management wineventlog_security wineventlog_windows winsec","SE-001 ",794601130,,main,,,,23,,,"user_f
user_h","Domain_A\user_f
Domain_A\user_h","Domain_A\","locked out","A user account was locked out",,WinEventLog,user,,,,,,,Windows,,,"//_::__=_=___.=_=_==-_=__=_==_=_____._:_t_:_\_t_:_",,,lockout,0xA369,informational,0,,,"A user account was locked out",4740,"WinEventLog:Security",WinEventLog,"prd-p-g7nxxbgc3hgl",,,,,,,,,,,,,,,"Domain_A\user_f
Domain_A","SE-001",,,,,,,,,"user_f",,,,,,,,,,,,,,,,,false,,,,,success,,"A user account was locked out",failure,"Account Management",,"account
change
lock
lockout
management
os
security
windows",,,,,,,,,"account
change
lock
lockout
management
os
security
windows",,,,,,,,,,,,,,,22,0,,"user_h",,,,,,,,,,,,,,,,,,,false,,,,,Microsoft,,
,"Domain_B",,"user_d",,,,,,,,,,,,,,,,,,,,,,,"HOST-003",,,,,,,,,"-",1102,"The audit log was cleared",4,,,,,,,,,,,,,,,,,"Audit Success",,,,,Security,,,,,0x3EC3,,,,,,,,,"The audit log was cleared.
Subject:
	Security ID:		Domain_B\user_d
	Account Name:		user_d
	Account Domain:		Domain_B
	Logon ID:		0x3EC3",,,,,,,,,,,,,,,Info,,,,,,,,,,,,,,,,847900880,,,,,,"Domain_B\user_d",,,"Microsoft-Windows-Eventlog",,,,,,,,,,,,,,,,,,,"Log clear",,,,,Information,,,,,,,,,,,,"02/13/2020 08:04:23 PM
LogName=Security
SourceName=Microsoft-Windows-Eventlog
EventCode=1102
EventType=4
Type=Information
ComputerName=HOST-003
TaskCategory=Log clear
OpCode=Info
RecordNumber=847900880
Keywords=Audit Success
Message=The audit log was cleared.
Subject:
	Security ID:		Domain_B\user_d
	Account Name:		user_d
	Account Domain:		Domain_B
	Logon ID:		0x3EC3
","2020-02-13T20:04:23.000+0000",cleared,"win:unknown","The audit log was cleared.
Subject:
	Security ID:		Domain_B\user_d
	Account Name:		user_d
	Account Domain:		Domain_B
	Logon ID:		0x3EC3",,"Log clear",audit,,,20,13,4,february,23,thursday,2020,local,"HOST-003",,,,,,,,,false,,,,"Domain_B","HOST-003",,untrust,,false,false,false,,"HOST-003",,,,,,,,,false,,,,"HOST-003",,untrust,,false,false,false,,847900880,"windows_audit_log_cleared wineventlog_security wineventlog_windows winsec","HOST-003",847900880,,main,,,,18,,,"user_d","Domain_B\user_d","Domain_B\",,"The audit log was cleared",,WinEventLog,audit,,,,,,,Windows,,,"//_::_==--====-=_===_=____.:t_:tt\t_:ttt_:ttt_:tt",,,,0x3EC3,informational,4,,,"The audit log was cleared",1102,"WinEventLog:Security",WinEventLog,"prd-p-g7nxxbgc3hgl",,,,,,,,,,,,,,,"Domain_B",,,,,,,,,,,,,,,,,,,,,,,,,,,,,,,,success,,"The audit log was cleared",failure,,,"audit
change
cleared
delete
endpoint
os
security
watchlist
windows",,,,,,,,,"audit
change
cleared
delete
endpoint
os
security
watchlist
windows",,,,,,,,,,,,,,,22,0,,"user_d",,,,,,,,,,,,,,,,,,,false,,,,,Microsoft,,
,"Domain_A
Domain_A",,"user_e
user_c",,,,,,,,,,,,,,,"Account Management",,,,,,,,"BUSDEV-002",,,,,,,,,"-",4724,"An attempt was made to reset an accounts password",0,,,,,,,,,,,,,,,,,"Audit Success",,,,,Security,,,,,0x0452,,,,,,,,,"An attempt was made to reset an account's password.
Subject:
	Security ID:  Domain_A\user_e
	Account Name:  user_e
	Account Domain:  Domain_A
	Logon ID:  0x0452
Target Account:
	Security ID:  Domain_A\user_c
	Account Name:  user_c
	Account Domain:  Domain_A",,,,,,,,,,,,,,,Info,,,,,,,,,,,,,,,,984544080,,,,,,"Domain_A\user_e
Domain_A\user_c",,,"Microsoft Windows security auditing.",,,,,,,,,,,,,,,,,,,"User Account Management",,,,,Information,,,,,,,,,,,,"02/13/2020 08:04:23 PM
LogName=Security
SourceName=Microsoft Windows security auditing.
EventCode=4724
EventType=0
Type=Information
ComputerName=BUSDEV-002
TaskCategory=User Account Management
OpCode=Info
RecordNumber=984544080
Keywords=Audit Success
Message=An attempt was made to reset an account's password.
Subject:
	Security ID:  Domain_A\user_e
	Account Name:  user_e
	Account Domain:  Domain_A
	Logon ID:  0x0452
Target Account:
	Security ID:  Domain_A\user_c
	Account Name:  user_c
	Account Domain:  Domain_A
","2020-02-13T20:04:23.000+0000",modified,"win:unknown","An attempt was made to reset an account's password.
Subject:
	Security ID:  Domain_A\user_e
	Account Name:  user_e
	Account Domain:  Domain_A
	Logon ID:  0x0452
Target Account:
	Security ID:  Domain_A\user_c
	Account Name:  user_c
	Account Domain:  Domain_A",,"User Account Management",user,,,20,13,4,february,23,thursday,2020,local,"BUSDEV-002",,,,,,,,,false,,,,"Domain_A","BUSDEV-002",,untrust,,false,false,false,,"BUSDEV-002",,,,,,,,,false,,,,"BUSDEV-002",,untrust,,false,false,false,,984544080,"windows_account_management windows_account_password_set wineventlog_security wineventlog_windows winsec","BUSDEV-002",984544080,,main,,,,22,,,"user_e
user_c","Domain_A\user_e
Domain_A\user_c","Domain_A\","reset an account's password","An attempt was made to reset an accounts password",,WinEventLog,user,,,,,,,Windows,,,"//_::_==___.====-=__===_=_______'_.:t_:__\t_:__t_:",,,,0x0452,informational,0,,,"An attempt was made to reset an accounts password",4724,"WinEventLog:Security",WinEventLog,"prd-p-g7nxxbgc3hgl",,,,,,,,,,,,,,,"Domain_A",,,,,,,,,,"user_e",,,,,,,,,,,,,,,,,false,,,,,success,,"An attempt was made to reset an accounts password",failure,"Account Management",,"account
change
management
modify
os
password
security
windows",,,,,,,,,"account
change
management
modify
os
password
security
windows",,,,,,,,,,,,,,,22,0,,"user_c",,,,,,,,,,,,,,,,,,,false,,,,,Microsoft,,
,"Domain_B
Domain_B",,"user_n
user_f",,,,,,,,,,,,,,,"Account Management",,,,,,,,"PROD-MFS-001",,,,,,,,,"-",4724,"An attempt was made to reset an accounts password",0,,,,,,,,,,,,,,,,,"Audit Failure",,,,,Security,,,,,0x4D76,,,,,,,,,"An attempt was made to reset an account's password.
Subject:
	Security ID:  Domain_B\user_n
	Account Name:  user_n
	Account Domain:  Domain_B
	Logon ID:  0x4D76
Target Account:
	Security ID:  Domain_B\user_f
	Account Name:  user_f
	Account Domain:  Domain_B",,,,,,,,,,,,,,,Info,,,,,,,,,,,,,,,,24171397,,,,,,"Domain_B\user_n
Domain_B\user_f",,,"Microsoft Windows security auditing.",,,,,,,,,,,,,,,,,,,"User Account Management",,,,,Information,,,,,,,,,,,,"02/13/2020 08:04:23 PM
LogName=Security
SourceName=Microsoft Windows security auditing.
EventCode=4724
EventType=0
Type=Information
ComputerName=PROD-MFS-001
TaskCategory=User Account Management
OpCode=Info
RecordNumber=24171397
Keywords=Audit Failure
Message=An attempt was made to reset an account's password.
Subject:
	Security ID:  Domain_B\user_n
	Account Name:  user_n
	Account Domain:  Domain_B
	Logon ID:  0x4D76
Target Account:
	Security ID:  Domain_B\user_f
	Account Name:  user_f
	Account Domain:  Domain_B
","2020-02-13T20:04:23.000+0000",modified,"win:unknown","An attempt was made to reset an account's password.
Subject:
	Security ID:  Domain_B\user_n
	Account Name:  user_n
	Account Domain:  Domain_B
	Logon ID:  0x4D76
Target Account:
	Security ID:  Domain_B\user_f
	Account Name:  user_f
	Account Domain:  Domain_B",,"User Account Management",user,,,20,13,4,february,23,thursday,2020,local,"PROD-MFS-001",,,,,,,,,false,,,,"Domain_B","PROD-MFS-001",,untrust,,false,false,false,,"PROD-MFS-001",,,,,,,,,false,,,,"PROD-MFS-001",,untrust,,false,false,false,,24171397,"err0r nix_errors windows_account_management windows_account_password_set wineventlog_security wineventlog_windows winsec","PROD-MFS-001",24171397,,main,,,,22,,,"user_n
user_f","Domain_B\user_n
Domain_B\user_f","Domain_B\","reset an account's password","An attempt was made to reset an accounts password",,WinEventLog,user,,,,,,,Windows,,,"//_::_==___.====--=__===_=_______'_.:t_:__\t_:__t_",,,,0x4D76,informational,0,,,"An attempt was made to reset an accounts password",4724,"WinEventLog:Security",WinEventLog,"prd-p-g7nxxbgc3hgl",,,,,,,,,,,,,,,"Domain_B",,,,,,,,,,"user_n",,,,,,,,,,,,,,,,,false,,,,,failure,,"An attempt was made to reset an accounts password",failure,"Account Management",,"account
change
error
management
modify
os
password
security
windows",,,,,,,,,"account
change
error
management
modify
os
password
security
windows",,,,,,,,,,,,,,,22,0,,"user_f",,,,,,,,,,,,,,,,,,,false,,,,,Microsoft,,
,"Domain_B",,"user_d
user_g",,,,,,,,"SE-005",,,,,,,"Account Management",,,,,,,,"SE-005",,,,,,,,,"-",4740,"A user account was locked out",0,,,,,,,,,,,,,,,,,"Audit Success",,,,,Security,,,,,0x3EC3,,,,,,,,,"A user account was locked out. 
Subject: 
	Security ID: Domain_B\user_d 
	Account Name: user_d
	Account Domain: Domain_B
	Logon ID: 0x3EC3
Account That Was Locked Out: 
	Security ID: Domain_B\user_g 
	Account Name: user_g
Additional Information: 
	Caller Computer Name: SE-005",,,,,,,,,,,,,,,Info,,,,,,,,,,,,,,,,963980759,,,,,,"Domain_B\user_d
Domain_B\user_g",,,"Microsoft Windows security auditing.",,,,,,,,,,,,,,,,,,,"User Account Management",,,,,Information,,,,,,,,,,,,"02/13/2020 08:04:21 PM 
LogName=Security 
SourceName=Microsoft Windows security auditing.
EventCode=4740 
EventType=0 
Type=Information
ComputerName=SE-005 
TaskCategory=User Account Management
OpCode=Info 
RecordNumber=963980759
Keywords=Audit Success
Message=A user account was locked out. 
Subject: 
	Security ID: Domain_B\user_d 
	Account Name: user_d
	Account Domain: Domain_B
	Logon ID: 0x3EC3
Account That Was Locked Out: 
	Security ID: Domain_B\user_g 
	Account Name: user_g
Additional Information: 
	Caller Computer Name: SE-005
","2020-02-13T20:04:21.000+0000",modified,"win:unknown","A user account was locked out. 
Subject: 
	Security ID: Domain_B\user_d 
	Account Name: user_d
	Account Domain: Domain_B
	Logon ID: 0x3EC3
Account That Was Locked Out: 
	Security ID: Domain_B\user_g 
	Account Name: user_g
Additional Information: 
	Caller Computer Name: SE-005",,"User Account Management",user,,,20,13,4,february,21,thursday,2020,local,"SE-005",,,,,,,,,false,,,,"Domain_B","SE-005",,untrust,,false,false,false,,"SE-005",,,,,,,,,false,,,,"SE-005 ",,untrust,,false,false,false,,963980759,"windows_account_lockout windows_account_management wineventlog_security wineventlog_windows winsec","SE-005 ",963980759,,main,,,,23,,,"user_d
user_g","Domain_B\user_d
Domain_B\user_g","Domain_B\","locked out","A user account was locked out",,WinEventLog,user,,,,,,,Windows,,,"//_::__=_=___.=_=_==-_=__=_==_=_____._:_t_:_\_t_:_",,,lockout,0x3EC3,informational,0,,,"A user account was locked out",4740,"WinEventLog:Security",WinEventLog,"prd-p-g7nxxbgc3hgl",,,,,,,,,,,,,,,"Domain_B\user_d
Domain_B","SE-005",,,,,,,,,"user_d",,,,,,,,,,,,,,,,,false,,,,,success,,"A user account was locked out",failure,"Account Management",,"account
change
lock
lockout
management
os
security
windows",,,,,,,,,"account
change
lock
lockout
management
os
security
windows",,,,,,,,,,,,,,,22,0,,"user_g",,,,,,,,,,,,,,,,,,,false,,,,,Microsoft,,
,"Domain_C
Domain_C","<never>","user_j
user_n",,,,,"server_2/computer_b",,,,,,,,,,"Account Management",,,,,,,,"SE-003",,,eee,,,,,,"-",4720,"A user account was created",0,,,,,,,,"<value not set>","A:",,,,,,,,"Audit Success",,,,,Security,,,,"Monday 2:00 PM -Tuesday 6:00 PM",0xB111,,,,"SAM Account Name: user_l
	Display Name: eee
	User Principal Name: ccc@AAA.local
	Home Directory: <value not set>
	Home Drive: A:
	Script Path: \a
	Profile Path: \a\b
	User Workstations: DDD
	Password Last Set: <never>
	Account Expires: <never>
	Primary Group ID: 629
	Allowed To Delegate To: server_2/computer_b
	Old UAC Value: C5BAF44
	New UAC Value: FA7FF00
	User Account Control: PASSWORD_EXPIRED - Enabled
	User Parameters: <value not set>
	SID History: -
	Logon Hours: Monday 2:00 PM -Tuesday 6:00 PM",,,,,"A User account was created. 
Subject: 
	Security ID: Domain_C\user_j
	Account Name: user_j
	Account Domain: Domain_C
	Logon ID: 0xB111
New Account: 
	Security ID: Domain_C\user_n
	Account Name: user_n
	Account Domain: Domain_C
Attributes: 
	SAM Account Name: user_l
	Display Name: eee
	User Principal Name: ccc@AAA.local
	Home Directory: <value not set>
	Home Drive: A:
	Script Path: \a
	Profile Path: \a\b
	User Workstations: DDD
	Password Last Set: <never>
	Account Expires: <never>
	Primary Group ID: 629
	Allowed To Delegate To: server_2/computer_b
	Old UAC Value: C5BAF44
	New UAC Value: FA7FF00
	User Account Control: PASSWORD_EXPIRED - Enabled
	User Parameters: <value not set>
	SID History: -
	Logon Hours: Monday 2:00 PM -Tuesday 6:00 PM
Additional Information:
	Privileges -",,,,,,,,,,,,FA7FF00,,C5BAF44,Info,,,,"<never>",,,,629,,,,,,"\a\b",,471979396,,,"user_l","-","\a","Domain_C\user_j
Domain_C\user_n",,,"Microsoft Windows security auditing.",,,,,,,,,,,,,,,,,,,"User Account Management",,,,,Information,,"PASSWORD_EXPIRED - Enabled",,,"<value not set>","ccc@AAA.local",DDD,,,,,"02/13/2020 08:04:21 PM
LogName=Security
SourceName=Microsoft Windows security auditing.
EventCode=4720
EventType=0
Type=Information
ComputerName=SE-003
TaskCategory=User Account Management
OpCode=Info
RecordNumber=471979396
Keywords=Audit Success
Message=A User account was created. 
Subject: 
	Security ID: Domain_C\user_j
	Account Name: user_j
	Account Domain: Domain_C
	Logon ID: 0xB111
New Account: 
	Security ID: Domain_C\user_n
	Account Name: user_n
	Account Domain: Domain_C
Attributes: 
	SAM Account Name: user_l
	Display Name: eee
	User Principal Name: ccc@AAA.local
	Home Directory: <value not set>
	Home Drive: A:
	Script Path: \a
	Profile Path: \a\b
	User Workstations: DDD
	Password Last Set: <never>
	Account Expires: <never>
	Primary Group ID: 629
	Allowed To Delegate To: server_2/computer_b
	Old UAC Value: C5BAF44
	New UAC Value: FA7FF00
	User Account Control: PASSWORD_EXPIRED - Enabled
	User Parameters: <value not set>
	SID History: -
	Logon Hours: Monday 2:00 PM -Tuesday 6:00 PM
Additional Information:
	Privileges -
","2020-02-13T20:04:21.000+0000",created,"win:unknown","A User account was created. 
Subject: 
	Security ID: Domain_C\user_j
	Account Name: user_j
	Account Domain: Domain_C
	Logon ID: 0xB111
New Account: 
	Security ID: Domain_C\user_n
	Account Name: user_n
	Account Domain: Domain_C
Attributes: 
	SAM Account Name: user_l
	Display Name: eee
	User Principal Name: ccc@AAA.local
	Home Directory: <value not set>
	Home Drive: A:
	Script Path: \a
	Profile Path: \a\b
	User Workstations: DDD
	Password Last Set: <never>
	Account Expires: <never>
	Primary Group ID: 629
	Allowed To Delegate To: server_2/computer_b
	Old UAC Value: C5BAF44
	New UAC Value: FA7FF00
	User Account Control: PASSWORD_EXPIRED - Enabled
	User Parameters: <value not set>
	SID History: -
	Logon Hours: Monday 2:00 PM -Tuesday 6:00 PM
Additional Information:
	Privileges -",,"User Account Management",user,,,20,13,4,february,21,thursday,2020,local,"SE-003",,,,,,,,,false,,,,"Domain_C","SE-003",,untrust,,false,false,false,,"SE-003",,,,,,,,,false,,,,"SE-003",,untrust,,false,false,false,,471979396,"windows_account_created windows_account_management wineventlog_security wineventlog_windows winsec","SE-003",471979396,,main,,,,43,,,"user_j
user_n","Domain_C\user_j
Domain_C\user_n","Domain_C\",,"A user account was created",,WinEventLog,user,,,,,,,Windows,,,"//_::_==___.====-=__===_=____._:_t_:_\t_:_t_:_t_:_",,,,0xB111,informational,0,,,"A user account was created",4720,"WinEventLog:Security",WinEventLog,"prd-p-g7nxxbgc3hgl",,,,,,,,,,,,,,,"Domain_C",,,,,,,,,,"user_j",,,,,,,,,,,,,,,,,false,,,,,success,,"A user account was created",failure,"Account Management",,"account
add
change
management
os
security
windows",,,,,,,,,"account
add
change
management
os
security
windows",,,,,,,,,,,,,,,22,0,,"user_n",,,,,,629,,,,,,,,,,,,,false,,,,,Microsoft,,
,"Domain_C",,"user_k
user_g",,,,,,,,"COREDEV-003",,,,,,,"Account Management",,,,,,,,"COREDEV-003",,,,,,,,,"-",4740,"A user account was locked out",0,,,,,,,,,,,,,,,,,"Audit Success",,,,,Security,,,,,0xBAC3,,,,,,,,,"A user account was locked out. 
Subject: 
	Security ID: Domain_C\user_k 
	Account Name: user_k
	Account Domain: Domain_C
	Logon ID: 0xBAC3
Account That Was Locked Out: 
	Security ID: Domain_C\user_g 
	Account Name: user_g
Additional Information: 
	Caller Computer Name: COREDEV-003",,,,,,,,,,,,,,,Info,,,,,,,,,,,,,,,,561285816,,,,,,"Domain_C\user_k
Domain_C\user_g",,,"Microsoft Windows security auditing.",,,,,,,,,,,,,,,,,,,"User Account Management",,,,,Information,,,,,,,,,,,,"02/13/2020 08:04:21 PM 
LogName=Security 
SourceName=Microsoft Windows security auditing.
EventCode=4740 
EventType=0 
Type=Information
ComputerName=COREDEV-003 
TaskCategory=User Account Management
OpCode=Info 
RecordNumber=561285816
Keywords=Audit Success
Message=A user account was locked out. 
Subject: 
	Security ID: Domain_C\user_k 
	Account Name: user_k
	Account Domain: Domain_C
	Logon ID: 0xBAC3
Account That Was Locked Out: 
	Security ID: Domain_C\user_g 
	Account Name: user_g
Additional Information: 
	Caller Computer Name: COREDEV-003
","2020-02-13T20:04:21.000+0000",modified,"win:unknown","A user account was locked out. 
Subject: 
	Security ID: Domain_C\user_k 
	Account Name: user_k
	Account Domain: Domain_C
	Logon ID: 0xBAC3
Account That Was Locked Out: 
	Security ID: Domain_C\user_g 
	Account Name: user_g
Additional Information: 
	Caller Computer Name: COREDEV-003",,"User Account Management",user,,,20,13,4,february,21,thursday,2020,local,"COREDEV-003",,,,,,,,,false,,,,"Domain_C","COREDEV-003",,untrust,,false,false,false,,"COREDEV-003",,,,,,,,,false,,,,"COREDEV-003 ",,untrust,,false,false,false,,561285816,"windows_account_lockout windows_account_management wineventlog_security wineventlog_windows winsec","COREDEV-003 ",561285816,,main,,,,23,,,"user_k
user_g","Domain_C\user_k
Domain_C\user_g","Domain_C\","locked out","A user account was locked out",,WinEventLog,user,,,,,,,Windows,,,"//_::__=_=___.=_=_==-_=__=_==_=_____._:_t_:_\_t_:_",,,lockout,0xBAC3,informational,0,,,"A user account was locked out",4740,"WinEventLog:Security",WinEventLog,"prd-p-g7nxxbgc3hgl",,,,,,,,,,,,,,,"Domain_C\user_k
Domain_C","COREDEV-003",,,,,,,,,"user_k",,,,,,,,,,,,,,,,,false,,,,,success,,"A user account was locked out",failure,"Account Management",,"account
change
lock
lockout
management
os
security
windows",,,,,,,,,"account
change
lock
lockout
management
os
security
windows",,,,,,,,,,,,,,,22,0,,"user_g",,,,,,,,,,,,,,,,,,,false,,,,,Microsoft,,
,"Domain_E",,"user_h",,,,,,,,,,,,,,,,,,,,,,,"HOST-002",,,,,,,,,"-",1102,"The audit log was cleared",4,,,,,,,,,,,,,,,,,"Audit Success",,,,,Security,,,,,0xA19C,,,,,,,,,"The audit log was cleared.
Subject:
	Security ID:		Domain_E\user_h
	Account Name:		user_h
	Account Domain:		Domain_E
	Logon ID:		0xA19C",,,,,,,,,,,,,,,Info,,,,,,,,,,,,,,,,665671761,,,,,,"Domain_E\user_h",,,"Microsoft-Windows-Eventlog",,,,,,,,,,,,,,,,,,,"Log clear",,,,,Information,,,,,,,,,,,,"02/13/2020 08:04:21 PM
LogName=Security
SourceName=Microsoft-Windows-Eventlog
EventCode=1102
EventType=4
Type=Information
ComputerName=HOST-002
TaskCategory=Log clear
OpCode=Info
RecordNumber=665671761
Keywords=Audit Success
Message=The audit log was cleared.
Subject:
	Security ID:		Domain_E\user_h
	Account Name:		user_h
	Account Domain:		Domain_E
	Logon ID:		0xA19C
","2020-02-13T20:04:21.000+0000",cleared,"win:unknown","The audit log was cleared.
Subject:
	Security ID:		Domain_E\user_h
	Account Name:		user_h
	Account Domain:		Domain_E
	Logon ID:		0xA19C",,"Log clear",audit,,,20,13,4,february,21,thursday,2020,local,"HOST-002",,,,,,,,,false,,,,"Domain_E","HOST-002",,untrust,,false,false,false,,"HOST-002",,,,,,,,,false,,,,"HOST-002",,untrust,,false,false,false,,665671761,"windows_audit_log_cleared wineventlog_security wineventlog_windows winsec","HOST-002",665671761,,main,,,,18,,,"user_h","Domain_E\user_h","Domain_E\",,"The audit log was cleared",,WinEventLog,audit,,,,,,,Windows,,,"//_::_==--====-=_===_=____.:t_:tt\t_:ttt_:ttt_:tt",,,,0xA19C,informational,4,,,"The audit log was cleared",1102,"WinEventLog:Security",WinEventLog,"prd-p-g7nxxbgc3hgl",,,,,,,,,,,,,,,"Domain_E",,,,,,,,,,,,,,,,,,,,,,,,,,,,,,,,success,,"The audit log was cleared",failure,,,"audit
change
cleared
delete
endpoint
os
security
watchlist
windows",,,,,,,,,"audit
change
cleared
delete
endpoint
os
security
watchlist
windows",,,,,,,,,,,,,,,22,0,,"user_h",,,,,,,,,,,,,,,,,,,false,,,,,Microsoft,,
SeInteractiveLogonRight,"Domain_B",,"BUSDEV-008
Domain_B\user_g",,,,,,,,,,,,,,,,,,,,,,,"BUSDEV-008",,,,,,,,,"-",4718,"System security access was removed from an account",0,,,,,,,,,,,,,,,,,"Audit Success",,,,,Security,,,,,0xEB5F,,,,,,,,,"System security access was removed from an account.

Subject:
	Security ID:		Domain_B\SYSTEM
	Account Name:		BUSDEV-008
	Account Domain:		Domain_B
	Logon ID:		0xEB5F

Account Modified:
	Account Name:		Domain_B\user_g

Access Removed:
	Access Right:		SeInteractiveLogonRight",,,,,,,,,,,,,,,Info,,,,,,,,,,,,,,,,905784605,,,,,,"Domain_B\SYSTEM",,,"Microsoft Windows security auditing.",,,,,,,,,,,,,,,,,,,"Authentication Policy Change",,,,,Information,,,,,,,,,,,,"02/13/2020 08:04:20 PM
LogName=Security
SourceName=Microsoft Windows security auditing.
EventCode=4718
EventType=0
Type=Information
ComputerName=BUSDEV-008
TaskCategory=Authentication Policy Change
OpCode=Info
RecordNumber=905784605
Keywords=Audit Success
Message=System security access was removed from an account.

Subject:
	Security ID:		Domain_B\SYSTEM
	Account Name:		BUSDEV-008
	Account Domain:		Domain_B
	Logon ID:		0xEB5F

Account Modified:
	Account Name:		Domain_B\user_g

Access Removed:
	Access Right:		SeInteractiveLogonRight
","2020-02-13T20:04:20.000+0000",success,"win:unknown","System security access was removed from an account.

Subject:
	Security ID:		Domain_B\SYSTEM
	Account Name:		BUSDEV-008
	Account Domain:		Domain_B
	Logon ID:		0xEB5F

Account Modified:
	Account Name:		Domain_B\user_g

Access Removed:
	Access Right:		SeInteractiveLogonRight",,"Authentication Policy Change",,,,20,13,4,february,20,thursday,2020,local,"BUSDEV-008",,,,,,,,,false,,,,"Domain_B","BUSDEV-008",,untrust,,false,false,false,,"BUSDEV-008",,,,,,,,,false,,,,"BUSDEV-008",,untrust,,false,false,false,,905784605,"windows_security_access_removed wineventlog_security wineventlog_windows winsec","BUSDEV-008",905784605,,main,,,,25,,,"BUSDEV-008
Domain_B\user_g","Domain_B\SYSTEM","Domain_B\",,"System security access was removed from an account",,WinEventLog,,,,,,,,Windows,,,"//_::_==___.====-=__===_=_______.:t_:tt\t_:tt-t_:t",,,,0xEB5F,informational,0,,,"System security access was removed from an account",4718,"WinEventLog:Security",WinEventLog,"prd-p-g7nxxbgc3hgl",,,,,,,,,,,,,,,"Domain_B",,,,,,,,,,"BUSDEV-008",,,,,,,,,,,,,,,,,false,,,,,success,,"System security access was removed from an account",failure,,,"access
account
authorization
change
delete
os
security
success
windows",,,,success,,,,,"access
account
authorization
change
delete
os
security
windows",,,,,,,,,,,,,,,22,0,,"Domain_B\user_g",,,,,,,,,,,,,,,,,,,false,,,,,Microsoft,,
,"Domain_C",,"user_h",,,,,,,,,,,,,,,,,,,,,,,"ACME-003",,,,,,,,,"-",4673,"A privileged service was called",0,,,,,,,,,,,,,,,,,"Audit Success",,,,,Security,,,,,0xA19C,,,,,,,,,"A privileged service was called.

Subject:
	Security ID:		Domain_C\user_h
	Account Name:		user_h
	Account Domain:		Domain_C
	Logon ID:		0xA19C

Service:
	Server:	NT Local Security Authority / Authentication Service
	Service Name:	LsaRegisterLogonProcess()

Process:
	Process ID:	0xE320
	Process Name:	C:\Windows\System32\example_c.exe

Service Request Information:
	Privileges:		SeTakeOwnershipPrivilege",,,,,,,,,,,,,,,Info,,,,,,,,,,,SeTakeOwnershipPrivilege,0xE320,"C:\Windows\System32\example_c.exe",,,948364943,,,,,,"Domain_C\user_h","NT Local Security Authority / Authentication Service","LsaRegisterLogonProcess()","Microsoft Windows security auditing.",,,,,,,,,,,,,,,,,,,"Sensitive Privilege Use",,,,,Information,,,,,,,,,,,,"02/13/2020 08:04:20 PM
LogName=Security
SourceName=Microsoft Windows security auditing.
EventCode=4673
EventType=0
Type=Information
ComputerName=ACME-003
TaskCategory=Sensitive Privilege Use
OpCode=Info
RecordNumber=948364943
Keywords=Audit Success
Message=A privileged service was called.

Subject:
	Security ID:		Domain_C\user_h
	Account Name:		user_h
	Account Domain:		Domain_C
	Logon ID:		0xA19C

Service:
	Server:	NT Local Security Authority / Authentication Service
	Service Name:	LsaRegisterLogonProcess()

Process:
	Process ID:	0xE320
	Process Name:	C:\Windows\System32\example_c.exe

Service Request Information:
	Privileges:		SeTakeOwnershipPrivilege
","2020-02-13T20:04:20.000+0000",success,"win:unknown","A privileged service was called.

Subject:
	Security ID:		Domain_C\user_h
	Account Name:		user_h
	Account Domain:		Domain_C
	Logon ID:		0xA19C

Service:
	Server:	NT Local Security Authority / Authentication Service
	Service Name:	LsaRegisterLogonProcess()

Process:
	Process ID:	0xE320
	Process Name:	C:\Windows\System32\example_c.exe

Service Request Information:
	Privileges:		SeTakeOwnershipPrivilege",,"Sensitive Privilege Use",,,,20,13,4,february,20,thursday,2020,local,"ACME-003",,,,,,,,,false,,,,"Domain_C","ACME-003",,untrust,,false,false,false,,"ACME-003",,,,,,,,,false,,,,"ACME-003",,untrust,,false,false,false,,948364943,"windows_privileged_service_call wineventlog_security wineventlog_windows winsec","ACME-003",948364943,,main,,,,30,,,"user_h","Domain_C\user_h","Domain_C\",,"A privileged service was called",,WinEventLog,,,,,"Take ownership of files or other objects",SeTakeOwnershipPrivilege,,Windows,,,"//_::_==___.====-=__===_=____.:t_:tt\t_:ttt_:ttt_:",,,,0xA19C,informational,0,,,"A privileged service was called",4673,"WinEventLog:Security",WinEventLog,"prd-p-g7nxxbgc3hgl",,,,,,,,,,,,,,,"Domain_C",,,,,,,,,,,,,,,,,,,,,,,,,,,,,,,,success,,"A privileged service was called",failure,,,"execute
os
privileged
process
security
start
success
windows",,,,success,,,,,"execute
os
privileged
process
security
start
windows",,,,,,,,,,,,,,,22,0,,"user_h",,,,,,,,,,,,,,,,,,,false,,,,,Microsoft,SeTakeOwnershipPrivilege,
,"Domain_D",,"user_c",,,,,,,,,,,,,,,,,,,,,,,"ops-sys-002",,,,,,,,,"-",4672,"Special privileges assigned to new logon",0,,,,,,,,,,,,,,,,,"Audit Success",,,,,Security,,,,,0x5FC9,,,,,,,,,"Special privileges assigned to new logon.
Subject:
	Security ID:		Domain_D\user_c
	Account Name:		user_c
	Account Domain:		Domain_D
	Logon ID:		0x5FC9
Privileges:	SeSecurityPrivilege
			SeTakeOwnershipPrivilege
			SeLoadDriverPrivilege
			SeBackupPrivilege
			SeRestorePrivilege
			SeDebugPrivilege
			SeSystemEnvironmentPrivilege
			SeImpersonatePrivilege",,,,,,,,,,,,,,,Info,,,,,,,,,,,SeSecurityPrivilege,,,,,509514955,,,,,,"Domain_D\user_c",,,"Microsoft Windows security auditing.",,,,,,,,,,,,,,,,,,,"Special Logon",,,,,Information,,,,,,,,,,,,"02/13/2020 08:04:20 PM
LogName=Security
SourceName=Microsoft Windows security auditing.
EventCode=4672
EventType=0
Type=Information
ComputerName=ops-sys-002
TaskCategory=Special Logon
OpCode=Info
RecordNumber=509514955
Keywords=Audit Success
Message=Special privileges assigned to new logon.
Subject:
	Security ID:		Domain_D\user_c
	Account Name:		user_c
	Account Domain:		Domain_D
	Logon ID:		0x5FC9
Privileges:	SeSecurityPrivilege
			SeTakeOwnershipPrivilege
			SeLoadDriverPrivilege
			SeBackupPrivilege
			SeRestorePrivilege
			SeDebugPrivilege
			SeSystemEnvironmentPrivilege
			SeImpersonatePrivilege
","2020-02-13T20:04:20.000+0000",success,"win:unknown","Special privileges assigned to new logon.
Subject:
	Security ID:		Domain_D\user_c
	Account Name:		user_c
	Account Domain:		Domain_D
	Logon ID:		0x5FC9
Privileges:	SeSecurityPrivilege
			SeTakeOwnershipPrivilege
			SeLoadDriverPrivilege
			SeBackupPrivilege
			SeRestorePrivilege
			SeDebugPrivilege
			SeSystemEnvironmentPrivilege
			SeImpersonatePrivilege",,"Special Logon",,,,20,13,4,february,20,thursday,2020,local,"ops-sys-002",,,,,,,,,false,,,,"Domain_D","ops-sys-002",,untrust,,false,false,false,,"ops-sys-002",,,,,,,,,false,,,,"ops-sys-002",,untrust,,false,false,false,,509514955,"windows_special_privileges wineventlog_security wineventlog_windows winsec","ops-sys-002",509514955,,main,,,,26,,,"user_c","Domain_D\user_c","Domain_D\",,"Special privileges assigned to new logon",,WinEventLog,,,,,"Manage auditing and security log
Take ownership of files or other objects
Load and unload device drivers
Back up files and directories
Restore files and directories
Debug programs
Modify firmware environment values
Impersonate a Client After Authentication","SeSecurityPrivilege
SeTakeOwnershipPrivilege
SeLoadDriverPrivilege
SeBackupPrivilege
SeRestorePrivilege
SeDebugPrivilege
SeSystemEnvironmentPrivilege
SeImpersonatePrivilege",,Windows,,,"//_::_==___.====--=_===_=_____.:t_:tt\t_:ttt_:ttt_",,,,0x5FC9,informational,0,,,"Special privileges assigned to new logon",4672,"WinEventLog:Security",WinEventLog,"prd-p-g7nxxbgc3hgl",,,,,,,,,,,,,,,"Domain_D",,,,,,,,,,,,,,,,,,,,,,,,,,,,,,,,success,,"Special privileges assigned to new logon",failure,,,"audit
authentication
os
privileged
security
success
windows",,,,success,,,,,"authentication
os
privileged
security
windows",,audit,,,,,,,,,,,,,22,0,,"user_c",,,,,,,,,,,,,,,,,,,false,,,,,Microsoft,"SeSecurityPrivilege
			SeTakeOwnershipPrivilege
			SeLoadDriverPrivilege
			SeBackupPrivilege
			SeRestorePrivilege
			SeDebugPrivilege
			SeSystemEnvironmentPrivilege
			SeImpersonatePrivilege",
,Builtin,,GUEST,,,,,,,,,,,,,,,,,,,,,,,"BUSDEV-008",,,,,,,,,"-",4634,"An account was logged off",Information,,,,,,,,,,,,,,,,,"Audit Success",,,,,Security,,,,,0x7939EE4,,17,,,,,,,"An account was logged off.

Subject:
	Security ID:		WINDOWS\SERVER2012$
	Account Name:		GUEST
	Account Domain:		Builtin
	Logon ID:		0x7939EE4

Logon Type:		17

This event is generated when a logon session is destroyed. It may be positively correlated with a logon event using the Logon ID value. Logon IDs are only unique between reboots on the same computer.",,,,,,,,,,,,,,,Info,,,,,,,,,,,,,,,,414939880,,,,,,"WINDOWS\SERVER2012$",,,"Microsoft Windows security auditing.",,,,,,,,,,,,,,,,,,,"Authentication Policy Change",,,,,Information,,,,,,,,,,,,"02/13/2020 08:04:19 PM
LogName=Security
SourceName=Microsoft Windows security auditing.
EventCode=4634
EventType=Information
Type=Information
ComputerName=BUSDEV-008
TaskCategory=Authentication Policy Change
OpCode=Info
RecordNumber=414939880
Keywords=Audit Success
Message=An account was logged off.

Subject:
	Security ID:		WINDOWS\SERVER2012$
	Account Name:		GUEST
	Account Domain:		Builtin
	Logon ID:		0x7939EE4

Logon Type:		17

This event is generated when a logon session is destroyed. It may be positively correlated with a logon event using the Logon ID value. Logon IDs are only unique between reboots on the same computer.

","2020-02-13T20:04:19.000+0000",success,"win:unknown","An account was logged off.

