Additional Information:
	Privileges:	-",,"Computer Account Management",user,,,20,13,3,february,50,thursday,2020,local,"COREDEV-005",,,,,,,,,false,,,,"Domain_B","COREDEV-005",,untrust,,false,false,false,,"COREDEV-005",,,,,,,,,false,,,,"COREDEV-005",,untrust,,false,false,false,,664258579,"windows_account_deleted windows_account_management wineventlog_security wineventlog_windows winsec","COREDEV-005",664258579,,main,,,,27,,,"user_b
user_l","Domain_B\user_b
Domain_B\user_l","Domain_B\",deleted,"A computer account was deleted",,WinEventLog,user,,,,,"-",,Windows,,,"//_::_==___.====-=__===_=____.:t_:tt\t_:ttt_:ttt_:",,,,0x3A81,informational,0,,,"A computer account was deleted",4743,"WinEventLog:Security",WinEventLog,"prd-p-g7nxxbgc3hgl",,,,,,,,,,,,,,,"Domain_B",,,,,,,,,,"user_b",,,,,,,,,,,,,,,,,false,,,,,success,,"A computer account was deleted",failure,"Account Management",,"account
change
delete
management
os
security
windows",,,,,,,,,"account
change
delete
management
os
security
windows",,,,,,,,,,,,,,,22,0,,"user_l",,,,,,,,,,,,,,,,,,,false,,,,,Microsoft,"-",
,"Domain_D
Domain_D",,"BUSDEV-007
rirakkunaX",,localhost,,,,,,,,,,,,,,,,,,,,,"BUSDEV-007",,,,,,,,,"-",4648,"A logon was attempted using explicit credentials",0,,,,,,,,,,,,,,,,,"Audit Success",,,,,Security,,,"{221B21A6-1AE2-3F9A-24EF-22C392AC2A47}
{27C4A2F2-13CA-AA25-E903-D31268740239}",,0x70E4,,,,,,,,,"A logon was attempted using explicit credentials.
Subject:
	Security ID:  Domain_D\SYSTEM
	Account Name:  BUSDEV-007
	Account Domain:  Domain_D
	Logon ID:  0x70E4
	Logon GUID:		{221B21A6-1AE2-3F9A-24EF-22C392AC2A47}
Account Whose Credentials Were Used:
	Account Name:		rirakkunaX
	Account Domain:		Domain_D
	Logon GUID:		{27C4A2F2-13CA-AA25-E903-D31268740239}
Target Server:
	Target Server Name:	localhost
	Additional Information:	localhost
Process Information:
	Process ID:		60D8
	Process Name:		C:\Windows\System32\example_d.exe
Network Information:
	Network Address:	111.151.220.34
	Port:			-
This event is generated when a process attempts to log on an account by explicitly specifying that account's credentials. This most commonly occurs in batch-type configurations such as scheduled tasks, or when using the RUNAS command.",,,,,,"111.151.220.34",,,,,,,,,Info,,,,,,"-",,,,,,60D8,"C:\Windows\System32\example_d.exe",,,470886967,,,,,,"Domain_D\SYSTEM",,,"Microsoft Windows security auditing.",,,,,,,,,,,,,,,,,localhost,,Logon,,,,,Information,,,,,,,,,,,,"02/13/2020 08:03:50 PM
LogName=Security
SourceName=Microsoft Windows security auditing.
EventCode=4648
EventType=0
Type=Information
ComputerName=BUSDEV-007
TaskCategory=Logon
OpCode=Info
RecordNumber=470886967
Keywords=Audit Success
Message=A logon was attempted using explicit credentials.
Subject:
	Security ID:  Domain_D\SYSTEM
	Account Name:  BUSDEV-007
	Account Domain:  Domain_D
	Logon ID:  0x70E4
	Logon GUID:		{221B21A6-1AE2-3F9A-24EF-22C392AC2A47}
Account Whose Credentials Were Used:
	Account Name:		rirakkunaX
	Account Domain:		Domain_D
	Logon GUID:		{27C4A2F2-13CA-AA25-E903-D31268740239}
Target Server:
	Target Server Name:	localhost
	Additional Information:	localhost
Process Information:
	Process ID:		60D8
	Process Name:		C:\Windows\System32\example_d.exe
Network Information:
	Network Address:	111.151.220.34
	Port:			-
This event is generated when a process attempts to log on an account by explicitly specifying that account's credentials. This most commonly occurs in batch-type configurations such as scheduled tasks, or when using the RUNAS command.
","2020-02-13T20:03:50.000+0000",success,"win:remote","A logon was attempted using explicit credentials.
Subject:
	Security ID:  Domain_D\SYSTEM
	Account Name:  BUSDEV-007
	Account Domain:  Domain_D
	Logon ID:  0x70E4
	Logon GUID:		{221B21A6-1AE2-3F9A-24EF-22C392AC2A47}
Account Whose Credentials Were Used:
	Account Name:		rirakkunaX
	Account Domain:		Domain_D
	Logon GUID:		{27C4A2F2-13CA-AA25-E903-D31268740239}
Target Server:
	Target Server Name:	localhost
	Additional Information:	localhost
Process Information:
	Process ID:		60D8
	Process Name:		C:\Windows\System32\example_d.exe
Network Information:
	Network Address:	111.151.220.34
	Port:			-
This event is generated when a process attempts to log on an account by explicitly specifying that account's credentials. This most commonly occurs in batch-type configurations such as scheduled tasks, or when using the RUNAS command.",,Logon,,,,20,13,3,february,50,thursday,2020,local,localhost,,,,,,,,,false,,,,"Domain_D",localhost,,untrust,,false,false,false,,"BUSDEV-007",,,,,,,,,false,,,,"BUSDEV-007",,untrust,,false,false,false,,470886967,"windows_logon_explicit wineventlog_security wineventlog_windows winsec","BUSDEV-007",470886967,,main,,,,33,,,"BUSDEV-007
rirakkunaX","Domain_D\SYSTEM","Domain_D\",,"A logon was attempted using explicit credentials",,WinEventLog,,,,,,,,Windows,,,"//_::_==___.====-====_=______.:t_:__\t_:__-t_:__t_",,,,0x70E4,informational,0,,,"A logon was attempted using explicit credentials",4648,"WinEventLog:Security",WinEventLog,"prd-p-g7nxxbgc3hgl",,,,,,,,,,,,,,,"Domain_D",,,,,,,,,,"BUSDEV-007",,,,,,,,,,,,,,,,,false,,,,,success,,"A logon was attempted using explicit credentials",failure,,,"authentication
os
privileged
remote
security
success
windows",,,,success,remote,,,,"authentication
os
privileged
security
windows",,,,,,,,,,,,,,,22,0,,rirakkunaX,,,,,,,,,,,,,,,,,,,false,,,,,Microsoft,,
,"Domain_E
Domain_E",,"SE-003
orawokuzu",,localhost,,,,,,,,,,,,,,,,,,,,,"SE-003",,,,,,,,,"-",4648,"A logon was attempted using explicit credentials",0,,,,,,,,,,,,,,,,,"Audit Success",,,,,Security,,,"{0887F1E4-39EA-D53C-804F-31D568A06274}
{27C4A2F2-13CA-AA25-E903-D31268740239}",,0x70E4,,,,,,,,,"A logon was attempted using explicit credentials.
Subject:
	Security ID:  Domain_E\SYSTEM
	Account Name:  SE-003
	Account Domain:  Domain_E
	Logon ID:  0x70E4
	Logon GUID:		{0887F1E4-39EA-D53C-804F-31D568A06274}
Account Whose Credentials Were Used:
	Account Name:		orawokuzu
	Account Domain:		Domain_E
	Logon GUID:		{27C4A2F2-13CA-AA25-E903-D31268740239}
Target Server:
	Target Server Name:	localhost
	Additional Information:	localhost
Process Information:
	Process ID:		807C
	Process Name:		C:\Windows\System32\example_d.exe
Network Information:
	Network Address:	-
	Port:			9717
This event is generated when a process attempts to log on an account by explicitly specifying that account's credentials. This most commonly occurs in batch-type configurations such as scheduled tasks, or when using the RUNAS command.",,,,,,"-",,,,,,,,,Info,,,,,,9717,,,,,,807C,"C:\Windows\System32\example_d.exe",,,655612550,,,,,,"Domain_E\SYSTEM",,,"Microsoft Windows security auditing.",,,,,,,,,,,,,,,,,localhost,,Logon,,,,,Information,,,,,,,,,,,,"02/13/2020 08:03:50 PM
LogName=Security
SourceName=Microsoft Windows security auditing.
EventCode=4648
EventType=0
Type=Information
ComputerName=SE-003
TaskCategory=Logon
OpCode=Info
RecordNumber=655612550
Keywords=Audit Success
Message=A logon was attempted using explicit credentials.
Subject:
	Security ID:  Domain_E\SYSTEM
	Account Name:  SE-003
	Account Domain:  Domain_E
	Logon ID:  0x70E4
	Logon GUID:		{0887F1E4-39EA-D53C-804F-31D568A06274}
Account Whose Credentials Were Used:
	Account Name:		orawokuzu
	Account Domain:		Domain_E
	Logon GUID:		{27C4A2F2-13CA-AA25-E903-D31268740239}
Target Server:
	Target Server Name:	localhost
	Additional Information:	localhost
Process Information:
	Process ID:		807C
	Process Name:		C:\Windows\System32\example_d.exe
Network Information:
	Network Address:	-
	Port:			9717
This event is generated when a process attempts to log on an account by explicitly specifying that account's credentials. This most commonly occurs in batch-type configurations such as scheduled tasks, or when using the RUNAS command.
","2020-02-13T20:03:50.000+0000",success,"win:remote","A logon was attempted using explicit credentials.
Subject:
	Security ID:  Domain_E\SYSTEM
	Account Name:  SE-003
	Account Domain:  Domain_E
	Logon ID:  0x70E4
	Logon GUID:		{0887F1E4-39EA-D53C-804F-31D568A06274}
Account Whose Credentials Were Used:
	Account Name:		orawokuzu
	Account Domain:		Domain_E
	Logon GUID:		{27C4A2F2-13CA-AA25-E903-D31268740239}
Target Server:
	Target Server Name:	localhost
	Additional Information:	localhost
Process Information:
	Process ID:		807C
	Process Name:		C:\Windows\System32\example_d.exe
Network Information:
	Network Address:	-
	Port:			9717
This event is generated when a process attempts to log on an account by explicitly specifying that account's credentials. This most commonly occurs in batch-type configurations such as scheduled tasks, or when using the RUNAS command.",,Logon,,,,20,13,3,february,50,thursday,2020,local,localhost,,,,,,,,,false,,,,"Domain_E",localhost,,untrust,,false,false,false,,"SE-003",,,,,,,,,false,,,,"SE-003",,untrust,,false,false,false,,655612550,"windows_logon_explicit wineventlog_security wineventlog_windows winsec","SE-003",655612550,,main,,,,33,,,"SE-003
orawokuzu","Domain_E\SYSTEM","Domain_E\",,"A logon was attempted using explicit credentials",,WinEventLog,,,,,,,,Windows,,,"//_::_==___.====-====_=______.:t_:__\t_:__-t_:__t_",,,,0x70E4,informational,0,,,"A logon was attempted using explicit credentials",4648,"WinEventLog:Security",WinEventLog,"prd-p-g7nxxbgc3hgl",,,,,,,,,,,,,,,"Domain_E",,,,,,,,,,"SE-003",,,,,,,,,,,,,,,,,false,,,,,success,,"A logon was attempted using explicit credentials",failure,,,"authentication
os
privileged
remote
security
success
windows",,,,success,remote,,,,"authentication
os
privileged
security
windows",,,,,,,,,,,,,,,22,0,,orawokuzu,,,,,,,,,,,,,,,,,,,false,,,,,Microsoft,,
,abc,,GUEST,,,,,,,,,,,,,,,,,,,,,,,"BUSDEV-006",,,,,,,,,"-",4634,"An account was logged off",Information,,,,,,,,,,,,,,,,,"Audit Success",,,,,Security,,,,,0xD4C93C8,,4,,,,,,,"An account was logged off.

Subject:
	Security ID:		NT AUTHORITY\SYSTEM
	Account Name:		GUEST
	Account Domain:		abc
	Logon ID:		0xD4C93C8

Logon Type:		4

This event is generated when a logon session is destroyed. It may be positively correlated with a logon event using the Logon ID value. Logon IDs are only unique between reboots on the same computer.",,,,,,,,,,,,,,,Info,,,,,,,,,,,,,,,,477964716,,,,,,"NT AUTHORITY\SYSTEM",,,"Microsoft Windows security auditing.",,,,,,,,,,,,,,,,,,,"Authentication Policy Change",,,,,Information,,,,,,,,,,,,"02/13/2020 08:03:50 PM
LogName=Security
SourceName=Microsoft Windows security auditing.
EventCode=4634
EventType=Information
Type=Information
ComputerName=BUSDEV-006
TaskCategory=Authentication Policy Change
OpCode=Info
RecordNumber=477964716
Keywords=Audit Success
Message=An account was logged off.

Subject:
	Security ID:		NT AUTHORITY\SYSTEM
	Account Name:		GUEST
	Account Domain:		abc
	Logon ID:		0xD4C93C8

Logon Type:		4

This event is generated when a logon session is destroyed. It may be positively correlated with a logon event using the Logon ID value. Logon IDs are only unique between reboots on the same computer.

","2020-02-13T20:03:50.000+0000",success,"win:local","An account was logged off.

Subject:
	Security ID:		NT AUTHORITY\SYSTEM
	Account Name:		GUEST
	Account Domain:		abc
	Logon ID:		0xD4C93C8

Logon Type:		4

This event is generated when a logon session is destroyed. It may be positively correlated with a logon event using the Logon ID value. Logon IDs are only unique between reboots on the same computer.",,"Authentication Policy Change",,,,20,13,3,february,50,thursday,2020,local,"BUSDEV-006",,,,,,,,,false,,,,abc,"BUSDEV-006",,untrust,,false,false,false,,"BUSDEV-006",,,,,,,,,false,,,,"BUSDEV-006",,untrust,,false,false,false,,477964716,"windows_logoff wineventlog_security wineventlog_windows winsec","BUSDEV-006",477964716,,main,,,,24,,,GUEST,"NT AUTHORITY\SYSTEM","NT AUTHORITY\",,"An account was logged off",,WinEventLog,,,,,,,,Windows,,,"//_::_==___.====-=__===_=____.:t_:tt_\t_:ttt_:ttt_",,,,0xD4C93C8,informational,Information,,,"An account was logged off",4634,"WinEventLog:Security",WinEventLog,"prd-p-g7nxxbgc3hgl",,,,,,,,,,,,,,,"NT AUTHORITY",,,,,,,,,,,,,,,,,,,,,,,,,,,,,,,,success,,"An account was logged off",failure,,,"access
local
logoff
os
security
stop
success
windows",,,,success,local,,,,"access
logoff
os
security
stop
windows",,,,,,,,,,,,,,,22,0,,GUEST,,,,,,,,,,,,,,,,,,,false,,,,,Microsoft,,
,,,,,,,,,,"MICROSOFT_AUTHENTICATION_PACKAGE_V1_0",,,,,,,,,,,,,,,,"PROD-MFS-003",,,,,,,,,0x0,4776,"The domain controller attempted to validate the credentials for an account",0,,,,,,,,,,,,,,,,,"Audit Success",,,,,Security,,"user_l",,,,,,,,,,,,"The computer attempted to validate the credentials for an account.
Authentication Package: MICROSOFT_AUTHENTICATION_PACKAGE_V1_0
Logon Account: user_l
Source Workstation: PROD-MFS-003
Error Code: 0x0",,,,,,,,,,,,,,,Info,,,,,,,,,,,,,,,,560121282,,,,,,,,,"Microsoft Windows security auditing.",,,"PROD-MFS-003",,,,,,,,,,,,,,,,"Credential Validation",,,,,Information,,,,,,,,,,,,"02/13/2020 08:03:49 PM
LogName=Security
SourceName=Microsoft Windows security auditing.
EventCode=4776
EventType=0
Type=Information
ComputerName=PROD-MFS-003
TaskCategory=Credential Validation
OpCode=Info
RecordNumber=560121282
Keywords=Audit Success
Message=The computer attempted to validate the credentials for an account.
Authentication Package: MICROSOFT_AUTHENTICATION_PACKAGE_V1_0
Logon Account: user_l
Source Workstation: PROD-MFS-003
Error Code: 0x0
","2020-02-13T20:03:49.000+0000",success,"win:unknown","The computer attempted to validate the credentials for an account.
Authentication Package: MICROSOFT_AUTHENTICATION_PACKAGE_V1_0
Logon Account: user_l
Source Workstation: PROD-MFS-003
Error Code: 0x0",,"Credential Validation",,,,20,13,3,february,49,thursday,2020,local,"PROD-MFS-003",,,,,,,,,false,,,,,"PROD-MFS-003",,untrust,,false,false,false,,"PROD-MFS-003",,,,,,,,,false,,,,"PROD-MFS-003",,untrust,,false,false,false,,560121282,"err0r nix_errors windows_account_used4logon wineventlog_security wineventlog_windows winsec","PROD-MFS-003",560121282,,main,,,,17,,,,,,,"The domain controller attempted to validate the credentials for an account",,WinEventLog,,,,,,,,Windows,,,"//_::_==___.====--=_===_=_________._:__:__:_--_:_",,,,,informational,0,,,"The domain controller attempted to validate the credentials for an account",4776,"WinEventLog:Security",WinEventLog,"prd-p-g7nxxbgc3hgl",,"PROD-MFS-003",,,,,,,,,false,,,,,"PROD-MFS-003",,untrust,,,false,,false,false,,,,,,,,,,,,,,,,,,,,,,,success,,"The domain controller attempted to validate the credentials for an account",failure,,,"authentication
error
os
security
success
windows",,,,success,,,,,"authentication
error
os
security
windows",,,,,,,,,,,,,,,22,0,,"user_l",,,,,,,,,,,,,,,,,,,false,,,,,Microsoft,,
,,,,,,,,,,NTLM,,,,,,,,,,,,,,,,"SE-001",,,,,,,,,0xE,4776,"The domain controller attempted to validate the credentials for an account",Information,,,,,,,,,,,,,,,,,"Audit Success",,,,,Security,,95C3,,,,,,,,,,,,"The computer attempted to validate the credentials for an account.

Authentication Package:	NTLM
Logon Account:	95C3
Source Workstation:	7291E25F
Error Code:	0xE",,,,,,,,,,,,,,,Info,,,,,,,,,,,,,,,,806750486,,,,,,,,,"Microsoft Windows security auditing.",,,7291E25F,,,,,,,,,,,,,,,,"Authentication Policy Change",,,,,Information,,,,,,,,,,,,"02/13/2020 08:03:49 PM
LogName=Security
SourceName=Microsoft Windows security auditing.
EventCode=4776
EventType=Information
Type=Information
ComputerName=SE-001
TaskCategory=Authentication Policy Change
OpCode=Info
RecordNumber=806750486
Keywords=Audit Success
Message=The computer attempted to validate the credentials for an account.

Authentication Package:	NTLM
Logon Account:	95C3
Source Workstation:	7291E25F
Error Code:	0xE

","2020-02-13T20:03:49.000+0000",success,"win:unknown","The computer attempted to validate the credentials for an account.

Authentication Package:	NTLM
Logon Account:	95C3
Source Workstation:	7291E25F
Error Code:	0xE",,"Authentication Policy Change",,,,20,13,3,february,49,thursday,2020,local,"SE-001",,,,,,,,,false,,,,,"SE-001",,untrust,,false,false,false,,"SE-001",,,,,,,,,false,,,,"SE-001",,untrust,,false,false,false,,806750486,"err0r nix_errors windows_account_used4logon wineventlog_security wineventlog_windows winsec","SE-001",806750486,,main,,,,19,,,,,,,"The domain controller attempted to validate the credentials for an account",,WinEventLog,,,,,,,,Windows,,,"//_::_==___.====-=__===_=_________._:t_:t_:t_:t",,,,,informational,Information,,,"The domain controller attempted to validate the credentials for an account",4776,"WinEventLog:Security",WinEventLog,"prd-p-g7nxxbgc3hgl",,7291E25F,,,,,,,,,false,,,,,7291E25F,,untrust,,,false,,false,false,,,,,,,,,,,,,,,,,,,,,,,success,,"The domain controller attempted to validate the credentials for an account",failure,,,"authentication
error
os
security
success
windows",,,,success,,,,,"authentication
error
os
security
windows",,,,,,,,,,,,,,,22,0,,95C3,,,,,,,,,,,,,,,,,,,false,,,,,Microsoft,,
,"Domain_C
Domain_C","2020-02-13 20:03:49 PM","user_e
user_h",,,,"server_2/computer_b",,,,,,,,,,,"Account Management",,,,,,,,"ACME-005",,,ddd,,,,,,"-",4738,"A user account was changed",0,,,,,,,,"\a","<value not set>",,,,,,,,"Audit Success",,,,,Security,,,,"Tuesday 8:00 PM -Wednesday 10:00 AM",0x0452,,,,"SAM Account Name: user_b
 Display Name:  ddd
 User Principal Name: eee@AAA.local
 Home Directory:  \a
 Home Drive:  <value not set>
 Script Path:  \f
 Profile Path:  <value not set>
 User Workstations: AAA
 Password Last Set: <never>
 Account Expires:  2020-02-13 20:03:49 PM
 Primary Group ID: 697
 AllowedToDelegateTo: server_2/computer_b
 Old UAC Value:  2EA309D
 New UAC Value:  3317CD9
 User Account Control: DONT_EXPIRE_PASSWORD - Enabled
 User Parameters: <value not set>
 SID History:  Domain_b/bbb
 Logon Hours:  Tuesday 8:00 PM -Wednesday 10:00 AM",,,,,"A User account was changed.

Subject:
 Security ID:  Domain_C\user_e
 Account Name:  user_e
 Account Domain:  Domain_C
 Logon ID:  0x0452

Target Account:
 Security ID:  Domain_C\user_h
 Account Name:  user_h
 Account Domain:  Domain_C

Changed Attributes:
 SAM Account Name: user_b
 Display Name:  ddd
 User Principal Name: eee@AAA.local
 Home Directory:  \a
 Home Drive:  <value not set>
 Script Path:  \f
 Profile Path:  <value not set>
 User Workstations: AAA
 Password Last Set: <never>
 Account Expires:  2020-02-13 20:03:49 PM
 Primary Group ID: 697
 AllowedToDelegateTo: server_2/computer_b
 Old UAC Value:  2EA309D
 New UAC Value:  3317CD9
 User Account Control: DONT_EXPIRE_PASSWORD - Enabled
 User Parameters: <value not set>
 SID History:  Domain_b/bbb
 Logon Hours:  Tuesday 8:00 PM -Wednesday 10:00 AM

Additional Information:
 Privileges:  SeTakeOwnershipPrivilege",,,,,,,,,,,,3317CD9,,2EA309D,Info,,,,"<never>",,,,697,,,SeTakeOwnershipPrivilege,,,"<value not set>",,579402535,,,"user_b","Domain_b/bbb","\f","Domain_C\user_e
Domain_C\user_h",,,"Microsoft Windows security auditing.",,,,,,,,,,,,,,,,,,,"User Account Management",,,,,Information,,"DONT_EXPIRE_PASSWORD - Enabled",,,"<value not set>","eee@AAA.local",AAA,,,,,"02/13/2020 08:03:49 PM
LogName=Security
SourceName=Microsoft Windows security auditing.
EventCode=4738
EventType=0
Type=Information
ComputerName=ACME-005
TaskCategory=User Account Management
OpCode=Info
RecordNumber=579402535
Keywords=Audit Success
Message=A User account was changed.

Subject:
 Security ID:  Domain_C\user_e
 Account Name:  user_e
 Account Domain:  Domain_C
 Logon ID:  0x0452

Target Account:
 Security ID:  Domain_C\user_h
 Account Name:  user_h
 Account Domain:  Domain_C

Changed Attributes:
 SAM Account Name: user_b
 Display Name:  ddd
 User Principal Name: eee@AAA.local
 Home Directory:  \a
 Home Drive:  <value not set>
 Script Path:  \f
 Profile Path:  <value not set>
 User Workstations: AAA
 Password Last Set: <never>
 Account Expires:  2020-02-13 20:03:49 PM
 Primary Group ID: 697
 AllowedToDelegateTo: server_2/computer_b
 Old UAC Value:  2EA309D
 New UAC Value:  3317CD9
 User Account Control: DONT_EXPIRE_PASSWORD - Enabled
 User Parameters: <value not set>
 SID History:  Domain_b/bbb
 Logon Hours:  Tuesday 8:00 PM -Wednesday 10:00 AM

Additional Information:
 Privileges:  SeTakeOwnershipPrivilege
","2020-02-13T20:03:49.000+0000",modified,"win:unknown","A User account was changed.

Subject:
 Security ID:  Domain_C\user_e
 Account Name:  user_e
 Account Domain:  Domain_C
 Logon ID:  0x0452

Target Account:
 Security ID:  Domain_C\user_h
 Account Name:  user_h
 Account Domain:  Domain_C

Changed Attributes:
 SAM Account Name: user_b
 Display Name:  ddd
 User Principal Name: eee@AAA.local
 Home Directory:  \a
 Home Drive:  <value not set>
 Script Path:  \f
 Profile Path:  <value not set>
 User Workstations: AAA
 Password Last Set: <never>
 Account Expires:  2020-02-13 20:03:49 PM
 Primary Group ID: 697
 AllowedToDelegateTo: server_2/computer_b
 Old UAC Value:  2EA309D
 New UAC Value:  3317CD9
 User Account Control: DONT_EXPIRE_PASSWORD - Enabled
 User Parameters: <value not set>
 SID History:  Domain_b/bbb
 Logon Hours:  Tuesday 8:00 PM -Wednesday 10:00 AM

Additional Information:
 Privileges:  SeTakeOwnershipPrivilege",,"User Account Management",user,,,20,13,3,february,49,thursday,2020,local,"ACME-005",,,,,,,,,false,,,,"Domain_C","ACME-005",,untrust,,false,false,false,,"ACME-005",,,,,,,,,false,,,,"ACME-005",,untrust,,false,false,false,,579402535,"windows_account_management windows_account_modified wineventlog_security wineventlog_windows winsec","ACME-005",579402535,,main,,,,47,,,"user_e
user_h","Domain_C\user_e
Domain_C\user_h","Domain_C\",,"A user account was changed",,WinEventLog,user,,,,"Take ownership of files or other objects",SeTakeOwnershipPrivilege,,Windows,,,"//_::_==___.====-=__===_=____.:__:__\__:____:____:",,,,0x0452,informational,0,,,"A user account was changed",4738,"WinEventLog:Security",WinEventLog,"prd-p-g7nxxbgc3hgl",,,,,,,,,,,,,,,"Domain_C",,,,,,,,,,"user_e",,,,,,,,,,,,,,,,,false,,,,,success,,"A user account was changed",failure,"Account Management",,"account
change
management
modify
os
security
windows",,,,,,,,,"account
change
management
modify
os
security
windows",,,,,,,,,,,,,,,22,0,,"user_h",,,,,,697,,,,,,,,,,,,,false,,,,,Microsoft,SeTakeOwnershipPrivilege,
,"Domain_D
Domain_D","2020-02-13 20:03:49 PM","user_a
user_h",,,,,"server_2/computer_b",,,,,,,,,,"Account Management",,,,,,,,"COREDEV-001",,,aaa,,,,,,"-",4720,"A user account was created",0,,,,,,,,"\a\b","D:",,,,,,,,"Audit Success",,,,,Security,,,,"Monday 2:00 PM -Tuesday 6:00 PM",0x6C10,,,,"SAM Account Name: user_k
	Display Name: aaa
	User Principal Name: ccc@AAA.local
	Home Directory: \a\b
	Home Drive: D:
	Script Path: <value not set>
	Profile Path: \a
	User Workstations: AAA
	Password Last Set: 2020-02-13 20:03:49 PM
	Account Expires: 2020-02-13 20:03:49 PM
	Primary Group ID: 952
	Allowed To Delegate To: server_2/computer_b
	Old UAC Value: 5046CF2
	New UAC Value: B77792E
	User Account Control: HOMEDIR_REQUIRED - Enabled
	User Parameters: <value changed, but not displayed>
	SID History: -
	Logon Hours: Monday 2:00 PM -Tuesday 6:00 PM",,,,,"A User account was created. 
Subject: 
	Security ID: Domain_D\user_a
	Account Name: user_a
	Account Domain: Domain_D
	Logon ID: 0x6C10
New Account: 
	Security ID: Domain_D\user_h
	Account Name: user_h
	Account Domain: Domain_D
Attributes: 
	SAM Account Name: user_k
	Display Name: aaa
	User Principal Name: ccc@AAA.local
	Home Directory: \a\b
	Home Drive: D:
	Script Path: <value not set>
	Profile Path: \a
	User Workstations: AAA
	Password Last Set: 2020-02-13 20:03:49 PM
	Account Expires: 2020-02-13 20:03:49 PM
	Primary Group ID: 952
	Allowed To Delegate To: server_2/computer_b
	Old UAC Value: 5046CF2
	New UAC Value: B77792E
	User Account Control: HOMEDIR_REQUIRED - Enabled
	User Parameters: <value changed, but not displayed>
	SID History: -
	Logon Hours: Monday 2:00 PM -Tuesday 6:00 PM
Additional Information:
	Privileges SeImpersonatePrivilege",,,,,,,,,,,,B77792E,,5046CF2,Info,,,,"2020-02-13 20:03:49 PM",,,,952,,,,,,"\a",,404329289,,,"user_k","-","<value not set>","Domain_D\user_a
Domain_D\user_h",,,"Microsoft Windows security auditing.",,,,,,,,,,,,,,,,,,,"User Account Management",,,,,Information,,"HOMEDIR_REQUIRED - Enabled",,,"<value changed, but not displayed>","ccc@AAA.local",AAA,,,,,"02/13/2020 08:03:49 PM
LogName=Security
SourceName=Microsoft Windows security auditing.
EventCode=4720
EventType=0
Type=Information
ComputerName=COREDEV-001
TaskCategory=User Account Management
OpCode=Info
RecordNumber=404329289
Keywords=Audit Success
Message=A User account was created. 
Subject: 
	Security ID: Domain_D\user_a
	Account Name: user_a
	Account Domain: Domain_D
	Logon ID: 0x6C10
New Account: 
	Security ID: Domain_D\user_h
	Account Name: user_h
	Account Domain: Domain_D
Attributes: 
	SAM Account Name: user_k
	Display Name: aaa
	User Principal Name: ccc@AAA.local
	Home Directory: \a\b
	Home Drive: D:
	Script Path: <value not set>
	Profile Path: \a
	User Workstations: AAA
	Password Last Set: 2020-02-13 20:03:49 PM
	Account Expires: 2020-02-13 20:03:49 PM
	Primary Group ID: 952
	Allowed To Delegate To: server_2/computer_b
	Old UAC Value: 5046CF2
	New UAC Value: B77792E
	User Account Control: HOMEDIR_REQUIRED - Enabled
	User Parameters: <value changed, but not displayed>
	SID History: -
	Logon Hours: Monday 2:00 PM -Tuesday 6:00 PM
Additional Information:
	Privileges SeImpersonatePrivilege
","2020-02-13T20:03:49.000+0000",created,"win:unknown","A User account was created. 
Subject: 
	Security ID: Domain_D\user_a
	Account Name: user_a
	Account Domain: Domain_D
	Logon ID: 0x6C10
New Account: 
	Security ID: Domain_D\user_h
	Account Name: user_h
	Account Domain: Domain_D
Attributes: 
	SAM Account Name: user_k
	Display Name: aaa
	User Principal Name: ccc@AAA.local
	Home Directory: \a\b
	Home Drive: D:
	Script Path: <value not set>
	Profile Path: \a
	User Workstations: AAA
	Password Last Set: 2020-02-13 20:03:49 PM
	Account Expires: 2020-02-13 20:03:49 PM
	Primary Group ID: 952
	Allowed To Delegate To: server_2/computer_b
	Old UAC Value: 5046CF2
	New UAC Value: B77792E
	User Account Control: HOMEDIR_REQUIRED - Enabled
	User Parameters: <value changed, but not displayed>
	SID History: -
	Logon Hours: Monday 2:00 PM -Tuesday 6:00 PM
Additional Information:
	Privileges SeImpersonatePrivilege",,"User Account Management",user,,,20,13,3,february,49,thursday,2020,local,"COREDEV-001",,,,,,,,,false,,,,"Domain_D","COREDEV-001",,untrust,,false,false,false,,"COREDEV-001",,,,,,,,,false,,,,"COREDEV-001",,untrust,,false,false,false,,404329289,"windows_account_created windows_account_management wineventlog_security wineventlog_windows winsec","COREDEV-001",404329289,,main,,,,43,,,"user_a
user_h","Domain_D\user_a
Domain_D\user_h","Domain_D\",,"A user account was created",,WinEventLog,user,,,,,,,Windows,,,"//_::_==___.====-=__===_=____._:_t_:_\t_:_t_:_t_:_",,,,0x6C10,informational,0,,,"A user account was created",4720,"WinEventLog:Security",WinEventLog,"prd-p-g7nxxbgc3hgl",,,,,,,,,,,,,,,"Domain_D",,,,,,,,,,"user_a",,,,,,,,,,,,,,,,,false,,,,,success,,"A user account was created",failure,"Account Management",,"account
add
change
management
os
security
windows",,,,,,,,,"account
add
change
management
os
security
windows",,,,,,,,,,,,,,,22,0,,"user_h",,,,,,952,,,,,,,,,,,,,false,,,,,Microsoft,,
,"Domain_B
Domain_B",,"ACME-003
user_j",,,,,,,Kerberos,,,,,,,,,,,,,,,,"ACME-003",,,,,,,,No,"-",4624,"An account was successfully logged on",0,,,,,,,,,,,Identification,,,0,,,"Audit Success",6B40,,,,Security,,,"{0887F1E4-39EA-D53C-804F-31D568A06274}",,"0x70E4
0xB111",Winlogon,3,,,,,,,"An account was successfully logged on.

Subject:
 Security ID:  Domain_B\SYSTEM
 Account Name:  ACME-003
 Account Domain:  Domain_B
 Logon ID:  0x70E4

Logon Information:
 Logon Type:  3
 Restricted Admin Mode: No
 Virtual Account:  Yes
 Elevated Token:  No

Impersonation Level:  Identification

New Logon:
 Security ID:  Domain_B\user_j
 Account Name:  user_j
 Account Domain:  Domain_B
 Logon ID:  0xB111
 Linked Logon ID:  6B40
 Network Account Name: -
 Network Account Domain: Domain_A
 Logon GUID:  {0887F1E4-39EA-D53C-804F-31D568A06274}

Process Information:
 Process ID:  0x59A3
 Process Name:  C:\Windows\System32\example_d.exe

Network Information:
 Workstation Name: ACME-003
 Source Network Address: -
 Source Port:  16910

Detailed Authentication Information:
 Logon Process:  Winlogon 
 Authentication Package: Kerberos
 Transited Services: -
 Package Name (NTLM only): -
 Key Length:  0

This event is generated when a logon session is created. It is generated on the computer that was accessed.

The subject fields indicate the account on the local system which requested the logon. This is most commonly a service such as the Server service, or a local process such as 8B4BF.exe or 8B4BF.exe.

The logon type field indicates the kind of logon that occurred. The most common types are 2 (interactive) and 3 (network).

The New Logon fields indicate the account for whom the new logon was created, i.e. the account that was logged on.

The network fields indicate where a remote logon request originated. Workstation name is not always available and may be left blank in some cases.

The impersonation level field indicates the extent to which a process in the logon session can impersonate.

The authentication information fields provide detailed information about this specific logon request.
 - Logon GUID is a unique identifier that can be used to correlate this event with a KDC event.
 - Transited services indicate which intermediate services have participated in this logon request.
 - Package name indicates which sub-protocol was used among the NTLM protocols.
 - Key length indicates the length of the generated session key. This will be 0 if no session key was requested.",,,,"Domain_A","-",,,,,,,,,,Info,,"-",,,,,,,,,,0x59A3,"C:\Windows\System32\example_d.exe",,,741471024,No,,,,,"Domain_B\SYSTEM
Domain_B\user_j",,,"Microsoft Windows security auditing.","-",16910,,,,,,,,,,,,,,,,,Logon,,,,"-",Information,,,,,,,,Yes,,,"ACME-003","02/13/2020 08:03:48 PM
LogName=Security
SourceName= Microsoft Windows security auditing.
EventCode=4624
EventType=0
Type=Information
ComputerName=ACME-003
TaskCategory=Logon
OpCode=Info
RecordNumber=741471024
Keywords=Audit Success
Message=An account was successfully logged on.

Subject:
 Security ID:  Domain_B\SYSTEM
 Account Name:  ACME-003
 Account Domain:  Domain_B
 Logon ID:  0x70E4

Logon Information:
 Logon Type:  3
 Restricted Admin Mode: No
 Virtual Account:  Yes
 Elevated Token:  No

Impersonation Level:  Identification

New Logon:
 Security ID:  Domain_B\user_j
 Account Name:  user_j
 Account Domain:  Domain_B
 Logon ID:  0xB111
 Linked Logon ID:  6B40
 Network Account Name: -
 Network Account Domain: Domain_A
 Logon GUID:  {0887F1E4-39EA-D53C-804F-31D568A06274}

Process Information:
 Process ID:  0x59A3
 Process Name:  C:\Windows\System32\example_d.exe

Network Information:
 Workstation Name: ACME-003
 Source Network Address: -
 Source Port:  16910

Detailed Authentication Information:
 Logon Process:  Winlogon 
 Authentication Package: Kerberos
 Transited Services: -
 Package Name (NTLM only): -
 Key Length:  0

This event is generated when a logon session is created. It is generated on the computer that was accessed.

The subject fields indicate the account on the local system which requested the logon. This is most commonly a service such as the Server service, or a local process such as 8B4BF.exe or 8B4BF.exe.

The logon type field indicates the kind of logon that occurred. The most common types are 2 (interactive) and 3 (network).

The New Logon fields indicate the account for whom the new logon was created, i.e. the account that was logged on.

The network fields indicate where a remote logon request originated. Workstation name is not always available and may be left blank in some cases.

The impersonation level field indicates the extent to which a process in the logon session can impersonate.

The authentication information fields provide detailed information about this specific logon request.
 - Logon GUID is a unique identifier that can be used to correlate this event with a KDC event.
 - Transited services indicate which intermediate services have participated in this logon request.
 - Package name indicates which sub-protocol was used among the NTLM protocols.
 - Key length indicates the length of the generated session key. This will be 0 if no session key was requested.

","2020-02-13T20:03:48.000+0000",success,"win:remote","An account was successfully logged on.

Subject:
 Security ID:  Domain_B\SYSTEM
 Account Name:  ACME-003
 Account Domain:  Domain_B
 Logon ID:  0x70E4

Logon Information:
 Logon Type:  3
 Restricted Admin Mode: No
 Virtual Account:  Yes
 Elevated Token:  No

Impersonation Level:  Identification

New Logon:
 Security ID:  Domain_B\user_j
 Account Name:  user_j
 Account Domain:  Domain_B
 Logon ID:  0xB111
 Linked Logon ID:  6B40
 Network Account Name: -
 Network Account Domain: Domain_A
 Logon GUID:  {0887F1E4-39EA-D53C-804F-31D568A06274}

Process Information:
 Process ID:  0x59A3
 Process Name:  C:\Windows\System32\example_d.exe

Network Information:
 Workstation Name: ACME-003
 Source Network Address: -
 Source Port:  16910

Detailed Authentication Information:
 Logon Process:  Winlogon 
 Authentication Package: Kerberos
 Transited Services: -
 Package Name (NTLM only): -
 Key Length:  0

This event is generated when a logon session is created. It is generated on the computer that was accessed.

The subject fields indicate the account on the local system which requested the logon. This is most commonly a service such as the Server service, or a local process such as 8B4BF.exe or 8B4BF.exe.

The logon type field indicates the kind of logon that occurred. The most common types are 2 (interactive) and 3 (network).

The New Logon fields indicate the account for whom the new logon was created, i.e. the account that was logged on.

The network fields indicate where a remote logon request originated. Workstation name is not always available and may be left blank in some cases.

The impersonation level field indicates the extent to which a process in the logon session can impersonate.

The authentication information fields provide detailed information about this specific logon request.
 - Logon GUID is a unique identifier that can be used to correlate this event with a KDC event.
 - Transited services indicate which intermediate services have participated in this logon request.
 - Package name indicates which sub-protocol was used among the NTLM protocols.
 - Key length indicates the length of the generated session key. This will be 0 if no session key was requested.",,Logon,,,,20,13,3,february,48,thursday,2020,local,"ACME-003",,,,,,,,,false,,,,"Domain_B","ACME-003",,untrust,,false,false,false,,"ACME-003",,,,,,,,,false,,,,"ACME-003",,untrust,,false,false,false,,741471024,"windows_logon_success wineventlog_security wineventlog_windows winsec","ACME-003",741471024,,main,,,,72,,,"ACME-003
user_j","Domain_B\SYSTEM
Domain_B\user_j","Domain_B\",,"An account was successfully logged on",,WinEventLog,,,,,,,0x59A3,Windows,,,"//_::_==____.====-====_=_____.:__:__\__:__-__:____",,,,0xB111,informational,0,,,"An account was successfully logged on",4624,"WinEventLog:Security",WinEventLog,"prd-p-g7nxxbgc3hgl",,"ACME-003",,,,,,,,,false,,,,"Domain_B","ACME-003",,untrust,16910,,false,,false,false,"ACME-003",,,,,,,,,,,,,,,,,false,,,,,success,,"An account was successfully logged on",failure,,,"authentication
os
remote
security
success
windows",,,,success,remote,,,,"authentication
os
security
windows",,,,,,,,,,,,,,,22,0,,"user_j",,,,,,,,,,,,,,,,,,,false,,,,,Microsoft,,
,"Domain_E",,"user_c",,,,,,,,,,,,,,,,,,,,,,,"ACME-005",,,,,,,,,"-",4673,"A privileged service was called",0,,,,,,,,,,,,,,,,,"Audit Success",,,,,Security,,,,,0x5FC9,,,,,,,,,"A privileged service was called.

Subject:
	Security ID:		Domain_E\user_c
	Account Name:		user_c
	Account Domain:		Domain_E
	Logon ID:		0x5FC9

Service:
	Server:	NT Local Security Authority / Authentication Service
	Service Name:	LsaRegisterLogonProcess()

Process:
	Process ID:	0xE7D1
	Process Name:	C:\Windows\System32\example_d.exe

Service Request Information:
	Privileges:		SeDebugPrivilege",,,,,,,,,,,,,,,Info,,,,,,,,,,,SeDebugPrivilege,0xE7D1,"C:\Windows\System32\example_d.exe",,,976095183,,,,,,"Domain_E\user_c","NT Local Security Authority / Authentication Service","LsaRegisterLogonProcess()","Microsoft Windows security auditing.",,,,,,,,,,,,,,,,,,,"Sensitive Privilege Use",,,,,Information,,,,,,,,,,,,"02/13/2020 08:03:48 PM
LogName=Security
SourceName=Microsoft Windows security auditing.
EventCode=4673
EventType=0
Type=Information
ComputerName=ACME-005
TaskCategory=Sensitive Privilege Use
OpCode=Info
RecordNumber=976095183
Keywords=Audit Success
Message=A privileged service was called.

Subject:
	Security ID:		Domain_E\user_c
	Account Name:		user_c
	Account Domain:		Domain_E
	Logon ID:		0x5FC9

Service:
	Server:	NT Local Security Authority / Authentication Service
	Service Name:	LsaRegisterLogonProcess()

Process:
	Process ID:	0xE7D1
	Process Name:	C:\Windows\System32\example_d.exe

Service Request Information:
	Privileges:		SeDebugPrivilege
","2020-02-13T20:03:48.000+0000",success,"win:unknown","A privileged service was called.

Subject:
	Security ID:		Domain_E\user_c
	Account Name:		user_c
	Account Domain:		Domain_E
	Logon ID:		0x5FC9

Service:
	Server:	NT Local Security Authority / Authentication Service
	Service Name:	LsaRegisterLogonProcess()

Process:
	Process ID:	0xE7D1
	Process Name:	C:\Windows\System32\example_d.exe

Service Request Information:
	Privileges:		SeDebugPrivilege",,"Sensitive Privilege Use",,,,20,13,3,february,48,thursday,2020,local,"ACME-005",,,,,,,,,false,,,,"Domain_E","ACME-005",,untrust,,false,false,false,,"ACME-005",,,,,,,,,false,,,,"ACME-005",,untrust,,false,false,false,,976095183,"windows_privileged_service_call wineventlog_security wineventlog_windows winsec","ACME-005",976095183,,main,,,,30,,,"user_c","Domain_E\user_c","Domain_E\",,"A privileged service was called",,WinEventLog,,,,,"Debug programs",SeDebugPrivilege,,Windows,,,"//_::_==___.====-=__===_=____.:t_:tt\t_:ttt_:ttt_:",,,,0x5FC9,informational,0,,,"A privileged service was called",4673,"WinEventLog:Security",WinEventLog,"prd-p-g7nxxbgc3hgl",,,,,,,,,,,,,,,"Domain_E",,,,,,,,,,,,,,,,,,,,,,,,,,,,,,,,success,,"A privileged service was called",failure,,,"execute
os
privileged
process
security
start
success
windows",,,,success,,,,,"execute
os
privileged
process
security
start
windows",,,,,,,,,,,,,,,22,0,,"user_c",,,,,,,,,,,,,,,,,,,false,,,,,Microsoft,SeDebugPrivilege,
,"Domain_D",,"user_d",,,,,,,,,,,,,,,,,,,,,,,"BUSDEV-008",,,,,,,,,"-",4689,"A process has exited",0,0x2C53CC,,,,,,,,,,,,,,,,"Audit Success",,,,,Security,,,,,0x3EC3,,,,,,,,,"A process has exited.

Subject:
	Security ID:		Domain_D\user_d
	Account Name:		user_d
	Account Domain:		Domain_D
	Logon ID:		0x3EC3

Process Information:
	Process ID:	0xA2F1
	Process Name:	C:\Windows\System32\example_g.exe
	Exit Status:	0x2C53CC",,,,,,,,,,,,,,,Info,,,,,,,,,,,,0xA2F1,"C:\Windows\System32\example_g.exe",,,595651335,,,,,,"Domain_D\user_d",,,"Microsoft Windows security auditing.",,,,,,,,,,,,,,,,,,,"Process Termination",,,,,Information,,,,,,,,,,,,"02/13/2020 08:03:48 PM
LogName=Security
SourceName=Microsoft Windows security auditing.
EventCode=4689
EventType=0
Type=Information
ComputerName=BUSDEV-008
TaskCategory=Process Termination
OpCode=Info
RecordNumber=595651335
Keywords=Audit Success
Message=A process has exited.

Subject:
	Security ID:		Domain_D\user_d
	Account Name:		user_d
	Account Domain:		Domain_D
	Logon ID:		0x3EC3

Process Information:
	Process ID:	0xA2F1
	Process Name:	C:\Windows\System32\example_g.exe
	Exit Status:	0x2C53CC
","2020-02-13T20:03:48.000+0000",success,"win:unknown","A process has exited.

Subject:
	Security ID:		Domain_D\user_d
	Account Name:		user_d
	Account Domain:		Domain_D
	Logon ID:		0x3EC3

Process Information:
	Process ID:	0xA2F1
	Process Name:	C:\Windows\System32\example_g.exe
	Exit Status:	0x2C53CC",,"Process Termination",,,,20,13,3,february,48,thursday,2020,local,"BUSDEV-008",,,,,,,,,false,,,,"Domain_D","BUSDEV-008",,untrust,,false,false,false,,"BUSDEV-008",,,,,,,,,false,,,,"BUSDEV-008",,untrust,,false,false,false,,595651335,"windows_process_exit wineventlog_security wineventlog_windows winsec","BUSDEV-008",595651335,,main,,,,24,,,"user_d","Domain_D\user_d","Domain_D\",,"A process has exited",,WinEventLog,,,,,,,,Windows,,,"//_::_==___.====-=_===_=___.:t_:tt\t_:ttt_:ttt_:tt",,,,0x3EC3,informational,0,,,"A process has exited",4689,"WinEventLog:Security",WinEventLog,"prd-p-g7nxxbgc3hgl",,,,,,,,,,,,,,,"Domain_D",,,,,,,,,,,,,,,,,,,,,,,,,,,,,,,,success,,"A process has exited",failure,,,"execute
os
process
security
stop
success
windows",,,,success,,,,,"execute
os
process
security
stop
windows",,,,,,,,,,,,,,,22,0,,"user_d",,,,,,,,,,,,,,,,,,,false,,,,,Microsoft,,
,"Domain_C
Domain_C",,"COREDEV-006
DivulgaKeizy2",,"Server_A.com",,,,,,,,,,,,,,,,,,,,,"COREDEV-006",,,,,,,,,"-",4648,"A logon was attempted using explicit credentials",0,,,,,,,,,,,,,,,,,"Audit Success",,,,,Security,,,"{27C4A2F2-13CA-AA25-E903-D31268740239}
{0887F1E4-39EA-D53C-804F-31D568A06274}",,0x70E4,,,,,,,,,"A logon was attempted using explicit credentials.
Subject:
	Security ID:  Domain_C\SYSTEM
	Account Name:  COREDEV-006
	Account Domain:  Domain_C
	Logon ID:  0x70E4
	Logon GUID:		{27C4A2F2-13CA-AA25-E903-D31268740239}
Account Whose Credentials Were Used:
	Account Name:		DivulgaKeizy2
	Account Domain:		Domain_C
	Logon GUID:		{0887F1E4-39EA-D53C-804F-31D568A06274}
Target Server:
	Target Server Name:	Server_A.com
	Additional Information:	Server_A.com
Process Information:
	Process ID:		044F
	Process Name:		C:\Windows\System32\example_d.exe
Network Information:
	Network Address:	150.43.12.189
	Port:			16024
This event is generated when a process attempts to log on an account by explicitly specifying that account's credentials. This most commonly occurs in batch-type configurations such as scheduled tasks, or when using the RUNAS command.",,,,,,"150.43.12.189",,,,,,,,,Info,,,,,,16024,,,,,,044F,"C:\Windows\System32\example_d.exe",,,601695645,,,,,,"Domain_C\SYSTEM",,,"Microsoft Windows security auditing.",,,,,,,,,,,,,,,,,"Server_A.com",,Logon,,,,,Information,,,,,,,,,,,,"02/13/2020 08:03:48 PM
LogName=Security
SourceName=Microsoft Windows security auditing.
EventCode=4648
EventType=0
Type=Information
ComputerName=COREDEV-006
TaskCategory=Logon
OpCode=Info
RecordNumber=601695645
Keywords=Audit Success
Message=A logon was attempted using explicit credentials.
Subject:
	Security ID:  Domain_C\SYSTEM
	Account Name:  COREDEV-006
	Account Domain:  Domain_C
	Logon ID:  0x70E4
	Logon GUID:		{27C4A2F2-13CA-AA25-E903-D31268740239}
Account Whose Credentials Were Used:
	Account Name:		DivulgaKeizy2
	Account Domain:		Domain_C
	Logon GUID:		{0887F1E4-39EA-D53C-804F-31D568A06274}
Target Server:
	Target Server Name:	Server_A.com
	Additional Information:	Server_A.com
Process Information:
	Process ID:		044F
	Process Name:		C:\Windows\System32\example_d.exe
Network Information:
	Network Address:	150.43.12.189
	Port:			16024
This event is generated when a process attempts to log on an account by explicitly specifying that account's credentials. This most commonly occurs in batch-type configurations such as scheduled tasks, or when using the RUNAS command.
","2020-02-13T20:03:48.000+0000",success,"win:remote","A logon was attempted using explicit credentials.
Subject:
	Security ID:  Domain_C\SYSTEM
	Account Name:  COREDEV-006
	Account Domain:  Domain_C
	Logon ID:  0x70E4
	Logon GUID:		{27C4A2F2-13CA-AA25-E903-D31268740239}
Account Whose Credentials Were Used:
	Account Name:		DivulgaKeizy2
	Account Domain:		Domain_C
	Logon GUID:		{0887F1E4-39EA-D53C-804F-31D568A06274}
Target Server:
	Target Server Name:	Server_A.com
	Additional Information:	Server_A.com
Process Information:
	Process ID:		044F
	Process Name:		C:\Windows\System32\example_d.exe
Network Information:
	Network Address:	150.43.12.189
	Port:			16024
This event is generated when a process attempts to log on an account by explicitly specifying that account's credentials. This most commonly occurs in batch-type configurations such as scheduled tasks, or when using the RUNAS command.",,Logon,,,,20,13,3,february,48,thursday,2020,local,"Server_A.com",,,,,,,,,false,,,,"Domain_C","Server_A.com",,untrust,,false,false,false,,"COREDEV-006",,,,,,,,,false,,,,"COREDEV-006",,untrust,,false,false,false,,601695645,"windows_logon_explicit wineventlog_security wineventlog_windows winsec","COREDEV-006",601695645,,main,,,,33,,,"COREDEV-006
DivulgaKeizy2","Domain_C\SYSTEM","Domain_C\",,"A logon was attempted using explicit credentials",,WinEventLog,,,,,,,,Windows,,,"//_::_==___.====-====_=______.:t_:__\t_:__-t_:__t_",,,,0x70E4,informational,0,,,"A logon was attempted using explicit credentials",4648,"WinEventLog:Security",WinEventLog,"prd-p-g7nxxbgc3hgl",,,,,,,,,,,,,,,"Domain_C",,,,,,,,,,"COREDEV-006",,,,,,,,,,,,,,,,,false,,,,,success,,"A logon was attempted using explicit credentials",failure,,,"authentication
os
privileged
remote
security
success
windows",,,,success,remote,,,,"authentication
os
privileged
security
windows",,,,,,,,,,,,,,,22,0,,DivulgaKeizy2,,,,,,,,,,,,,,,,,,,false,,,,,Microsoft,,
,"Domain_D",,"user_i",,,,,,,,,,,,,,,"Account Management","Password Policy modified",,,,,,,"BUSDEV-002",,,,,"-","Domain_D\","Domain_D",,"-",4739,"Domain Policy was changed",0,,,,"-",,,,,,,,,,,,,"Audit Success",,"-","-","-",Security,,,,,0x5F25,,,,"Min. Password Age:	-
	Max. Password Age:	-
	Force Logoff:		-
	Lockout Threshold:	-
	Lockout Observation Window:	-
	Lockout Duration:	-
	Password Properties:	-
	Min. Password Length:	6
	Password History Length:	23
	Machine Account Quota:	-
	Mixed Domain Mode:	-
	Domain Behavior Version:	-
	OEM Information:	-","-","-",,,"Domain Policy was changed.

Change Type:		Password Policy modified

Subject:
	Security ID:  Domain_D\user_i
	Account Name:  user_i
	Account Domain:  Domain_D
	Logon ID:  0x5F25

Domain:
	Domain Name:		Domain_D
	Domain ID:		Domain_D\

Changed Attributes:
	Min. Password Age:	-
	Max. Password Age:	-
	Force Logoff:		-
	Lockout Threshold:	-
	Lockout Observation Window:	-
	Lockout Duration:	-
	Password Properties:	-
	Min. Password Length:	6
	Password History Length:	23
	Machine Account Quota:	-
	Mixed Domain Mode:	-
	Domain Behavior Version:	-
	OEM Information:	-

Additional Information:
	Privileges:		-","-",6,"-",,,,,,,,,,"-",,Info,,,23,,"-",,,,,,"-",,,,,764423891,,,,,,"Domain_D\user_i",,,"Microsoft Windows security auditing.",,,,,,,,,,,,,,,,,,,"Authentication Policy Change",,,,,Information,,,,,,,,,,,,"02/13/2020 08:03:48 PM
LogName=Security
SourceName=Microsoft Windows security auditing.
EventCode=4739
EventType=0
Type=Information
ComputerName=BUSDEV-002
TaskCategory=Authentication Policy Change
OpCode=Info
RecordNumber=764423891
Keywords=Audit Success
Message=Domain Policy was changed.

Change Type:		Password Policy modified

Subject:
	Security ID:  Domain_D\user_i
	Account Name:  user_i
	Account Domain:  Domain_D
	Logon ID:  0x5F25

Domain:
	Domain Name:		Domain_D
	Domain ID:		Domain_D\

Changed Attributes:
	Min. Password Age:	-
	Max. Password Age:	-
	Force Logoff:		-
	Lockout Threshold:	-
	Lockout Observation Window:	-
	Lockout Duration:	-
	Password Properties:	-
	Min. Password Length:	6
	Password History Length:	23
	Machine Account Quota:	-
	Mixed Domain Mode:	-
	Domain Behavior Version:	-
	OEM Information:	-

Additional Information:
	Privileges:		-
","2020-02-13T20:03:48.000+0000",success,"win:unknown","Domain Policy was changed.

Change Type:		Password Policy modified

Subject:
	Security ID:  Domain_D\user_i
	Account Name:  user_i
	Account Domain:  Domain_D
	Logon ID:  0x5F25

Domain:
	Domain Name:		Domain_D
	Domain ID:		Domain_D\

Changed Attributes:
	Min. Password Age:	-
	Max. Password Age:	-
	Force Logoff:		-
	Lockout Threshold:	-
	Lockout Observation Window:	-
	Lockout Duration:	-
	Password Properties:	-
	Min. Password Length:	6
	Password History Length:	23
	Machine Account Quota:	-
	Mixed Domain Mode:	-
	Domain Behavior Version:	-
	OEM Information:	-

Additional Information:
	Privileges:		-",,"Authentication Policy Change",,,,20,13,3,february,48,thursday,2020,local,"BUSDEV-002",,,,,,,,,false,,,,"Domain_D","BUSDEV-002",,untrust,,false,false,false,,"BUSDEV-002",,,,,,,,,false,,,,"BUSDEV-002",,untrust,,false,false,false,,764423891,"windows_account_management windows_security_misconfiguration_password_minimum_length wineventlog_security wineventlog_windows winsec","BUSDEV-002",764423891,,main,,,,43,,,"user_i","Domain_D\user_i","Domain_D\",,"Domain Policy was changed",,WinEventLog,,,,,,"-",,Windows,,,"//_::_==___.====-=__===_=___._:tt__:t_:__\t_:__t_:",,,,0x5F25,high,0,,,"Domain Policy was changed",4739,"WinEventLog:Security",WinEventLog,"prd-p-g7nxxbgc3hgl",,,,,,,,,,,,,,,"Domain_D",,,,,,,,,,,,,,,,,,,,,,,,,,,,,,,,success,,"Domain Policy was changed",failure,"Account Management",,"account
audit
change
management
misconfiguration
os
password
policy
report
security
success
vulnerability
windows",,,,success,,,,,"account
audit
change
management
misconfiguration
os
password
policy
report
security
vulnerability
windows",,,,,,,,,,,,,,,22,0,,"user_i",,,,,,,,,,,,,,,,,,,false,,,,,Microsoft,"-",
SeNetworkLogonRight,"Domain_B",,"SE-001
Domain_B\user_i",,,,,,,,,,,,,,,,,,,,,,,"SE-001",,,,,,,,,"-",4717,"System security access was granted to an account",0,,,,,,,,,,,,,,,,,"Audit Success",,,,,Security,,,,,0x5F25,,,,,,,,,"System security access was granted to an account.

