Additional Information:
 Privileges:  SeRestorePrivilege",,"User Account Management",user,,,20,13,3,february,53,thursday,2020,local,"BUSDEV-003",,,,,,,,,false,,,,"Domain_C","BUSDEV-003",,untrust,,false,false,false,,"BUSDEV-003",,,,,,,,,false,,,,"BUSDEV-003",,untrust,,false,false,false,,148373966,"windows_account_management windows_account_modified wineventlog_security wineventlog_windows winsec","BUSDEV-003",148373966,,main,,,,47,,,"user_e
user_e","Domain_C\user_e
Domain_C\user_e","Domain_C\",,"A user account was changed",,WinEventLog,user,,,,"Restore files and directories",SeRestorePrivilege,,Windows,,,"//_::_==___.====-=__===_=____.:__:__\__:____:____:",,,,0x0452,informational,0,,,"A user account was changed",4738,"WinEventLog:Security",WinEventLog,"prd-p-g7nxxbgc3hgl",,,,,,,,,,,,,,,"Domain_C",,,,,,,,,,"user_e",,,,,,,,,,,,,,,,,false,,,,,success,,"A user account was changed",failure,"Account Management",,"account
change
management
modify
os
security
windows",,,,,,,,,"account
change
management
modify
os
security
windows",,,,,,,,,,,,,,,22,0,,"user_e",,,,,,337,,,,,,,,,,,,,false,,,,,Microsoft,SeRestorePrivilege,
,"Domain_A",,"user_i",,,,,,,,,,,,,,,,,,,,,,,"BUSDEV-007",,,,,,,,,"-",1102,"The audit log was cleared",4,,,,,,,,,,,,,,,,,"Audit Success",,,,,Security,,,,,0x5F25,,,,,,,,,"The audit log was cleared.
Subject:
	Security ID:		Domain_A\user_i
	Account Name:		user_i
	Account Domain:		Domain_A
	Logon ID:		0x5F25",,,,,,,,,,,,,,,Info,,,,,,,,,,,,,,,,501309428,,,,,,"Domain_A\user_i",,,"Microsoft-Windows-Eventlog",,,,,,,,,,,,,,,,,,,"Log clear",,,,,Information,,,,,,,,,,,,"02/13/2020 08:03:53 PM
LogName=Security
SourceName=Microsoft-Windows-Eventlog
EventCode=1102
EventType=4
Type=Information
ComputerName=BUSDEV-007
TaskCategory=Log clear
OpCode=Info
RecordNumber=501309428
Keywords=Audit Success
Message=The audit log was cleared.
Subject:
	Security ID:		Domain_A\user_i
	Account Name:		user_i
	Account Domain:		Domain_A
	Logon ID:		0x5F25
","2020-02-13T20:03:53.000+0000",cleared,"win:unknown","The audit log was cleared.
Subject:
	Security ID:		Domain_A\user_i
	Account Name:		user_i
	Account Domain:		Domain_A
	Logon ID:		0x5F25",,"Log clear",audit,,,20,13,3,february,53,thursday,2020,local,"BUSDEV-007",,,,,,,,,false,,,,"Domain_A","BUSDEV-007",,untrust,,false,false,false,,"BUSDEV-007",,,,,,,,,false,,,,"BUSDEV-007",,untrust,,false,false,false,,501309428,"windows_audit_log_cleared wineventlog_security wineventlog_windows winsec","BUSDEV-007",501309428,,main,,,,18,,,"user_i","Domain_A\user_i","Domain_A\",,"The audit log was cleared",,WinEventLog,audit,,,,,,,Windows,,,"//_::_==--====-=_===_=____.:t_:tt\t_:ttt_:ttt_:tt",,,,0x5F25,informational,4,,,"The audit log was cleared",1102,"WinEventLog:Security",WinEventLog,"prd-p-g7nxxbgc3hgl",,,,,,,,,,,,,,,"Domain_A",,,,,,,,,,,,,,,,,,,,,,,,,,,,,,,,success,,"The audit log was cleared",failure,,,"audit
change
cleared
delete
endpoint
os
security
watchlist
windows",,,,,,,,,"audit
change
cleared
delete
endpoint
os
security
watchlist
windows",,,,,,,,,,,,,,,22,0,,"user_i",,,,,,,,,,,,,,,,,,,false,,,,,Microsoft,,
,"Domain_B
Domain_B","<never>","user_f
user_h",,,,"server_1/coumputer_a",,,,,,,,,,,"Account Management",,,,,,,,"SE-004",,,ddd,,,,,,"-",4738,"A user account was changed",0,,,,,,,,"\a\g","E:",,,,,,,,"Audit Success",,,,,Security,,,,All,0xA369,,,,"SAM Account Name: user_a
 Display Name:  ddd
 User Principal Name: ccc@AAA.local
 Home Directory:  \a\g
 Home Drive:  E:
 Script Path:  <value not set>
 Profile Path:  \a\b\c
 User Workstations: <value not set>
 Password Last Set: 2020-02-13 20:03:52 PM
 Account Expires:  <never>
 Primary Group ID: 695
 AllowedToDelegateTo: server_1/coumputer_a
 Old UAC Value:  BCA40E5
 New UAC Value:  3F49786
 User Account Control: WORKSTATION_TRUST_ACCOUNT - Enabled
 User Parameters: <value changed, but not displayed>
 SID History:  Domain_a/aaa
 Logon Hours:  All",,,,,"A User account was changed.

Subject:
 Security ID:  Domain_B\user_f
 Account Name:  user_f
 Account Domain:  Domain_B
 Logon ID:  0xA369

Target Account:
 Security ID:  Domain_B\user_h
 Account Name:  user_h
 Account Domain:  Domain_B

Changed Attributes:
 SAM Account Name: user_a
 Display Name:  ddd
 User Principal Name: ccc@AAA.local
 Home Directory:  \a\g
 Home Drive:  E:
 Script Path:  <value not set>
 Profile Path:  \a\b\c
 User Workstations: <value not set>
 Password Last Set: 2020-02-13 20:03:52 PM
 Account Expires:  <never>
 Primary Group ID: 695
 AllowedToDelegateTo: server_1/coumputer_a
 Old UAC Value:  BCA40E5
 New UAC Value:  3F49786
 User Account Control: WORKSTATION_TRUST_ACCOUNT - Enabled
 User Parameters: <value changed, but not displayed>
 SID History:  Domain_a/aaa
 Logon Hours:  All

Additional Information:
 Privileges:  -",,,,,,,,,,,,3F49786,,BCA40E5,Info,,,,"2020-02-13 20:03:52 PM",,,,695,,,"-",,,"\a\b\c",,578853397,,,"user_a","Domain_a/aaa","<value not set>","Domain_B\user_f
Domain_B\user_h",,,"Microsoft Windows security auditing.",,,,,,,,,,,,,,,,,,,"User Account Management",,,,,Information,,"WORKSTATION_TRUST_ACCOUNT - Enabled",,,"<value changed, but not displayed>","ccc@AAA.local","<value not set>",,,,,"02/13/2020 08:03:52 PM
LogName=Security
SourceName=Microsoft Windows security auditing.
EventCode=4738
EventType=0
Type=Information
ComputerName=SE-004
TaskCategory=User Account Management
OpCode=Info
RecordNumber=578853397
Keywords=Audit Success
Message=A User account was changed.

Subject:
 Security ID:  Domain_B\user_f
 Account Name:  user_f
 Account Domain:  Domain_B
 Logon ID:  0xA369

Target Account:
 Security ID:  Domain_B\user_h
 Account Name:  user_h
 Account Domain:  Domain_B

Changed Attributes:
 SAM Account Name: user_a
 Display Name:  ddd
 User Principal Name: ccc@AAA.local
 Home Directory:  \a\g
 Home Drive:  E:
 Script Path:  <value not set>
 Profile Path:  \a\b\c
 User Workstations: <value not set>
 Password Last Set: 2020-02-13 20:03:52 PM
 Account Expires:  <never>
 Primary Group ID: 695
 AllowedToDelegateTo: server_1/coumputer_a
 Old UAC Value:  BCA40E5
 New UAC Value:  3F49786
 User Account Control: WORKSTATION_TRUST_ACCOUNT - Enabled
 User Parameters: <value changed, but not displayed>
 SID History:  Domain_a/aaa
 Logon Hours:  All

Additional Information:
 Privileges:  -
","2020-02-13T20:03:52.000+0000",modified,"win:unknown","A User account was changed.

Subject:
 Security ID:  Domain_B\user_f
 Account Name:  user_f
 Account Domain:  Domain_B
 Logon ID:  0xA369

Target Account:
 Security ID:  Domain_B\user_h
 Account Name:  user_h
 Account Domain:  Domain_B

Changed Attributes:
 SAM Account Name: user_a
 Display Name:  ddd
 User Principal Name: ccc@AAA.local
 Home Directory:  \a\g
 Home Drive:  E:
 Script Path:  <value not set>
 Profile Path:  \a\b\c
 User Workstations: <value not set>
 Password Last Set: 2020-02-13 20:03:52 PM
 Account Expires:  <never>
 Primary Group ID: 695
 AllowedToDelegateTo: server_1/coumputer_a
 Old UAC Value:  BCA40E5
 New UAC Value:  3F49786
 User Account Control: WORKSTATION_TRUST_ACCOUNT - Enabled
 User Parameters: <value changed, but not displayed>
 SID History:  Domain_a/aaa
 Logon Hours:  All

Additional Information:
 Privileges:  -",,"User Account Management",user,,,20,13,3,february,52,thursday,2020,local,"SE-004",,,,,,,,,false,,,,"Domain_B","SE-004",,untrust,,false,false,false,,"SE-004",,,,,,,,,false,,,,"SE-004",,untrust,,false,false,false,,578853397,"windows_account_management windows_account_modified wineventlog_security wineventlog_windows winsec","SE-004",578853397,,main,,,,47,,,"user_f
user_h","Domain_B\user_f
Domain_B\user_h","Domain_B\",,"A user account was changed",,WinEventLog,user,,,,,"-",,Windows,,,"//_::_==___.====-=__===_=____.:__:__\__:____:____:",,,,0xA369,informational,0,,,"A user account was changed",4738,"WinEventLog:Security",WinEventLog,"prd-p-g7nxxbgc3hgl",,,,,,,,,,,,,,,"Domain_B",,,,,,,,,,"user_f",,,,,,,,,,,,,,,,,false,,,,,success,,"A user account was changed",failure,"Account Management",,"account
change
management
modify
os
security
windows",,,,,,,,,"account
change
management
modify
os
security
windows",,,,,,,,,,,,,,,22,0,,"user_h",,,,,,695,,,,,,,,,,,,,false,,,,,Microsoft,"-",
,"Domain_C
Domain_C","<never>","user_f
user_a",,,,,"-",,,,,,,,,,"Account Management",,,,,,,,"HOST-001",,,ddd,,,,,,"-",4720,"A user account was created",0,,,,,,,,"\a\b\c","F:",,,,,,,,"Audit Success",,,,,Security,,,,All,0xA369,,,,"SAM Account Name: user_d
	Display Name: ddd
	User Principal Name: -
	Home Directory: \a\b\c
	Home Drive: F:
	Script Path: \f
	Profile Path: \a
	User Workstations: <value not set>
	Password Last Set: 2020-02-13 20:03:52 PM
	Account Expires: <never>
	Primary Group ID: 718
	Allowed To Delegate To: -
	Old UAC Value: C2361AC
	New UAC Value: AFC7047
	User Account Control: SMARTCARD_REQUIRED - Enabled
	User Parameters: <value not set>
	SID History: Domain_b/bbb
	Logon Hours: All",,,,,"A User account was created. 
Subject: 
	Security ID: Domain_C\user_f
	Account Name: user_f
	Account Domain: Domain_C
	Logon ID: 0xA369
New Account: 
	Security ID: Domain_C\user_a
	Account Name: user_a
	Account Domain: Domain_C
Attributes: 
	SAM Account Name: user_d
	Display Name: ddd
	User Principal Name: -
	Home Directory: \a\b\c
	Home Drive: F:
	Script Path: \f
	Profile Path: \a
	User Workstations: <value not set>
	Password Last Set: 2020-02-13 20:03:52 PM
	Account Expires: <never>
	Primary Group ID: 718
	Allowed To Delegate To: -
	Old UAC Value: C2361AC
	New UAC Value: AFC7047
	User Account Control: SMARTCARD_REQUIRED - Enabled
	User Parameters: <value not set>
	SID History: Domain_b/bbb
	Logon Hours: All
Additional Information:
	Privileges -",,,,,,,,,,,,AFC7047,,C2361AC,Info,,,,"2020-02-13 20:03:52 PM",,,,718,,,,,,"\a",,786173415,,,"user_d","Domain_b/bbb","\f","Domain_C\user_f
Domain_C\user_a",,,"Microsoft Windows security auditing.",,,,,,,,,,,,,,,,,,,"User Account Management",,,,,Information,,"SMARTCARD_REQUIRED - Enabled",,,"<value not set>","-","<value not set>",,,,,"02/13/2020 08:03:52 PM
LogName=Security
SourceName=Microsoft Windows security auditing.
EventCode=4720
EventType=0
Type=Information
ComputerName=HOST-001
TaskCategory=User Account Management
OpCode=Info
RecordNumber=786173415
Keywords=Audit Success
Message=A User account was created. 
Subject: 
	Security ID: Domain_C\user_f
	Account Name: user_f
	Account Domain: Domain_C
	Logon ID: 0xA369
New Account: 
	Security ID: Domain_C\user_a
	Account Name: user_a
	Account Domain: Domain_C
Attributes: 
	SAM Account Name: user_d
	Display Name: ddd
	User Principal Name: -
	Home Directory: \a\b\c
	Home Drive: F:
	Script Path: \f
	Profile Path: \a
	User Workstations: <value not set>
	Password Last Set: 2020-02-13 20:03:52 PM
	Account Expires: <never>
	Primary Group ID: 718
	Allowed To Delegate To: -
	Old UAC Value: C2361AC
	New UAC Value: AFC7047
	User Account Control: SMARTCARD_REQUIRED - Enabled
	User Parameters: <value not set>
	SID History: Domain_b/bbb
	Logon Hours: All
Additional Information:
	Privileges -
","2020-02-13T20:03:52.000+0000",created,"win:unknown","A User account was created. 
Subject: 
	Security ID: Domain_C\user_f
	Account Name: user_f
	Account Domain: Domain_C
	Logon ID: 0xA369
New Account: 
	Security ID: Domain_C\user_a
	Account Name: user_a
	Account Domain: Domain_C
Attributes: 
	SAM Account Name: user_d
	Display Name: ddd
	User Principal Name: -
	Home Directory: \a\b\c
	Home Drive: F:
	Script Path: \f
	Profile Path: \a
	User Workstations: <value not set>
	Password Last Set: 2020-02-13 20:03:52 PM
	Account Expires: <never>
	Primary Group ID: 718
	Allowed To Delegate To: -
	Old UAC Value: C2361AC
	New UAC Value: AFC7047
	User Account Control: SMARTCARD_REQUIRED - Enabled
	User Parameters: <value not set>
	SID History: Domain_b/bbb
	Logon Hours: All
Additional Information:
	Privileges -",,"User Account Management",user,,,20,13,3,february,52,thursday,2020,local,"HOST-001",,,,,,,,,false,,,,"Domain_C","HOST-001",,untrust,,false,false,false,,"HOST-001",,,,,,,,,false,,,,"HOST-001",,untrust,,false,false,false,,786173415,"windows_account_created windows_account_management wineventlog_security wineventlog_windows winsec","HOST-001",786173415,,main,,,,43,,,"user_f
user_a","Domain_C\user_f
Domain_C\user_a","Domain_C\",,"A user account was created",,WinEventLog,user,,,,,,,Windows,,,"//_::_==___.====-=__===_=____._:_t_:_\t_:_t_:_t_:_",,,,0xA369,informational,0,,,"A user account was created",4720,"WinEventLog:Security",WinEventLog,"prd-p-g7nxxbgc3hgl",,,,,,,,,,,,,,,"Domain_C",,,,,,,,,,"user_f",,,,,,,,,,,,,,,,,false,,,,,success,,"A user account was created",failure,"Account Management",,"account
add
change
management
os
security
windows",,,,,,,,,"account
add
change
management
os
security
windows",,,,,,,,,,,,,,,22,0,,"user_a",,,,,,718,,,,,,,,,,,,,false,,,,,Microsoft,,
,"Domain_D",,"user_n",,,,,,,,,,,,,,,,,,,,,,,"COREDEV-003",,,,,,,,,"-",4672,"Special privileges assigned to new logon",0,,,,,,,,,,,,,,,,,"Audit Success",,,,,Security,,,,,0x4D76,,,,,,,,,"Special privileges assigned to new logon.
Subject:
	Security ID:		Domain_D\user_n
	Account Name:		user_n
	Account Domain:		Domain_D
	Logon ID:		0x4D76
Privileges:	SeSecurityPrivilege
			SeTakeOwnershipPrivilege
			SeLoadDriverPrivilege
			SeBackupPrivilege
			SeRestorePrivilege
			SeDebugPrivilege
			SeSystemEnvironmentPrivilege
			SeImpersonatePrivilege",,,,,,,,,,,,,,,Info,,,,,,,,,,,SeSecurityPrivilege,,,,,684893470,,,,,,"Domain_D\user_n",,,"Microsoft Windows security auditing.",,,,,,,,,,,,,,,,,,,"Special Logon",,,,,Information,,,,,,,,,,,,"02/13/2020 08:03:51 PM
LogName=Security
SourceName=Microsoft Windows security auditing.
EventCode=4672
EventType=0
Type=Information
ComputerName=COREDEV-003
TaskCategory=Special Logon
OpCode=Info
RecordNumber=684893470
Keywords=Audit Success
Message=Special privileges assigned to new logon.
Subject:
	Security ID:		Domain_D\user_n
	Account Name:		user_n
	Account Domain:		Domain_D
	Logon ID:		0x4D76
Privileges:	SeSecurityPrivilege
			SeTakeOwnershipPrivilege
			SeLoadDriverPrivilege
			SeBackupPrivilege
			SeRestorePrivilege
			SeDebugPrivilege
			SeSystemEnvironmentPrivilege
			SeImpersonatePrivilege
","2020-02-13T20:03:51.000+0000",success,"win:unknown","Special privileges assigned to new logon.
Subject:
	Security ID:		Domain_D\user_n
	Account Name:		user_n
	Account Domain:		Domain_D
	Logon ID:		0x4D76
Privileges:	SeSecurityPrivilege
			SeTakeOwnershipPrivilege
			SeLoadDriverPrivilege
			SeBackupPrivilege
			SeRestorePrivilege
			SeDebugPrivilege
			SeSystemEnvironmentPrivilege
			SeImpersonatePrivilege",,"Special Logon",,,,20,13,3,february,51,thursday,2020,local,"COREDEV-003",,,,,,,,,false,,,,"Domain_D","COREDEV-003",,untrust,,false,false,false,,"COREDEV-003",,,,,,,,,false,,,,"COREDEV-003",,untrust,,false,false,false,,684893470,"windows_special_privileges wineventlog_security wineventlog_windows winsec","COREDEV-003",684893470,,main,,,,26,,,"user_n","Domain_D\user_n","Domain_D\",,"Special privileges assigned to new logon",,WinEventLog,,,,,"Manage auditing and security log
Take ownership of files or other objects
Load and unload device drivers
Back up files and directories
Restore files and directories
Debug programs
Modify firmware environment values
Impersonate a Client After Authentication","SeSecurityPrivilege
SeTakeOwnershipPrivilege
SeLoadDriverPrivilege
SeBackupPrivilege
SeRestorePrivilege
SeDebugPrivilege
SeSystemEnvironmentPrivilege
SeImpersonatePrivilege",,Windows,,,"//_::_==___.====-=_===_=_____.:t_:tt\t_:ttt_:ttt_:",,,,0x4D76,informational,0,,,"Special privileges assigned to new logon",4672,"WinEventLog:Security",WinEventLog,"prd-p-g7nxxbgc3hgl",,,,,,,,,,,,,,,"Domain_D",,,,,,,,,,,,,,,,,,,,,,,,,,,,,,,,success,,"Special privileges assigned to new logon",failure,,,"audit
authentication
os
privileged
security
success
windows",,,,success,,,,,"authentication
os
privileged
security
windows",,audit,,,,,,,,,,,,,22,0,,"user_n",,,,,,,,,,,,,,,,,,,false,,,,,Microsoft,"SeSecurityPrivilege
			SeTakeOwnershipPrivilege
			SeLoadDriverPrivilege
			SeBackupPrivilege
			SeRestorePrivilege
			SeDebugPrivilege
			SeSystemEnvironmentPrivilege
			SeImpersonatePrivilege",
,"Domain_C",,"user_b
user_l",,,,,,,,"SE-006",,,,,,,"Account Management",,,,,,,,"SE-006",,,,,,,,,"-",4740,"A user account was locked out",0,,,,,,,,,,,,,,,,,"Audit Success",,,,,Security,,,,,0x3A81,,,,,,,,,"A user account was locked out. 
Subject: 
	Security ID: Domain_C\user_b 
	Account Name: user_b
	Account Domain: Domain_C
	Logon ID: 0x3A81
Account That Was Locked Out: 
	Security ID: Domain_C\user_l 
	Account Name: user_l
Additional Information: 
	Caller Computer Name: SE-006",,,,,,,,,,,,,,,Info,,,,,,,,,,,,,,,,429342586,,,,,,"Domain_C\user_b
Domain_C\user_l",,,"Microsoft Windows security auditing.",,,,,,,,,,,,,,,,,,,"User Account Management",,,,,Information,,,,,,,,,,,,"02/13/2020 08:03:51 PM 
LogName=Security 
SourceName=Microsoft Windows security auditing.
EventCode=4740 
EventType=0 
Type=Information
ComputerName=SE-006 
TaskCategory=User Account Management
OpCode=Info 
RecordNumber=429342586
Keywords=Audit Success
Message=A user account was locked out. 
Subject: 
	Security ID: Domain_C\user_b 
	Account Name: user_b
	Account Domain: Domain_C
	Logon ID: 0x3A81
Account That Was Locked Out: 
	Security ID: Domain_C\user_l 
	Account Name: user_l
Additional Information: 
	Caller Computer Name: SE-006
","2020-02-13T20:03:51.000+0000",modified,"win:unknown","A user account was locked out. 
Subject: 
	Security ID: Domain_C\user_b 
	Account Name: user_b
	Account Domain: Domain_C
	Logon ID: 0x3A81
Account That Was Locked Out: 
	Security ID: Domain_C\user_l 
	Account Name: user_l
Additional Information: 
	Caller Computer Name: SE-006",,"User Account Management",user,,,20,13,3,february,51,thursday,2020,local,"SE-006",,,,,,,,,false,,,,"Domain_C","SE-006",,untrust,,false,false,false,,"SE-006",,,,,,,,,false,,,,"SE-006 ",,untrust,,false,false,false,,429342586,"windows_account_lockout windows_account_management wineventlog_security wineventlog_windows winsec","SE-006 ",429342586,,main,,,,23,,,"user_b
user_l","Domain_C\user_b
Domain_C\user_l","Domain_C\","locked out","A user account was locked out",,WinEventLog,user,,,,,,,Windows,,,"//_::__=_=___.=_=_==-_=__=_==_=_____._:_t_:_\_t_:_",,,lockout,0x3A81,informational,0,,,"A user account was locked out",4740,"WinEventLog:Security",WinEventLog,"prd-p-g7nxxbgc3hgl",,,,,,,,,,,,,,,"Domain_C\user_b
Domain_C","SE-006",,,,,,,,,"user_b",,,,,,,,,,,,,,,,,false,,,,,success,,"A user account was locked out",failure,"Account Management",,"account
change
lock
lockout
management
os
security
windows",,,,,,,,,"account
change
lock
lockout
management
os
security
windows",,,,,,,,,,,,,,,22,0,,"user_l",,,,,,,,,,,,,,,,,,,false,,,,,Microsoft,,
,"Domain_C",,"user_k",,,,,,,,,,,,,,,,,,,,,,,"BUSDEV-006",,,,,,,,,"-",4689,"A process has exited",0,0xF5AC09,,,,,,,,,,,,,,,,"Audit Success",,,,,Security,,,,,0xBAC3,,,,,,,,,"A process has exited.

Subject:
	Security ID:		Domain_C\user_k
	Account Name:		user_k
	Account Domain:		Domain_C
	Logon ID:		0xBAC3

Process Information:
	Process ID:	0x02BE
	Process Name:	C:\Windows\System32\example_g.exe
	Exit Status:	0xF5AC09",,,,,,,,,,,,,,,Info,,,,,,,,,,,,0x02BE,"C:\Windows\System32\example_g.exe",,,732480418,,,,,,"Domain_C\user_k",,,"Microsoft Windows security auditing.",,,,,,,,,,,,,,,,,,,"Process Termination",,,,,Information,,,,,,,,,,,,"02/13/2020 08:03:51 PM
LogName=Security
SourceName=Microsoft Windows security auditing.
EventCode=4689
EventType=0
Type=Information
ComputerName=BUSDEV-006
TaskCategory=Process Termination
OpCode=Info
RecordNumber=732480418
Keywords=Audit Success
Message=A process has exited.

Subject:
	Security ID:		Domain_C\user_k
	Account Name:		user_k
	Account Domain:		Domain_C
	Logon ID:		0xBAC3

Process Information:
	Process ID:	0x02BE
	Process Name:	C:\Windows\System32\example_g.exe
	Exit Status:	0xF5AC09
","2020-02-13T20:03:51.000+0000",success,"win:unknown","A process has exited.

Subject:
	Security ID:		Domain_C\user_k
	Account Name:		user_k
	Account Domain:		Domain_C
	Logon ID:		0xBAC3

Process Information:
	Process ID:	0x02BE
	Process Name:	C:\Windows\System32\example_g.exe
	Exit Status:	0xF5AC09",,"Process Termination",,,,20,13,3,february,51,thursday,2020,local,"BUSDEV-006",,,,,,,,,false,,,,"Domain_C","BUSDEV-006",,untrust,,false,false,false,,"BUSDEV-006",,,,,,,,,false,,,,"BUSDEV-006",,untrust,,false,false,false,,732480418,"windows_process_exit wineventlog_security wineventlog_windows winsec","BUSDEV-006",732480418,,main,,,,24,,,"user_k","Domain_C\user_k","Domain_C\",,"A process has exited",,WinEventLog,,,,,,,,Windows,,,"//_::_==___.====-=_===_=___.:t_:tt\t_:ttt_:ttt_:tt",,,,0xBAC3,informational,0,,,"A process has exited",4689,"WinEventLog:Security",WinEventLog,"prd-p-g7nxxbgc3hgl",,,,,,,,,,,,,,,"Domain_C",,,,,,,,,,,,,,,,,,,,,,,,,,,,,,,,success,,"A process has exited",failure,,,"execute
os
process
security
stop
success
windows",,,,success,,,,,"execute
os
process
security
stop
windows",,,,,,,,,,,,,,,22,0,,"user_k",,,,,,,,,,,,,,,,,,,false,,,,,Microsoft,,
SeServiceLogonRight,"Domain_C",,"BUSDEV-001
Domain_C\user_k",,,,,,,,,,,,,,,,,,,,,,,"BUSDEV-001",,,,,,,,,"-",4717,"System security access was granted to an account",0,,,,,,,,,,,,,,,,,"Audit Success",,,,,Security,,,,,0xBAC3,,,,,,,,,"System security access was granted to an account.

Subject:
	Security ID:		Domain_C\SYSTEM
	Account Name:		BUSDEV-001
	Account Domain:		Domain_C
	Logon ID:		0xBAC3

Account Modified:
	Account Name:		Domain_C\user_k

Access Granted:
	Access Right:		SeServiceLogonRight",,,,,,,,,,,,,,,Info,,,,,,,,,,,,,,,,324034492,,,,,,"Domain_C\SYSTEM",,,"Microsoft Windows security auditing.",,,,,,,,,,,,,,,,,,,"Authentication Policy Change",,,,,Information,,,,,,,,,,,,"02/13/2020 08:03:51 PM
LogName=Security
SourceName=Microsoft Windows security auditing.
EventCode=4717
EventType=0
Type=Information
ComputerName=BUSDEV-001
TaskCategory=Authentication Policy Change
OpCode=Info
RecordNumber=324034492
Keywords=Audit Success
Message=System security access was granted to an account.

Subject:
	Security ID:		Domain_C\SYSTEM
	Account Name:		BUSDEV-001
	Account Domain:		Domain_C
	Logon ID:		0xBAC3

Account Modified:
	Account Name:		Domain_C\user_k

Access Granted:
	Access Right:		SeServiceLogonRight
","2020-02-13T20:03:51.000+0000",success,"win:unknown","System security access was granted to an account.

Subject:
	Security ID:		Domain_C\SYSTEM
	Account Name:		BUSDEV-001
	Account Domain:		Domain_C
	Logon ID:		0xBAC3

Account Modified:
	Account Name:		Domain_C\user_k

Access Granted:
	Access Right:		SeServiceLogonRight",,"Authentication Policy Change",,,,20,13,3,february,51,thursday,2020,local,"BUSDEV-001",,,,,,,,,false,,,,"Domain_C","BUSDEV-001",,untrust,,false,false,false,,"BUSDEV-001",,,,,,,,,false,,,,"BUSDEV-001",,untrust,,false,false,false,,324034492,"windows_security_access_granted wineventlog_security wineventlog_windows winsec","BUSDEV-001",324034492,,main,,,,25,,,"BUSDEV-001
Domain_C\user_k","Domain_C\SYSTEM","Domain_C\",,"System security access was granted to an account",,WinEventLog,,,,,,,,Windows,,,"//_::_==___.====-=__===_=_______.:t_:tt\t_:tt-t_:t",,,,0xBAC3,informational,0,,,"System security access was granted to an account",4717,"WinEventLog:Security",WinEventLog,"prd-p-g7nxxbgc3hgl",,,,,,,,,,,,,,,"Domain_C",,,,,,,,,,"BUSDEV-001",,,,,,,,,,,,,,,,,false,,,,,success,,"System security access was granted to an account",failure,,,"access
account
add
authorization
change
os
security
success
windows",,,,success,,,,,"access
account
add
authorization
change
os
security
windows",,,,,,,,,,,,,,,22,0,,"Domain_C\user_k",,,,,,,,,,,,,,,,,,,false,,,,,Microsoft,,
,"Domain_E",,"user_c",,,,,,,,,,,,,,,,,,,,,,,"ACME-003",,,,,,,,,"-",4672,"Special privileges assigned to new logon",0,,,,,,,,,,,,,,,,,"Audit Success",,,,,Security,,,,,0x5FC9,,,,,,,,,"Special privileges assigned to new logon.
Subject:
	Security ID:		Domain_E\user_c
	Account Name:		user_c
	Account Domain:		Domain_E
	Logon ID:		0x5FC9
Privileges:	SeSecurityPrivilege
			SeTakeOwnershipPrivilege
			SeLoadDriverPrivilege
			SeBackupPrivilege
			SeRestorePrivilege
			SeDebugPrivilege
			SeSystemEnvironmentPrivilege
			SeImpersonatePrivilege",,,,,,,,,,,,,,,Info,,,,,,,,,,,SeSecurityPrivilege,,,,,711462368,,,,,,"Domain_E\user_c",,,"Microsoft Windows security auditing.",,,,,,,,,,,,,,,,,,,"Special Logon",,,,,Information,,,,,,,,,,,,"02/13/2020 08:03:51 PM
LogName=Security
SourceName=Microsoft Windows security auditing.
EventCode=4672
EventType=0
Type=Information
ComputerName=ACME-003
TaskCategory=Special Logon
OpCode=Info
RecordNumber=711462368
Keywords=Audit Success
Message=Special privileges assigned to new logon.
Subject:
	Security ID:		Domain_E\user_c
	Account Name:		user_c
	Account Domain:		Domain_E
	Logon ID:		0x5FC9
Privileges:	SeSecurityPrivilege
			SeTakeOwnershipPrivilege
			SeLoadDriverPrivilege
			SeBackupPrivilege
			SeRestorePrivilege
			SeDebugPrivilege
			SeSystemEnvironmentPrivilege
			SeImpersonatePrivilege
","2020-02-13T20:03:51.000+0000",success,"win:unknown","Special privileges assigned to new logon.
Subject:
	Security ID:		Domain_E\user_c
	Account Name:		user_c
	Account Domain:		Domain_E
	Logon ID:		0x5FC9
Privileges:	SeSecurityPrivilege
			SeTakeOwnershipPrivilege
			SeLoadDriverPrivilege
			SeBackupPrivilege
			SeRestorePrivilege
			SeDebugPrivilege
			SeSystemEnvironmentPrivilege
			SeImpersonatePrivilege",,"Special Logon",,,,20,13,3,february,51,thursday,2020,local,"ACME-003",,,,,,,,,false,,,,"Domain_E","ACME-003",,untrust,,false,false,false,,"ACME-003",,,,,,,,,false,,,,"ACME-003",,untrust,,false,false,false,,711462368,"windows_special_privileges wineventlog_security wineventlog_windows winsec","ACME-003",711462368,,main,,,,26,,,"user_c","Domain_E\user_c","Domain_E\",,"Special privileges assigned to new logon",,WinEventLog,,,,,"Manage auditing and security log
Take ownership of files or other objects
Load and unload device drivers
Back up files and directories
Restore files and directories
Debug programs
Modify firmware environment values
Impersonate a Client After Authentication","SeSecurityPrivilege
SeTakeOwnershipPrivilege
SeLoadDriverPrivilege
SeBackupPrivilege
SeRestorePrivilege
SeDebugPrivilege
SeSystemEnvironmentPrivilege
SeImpersonatePrivilege",,Windows,,,"//_::_==___.====-=_===_=_____.:t_:tt\t_:ttt_:ttt_:",,,,0x5FC9,informational,0,,,"Special privileges assigned to new logon",4672,"WinEventLog:Security",WinEventLog,"prd-p-g7nxxbgc3hgl",,,,,,,,,,,,,,,"Domain_E",,,,,,,,,,,,,,,,,,,,,,,,,,,,,,,,success,,"Special privileges assigned to new logon",failure,,,"audit
authentication
os
privileged
security
success
windows",,,,success,,,,,"authentication
os
privileged
security
windows",,audit,,,,,,,,,,,,,22,0,,"user_c",,,,,,,,,,,,,,,,,,,false,,,,,Microsoft,"SeSecurityPrivilege
			SeTakeOwnershipPrivilege
			SeLoadDriverPrivilege
			SeBackupPrivilege
			SeRestorePrivilege
			SeDebugPrivilege
			SeSystemEnvironmentPrivilege
			SeImpersonatePrivilege",
,"Domain_D",,"user_j",,,,,,,,,,,,,,,,,,,,,,,"$SPLUNK_HOME/etc/apps/Splunk_TA_windows/samples/hostname.sample",0xB371,,,,,,,,"-",4688,"A new process has been created",0,,,,,,,,,,,,,,,,,"Audit Success",,,,,Security,,,,,0xB111,,,,,,,,,"A new process has been created.
Subject:
	Security ID:		Domain_D\user_j
	Account Name:		user_j
	Account Domain:		Domain_D
	Logon ID:		0xB111
Process Information:
	New Process ID:		0xE259
	New Process Name:	C:\Windows\System32\example_g.exe
	Token Elevation Type:	TokenElevationTypeDefault (1)
	Creator Process ID:	0xB371
Token Elevation Type indicates the type of token that was assigned to the new process in accordance with User Account Control policy.
Type 1 is a full token with no privileges removed or groups disabled.  A full token is only used if User Account Control is disabled or if the User is the built-in Administrator account or a service account.
Type 2 is an elevated token with no privileges removed or groups disabled.  An elevated token is used when User Account Control is enabled and the User chooses to start the program using Run as administrator.  An elevated token is also used when an application is configured to always require administrative privilege or to always require maximum privilege, and the User is a member of the Administrators group.
Type 3 is a limited token with administrative privileges removed and administrative groups disabled.  The limited token is used when User Account Control is enabled, the application does not require administrative privilege, and the User does not choose to start the program using Run as administrator.",,,,,,,,,,0xE259,"C:\Windows\System32\example_g.exe",,,,Info,,,,,,,,,,,,,,,,330307260,,,,,,"Domain_D\user_j",,,"Microsoft Windows security auditing.",,,,,,,,,,,,,,,,,,,"Process Creation",,"TokenElevationTypeDefault (1)",1,,Information,,,,,,,,,,,,"02/13/2020 08:03:51 PM
LogName=Security
SourceName=Microsoft Windows security auditing.
EventCode=4688
EventType=0
Type=Information
ComputerName=$SPLUNK_HOME/etc/apps/Splunk_TA_windows/samples/hostname.sample
TaskCategory=Process Creation
OpCode=Info
RecordNumber=330307260
Keywords=Audit Success
Message=A new process has been created.
Subject:
	Security ID:		Domain_D\user_j
	Account Name:		user_j
	Account Domain:		Domain_D
	Logon ID:		0xB111
Process Information:
	New Process ID:		0xE259
	New Process Name:	C:\Windows\System32\example_g.exe
	Token Elevation Type:	TokenElevationTypeDefault (1)
	Creator Process ID:	0xB371
Token Elevation Type indicates the type of token that was assigned to the new process in accordance with User Account Control policy.
Type 1 is a full token with no privileges removed or groups disabled.  A full token is only used if User Account Control is disabled or if the User is the built-in Administrator account or a service account.
Type 2 is an elevated token with no privileges removed or groups disabled.  An elevated token is used when User Account Control is enabled and the User chooses to start the program using Run as administrator.  An elevated token is also used when an application is configured to always require administrative privilege or to always require maximum privilege, and the User is a member of the Administrators group.
Type 3 is a limited token with administrative privileges removed and administrative groups disabled.  The limited token is used when User Account Control is enabled, the application does not require administrative privilege, and the User does not choose to start the program using Run as administrator.
","2020-02-13T20:03:51.000+0000",success,"win:unknown","A new process has been created.
Subject:
	Security ID:		Domain_D\user_j
	Account Name:		user_j
	Account Domain:		Domain_D
	Logon ID:		0xB111
Process Information:
	New Process ID:		0xE259
	New Process Name:	C:\Windows\System32\example_g.exe
	Token Elevation Type:	TokenElevationTypeDefault (1)
	Creator Process ID:	0xB371
Token Elevation Type indicates the type of token that was assigned to the new process in accordance with User Account Control policy.
Type 1 is a full token with no privileges removed or groups disabled.  A full token is only used if User Account Control is disabled or if the User is the built-in Administrator account or a service account.
Type 2 is an elevated token with no privileges removed or groups disabled.  An elevated token is used when User Account Control is enabled and the User chooses to start the program using Run as administrator.  An elevated token is also used when an application is configured to always require administrative privilege or to always require maximum privilege, and the User is a member of the Administrators group.
Type 3 is a limited token with administrative privileges removed and administrative groups disabled.  The limited token is used when User Account Control is enabled, the application does not require administrative privilege, and the User does not choose to start the program using Run as administrator.",,"Process Creation",,,,20,13,3,february,51,thursday,2020,local,"$SPLUNK_HOME/etc/apps/Splunk_TA_windows/samples/hostname.sample",,,,,,,,,false,,,,"Domain_D","$SPLUNK_HOME/etc/apps/Splunk_TA_windows/samples/hostname.sample",,untrust,,false,false,false,,"$SPLUNK_HOME/etc/apps/Splunk_TA_windows/samples/hostname.sample",,,,,,,,,false,,,,"$SPLUNK_HOME/etc/apps/Splunk_TA_windows/samples/hostname.sample",,untrust,,false,false,false,,330307260,"windows_process_new wineventlog_security wineventlog_windows winsec","$SPLUNK_HOME/etc/apps/Splunk_TA_windows/samples/hostname.sample",330307260,,main,,,,27,,,"user_j","Domain_D\user_j","Domain_D\",,"A new process has been created",,WinEventLog,,,,,,,,Windows,,,"//_::_==___.====$/////.=_===_=_____.:t_:tt\t_:ttt_",,,,0xB111,informational,0,,,"A new process has been created",4688,"WinEventLog:Security",WinEventLog,"prd-p-g7nxxbgc3hgl",,,,,,,,,,,,,,,"Domain_D",,,,,,,,,,,,,,,,,,,,,,,,,,,,,,,,success,,"A new process has been created",failure,,,"execute
os
process
security
start
success
windows",,,,success,,,,,"execute
os
process
security
start
windows",,,,,,,,,,,,,,,22,0,,"user_j",,,,,,,,,,,,,,,,,,,false,,,,,Microsoft,,
,"Domain_D
Domain_D","2020-02-13 20:03:51 PM","user_c
user_i",,,,,"-",,,,,,,,,,"Account Management",,,,,,,,"BUSDEV-006",,,eee,,,,,,"-",4720,"A user account was created",0,,,,,,,,"\a","C:",,,,,,,,"Audit Success",,,,,Security,,,,"Monday 2:00 PM -Tuesday 6:00 PM",0x5FC9,,,,"SAM Account Name: user_k
	Display Name: eee
	User Principal Name: -
	Home Directory: \a
	Home Drive: C:
	Script Path: <value not set>
	Profile Path: <value not set>
	User Workstations: BBB
	Password Last Set: 2020-02-13 20:03:51 PM
	Account Expires: 2020-02-13 20:03:51 PM
	Primary Group ID: 871
	Allowed To Delegate To: -
	Old UAC Value: A708226
	New UAC Value: 82BEB0B
	User Account Control: PASSWD_NOTREQD - Disabled
	User Parameters: <value not set>
	SID History: -
	Logon Hours: Monday 2:00 PM -Tuesday 6:00 PM",,,,,"A User account was created. 
Subject: 
	Security ID: Domain_D\user_c
	Account Name: user_c
	Account Domain: Domain_D
	Logon ID: 0x5FC9
New Account: 
	Security ID: Domain_D\user_i
	Account Name: user_i
	Account Domain: Domain_D
Attributes: 
	SAM Account Name: user_k
	Display Name: eee
	User Principal Name: -
	Home Directory: \a
	Home Drive: C:
	Script Path: <value not set>
	Profile Path: <value not set>
	User Workstations: BBB
	Password Last Set: 2020-02-13 20:03:51 PM
	Account Expires: 2020-02-13 20:03:51 PM
	Primary Group ID: 871
	Allowed To Delegate To: -
	Old UAC Value: A708226
	New UAC Value: 82BEB0B
	User Account Control: PASSWD_NOTREQD - Disabled
	User Parameters: <value not set>
	SID History: -
	Logon Hours: Monday 2:00 PM -Tuesday 6:00 PM
Additional Information:
	Privileges -",,,,,,,,,,,,82BEB0B,,A708226,Info,,,,"2020-02-13 20:03:51 PM",,,,871,,,,,,"<value not set>",,894222408,,,"user_k","-","<value not set>","Domain_D\user_c
Domain_D\user_i",,,"Microsoft Windows security auditing.",,,,,,,,,,,,,,,,,,,"User Account Management",,,,,Information,,"PASSWD_NOTREQD - Disabled",,,"<value not set>","-",BBB,,,,,"02/13/2020 08:03:51 PM
LogName=Security
SourceName=Microsoft Windows security auditing.
EventCode=4720
EventType=0
Type=Information
ComputerName=BUSDEV-006
TaskCategory=User Account Management
OpCode=Info
RecordNumber=894222408
Keywords=Audit Success
Message=A User account was created. 
Subject: 
	Security ID: Domain_D\user_c
	Account Name: user_c
	Account Domain: Domain_D
	Logon ID: 0x5FC9
New Account: 
	Security ID: Domain_D\user_i
	Account Name: user_i
	Account Domain: Domain_D
Attributes: 
	SAM Account Name: user_k
	Display Name: eee
	User Principal Name: -
	Home Directory: \a
	Home Drive: C:
	Script Path: <value not set>
	Profile Path: <value not set>
	User Workstations: BBB
	Password Last Set: 2020-02-13 20:03:51 PM
	Account Expires: 2020-02-13 20:03:51 PM
	Primary Group ID: 871
	Allowed To Delegate To: -
	Old UAC Value: A708226
	New UAC Value: 82BEB0B
	User Account Control: PASSWD_NOTREQD - Disabled
	User Parameters: <value not set>
	SID History: -
	Logon Hours: Monday 2:00 PM -Tuesday 6:00 PM
Additional Information:
	Privileges -
","2020-02-13T20:03:51.000+0000",created,"win:unknown","A User account was created. 
Subject: 
	Security ID: Domain_D\user_c
	Account Name: user_c
	Account Domain: Domain_D
	Logon ID: 0x5FC9
New Account: 
	Security ID: Domain_D\user_i
	Account Name: user_i
	Account Domain: Domain_D
Attributes: 
	SAM Account Name: user_k
	Display Name: eee
	User Principal Name: -
	Home Directory: \a
	Home Drive: C:
	Script Path: <value not set>
	Profile Path: <value not set>
	User Workstations: BBB
	Password Last Set: 2020-02-13 20:03:51 PM
	Account Expires: 2020-02-13 20:03:51 PM
	Primary Group ID: 871
	Allowed To Delegate To: -
	Old UAC Value: A708226
	New UAC Value: 82BEB0B
	User Account Control: PASSWD_NOTREQD - Disabled
	User Parameters: <value not set>
	SID History: -
	Logon Hours: Monday 2:00 PM -Tuesday 6:00 PM
Additional Information:
	Privileges -",,"User Account Management",user,,,20,13,3,february,51,thursday,2020,local,"BUSDEV-006",,,,,,,,,false,,,,"Domain_D","BUSDEV-006",,untrust,,false,false,false,,"BUSDEV-006",,,,,,,,,false,,,,"BUSDEV-006",,untrust,,false,false,false,,894222408,"windows_account_created windows_account_management wineventlog_security wineventlog_windows winsec","BUSDEV-006",894222408,,main,,,,43,,,"user_c
user_i","Domain_D\user_c
Domain_D\user_i","Domain_D\",,"A user account was created",,WinEventLog,user,,,,,,,Windows,,,"//_::_==___.====-=__===_=____._:_t_:_\t_:_t_:_t_:_",,,,0x5FC9,informational,0,,,"A user account was created",4720,"WinEventLog:Security",WinEventLog,"prd-p-g7nxxbgc3hgl",,,,,,,,,,,,,,,"Domain_D",,,,,,,,,,"user_c",,,,,,,,,,,,,,,,,false,,,,,success,,"A user account was created",failure,"Account Management",,"account
add
change
management
os
security
windows",,,,,,,,,"account
add
change
management
os
security
windows",,,,,,,,,,,,,,,22,0,,"user_i",,,,,,871,,,,,,,,,,,,,false,,,,,Microsoft,,
,"Domain_A",,"user_f",,,,,,,,,,,,,,,,,,,,,,,"$SPLUNK_HOME/etc/apps/Splunk_TA_windows/samples/hostname.sample",0x0D21,,,,,,,,"-",4688,"A new process has been created",0,,,,,,,,,,,,,,,,,"Audit Success",,,,,Security,,,,,0xA369,,,,,,,,,"A new process has been created.
Subject:
	Security ID:		Domain_A\user_f
	Account Name:		user_f
	Account Domain:		Domain_A
	Logon ID:		0xA369
Process Information:
	New Process ID:		0x735B
	New Process Name:	C:\Windows\System32\example_d.exe
	Token Elevation Type:	TokenElevationTypeLimited (3)
	Creator Process ID:	0x0D21
Token Elevation Type indicates the type of token that was assigned to the new process in accordance with User Account Control policy.
Type 1 is a full token with no privileges removed or groups disabled.  A full token is only used if User Account Control is disabled or if the User is the built-in Administrator account or a service account.
Type 2 is an elevated token with no privileges removed or groups disabled.  An elevated token is used when User Account Control is enabled and the User chooses to start the program using Run as administrator.  An elevated token is also used when an application is configured to always require administrative privilege or to always require maximum privilege, and the User is a member of the Administrators group.
Type 3 is a limited token with administrative privileges removed and administrative groups disabled.  The limited token is used when User Account Control is enabled, the application does not require administrative privilege, and the User does not choose to start the program using Run as administrator.",,,,,,,,,,0x735B,"C:\Windows\System32\example_d.exe",,,,Info,,,,,,,,,,,,,,,,589465834,,,,,,"Domain_A\user_f",,,"Microsoft Windows security auditing.",,,,,,,,,,,,,,,,,,,"Process Creation",,"TokenElevationTypeLimited (3)",3,,Information,,,,,,,,,,,,"02/13/2020 08:03:51 PM
LogName=Security
SourceName=Microsoft Windows security auditing.
EventCode=4688
EventType=0
Type=Information
ComputerName=$SPLUNK_HOME/etc/apps/Splunk_TA_windows/samples/hostname.sample
TaskCategory=Process Creation
OpCode=Info
RecordNumber=589465834
Keywords=Audit Success
Message=A new process has been created.
Subject:
	Security ID:		Domain_A\user_f
	Account Name:		user_f
	Account Domain:		Domain_A
	Logon ID:		0xA369
Process Information:
	New Process ID:		0x735B
	New Process Name:	C:\Windows\System32\example_d.exe
	Token Elevation Type:	TokenElevationTypeLimited (3)
	Creator Process ID:	0x0D21
Token Elevation Type indicates the type of token that was assigned to the new process in accordance with User Account Control policy.
Type 1 is a full token with no privileges removed or groups disabled.  A full token is only used if User Account Control is disabled or if the User is the built-in Administrator account or a service account.
Type 2 is an elevated token with no privileges removed or groups disabled.  An elevated token is used when User Account Control is enabled and the User chooses to start the program using Run as administrator.  An elevated token is also used when an application is configured to always require administrative privilege or to always require maximum privilege, and the User is a member of the Administrators group.
Type 3 is a limited token with administrative privileges removed and administrative groups disabled.  The limited token is used when User Account Control is enabled, the application does not require administrative privilege, and the User does not choose to start the program using Run as administrator.
","2020-02-13T20:03:51.000+0000",success,"win:unknown","A new process has been created.
Subject:
	Security ID:		Domain_A\user_f
	Account Name:		user_f
	Account Domain:		Domain_A
	Logon ID:		0xA369
Process Information:
	New Process ID:		0x735B
	New Process Name:	C:\Windows\System32\example_d.exe
	Token Elevation Type:	TokenElevationTypeLimited (3)
	Creator Process ID:	0x0D21
Token Elevation Type indicates the type of token that was assigned to the new process in accordance with User Account Control policy.
Type 1 is a full token with no privileges removed or groups disabled.  A full token is only used if User Account Control is disabled or if the User is the built-in Administrator account or a service account.
Type 2 is an elevated token with no privileges removed or groups disabled.  An elevated token is used when User Account Control is enabled and the User chooses to start the program using Run as administrator.  An elevated token is also used when an application is configured to always require administrative privilege or to always require maximum privilege, and the User is a member of the Administrators group.
Type 3 is a limited token with administrative privileges removed and administrative groups disabled.  The limited token is used when User Account Control is enabled, the application does not require administrative privilege, and the User does not choose to start the program using Run as administrator.",,"Process Creation",,,,20,13,3,february,51,thursday,2020,local,"$SPLUNK_HOME/etc/apps/Splunk_TA_windows/samples/hostname.sample",,,,,,,,,false,,,,"Domain_A","$SPLUNK_HOME/etc/apps/Splunk_TA_windows/samples/hostname.sample",,untrust,,false,false,false,,"$SPLUNK_HOME/etc/apps/Splunk_TA_windows/samples/hostname.sample",,,,,,,,,false,,,,"$SPLUNK_HOME/etc/apps/Splunk_TA_windows/samples/hostname.sample",,untrust,,false,false,false,,589465834,"windows_process_new wineventlog_security wineventlog_windows winsec","$SPLUNK_HOME/etc/apps/Splunk_TA_windows/samples/hostname.sample",589465834,,main,,,,27,,,"user_f","Domain_A\user_f","Domain_A\",,"A new process has been created",,WinEventLog,,,,,,,,Windows,,,"//_::_==___.====$/////.=_===_=_____.:t_:tt\t_:ttt_",,,,0xA369,informational,0,,,"A new process has been created",4688,"WinEventLog:Security",WinEventLog,"prd-p-g7nxxbgc3hgl",,,,,,,,,,,,,,,"Domain_A",,,,,,,,,,,,,,,,,,,,,,,,,,,,,,,,success,,"A new process has been created",failure,,,"execute
os
process
security
start
success
windows",,,,success,,,,,"execute
os
process
security
start
windows",,,,,,,,,,,,,,,22,0,,"user_f",,,,,,,,,,,,,,,,,,,false,,,,,Microsoft,,
,"Domain_B
Domain_B",,"user_b
user_l",,,,,,,,,,,,,,,"Account Management",,,,,,,,"COREDEV-005",,,,,,,,,"-",4743,"A computer account was deleted",0,,,,,,,,,,,,,,,,,"Audit Success",,,,,Security,,,,,0x3A81,,,,,,,,,"A computer account was deleted.

Subject:
	Security ID:		Domain_B\user_b
	Account Name:		user_b
	Account Domain:		Domain_B
	Logon ID:		0x3A81

Target Computer:
	Security ID:		Domain_B\user_l
	Account Name:		user_l
	Account Domain:		Domain_B

Additional Information:
	Privileges:	-",,,,,,,,,,,,,,,Info,,,,,,,,,,,"-",,,,,664258579,,,,,,"Domain_B\user_b
Domain_B\user_l",,,"Microsoft Windows security auditing.",,,,,,,,,,,,,,,,,,,"Computer Account Management",,,,,Information,,,,,,,,,,,,"02/13/2020 08:03:50 PM
LogName=Security
SourceName=Microsoft Windows security auditing.
EventCode=4743
EventType=0
Type=Information
ComputerName=COREDEV-005
TaskCategory=Computer Account Management
OpCode=Info
RecordNumber=664258579
Keywords=Audit Success
Message=A computer account was deleted.

Subject:
	Security ID:		Domain_B\user_b
	Account Name:		user_b
	Account Domain:		Domain_B
	Logon ID:		0x3A81

Target Computer:
	Security ID:		Domain_B\user_l
	Account Name:		user_l
	Account Domain:		Domain_B

Additional Information:
	Privileges:	-
","2020-02-13T20:03:50.000+0000",deleted,"win:unknown","A computer account was deleted.

Subject:
	Security ID:		Domain_B\user_b
	Account Name:		user_b
	Account Domain:		Domain_B
	Logon ID:		0x3A81

Target Computer:
	Security ID:		Domain_B\user_l
	Account Name:		user_l
	Account Domain:		Domain_B

