Subject:
	Security ID:		Domain_C\user_h
	Account Name:		user_h
	Account Domain:		Domain_C
	Logon ID:		0xA19C

Target Computer:
	Security ID:		Domain_C\user_j
	Account Name:		user_j
	Account Domain:		Domain_C

Additional Information:
	Privileges:	-
","2020-02-13T20:03:42.000+0000",deleted,"win:unknown","A computer account was deleted.

Subject:
	Security ID:		Domain_C\user_h
	Account Name:		user_h
	Account Domain:		Domain_C
	Logon ID:		0xA19C

Target Computer:
	Security ID:		Domain_C\user_j
	Account Name:		user_j
	Account Domain:		Domain_C

Additional Information:
	Privileges:	-",,"Computer Account Management",user,,,20,13,3,february,42,thursday,2020,local,"BUSDEV-001",,,,,,,,,false,,,,"Domain_C","BUSDEV-001",,untrust,,false,false,false,,"BUSDEV-001",,,,,,,,,false,,,,"BUSDEV-001",,untrust,,false,false,false,,853459447,"windows_account_deleted windows_account_management wineventlog_security wineventlog_windows winsec","BUSDEV-001",853459447,,main,,,,27,,,"user_h
user_j","Domain_C\user_h
Domain_C\user_j","Domain_C\",deleted,"A computer account was deleted",,WinEventLog,user,,,,,"-",,Windows,,,"//_::_==___.====-=__===_=____.:t_:tt\t_:ttt_:ttt_:",,,,0xA19C,informational,0,,,"A computer account was deleted",4743,"WinEventLog:Security",WinEventLog,"prd-p-g7nxxbgc3hgl",,,,,,,,,,,,,,,"Domain_C",,,,,,,,,,"user_h",,,,,,,,,,,,,,,,,false,,,,,success,,"A computer account was deleted",failure,"Account Management",,"account
change
delete
management
os
security
windows",,,,,,,,,"account
change
delete
management
os
security
windows",,,,,,,,,,,,,,,22,0,,"user_j",,,,,,,,,,,,,,,,,,,false,,,,,Microsoft,"-",
,"Domain_D
Domain_D",,"user_l
user_a",,,,,,,,,,,,,,,"Account Management",,,,,,,,"ops-sys-004",,,,,,,,,"-",4743,"A computer account was deleted",0,,,,,,,,,,,,,,,,,"Audit Success",,,,,Security,,,,,0xAB37,,,,,,,,,"A computer account was deleted.

Subject:
	Security ID:		Domain_D\user_l
	Account Name:		user_l
	Account Domain:		Domain_D
	Logon ID:		0xAB37

Target Computer:
	Security ID:		Domain_D\user_a
	Account Name:		user_a
	Account Domain:		Domain_D

Additional Information:
	Privileges:	-",,,,,,,,,,,,,,,Info,,,,,,,,,,,"-",,,,,811005182,,,,,,"Domain_D\user_l
Domain_D\user_a",,,"Microsoft Windows security auditing.",,,,,,,,,,,,,,,,,,,"Computer Account Management",,,,,Information,,,,,,,,,,,,"02/13/2020 08:03:42 PM
LogName=Security
SourceName=Microsoft Windows security auditing.
EventCode=4743
EventType=0
Type=Information
ComputerName=ops-sys-004
TaskCategory=Computer Account Management
OpCode=Info
RecordNumber=811005182
Keywords=Audit Success
Message=A computer account was deleted.

Subject:
	Security ID:		Domain_D\user_l
	Account Name:		user_l
	Account Domain:		Domain_D
	Logon ID:		0xAB37

Target Computer:
	Security ID:		Domain_D\user_a
	Account Name:		user_a
	Account Domain:		Domain_D

Additional Information:
	Privileges:	-
","2020-02-13T20:03:42.000+0000",deleted,"win:unknown","A computer account was deleted.

Subject:
	Security ID:		Domain_D\user_l
	Account Name:		user_l
	Account Domain:		Domain_D
	Logon ID:		0xAB37

Target Computer:
	Security ID:		Domain_D\user_a
	Account Name:		user_a
	Account Domain:		Domain_D

Additional Information:
	Privileges:	-",,"Computer Account Management",user,,,20,13,3,february,42,thursday,2020,local,"ops-sys-004",,,,,,,,,false,,,,"Domain_D","ops-sys-004",,untrust,,false,false,false,,"ops-sys-004",,,,,,,,,false,,,,"ops-sys-004",,untrust,,false,false,false,,811005182,"windows_account_deleted windows_account_management wineventlog_security wineventlog_windows winsec","ops-sys-004",811005182,,main,,,,27,,,"user_l
user_a","Domain_D\user_l
Domain_D\user_a","Domain_D\",deleted,"A computer account was deleted",,WinEventLog,user,,,,,"-",,Windows,,,"//_::_==___.====--=__===_=____.:t_:tt\t_:ttt_:ttt_",,,,0xAB37,informational,0,,,"A computer account was deleted",4743,"WinEventLog:Security",WinEventLog,"prd-p-g7nxxbgc3hgl",,,,,,,,,,,,,,,"Domain_D",,,,,,,,,,"user_l",,,,,,,,,,,,,,,,,false,,,,,success,,"A computer account was deleted",failure,"Account Management",,"account
change
delete
management
os
security
windows",,,,,,,,,"account
change
delete
management
os
security
windows",,,,,,,,,,,,,,,22,0,,"user_a",,,,,,,,,,,,,,,,,,,false,,,,,Microsoft,"-",
,"Domain_A
Domain_A","<never>","user_j
user_a",,,,"server_1/coumputer_a",,,,,,,,,,,"Account Management",,,,,,,,"PROD-MFS-004",,,fff,,,,,,"-",4738,"A user account was changed",0,,,,,,,,"\a\e","A:",,,,,,,,"Audit Success",,,,,Security,,,,"Tuesday 8:00 PM -Wednesday 10:00 AM",0xB111,,,,"SAM Account Name: user_f
 Display Name:  fff
 User Principal Name: ccc@AAA.local
 Home Directory:  \a\e
 Home Drive:  A:
 Script Path:  \a\g
 Profile Path:  \f
 User Workstations: DDD
 Password Last Set: <never>
 Account Expires:  <never>
 Primary Group ID: 714
 AllowedToDelegateTo: server_1/coumputer_a
 Old UAC Value:  97EB02A
 New UAC Value:  9A62B10
 User Account Control: DONT_EXPIRE_PASSWORD - Enabled
 User Parameters: <value not set>
 SID History:  Domain_a/aaa
 Logon Hours:  Tuesday 8:00 PM -Wednesday 10:00 AM",,,,,"A User account was changed.

Subject:
 Security ID:  Domain_A\user_j
 Account Name:  user_j
 Account Domain:  Domain_A
 Logon ID:  0xB111

Target Account:
 Security ID:  Domain_A\user_a
 Account Name:  user_a
 Account Domain:  Domain_A

Changed Attributes:
 SAM Account Name: user_f
 Display Name:  fff
 User Principal Name: ccc@AAA.local
 Home Directory:  \a\e
 Home Drive:  A:
 Script Path:  \a\g
 Profile Path:  \f
 User Workstations: DDD
 Password Last Set: <never>
 Account Expires:  <never>
 Primary Group ID: 714
 AllowedToDelegateTo: server_1/coumputer_a
 Old UAC Value:  97EB02A
 New UAC Value:  9A62B10
 User Account Control: DONT_EXPIRE_PASSWORD - Enabled
 User Parameters: <value not set>
 SID History:  Domain_a/aaa
 Logon Hours:  Tuesday 8:00 PM -Wednesday 10:00 AM

Additional Information:
 Privileges:  SeTakeOwnershipPrivilege",,,,,,,,,,,,9A62B10,,97EB02A,Info,,,,"<never>",,,,714,,,SeTakeOwnershipPrivilege,,,"\f",,93390673,,,"user_f","Domain_a/aaa","\a\g","Domain_A\user_j
Domain_A\user_a",,,"Microsoft Windows security auditing.",,,,,,,,,,,,,,,,,,,"User Account Management",,,,,Information,,"DONT_EXPIRE_PASSWORD - Enabled",,,"<value not set>","ccc@AAA.local",DDD,,,,,"02/13/2020 08:03:42 PM
LogName=Security
SourceName=Microsoft Windows security auditing.
EventCode=4738
EventType=0
Type=Information
ComputerName=PROD-MFS-004
TaskCategory=User Account Management
OpCode=Info
RecordNumber=93390673
Keywords=Audit Success
Message=A User account was changed.

Subject:
 Security ID:  Domain_A\user_j
 Account Name:  user_j
 Account Domain:  Domain_A
 Logon ID:  0xB111

Target Account:
 Security ID:  Domain_A\user_a
 Account Name:  user_a
 Account Domain:  Domain_A

Changed Attributes:
 SAM Account Name: user_f
 Display Name:  fff
 User Principal Name: ccc@AAA.local
 Home Directory:  \a\e
 Home Drive:  A:
 Script Path:  \a\g
 Profile Path:  \f
 User Workstations: DDD
 Password Last Set: <never>
 Account Expires:  <never>
 Primary Group ID: 714
 AllowedToDelegateTo: server_1/coumputer_a
 Old UAC Value:  97EB02A
 New UAC Value:  9A62B10
 User Account Control: DONT_EXPIRE_PASSWORD - Enabled
 User Parameters: <value not set>
 SID History:  Domain_a/aaa
 Logon Hours:  Tuesday 8:00 PM -Wednesday 10:00 AM

Additional Information:
 Privileges:  SeTakeOwnershipPrivilege
","2020-02-13T20:03:42.000+0000",modified,"win:unknown","A User account was changed.

Subject:
 Security ID:  Domain_A\user_j
 Account Name:  user_j
 Account Domain:  Domain_A
 Logon ID:  0xB111

Target Account:
 Security ID:  Domain_A\user_a
 Account Name:  user_a
 Account Domain:  Domain_A

Changed Attributes:
 SAM Account Name: user_f
 Display Name:  fff
 User Principal Name: ccc@AAA.local
 Home Directory:  \a\e
 Home Drive:  A:
 Script Path:  \a\g
 Profile Path:  \f
 User Workstations: DDD
 Password Last Set: <never>
 Account Expires:  <never>
 Primary Group ID: 714
 AllowedToDelegateTo: server_1/coumputer_a
 Old UAC Value:  97EB02A
 New UAC Value:  9A62B10
 User Account Control: DONT_EXPIRE_PASSWORD - Enabled
 User Parameters: <value not set>
 SID History:  Domain_a/aaa
 Logon Hours:  Tuesday 8:00 PM -Wednesday 10:00 AM

Additional Information:
 Privileges:  SeTakeOwnershipPrivilege",,"User Account Management",user,,,20,13,3,february,42,thursday,2020,local,"PROD-MFS-004",,,,,,,,,false,,,,"Domain_A","PROD-MFS-004",,untrust,,false,false,false,,"PROD-MFS-004",,,,,,,,,false,,,,"PROD-MFS-004",,untrust,,false,false,false,,93390673,"windows_account_management windows_account_modified wineventlog_security wineventlog_windows winsec","PROD-MFS-004",93390673,,main,,,,47,,,"user_j
user_a","Domain_A\user_j
Domain_A\user_a","Domain_A\",,"A user account was changed",,WinEventLog,user,,,,"Take ownership of files or other objects",SeTakeOwnershipPrivilege,,Windows,,,"//_::_==___.====--=__===_=____.:__:__\__:____:____",,,,0xB111,informational,0,,,"A user account was changed",4738,"WinEventLog:Security",WinEventLog,"prd-p-g7nxxbgc3hgl",,,,,,,,,,,,,,,"Domain_A",,,,,,,,,,"user_j",,,,,,,,,,,,,,,,,false,,,,,success,,"A user account was changed",failure,"Account Management",,"account
change
management
modify
os
security
windows",,,,,,,,,"account
change
management
modify
os
security
windows",,,,,,,,,,,,,,,22,0,,"user_a",,,,,,714,,,,,,,,,,,,,false,,,,,Microsoft,SeTakeOwnershipPrivilege,
,"Domain_C",,"user_i",,,,,,,,,,,,,,,,,,,,,,,"HOST-006",,,,,,,,,"-",4673,"A privileged service was called",0,,,,,,,,,,,,,,,,,"Audit Success",,,,,Security,,,,,0x5F25,,,,,,,,,"A privileged service was called.

Subject:
	Security ID:		Domain_C\user_i
	Account Name:		user_i
	Account Domain:		Domain_C
	Logon ID:		0x5F25

Service:
	Server:	NT Local Security Authority / Authentication Service
	Service Name:	LsaRegisterLogonProcess()

Process:
	Process ID:	0xEFA6
	Process Name:	C:\Windows\System32\example_g.exe

Service Request Information:
	Privileges:		SeDebugPrivilege",,,,,,,,,,,,,,,Info,,,,,,,,,,,SeDebugPrivilege,0xEFA6,"C:\Windows\System32\example_g.exe",,,953243125,,,,,,"Domain_C\user_i","NT Local Security Authority / Authentication Service","LsaRegisterLogonProcess()","Microsoft Windows security auditing.",,,,,,,,,,,,,,,,,,,"Sensitive Privilege Use",,,,,Information,,,,,,,,,,,,"02/13/2020 08:03:42 PM
LogName=Security
SourceName=Microsoft Windows security auditing.
EventCode=4673
EventType=0
Type=Information
ComputerName=HOST-006
TaskCategory=Sensitive Privilege Use
OpCode=Info
RecordNumber=953243125
Keywords=Audit Success
Message=A privileged service was called.

Subject:
	Security ID:		Domain_C\user_i
	Account Name:		user_i
	Account Domain:		Domain_C
	Logon ID:		0x5F25

Service:
	Server:	NT Local Security Authority / Authentication Service
	Service Name:	LsaRegisterLogonProcess()

Process:
	Process ID:	0xEFA6
	Process Name:	C:\Windows\System32\example_g.exe

Service Request Information:
	Privileges:		SeDebugPrivilege
","2020-02-13T20:03:42.000+0000",success,"win:unknown","A privileged service was called.

Subject:
	Security ID:		Domain_C\user_i
	Account Name:		user_i
	Account Domain:		Domain_C
	Logon ID:		0x5F25

Service:
	Server:	NT Local Security Authority / Authentication Service
	Service Name:	LsaRegisterLogonProcess()

Process:
	Process ID:	0xEFA6
	Process Name:	C:\Windows\System32\example_g.exe

Service Request Information:
	Privileges:		SeDebugPrivilege",,"Sensitive Privilege Use",,,,20,13,3,february,42,thursday,2020,local,"HOST-006",,,,,,,,,false,,,,"Domain_C","HOST-006",,untrust,,false,false,false,,"HOST-006",,,,,,,,,false,,,,"HOST-006",,untrust,,false,false,false,,953243125,"windows_privileged_service_call wineventlog_security wineventlog_windows winsec","HOST-006",953243125,,main,,,,30,,,"user_i","Domain_C\user_i","Domain_C\",,"A privileged service was called",,WinEventLog,,,,,"Debug programs",SeDebugPrivilege,,Windows,,,"//_::_==___.====-=__===_=____.:t_:tt\t_:ttt_:ttt_:",,,,0x5F25,informational,0,,,"A privileged service was called",4673,"WinEventLog:Security",WinEventLog,"prd-p-g7nxxbgc3hgl",,,,,,,,,,,,,,,"Domain_C",,,,,,,,,,,,,,,,,,,,,,,,,,,,,,,,success,,"A privileged service was called",failure,,,"execute
os
privileged
process
security
start
success
windows",,,,success,,,,,"execute
os
privileged
process
security
start
windows",,,,,,,,,,,,,,,22,0,,"user_i",,,,,,,,,,,,,,,,,,,false,,,,,Microsoft,SeDebugPrivilege,
,"Domain_B
Domain_B",,"user_f
user_g",,,,,,,,,,,,,,,"Account Management",,,,,,,,"PROD-MFS-004",,,,,,,,,"-",4743,"A computer account was deleted",0,,,,,,,,,,,,,,,,,"Audit Success",,,,,Security,,,,,0xA369,,,,,,,,,"A computer account was deleted.

Subject:
	Security ID:		Domain_B\user_f
	Account Name:		user_f
	Account Domain:		Domain_B
	Logon ID:		0xA369

Target Computer:
	Security ID:		Domain_B\user_g
	Account Name:		user_g
	Account Domain:		Domain_B

Additional Information:
	Privileges:	SeLoadDriverPrivilege",,,,,,,,,,,,,,,Info,,,,,,,,,,,SeLoadDriverPrivilege,,,,,725575707,,,,,,"Domain_B\user_f
Domain_B\user_g",,,"Microsoft Windows security auditing.",,,,,,,,,,,,,,,,,,,"Computer Account Management",,,,,Information,,,,,,,,,,,,"02/13/2020 08:03:42 PM
LogName=Security
SourceName=Microsoft Windows security auditing.
EventCode=4743
EventType=0
Type=Information
ComputerName=PROD-MFS-004
TaskCategory=Computer Account Management
OpCode=Info
RecordNumber=725575707
Keywords=Audit Success
Message=A computer account was deleted.

Subject:
	Security ID:		Domain_B\user_f
	Account Name:		user_f
	Account Domain:		Domain_B
	Logon ID:		0xA369

Target Computer:
	Security ID:		Domain_B\user_g
	Account Name:		user_g
	Account Domain:		Domain_B

Additional Information:
	Privileges:	SeLoadDriverPrivilege
","2020-02-13T20:03:42.000+0000",deleted,"win:unknown","A computer account was deleted.

Subject:
	Security ID:		Domain_B\user_f
	Account Name:		user_f
	Account Domain:		Domain_B
	Logon ID:		0xA369

Target Computer:
	Security ID:		Domain_B\user_g
	Account Name:		user_g
	Account Domain:		Domain_B

Additional Information:
	Privileges:	SeLoadDriverPrivilege",,"Computer Account Management",user,,,20,13,3,february,42,thursday,2020,local,"PROD-MFS-004",,,,,,,,,false,,,,"Domain_B","PROD-MFS-004",,untrust,,false,false,false,,"PROD-MFS-004",,,,,,,,,false,,,,"PROD-MFS-004",,untrust,,false,false,false,,725575707,"windows_account_deleted windows_account_management wineventlog_security wineventlog_windows winsec","PROD-MFS-004",725575707,,main,,,,27,,,"user_f
user_g","Domain_B\user_f
Domain_B\user_g","Domain_B\",deleted,"A computer account was deleted",,WinEventLog,user,,,,"Load and unload device drivers",SeLoadDriverPrivilege,,Windows,,,"//_::_==___.====--=__===_=____.:t_:tt\t_:ttt_:ttt_",,,,0xA369,informational,0,,,"A computer account was deleted",4743,"WinEventLog:Security",WinEventLog,"prd-p-g7nxxbgc3hgl",,,,,,,,,,,,,,,"Domain_B",,,,,,,,,,"user_f",,,,,,,,,,,,,,,,,false,,,,,success,,"A computer account was deleted",failure,"Account Management",,"account
change
delete
management
os
security
windows",,,,,,,,,"account
change
delete
management
os
security
windows",,,,,,,,,,,,,,,22,0,,"user_g",,,,,,,,,,,,,,,,,,,false,,,,,Microsoft,SeLoadDriverPrivilege,
,"Domain_D
Domain_D",,"user_d
user_f",,,,,,,,,,,,,,,"Account Management",,,,,,,,"COREDEV-005",,,,,,,,,"-",4726,"A user account was deleted",0,,,,,,,,,,,,,,,,,"Audit Success",,,,,Security,,,,,0x3EC3,,,,,,,,,"A user account was deleted.

Subject:
	Security ID:		Domain_D\user_d
	Account Name:		user_d
	Account Domain:		Domain_D
	Logon ID:		0x3EC3

Target Account:
	Security ID:		Domain_D\user_f
	Account Name:		user_f
	Account Domain:		Domain_D

Additional Information:
	Privileges	-",,,,,,,,,,,,,,,Info,,,,,,,,,,,,,,,,793281750,,,,,,"Domain_D\user_d
Domain_D\user_f",,,"Microsoft Windows security auditing.",,,,,,,,,,,,,,,,,,,"User Account Management",,,,,Information,,,,,,,,,,,,"02/13/2020 08:03:42 PM
LogName=Security
SourceName=Microsoft Windows security auditing.
EventCode=4726
EventType=0
Type=Information
ComputerName=COREDEV-005
TaskCategory=User Account Management
OpCode=Info
RecordNumber=793281750
Keywords=Audit Success
Message=A user account was deleted.

Subject:
	Security ID:		Domain_D\user_d
	Account Name:		user_d
	Account Domain:		Domain_D
	Logon ID:		0x3EC3

Target Account:
	Security ID:		Domain_D\user_f
	Account Name:		user_f
	Account Domain:		Domain_D

Additional Information:
	Privileges	-
","2020-02-13T20:03:42.000+0000",deleted,"win:unknown","A user account was deleted.

Subject:
	Security ID:		Domain_D\user_d
	Account Name:		user_d
	Account Domain:		Domain_D
	Logon ID:		0x3EC3

Target Account:
	Security ID:		Domain_D\user_f
	Account Name:		user_f
	Account Domain:		Domain_D

Additional Information:
	Privileges	-",,"User Account Management",user,,,20,13,3,february,42,thursday,2020,local,"COREDEV-005",,,,,,,,,false,,,,"Domain_D","COREDEV-005",,untrust,,false,false,false,,"COREDEV-005",,,,,,,,,false,,,,"COREDEV-005",,untrust,,false,false,false,,793281750,"windows_account_deleted windows_account_management wineventlog_security wineventlog_windows winsec","COREDEV-005",793281750,,main,,,,27,,,"user_d
user_f","Domain_D\user_d
Domain_D\user_f","Domain_D\",deleted,"A user account was deleted",,WinEventLog,user,,,,,,,Windows,,,"//_::_==___.====-=__===_=____.:t_:tt\t_:ttt_:ttt_:",,,,0x3EC3,informational,0,,,"A user account was deleted",4726,"WinEventLog:Security",WinEventLog,"prd-p-g7nxxbgc3hgl",,,,,,,,,,,,,,,"Domain_D",,,,,,,,,,"user_d",,,,,,,,,,,,,,,,,false,,,,,success,,"A user account was deleted",failure,"Account Management",,"account
change
delete
management
os
security
windows",,,,,,,,,"account
change
delete
management
os
security
windows",,,,,,,,,,,,,,,22,0,,"user_f",,,,,,,,,,,,,,,,,,,false,,,,,Microsoft,,
SeServiceLogonRight,"Domain_B",,"PROD-MFS-002
Domain_B\user_i",,,,,,,,,,,,,,,,,,,,,,,"PROD-MFS-002",,,,,,,,,"-",4717,"System security access was granted to an account",0,,,,,,,,,,,,,,,,,"Audit Success",,,,,Security,,,,,0x5F25,,,,,,,,,"System security access was granted to an account.

Subject:
	Security ID:		Domain_B\SYSTEM
	Account Name:		PROD-MFS-002
	Account Domain:		Domain_B
	Logon ID:		0x5F25

Account Modified:
	Account Name:		Domain_B\user_i

Access Granted:
	Access Right:		SeServiceLogonRight",,,,,,,,,,,,,,,Info,,,,,,,,,,,,,,,,555154736,,,,,,"Domain_B\SYSTEM",,,"Microsoft Windows security auditing.",,,,,,,,,,,,,,,,,,,"Authentication Policy Change",,,,,Information,,,,,,,,,,,,"02/13/2020 08:03:42 PM
LogName=Security
SourceName=Microsoft Windows security auditing.
EventCode=4717
EventType=0
Type=Information
ComputerName=PROD-MFS-002
TaskCategory=Authentication Policy Change
OpCode=Info
RecordNumber=555154736
Keywords=Audit Success
Message=System security access was granted to an account.

Subject:
	Security ID:		Domain_B\SYSTEM
	Account Name:		PROD-MFS-002
	Account Domain:		Domain_B
	Logon ID:		0x5F25

Account Modified:
	Account Name:		Domain_B\user_i

Access Granted:
	Access Right:		SeServiceLogonRight
","2020-02-13T20:03:42.000+0000",success,"win:unknown","System security access was granted to an account.

Subject:
	Security ID:		Domain_B\SYSTEM
	Account Name:		PROD-MFS-002
	Account Domain:		Domain_B
	Logon ID:		0x5F25

Account Modified:
	Account Name:		Domain_B\user_i

Access Granted:
	Access Right:		SeServiceLogonRight",,"Authentication Policy Change",,,,20,13,3,february,42,thursday,2020,local,"PROD-MFS-002",,,,,,,,,false,,,,"Domain_B","PROD-MFS-002",,untrust,,false,false,false,,"PROD-MFS-002",,,,,,,,,false,,,,"PROD-MFS-002",,untrust,,false,false,false,,555154736,"windows_security_access_granted wineventlog_security wineventlog_windows winsec","PROD-MFS-002",555154736,,main,,,,25,,,"PROD-MFS-002
Domain_B\user_i","Domain_B\SYSTEM","Domain_B\",,"System security access was granted to an account",,WinEventLog,,,,,,,,Windows,,,"//_::_==___.====--=__===_=_______.:t_:tt\t_:tt--t_",,,,0x5F25,informational,0,,,"System security access was granted to an account",4717,"WinEventLog:Security",WinEventLog,"prd-p-g7nxxbgc3hgl",,,,,,,,,,,,,,,"Domain_B",,,,,,,,,,"PROD-MFS-002",,,,,,,,,,,,,,,,,false,,,,,success,,"System security access was granted to an account",failure,,,"access
account
add
authorization
change
os
security
success
windows",,,,success,,,,,"access
account
add
authorization
change
os
security
windows",,,,,,,,,,,,,,,22,0,,"Domain_B\user_i",,,,,,,,,,,,,,,,,,,false,,,,,Microsoft,,
,"Domain_B
Domain_B",,"PROD-MFS-001
user_l",,,,,,,Negotiate,,,,,,,,,,,,,,,,"PROD-MFS-001",,,,,,,,No,"-",4624,"An account was successfully logged on",0,,,,,,,,,,,Impersonation,,,0,,,"Audit Success",C5DF,,,,Security,,,"{00000000-0000-0000-0000-000000000000}",,"0x70E4
0xAB37",logonProcess1,6,,,,,,,"An account was successfully logged on.

Subject:
 Security ID:  Domain_B\SYSTEM
 Account Name:  PROD-MFS-001
 Account Domain:  Domain_B
 Logon ID:  0x70E4

Logon Information:
 Logon Type:  6
 Restricted Admin Mode: Yes
 Virtual Account:  Yes
 Elevated Token:  No

Impersonation Level:  Impersonation

New Logon:
 Security ID:  Domain_B\user_l
 Account Name:  user_l
 Account Domain:  Domain_B
 Logon ID:  0xAB37
 Linked Logon ID:  C5DF
 Network Account Name: -
 Network Account Domain: Domain_B
 Logon GUID:  {00000000-0000-0000-0000-000000000000}

Process Information:
 Process ID:  0x2D07
 Process Name:  C:\Windows\System32\example_f.exe

Network Information:
 Workstation Name: PROD-MFS-001
 Source Network Address: -
 Source Port:  43355

Detailed Authentication Information:
 Logon Process:  logonProcess1 
 Authentication Package: Negotiate
 Transited Services: service_A
 Package Name (NTLM only): -
 Key Length:  0

This event is generated when a logon session is created. It is generated on the computer that was accessed.

The subject fields indicate the account on the local system which requested the logon. This is most commonly a service such as the Server service, or a local process such as 18820.exe or 18820.exe.

The logon type field indicates the kind of logon that occurred. The most common types are 2 (interactive) and 3 (network).

The New Logon fields indicate the account for whom the new logon was created, i.e. the account that was logged on.

The network fields indicate where a remote logon request originated. Workstation name is not always available and may be left blank in some cases.

The impersonation level field indicates the extent to which a process in the logon session can impersonate.

The authentication information fields provide detailed information about this specific logon request.
 - Logon GUID is a unique identifier that can be used to correlate this event with a KDC event.
 - Transited services indicate which intermediate services have participated in this logon request.
 - Package name indicates which sub-protocol was used among the NTLM protocols.
 - Key length indicates the length of the generated session key. This will be 0 if no session key was requested.",,,,"Domain_B","-",,,,,,,,,,Info,,"-",,,,,,,,,,0x2D07,"C:\Windows\System32\example_f.exe",,,11164668,Yes,,,,,"Domain_B\SYSTEM
Domain_B\user_l",,,"Microsoft Windows security auditing.","-",43355,,,,,,,,,,,,,,,,,Logon,,,,"service_A",Information,,,,,,,,Yes,,,"PROD-MFS-001","02/13/2020 08:03:41 PM
LogName=Security
SourceName= Microsoft Windows security auditing.
EventCode=4624
EventType=0
Type=Information
ComputerName=PROD-MFS-001
TaskCategory=Logon
OpCode=Info
RecordNumber=11164668
Keywords=Audit Success
Message=An account was successfully logged on.

Subject:
 Security ID:  Domain_B\SYSTEM
 Account Name:  PROD-MFS-001
 Account Domain:  Domain_B
 Logon ID:  0x70E4

Logon Information:
 Logon Type:  6
 Restricted Admin Mode: Yes
 Virtual Account:  Yes
 Elevated Token:  No

Impersonation Level:  Impersonation

New Logon:
 Security ID:  Domain_B\user_l
 Account Name:  user_l
 Account Domain:  Domain_B
 Logon ID:  0xAB37
 Linked Logon ID:  C5DF
 Network Account Name: -
 Network Account Domain: Domain_B
 Logon GUID:  {00000000-0000-0000-0000-000000000000}

Process Information:
 Process ID:  0x2D07
 Process Name:  C:\Windows\System32\example_f.exe

Network Information:
 Workstation Name: PROD-MFS-001
 Source Network Address: -
 Source Port:  43355

Detailed Authentication Information:
 Logon Process:  logonProcess1 
 Authentication Package: Negotiate
 Transited Services: service_A
 Package Name (NTLM only): -
 Key Length:  0

This event is generated when a logon session is created. It is generated on the computer that was accessed.

The subject fields indicate the account on the local system which requested the logon. This is most commonly a service such as the Server service, or a local process such as 18820.exe or 18820.exe.

The logon type field indicates the kind of logon that occurred. The most common types are 2 (interactive) and 3 (network).

The New Logon fields indicate the account for whom the new logon was created, i.e. the account that was logged on.

The network fields indicate where a remote logon request originated. Workstation name is not always available and may be left blank in some cases.

The impersonation level field indicates the extent to which a process in the logon session can impersonate.

The authentication information fields provide detailed information about this specific logon request.
 - Logon GUID is a unique identifier that can be used to correlate this event with a KDC event.
 - Transited services indicate which intermediate services have participated in this logon request.
 - Package name indicates which sub-protocol was used among the NTLM protocols.
 - Key length indicates the length of the generated session key. This will be 0 if no session key was requested.

","2020-02-13T20:03:41.000+0000",success,"win:local","An account was successfully logged on.

Subject:
 Security ID:  Domain_B\SYSTEM
 Account Name:  PROD-MFS-001
 Account Domain:  Domain_B
 Logon ID:  0x70E4

Logon Information:
 Logon Type:  6
 Restricted Admin Mode: Yes
 Virtual Account:  Yes
 Elevated Token:  No

Impersonation Level:  Impersonation

New Logon:
 Security ID:  Domain_B\user_l
 Account Name:  user_l
 Account Domain:  Domain_B
 Logon ID:  0xAB37
 Linked Logon ID:  C5DF
 Network Account Name: -
 Network Account Domain: Domain_B
 Logon GUID:  {00000000-0000-0000-0000-000000000000}

Process Information:
 Process ID:  0x2D07
 Process Name:  C:\Windows\System32\example_f.exe

Network Information:
 Workstation Name: PROD-MFS-001
 Source Network Address: -
 Source Port:  43355

Detailed Authentication Information:
 Logon Process:  logonProcess1 
 Authentication Package: Negotiate
 Transited Services: service_A
 Package Name (NTLM only): -
 Key Length:  0

This event is generated when a logon session is created. It is generated on the computer that was accessed.

The subject fields indicate the account on the local system which requested the logon. This is most commonly a service such as the Server service, or a local process such as 18820.exe or 18820.exe.

The logon type field indicates the kind of logon that occurred. The most common types are 2 (interactive) and 3 (network).

The New Logon fields indicate the account for whom the new logon was created, i.e. the account that was logged on.

The network fields indicate where a remote logon request originated. Workstation name is not always available and may be left blank in some cases.

The impersonation level field indicates the extent to which a process in the logon session can impersonate.

The authentication information fields provide detailed information about this specific logon request.
 - Logon GUID is a unique identifier that can be used to correlate this event with a KDC event.
 - Transited services indicate which intermediate services have participated in this logon request.
 - Package name indicates which sub-protocol was used among the NTLM protocols.
 - Key length indicates the length of the generated session key. This will be 0 if no session key was requested.",,Logon,,,,20,13,3,february,41,thursday,2020,local,"PROD-MFS-001",,,,,,,,,false,,,,"Domain_B","PROD-MFS-001",,untrust,,false,false,false,,"PROD-MFS-001",,,,,,,,,false,,,,"PROD-MFS-001",,untrust,,false,false,false,,11164668,"windows_logon_success wineventlog_security wineventlog_windows winsec","PROD-MFS-001",11164668,,main,,,,72,,,"PROD-MFS-001
user_l","Domain_B\SYSTEM
Domain_B\user_l","Domain_B\",,"An account was successfully logged on",,WinEventLog,,,,,,,0x2D07,Windows,,,"//_::_==____.====--====_=_____.:__:__\__:__--__:__",,,,0xAB37,informational,0,,,"An account was successfully logged on",4624,"WinEventLog:Security",WinEventLog,"prd-p-g7nxxbgc3hgl",,"PROD-MFS-001",,,,,,,,,false,,,,"Domain_B","PROD-MFS-001",,untrust,43355,,false,,false,false,"PROD-MFS-001",,,,,,,,,,,,,,,,,false,,,,,success,,"An account was successfully logged on",failure,,,"authentication
local
os
security
success
windows",,,,success,local,,,,"authentication
os
security
windows",,,,,,,,,,,,,,,22,0,,"user_l",,,,,,,,,,,,,,,,,,,false,,,,,Microsoft,,
,"Domain_A",,"user_l",,,,,,,,,,,,,,,,,,,,,,,"ACME-003",,,,,,,,,"-",4673,"A privileged service was called",0,,,,,,,,,,,,,,,,,"Audit Success",,,,,Security,,,,,0xAB37,,,,,,,,,"A privileged service was called.

Subject:
	Security ID:		Domain_A\user_l
	Account Name:		user_l
	Account Domain:		Domain_A
	Logon ID:		0xAB37

Service:
	Server:	NT Local Security Authority / Authentication Service
	Service Name:	LsaRegisterLogonProcess()

Process:
	Process ID:	0xB1CA
	Process Name:	C:\Windows\System32\example_g.exe

Service Request Information:
	Privileges:		SeLoadDriverPrivilege",,,,,,,,,,,,,,,Info,,,,,,,,,,,SeLoadDriverPrivilege,0xB1CA,"C:\Windows\System32\example_g.exe",,,470863373,,,,,,"Domain_A\user_l","NT Local Security Authority / Authentication Service","LsaRegisterLogonProcess()","Microsoft Windows security auditing.",,,,,,,,,,,,,,,,,,,"Sensitive Privilege Use",,,,,Information,,,,,,,,,,,,"02/13/2020 08:03:41 PM
LogName=Security
SourceName=Microsoft Windows security auditing.
EventCode=4673
EventType=0
Type=Information
ComputerName=ACME-003
TaskCategory=Sensitive Privilege Use
OpCode=Info
RecordNumber=470863373
Keywords=Audit Success
Message=A privileged service was called.

Subject:
	Security ID:		Domain_A\user_l
	Account Name:		user_l
	Account Domain:		Domain_A
	Logon ID:		0xAB37

Service:
	Server:	NT Local Security Authority / Authentication Service
	Service Name:	LsaRegisterLogonProcess()

Process:
	Process ID:	0xB1CA
	Process Name:	C:\Windows\System32\example_g.exe

Service Request Information:
	Privileges:		SeLoadDriverPrivilege
","2020-02-13T20:03:41.000+0000",success,"win:unknown","A privileged service was called.

Subject:
	Security ID:		Domain_A\user_l
	Account Name:		user_l
	Account Domain:		Domain_A
	Logon ID:		0xAB37

Service:
	Server:	NT Local Security Authority / Authentication Service
	Service Name:	LsaRegisterLogonProcess()

Process:
	Process ID:	0xB1CA
	Process Name:	C:\Windows\System32\example_g.exe

Service Request Information:
	Privileges:		SeLoadDriverPrivilege",,"Sensitive Privilege Use",,,,20,13,3,february,41,thursday,2020,local,"ACME-003",,,,,,,,,false,,,,"Domain_A","ACME-003",,untrust,,false,false,false,,"ACME-003",,,,,,,,,false,,,,"ACME-003",,untrust,,false,false,false,,470863373,"windows_privileged_service_call wineventlog_security wineventlog_windows winsec","ACME-003",470863373,,main,,,,30,,,"user_l","Domain_A\user_l","Domain_A\",,"A privileged service was called",,WinEventLog,,,,,"Load and unload device drivers",SeLoadDriverPrivilege,,Windows,,,"//_::_==___.====-=__===_=____.:t_:tt\t_:ttt_:ttt_:",,,,0xAB37,informational,0,,,"A privileged service was called",4673,"WinEventLog:Security",WinEventLog,"prd-p-g7nxxbgc3hgl",,,,,,,,,,,,,,,"Domain_A",,,,,,,,,,,,,,,,,,,,,,,,,,,,,,,,success,,"A privileged service was called",failure,,,"execute
os
privileged
process
security
start
success
windows",,,,success,,,,,"execute
os
privileged
process
security
start
windows",,,,,,,,,,,,,,,22,0,,"user_l",,,,,,,,,,,,,,,,,,,false,,,,,Microsoft,SeLoadDriverPrivilege,
,"Domain_E",,"user_h",,,,,,,,,,,,,,,"Account Management","Password Policy modified",,,,,,,"BUSDEV-002",,,,,"-","Domain_E\","Domain_E",,"-",4739,"Domain Policy was changed",0,,,,"-",,,,,,,,,,,,,"Audit Success",,"-","-","-",Security,,,,,0xA19C,,,,"Min. Password Age:	-
	Max. Password Age:	-
	Force Logoff:		-
	Lockout Threshold:	-
	Lockout Observation Window:	-
	Lockout Duration:	-
	Password Properties:	-
	Min. Password Length:	6
	Password History Length:	23
	Machine Account Quota:	-
	Mixed Domain Mode:	-
	Domain Behavior Version:	-
	OEM Information:	-","-","-",,,"Domain Policy was changed.

Change Type:		Password Policy modified

Subject:
	Security ID:  Domain_E\user_h
	Account Name:  user_h
	Account Domain:  Domain_E
	Logon ID:  0xA19C

Domain:
	Domain Name:		Domain_E
	Domain ID:		Domain_E\

Changed Attributes:
	Min. Password Age:	-
	Max. Password Age:	-
	Force Logoff:		-
	Lockout Threshold:	-
	Lockout Observation Window:	-
	Lockout Duration:	-
	Password Properties:	-
	Min. Password Length:	6
	Password History Length:	23
	Machine Account Quota:	-
	Mixed Domain Mode:	-
	Domain Behavior Version:	-
	OEM Information:	-

Additional Information:
	Privileges:		-","-",6,"-",,,,,,,,,,"-",,Info,,,23,,"-",,,,,,"-",,,,,406266044,,,,,,"Domain_E\user_h",,,"Microsoft Windows security auditing.",,,,,,,,,,,,,,,,,,,"Authentication Policy Change",,,,,Information,,,,,,,,,,,,"02/13/2020 08:03:41 PM
LogName=Security
SourceName=Microsoft Windows security auditing.
EventCode=4739
EventType=0
Type=Information
ComputerName=BUSDEV-002
TaskCategory=Authentication Policy Change
OpCode=Info
RecordNumber=406266044
Keywords=Audit Success
Message=Domain Policy was changed.

Change Type:		Password Policy modified

Subject:
	Security ID:  Domain_E\user_h
	Account Name:  user_h
	Account Domain:  Domain_E
	Logon ID:  0xA19C

Domain:
	Domain Name:		Domain_E
	Domain ID:		Domain_E\

Changed Attributes:
	Min. Password Age:	-
	Max. Password Age:	-
	Force Logoff:		-
	Lockout Threshold:	-
	Lockout Observation Window:	-
	Lockout Duration:	-
	Password Properties:	-
	Min. Password Length:	6
	Password History Length:	23
	Machine Account Quota:	-
	Mixed Domain Mode:	-
	Domain Behavior Version:	-
	OEM Information:	-

Additional Information:
	Privileges:		-
","2020-02-13T20:03:41.000+0000",success,"win:unknown","Domain Policy was changed.

Change Type:		Password Policy modified

Subject:
	Security ID:  Domain_E\user_h
	Account Name:  user_h
	Account Domain:  Domain_E
	Logon ID:  0xA19C

Domain:
	Domain Name:		Domain_E
	Domain ID:		Domain_E\

Changed Attributes:
	Min. Password Age:	-
	Max. Password Age:	-
	Force Logoff:		-
	Lockout Threshold:	-
	Lockout Observation Window:	-
	Lockout Duration:	-
	Password Properties:	-
	Min. Password Length:	6
	Password History Length:	23
	Machine Account Quota:	-
	Mixed Domain Mode:	-
	Domain Behavior Version:	-
	OEM Information:	-

Additional Information:
	Privileges:		-",,"Authentication Policy Change",,,,20,13,3,february,41,thursday,2020,local,"BUSDEV-002",,,,,,,,,false,,,,"Domain_E","BUSDEV-002",,untrust,,false,false,false,,"BUSDEV-002",,,,,,,,,false,,,,"BUSDEV-002",,untrust,,false,false,false,,406266044,"windows_account_management windows_security_misconfiguration_password_minimum_length wineventlog_security wineventlog_windows winsec","BUSDEV-002",406266044,,main,,,,43,,,"user_h","Domain_E\user_h","Domain_E\",,"Domain Policy was changed",,WinEventLog,,,,,,"-",,Windows,,,"//_::_==___.====-=__===_=___._:tt__:t_:__\t_:__t_:",,,,0xA19C,high,0,,,"Domain Policy was changed",4739,"WinEventLog:Security",WinEventLog,"prd-p-g7nxxbgc3hgl",,,,,,,,,,,,,,,"Domain_E",,,,,,,,,,,,,,,,,,,,,,,,,,,,,,,,success,,"Domain Policy was changed",failure,"Account Management",,"account
audit
change
management
misconfiguration
os
password
policy
report
security
success
vulnerability
windows",,,,success,,,,,"account
audit
change
management
misconfiguration
os
password
policy
report
security
vulnerability
windows",,,,,,,,,,,,,,,22,0,,"user_h",,,,,,,,,,,,,,,,,,,false,,,,,Microsoft,"-",
,"Domain_E
Domain_E","<never>","user_h
user_e",,,,,"-",,,,,,,,,,"Account Management",,,,,,,,"ACME-003",,,ccc,,,,,,"-",4720,"A user account was created",0,,,,,,,,"\a\e","C:",,,,,,,,"Audit Success",,,,,Security,,,,"Tuesday 8:00 PM -Wednesday 10:00 AM",0xA19C,,,,"SAM Account Name: user_f
	Display Name: ccc
	User Principal Name: eee@AAA.local
	Home Directory: \a\e
	Home Drive: C:
	Script Path: \a\g
	Profile Path: <value not set>
	User Workstations: AAA
	Password Last Set: <never>
	Account Expires: <never>
	Primary Group ID: 799
	Allowed To Delegate To: -
	Old UAC Value: 2F15D7C
	New UAC Value: 1ACBCA1
	User Account Control: SCRIPT - Enabled
	User Parameters: <value changed, but not displayed>
	SID History: -
	Logon Hours: Tuesday 8:00 PM -Wednesday 10:00 AM",,,,,"A User account was created. 
Subject: 
	Security ID: Domain_E\user_h
	Account Name: user_h
	Account Domain: Domain_E
	Logon ID: 0xA19C
New Account: 
	Security ID: Domain_E\user_e
	Account Name: user_e
	Account Domain: Domain_E
Attributes: 
	SAM Account Name: user_f
	Display Name: ccc
	User Principal Name: eee@AAA.local
	Home Directory: \a\e
	Home Drive: C:
	Script Path: \a\g
	Profile Path: <value not set>
	User Workstations: AAA
	Password Last Set: <never>
	Account Expires: <never>
	Primary Group ID: 799
	Allowed To Delegate To: -
	Old UAC Value: 2F15D7C
	New UAC Value: 1ACBCA1
	User Account Control: SCRIPT - Enabled
	User Parameters: <value changed, but not displayed>
	SID History: -
	Logon Hours: Tuesday 8:00 PM -Wednesday 10:00 AM
Additional Information:
	Privileges SeLoadDriverPrivilege",,,,,,,,,,,,1ACBCA1,,2F15D7C,Info,,,,"<never>",,,,799,,,,,,"<value not set>",,307623861,,,"user_f","-","\a\g","Domain_E\user_h
Domain_E\user_e",,,"Microsoft Windows security auditing.",,,,,,,,,,,,,,,,,,,"User Account Management",,,,,Information,,"SCRIPT - Enabled",,,"<value changed, but not displayed>","eee@AAA.local",AAA,,,,,"02/13/2020 08:03:41 PM
LogName=Security
SourceName=Microsoft Windows security auditing.
EventCode=4720
EventType=0
Type=Information
ComputerName=ACME-003
TaskCategory=User Account Management
OpCode=Info
RecordNumber=307623861
Keywords=Audit Success
Message=A User account was created. 
Subject: 
	Security ID: Domain_E\user_h
	Account Name: user_h
	Account Domain: Domain_E
	Logon ID: 0xA19C
New Account: 
	Security ID: Domain_E\user_e
	Account Name: user_e
	Account Domain: Domain_E
Attributes: 
	SAM Account Name: user_f
	Display Name: ccc
	User Principal Name: eee@AAA.local
	Home Directory: \a\e
	Home Drive: C:
	Script Path: \a\g
	Profile Path: <value not set>
	User Workstations: AAA
	Password Last Set: <never>
	Account Expires: <never>
	Primary Group ID: 799
	Allowed To Delegate To: -
	Old UAC Value: 2F15D7C
	New UAC Value: 1ACBCA1
	User Account Control: SCRIPT - Enabled
	User Parameters: <value changed, but not displayed>
	SID History: -
	Logon Hours: Tuesday 8:00 PM -Wednesday 10:00 AM
Additional Information:
	Privileges SeLoadDriverPrivilege
","2020-02-13T20:03:41.000+0000",created,"win:unknown","A User account was created. 
Subject: 
	Security ID: Domain_E\user_h
	Account Name: user_h
	Account Domain: Domain_E
	Logon ID: 0xA19C
New Account: 
	Security ID: Domain_E\user_e
	Account Name: user_e
	Account Domain: Domain_E
Attributes: 
	SAM Account Name: user_f
	Display Name: ccc
	User Principal Name: eee@AAA.local
	Home Directory: \a\e
	Home Drive: C:
	Script Path: \a\g
	Profile Path: <value not set>
	User Workstations: AAA
	Password Last Set: <never>
	Account Expires: <never>
	Primary Group ID: 799
	Allowed To Delegate To: -
	Old UAC Value: 2F15D7C
	New UAC Value: 1ACBCA1
	User Account Control: SCRIPT - Enabled
	User Parameters: <value changed, but not displayed>
	SID History: -
	Logon Hours: Tuesday 8:00 PM -Wednesday 10:00 AM
Additional Information:
	Privileges SeLoadDriverPrivilege",,"User Account Management",user,,,20,13,3,february,41,thursday,2020,local,"ACME-003",,,,,,,,,false,,,,"Domain_E","ACME-003",,untrust,,false,false,false,,"ACME-003",,,,,,,,,false,,,,"ACME-003",,untrust,,false,false,false,,307623861,"windows_account_created windows_account_management wineventlog_security wineventlog_windows winsec","ACME-003",307623861,,main,,,,43,,,"user_h
user_e","Domain_E\user_h
Domain_E\user_e","Domain_E\",,"A user account was created",,WinEventLog,user,,,,,,,Windows,,,"//_::_==___.====-=__===_=____._:_t_:_\t_:_t_:_t_:_",,,,0xA19C,informational,0,,,"A user account was created",4720,"WinEventLog:Security",WinEventLog,"prd-p-g7nxxbgc3hgl",,,,,,,,,,,,,,,"Domain_E",,,,,,,,,,"user_h",,,,,,,,,,,,,,,,,false,,,,,success,,"A user account was created",failure,"Account Management",,"account
add
change
management
os
security
windows",,,,,,,,,"account
add
change
management
os
security
windows",,,,,,,,,,,,,,,22,0,,"user_e",,,,,,799,,,,,,,,,,,,,false,,,,,Microsoft,,
,"WINDOWS
WINDOWS",,"ABCDE
ABCDE",,,,,,,,,,,,,,,,,,,,,,,"BUSDEV-007",,,,,,,,,"-",4798,,Information,,,,,,,,,,,,,,,,,"Audit Success",,,,,Security,,,,,0x851,,,,,,,,,"A User's local group membership was enumerated.

Subject:
	Security ID:		WINDOWS\krbtgt
	Account Name:		ABCDE
	Account Domain:		WINDOWS
	Logon ID:		0x851
User:
	Security ID:		WINDOWS\krbtgt
	Account Name:		ABCDE
	Account Domain:		WINDOWS

Process Information:
	Process ID:		0x16c4
	Process Name:		abc\file\path\C50149F.exe",,,,,,,,,,,,,,,Info,,,,,,,,,,,,0x16c4,"abc\file\path\C50149F.exe",,,165268320,,,,,,"WINDOWS\krbtgt
WINDOWS\krbtgt",,,"Microsoft Windows security auditing.",,,,,,,,,,,,,,,,,,,"Authentication Policy Change",,,,,Information,,,,,,,,,,,,"02/13/2020 08:03:41 PM
LogName=Security
SourceName=Microsoft Windows security auditing.
EventCode=4798
EventType=Information
Type=Information
ComputerName=BUSDEV-007
TaskCategory=Authentication Policy Change
OpCode=Info
RecordNumber=165268320
Keywords=Audit Success
Message=A User's local group membership was enumerated.

Subject:
	Security ID:		WINDOWS\krbtgt
	Account Name:		ABCDE
	Account Domain:		WINDOWS
	Logon ID:		0x851
User:
	Security ID:		WINDOWS\krbtgt
	Account Name:		ABCDE
	Account Domain:		WINDOWS

Process Information:
	Process ID:		0x16c4
	Process Name:		abc\file\path\C50149F.exe

","2020-02-13T20:03:41.000+0000",success,"win:unknown","A User's local group membership was enumerated.

Subject:
	Security ID:		WINDOWS\krbtgt
	Account Name:		ABCDE
	Account Domain:		WINDOWS
	Logon ID:		0x851
User:
	Security ID:		WINDOWS\krbtgt
	Account Name:		ABCDE
	Account Domain:		WINDOWS

