Subject:
	Security ID:		Domain_D\user_f
	Account Name:		user_f
	Account Domain:		Domain_D
	Logon ID:		0xA369

Target Account:
	Security ID:		Domain_D\user_l
	Account Name:		user_l
	Account Domain:		Domain_D

Additional Information:
	Privileges	SeTcbPrivilege",,"User Account Management",user,,,20,13,4,february,40,thursday,2020,local,"BUSDEV-005",,,,,,,,,false,,,,"Domain_D","BUSDEV-005",,untrust,,false,false,false,,"BUSDEV-005",,,,,,,,,false,,,,"BUSDEV-005",,untrust,,false,false,false,,547220845,"windows_account_deleted windows_account_management wineventlog_security wineventlog_windows winsec","BUSDEV-005",547220845,,main,,,,27,,,"user_f
user_l","Domain_D\user_f
Domain_D\user_l","Domain_D\",deleted,"A user account was deleted",,WinEventLog,user,,,,,,,Windows,,,"//_::_==___.====-=__===_=____.:t_:tt\t_:ttt_:ttt_:",,,,0xA369,informational,0,,,"A user account was deleted",4726,"WinEventLog:Security",WinEventLog,"prd-p-g7nxxbgc3hgl",,,,,,,,,,,,,,,"Domain_D",,,,,,,,,,"user_f",,,,,,,,,,,,,,,,,false,,,,,success,,"A user account was deleted",failure,"Account Management",,"account
change
delete
management
os
security
windows",,,,,,,,,"account
change
delete
management
os
security
windows",,,,,,,,,,,,,,,22,0,,"user_l",,,,,,,,,,,,,,,,,,,false,,,,,Microsoft,,
,"Domain_E
Domain_E","<never>","user_b
user_k",,,,,"server_1/coumputer_a",,,,,,,,,,"Account Management",,,,,,,,"ACME-001",,,ccc,,,,,,"-",4720,"A user account was created",0,,,,,,,,"\a\b\c","<value not set>",,,,,,,,"Audit Success",,,,,Security,,,,All,0x3A81,,,,"SAM Account Name: user_l
	Display Name: ccc
	User Principal Name: aaa@AAA.local
	Home Directory: \a\b\c
	Home Drive: <value not set>
	Script Path: \a\b
	Profile Path: \f
	User Workstations: CCC
	Password Last Set: <never>
	Account Expires: <never>
	Primary Group ID: 617
	Allowed To Delegate To: server_1/coumputer_a
	Old UAC Value: 0C9A1CE
	New UAC Value: 4352E5F
	User Account Control: PASSWD_NOTREQD - Enabled
	User Parameters: <value changed, but not displayed>
	SID History: Domain_b/bbb
	Logon Hours: All",,,,,"A User account was created. 
Subject: 
	Security ID: Domain_E\user_b
	Account Name: user_b
	Account Domain: Domain_E
	Logon ID: 0x3A81
New Account: 
	Security ID: Domain_E\user_k
	Account Name: user_k
	Account Domain: Domain_E
Attributes: 
	SAM Account Name: user_l
	Display Name: ccc
	User Principal Name: aaa@AAA.local
	Home Directory: \a\b\c
	Home Drive: <value not set>
	Script Path: \a\b
	Profile Path: \f
	User Workstations: CCC
	Password Last Set: <never>
	Account Expires: <never>
	Primary Group ID: 617
	Allowed To Delegate To: server_1/coumputer_a
	Old UAC Value: 0C9A1CE
	New UAC Value: 4352E5F
	User Account Control: PASSWD_NOTREQD - Enabled
	User Parameters: <value changed, but not displayed>
	SID History: Domain_b/bbb
	Logon Hours: All
Additional Information:
	Privileges -",,,,,,,,,,,,4352E5F,,0C9A1CE,Info,,,,"<never>",,,,617,,,,,,"\f",,700299066,,,"user_l","Domain_b/bbb","\a\b","Domain_E\user_b
Domain_E\user_k",,,"Microsoft Windows security auditing.",,,,,,,,,,,,,,,,,,,"User Account Management",,,,,Information,,"PASSWD_NOTREQD - Enabled",,,"<value changed, but not displayed>","aaa@AAA.local",CCC,,,,,"02/13/2020 08:04:39 PM
LogName=Security
SourceName=Microsoft Windows security auditing.
EventCode=4720
EventType=0
Type=Information
ComputerName=ACME-001
TaskCategory=User Account Management
OpCode=Info
RecordNumber=700299066
Keywords=Audit Success
Message=A User account was created. 
Subject: 
	Security ID: Domain_E\user_b
	Account Name: user_b
	Account Domain: Domain_E
	Logon ID: 0x3A81
New Account: 
	Security ID: Domain_E\user_k
	Account Name: user_k
	Account Domain: Domain_E
Attributes: 
	SAM Account Name: user_l
	Display Name: ccc
	User Principal Name: aaa@AAA.local
	Home Directory: \a\b\c
	Home Drive: <value not set>
	Script Path: \a\b
	Profile Path: \f
	User Workstations: CCC
	Password Last Set: <never>
	Account Expires: <never>
	Primary Group ID: 617
	Allowed To Delegate To: server_1/coumputer_a
	Old UAC Value: 0C9A1CE
	New UAC Value: 4352E5F
	User Account Control: PASSWD_NOTREQD - Enabled
	User Parameters: <value changed, but not displayed>
	SID History: Domain_b/bbb
	Logon Hours: All
Additional Information:
	Privileges -
","2020-02-13T20:04:39.000+0000",created,"win:unknown","A User account was created. 
Subject: 
	Security ID: Domain_E\user_b
	Account Name: user_b
	Account Domain: Domain_E
	Logon ID: 0x3A81
New Account: 
	Security ID: Domain_E\user_k
	Account Name: user_k
	Account Domain: Domain_E
Attributes: 
	SAM Account Name: user_l
	Display Name: ccc
	User Principal Name: aaa@AAA.local
	Home Directory: \a\b\c
	Home Drive: <value not set>
	Script Path: \a\b
	Profile Path: \f
	User Workstations: CCC
	Password Last Set: <never>
	Account Expires: <never>
	Primary Group ID: 617
	Allowed To Delegate To: server_1/coumputer_a
	Old UAC Value: 0C9A1CE
	New UAC Value: 4352E5F
	User Account Control: PASSWD_NOTREQD - Enabled
	User Parameters: <value changed, but not displayed>
	SID History: Domain_b/bbb
	Logon Hours: All
Additional Information:
	Privileges -",,"User Account Management",user,,,20,13,4,february,39,thursday,2020,local,"ACME-001",,,,,,,,,false,,,,"Domain_E","ACME-001",,untrust,,false,false,false,,"ACME-001",,,,,,,,,false,,,,"ACME-001",,untrust,,false,false,false,,700299066,"windows_account_created windows_account_management wineventlog_security wineventlog_windows winsec","ACME-001",700299066,,main,,,,43,,,"user_b
user_k","Domain_E\user_b
Domain_E\user_k","Domain_E\",,"A user account was created",,WinEventLog,user,,,,,,,Windows,,,"//_::_==___.====-=__===_=____._:_t_:_\t_:_t_:_t_:_",,,,0x3A81,informational,0,,,"A user account was created",4720,"WinEventLog:Security",WinEventLog,"prd-p-g7nxxbgc3hgl",,,,,,,,,,,,,,,"Domain_E",,,,,,,,,,"user_b",,,,,,,,,,,,,,,,,false,,,,,success,,"A user account was created",failure,"Account Management",,"account
add
change
management
os
security
windows",,,,,,,,,"account
add
change
management
os
security
windows",,,,,,,,,,,,,,,22,0,,"user_k",,,,,,617,,,,,,,,,,,,,false,,,,,Microsoft,,
,"Domain_C",,"user_a",,,,,,,,,,,,,,,,,,,,,,,"BUSDEV-007",,,,,,,,,"-",4689,"A process has exited",0,0x29B231,,,,,,,,,,,,,,,,"Audit Success",,,,,Security,,,,,0x6C10,,,,,,,,,"A process has exited.

Subject:
	Security ID:		Domain_C\user_a
	Account Name:		user_a
	Account Domain:		Domain_C
	Logon ID:		0x6C10

Process Information:
	Process ID:	0x68EB
	Process Name:	C:\Windows\System32\example_f.exe
	Exit Status:	0x29B231",,,,,,,,,,,,,,,Info,,,,,,,,,,,,0x68EB,"C:\Windows\System32\example_f.exe",,,955959429,,,,,,"Domain_C\user_a",,,"Microsoft Windows security auditing.",,,,,,,,,,,,,,,,,,,"Process Termination",,,,,Information,,,,,,,,,,,,"02/13/2020 08:04:37 PM
LogName=Security
SourceName=Microsoft Windows security auditing.
EventCode=4689
EventType=0
Type=Information
ComputerName=BUSDEV-007
TaskCategory=Process Termination
OpCode=Info
RecordNumber=955959429
Keywords=Audit Success
Message=A process has exited.

Subject:
	Security ID:		Domain_C\user_a
	Account Name:		user_a
	Account Domain:		Domain_C
	Logon ID:		0x6C10

Process Information:
	Process ID:	0x68EB
	Process Name:	C:\Windows\System32\example_f.exe
	Exit Status:	0x29B231
","2020-02-13T20:04:37.000+0000",success,"win:unknown","A process has exited.

Subject:
	Security ID:		Domain_C\user_a
	Account Name:		user_a
	Account Domain:		Domain_C
	Logon ID:		0x6C10

Process Information:
	Process ID:	0x68EB
	Process Name:	C:\Windows\System32\example_f.exe
	Exit Status:	0x29B231",,"Process Termination",,,,20,13,4,february,37,thursday,2020,local,"BUSDEV-007",,,,,,,,,false,,,,"Domain_C","BUSDEV-007",,untrust,,false,false,false,,"BUSDEV-007",,,,,,,,,false,,,,"BUSDEV-007",,untrust,,false,false,false,,955959429,"windows_process_exit wineventlog_security wineventlog_windows winsec","BUSDEV-007",955959429,,main,,,,24,,,"user_a","Domain_C\user_a","Domain_C\",,"A process has exited",,WinEventLog,,,,,,,,Windows,,,"//_::_==___.====-=_===_=___.:t_:tt\t_:ttt_:ttt_:tt",,,,0x6C10,informational,0,,,"A process has exited",4689,"WinEventLog:Security",WinEventLog,"prd-p-g7nxxbgc3hgl",,,,,,,,,,,,,,,"Domain_C",,,,,,,,,,,,,,,,,,,,,,,,,,,,,,,,success,,"A process has exited",failure,,,"execute
os
process
security
stop
success
windows",,,,success,,,,,"execute
os
process
security
stop
windows",,,,,,,,,,,,,,,22,0,,"user_a",,,,,,,,,,,,,,,,,,,false,,,,,Microsoft,,
,"Domain_D",,"user_a",,,,,,,,,,,,,,,,,,,,,,,"HOST-006",,,,,,,,,"-",4673,"A privileged service was called",0,,,,,,,,,,,,,,,,,"Audit Success",,,,,Security,,,,,0x6C10,,,,,,,,,"A privileged service was called.

Subject:
	Security ID:		Domain_D\user_a
	Account Name:		user_a
	Account Domain:		Domain_D
	Logon ID:		0x6C10

Service:
	Server:	NT Local Security Authority / Authentication Service
	Service Name:	LsaRegisterLogonProcess()

Process:
	Process ID:	0x3DF7
	Process Name:	C:\Windows\System32\example_b.exe

Service Request Information:
	Privileges:		SeDelegateSessionUserImpersonatePrivilege",,,,,,,,,,,,,,,Info,,,,,,,,,,,SeDelegateSessionUserImpersonatePrivilege,0x3DF7,"C:\Windows\System32\example_b.exe",,,185842176,,,,,,"Domain_D\user_a","NT Local Security Authority / Authentication Service","LsaRegisterLogonProcess()","Microsoft Windows security auditing.",,,,,,,,,,,,,,,,,,,"Sensitive Privilege Use",,,,,Information,,,,,,,,,,,,"02/13/2020 08:04:37 PM
LogName=Security
SourceName=Microsoft Windows security auditing.
EventCode=4673
EventType=0
Type=Information
ComputerName=HOST-006
TaskCategory=Sensitive Privilege Use
OpCode=Info
RecordNumber=185842176
Keywords=Audit Success
Message=A privileged service was called.

Subject:
	Security ID:		Domain_D\user_a
	Account Name:		user_a
	Account Domain:		Domain_D
	Logon ID:		0x6C10

Service:
	Server:	NT Local Security Authority / Authentication Service
	Service Name:	LsaRegisterLogonProcess()

Process:
	Process ID:	0x3DF7
	Process Name:	C:\Windows\System32\example_b.exe

Service Request Information:
	Privileges:		SeDelegateSessionUserImpersonatePrivilege
","2020-02-13T20:04:37.000+0000",success,"win:unknown","A privileged service was called.

Subject:
	Security ID:		Domain_D\user_a
	Account Name:		user_a
	Account Domain:		Domain_D
	Logon ID:		0x6C10

Service:
	Server:	NT Local Security Authority / Authentication Service
	Service Name:	LsaRegisterLogonProcess()

Process:
	Process ID:	0x3DF7
	Process Name:	C:\Windows\System32\example_b.exe

Service Request Information:
	Privileges:		SeDelegateSessionUserImpersonatePrivilege",,"Sensitive Privilege Use",,,,20,13,4,february,37,thursday,2020,local,"HOST-006",,,,,,,,,false,,,,"Domain_D","HOST-006",,untrust,,false,false,false,,"HOST-006",,,,,,,,,false,,,,"HOST-006",,untrust,,false,false,false,,185842176,"windows_privileged_service_call wineventlog_security wineventlog_windows winsec","HOST-006",185842176,,main,,,,30,,,"user_a","Domain_D\user_a","Domain_D\",,"A privileged service was called",,WinEventLog,,,,,,SeDelegateSessionUserImpersonatePrivilege,,Windows,,,"//_::_==___.====-=__===_=____.:t_:tt\t_:ttt_:ttt_:",,,,0x6C10,informational,0,,,"A privileged service was called",4673,"WinEventLog:Security",WinEventLog,"prd-p-g7nxxbgc3hgl",,,,,,,,,,,,,,,"Domain_D",,,,,,,,,,,,,,,,,,,,,,,,,,,,,,,,success,,"A privileged service was called",failure,,,"execute
os
privileged
process
security
start
success
windows",,,,success,,,,,"execute
os
privileged
process
security
start
windows",,,,,,,,,,,,,,,22,0,,"user_a",,,,,,,,,,,,,,,,,,,false,,,,,Microsoft,SeDelegateSessionUserImpersonatePrivilege,
,"Domain_E",,"user_k",,,,,,,,,,,,,,,,,,,,,,,"$SPLUNK_HOME/etc/apps/Splunk_TA_windows/samples/hostname.sample",0x131C,,,,,,,,"-",4688,"A new process has been created",0,,,,,,,,,,,,,,,,,"Audit Success",,,,,Security,,,,,0xBAC3,,,,,,,,,"A new process has been created.
Subject:
	Security ID:		Domain_E\user_k
	Account Name:		user_k
	Account Domain:		Domain_E
	Logon ID:		0xBAC3
Process Information:
	New Process ID:		0x1339
	New Process Name:	C:\Windows\System32\example_c.exe
	Token Elevation Type:	TokenElevationTypeLimited (3)
	Creator Process ID:	0x131C
Token Elevation Type indicates the type of token that was assigned to the new process in accordance with User Account Control policy.
Type 1 is a full token with no privileges removed or groups disabled.  A full token is only used if User Account Control is disabled or if the User is the built-in Administrator account or a service account.
Type 2 is an elevated token with no privileges removed or groups disabled.  An elevated token is used when User Account Control is enabled and the User chooses to start the program using Run as administrator.  An elevated token is also used when an application is configured to always require administrative privilege or to always require maximum privilege, and the User is a member of the Administrators group.
Type 3 is a limited token with administrative privileges removed and administrative groups disabled.  The limited token is used when User Account Control is enabled, the application does not require administrative privilege, and the User does not choose to start the program using Run as administrator.",,,,,,,,,,0x1339,"C:\Windows\System32\example_c.exe",,,,Info,,,,,,,,,,,,,,,,195996077,,,,,,"Domain_E\user_k",,,"Microsoft Windows security auditing.",,,,,,,,,,,,,,,,,,,"Process Creation",,"TokenElevationTypeLimited (3)",3,,Information,,,,,,,,,,,,"02/13/2020 08:04:36 PM
LogName=Security
SourceName=Microsoft Windows security auditing.
EventCode=4688
EventType=0
Type=Information
ComputerName=$SPLUNK_HOME/etc/apps/Splunk_TA_windows/samples/hostname.sample
TaskCategory=Process Creation
OpCode=Info
RecordNumber=195996077
Keywords=Audit Success
Message=A new process has been created.
Subject:
	Security ID:		Domain_E\user_k
	Account Name:		user_k
	Account Domain:		Domain_E
	Logon ID:		0xBAC3
Process Information:
	New Process ID:		0x1339
	New Process Name:	C:\Windows\System32\example_c.exe
	Token Elevation Type:	TokenElevationTypeLimited (3)
	Creator Process ID:	0x131C
Token Elevation Type indicates the type of token that was assigned to the new process in accordance with User Account Control policy.
Type 1 is a full token with no privileges removed or groups disabled.  A full token is only used if User Account Control is disabled or if the User is the built-in Administrator account or a service account.
Type 2 is an elevated token with no privileges removed or groups disabled.  An elevated token is used when User Account Control is enabled and the User chooses to start the program using Run as administrator.  An elevated token is also used when an application is configured to always require administrative privilege or to always require maximum privilege, and the User is a member of the Administrators group.
Type 3 is a limited token with administrative privileges removed and administrative groups disabled.  The limited token is used when User Account Control is enabled, the application does not require administrative privilege, and the User does not choose to start the program using Run as administrator.
","2020-02-13T20:04:36.000+0000",success,"win:unknown","A new process has been created.
Subject:
	Security ID:		Domain_E\user_k
	Account Name:		user_k
	Account Domain:		Domain_E
	Logon ID:		0xBAC3
Process Information:
	New Process ID:		0x1339
	New Process Name:	C:\Windows\System32\example_c.exe
	Token Elevation Type:	TokenElevationTypeLimited (3)
	Creator Process ID:	0x131C
Token Elevation Type indicates the type of token that was assigned to the new process in accordance with User Account Control policy.
Type 1 is a full token with no privileges removed or groups disabled.  A full token is only used if User Account Control is disabled or if the User is the built-in Administrator account or a service account.
Type 2 is an elevated token with no privileges removed or groups disabled.  An elevated token is used when User Account Control is enabled and the User chooses to start the program using Run as administrator.  An elevated token is also used when an application is configured to always require administrative privilege or to always require maximum privilege, and the User is a member of the Administrators group.
Type 3 is a limited token with administrative privileges removed and administrative groups disabled.  The limited token is used when User Account Control is enabled, the application does not require administrative privilege, and the User does not choose to start the program using Run as administrator.",,"Process Creation",,,,20,13,4,february,36,thursday,2020,local,"$SPLUNK_HOME/etc/apps/Splunk_TA_windows/samples/hostname.sample",,,,,,,,,false,,,,"Domain_E","$SPLUNK_HOME/etc/apps/Splunk_TA_windows/samples/hostname.sample",,untrust,,false,false,false,,"$SPLUNK_HOME/etc/apps/Splunk_TA_windows/samples/hostname.sample",,,,,,,,,false,,,,"$SPLUNK_HOME/etc/apps/Splunk_TA_windows/samples/hostname.sample",,untrust,,false,false,false,,195996077,"windows_process_new wineventlog_security wineventlog_windows winsec","$SPLUNK_HOME/etc/apps/Splunk_TA_windows/samples/hostname.sample",195996077,,main,,,,27,,,"user_k","Domain_E\user_k","Domain_E\",,"A new process has been created",,WinEventLog,,,,,,,,Windows,,,"//_::_==___.====$/////.=_===_=_____.:t_:tt\t_:ttt_",,,,0xBAC3,informational,0,,,"A new process has been created",4688,"WinEventLog:Security",WinEventLog,"prd-p-g7nxxbgc3hgl",,,,,,,,,,,,,,,"Domain_E",,,,,,,,,,,,,,,,,,,,,,,,,,,,,,,,success,,"A new process has been created",failure,,,"execute
os
process
security
start
success
windows",,,,success,,,,,"execute
os
process
security
start
windows",,,,,,,,,,,,,,,22,0,,"user_k",,,,,,,,,,,,,,,,,,,false,,,,,Microsoft,,
,"Domain_C",,"user_h",,,,,,,,,,,,,,,"Account Management","Password Policy modified",,,,,,,"PROD-POS-001",,,,,"-","Domain_C\","Domain_C",,"-",4739,"Domain Policy was changed",0,,,,"-",,,,,,,,,,,,,"Audit Success",,"-","-","-",Security,,,,,0xA19C,,,,"Min. Password Age:	-
	Max. Password Age:	-
	Force Logoff:		-
	Lockout Threshold:	-
	Lockout Observation Window:	-
	Lockout Duration:	-
	Password Properties:	-
	Min. Password Length:	6
	Password History Length:	23
	Machine Account Quota:	-
	Mixed Domain Mode:	-
	Domain Behavior Version:	-
	OEM Information:	-","-","-",,,"Domain Policy was changed.

Change Type:		Password Policy modified

Subject:
	Security ID:  Domain_C\user_h
	Account Name:  user_h
	Account Domain:  Domain_C
	Logon ID:  0xA19C

Domain:
	Domain Name:		Domain_C
	Domain ID:		Domain_C\

Changed Attributes:
	Min. Password Age:	-
	Max. Password Age:	-
	Force Logoff:		-
	Lockout Threshold:	-
	Lockout Observation Window:	-
	Lockout Duration:	-
	Password Properties:	-
	Min. Password Length:	6
	Password History Length:	23
	Machine Account Quota:	-
	Mixed Domain Mode:	-
	Domain Behavior Version:	-
	OEM Information:	-

Additional Information:
	Privileges:		-","-",6,"-",,,,,,,,,,"-",,Info,,,23,,"-",,,,,,"-",,,,,682478996,,,,,,"Domain_C\user_h",,,"Microsoft Windows security auditing.",,,,,,,,,,,,,,,,,,,"Authentication Policy Change",,,,,Information,,,,,,,,,,,,"02/13/2020 08:04:36 PM
LogName=Security
SourceName=Microsoft Windows security auditing.
EventCode=4739
EventType=0
Type=Information
ComputerName=PROD-POS-001
TaskCategory=Authentication Policy Change
OpCode=Info
RecordNumber=682478996
Keywords=Audit Success
Message=Domain Policy was changed.

Change Type:		Password Policy modified

Subject:
	Security ID:  Domain_C\user_h
	Account Name:  user_h
	Account Domain:  Domain_C
	Logon ID:  0xA19C

Domain:
	Domain Name:		Domain_C
	Domain ID:		Domain_C\

Changed Attributes:
	Min. Password Age:	-
	Max. Password Age:	-
	Force Logoff:		-
	Lockout Threshold:	-
	Lockout Observation Window:	-
	Lockout Duration:	-
	Password Properties:	-
	Min. Password Length:	6
	Password History Length:	23
	Machine Account Quota:	-
	Mixed Domain Mode:	-
	Domain Behavior Version:	-
	OEM Information:	-

Additional Information:
	Privileges:		-
","2020-02-13T20:04:36.000+0000",success,"win:unknown","Domain Policy was changed.

Change Type:		Password Policy modified

Subject:
	Security ID:  Domain_C\user_h
	Account Name:  user_h
	Account Domain:  Domain_C
	Logon ID:  0xA19C

Domain:
	Domain Name:		Domain_C
	Domain ID:		Domain_C\

Changed Attributes:
	Min. Password Age:	-
	Max. Password Age:	-
	Force Logoff:		-
	Lockout Threshold:	-
	Lockout Observation Window:	-
	Lockout Duration:	-
	Password Properties:	-
	Min. Password Length:	6
	Password History Length:	23
	Machine Account Quota:	-
	Mixed Domain Mode:	-
	Domain Behavior Version:	-
	OEM Information:	-

Additional Information:
	Privileges:		-",,"Authentication Policy Change",,,,20,13,4,february,36,thursday,2020,local,"PROD-POS-001",,,,,,,,,false,,,,"Domain_C","PROD-POS-001",,untrust,,false,false,false,,"PROD-POS-001",,,,,,,,,false,,,,"PROD-POS-001",,untrust,,false,false,false,,682478996,"windows_account_management windows_security_misconfiguration_password_minimum_length wineventlog_security wineventlog_windows winsec","PROD-POS-001",682478996,,main,,,,43,,,"user_h","Domain_C\user_h","Domain_C\",,"Domain Policy was changed",,WinEventLog,,,,,,"-",,Windows,,,"//_::_==___.====--=__===_=___._:tt__:t_:__\t_:__t_",,,,0xA19C,high,0,,,"Domain Policy was changed",4739,"WinEventLog:Security",WinEventLog,"prd-p-g7nxxbgc3hgl",,,,,,,,,,,,,,,"Domain_C",,,,,,,,,,,,,,,,,,,,,,,,,,,,,,,,success,,"Domain Policy was changed",failure,"Account Management",,"account
audit
change
management
misconfiguration
os
password
policy
report
security
success
vulnerability
windows",,,,success,,,,,"account
audit
change
management
misconfiguration
os
password
policy
report
security
vulnerability
windows",,,,,,,,,,,,,,,22,0,,"user_h",,,,,,,,,,,,,,,,,,,false,,,,,Microsoft,"-",
,"Domain_C
Domain_C",,"user_g
user_m",,,,,,,,,,,,,,,"Account Management",,,,,,,,"PROD-MFS-005",,,,,,,,,"-",4724,"An attempt was made to reset an accounts password",0,,,,,,,,,,,,,,,,,"Audit Failure",,,,,Security,,,,,0xEB5F,,,,,,,,,"An attempt was made to reset an account's password.
Subject:
	Security ID:  Domain_C\user_g
	Account Name:  user_g
	Account Domain:  Domain_C
	Logon ID:  0xEB5F
Target Account:
	Security ID:  Domain_C\user_m
	Account Name:  user_m
	Account Domain:  Domain_C",,,,,,,,,,,,,,,Info,,,,,,,,,,,,,,,,610778782,,,,,,"Domain_C\user_g
Domain_C\user_m",,,"Microsoft Windows security auditing.",,,,,,,,,,,,,,,,,,,"User Account Management",,,,,Information,,,,,,,,,,,,"02/13/2020 08:04:36 PM
LogName=Security
SourceName=Microsoft Windows security auditing.
EventCode=4724
EventType=0
Type=Information
ComputerName=PROD-MFS-005
TaskCategory=User Account Management
OpCode=Info
RecordNumber=610778782
Keywords=Audit Failure
Message=An attempt was made to reset an account's password.
Subject:
	Security ID:  Domain_C\user_g
	Account Name:  user_g
	Account Domain:  Domain_C
	Logon ID:  0xEB5F
Target Account:
	Security ID:  Domain_C\user_m
	Account Name:  user_m
	Account Domain:  Domain_C
","2020-02-13T20:04:36.000+0000",modified,"win:unknown","An attempt was made to reset an account's password.
Subject:
	Security ID:  Domain_C\user_g
	Account Name:  user_g
	Account Domain:  Domain_C
	Logon ID:  0xEB5F
Target Account:
	Security ID:  Domain_C\user_m
	Account Name:  user_m
	Account Domain:  Domain_C",,"User Account Management",user,,,20,13,4,february,36,thursday,2020,local,"PROD-MFS-005",,,,,,,,,false,,,,"Domain_C","PROD-MFS-005",,untrust,,false,false,false,,"PROD-MFS-005",,,,,,,,,false,,,,"PROD-MFS-005",,untrust,,false,false,false,,610778782,"err0r nix_errors windows_account_management windows_account_password_set wineventlog_security wineventlog_windows winsec","PROD-MFS-005",610778782,,main,,,,22,,,"user_g
user_m","Domain_C\user_g
Domain_C\user_m","Domain_C\","reset an account's password","An attempt was made to reset an accounts password",,WinEventLog,user,,,,,,,Windows,,,"//_::_==___.====--=__===_=_______'_.:t_:__\t_:__t_",,,,0xEB5F,informational,0,,,"An attempt was made to reset an accounts password",4724,"WinEventLog:Security",WinEventLog,"prd-p-g7nxxbgc3hgl",,,,,,,,,,,,,,,"Domain_C",,,,,,,,,,"user_g",,,,,,,,,,,,,,,,,false,,,,,failure,,"An attempt was made to reset an accounts password",failure,"Account Management",,"account
change
error
management
modify
os
password
security
windows",,,,,,,,,"account
change
error
management
modify
os
password
security
windows",,,,,,,,,,,,,,,22,0,,"user_m",,,,,,,,,,,,,,,,,,,false,,,,,Microsoft,,
,"Domain_E
Domain_E","2020-02-13 20:04:34 PM","user_i
user_k",,,,"server_1/coumputer_a",,,,,,,,,,,"Account Management",,,,,,,,"BUSDEV-001",,,ccc,,,,,,"-",4738,"A user account was changed",0,,,,,,,,"\f","<value not set>",,,,,,,,"Audit Success",,,,,Security,,,,All,0x5F25,,,,"SAM Account Name: user_a
 Display Name:  ccc
 User Principal Name: ccc@AAA.local
 Home Directory:  \f
 Home Drive:  <value not set>
 Script Path:  \a\b\c
 Profile Path:  <value not set>
 User Workstations: BBB
 Password Last Set: 2020-02-13 20:04:34 PM
 Account Expires:  2020-02-13 20:04:34 PM
 Primary Group ID: 761
 AllowedToDelegateTo: server_1/coumputer_a
 Old UAC Value:  C0D20FE
 New UAC Value:  060BD52
 User Account Control: NOT_DELEGATED - Disabled
 User Parameters: <value changed, but not displayed>
 SID History:  Domain_a/aaa
 Logon Hours:  All",,,,,"A User account was changed.

Subject:
 Security ID:  Domain_E\user_i
 Account Name:  user_i
 Account Domain:  Domain_E
 Logon ID:  0x5F25

Target Account:
 Security ID:  Domain_E\user_k
 Account Name:  user_k
 Account Domain:  Domain_E

Changed Attributes:
 SAM Account Name: user_a
 Display Name:  ccc
 User Principal Name: ccc@AAA.local
 Home Directory:  \f
 Home Drive:  <value not set>
 Script Path:  \a\b\c
 Profile Path:  <value not set>
 User Workstations: BBB
 Password Last Set: 2020-02-13 20:04:34 PM
 Account Expires:  2020-02-13 20:04:34 PM
 Primary Group ID: 761
 AllowedToDelegateTo: server_1/coumputer_a
 Old UAC Value:  C0D20FE
 New UAC Value:  060BD52
 User Account Control: NOT_DELEGATED - Disabled
 User Parameters: <value changed, but not displayed>
 SID History:  Domain_a/aaa
 Logon Hours:  All

Additional Information:
 Privileges:  SeTakeOwnershipPrivilege",,,,,,,,,,,,060BD52,,C0D20FE,Info,,,,"2020-02-13 20:04:34 PM",,,,761,,,SeTakeOwnershipPrivilege,,,"<value not set>",,511099517,,,"user_a","Domain_a/aaa","\a\b\c","Domain_E\user_i
Domain_E\user_k",,,"Microsoft Windows security auditing.",,,,,,,,,,,,,,,,,,,"User Account Management",,,,,Information,,"NOT_DELEGATED - Disabled",,,"<value changed, but not displayed>","ccc@AAA.local",BBB,,,,,"02/13/2020 08:04:34 PM
LogName=Security
SourceName=Microsoft Windows security auditing.
EventCode=4738
EventType=0
Type=Information
ComputerName=BUSDEV-001
TaskCategory=User Account Management
OpCode=Info
RecordNumber=511099517
Keywords=Audit Success
Message=A User account was changed.

Subject:
 Security ID:  Domain_E\user_i
 Account Name:  user_i
 Account Domain:  Domain_E
 Logon ID:  0x5F25

Target Account:
 Security ID:  Domain_E\user_k
 Account Name:  user_k
 Account Domain:  Domain_E

Changed Attributes:
 SAM Account Name: user_a
 Display Name:  ccc
 User Principal Name: ccc@AAA.local
 Home Directory:  \f
 Home Drive:  <value not set>
 Script Path:  \a\b\c
 Profile Path:  <value not set>
 User Workstations: BBB
 Password Last Set: 2020-02-13 20:04:34 PM
 Account Expires:  2020-02-13 20:04:34 PM
 Primary Group ID: 761
 AllowedToDelegateTo: server_1/coumputer_a
 Old UAC Value:  C0D20FE
 New UAC Value:  060BD52
 User Account Control: NOT_DELEGATED - Disabled
 User Parameters: <value changed, but not displayed>
 SID History:  Domain_a/aaa
 Logon Hours:  All

Additional Information:
 Privileges:  SeTakeOwnershipPrivilege
","2020-02-13T20:04:34.000+0000",modified,"win:unknown","A User account was changed.

Subject:
 Security ID:  Domain_E\user_i
 Account Name:  user_i
 Account Domain:  Domain_E
 Logon ID:  0x5F25

Target Account:
 Security ID:  Domain_E\user_k
 Account Name:  user_k
 Account Domain:  Domain_E

Changed Attributes:
 SAM Account Name: user_a
 Display Name:  ccc
 User Principal Name: ccc@AAA.local
 Home Directory:  \f
 Home Drive:  <value not set>
 Script Path:  \a\b\c
 Profile Path:  <value not set>
 User Workstations: BBB
 Password Last Set: 2020-02-13 20:04:34 PM
 Account Expires:  2020-02-13 20:04:34 PM
 Primary Group ID: 761
 AllowedToDelegateTo: server_1/coumputer_a
 Old UAC Value:  C0D20FE
 New UAC Value:  060BD52
 User Account Control: NOT_DELEGATED - Disabled
 User Parameters: <value changed, but not displayed>
 SID History:  Domain_a/aaa
 Logon Hours:  All

Additional Information:
 Privileges:  SeTakeOwnershipPrivilege",,"User Account Management",user,,,20,13,4,february,34,thursday,2020,local,"BUSDEV-001",,,,,,,,,false,,,,"Domain_E","BUSDEV-001",,untrust,,false,false,false,,"BUSDEV-001",,,,,,,,,false,,,,"BUSDEV-001",,untrust,,false,false,false,,511099517,"windows_account_management windows_account_modified wineventlog_security wineventlog_windows winsec","BUSDEV-001",511099517,,main,,,,47,,,"user_i
user_k","Domain_E\user_i
Domain_E\user_k","Domain_E\",,"A user account was changed",,WinEventLog,user,,,,"Take ownership of files or other objects",SeTakeOwnershipPrivilege,,Windows,,,"//_::_==___.====-=__===_=____.:__:__\__:____:____:",,,,0x5F25,informational,0,,,"A user account was changed",4738,"WinEventLog:Security",WinEventLog,"prd-p-g7nxxbgc3hgl",,,,,,,,,,,,,,,"Domain_E",,,,,,,,,,"user_i",,,,,,,,,,,,,,,,,false,,,,,success,,"A user account was changed",failure,"Account Management",,"account
change
management
modify
os
security
windows",,,,,,,,,"account
change
management
modify
os
security
windows",,,,,,,,,,,,,,,22,0,,"user_k",,,,,,761,,,,,,,,,,,,,false,,,,,Microsoft,SeTakeOwnershipPrivilege,
,"Domain_E",,"user_d",,,,,,,,,,,,,,,,,,,,,,,"SE-002",,,,,,,,,"-",1102,"The audit log was cleared",4,,,,,,,,,,,,,,,,,"Audit Success",,,,,Security,,,,,0x3EC3,,,,,,,,,"The audit log was cleared.
Subject:
	Security ID:		Domain_E\user_d
	Account Name:		user_d
	Account Domain:		Domain_E
	Logon ID:		0x3EC3",,,,,,,,,,,,,,,Info,,,,,,,,,,,,,,,,518139411,,,,,,"Domain_E\user_d",,,"Microsoft-Windows-Eventlog",,,,,,,,,,,,,,,,,,,"Log clear",,,,,Information,,,,,,,,,,,,"02/13/2020 08:04:34 PM
LogName=Security
SourceName=Microsoft-Windows-Eventlog
EventCode=1102
EventType=4
Type=Information
ComputerName=SE-002
TaskCategory=Log clear
OpCode=Info
RecordNumber=518139411
Keywords=Audit Success
Message=The audit log was cleared.
Subject:
	Security ID:		Domain_E\user_d
	Account Name:		user_d
	Account Domain:		Domain_E
	Logon ID:		0x3EC3
","2020-02-13T20:04:34.000+0000",cleared,"win:unknown","The audit log was cleared.
Subject:
	Security ID:		Domain_E\user_d
	Account Name:		user_d
	Account Domain:		Domain_E
	Logon ID:		0x3EC3",,"Log clear",audit,,,20,13,4,february,34,thursday,2020,local,"SE-002",,,,,,,,,false,,,,"Domain_E","SE-002",,untrust,,false,false,false,,"SE-002",,,,,,,,,false,,,,"SE-002",,untrust,,false,false,false,,518139411,"windows_audit_log_cleared wineventlog_security wineventlog_windows winsec","SE-002",518139411,,main,,,,18,,,"user_d","Domain_E\user_d","Domain_E\",,"The audit log was cleared",,WinEventLog,audit,,,,,,,Windows,,,"//_::_==--====-=_===_=____.:t_:tt\t_:ttt_:ttt_:tt",,,,0x3EC3,informational,4,,,"The audit log was cleared",1102,"WinEventLog:Security",WinEventLog,"prd-p-g7nxxbgc3hgl",,,,,,,,,,,,,,,"Domain_E",,,,,,,,,,,,,,,,,,,,,,,,,,,,,,,,success,,"The audit log was cleared",failure,,,"audit
change
cleared
delete
endpoint
os
security
watchlist
windows",,,,,,,,,"audit
change
cleared
delete
endpoint
os
security
watchlist
windows",,,,,,,,,,,,,,,22,0,,"user_d",,,,,,,,,,,,,,,,,,,false,,,,,Microsoft,,
,"Domain_E
Domain_E","2020-02-13 20:04:33 PM","user_b
user_i",,,,"-",,,,,,,,,,,"Account Management",,,,,,,,"SE-002",,,eee,,,,,,"-",4738,"A user account was changed",0,,,,,,,,"\a\b\c","A:",,,,,,,,"Audit Success",,,,,Security,,,,"Tuesday 8:00 PM -Wednesday 10:00 AM",0x3A81,,,,"SAM Account Name: user_m
 Display Name:  eee
 User Principal Name: -
 Home Directory:  \a\b\c
 Home Drive:  A:
 Script Path:  \a\g
 Profile Path:  <value not set>
 User Workstations: AAA
 Password Last Set: 2020-02-13 20:04:33 PM
 Account Expires:  2020-02-13 20:04:33 PM
 Primary Group ID: 69
 AllowedToDelegateTo: -
 Old UAC Value:  2178670
 New UAC Value:  539B562
 User Account Control: PARTIAL_SECRETS_ACCOUNT - Disabled
 User Parameters: <value not set>
 SID History:  -
 Logon Hours:  Tuesday 8:00 PM -Wednesday 10:00 AM",,,,,"A User account was changed.

Subject:
 Security ID:  Domain_E\user_b
 Account Name:  user_b
 Account Domain:  Domain_E
 Logon ID:  0x3A81

Target Account:
 Security ID:  Domain_E\user_i
 Account Name:  user_i
 Account Domain:  Domain_E

Changed Attributes:
 SAM Account Name: user_m
 Display Name:  eee
 User Principal Name: -
 Home Directory:  \a\b\c
 Home Drive:  A:
 Script Path:  \a\g
 Profile Path:  <value not set>
 User Workstations: AAA
 Password Last Set: 2020-02-13 20:04:33 PM
 Account Expires:  2020-02-13 20:04:33 PM
 Primary Group ID: 69
 AllowedToDelegateTo: -
 Old UAC Value:  2178670
 New UAC Value:  539B562
 User Account Control: PARTIAL_SECRETS_ACCOUNT - Disabled
 User Parameters: <value not set>
 SID History:  -
 Logon Hours:  Tuesday 8:00 PM -Wednesday 10:00 AM

Additional Information:
 Privileges:  SeRestorePrivilege",,,,,,,,,,,,539B562,,2178670,Info,,,,"2020-02-13 20:04:33 PM",,,,69,,,SeRestorePrivilege,,,"<value not set>",,886028094,,,"user_m","-","\a\g","Domain_E\user_b
Domain_E\user_i",,,"Microsoft Windows security auditing.",,,,,,,,,,,,,,,,,,,"User Account Management",,,,,Information,,"PARTIAL_SECRETS_ACCOUNT - Disabled",,,"<value not set>","-",AAA,,,,,"02/13/2020 08:04:33 PM
LogName=Security
SourceName=Microsoft Windows security auditing.
EventCode=4738
EventType=0
Type=Information
ComputerName=SE-002
TaskCategory=User Account Management
OpCode=Info
RecordNumber=886028094
Keywords=Audit Success
Message=A User account was changed.

Subject:
 Security ID:  Domain_E\user_b
 Account Name:  user_b
 Account Domain:  Domain_E
 Logon ID:  0x3A81

Target Account:
 Security ID:  Domain_E\user_i
 Account Name:  user_i
 Account Domain:  Domain_E

Changed Attributes:
 SAM Account Name: user_m
 Display Name:  eee
 User Principal Name: -
 Home Directory:  \a\b\c
 Home Drive:  A:
 Script Path:  \a\g
 Profile Path:  <value not set>
 User Workstations: AAA
 Password Last Set: 2020-02-13 20:04:33 PM
 Account Expires:  2020-02-13 20:04:33 PM
 Primary Group ID: 69
 AllowedToDelegateTo: -
 Old UAC Value:  2178670
 New UAC Value:  539B562
 User Account Control: PARTIAL_SECRETS_ACCOUNT - Disabled
 User Parameters: <value not set>
 SID History:  -
 Logon Hours:  Tuesday 8:00 PM -Wednesday 10:00 AM

Additional Information:
 Privileges:  SeRestorePrivilege
","2020-02-13T20:04:33.000+0000",modified,"win:unknown","A User account was changed.

Subject:
 Security ID:  Domain_E\user_b
 Account Name:  user_b
 Account Domain:  Domain_E
 Logon ID:  0x3A81

Target Account:
 Security ID:  Domain_E\user_i
 Account Name:  user_i
 Account Domain:  Domain_E

Changed Attributes:
 SAM Account Name: user_m
 Display Name:  eee
 User Principal Name: -
 Home Directory:  \a\b\c
 Home Drive:  A:
 Script Path:  \a\g
 Profile Path:  <value not set>
 User Workstations: AAA
 Password Last Set: 2020-02-13 20:04:33 PM
 Account Expires:  2020-02-13 20:04:33 PM
 Primary Group ID: 69
 AllowedToDelegateTo: -
 Old UAC Value:  2178670
 New UAC Value:  539B562
 User Account Control: PARTIAL_SECRETS_ACCOUNT - Disabled
 User Parameters: <value not set>
 SID History:  -
 Logon Hours:  Tuesday 8:00 PM -Wednesday 10:00 AM

Additional Information:
 Privileges:  SeRestorePrivilege",,"User Account Management",user,,,20,13,4,february,33,thursday,2020,local,"SE-002",,,,,,,,,false,,,,"Domain_E","SE-002",,untrust,,false,false,false,,"SE-002",,,,,,,,,false,,,,"SE-002",,untrust,,false,false,false,,886028094,"windows_account_management windows_account_modified wineventlog_security wineventlog_windows winsec","SE-002",886028094,,main,,,,47,,,"user_b
user_i","Domain_E\user_b
Domain_E\user_i","Domain_E\",,"A user account was changed",,WinEventLog,user,,,,"Restore files and directories",SeRestorePrivilege,,Windows,,,"//_::_==___.====-=__===_=____.:__:__\__:____:____:",,,,0x3A81,informational,0,,,"A user account was changed",4738,"WinEventLog:Security",WinEventLog,"prd-p-g7nxxbgc3hgl",,,,,,,,,,,,,,,"Domain_E",,,,,,,,,,"user_b",,,,,,,,,,,,,,,,,false,,,,,success,,"A user account was changed",failure,"Account Management",,"account
change
management
modify
os
security
windows",,,,,,,,,"account
change
management
modify
os
security
windows",,,,,,,,,,,,,,,22,0,,"user_i",,,,,,69,,,,,,,,,,,,,false,,,,,Microsoft,SeRestorePrivilege,
,"Domain_A",,"user_m",,,,,,,,,,,,,,,,,,,,,,,"SE-004",,,,,,,,,"-",1102,"The audit log was cleared",4,,,,,,,,,,,,,,,,,"Audit Success",,,,,Security,,,,,0x46BA,,,,,,,,,"The audit log was cleared.
Subject:
	Security ID:		Domain_A\user_m
	Account Name:		user_m
	Account Domain:		Domain_A
	Logon ID:		0x46BA",,,,,,,,,,,,,,,Info,,,,,,,,,,,,,,,,483253031,,,,,,"Domain_A\user_m",,,"Microsoft-Windows-Eventlog",,,,,,,,,,,,,,,,,,,"Log clear",,,,,Information,,,,,,,,,,,,"02/13/2020 08:04:33 PM
LogName=Security
SourceName=Microsoft-Windows-Eventlog
EventCode=1102
EventType=4
Type=Information
ComputerName=SE-004
TaskCategory=Log clear
OpCode=Info
RecordNumber=483253031
Keywords=Audit Success
Message=The audit log was cleared.
Subject:
	Security ID:		Domain_A\user_m
	Account Name:		user_m
	Account Domain:		Domain_A
	Logon ID:		0x46BA
","2020-02-13T20:04:33.000+0000",cleared,"win:unknown","The audit log was cleared.
Subject:
	Security ID:		Domain_A\user_m
	Account Name:		user_m
	Account Domain:		Domain_A
	Logon ID:		0x46BA",,"Log clear",audit,,,20,13,4,february,33,thursday,2020,local,"SE-004",,,,,,,,,false,,,,"Domain_A","SE-004",,untrust,,false,false,false,,"SE-004",,,,,,,,,false,,,,"SE-004",,untrust,,false,false,false,,483253031,"windows_audit_log_cleared wineventlog_security wineventlog_windows winsec","SE-004",483253031,,main,,,,18,,,"user_m","Domain_A\user_m","Domain_A\",,"The audit log was cleared",,WinEventLog,audit,,,,,,,Windows,,,"//_::_==--====-=_===_=____.:t_:tt\t_:ttt_:ttt_:tt",,,,0x46BA,informational,4,,,"The audit log was cleared",1102,"WinEventLog:Security",WinEventLog,"prd-p-g7nxxbgc3hgl",,,,,,,,,,,,,,,"Domain_A",,,,,,,,,,,,,,,,,,,,,,,,,,,,,,,,success,,"The audit log was cleared",failure,,,"audit
change
cleared
delete
endpoint
os
security
watchlist
windows",,,,,,,,,"audit
change
cleared
delete
endpoint
os
security
watchlist
windows",,,,,,,,,,,,,,,22,0,,"user_m",,,,,,,,,,,,,,,,,,,false,,,,,Microsoft,,
,"Domain_E",,"user_m",,,,,,,,,,,,,,,,,,,,,,,"ops-sys-002",,,,,,,,,"-",1102,"The audit log was cleared",4,,,,,,,,,,,,,,,,,"Audit Success",,,,,Security,,,,,0x46BA,,,,,,,,,"The audit log was cleared.
Subject:
	Security ID:		Domain_E\user_m
	Account Name:		user_m
	Account Domain:		Domain_E
	Logon ID:		0x46BA",,,,,,,,,,,,,,,Info,,,,,,,,,,,,,,,,390453074,,,,,,"Domain_E\user_m",,,"Microsoft-Windows-Eventlog",,,,,,,,,,,,,,,,,,,"Log clear",,,,,Information,,,,,,,,,,,,"02/13/2020 08:04:33 PM
LogName=Security
SourceName=Microsoft-Windows-Eventlog
EventCode=1102
EventType=4
Type=Information
ComputerName=ops-sys-002
TaskCategory=Log clear
OpCode=Info
RecordNumber=390453074
Keywords=Audit Success
Message=The audit log was cleared.
Subject:
	Security ID:		Domain_E\user_m
	Account Name:		user_m
	Account Domain:		Domain_E
	Logon ID:		0x46BA
","2020-02-13T20:04:33.000+0000",cleared,"win:unknown","The audit log was cleared.
Subject:
	Security ID:		Domain_E\user_m
	Account Name:		user_m
	Account Domain:		Domain_E
	Logon ID:		0x46BA",,"Log clear",audit,,,20,13,4,february,33,thursday,2020,local,"ops-sys-002",,,,,,,,,false,,,,"Domain_E","ops-sys-002",,untrust,,false,false,false,,"ops-sys-002",,,,,,,,,false,,,,"ops-sys-002",,untrust,,false,false,false,,390453074,"windows_audit_log_cleared wineventlog_security wineventlog_windows winsec","ops-sys-002",390453074,,main,,,,18,,,"user_m","Domain_E\user_m","Domain_E\",,"The audit log was cleared",,WinEventLog,audit,,,,,,,Windows,,,"//_::_==--====--=_===_=____.:t_:tt\t_:ttt_:ttt_:tt",,,,0x46BA,informational,4,,,"The audit log was cleared",1102,"WinEventLog:Security",WinEventLog,"prd-p-g7nxxbgc3hgl",,,,,,,,,,,,,,,"Domain_E",,,,,,,,,,,,,,,,,,,,,,,,,,,,,,,,success,,"The audit log was cleared",failure,,,"audit
change
cleared
delete
endpoint
os
security
watchlist
windows",,,,,,,,,"audit
change
cleared
delete
endpoint
os
security
watchlist
windows",,,,,,,,,,,,,,,22,0,,"user_m",,,,,,,,,,,,,,,,,,,false,,,,,Microsoft,,
,"Domain_B",,"user_d",,,,,,,,,,,,,,,"Account Management","Password Policy modified",,,,,,,"ops-sys-001",,,,,"-","Domain_B\","Domain_B",,"-",4739,"Domain Policy was changed",0,,,,"-",,,,,,,,,,,,,"Audit Success",,"-","-","-",Security,,,,,0x3EC3,,,,"Min. Password Age:	-
	Max. Password Age:	-
	Force Logoff:		-
	Lockout Threshold:	-
	Lockout Observation Window:	-
	Lockout Duration:	-
	Password Properties:	-
	Min. Password Length:	6
	Password History Length:	23
	Machine Account Quota:	-
	Mixed Domain Mode:	-
	Domain Behavior Version:	-
	OEM Information:	-","-","-",,,"Domain Policy was changed.

Change Type:		Password Policy modified

Subject:
	Security ID:  Domain_B\user_d
	Account Name:  user_d
	Account Domain:  Domain_B
	Logon ID:  0x3EC3

Domain:
	Domain Name:		Domain_B
	Domain ID:		Domain_B\

Changed Attributes:
	Min. Password Age:	-
	Max. Password Age:	-
	Force Logoff:		-
	Lockout Threshold:	-
	Lockout Observation Window:	-
	Lockout Duration:	-
	Password Properties:	-
	Min. Password Length:	6
	Password History Length:	23
	Machine Account Quota:	-
	Mixed Domain Mode:	-
	Domain Behavior Version:	-
	OEM Information:	-

Additional Information:
	Privileges:		-","-",6,"-",,,,,,,,,,"-",,Info,,,23,,"-",,,,,,"-",,,,,566215564,,,,,,"Domain_B\user_d",,,"Microsoft Windows security auditing.",,,,,,,,,,,,,,,,,,,"Authentication Policy Change",,,,,Information,,,,,,,,,,,,"02/13/2020 08:04:33 PM
LogName=Security
SourceName=Microsoft Windows security auditing.
EventCode=4739
EventType=0
Type=Information
ComputerName=ops-sys-001
TaskCategory=Authentication Policy Change
OpCode=Info
RecordNumber=566215564
Keywords=Audit Success
Message=Domain Policy was changed.

Change Type:		Password Policy modified

Subject:
	Security ID:  Domain_B\user_d
	Account Name:  user_d
	Account Domain:  Domain_B
	Logon ID:  0x3EC3

Domain:
	Domain Name:		Domain_B
	Domain ID:		Domain_B\

Changed Attributes:
	Min. Password Age:	-
	Max. Password Age:	-
	Force Logoff:		-
	Lockout Threshold:	-
	Lockout Observation Window:	-
	Lockout Duration:	-
	Password Properties:	-
	Min. Password Length:	6
	Password History Length:	23
	Machine Account Quota:	-
	Mixed Domain Mode:	-
	Domain Behavior Version:	-
	OEM Information:	-

Additional Information:
	Privileges:		-
","2020-02-13T20:04:33.000+0000",success,"win:unknown","Domain Policy was changed.

Change Type:		Password Policy modified

Subject:
	Security ID:  Domain_B\user_d
	Account Name:  user_d
	Account Domain:  Domain_B
	Logon ID:  0x3EC3

Domain:
	Domain Name:		Domain_B
	Domain ID:		Domain_B\

Changed Attributes:
	Min. Password Age:	-
	Max. Password Age:	-
	Force Logoff:		-
	Lockout Threshold:	-
	Lockout Observation Window:	-
	Lockout Duration:	-
	Password Properties:	-
	Min. Password Length:	6
	Password History Length:	23
	Machine Account Quota:	-
	Mixed Domain Mode:	-
	Domain Behavior Version:	-
	OEM Information:	-

Additional Information:
	Privileges:		-",,"Authentication Policy Change",,,,20,13,4,february,33,thursday,2020,local,"ops-sys-001",,,,,,,,,false,,,,"Domain_B","ops-sys-001",,untrust,,false,false,false,,"ops-sys-001",,,,,,,,,false,,,,"ops-sys-001",,untrust,,false,false,false,,566215564,"windows_account_management windows_security_misconfiguration_password_minimum_length wineventlog_security wineventlog_windows winsec","ops-sys-001",566215564,,main,,,,43,,,"user_d","Domain_B\user_d","Domain_B\",,"Domain Policy was changed",,WinEventLog,,,,,,"-",,Windows,,,"//_::_==___.====--=__===_=___._:tt__:t_:__\t_:__t_",,,,0x3EC3,high,0,,,"Domain Policy was changed",4739,"WinEventLog:Security",WinEventLog,"prd-p-g7nxxbgc3hgl",,,,,,,,,,,,,,,"Domain_B",,,,,,,,,,,,,,,,,,,,,,,,,,,,,,,,success,,"Domain Policy was changed",failure,"Account Management",,"account
audit
change
management
misconfiguration
os
password
policy
report
security
success
vulnerability
windows",,,,success,,,,,"account
audit
change
management
misconfiguration
os
password
policy
report
security
vulnerability
windows",,,,,,,,,,,,,,,22,0,,"user_d",,,,,,,,,,,,,,,,,,,false,,,,,Microsoft,"-",
,"Domain_D",,"user_k
user_f",,,,,,,,"ops-sys-004",,,,,,,"Account Management",,,,,,,,"ops-sys-004",,,,,,,,,"-",4740,"A user account was locked out",0,,,,,,,,,,,,,,,,,"Audit Success",,,,,Security,,,,,0xBAC3,,,,,,,,,"A user account was locked out. 
Subject: 
	Security ID: Domain_D\user_k 
	Account Name: user_k
	Account Domain: Domain_D
	Logon ID: 0xBAC3
Account That Was Locked Out: 
	Security ID: Domain_D\user_f 
	Account Name: user_f
Additional Information: 
	Caller Computer Name: ops-sys-004",,,,,,,,,,,,,,,Info,,,,,,,,,,,,,,,,721731342,,,,,,"Domain_D\user_k
Domain_D\user_f",,,"Microsoft Windows security auditing.",,,,,,,,,,,,,,,,,,,"User Account Management",,,,,Information,,,,,,,,,,,,"02/13/2020 08:04:32 PM 
LogName=Security 
SourceName=Microsoft Windows security auditing.
EventCode=4740 
EventType=0 
Type=Information
ComputerName=ops-sys-004 
TaskCategory=User Account Management
OpCode=Info 
RecordNumber=721731342
Keywords=Audit Success
Message=A user account was locked out. 
Subject: 
	Security ID: Domain_D\user_k 
	Account Name: user_k
	Account Domain: Domain_D
	Logon ID: 0xBAC3
Account That Was Locked Out: 
	Security ID: Domain_D\user_f 
	Account Name: user_f
Additional Information: 
	Caller Computer Name: ops-sys-004
","2020-02-13T20:04:32.000+0000",modified,"win:unknown","A user account was locked out. 
Subject: 
	Security ID: Domain_D\user_k 
	Account Name: user_k
	Account Domain: Domain_D
	Logon ID: 0xBAC3
Account That Was Locked Out: 
	Security ID: Domain_D\user_f 
	Account Name: user_f
Additional Information: 
	Caller Computer Name: ops-sys-004",,"User Account Management",user,,,20,13,4,february,32,thursday,2020,local,"ops-sys-004",,,,,,,,,false,,,,"Domain_D","ops-sys-004",,untrust,,false,false,false,,"ops-sys-004",,,,,,,,,false,,,,"ops-sys-004 ",,untrust,,false,false,false,,721731342,"windows_account_lockout windows_account_management wineventlog_security wineventlog_windows winsec","ops-sys-004 ",721731342,,main,,,,23,,,"user_k
user_f","Domain_D\user_k
Domain_D\user_f","Domain_D\","locked out","A user account was locked out",,WinEventLog,user,,,,,,,Windows,,,"//_::__=_=___.=_=_==--_=__=_==_=_____._:_t_:_\_t_:",,,lockout,0xBAC3,informational,0,,,"A user account was locked out",4740,"WinEventLog:Security",WinEventLog,"prd-p-g7nxxbgc3hgl",,,,,,,,,,,,,,,"Domain_D\user_k
Domain_D","ops-sys-004",,,,,,,,,"user_k",,,,,,,,,,,,,,,,,false,,,,,success,,"A user account was locked out",failure,"Account Management",,"account
change
lock
lockout
management
os
security
windows",,,,,,,,,"account
change
lock
lockout
management
os
security
windows",,,,,,,,,,,,,,,22,0,,"user_f",,,,,,,,,,,,,,,,,,,false,,,,,Microsoft,,
SeRemoteInteractiveLogonRight,"Domain_B",,"SE-001
Domain_B\user_b",,,,,,,,,,,,,,,,,,,,,,,"SE-001",,,,,,,,,"-",4718,"System security access was removed from an account",0,,,,,,,,,,,,,,,,,"Audit Success",,,,,Security,,,,,0x3A81,,,,,,,,,"System security access was removed from an account.

Subject:
	Security ID:		Domain_B\SYSTEM
	Account Name:		SE-001
	Account Domain:		Domain_B
	Logon ID:		0x3A81

Account Modified:
	Account Name:		Domain_B\user_b

Access Removed:
	Access Right:		SeRemoteInteractiveLogonRight",,,,,,,,,,,,,,,Info,,,,,,,,,,,,,,,,515688552,,,,,,"Domain_B\SYSTEM",,,"Microsoft Windows security auditing.",,,,,,,,,,,,,,,,,,,"Authentication Policy Change",,,,,Information,,,,,,,,,,,,"02/13/2020 08:04:32 PM
LogName=Security
SourceName=Microsoft Windows security auditing.
EventCode=4718
EventType=0
Type=Information
ComputerName=SE-001
TaskCategory=Authentication Policy Change
OpCode=Info
RecordNumber=515688552
Keywords=Audit Success
Message=System security access was removed from an account.

Subject:
	Security ID:		Domain_B\SYSTEM
	Account Name:		SE-001
	Account Domain:		Domain_B
	Logon ID:		0x3A81

Account Modified:
	Account Name:		Domain_B\user_b

Access Removed:
	Access Right:		SeRemoteInteractiveLogonRight
","2020-02-13T20:04:32.000+0000",success,"win:unknown","System security access was removed from an account.

Subject:
	Security ID:		Domain_B\SYSTEM
	Account Name:		SE-001
	Account Domain:		Domain_B
	Logon ID:		0x3A81

Account Modified:
	Account Name:		Domain_B\user_b

