Subject:
	Security ID:		Domain_C\user_m
	Account Name:		user_m
	Account Domain:		Domain_C
	Logon ID:		0x46BA

Target Computer:
	Security ID:		Domain_C\user_h
	Account Name:		user_h
	Account Domain:		Domain_C

Additional Information:
	Privileges:	-",,,,,,,,,,,,,,,Info,,,,,,,,,,,"-",,,,,561274046,,,,,,"Domain_C\user_m
Domain_C\user_h",,,"Microsoft Windows security auditing.",,,,,,,,,,,,,,,,,,,"Computer Account Management",,,,,Information,,,,,,,,,,,,"02/13/2020 08:03:46 PM
LogName=Security
SourceName=Microsoft Windows security auditing.
EventCode=4743
EventType=0
Type=Information
ComputerName=HOST-004
TaskCategory=Computer Account Management
OpCode=Info
RecordNumber=561274046
Keywords=Audit Success
Message=A computer account was deleted.

Subject:
	Security ID:		Domain_C\user_m
	Account Name:		user_m
	Account Domain:		Domain_C
	Logon ID:		0x46BA

Target Computer:
	Security ID:		Domain_C\user_h
	Account Name:		user_h
	Account Domain:		Domain_C

Additional Information:
	Privileges:	-
","2020-02-13T20:03:46.000+0000",deleted,"win:unknown","A computer account was deleted.

Subject:
	Security ID:		Domain_C\user_m
	Account Name:		user_m
	Account Domain:		Domain_C
	Logon ID:		0x46BA

Target Computer:
	Security ID:		Domain_C\user_h
	Account Name:		user_h
	Account Domain:		Domain_C

Additional Information:
	Privileges:	-",,"Computer Account Management",user,,,20,13,3,february,46,thursday,2020,local,"HOST-004",,,,,,,,,false,,,,"Domain_C","HOST-004",,untrust,,false,false,false,,"HOST-004",,,,,,,,,false,,,,"HOST-004",,untrust,,false,false,false,,561274046,"windows_account_deleted windows_account_management wineventlog_security wineventlog_windows winsec","HOST-004",561274046,,main,,,,27,,,"user_m
user_h","Domain_C\user_m
Domain_C\user_h","Domain_C\",deleted,"A computer account was deleted",,WinEventLog,user,,,,,"-",,Windows,,,"//_::_==___.====-=__===_=____.:t_:tt\t_:ttt_:ttt_:",,,,0x46BA,informational,0,,,"A computer account was deleted",4743,"WinEventLog:Security",WinEventLog,"prd-p-g7nxxbgc3hgl",,,,,,,,,,,,,,,"Domain_C",,,,,,,,,,"user_m",,,,,,,,,,,,,,,,,false,,,,,success,,"A computer account was deleted",failure,"Account Management",,"account
change
delete
management
os
security
windows",,,,,,,,,"account
change
delete
management
os
security
windows",,,,,,,,,,,,,,,22,0,,"user_h",,,,,,,,,,,,,,,,,,,false,,,,,Microsoft,"-",
,"Domain_C",,"user_m",,,,,,,,,,,,,,,,,,,,,,,"ops-sys-004",,,,,,,,,"-",1102,"The audit log was cleared",4,,,,,,,,,,,,,,,,,"Audit Success",,,,,Security,,,,,0x46BA,,,,,,,,,"The audit log was cleared.
Subject:
	Security ID:		Domain_C\user_m
	Account Name:		user_m
	Account Domain:		Domain_C
	Logon ID:		0x46BA",,,,,,,,,,,,,,,Info,,,,,,,,,,,,,,,,10449478,,,,,,"Domain_C\user_m",,,"Microsoft-Windows-Eventlog",,,,,,,,,,,,,,,,,,,"Log clear",,,,,Information,,,,,,,,,,,,"02/13/2020 08:03:45 PM
LogName=Security
SourceName=Microsoft-Windows-Eventlog
EventCode=1102
EventType=4
Type=Information
ComputerName=ops-sys-004
TaskCategory=Log clear
OpCode=Info
RecordNumber=10449478
Keywords=Audit Success
Message=The audit log was cleared.
Subject:
	Security ID:		Domain_C\user_m
	Account Name:		user_m
	Account Domain:		Domain_C
	Logon ID:		0x46BA
","2020-02-13T20:03:45.000+0000",cleared,"win:unknown","The audit log was cleared.
Subject:
	Security ID:		Domain_C\user_m
	Account Name:		user_m
	Account Domain:		Domain_C
	Logon ID:		0x46BA",,"Log clear",audit,,,20,13,3,february,45,thursday,2020,local,"ops-sys-004",,,,,,,,,false,,,,"Domain_C","ops-sys-004",,untrust,,false,false,false,,"ops-sys-004",,,,,,,,,false,,,,"ops-sys-004",,untrust,,false,false,false,,10449478,"windows_audit_log_cleared wineventlog_security wineventlog_windows winsec","ops-sys-004",10449478,,main,,,,18,,,"user_m","Domain_C\user_m","Domain_C\",,"The audit log was cleared",,WinEventLog,audit,,,,,,,Windows,,,"//_::_==--====--=_===_=____.:t_:tt\t_:ttt_:ttt_:tt",,,,0x46BA,informational,4,,,"The audit log was cleared",1102,"WinEventLog:Security",WinEventLog,"prd-p-g7nxxbgc3hgl",,,,,,,,,,,,,,,"Domain_C",,,,,,,,,,,,,,,,,,,,,,,,,,,,,,,,success,,"The audit log was cleared",failure,,,"audit
change
cleared
delete
endpoint
os
security
watchlist
windows",,,,,,,,,"audit
change
cleared
delete
endpoint
os
security
watchlist
windows",,,,,,,,,,,,,,,22,0,,"user_m",,,,,,,,,,,,,,,,,,,false,,,,,Microsoft,,
SeBatchLogonRight,"Domain_E",,"ops-sys-005
Domain_E\user_c",,,,,,,,,,,,,,,,,,,,,,,"ops-sys-005",,,,,,,,,"-",4717,"System security access was granted to an account",0,,,,,,,,,,,,,,,,,"Audit Success",,,,,Security,,,,,0x5FC9,,,,,,,,,"System security access was granted to an account.

Subject:
	Security ID:		Domain_E\SYSTEM
	Account Name:		ops-sys-005
	Account Domain:		Domain_E
	Logon ID:		0x5FC9

Account Modified:
	Account Name:		Domain_E\user_c

Access Granted:
	Access Right:		SeBatchLogonRight",,,,,,,,,,,,,,,Info,,,,,,,,,,,,,,,,131128801,,,,,,"Domain_E\SYSTEM",,,"Microsoft Windows security auditing.",,,,,,,,,,,,,,,,,,,"Authentication Policy Change",,,,,Information,,,,,,,,,,,,"02/13/2020 08:03:45 PM
LogName=Security
SourceName=Microsoft Windows security auditing.
EventCode=4717
EventType=0
Type=Information
ComputerName=ops-sys-005
TaskCategory=Authentication Policy Change
OpCode=Info
RecordNumber=131128801
Keywords=Audit Success
Message=System security access was granted to an account.

Subject:
	Security ID:		Domain_E\SYSTEM
	Account Name:		ops-sys-005
	Account Domain:		Domain_E
	Logon ID:		0x5FC9

Account Modified:
	Account Name:		Domain_E\user_c

Access Granted:
	Access Right:		SeBatchLogonRight
","2020-02-13T20:03:45.000+0000",success,"win:unknown","System security access was granted to an account.

Subject:
	Security ID:		Domain_E\SYSTEM
	Account Name:		ops-sys-005
	Account Domain:		Domain_E
	Logon ID:		0x5FC9

Account Modified:
	Account Name:		Domain_E\user_c

Access Granted:
	Access Right:		SeBatchLogonRight",,"Authentication Policy Change",,,,20,13,3,february,45,thursday,2020,local,"ops-sys-005",,,,,,,,,false,,,,"Domain_E","ops-sys-005",,untrust,,false,false,false,,"ops-sys-005",,,,,,,,,false,,,,"ops-sys-005",,untrust,,false,false,false,,131128801,"windows_security_access_granted wineventlog_security wineventlog_windows winsec","ops-sys-005",131128801,,main,,,,25,,,"ops-sys-005
Domain_E\user_c","Domain_E\SYSTEM","Domain_E\",,"System security access was granted to an account",,WinEventLog,,,,,,,,Windows,,,"//_::_==___.====--=__===_=_______.:t_:tt\t_:tt--t_",,,,0x5FC9,informational,0,,,"System security access was granted to an account",4717,"WinEventLog:Security",WinEventLog,"prd-p-g7nxxbgc3hgl",,,,,,,,,,,,,,,"Domain_E",,,,,,,,,,"ops-sys-005",,,,,,,,,,,,,,,,,false,,,,,success,,"System security access was granted to an account",failure,,,"access
account
add
authorization
change
os
security
success
windows",,,,success,,,,,"access
account
add
authorization
change
os
security
windows",,,,,,,,,,,,,,,22,0,,"Domain_E\user_c",,,,,,,,,,,,,,,,,,,false,,,,,Microsoft,,
,"Domain_C
Domain_C","<never>","user_m
user_a",,,,"server_2/computer_b",,,,,,,,,,,"Account Management",,,,,,,,"HOST-004",,,eee,,,,,,"-",4738,"A user account was changed",0,,,,,,,,"<value not set>","A:",,,,,,,,"Audit Success",,,,,Security,,,,"Tuesday 8:00 PM -Wednesday 10:00 AM",0x46BA,,,,"SAM Account Name: user_a
 Display Name:  eee
 User Principal Name: ddd@BBB.local
 Home Directory:  <value not set>
 Home Drive:  A:
 Script Path:  <value not set>
 Profile Path:  <value not set>
 User Workstations: <value not set>
 Password Last Set: 2020-02-13 20:03:45 PM
 Account Expires:  <never>
 Primary Group ID: 816
 AllowedToDelegateTo: server_2/computer_b
 Old UAC Value:  C4BA830
 New UAC Value:  0901EB5
 User Account Control: LOCKOUT - Enabled
 User Parameters: <value not set>
 SID History:  Domain_b/bbb
 Logon Hours:  Tuesday 8:00 PM -Wednesday 10:00 AM",,,,,"A User account was changed.

Subject:
 Security ID:  Domain_C\user_m
 Account Name:  user_m
 Account Domain:  Domain_C
 Logon ID:  0x46BA

Target Account:
 Security ID:  Domain_C\user_a
 Account Name:  user_a
 Account Domain:  Domain_C

Changed Attributes:
 SAM Account Name: user_a
 Display Name:  eee
 User Principal Name: ddd@BBB.local
 Home Directory:  <value not set>
 Home Drive:  A:
 Script Path:  <value not set>
 Profile Path:  <value not set>
 User Workstations: <value not set>
 Password Last Set: 2020-02-13 20:03:45 PM
 Account Expires:  <never>
 Primary Group ID: 816
 AllowedToDelegateTo: server_2/computer_b
 Old UAC Value:  C4BA830
 New UAC Value:  0901EB5
 User Account Control: LOCKOUT - Enabled
 User Parameters: <value not set>
 SID History:  Domain_b/bbb
 Logon Hours:  Tuesday 8:00 PM -Wednesday 10:00 AM

Additional Information:
 Privileges:  SeTakeOwnershipPrivilege",,,,,,,,,,,,0901EB5,,C4BA830,Info,,,,"2020-02-13 20:03:45 PM",,,,816,,,SeTakeOwnershipPrivilege,,,"<value not set>",,99584579,,,"user_a","Domain_b/bbb","<value not set>","Domain_C\user_m
Domain_C\user_a",,,"Microsoft Windows security auditing.",,,,,,,,,,,,,,,,,,,"User Account Management",,,,,Information,,"LOCKOUT - Enabled",,,"<value not set>","ddd@BBB.local","<value not set>",,,,,"02/13/2020 08:03:45 PM
LogName=Security
SourceName=Microsoft Windows security auditing.
EventCode=4738
EventType=0
Type=Information
ComputerName=HOST-004
TaskCategory=User Account Management
OpCode=Info
RecordNumber=99584579
Keywords=Audit Success
Message=A User account was changed.

Subject:
 Security ID:  Domain_C\user_m
 Account Name:  user_m
 Account Domain:  Domain_C
 Logon ID:  0x46BA

Target Account:
 Security ID:  Domain_C\user_a
 Account Name:  user_a
 Account Domain:  Domain_C

Changed Attributes:
 SAM Account Name: user_a
 Display Name:  eee
 User Principal Name: ddd@BBB.local
 Home Directory:  <value not set>
 Home Drive:  A:
 Script Path:  <value not set>
 Profile Path:  <value not set>
 User Workstations: <value not set>
 Password Last Set: 2020-02-13 20:03:45 PM
 Account Expires:  <never>
 Primary Group ID: 816
 AllowedToDelegateTo: server_2/computer_b
 Old UAC Value:  C4BA830
 New UAC Value:  0901EB5
 User Account Control: LOCKOUT - Enabled
 User Parameters: <value not set>
 SID History:  Domain_b/bbb
 Logon Hours:  Tuesday 8:00 PM -Wednesday 10:00 AM

Additional Information:
 Privileges:  SeTakeOwnershipPrivilege
","2020-02-13T20:03:45.000+0000",modified,"win:unknown","A User account was changed.

Subject:
 Security ID:  Domain_C\user_m
 Account Name:  user_m
 Account Domain:  Domain_C
 Logon ID:  0x46BA

Target Account:
 Security ID:  Domain_C\user_a
 Account Name:  user_a
 Account Domain:  Domain_C

Changed Attributes:
 SAM Account Name: user_a
 Display Name:  eee
 User Principal Name: ddd@BBB.local
 Home Directory:  <value not set>
 Home Drive:  A:
 Script Path:  <value not set>
 Profile Path:  <value not set>
 User Workstations: <value not set>
 Password Last Set: 2020-02-13 20:03:45 PM
 Account Expires:  <never>
 Primary Group ID: 816
 AllowedToDelegateTo: server_2/computer_b
 Old UAC Value:  C4BA830
 New UAC Value:  0901EB5
 User Account Control: LOCKOUT - Enabled
 User Parameters: <value not set>
 SID History:  Domain_b/bbb
 Logon Hours:  Tuesday 8:00 PM -Wednesday 10:00 AM

Additional Information:
 Privileges:  SeTakeOwnershipPrivilege",,"User Account Management",user,,,20,13,3,february,45,thursday,2020,local,"HOST-004",,,,,,,,,false,,,,"Domain_C","HOST-004",,untrust,,false,false,false,,"HOST-004",,,,,,,,,false,,,,"HOST-004",,untrust,,false,false,false,,99584579,"windows_account_management windows_account_modified wineventlog_security wineventlog_windows winsec","HOST-004",99584579,,main,,,,47,,,"user_m
user_a","Domain_C\user_m
Domain_C\user_a","Domain_C\",,"A user account was changed",,WinEventLog,user,,,,"Take ownership of files or other objects",SeTakeOwnershipPrivilege,,Windows,,,"//_::_==___.====-=__===_=____.:__:__\__:____:____:",,,,0x46BA,informational,0,,,"A user account was changed",4738,"WinEventLog:Security",WinEventLog,"prd-p-g7nxxbgc3hgl",,,,,,,,,,,,,,,"Domain_C",,,,,,,,,,"user_m",,,,,,,,,,,,,,,,,false,,,,,success,,"A user account was changed",failure,"Account Management",,"account
change
management
modify
os
security
windows",,,,,,,,,"account
change
management
modify
os
security
windows",,,,,,,,,,,,,,,22,0,,"user_a",,,,,,816,,,,,,,,,,,,,false,,,,,Microsoft,SeTakeOwnershipPrivilege,
,"Domain_D",,"user_d",,,,,,,,,,,,,,,,,,,,,,,"BUSDEV-003",,,,,,,,,"-",4689,"A process has exited",0,0x9A78E2,,,,,,,,,,,,,,,,"Audit Success",,,,,Security,,,,,0x3EC3,,,,,,,,,"A process has exited.

Subject:
	Security ID:		Domain_D\user_d
	Account Name:		user_d
	Account Domain:		Domain_D
	Logon ID:		0x3EC3

Process Information:
	Process ID:	0xD331
	Process Name:	C:\Windows\System32\example_g.exe
	Exit Status:	0x9A78E2",,,,,,,,,,,,,,,Info,,,,,,,,,,,,0xD331,"C:\Windows\System32\example_g.exe",,,14684765,,,,,,"Domain_D\user_d",,,"Microsoft Windows security auditing.",,,,,,,,,,,,,,,,,,,"Process Termination",,,,,Information,,,,,,,,,,,,"02/13/2020 08:03:45 PM
LogName=Security
SourceName=Microsoft Windows security auditing.
EventCode=4689
EventType=0
Type=Information
ComputerName=BUSDEV-003
TaskCategory=Process Termination
OpCode=Info
RecordNumber=14684765
Keywords=Audit Success
Message=A process has exited.

Subject:
	Security ID:		Domain_D\user_d
	Account Name:		user_d
	Account Domain:		Domain_D
	Logon ID:		0x3EC3

Process Information:
	Process ID:	0xD331
	Process Name:	C:\Windows\System32\example_g.exe
	Exit Status:	0x9A78E2
","2020-02-13T20:03:45.000+0000",success,"win:unknown","A process has exited.

Subject:
	Security ID:		Domain_D\user_d
	Account Name:		user_d
	Account Domain:		Domain_D
	Logon ID:		0x3EC3

Process Information:
	Process ID:	0xD331
	Process Name:	C:\Windows\System32\example_g.exe
	Exit Status:	0x9A78E2",,"Process Termination",,,,20,13,3,february,45,thursday,2020,local,"BUSDEV-003",,,,,,,,,false,,,,"Domain_D","BUSDEV-003",,untrust,,false,false,false,,"BUSDEV-003",,,,,,,,,false,,,,"BUSDEV-003",,untrust,,false,false,false,,14684765,"windows_process_exit wineventlog_security wineventlog_windows winsec","BUSDEV-003",14684765,,main,,,,24,,,"user_d","Domain_D\user_d","Domain_D\",,"A process has exited",,WinEventLog,,,,,,,,Windows,,,"//_::_==___.====-=_===_=___.:t_:tt\t_:ttt_:ttt_:tt",,,,0x3EC3,informational,0,,,"A process has exited",4689,"WinEventLog:Security",WinEventLog,"prd-p-g7nxxbgc3hgl",,,,,,,,,,,,,,,"Domain_D",,,,,,,,,,,,,,,,,,,,,,,,,,,,,,,,success,,"A process has exited",failure,,,"execute
os
process
security
stop
success
windows",,,,success,,,,,"execute
os
process
security
stop
windows",,,,,,,,,,,,,,,22,0,,"user_d",,,,,,,,,,,,,,,,,,,false,,,,,Microsoft,,
,"Domain_C
Domain_C",,"COREDEV-001
user_f",,,,,,,Kerberos,,,,,,,,,,,,,,,,"COREDEV-001",,,,,,,,No,"-",4624,"An account was successfully logged on",0,,,,,,,,,,,Identification,,,0,,,"Audit Success",13E2,,,,Security,,,"{00000000-0000-0000-0000-000000000000}",,"0x70E4
0xA369",Winlogon,10,,,,,,,"An account was successfully logged on.

Subject:
 Security ID:  Domain_C\SYSTEM
 Account Name:  COREDEV-001
 Account Domain:  Domain_C
 Logon ID:  0x70E4

Logon Information:
 Logon Type:  10
 Restricted Admin Mode: Yes
 Virtual Account:  No
 Elevated Token:  No

Impersonation Level:  Identification

New Logon:
 Security ID:  Domain_C\user_f
 Account Name:  user_f
 Account Domain:  Domain_C
 Logon ID:  0xA369
 Linked Logon ID:  13E2
 Network Account Name: -
 Network Account Domain: Domain_C
 Logon GUID:  {00000000-0000-0000-0000-000000000000}

Process Information:
 Process ID:  0x76FD
 Process Name:  C:\Windows\System32\example_a.exe

Network Information:
 Workstation Name: COREDEV-001
 Source Network Address: -
 Source Port:  65205

Detailed Authentication Information:
 Logon Process:  Winlogon 
 Authentication Package: Kerberos
 Transited Services: -
 Package Name (NTLM only): -
 Key Length:  0

This event is generated when a logon session is created. It is generated on the computer that was accessed.

The subject fields indicate the account on the local system which requested the logon. This is most commonly a service such as the Server service, or a local process such as 7F0D8.exe or 7F0D8.exe.

The logon type field indicates the kind of logon that occurred. The most common types are 2 (interactive) and 3 (network).

The New Logon fields indicate the account for whom the new logon was created, i.e. the account that was logged on.

The network fields indicate where a remote logon request originated. Workstation name is not always available and may be left blank in some cases.

The impersonation level field indicates the extent to which a process in the logon session can impersonate.

The authentication information fields provide detailed information about this specific logon request.
 - Logon GUID is a unique identifier that can be used to correlate this event with a KDC event.
 - Transited services indicate which intermediate services have participated in this logon request.
 - Package name indicates which sub-protocol was used among the NTLM protocols.
 - Key length indicates the length of the generated session key. This will be 0 if no session key was requested.",,,,"Domain_C","-",,,,,,,,,,Info,,"-",,,,,,,,,,0x76FD,"C:\Windows\System32\example_a.exe",,,7431290,Yes,,,,,"Domain_C\SYSTEM
Domain_C\user_f",,,"Microsoft Windows security auditing.","-",65205,,,,,,,,,,,,,,,,,Logon,,,,"-",Information,,,,,,,,No,,,"COREDEV-001","02/13/2020 08:03:44 PM
LogName=Security
SourceName= Microsoft Windows security auditing.
EventCode=4624
EventType=0
Type=Information
ComputerName=COREDEV-001
TaskCategory=Logon
OpCode=Info
RecordNumber=7431290
Keywords=Audit Success
Message=An account was successfully logged on.

Subject:
 Security ID:  Domain_C\SYSTEM
 Account Name:  COREDEV-001
 Account Domain:  Domain_C
 Logon ID:  0x70E4

Logon Information:
 Logon Type:  10
 Restricted Admin Mode: Yes
 Virtual Account:  No
 Elevated Token:  No

Impersonation Level:  Identification

New Logon:
 Security ID:  Domain_C\user_f
 Account Name:  user_f
 Account Domain:  Domain_C
 Logon ID:  0xA369
 Linked Logon ID:  13E2
 Network Account Name: -
 Network Account Domain: Domain_C
 Logon GUID:  {00000000-0000-0000-0000-000000000000}

Process Information:
 Process ID:  0x76FD
 Process Name:  C:\Windows\System32\example_a.exe

Network Information:
 Workstation Name: COREDEV-001
 Source Network Address: -
 Source Port:  65205

Detailed Authentication Information:
 Logon Process:  Winlogon 
 Authentication Package: Kerberos
 Transited Services: -
 Package Name (NTLM only): -
 Key Length:  0

This event is generated when a logon session is created. It is generated on the computer that was accessed.

The subject fields indicate the account on the local system which requested the logon. This is most commonly a service such as the Server service, or a local process such as 7F0D8.exe or 7F0D8.exe.

The logon type field indicates the kind of logon that occurred. The most common types are 2 (interactive) and 3 (network).

The New Logon fields indicate the account for whom the new logon was created, i.e. the account that was logged on.

The network fields indicate where a remote logon request originated. Workstation name is not always available and may be left blank in some cases.

The impersonation level field indicates the extent to which a process in the logon session can impersonate.

The authentication information fields provide detailed information about this specific logon request.
 - Logon GUID is a unique identifier that can be used to correlate this event with a KDC event.
 - Transited services indicate which intermediate services have participated in this logon request.
 - Package name indicates which sub-protocol was used among the NTLM protocols.
 - Key length indicates the length of the generated session key. This will be 0 if no session key was requested.

","2020-02-13T20:03:44.000+0000",success,"win:remote","An account was successfully logged on.

Subject:
 Security ID:  Domain_C\SYSTEM
 Account Name:  COREDEV-001
 Account Domain:  Domain_C
 Logon ID:  0x70E4

Logon Information:
 Logon Type:  10
 Restricted Admin Mode: Yes
 Virtual Account:  No
 Elevated Token:  No

Impersonation Level:  Identification

New Logon:
 Security ID:  Domain_C\user_f
 Account Name:  user_f
 Account Domain:  Domain_C
 Logon ID:  0xA369
 Linked Logon ID:  13E2
 Network Account Name: -
 Network Account Domain: Domain_C
 Logon GUID:  {00000000-0000-0000-0000-000000000000}

Process Information:
 Process ID:  0x76FD
 Process Name:  C:\Windows\System32\example_a.exe

Network Information:
 Workstation Name: COREDEV-001
 Source Network Address: -
 Source Port:  65205

Detailed Authentication Information:
 Logon Process:  Winlogon 
 Authentication Package: Kerberos
 Transited Services: -
 Package Name (NTLM only): -
 Key Length:  0

This event is generated when a logon session is created. It is generated on the computer that was accessed.

The subject fields indicate the account on the local system which requested the logon. This is most commonly a service such as the Server service, or a local process such as 7F0D8.exe or 7F0D8.exe.

The logon type field indicates the kind of logon that occurred. The most common types are 2 (interactive) and 3 (network).

The New Logon fields indicate the account for whom the new logon was created, i.e. the account that was logged on.

The network fields indicate where a remote logon request originated. Workstation name is not always available and may be left blank in some cases.

The impersonation level field indicates the extent to which a process in the logon session can impersonate.

The authentication information fields provide detailed information about this specific logon request.
 - Logon GUID is a unique identifier that can be used to correlate this event with a KDC event.
 - Transited services indicate which intermediate services have participated in this logon request.
 - Package name indicates which sub-protocol was used among the NTLM protocols.
 - Key length indicates the length of the generated session key. This will be 0 if no session key was requested.",,Logon,,,,20,13,3,february,44,thursday,2020,local,"COREDEV-001",,,,,,,,,false,,,,"Domain_C","COREDEV-001",,untrust,,false,false,false,,"COREDEV-001",,,,,,,,,false,,,,"COREDEV-001",,untrust,,false,false,false,,7431290,"windows_logon_success wineventlog_security wineventlog_windows winsec","COREDEV-001",7431290,,main,,,,72,,,"COREDEV-001
user_f","Domain_C\SYSTEM
Domain_C\user_f","Domain_C\",,"An account was successfully logged on",,WinEventLog,,,,,,,0x76FD,Windows,,,"//_::_==____.====-====_=_____.:__:__\__:__-__:____",,,,0xA369,informational,0,,,"An account was successfully logged on",4624,"WinEventLog:Security",WinEventLog,"prd-p-g7nxxbgc3hgl",,"COREDEV-001",,,,,,,,,false,,,,"Domain_C","COREDEV-001",,untrust,65205,,false,,false,false,"COREDEV-001",,,,,,,,,,,,,,,,,false,,,,,success,,"An account was successfully logged on",failure,,,"authentication
os
remote
security
success
windows",,,,success,remote,,,,"authentication
os
security
windows",,,,,,,,,,,,,,,22,0,,"user_f",,,,,,,,,,,,,,,,,,,false,,,,,Microsoft,,
,"Domain_C
Domain_C",,"SE-001
saarahmartinez",,"Server_D.com",,,,,,,,,,,,,,,,,,,,,"SE-001",,,,,,,,,"-",4648,"A logon was attempted using explicit credentials",0,,,,,,,,,,,,,,,,,"Audit Success",,,,,Security,,,"{221B21A6-1AE2-3F9A-24EF-22C392AC2A47}
{0887F1E4-39EA-D53C-804F-31D568A06274}",,0x70E4,,,,,,,,,"A logon was attempted using explicit credentials.
Subject:
	Security ID:  Domain_C\SYSTEM
	Account Name:  SE-001
	Account Domain:  Domain_C
	Logon ID:  0x70E4
	Logon GUID:		{221B21A6-1AE2-3F9A-24EF-22C392AC2A47}
Account Whose Credentials Were Used:
	Account Name:		saarahmartinez
	Account Domain:		Domain_C
	Logon GUID:		{0887F1E4-39EA-D53C-804F-31D568A06274}
Target Server:
	Target Server Name:	Server_D.com
	Additional Information:	Server_D.com
Process Information:
	Process ID:		B779
	Process Name:		C:\Windows\System32\example_g.exe
Network Information:
	Network Address:	-
	Port:			23383
This event is generated when a process attempts to log on an account by explicitly specifying that account's credentials. This most commonly occurs in batch-type configurations such as scheduled tasks, or when using the RUNAS command.",,,,,,"-",,,,,,,,,Info,,,,,,23383,,,,,,B779,"C:\Windows\System32\example_g.exe",,,969814514,,,,,,"Domain_C\SYSTEM",,,"Microsoft Windows security auditing.",,,,,,,,,,,,,,,,,"Server_D.com",,Logon,,,,,Information,,,,,,,,,,,,"02/13/2020 08:03:44 PM
LogName=Security
SourceName=Microsoft Windows security auditing.
EventCode=4648
EventType=0
Type=Information
ComputerName=SE-001
TaskCategory=Logon
OpCode=Info
RecordNumber=969814514
Keywords=Audit Success
Message=A logon was attempted using explicit credentials.
Subject:
	Security ID:  Domain_C\SYSTEM
	Account Name:  SE-001
	Account Domain:  Domain_C
	Logon ID:  0x70E4
	Logon GUID:		{221B21A6-1AE2-3F9A-24EF-22C392AC2A47}
Account Whose Credentials Were Used:
	Account Name:		saarahmartinez
	Account Domain:		Domain_C
	Logon GUID:		{0887F1E4-39EA-D53C-804F-31D568A06274}
Target Server:
	Target Server Name:	Server_D.com
	Additional Information:	Server_D.com
Process Information:
	Process ID:		B779
	Process Name:		C:\Windows\System32\example_g.exe
Network Information:
	Network Address:	-
	Port:			23383
This event is generated when a process attempts to log on an account by explicitly specifying that account's credentials. This most commonly occurs in batch-type configurations such as scheduled tasks, or when using the RUNAS command.
","2020-02-13T20:03:44.000+0000",success,"win:remote","A logon was attempted using explicit credentials.
Subject:
	Security ID:  Domain_C\SYSTEM
	Account Name:  SE-001
	Account Domain:  Domain_C
	Logon ID:  0x70E4
	Logon GUID:		{221B21A6-1AE2-3F9A-24EF-22C392AC2A47}
Account Whose Credentials Were Used:
	Account Name:		saarahmartinez
	Account Domain:		Domain_C
	Logon GUID:		{0887F1E4-39EA-D53C-804F-31D568A06274}
Target Server:
	Target Server Name:	Server_D.com
	Additional Information:	Server_D.com
Process Information:
	Process ID:		B779
	Process Name:		C:\Windows\System32\example_g.exe
Network Information:
	Network Address:	-
	Port:			23383
This event is generated when a process attempts to log on an account by explicitly specifying that account's credentials. This most commonly occurs in batch-type configurations such as scheduled tasks, or when using the RUNAS command.",,Logon,,,,20,13,3,february,44,thursday,2020,local,"Server_D.com",,,,,,,,,false,,,,"Domain_C","Server_D.com",,untrust,,false,false,false,,"SE-001",,,,,,,,,false,,,,"SE-001",,untrust,,false,false,false,,969814514,"windows_logon_explicit wineventlog_security wineventlog_windows winsec","SE-001",969814514,,main,,,,33,,,"SE-001
saarahmartinez","Domain_C\SYSTEM","Domain_C\",,"A logon was attempted using explicit credentials",,WinEventLog,,,,,,,,Windows,,,"//_::_==___.====-====_=______.:t_:__\t_:__-t_:__t_",,,,0x70E4,informational,0,,,"A logon was attempted using explicit credentials",4648,"WinEventLog:Security",WinEventLog,"prd-p-g7nxxbgc3hgl",,,,,,,,,,,,,,,"Domain_C",,,,,,,,,,"SE-001",,,,,,,,,,,,,,,,,false,,,,,success,,"A logon was attempted using explicit credentials",failure,,,"authentication
os
privileged
remote
security
success
windows",,,,success,remote,,,,"authentication
os
privileged
security
windows",,,,,,,,,,,,,,,22,0,,saarahmartinez,,,,,,,,,,,,,,,,,,,false,,,,,Microsoft,,
,"Domain_C
Domain_C","2020-02-13 20:03:44 PM","user_c
user_e",,,,,"-",,,,,,,,,,"Account Management",,,,,,,,"PROD-POS-001",,,ddd,,,,,,"-",4720,"A user account was created",0,,,,,,,,"\a\b","D:",,,,,,,,"Audit Success",,,,,Security,,,,"Tuesday 8:00 PM -Wednesday 10:00 AM",0x5FC9,,,,"SAM Account Name: user_k
	Display Name: ddd
	User Principal Name: ccc@AAA.local
	Home Directory: \a\b
	Home Drive: D:
	Script Path: \a\b\c
	Profile Path: \a
	User Workstations: AAA
	Password Last Set: 2020-02-13 20:03:44 PM
	Account Expires: 2020-02-13 20:03:44 PM
	Primary Group ID: 896
	Allowed To Delegate To: -
	Old UAC Value: FA00A1D
	New UAC Value: 32C5937
	User Account Control: TEMP_DUPLICATE_ACCOUNT - Disabled
	User Parameters: <value changed, but not displayed>
	SID History: Domain_a/aaa
	Logon Hours: Tuesday 8:00 PM -Wednesday 10:00 AM",,,,,"A User account was created. 
Subject: 
	Security ID: Domain_C\user_c
	Account Name: user_c
	Account Domain: Domain_C
	Logon ID: 0x5FC9
New Account: 
	Security ID: Domain_C\user_e
	Account Name: user_e
	Account Domain: Domain_C
Attributes: 
	SAM Account Name: user_k
	Display Name: ddd
	User Principal Name: ccc@AAA.local
	Home Directory: \a\b
	Home Drive: D:
	Script Path: \a\b\c
	Profile Path: \a
	User Workstations: AAA
	Password Last Set: 2020-02-13 20:03:44 PM
	Account Expires: 2020-02-13 20:03:44 PM
	Primary Group ID: 896
	Allowed To Delegate To: -
	Old UAC Value: FA00A1D
	New UAC Value: 32C5937
	User Account Control: TEMP_DUPLICATE_ACCOUNT - Disabled
	User Parameters: <value changed, but not displayed>
	SID History: Domain_a/aaa
	Logon Hours: Tuesday 8:00 PM -Wednesday 10:00 AM
Additional Information:
	Privileges -",,,,,,,,,,,,32C5937,,FA00A1D,Info,,,,"2020-02-13 20:03:44 PM",,,,896,,,,,,"\a",,434291341,,,"user_k","Domain_a/aaa","\a\b\c","Domain_C\user_c
Domain_C\user_e",,,"Microsoft Windows security auditing.",,,,,,,,,,,,,,,,,,,"User Account Management",,,,,Information,,"TEMP_DUPLICATE_ACCOUNT - Disabled",,,"<value changed, but not displayed>","ccc@AAA.local",AAA,,,,,"02/13/2020 08:03:44 PM
LogName=Security
SourceName=Microsoft Windows security auditing.
EventCode=4720
EventType=0
Type=Information
ComputerName=PROD-POS-001
TaskCategory=User Account Management
OpCode=Info
RecordNumber=434291341
Keywords=Audit Success
Message=A User account was created. 
Subject: 
	Security ID: Domain_C\user_c
	Account Name: user_c
	Account Domain: Domain_C
	Logon ID: 0x5FC9
New Account: 
	Security ID: Domain_C\user_e
	Account Name: user_e
	Account Domain: Domain_C
Attributes: 
	SAM Account Name: user_k
	Display Name: ddd
	User Principal Name: ccc@AAA.local
	Home Directory: \a\b
	Home Drive: D:
	Script Path: \a\b\c
	Profile Path: \a
	User Workstations: AAA
	Password Last Set: 2020-02-13 20:03:44 PM
	Account Expires: 2020-02-13 20:03:44 PM
	Primary Group ID: 896
	Allowed To Delegate To: -
	Old UAC Value: FA00A1D
	New UAC Value: 32C5937
	User Account Control: TEMP_DUPLICATE_ACCOUNT - Disabled
	User Parameters: <value changed, but not displayed>
	SID History: Domain_a/aaa
	Logon Hours: Tuesday 8:00 PM -Wednesday 10:00 AM
Additional Information:
	Privileges -
","2020-02-13T20:03:44.000+0000",created,"win:unknown","A User account was created. 
Subject: 
	Security ID: Domain_C\user_c
	Account Name: user_c
	Account Domain: Domain_C
	Logon ID: 0x5FC9
New Account: 
	Security ID: Domain_C\user_e
	Account Name: user_e
	Account Domain: Domain_C
Attributes: 
	SAM Account Name: user_k
	Display Name: ddd
	User Principal Name: ccc@AAA.local
	Home Directory: \a\b
	Home Drive: D:
	Script Path: \a\b\c
	Profile Path: \a
	User Workstations: AAA
	Password Last Set: 2020-02-13 20:03:44 PM
	Account Expires: 2020-02-13 20:03:44 PM
	Primary Group ID: 896
	Allowed To Delegate To: -
	Old UAC Value: FA00A1D
	New UAC Value: 32C5937
	User Account Control: TEMP_DUPLICATE_ACCOUNT - Disabled
	User Parameters: <value changed, but not displayed>
	SID History: Domain_a/aaa
	Logon Hours: Tuesday 8:00 PM -Wednesday 10:00 AM
Additional Information:
	Privileges -",,"User Account Management",user,,,20,13,3,february,44,thursday,2020,local,"PROD-POS-001",,,,,,,,,false,,,,"Domain_C","PROD-POS-001",,untrust,,false,false,false,,"PROD-POS-001",,,,,,,,,false,,,,"PROD-POS-001",,untrust,,false,false,false,,434291341,"windows_account_created windows_account_management wineventlog_security wineventlog_windows winsec","PROD-POS-001",434291341,,main,,,,43,,,"user_c
user_e","Domain_C\user_c
Domain_C\user_e","Domain_C\",,"A user account was created",,WinEventLog,user,,,,,,,Windows,,,"//_::_==___.====--=__===_=____._:_t_:_\t_:_t_:_t_:",,,,0x5FC9,informational,0,,,"A user account was created",4720,"WinEventLog:Security",WinEventLog,"prd-p-g7nxxbgc3hgl",,,,,,,,,,,,,,,"Domain_C",,,,,,,,,,"user_c",,,,,,,,,,,,,,,,,false,,,,,success,,"A user account was created",failure,"Account Management",,"account
add
change
management
os
security
windows",,,,,,,,,"account
add
change
management
os
security
windows",,,,,,,,,,,,,,,22,0,,"user_e",,,,,,896,,,,,,,,,,,,,false,,,,,Microsoft,,
SeInteractiveLogonRight,"Domain_A",,"ACME-002
Domain_A\user_d",,,,,,,,,,,,,,,,,,,,,,,"ACME-002",,,,,,,,,"-",4717,"System security access was granted to an account",0,,,,,,,,,,,,,,,,,"Audit Success",,,,,Security,,,,,0x3EC3,,,,,,,,,"System security access was granted to an account.

Subject:
	Security ID:		Domain_A\SYSTEM
	Account Name:		ACME-002
	Account Domain:		Domain_A
	Logon ID:		0x3EC3

Account Modified:
	Account Name:		Domain_A\user_d

Access Granted:
	Access Right:		SeInteractiveLogonRight",,,,,,,,,,,,,,,Info,,,,,,,,,,,,,,,,871921403,,,,,,"Domain_A\SYSTEM",,,"Microsoft Windows security auditing.",,,,,,,,,,,,,,,,,,,"Authentication Policy Change",,,,,Information,,,,,,,,,,,,"02/13/2020 08:03:44 PM
LogName=Security
SourceName=Microsoft Windows security auditing.
EventCode=4717
EventType=0
Type=Information
ComputerName=ACME-002
TaskCategory=Authentication Policy Change
OpCode=Info
RecordNumber=871921403
Keywords=Audit Success
Message=System security access was granted to an account.

Subject:
	Security ID:		Domain_A\SYSTEM
	Account Name:		ACME-002
	Account Domain:		Domain_A
	Logon ID:		0x3EC3

Account Modified:
	Account Name:		Domain_A\user_d

Access Granted:
	Access Right:		SeInteractiveLogonRight
","2020-02-13T20:03:44.000+0000",success,"win:unknown","System security access was granted to an account.

Subject:
	Security ID:		Domain_A\SYSTEM
	Account Name:		ACME-002
	Account Domain:		Domain_A
	Logon ID:		0x3EC3

Account Modified:
	Account Name:		Domain_A\user_d

Access Granted:
	Access Right:		SeInteractiveLogonRight",,"Authentication Policy Change",,,,20,13,3,february,44,thursday,2020,local,"ACME-002",,,,,,,,,false,,,,"Domain_A","ACME-002",,untrust,,false,false,false,,"ACME-002",,,,,,,,,false,,,,"ACME-002",,untrust,,false,false,false,,871921403,"windows_security_access_granted wineventlog_security wineventlog_windows winsec","ACME-002",871921403,,main,,,,25,,,"ACME-002
Domain_A\user_d","Domain_A\SYSTEM","Domain_A\",,"System security access was granted to an account",,WinEventLog,,,,,,,,Windows,,,"//_::_==___.====-=__===_=_______.:t_:tt\t_:tt-t_:t",,,,0x3EC3,informational,0,,,"System security access was granted to an account",4717,"WinEventLog:Security",WinEventLog,"prd-p-g7nxxbgc3hgl",,,,,,,,,,,,,,,"Domain_A",,,,,,,,,,"ACME-002",,,,,,,,,,,,,,,,,false,,,,,success,,"System security access was granted to an account",failure,,,"access
account
add
authorization
change
os
security
success
windows",,,,success,,,,,"access
account
add
authorization
change
os
security
windows",,,,,,,,,,,,,,,22,0,,"Domain_A\user_d",,,,,,,,,,,,,,,,,,,false,,,,,Microsoft,,
,"Domain_C
Domain_C","2020-02-13 20:03:43 PM","user_j
user_n",,,,,"server_2/computer_b",,,,,,,,,,"Account Management",,,,,,,,"SE-003",,,eee,,,,,,"-",4720,"A user account was created",0,,,,,,,,"\a\b\c","C:",,,,,,,,"Audit Success",,,,,Security,,,,"Monday 2:00 PM -Tuesday 6:00 PM",0xB111,,,,"SAM Account Name: user_k
	Display Name: eee
	User Principal Name: aaa@AAA.local
	Home Directory: \a\b\c
	Home Drive: C:
	Script Path: \a\e
	Profile Path: \a\b
	User Workstations: DDD
	Password Last Set: <never>
	Account Expires: 2020-02-13 20:03:43 PM
	Primary Group ID: 627
	Allowed To Delegate To: server_2/computer_b
	Old UAC Value: 80B12C2
	New UAC Value: F7D31DF
	User Account Control: SERVER_TRUST_ACCOUNT - Disabled
	User Parameters: <value not set>
	SID History: Domain_a/aaa
	Logon Hours: Monday 2:00 PM -Tuesday 6:00 PM",,,,,"A User account was created. 
Subject: 
	Security ID: Domain_C\user_j
	Account Name: user_j
	Account Domain: Domain_C
	Logon ID: 0xB111
New Account: 
	Security ID: Domain_C\user_n
	Account Name: user_n
	Account Domain: Domain_C
Attributes: 
	SAM Account Name: user_k
	Display Name: eee
	User Principal Name: aaa@AAA.local
	Home Directory: \a\b\c
	Home Drive: C:
	Script Path: \a\e
	Profile Path: \a\b
	User Workstations: DDD
	Password Last Set: <never>
	Account Expires: 2020-02-13 20:03:43 PM
	Primary Group ID: 627
	Allowed To Delegate To: server_2/computer_b
	Old UAC Value: 80B12C2
	New UAC Value: F7D31DF
	User Account Control: SERVER_TRUST_ACCOUNT - Disabled
	User Parameters: <value not set>
	SID History: Domain_a/aaa
	Logon Hours: Monday 2:00 PM -Tuesday 6:00 PM
Additional Information:
	Privileges -",,,,,,,,,,,,F7D31DF,,80B12C2,Info,,,,"<never>",,,,627,,,,,,"\a\b",,832573199,,,"user_k","Domain_a/aaa","\a\e","Domain_C\user_j
Domain_C\user_n",,,"Microsoft Windows security auditing.",,,,,,,,,,,,,,,,,,,"User Account Management",,,,,Information,,"SERVER_TRUST_ACCOUNT - Disabled",,,"<value not set>","aaa@AAA.local",DDD,,,,,"02/13/2020 08:03:43 PM
LogName=Security
SourceName=Microsoft Windows security auditing.
EventCode=4720
EventType=0
Type=Information
ComputerName=SE-003
TaskCategory=User Account Management
OpCode=Info
RecordNumber=832573199
Keywords=Audit Success
Message=A User account was created. 
Subject: 
	Security ID: Domain_C\user_j
	Account Name: user_j
	Account Domain: Domain_C
	Logon ID: 0xB111
New Account: 
	Security ID: Domain_C\user_n
	Account Name: user_n
	Account Domain: Domain_C
Attributes: 
	SAM Account Name: user_k
	Display Name: eee
	User Principal Name: aaa@AAA.local
	Home Directory: \a\b\c
	Home Drive: C:
	Script Path: \a\e
	Profile Path: \a\b
	User Workstations: DDD
	Password Last Set: <never>
	Account Expires: 2020-02-13 20:03:43 PM
	Primary Group ID: 627
	Allowed To Delegate To: server_2/computer_b
	Old UAC Value: 80B12C2
	New UAC Value: F7D31DF
	User Account Control: SERVER_TRUST_ACCOUNT - Disabled
	User Parameters: <value not set>
	SID History: Domain_a/aaa
	Logon Hours: Monday 2:00 PM -Tuesday 6:00 PM
Additional Information:
	Privileges -
","2020-02-13T20:03:43.000+0000",created,"win:unknown","A User account was created. 
Subject: 
	Security ID: Domain_C\user_j
	Account Name: user_j
	Account Domain: Domain_C
	Logon ID: 0xB111
New Account: 
	Security ID: Domain_C\user_n
	Account Name: user_n
	Account Domain: Domain_C
Attributes: 
	SAM Account Name: user_k
	Display Name: eee
	User Principal Name: aaa@AAA.local
	Home Directory: \a\b\c
	Home Drive: C:
	Script Path: \a\e
	Profile Path: \a\b
	User Workstations: DDD
	Password Last Set: <never>
	Account Expires: 2020-02-13 20:03:43 PM
	Primary Group ID: 627
	Allowed To Delegate To: server_2/computer_b
	Old UAC Value: 80B12C2
	New UAC Value: F7D31DF
	User Account Control: SERVER_TRUST_ACCOUNT - Disabled
	User Parameters: <value not set>
	SID History: Domain_a/aaa
	Logon Hours: Monday 2:00 PM -Tuesday 6:00 PM
Additional Information:
	Privileges -",,"User Account Management",user,,,20,13,3,february,43,thursday,2020,local,"SE-003",,,,,,,,,false,,,,"Domain_C","SE-003",,untrust,,false,false,false,,"SE-003",,,,,,,,,false,,,,"SE-003",,untrust,,false,false,false,,832573199,"windows_account_created windows_account_management wineventlog_security wineventlog_windows winsec","SE-003",832573199,,main,,,,43,,,"user_j
user_n","Domain_C\user_j
Domain_C\user_n","Domain_C\",,"A user account was created",,WinEventLog,user,,,,,,,Windows,,,"//_::_==___.====-=__===_=____._:_t_:_\t_:_t_:_t_:_",,,,0xB111,informational,0,,,"A user account was created",4720,"WinEventLog:Security",WinEventLog,"prd-p-g7nxxbgc3hgl",,,,,,,,,,,,,,,"Domain_C",,,,,,,,,,"user_j",,,,,,,,,,,,,,,,,false,,,,,success,,"A user account was created",failure,"Account Management",,"account
add
change
management
os
security
windows",,,,,,,,,"account
add
change
management
os
security
windows",,,,,,,,,,,,,,,22,0,,"user_n",,,,,,627,,,,,,,,,,,,,false,,,,,Microsoft,,
,"Domain_B",,"user_j",,,,,,,,,,,,,,,,,,,,,,,"ops-sys-001",,,,,,,,,"-",1102,"The audit log was cleared",4,,,,,,,,,,,,,,,,,"Audit Success",,,,,Security,,,,,0xB111,,,,,,,,,"The audit log was cleared.
Subject:
	Security ID:		Domain_B\user_j
	Account Name:		user_j
	Account Domain:		Domain_B
	Logon ID:		0xB111",,,,,,,,,,,,,,,Info,,,,,,,,,,,,,,,,699292460,,,,,,"Domain_B\user_j",,,"Microsoft-Windows-Eventlog",,,,,,,,,,,,,,,,,,,"Log clear",,,,,Information,,,,,,,,,,,,"02/13/2020 08:03:43 PM
LogName=Security
SourceName=Microsoft-Windows-Eventlog
EventCode=1102
EventType=4
Type=Information
ComputerName=ops-sys-001
TaskCategory=Log clear
OpCode=Info
RecordNumber=699292460
Keywords=Audit Success
Message=The audit log was cleared.
Subject:
	Security ID:		Domain_B\user_j
	Account Name:		user_j
	Account Domain:		Domain_B
	Logon ID:		0xB111
","2020-02-13T20:03:43.000+0000",cleared,"win:unknown","The audit log was cleared.
Subject:
	Security ID:		Domain_B\user_j
	Account Name:		user_j
	Account Domain:		Domain_B
	Logon ID:		0xB111",,"Log clear",audit,,,20,13,3,february,43,thursday,2020,local,"ops-sys-001",,,,,,,,,false,,,,"Domain_B","ops-sys-001",,untrust,,false,false,false,,"ops-sys-001",,,,,,,,,false,,,,"ops-sys-001",,untrust,,false,false,false,,699292460,"windows_audit_log_cleared wineventlog_security wineventlog_windows winsec","ops-sys-001",699292460,,main,,,,18,,,"user_j","Domain_B\user_j","Domain_B\",,"The audit log was cleared",,WinEventLog,audit,,,,,,,Windows,,,"//_::_==--====--=_===_=____.:t_:tt\t_:ttt_:ttt_:tt",,,,0xB111,informational,4,,,"The audit log was cleared",1102,"WinEventLog:Security",WinEventLog,"prd-p-g7nxxbgc3hgl",,,,,,,,,,,,,,,"Domain_B",,,,,,,,,,,,,,,,,,,,,,,,,,,,,,,,success,,"The audit log was cleared",failure,,,"audit
change
cleared
delete
endpoint
os
security
watchlist
windows",,,,,,,,,"audit
change
cleared
delete
endpoint
os
security
watchlist
windows",,,,,,,,,,,,,,,22,0,,"user_j",,,,,,,,,,,,,,,,,,,false,,,,,Microsoft,,
,"Domain_C",,"user_e
user_f",,,,,,,,"ACME-005",,,,,,,"Account Management",,,,,,,,"ACME-005",,,,,,,,,"-",4740,"A user account was locked out",0,,,,,,,,,,,,,,,,,"Audit Success",,,,,Security,,,,,0x0452,,,,,,,,,"A user account was locked out. 
Subject: 
	Security ID: Domain_C\user_e 
	Account Name: user_e
	Account Domain: Domain_C
	Logon ID: 0x0452
Account That Was Locked Out: 
	Security ID: Domain_C\user_f 
	Account Name: user_f
Additional Information: 
	Caller Computer Name: ACME-005",,,,,,,,,,,,,,,Info,,,,,,,,,,,,,,,,784516074,,,,,,"Domain_C\user_e
Domain_C\user_f",,,"Microsoft Windows security auditing.",,,,,,,,,,,,,,,,,,,"User Account Management",,,,,Information,,,,,,,,,,,,"02/13/2020 08:03:43 PM 
LogName=Security 
SourceName=Microsoft Windows security auditing.
EventCode=4740 
EventType=0 
Type=Information
ComputerName=ACME-005 
TaskCategory=User Account Management
OpCode=Info 
RecordNumber=784516074
Keywords=Audit Success
Message=A user account was locked out. 
Subject: 
	Security ID: Domain_C\user_e 
	Account Name: user_e
	Account Domain: Domain_C
	Logon ID: 0x0452
Account That Was Locked Out: 
	Security ID: Domain_C\user_f 
	Account Name: user_f
Additional Information: 
	Caller Computer Name: ACME-005
","2020-02-13T20:03:43.000+0000",modified,"win:unknown","A user account was locked out. 
Subject: 
	Security ID: Domain_C\user_e 
	Account Name: user_e
	Account Domain: Domain_C
	Logon ID: 0x0452
Account That Was Locked Out: 
	Security ID: Domain_C\user_f 
	Account Name: user_f
Additional Information: 
	Caller Computer Name: ACME-005",,"User Account Management",user,,,20,13,3,february,43,thursday,2020,local,"ACME-005",,,,,,,,,false,,,,"Domain_C","ACME-005",,untrust,,false,false,false,,"ACME-005",,,,,,,,,false,,,,"ACME-005 ",,untrust,,false,false,false,,784516074,"windows_account_lockout windows_account_management wineventlog_security wineventlog_windows winsec","ACME-005 ",784516074,,main,,,,23,,,"user_e
user_f","Domain_C\user_e
Domain_C\user_f","Domain_C\","locked out","A user account was locked out",,WinEventLog,user,,,,,,,Windows,,,"//_::__=_=___.=_=_==-_=__=_==_=_____._:_t_:_\_t_:_",,,lockout,0x0452,informational,0,,,"A user account was locked out",4740,"WinEventLog:Security",WinEventLog,"prd-p-g7nxxbgc3hgl",,,,,,,,,,,,,,,"Domain_C\user_e
Domain_C","ACME-005",,,,,,,,,"user_e",,,,,,,,,,,,,,,,,false,,,,,success,,"A user account was locked out",failure,"Account Management",,"account
change
lock
lockout
management
os
security
windows",,,,,,,,,"account
change
lock
lockout
management
os
security
windows",,,,,,,,,,,,,,,22,0,,"user_f",,,,,,,,,,,,,,,,,,,false,,,,,Microsoft,,
,"Domain_D
Domain_D",,"BUSDEV-008
parasemprebeld",,"Server_D.com",,,,,,,,,,,,,,,,,,,,,"BUSDEV-008",,,,,,,,,"-",4648,"A logon was attempted using explicit credentials",0,,,,,,,,,,,,,,,,,"Audit Success",,,,,Security,,,"{27C4A2F2-13CA-AA25-E903-D31268740239}
{221B21A6-1AE2-3F9A-24EF-22C392AC2A47}",,0x70E4,,,,,,,,,"A logon was attempted using explicit credentials.
Subject:
	Security ID:  Domain_D\SYSTEM
	Account Name:  BUSDEV-008
	Account Domain:  Domain_D
	Logon ID:  0x70E4
	Logon GUID:		{27C4A2F2-13CA-AA25-E903-D31268740239}
Account Whose Credentials Were Used:
	Account Name:		parasemprebeld
	Account Domain:		Domain_D
	Logon GUID:		{221B21A6-1AE2-3F9A-24EF-22C392AC2A47}
Target Server:
	Target Server Name:	Server_D.com
	Additional Information:	Server_D.com
Process Information:
	Process ID:		EE3F
	Process Name:		C:\Windows\System32\example_d.exe
Network Information:
	Network Address:	115.21.149.47
	Port:			53896
This event is generated when a process attempts to log on an account by explicitly specifying that account's credentials. This most commonly occurs in batch-type configurations such as scheduled tasks, or when using the RUNAS command.",,,,,,"115.21.149.47",,,,,,,,,Info,,,,,,53896,,,,,,EE3F,"C:\Windows\System32\example_d.exe",,,155131298,,,,,,"Domain_D\SYSTEM",,,"Microsoft Windows security auditing.",,,,,,,,,,,,,,,,,"Server_D.com",,Logon,,,,,Information,,,,,,,,,,,,"02/13/2020 08:03:43 PM
LogName=Security
SourceName=Microsoft Windows security auditing.
EventCode=4648
EventType=0
Type=Information
ComputerName=BUSDEV-008
TaskCategory=Logon
OpCode=Info
RecordNumber=155131298
Keywords=Audit Success
Message=A logon was attempted using explicit credentials.
Subject:
	Security ID:  Domain_D\SYSTEM
	Account Name:  BUSDEV-008
	Account Domain:  Domain_D
	Logon ID:  0x70E4
	Logon GUID:		{27C4A2F2-13CA-AA25-E903-D31268740239}
Account Whose Credentials Were Used:
	Account Name:		parasemprebeld
	Account Domain:		Domain_D
	Logon GUID:		{221B21A6-1AE2-3F9A-24EF-22C392AC2A47}
Target Server:
	Target Server Name:	Server_D.com
	Additional Information:	Server_D.com
Process Information:
	Process ID:		EE3F
	Process Name:		C:\Windows\System32\example_d.exe
Network Information:
	Network Address:	115.21.149.47
	Port:			53896
This event is generated when a process attempts to log on an account by explicitly specifying that account's credentials. This most commonly occurs in batch-type configurations such as scheduled tasks, or when using the RUNAS command.
","2020-02-13T20:03:43.000+0000",success,"win:remote","A logon was attempted using explicit credentials.
Subject:
	Security ID:  Domain_D\SYSTEM
	Account Name:  BUSDEV-008
	Account Domain:  Domain_D
	Logon ID:  0x70E4
	Logon GUID:		{27C4A2F2-13CA-AA25-E903-D31268740239}
Account Whose Credentials Were Used:
	Account Name:		parasemprebeld
	Account Domain:		Domain_D
	Logon GUID:		{221B21A6-1AE2-3F9A-24EF-22C392AC2A47}
Target Server:
	Target Server Name:	Server_D.com
	Additional Information:	Server_D.com
Process Information:
	Process ID:		EE3F
	Process Name:		C:\Windows\System32\example_d.exe
Network Information:
	Network Address:	115.21.149.47
	Port:			53896
This event is generated when a process attempts to log on an account by explicitly specifying that account's credentials. This most commonly occurs in batch-type configurations such as scheduled tasks, or when using the RUNAS command.",,Logon,,,,20,13,3,february,43,thursday,2020,local,"Server_D.com",,,,,,,,,false,,,,"Domain_D","Server_D.com",,untrust,,false,false,false,,"BUSDEV-008",,,,,,,,,false,,,,"BUSDEV-008",,untrust,,false,false,false,,155131298,"windows_logon_explicit wineventlog_security wineventlog_windows winsec","BUSDEV-008",155131298,,main,,,,33,,,"BUSDEV-008
parasemprebeld","Domain_D\SYSTEM","Domain_D\",,"A logon was attempted using explicit credentials",,WinEventLog,,,,,,,,Windows,,,"//_::_==___.====-====_=______.:t_:__\t_:__-t_:__t_",,,,0x70E4,informational,0,,,"A logon was attempted using explicit credentials",4648,"WinEventLog:Security",WinEventLog,"prd-p-g7nxxbgc3hgl",,,,,,,,,,,,,,,"Domain_D",,,,,,,,,,"BUSDEV-008",,,,,,,,,,,,,,,,,false,,,,,success,,"A logon was attempted using explicit credentials",failure,,,"authentication
os
privileged
remote
security
success
windows",,,,success,remote,,,,"authentication
os
privileged
security
windows",,,,,,,,,,,,,,,22,0,,parasemprebeld,,,,,,,,,,,,,,,,,,,false,,,,,Microsoft,,
,"Domain_C
Domain_C",,"user_h
user_j",,,,,,,,,,,,,,,"Account Management",,,,,,,,"BUSDEV-001",,,,,,,,,"-",4743,"A computer account was deleted",0,,,,,,,,,,,,,,,,,"Audit Success",,,,,Security,,,,,0xA19C,,,,,,,,,"A computer account was deleted.

Subject:
	Security ID:		Domain_C\user_h
	Account Name:		user_h
	Account Domain:		Domain_C
	Logon ID:		0xA19C

Target Computer:
	Security ID:		Domain_C\user_j
	Account Name:		user_j
	Account Domain:		Domain_C

Additional Information:
	Privileges:	-",,,,,,,,,,,,,,,Info,,,,,,,,,,,"-",,,,,853459447,,,,,,"Domain_C\user_h
Domain_C\user_j",,,"Microsoft Windows security auditing.",,,,,,,,,,,,,,,,,,,"Computer Account Management",,,,,Information,,,,,,,,,,,,"02/13/2020 08:03:42 PM
LogName=Security
SourceName=Microsoft Windows security auditing.
EventCode=4743
EventType=0
Type=Information
ComputerName=BUSDEV-001
TaskCategory=Computer Account Management
OpCode=Info
RecordNumber=853459447
Keywords=Audit Success
Message=A computer account was deleted.

