Subject:
	Security ID:		Domain_A\user_i
	Account Name:		user_i
	Account Domain:		Domain_A
	Logon ID:		0x5F25
Process Information:
	New Process ID:		0xC44A
	New Process Name:	C:\Windows\System32\example_f.exe
	Token Elevation Type:	TokenElevationTypeFull (2)
	Creator Process ID:	0x12C7
Token Elevation Type indicates the type of token that was assigned to the new process in accordance with User Account Control policy.
Type 1 is a full token with no privileges removed or groups disabled.  A full token is only used if User Account Control is disabled or if the User is the built-in Administrator account or a service account.
Type 2 is an elevated token with no privileges removed or groups disabled.  An elevated token is used when User Account Control is enabled and the User chooses to start the program using Run as administrator.  An elevated token is also used when an application is configured to always require administrative privilege or to always require maximum privilege, and the User is a member of the Administrators group.
Type 3 is a limited token with administrative privileges removed and administrative groups disabled.  The limited token is used when User Account Control is enabled, the application does not require administrative privilege, and the User does not choose to start the program using Run as administrator.",,"Process Creation",,,,20,13,4,february,5,thursday,2020,local,"$SPLUNK_HOME/etc/apps/Splunk_TA_windows/samples/hostname.sample",,,,,,,,,false,,,,"Domain_A","$SPLUNK_HOME/etc/apps/Splunk_TA_windows/samples/hostname.sample",,untrust,,false,false,false,,"$SPLUNK_HOME/etc/apps/Splunk_TA_windows/samples/hostname.sample",,,,,,,,,false,,,,"$SPLUNK_HOME/etc/apps/Splunk_TA_windows/samples/hostname.sample",,untrust,,false,false,false,,96636118,"windows_process_new wineventlog_security wineventlog_windows winsec","$SPLUNK_HOME/etc/apps/Splunk_TA_windows/samples/hostname.sample",96636118,,main,,,,27,,,"user_i","Domain_A\user_i","Domain_A\",,"A new process has been created",,WinEventLog,,,,,,,,Windows,,,"//_::_==___.====$/////.=_===_=_____.:t_:tt\t_:ttt_",,,,0x5F25,informational,0,,,"A new process has been created",4688,"WinEventLog:Security",WinEventLog,"prd-p-g7nxxbgc3hgl",,,,,,,,,,,,,,,"Domain_A",,,,,,,,,,,,,,,,,,,,,,,,,,,,,,,,success,,"A new process has been created",failure,,,"execute
os
privileged
process
security
start
success
windows",,,privileged,success,,,,,"execute
os
process
security
start
windows",,,,,,,,,,,,,,,22,0,,"user_i",,,,,,,,,,,,,,,,,,,false,,,,,Microsoft,,
,"Domain_A",,"user_g",,,,,,,,,,,,,,,,,,,,,,,"SE-005",,,,,,,,,"-",4689,"A process has exited",0,0x7A8D8D,,,,,,,,,,,,,,,,"Audit Success",,,,,Security,,,,,0xEB5F,,,,,,,,,"A process has exited.

Subject:
	Security ID:		Domain_A\user_g
	Account Name:		user_g
	Account Domain:		Domain_A
	Logon ID:		0xEB5F

Process Information:
	Process ID:	0x6E72
	Process Name:	C:\Windows\System32\example_f.exe
	Exit Status:	0x7A8D8D",,,,,,,,,,,,,,,Info,,,,,,,,,,,,0x6E72,"C:\Windows\System32\example_f.exe",,,977167135,,,,,,"Domain_A\user_g",,,"Microsoft Windows security auditing.",,,,,,,,,,,,,,,,,,,"Process Termination",,,,,Information,,,,,,,,,,,,"02/13/2020 08:04:04 PM
LogName=Security
SourceName=Microsoft Windows security auditing.
EventCode=4689
EventType=0
Type=Information
ComputerName=SE-005
TaskCategory=Process Termination
OpCode=Info
RecordNumber=977167135
Keywords=Audit Success
Message=A process has exited.

Subject:
	Security ID:		Domain_A\user_g
	Account Name:		user_g
	Account Domain:		Domain_A
	Logon ID:		0xEB5F

Process Information:
	Process ID:	0x6E72
	Process Name:	C:\Windows\System32\example_f.exe
	Exit Status:	0x7A8D8D
","2020-02-13T20:04:04.000+0000",success,"win:unknown","A process has exited.

Subject:
	Security ID:		Domain_A\user_g
	Account Name:		user_g
	Account Domain:		Domain_A
	Logon ID:		0xEB5F

Process Information:
	Process ID:	0x6E72
	Process Name:	C:\Windows\System32\example_f.exe
	Exit Status:	0x7A8D8D",,"Process Termination",,,,20,13,4,february,4,thursday,2020,local,"SE-005",,,,,,,,,false,,,,"Domain_A","SE-005",,untrust,,false,false,false,,"SE-005",,,,,,,,,false,,,,"SE-005",,untrust,,false,false,false,,977167135,"windows_process_exit wineventlog_security wineventlog_windows winsec","SE-005",977167135,,main,,,,24,,,"user_g","Domain_A\user_g","Domain_A\",,"A process has exited",,WinEventLog,,,,,,,,Windows,,,"//_::_==___.====-=_===_=___.:t_:tt\t_:ttt_:ttt_:tt",,,,0xEB5F,informational,0,,,"A process has exited",4689,"WinEventLog:Security",WinEventLog,"prd-p-g7nxxbgc3hgl",,,,,,,,,,,,,,,"Domain_A",,,,,,,,,,,,,,,,,,,,,,,,,,,,,,,,success,,"A process has exited",failure,,,"execute
os
process
security
stop
success
windows",,,,success,,,,,"execute
os
process
security
stop
windows",,,,,,,,,,,,,,,22,0,,"user_g",,,,,,,,,,,,,,,,,,,false,,,,,Microsoft,,
,"Domain_A",,"user_j",,,,,,,,,,,,,,,,,,,,,,,"SE-006",,,,,,,,,"-",4672,"Special privileges assigned to new logon",0,,,,,,,,,,,,,,,,,"Audit Success",,,,,Security,,,,,0xB111,,,,,,,,,"Special privileges assigned to new logon.
Subject:
	Security ID:		Domain_A\user_j
	Account Name:		user_j
	Account Domain:		Domain_A
	Logon ID:		0xB111
Privileges:	SeSecurityPrivilege
			SeTakeOwnershipPrivilege
			SeLoadDriverPrivilege
			SeBackupPrivilege
			SeRestorePrivilege
			SeDebugPrivilege
			SeSystemEnvironmentPrivilege
			SeImpersonatePrivilege",,,,,,,,,,,,,,,Info,,,,,,,,,,,SeSecurityPrivilege,,,,,84331956,,,,,,"Domain_A\user_j",,,"Microsoft Windows security auditing.",,,,,,,,,,,,,,,,,,,"Special Logon",,,,,Information,,,,,,,,,,,,"02/13/2020 08:04:03 PM
LogName=Security
SourceName=Microsoft Windows security auditing.
EventCode=4672
EventType=0
Type=Information
ComputerName=SE-006
TaskCategory=Special Logon
OpCode=Info
RecordNumber=84331956
Keywords=Audit Success
Message=Special privileges assigned to new logon.
Subject:
	Security ID:		Domain_A\user_j
	Account Name:		user_j
	Account Domain:		Domain_A
	Logon ID:		0xB111
Privileges:	SeSecurityPrivilege
			SeTakeOwnershipPrivilege
			SeLoadDriverPrivilege
			SeBackupPrivilege
			SeRestorePrivilege
			SeDebugPrivilege
			SeSystemEnvironmentPrivilege
			SeImpersonatePrivilege
","2020-02-13T20:04:03.000+0000",success,"win:unknown","Special privileges assigned to new logon.
Subject:
	Security ID:		Domain_A\user_j
	Account Name:		user_j
	Account Domain:		Domain_A
	Logon ID:		0xB111
Privileges:	SeSecurityPrivilege
			SeTakeOwnershipPrivilege
			SeLoadDriverPrivilege
			SeBackupPrivilege
			SeRestorePrivilege
			SeDebugPrivilege
			SeSystemEnvironmentPrivilege
			SeImpersonatePrivilege",,"Special Logon",,,,20,13,4,february,3,thursday,2020,local,"SE-006",,,,,,,,,false,,,,"Domain_A","SE-006",,untrust,,false,false,false,,"SE-006",,,,,,,,,false,,,,"SE-006",,untrust,,false,false,false,,84331956,"windows_special_privileges wineventlog_security wineventlog_windows winsec","SE-006",84331956,,main,,,,26,,,"user_j","Domain_A\user_j","Domain_A\",,"Special privileges assigned to new logon",,WinEventLog,,,,,"Manage auditing and security log
Take ownership of files or other objects
Load and unload device drivers
Back up files and directories
Restore files and directories
Debug programs
Modify firmware environment values
Impersonate a Client After Authentication","SeSecurityPrivilege
SeTakeOwnershipPrivilege
SeLoadDriverPrivilege
SeBackupPrivilege
SeRestorePrivilege
SeDebugPrivilege
SeSystemEnvironmentPrivilege
SeImpersonatePrivilege",,Windows,,,"//_::_==___.====-=_===_=_____.:t_:tt\t_:ttt_:ttt_:",,,,0xB111,informational,0,,,"Special privileges assigned to new logon",4672,"WinEventLog:Security",WinEventLog,"prd-p-g7nxxbgc3hgl",,,,,,,,,,,,,,,"Domain_A",,,,,,,,,,,,,,,,,,,,,,,,,,,,,,,,success,,"Special privileges assigned to new logon",failure,,,"audit
authentication
os
privileged
security
success
windows",,,,success,,,,,"authentication
os
privileged
security
windows",,audit,,,,,,,,,,,,,22,0,,"user_j",,,,,,,,,,,,,,,,,,,false,,,,,Microsoft,"SeSecurityPrivilege
			SeTakeOwnershipPrivilege
			SeLoadDriverPrivilege
			SeBackupPrivilege
			SeRestorePrivilege
			SeDebugPrivilege
			SeSystemEnvironmentPrivilege
			SeImpersonatePrivilege",
SeInteractiveLogonRight,"Domain_D",,"PROD-MFS-004
Domain_D\user_l",,,,,,,,,,,,,,,,,,,,,,,"PROD-MFS-004",,,,,,,,,"-",4717,"System security access was granted to an account",0,,,,,,,,,,,,,,,,,"Audit Success",,,,,Security,,,,,0xAB37,,,,,,,,,"System security access was granted to an account.

Subject:
	Security ID:		Domain_D\SYSTEM
	Account Name:		PROD-MFS-004
	Account Domain:		Domain_D
	Logon ID:		0xAB37

Account Modified:
	Account Name:		Domain_D\user_l

Access Granted:
	Access Right:		SeInteractiveLogonRight",,,,,,,,,,,,,,,Info,,,,,,,,,,,,,,,,194824196,,,,,,"Domain_D\SYSTEM",,,"Microsoft Windows security auditing.",,,,,,,,,,,,,,,,,,,"Authentication Policy Change",,,,,Information,,,,,,,,,,,,"02/13/2020 08:04:03 PM
LogName=Security
SourceName=Microsoft Windows security auditing.
EventCode=4717
EventType=0
Type=Information
ComputerName=PROD-MFS-004
TaskCategory=Authentication Policy Change
OpCode=Info
RecordNumber=194824196
Keywords=Audit Success
Message=System security access was granted to an account.

Subject:
	Security ID:		Domain_D\SYSTEM
	Account Name:		PROD-MFS-004
	Account Domain:		Domain_D
	Logon ID:		0xAB37

Account Modified:
	Account Name:		Domain_D\user_l

Access Granted:
	Access Right:		SeInteractiveLogonRight
","2020-02-13T20:04:03.000+0000",success,"win:unknown","System security access was granted to an account.

Subject:
	Security ID:		Domain_D\SYSTEM
	Account Name:		PROD-MFS-004
	Account Domain:		Domain_D
	Logon ID:		0xAB37

Account Modified:
	Account Name:		Domain_D\user_l

Access Granted:
	Access Right:		SeInteractiveLogonRight",,"Authentication Policy Change",,,,20,13,4,february,3,thursday,2020,local,"PROD-MFS-004",,,,,,,,,false,,,,"Domain_D","PROD-MFS-004",,untrust,,false,false,false,,"PROD-MFS-004",,,,,,,,,false,,,,"PROD-MFS-004",,untrust,,false,false,false,,194824196,"windows_security_access_granted wineventlog_security wineventlog_windows winsec","PROD-MFS-004",194824196,,main,,,,25,,,"PROD-MFS-004
Domain_D\user_l","Domain_D\SYSTEM","Domain_D\",,"System security access was granted to an account",,WinEventLog,,,,,,,,Windows,,,"//_::_==___.====--=__===_=_______.:t_:tt\t_:tt--t_",,,,0xAB37,informational,0,,,"System security access was granted to an account",4717,"WinEventLog:Security",WinEventLog,"prd-p-g7nxxbgc3hgl",,,,,,,,,,,,,,,"Domain_D",,,,,,,,,,"PROD-MFS-004",,,,,,,,,,,,,,,,,false,,,,,success,,"System security access was granted to an account",failure,,,"access
account
add
authorization
change
os
security
success
windows",,,,success,,,,,"access
account
add
authorization
change
os
security
windows",,,,,,,,,,,,,,,22,0,,"Domain_D\user_l",,,,,,,,,,,,,,,,,,,false,,,,,Microsoft,,
,"Domain_D",,"user_k",,,,,,,,,,,,,,,,,,,,,,,"HOST-006",,,,,,,,,"-",1102,"The audit log was cleared",4,,,,,,,,,,,,,,,,,"Audit Success",,,,,Security,,,,,0xBAC3,,,,,,,,,"The audit log was cleared.
Subject:
	Security ID:		Domain_D\user_k
	Account Name:		user_k
	Account Domain:		Domain_D
	Logon ID:		0xBAC3",,,,,,,,,,,,,,,Info,,,,,,,,,,,,,,,,297820461,,,,,,"Domain_D\user_k",,,"Microsoft-Windows-Eventlog",,,,,,,,,,,,,,,,,,,"Log clear",,,,,Information,,,,,,,,,,,,"02/13/2020 08:04:03 PM
LogName=Security
SourceName=Microsoft-Windows-Eventlog
EventCode=1102
EventType=4
Type=Information
ComputerName=HOST-006
TaskCategory=Log clear
OpCode=Info
RecordNumber=297820461
Keywords=Audit Success
Message=The audit log was cleared.
Subject:
	Security ID:		Domain_D\user_k
	Account Name:		user_k
	Account Domain:		Domain_D
	Logon ID:		0xBAC3
","2020-02-13T20:04:03.000+0000",cleared,"win:unknown","The audit log was cleared.
Subject:
	Security ID:		Domain_D\user_k
	Account Name:		user_k
	Account Domain:		Domain_D
	Logon ID:		0xBAC3",,"Log clear",audit,,,20,13,4,february,3,thursday,2020,local,"HOST-006",,,,,,,,,false,,,,"Domain_D","HOST-006",,untrust,,false,false,false,,"HOST-006",,,,,,,,,false,,,,"HOST-006",,untrust,,false,false,false,,297820461,"windows_audit_log_cleared wineventlog_security wineventlog_windows winsec","HOST-006",297820461,,main,,,,18,,,"user_k","Domain_D\user_k","Domain_D\",,"The audit log was cleared",,WinEventLog,audit,,,,,,,Windows,,,"//_::_==--====-=_===_=____.:t_:tt\t_:ttt_:ttt_:tt",,,,0xBAC3,informational,4,,,"The audit log was cleared",1102,"WinEventLog:Security",WinEventLog,"prd-p-g7nxxbgc3hgl",,,,,,,,,,,,,,,"Domain_D",,,,,,,,,,,,,,,,,,,,,,,,,,,,,,,,success,,"The audit log was cleared",failure,,,"audit
change
cleared
delete
endpoint
os
security
watchlist
windows",,,,,,,,,"audit
change
cleared
delete
endpoint
os
security
watchlist
windows",,,,,,,,,,,,,,,22,0,,"user_k",,,,,,,,,,,,,,,,,,,false,,,,,Microsoft,,
,"Domain_E",,"user_m",,,,,,,,,,,,,,,,,,,,,,,"ACME-001",,,,,,,,,"-",4689,"A process has exited",0,0xCCB884,,,,,,,,,,,,,,,,"Audit Success",,,,,Security,,,,,0x46BA,,,,,,,,,"A process has exited.

Subject:
	Security ID:		Domain_E\user_m
	Account Name:		user_m
	Account Domain:		Domain_E
	Logon ID:		0x46BA

Process Information:
	Process ID:	0xEB26
	Process Name:	C:\Windows\System32\example_g.exe
	Exit Status:	0xCCB884",,,,,,,,,,,,,,,Info,,,,,,,,,,,,0xEB26,"C:\Windows\System32\example_g.exe",,,886843242,,,,,,"Domain_E\user_m",,,"Microsoft Windows security auditing.",,,,,,,,,,,,,,,,,,,"Process Termination",,,,,Information,,,,,,,,,,,,"02/13/2020 08:04:02 PM
LogName=Security
SourceName=Microsoft Windows security auditing.
EventCode=4689
EventType=0
Type=Information
ComputerName=ACME-001
TaskCategory=Process Termination
OpCode=Info
RecordNumber=886843242
Keywords=Audit Success
Message=A process has exited.

Subject:
	Security ID:		Domain_E\user_m
	Account Name:		user_m
	Account Domain:		Domain_E
	Logon ID:		0x46BA

Process Information:
	Process ID:	0xEB26
	Process Name:	C:\Windows\System32\example_g.exe
	Exit Status:	0xCCB884
","2020-02-13T20:04:02.000+0000",success,"win:unknown","A process has exited.

Subject:
	Security ID:		Domain_E\user_m
	Account Name:		user_m
	Account Domain:		Domain_E
	Logon ID:		0x46BA

Process Information:
	Process ID:	0xEB26
	Process Name:	C:\Windows\System32\example_g.exe
	Exit Status:	0xCCB884",,"Process Termination",,,,20,13,4,february,2,thursday,2020,local,"ACME-001",,,,,,,,,false,,,,"Domain_E","ACME-001",,untrust,,false,false,false,,"ACME-001",,,,,,,,,false,,,,"ACME-001",,untrust,,false,false,false,,886843242,"windows_process_exit wineventlog_security wineventlog_windows winsec","ACME-001",886843242,,main,,,,24,,,"user_m","Domain_E\user_m","Domain_E\",,"A process has exited",,WinEventLog,,,,,,,,Windows,,,"//_::_==___.====-=_===_=___.:t_:tt\t_:ttt_:ttt_:tt",,,,0x46BA,informational,0,,,"A process has exited",4689,"WinEventLog:Security",WinEventLog,"prd-p-g7nxxbgc3hgl",,,,,,,,,,,,,,,"Domain_E",,,,,,,,,,,,,,,,,,,,,,,,,,,,,,,,success,,"A process has exited",failure,,,"execute
os
process
security
stop
success
windows",,,,success,,,,,"execute
os
process
security
stop
windows",,,,,,,,,,,,,,,22,0,,"user_m",,,,,,,,,,,,,,,,,,,false,,,,,Microsoft,,
,"Domain_A
Domain_A","2020-02-13 20:04:02 PM","user_f
user_k",,,,,"server_1/coumputer_a",,,,,,,,,,"Account Management",,,,,,,,"BUSDEV-008",,,fff,,,,,,"-",4720,"A user account was created",0,,,,,,,,"\a\e","A:",,,,,,,,"Audit Success",,,,,Security,,,,"Monday 2:00 PM -Tuesday 6:00 PM",0xA369,,,,"SAM Account Name: user_m
	Display Name: fff
	User Principal Name: -
	Home Directory: \a\e
	Home Drive: A:
	Script Path: \f
	Profile Path: <value not set>
	User Workstations: AAA
	Password Last Set: 2020-02-13 20:04:02 PM
	Account Expires: 2020-02-13 20:04:02 PM
	Primary Group ID: 809
	Allowed To Delegate To: server_1/coumputer_a
	Old UAC Value: 37ED288
	New UAC Value: 74DB94F
	User Account Control: SCRIPT - Enabled
	User Parameters: <value changed, but not displayed>
	SID History: Domain_a/aaa
	Logon Hours: Monday 2:00 PM -Tuesday 6:00 PM",,,,,"A User account was created. 
Subject: 
	Security ID: Domain_A\user_f
	Account Name: user_f
	Account Domain: Domain_A
	Logon ID: 0xA369
New Account: 
	Security ID: Domain_A\user_k
	Account Name: user_k
	Account Domain: Domain_A
Attributes: 
	SAM Account Name: user_m
	Display Name: fff
	User Principal Name: -
	Home Directory: \a\e
	Home Drive: A:
	Script Path: \f
	Profile Path: <value not set>
	User Workstations: AAA
	Password Last Set: 2020-02-13 20:04:02 PM
	Account Expires: 2020-02-13 20:04:02 PM
	Primary Group ID: 809
	Allowed To Delegate To: server_1/coumputer_a
	Old UAC Value: 37ED288
	New UAC Value: 74DB94F
	User Account Control: SCRIPT - Enabled
	User Parameters: <value changed, but not displayed>
	SID History: Domain_a/aaa
	Logon Hours: Monday 2:00 PM -Tuesday 6:00 PM
Additional Information:
	Privileges -",,,,,,,,,,,,74DB94F,,37ED288,Info,,,,"2020-02-13 20:04:02 PM",,,,809,,,,,,"<value not set>",,248861631,,,"user_m","Domain_a/aaa","\f","Domain_A\user_f
Domain_A\user_k",,,"Microsoft Windows security auditing.",,,,,,,,,,,,,,,,,,,"User Account Management",,,,,Information,,"SCRIPT - Enabled",,,"<value changed, but not displayed>","-",AAA,,,,,"02/13/2020 08:04:02 PM
LogName=Security
SourceName=Microsoft Windows security auditing.
EventCode=4720
EventType=0
Type=Information
ComputerName=BUSDEV-008
TaskCategory=User Account Management
OpCode=Info
RecordNumber=248861631
Keywords=Audit Success
Message=A User account was created. 
Subject: 
	Security ID: Domain_A\user_f
	Account Name: user_f
	Account Domain: Domain_A
	Logon ID: 0xA369
New Account: 
	Security ID: Domain_A\user_k
	Account Name: user_k
	Account Domain: Domain_A
Attributes: 
	SAM Account Name: user_m
	Display Name: fff
	User Principal Name: -
	Home Directory: \a\e
	Home Drive: A:
	Script Path: \f
	Profile Path: <value not set>
	User Workstations: AAA
	Password Last Set: 2020-02-13 20:04:02 PM
	Account Expires: 2020-02-13 20:04:02 PM
	Primary Group ID: 809
	Allowed To Delegate To: server_1/coumputer_a
	Old UAC Value: 37ED288
	New UAC Value: 74DB94F
	User Account Control: SCRIPT - Enabled
	User Parameters: <value changed, but not displayed>
	SID History: Domain_a/aaa
	Logon Hours: Monday 2:00 PM -Tuesday 6:00 PM
Additional Information:
	Privileges -
","2020-02-13T20:04:02.000+0000",created,"win:unknown","A User account was created. 
Subject: 
	Security ID: Domain_A\user_f
	Account Name: user_f
	Account Domain: Domain_A
	Logon ID: 0xA369
New Account: 
	Security ID: Domain_A\user_k
	Account Name: user_k
	Account Domain: Domain_A
Attributes: 
	SAM Account Name: user_m
	Display Name: fff
	User Principal Name: -
	Home Directory: \a\e
	Home Drive: A:
	Script Path: \f
	Profile Path: <value not set>
	User Workstations: AAA
	Password Last Set: 2020-02-13 20:04:02 PM
	Account Expires: 2020-02-13 20:04:02 PM
	Primary Group ID: 809
	Allowed To Delegate To: server_1/coumputer_a
	Old UAC Value: 37ED288
	New UAC Value: 74DB94F
	User Account Control: SCRIPT - Enabled
	User Parameters: <value changed, but not displayed>
	SID History: Domain_a/aaa
	Logon Hours: Monday 2:00 PM -Tuesday 6:00 PM
Additional Information:
	Privileges -",,"User Account Management",user,,,20,13,4,february,2,thursday,2020,local,"BUSDEV-008",,,,,,,,,false,,,,"Domain_A","BUSDEV-008",,untrust,,false,false,false,,"BUSDEV-008",,,,,,,,,false,,,,"BUSDEV-008",,untrust,,false,false,false,,248861631,"windows_account_created windows_account_management wineventlog_security wineventlog_windows winsec","BUSDEV-008",248861631,,main,,,,43,,,"user_f
user_k","Domain_A\user_f
Domain_A\user_k","Domain_A\",,"A user account was created",,WinEventLog,user,,,,,,,Windows,,,"//_::_==___.====-=__===_=____._:_t_:_\t_:_t_:_t_:_",,,,0xA369,informational,0,,,"A user account was created",4720,"WinEventLog:Security",WinEventLog,"prd-p-g7nxxbgc3hgl",,,,,,,,,,,,,,,"Domain_A",,,,,,,,,,"user_f",,,,,,,,,,,,,,,,,false,,,,,success,,"A user account was created",failure,"Account Management",,"account
add
change
management
os
security
windows",,,,,,,,,"account
add
change
management
os
security
windows",,,,,,,,,,,,,,,22,0,,"user_k",,,,,,809,,,,,,,,,,,,,false,,,,,Microsoft,,
,"Domain_D",,"user_b
user_j",,,,,,,,"ACME-001",,,,,,,"Account Management",,,,,,,,"ACME-001",,,,,,,,,"-",4740,"A user account was locked out",0,,,,,,,,,,,,,,,,,"Audit Success",,,,,Security,,,,,0x3A81,,,,,,,,,"A user account was locked out. 
Subject: 
	Security ID: Domain_D\user_b 
	Account Name: user_b
	Account Domain: Domain_D
	Logon ID: 0x3A81
Account That Was Locked Out: 
	Security ID: Domain_D\user_j 
	Account Name: user_j
Additional Information: 
	Caller Computer Name: ACME-001",,,,,,,,,,,,,,,Info,,,,,,,,,,,,,,,,888516287,,,,,,"Domain_D\user_b
Domain_D\user_j",,,"Microsoft Windows security auditing.",,,,,,,,,,,,,,,,,,,"User Account Management",,,,,Information,,,,,,,,,,,,"02/13/2020 08:04:02 PM 
LogName=Security 
SourceName=Microsoft Windows security auditing.
EventCode=4740 
EventType=0 
Type=Information
ComputerName=ACME-001 
TaskCategory=User Account Management
OpCode=Info 
RecordNumber=888516287
Keywords=Audit Success
Message=A user account was locked out. 
Subject: 
	Security ID: Domain_D\user_b 
	Account Name: user_b
	Account Domain: Domain_D
	Logon ID: 0x3A81
Account That Was Locked Out: 
	Security ID: Domain_D\user_j 
	Account Name: user_j
Additional Information: 
	Caller Computer Name: ACME-001
","2020-02-13T20:04:02.000+0000",modified,"win:unknown","A user account was locked out. 
Subject: 
	Security ID: Domain_D\user_b 
	Account Name: user_b
	Account Domain: Domain_D
	Logon ID: 0x3A81
Account That Was Locked Out: 
	Security ID: Domain_D\user_j 
	Account Name: user_j
Additional Information: 
	Caller Computer Name: ACME-001",,"User Account Management",user,,,20,13,4,february,2,thursday,2020,local,"ACME-001",,,,,,,,,false,,,,"Domain_D","ACME-001",,untrust,,false,false,false,,"ACME-001",,,,,,,,,false,,,,"ACME-001 ",,untrust,,false,false,false,,888516287,"windows_account_lockout windows_account_management wineventlog_security wineventlog_windows winsec","ACME-001 ",888516287,,main,,,,23,,,"user_b
user_j","Domain_D\user_b
Domain_D\user_j","Domain_D\","locked out","A user account was locked out",,WinEventLog,user,,,,,,,Windows,,,"//_::__=_=___.=_=_==-_=__=_==_=_____._:_t_:_\_t_:_",,,lockout,0x3A81,informational,0,,,"A user account was locked out",4740,"WinEventLog:Security",WinEventLog,"prd-p-g7nxxbgc3hgl",,,,,,,,,,,,,,,"Domain_D\user_b
Domain_D","ACME-001",,,,,,,,,"user_b",,,,,,,,,,,,,,,,,false,,,,,success,,"A user account was locked out",failure,"Account Management",,"account
change
lock
lockout
management
os
security
windows",,,,,,,,,"account
change
lock
lockout
management
os
security
windows",,,,,,,,,,,,,,,22,0,,"user_j",,,,,,,,,,,,,,,,,,,false,,,,,Microsoft,,
,"Domain_D
Domain_D",,"BUSDEV-006
user_n",,,,,,,Kerberos,,,,,,,,,,,,,,,,"BUSDEV-006",,,,,,,,No,"-",4624,"An account was successfully logged on",0,,,,,,,,,,,Impersonation,,,0,,,"Audit Success",5721,,,,Security,,,"{27C4A2F2-13CA-AA25-E903-D31268740239}",,"0x70E4
0x4D76",Winlogon,6,,,,,,,"An account was successfully logged on.

Subject:
 Security ID:  Domain_D\SYSTEM
 Account Name:  BUSDEV-006
 Account Domain:  Domain_D
 Logon ID:  0x70E4

Logon Information:
 Logon Type:  6
 Restricted Admin Mode: Yes
 Virtual Account:  No
 Elevated Token:  No

Impersonation Level:  Impersonation

New Logon:
 Security ID:  Domain_D\user_n
 Account Name:  user_n
 Account Domain:  Domain_D
 Logon ID:  0x4D76
 Linked Logon ID:  5721
 Network Account Name: -
 Network Account Domain: Domain_C
 Logon GUID:  {27C4A2F2-13CA-AA25-E903-D31268740239}

Process Information:
 Process ID:  0x39FE
 Process Name:  C:\Windows\System32\example_g.exe

Network Information:
 Workstation Name: BUSDEV-006
 Source Network Address: -
 Source Port:  37330

Detailed Authentication Information:
 Logon Process:  Winlogon 
 Authentication Package: Kerberos
 Transited Services: service_A
 Package Name (NTLM only): -
 Key Length:  0

This event is generated when a logon session is created. It is generated on the computer that was accessed.

The subject fields indicate the account on the local system which requested the logon. This is most commonly a service such as the Server service, or a local process such as C4B60.exe or C4B60.exe.

The logon type field indicates the kind of logon that occurred. The most common types are 2 (interactive) and 3 (network).

The New Logon fields indicate the account for whom the new logon was created, i.e. the account that was logged on.

The network fields indicate where a remote logon request originated. Workstation name is not always available and may be left blank in some cases.

The impersonation level field indicates the extent to which a process in the logon session can impersonate.

The authentication information fields provide detailed information about this specific logon request.
 - Logon GUID is a unique identifier that can be used to correlate this event with a KDC event.
 - Transited services indicate which intermediate services have participated in this logon request.
 - Package name indicates which sub-protocol was used among the NTLM protocols.
 - Key length indicates the length of the generated session key. This will be 0 if no session key was requested.",,,,"Domain_C","-",,,,,,,,,,Info,,"-",,,,,,,,,,0x39FE,"C:\Windows\System32\example_g.exe",,,816241214,Yes,,,,,"Domain_D\SYSTEM
Domain_D\user_n",,,"Microsoft Windows security auditing.","-",37330,,,,,,,,,,,,,,,,,Logon,,,,"service_A",Information,,,,,,,,No,,,"BUSDEV-006","02/13/2020 08:04:02 PM
LogName=Security
SourceName= Microsoft Windows security auditing.
EventCode=4624
EventType=0
Type=Information
ComputerName=BUSDEV-006
TaskCategory=Logon
OpCode=Info
RecordNumber=816241214
Keywords=Audit Success
Message=An account was successfully logged on.

Subject:
 Security ID:  Domain_D\SYSTEM
 Account Name:  BUSDEV-006
 Account Domain:  Domain_D
 Logon ID:  0x70E4

Logon Information:
 Logon Type:  6
 Restricted Admin Mode: Yes
 Virtual Account:  No
 Elevated Token:  No

Impersonation Level:  Impersonation

New Logon:
 Security ID:  Domain_D\user_n
 Account Name:  user_n
 Account Domain:  Domain_D
 Logon ID:  0x4D76
 Linked Logon ID:  5721
 Network Account Name: -
 Network Account Domain: Domain_C
 Logon GUID:  {27C4A2F2-13CA-AA25-E903-D31268740239}

Process Information:
 Process ID:  0x39FE
 Process Name:  C:\Windows\System32\example_g.exe

Network Information:
 Workstation Name: BUSDEV-006
 Source Network Address: -
 Source Port:  37330

Detailed Authentication Information:
 Logon Process:  Winlogon 
 Authentication Package: Kerberos
 Transited Services: service_A
 Package Name (NTLM only): -
 Key Length:  0

This event is generated when a logon session is created. It is generated on the computer that was accessed.

The subject fields indicate the account on the local system which requested the logon. This is most commonly a service such as the Server service, or a local process such as C4B60.exe or C4B60.exe.

The logon type field indicates the kind of logon that occurred. The most common types are 2 (interactive) and 3 (network).

The New Logon fields indicate the account for whom the new logon was created, i.e. the account that was logged on.

The network fields indicate where a remote logon request originated. Workstation name is not always available and may be left blank in some cases.

The impersonation level field indicates the extent to which a process in the logon session can impersonate.

The authentication information fields provide detailed information about this specific logon request.
 - Logon GUID is a unique identifier that can be used to correlate this event with a KDC event.
 - Transited services indicate which intermediate services have participated in this logon request.
 - Package name indicates which sub-protocol was used among the NTLM protocols.
 - Key length indicates the length of the generated session key. This will be 0 if no session key was requested.

","2020-02-13T20:04:02.000+0000",success,"win:local","An account was successfully logged on.

Subject:
 Security ID:  Domain_D\SYSTEM
 Account Name:  BUSDEV-006
 Account Domain:  Domain_D
 Logon ID:  0x70E4

Logon Information:
 Logon Type:  6
 Restricted Admin Mode: Yes
 Virtual Account:  No
 Elevated Token:  No

Impersonation Level:  Impersonation

New Logon:
 Security ID:  Domain_D\user_n
 Account Name:  user_n
 Account Domain:  Domain_D
 Logon ID:  0x4D76
 Linked Logon ID:  5721
 Network Account Name: -
 Network Account Domain: Domain_C
 Logon GUID:  {27C4A2F2-13CA-AA25-E903-D31268740239}

Process Information:
 Process ID:  0x39FE
 Process Name:  C:\Windows\System32\example_g.exe

Network Information:
 Workstation Name: BUSDEV-006
 Source Network Address: -
 Source Port:  37330

Detailed Authentication Information:
 Logon Process:  Winlogon 
 Authentication Package: Kerberos
 Transited Services: service_A
 Package Name (NTLM only): -
 Key Length:  0

This event is generated when a logon session is created. It is generated on the computer that was accessed.

The subject fields indicate the account on the local system which requested the logon. This is most commonly a service such as the Server service, or a local process such as C4B60.exe or C4B60.exe.

The logon type field indicates the kind of logon that occurred. The most common types are 2 (interactive) and 3 (network).

The New Logon fields indicate the account for whom the new logon was created, i.e. the account that was logged on.

The network fields indicate where a remote logon request originated. Workstation name is not always available and may be left blank in some cases.

The impersonation level field indicates the extent to which a process in the logon session can impersonate.

The authentication information fields provide detailed information about this specific logon request.
 - Logon GUID is a unique identifier that can be used to correlate this event with a KDC event.
 - Transited services indicate which intermediate services have participated in this logon request.
 - Package name indicates which sub-protocol was used among the NTLM protocols.
 - Key length indicates the length of the generated session key. This will be 0 if no session key was requested.",,Logon,,,,20,13,4,february,2,thursday,2020,local,"BUSDEV-006",,,,,,,,,false,,,,"Domain_D","BUSDEV-006",,untrust,,false,false,false,,"BUSDEV-006",,,,,,,,,false,,,,"BUSDEV-006",,untrust,,false,false,false,,816241214,"windows_logon_success wineventlog_security wineventlog_windows winsec","BUSDEV-006",816241214,,main,,,,72,,,"BUSDEV-006
user_n","Domain_D\SYSTEM
Domain_D\user_n","Domain_D\",,"An account was successfully logged on",,WinEventLog,,,,,,,0x39FE,Windows,,,"//_::_==____.====-====_=_____.:__:__\__:__-__:____",,,,0x4D76,informational,0,,,"An account was successfully logged on",4624,"WinEventLog:Security",WinEventLog,"prd-p-g7nxxbgc3hgl",,"BUSDEV-006",,,,,,,,,false,,,,"Domain_D","BUSDEV-006",,untrust,37330,,false,,false,false,"BUSDEV-006",,,,,,,,,,,,,,,,,false,,,,,success,,"An account was successfully logged on",failure,,,"authentication
local
os
security
success
windows",,,,success,local,,,,"authentication
os
security
windows",,,,,,,,,,,,,,,22,0,,"user_n",,,,,,,,,,,,,,,,,,,false,,,,,Microsoft,,
,"Domain_B",,"user_j",,,,,,,,,,,,,,,"Account Management","Password Policy modified",,,,,,,"SE-006",,,,,"-","Domain_B\","Domain_B",,"-",4739,"Domain Policy was changed",0,,,,"-",,,,,,,,,,,,,"Audit Success",,"-","-","-",Security,,,,,0xB111,,,,"Min. Password Age:	-
	Max. Password Age:	-
	Force Logoff:		-
	Lockout Threshold:	-
	Lockout Observation Window:	-
	Lockout Duration:	-
	Password Properties:	-
	Min. Password Length:	6
	Password History Length:	23
	Machine Account Quota:	-
	Mixed Domain Mode:	-
	Domain Behavior Version:	-
	OEM Information:	-","-","-",,,"Domain Policy was changed.

Change Type:		Password Policy modified

Subject:
	Security ID:  Domain_B\user_j
	Account Name:  user_j
	Account Domain:  Domain_B
	Logon ID:  0xB111

Domain:
	Domain Name:		Domain_B
	Domain ID:		Domain_B\

Changed Attributes:
	Min. Password Age:	-
	Max. Password Age:	-
	Force Logoff:		-
	Lockout Threshold:	-
	Lockout Observation Window:	-
	Lockout Duration:	-
	Password Properties:	-
	Min. Password Length:	6
	Password History Length:	23
	Machine Account Quota:	-
	Mixed Domain Mode:	-
	Domain Behavior Version:	-
	OEM Information:	-

Additional Information:
	Privileges:		-","-",6,"-",,,,,,,,,,"-",,Info,,,23,,"-",,,,,,"-",,,,,135194031,,,,,,"Domain_B\user_j",,,"Microsoft Windows security auditing.",,,,,,,,,,,,,,,,,,,"Authentication Policy Change",,,,,Information,,,,,,,,,,,,"02/13/2020 08:04:02 PM
LogName=Security
SourceName=Microsoft Windows security auditing.
EventCode=4739
EventType=0
Type=Information
ComputerName=SE-006
TaskCategory=Authentication Policy Change
OpCode=Info
RecordNumber=135194031
Keywords=Audit Success
Message=Domain Policy was changed.

Change Type:		Password Policy modified

Subject:
	Security ID:  Domain_B\user_j
	Account Name:  user_j
	Account Domain:  Domain_B
	Logon ID:  0xB111

Domain:
	Domain Name:		Domain_B
	Domain ID:		Domain_B\

Changed Attributes:
	Min. Password Age:	-
	Max. Password Age:	-
	Force Logoff:		-
	Lockout Threshold:	-
	Lockout Observation Window:	-
	Lockout Duration:	-
	Password Properties:	-
	Min. Password Length:	6
	Password History Length:	23
	Machine Account Quota:	-
	Mixed Domain Mode:	-
	Domain Behavior Version:	-
	OEM Information:	-

Additional Information:
	Privileges:		-
","2020-02-13T20:04:02.000+0000",success,"win:unknown","Domain Policy was changed.

Change Type:		Password Policy modified

Subject:
	Security ID:  Domain_B\user_j
	Account Name:  user_j
	Account Domain:  Domain_B
	Logon ID:  0xB111

Domain:
	Domain Name:		Domain_B
	Domain ID:		Domain_B\

Changed Attributes:
	Min. Password Age:	-
	Max. Password Age:	-
	Force Logoff:		-
	Lockout Threshold:	-
	Lockout Observation Window:	-
	Lockout Duration:	-
	Password Properties:	-
	Min. Password Length:	6
	Password History Length:	23
	Machine Account Quota:	-
	Mixed Domain Mode:	-
	Domain Behavior Version:	-
	OEM Information:	-

Additional Information:
	Privileges:		-",,"Authentication Policy Change",,,,20,13,4,february,2,thursday,2020,local,"SE-006",,,,,,,,,false,,,,"Domain_B","SE-006",,untrust,,false,false,false,,"SE-006",,,,,,,,,false,,,,"SE-006",,untrust,,false,false,false,,135194031,"windows_account_management windows_security_misconfiguration_password_minimum_length wineventlog_security wineventlog_windows winsec","SE-006",135194031,,main,,,,43,,,"user_j","Domain_B\user_j","Domain_B\",,"Domain Policy was changed",,WinEventLog,,,,,,"-",,Windows,,,"//_::_==___.====-=__===_=___._:tt__:t_:__\t_:__t_:",,,,0xB111,high,0,,,"Domain Policy was changed",4739,"WinEventLog:Security",WinEventLog,"prd-p-g7nxxbgc3hgl",,,,,,,,,,,,,,,"Domain_B",,,,,,,,,,,,,,,,,,,,,,,,,,,,,,,,success,,"Domain Policy was changed",failure,"Account Management",,"account
audit
change
management
misconfiguration
os
password
policy
report
security
success
vulnerability
windows",,,,success,,,,,"account
audit
change
management
misconfiguration
os
password
policy
report
security
vulnerability
windows",,,,,,,,,,,,,,,22,0,,"user_j",,,,,,,,,,,,,,,,,,,false,,,,,Microsoft,"-",
,"Domain_D
Domain_D",,"user_b
user_l",,,,,,,,,,,,,,,"Account Management",,,,,,,,"COREDEV-004",,,,,,,,,"-",4724,"An attempt was made to reset an accounts password",0,,,,,,,,,,,,,,,,,"Audit Success",,,,,Security,,,,,0x3A81,,,,,,,,,"An attempt was made to reset an account's password.
Subject:
	Security ID:  Domain_D\user_b
	Account Name:  user_b
	Account Domain:  Domain_D
	Logon ID:  0x3A81
Target Account:
	Security ID:  Domain_D\user_l
	Account Name:  user_l
	Account Domain:  Domain_D",,,,,,,,,,,,,,,Info,,,,,,,,,,,,,,,,807606239,,,,,,"Domain_D\user_b
Domain_D\user_l",,,"Microsoft Windows security auditing.",,,,,,,,,,,,,,,,,,,"User Account Management",,,,,Information,,,,,,,,,,,,"02/13/2020 08:04:02 PM
LogName=Security
SourceName=Microsoft Windows security auditing.
EventCode=4724
EventType=0
Type=Information
ComputerName=COREDEV-004
TaskCategory=User Account Management
OpCode=Info
RecordNumber=807606239
Keywords=Audit Success
Message=An attempt was made to reset an account's password.
Subject:
	Security ID:  Domain_D\user_b
	Account Name:  user_b
	Account Domain:  Domain_D
	Logon ID:  0x3A81
Target Account:
	Security ID:  Domain_D\user_l
	Account Name:  user_l
	Account Domain:  Domain_D
","2020-02-13T20:04:02.000+0000",modified,"win:unknown","An attempt was made to reset an account's password.
Subject:
	Security ID:  Domain_D\user_b
	Account Name:  user_b
	Account Domain:  Domain_D
	Logon ID:  0x3A81
Target Account:
	Security ID:  Domain_D\user_l
	Account Name:  user_l
	Account Domain:  Domain_D",,"User Account Management",user,,,20,13,4,february,2,thursday,2020,local,"COREDEV-004",,,,,,,,,false,,,,"Domain_D","COREDEV-004",,untrust,,false,false,false,,"COREDEV-004",,,,,,,,,false,,,,"COREDEV-004",,untrust,,false,false,false,,807606239,"windows_account_management windows_account_password_set wineventlog_security wineventlog_windows winsec","COREDEV-004",807606239,,main,,,,22,,,"user_b
user_l","Domain_D\user_b
Domain_D\user_l","Domain_D\","reset an account's password","An attempt was made to reset an accounts password",,WinEventLog,user,,,,,,,Windows,,,"//_::_==___.====-=__===_=_______'_.:t_:__\t_:__t_:",,,,0x3A81,informational,0,,,"An attempt was made to reset an accounts password",4724,"WinEventLog:Security",WinEventLog,"prd-p-g7nxxbgc3hgl",,,,,,,,,,,,,,,"Domain_D",,,,,,,,,,"user_b",,,,,,,,,,,,,,,,,false,,,,,success,,"An attempt was made to reset an accounts password",failure,"Account Management",,"account
change
management
modify
os
password
security
windows",,,,,,,,,"account
change
management
modify
os
password
security
windows",,,,,,,,,,,,,,,22,0,,"user_l",,,,,,,,,,,,,,,,,,,false,,,,,Microsoft,,
,"Domain_A
Domain_A","2020-02-13 20:04:02 PM","user_c
user_k",,,,"server_2/computer_b",,,,,,,,,,,"Account Management",,,,,,,,"COREDEV-006",,,bbb,,,,,,"-",4738,"A user account was changed",0,,,,,,,,"\a\e","B:",,,,,,,,"Audit Success",,,,,Security,,,,All,0x5FC9,,,,"SAM Account Name: user_f
 Display Name:  bbb
 User Principal Name: -
 Home Directory:  \a\e
 Home Drive:  B:
 Script Path:  \a
 Profile Path:  \a\b\c
 User Workstations: AAA
 Password Last Set: <never>
 Account Expires:  2020-02-13 20:04:02 PM
 Primary Group ID: 650
 AllowedToDelegateTo: server_2/computer_b
 Old UAC Value:  396F2BC
 New UAC Value:  DE4D1C1
 User Account Control: PASSWD_NOTREQD - Enabled
 User Parameters: <value changed, but not displayed>
 SID History:  Domain_a/aaa
 Logon Hours:  All",,,,,"A User account was changed.

Subject:
 Security ID:  Domain_A\user_c
 Account Name:  user_c
 Account Domain:  Domain_A
 Logon ID:  0x5FC9

Target Account:
 Security ID:  Domain_A\user_k
 Account Name:  user_k
 Account Domain:  Domain_A

Changed Attributes:
 SAM Account Name: user_f
 Display Name:  bbb
 User Principal Name: -
 Home Directory:  \a\e
 Home Drive:  B:
 Script Path:  \a
 Profile Path:  \a\b\c
 User Workstations: AAA
 Password Last Set: <never>
 Account Expires:  2020-02-13 20:04:02 PM
 Primary Group ID: 650
 AllowedToDelegateTo: server_2/computer_b
 Old UAC Value:  396F2BC
 New UAC Value:  DE4D1C1
 User Account Control: PASSWD_NOTREQD - Enabled
 User Parameters: <value changed, but not displayed>
 SID History:  Domain_a/aaa
 Logon Hours:  All

Additional Information:
 Privileges:  SeTcbPrivilege",,,,,,,,,,,,DE4D1C1,,396F2BC,Info,,,,"<never>",,,,650,,,SeTcbPrivilege,,,"\a\b\c",,296566389,,,"user_f","Domain_a/aaa","\a","Domain_A\user_c
Domain_A\user_k",,,"Microsoft Windows security auditing.",,,,,,,,,,,,,,,,,,,"User Account Management",,,,,Information,,"PASSWD_NOTREQD - Enabled",,,"<value changed, but not displayed>","-",AAA,,,,,"02/13/2020 08:04:02 PM
LogName=Security
SourceName=Microsoft Windows security auditing.
EventCode=4738
EventType=0
Type=Information
ComputerName=COREDEV-006
TaskCategory=User Account Management
OpCode=Info
RecordNumber=296566389
Keywords=Audit Success
Message=A User account was changed.

Subject:
 Security ID:  Domain_A\user_c
 Account Name:  user_c
 Account Domain:  Domain_A
 Logon ID:  0x5FC9

Target Account:
 Security ID:  Domain_A\user_k
 Account Name:  user_k
 Account Domain:  Domain_A

Changed Attributes:
 SAM Account Name: user_f
 Display Name:  bbb
 User Principal Name: -
 Home Directory:  \a\e
 Home Drive:  B:
 Script Path:  \a
 Profile Path:  \a\b\c
 User Workstations: AAA
 Password Last Set: <never>
 Account Expires:  2020-02-13 20:04:02 PM
 Primary Group ID: 650
 AllowedToDelegateTo: server_2/computer_b
 Old UAC Value:  396F2BC
 New UAC Value:  DE4D1C1
 User Account Control: PASSWD_NOTREQD - Enabled
 User Parameters: <value changed, but not displayed>
 SID History:  Domain_a/aaa
 Logon Hours:  All

Additional Information:
 Privileges:  SeTcbPrivilege
","2020-02-13T20:04:02.000+0000",modified,"win:unknown","A User account was changed.

Subject:
 Security ID:  Domain_A\user_c
 Account Name:  user_c
 Account Domain:  Domain_A
 Logon ID:  0x5FC9

Target Account:
 Security ID:  Domain_A\user_k
 Account Name:  user_k
 Account Domain:  Domain_A

Changed Attributes:
 SAM Account Name: user_f
 Display Name:  bbb
 User Principal Name: -
 Home Directory:  \a\e
 Home Drive:  B:
 Script Path:  \a
 Profile Path:  \a\b\c
 User Workstations: AAA
 Password Last Set: <never>
 Account Expires:  2020-02-13 20:04:02 PM
 Primary Group ID: 650
 AllowedToDelegateTo: server_2/computer_b
 Old UAC Value:  396F2BC
 New UAC Value:  DE4D1C1
 User Account Control: PASSWD_NOTREQD - Enabled
 User Parameters: <value changed, but not displayed>
 SID History:  Domain_a/aaa
 Logon Hours:  All

Additional Information:
 Privileges:  SeTcbPrivilege",,"User Account Management",user,,,20,13,4,february,2,thursday,2020,local,"COREDEV-006",,,,,,,,,false,,,,"Domain_A","COREDEV-006",,untrust,,false,false,false,,"COREDEV-006",,,,,,,,,false,,,,"COREDEV-006",,untrust,,false,false,false,,296566389,"windows_account_management windows_account_modified wineventlog_security wineventlog_windows winsec","COREDEV-006",296566389,,main,,,,47,,,"user_c
user_k","Domain_A\user_c
Domain_A\user_k","Domain_A\",,"A user account was changed",,WinEventLog,user,,,,"Act as part of the operating system",SeTcbPrivilege,,Windows,,,"//_::_==___.====-=__===_=____.:__:__\__:____:____:",,,,0x5FC9,informational,0,,,"A user account was changed",4738,"WinEventLog:Security",WinEventLog,"prd-p-g7nxxbgc3hgl",,,,,,,,,,,,,,,"Domain_A",,,,,,,,,,"user_c",,,,,,,,,,,,,,,,,false,,,,,success,,"A user account was changed",failure,"Account Management",,"account
change
management
modify
os
security
windows",,,,,,,,,"account
change
management
modify
os
security
windows",,,,,,,,,,,,,,,22,0,,"user_k",,,,,,650,,,,,,,,,,,,,false,,,,,Microsoft,SeTcbPrivilege,
,"Domain_C
Domain_C",,"HOST-006
user_g",,,,,,,Negotiate,,,,,,,,,,,,,,,,"HOST-006",,,,,,,,No,"-",4624,"An account was successfully logged on",0,,,,,,,,,,,Delegation,,,0,,,"Audit Success",EE6A,,,,Security,,,"{00000000-0000-0000-0000-000000000000}",,"0x70E4
0xEB5F",logonProcess1,7,,,,,,,"An account was successfully logged on.

Subject:
 Security ID:  Domain_C\SYSTEM
 Account Name:  HOST-006
 Account Domain:  Domain_C
 Logon ID:  0x70E4

Logon Information:
 Logon Type:  7
 Restricted Admin Mode: -
 Virtual Account:  Yes
 Elevated Token:  No

Impersonation Level:  Delegation

New Logon:
 Security ID:  Domain_C\user_g
 Account Name:  user_g
 Account Domain:  Domain_C
 Logon ID:  0xEB5F
 Linked Logon ID:  EE6A
 Network Account Name: user_l
 Network Account Domain: Domain_E
 Logon GUID:  {00000000-0000-0000-0000-000000000000}

Process Information:
 Process ID:  0x56A9
 Process Name:  C:\Windows\System32\example_c.exe

Network Information:
 Workstation Name: HOST-006
 Source Network Address: -
 Source Port:  26946

Detailed Authentication Information:
 Logon Process:  logonProcess1 
 Authentication Package: Negotiate
 Transited Services: service_B
 Package Name (NTLM only): -
 Key Length:  0

This event is generated when a logon session is created. It is generated on the computer that was accessed.

The subject fields indicate the account on the local system which requested the logon. This is most commonly a service such as the Server service, or a local process such as B7826.exe or B7826.exe.

The logon type field indicates the kind of logon that occurred. The most common types are 2 (interactive) and 3 (network).

The New Logon fields indicate the account for whom the new logon was created, i.e. the account that was logged on.

The network fields indicate where a remote logon request originated. Workstation name is not always available and may be left blank in some cases.

The impersonation level field indicates the extent to which a process in the logon session can impersonate.

The authentication information fields provide detailed information about this specific logon request.
 - Logon GUID is a unique identifier that can be used to correlate this event with a KDC event.
 - Transited services indicate which intermediate services have participated in this logon request.
 - Package name indicates which sub-protocol was used among the NTLM protocols.
 - Key length indicates the length of the generated session key. This will be 0 if no session key was requested.",,,,"Domain_E","user_l",,,,,,,,,,Info,,"-",,,,,,,,,,0x56A9,"C:\Windows\System32\example_c.exe",,,237871323,"-",,,,,"Domain_C\SYSTEM
Domain_C\user_g",,,"Microsoft Windows security auditing.","-",26946,,,,,,,,,,,,,,,,,Logon,,,,"service_B",Information,,,,,,,,Yes,,,"HOST-006","02/13/2020 08:04:02 PM
LogName=Security
SourceName= Microsoft Windows security auditing.
EventCode=4624
EventType=0
Type=Information
ComputerName=HOST-006
TaskCategory=Logon
OpCode=Info
RecordNumber=237871323
Keywords=Audit Success
Message=An account was successfully logged on.

Subject:
 Security ID:  Domain_C\SYSTEM
 Account Name:  HOST-006
 Account Domain:  Domain_C
 Logon ID:  0x70E4

Logon Information:
 Logon Type:  7
 Restricted Admin Mode: -
 Virtual Account:  Yes
 Elevated Token:  No

Impersonation Level:  Delegation

New Logon:
 Security ID:  Domain_C\user_g
 Account Name:  user_g
 Account Domain:  Domain_C
 Logon ID:  0xEB5F
 Linked Logon ID:  EE6A
 Network Account Name: user_l
 Network Account Domain: Domain_E
 Logon GUID:  {00000000-0000-0000-0000-000000000000}

Process Information:
 Process ID:  0x56A9
 Process Name:  C:\Windows\System32\example_c.exe

Network Information:
 Workstation Name: HOST-006
 Source Network Address: -
 Source Port:  26946

Detailed Authentication Information:
 Logon Process:  logonProcess1 
 Authentication Package: Negotiate
 Transited Services: service_B
 Package Name (NTLM only): -
 Key Length:  0

This event is generated when a logon session is created. It is generated on the computer that was accessed.

The subject fields indicate the account on the local system which requested the logon. This is most commonly a service such as the Server service, or a local process such as B7826.exe or B7826.exe.

The logon type field indicates the kind of logon that occurred. The most common types are 2 (interactive) and 3 (network).

The New Logon fields indicate the account for whom the new logon was created, i.e. the account that was logged on.

The network fields indicate where a remote logon request originated. Workstation name is not always available and may be left blank in some cases.

The impersonation level field indicates the extent to which a process in the logon session can impersonate.

The authentication information fields provide detailed information about this specific logon request.
 - Logon GUID is a unique identifier that can be used to correlate this event with a KDC event.
 - Transited services indicate which intermediate services have participated in this logon request.
 - Package name indicates which sub-protocol was used among the NTLM protocols.
 - Key length indicates the length of the generated session key. This will be 0 if no session key was requested.

","2020-02-13T20:04:02.000+0000",success,"win:local","An account was successfully logged on.

Subject:
 Security ID:  Domain_C\SYSTEM
 Account Name:  HOST-006
 Account Domain:  Domain_C
 Logon ID:  0x70E4

Logon Information:
 Logon Type:  7
 Restricted Admin Mode: -
 Virtual Account:  Yes
 Elevated Token:  No

Impersonation Level:  Delegation

New Logon:
 Security ID:  Domain_C\user_g
 Account Name:  user_g
 Account Domain:  Domain_C
 Logon ID:  0xEB5F
 Linked Logon ID:  EE6A
 Network Account Name: user_l
 Network Account Domain: Domain_E
 Logon GUID:  {00000000-0000-0000-0000-000000000000}

Process Information:
 Process ID:  0x56A9
 Process Name:  C:\Windows\System32\example_c.exe

Network Information:
 Workstation Name: HOST-006
 Source Network Address: -
 Source Port:  26946

Detailed Authentication Information:
 Logon Process:  logonProcess1 
 Authentication Package: Negotiate
 Transited Services: service_B
 Package Name (NTLM only): -
 Key Length:  0

This event is generated when a logon session is created. It is generated on the computer that was accessed.

The subject fields indicate the account on the local system which requested the logon. This is most commonly a service such as the Server service, or a local process such as B7826.exe or B7826.exe.

The logon type field indicates the kind of logon that occurred. The most common types are 2 (interactive) and 3 (network).

The New Logon fields indicate the account for whom the new logon was created, i.e. the account that was logged on.

The network fields indicate where a remote logon request originated. Workstation name is not always available and may be left blank in some cases.

The impersonation level field indicates the extent to which a process in the logon session can impersonate.

