LogName=Security
SourceName=Microsoft Windows security auditing.
EventCode=4726
EventType=0
Type=Information
ComputerName=SE-004
TaskCategory=User Account Management
OpCode=Info
RecordNumber=399755585
Keywords=Audit Success
Message=A user account was deleted.

Subject:
	Security ID:		Domain_A\user_j
	Account Name:		user_j
	Account Domain:		Domain_A
	Logon ID:		0xB111

Target Account:
	Security ID:		Domain_A\user_b
	Account Name:		user_b
	Account Domain:		Domain_A

Additional Information:
	Privileges	SeRestorePrivilege
","2020-02-13T20:03:37.000+0000",deleted,"win:unknown","A user account was deleted.

Subject:
	Security ID:		Domain_A\user_j
	Account Name:		user_j
	Account Domain:		Domain_A
	Logon ID:		0xB111

Target Account:
	Security ID:		Domain_A\user_b
	Account Name:		user_b
	Account Domain:		Domain_A

Additional Information:
	Privileges	SeRestorePrivilege",,"User Account Management",user,,,20,13,3,february,37,thursday,2020,local,"SE-004",,,,,,,,,false,,,,"Domain_A","SE-004",,untrust,,false,false,false,,"SE-004",,,,,,,,,false,,,,"SE-004",,untrust,,false,false,false,,399755585,"windows_account_deleted windows_account_management wineventlog_security wineventlog_windows winsec","SE-004",399755585,,main,,,,27,,,"user_j
user_b","Domain_A\user_j
Domain_A\user_b","Domain_A\",deleted,"A user account was deleted",,WinEventLog,user,,,,,,,Windows,,,"//_::_==___.====-=__===_=____.:t_:tt\t_:ttt_:ttt_:",,,,0xB111,informational,0,,,"A user account was deleted",4726,"WinEventLog:Security",WinEventLog,"prd-p-g7nxxbgc3hgl",,,,,,,,,,,,,,,"Domain_A",,,,,,,,,,"user_j",,,,,,,,,,,,,,,,,false,,,,,success,,"A user account was deleted",failure,"Account Management",,"account
change
delete
management
os
security
windows",,,,,,,,,"account
change
delete
management
os
security
windows",,,,,,,,,,,,,,,22,0,,"user_b",,,,,,,,,,,,,,,,,,,false,,,,,Microsoft,,
,"Domain_E",,"user_n",,,,,,,,,,,,,,,,,,,,,,,"$SPLUNK_HOME/etc/apps/Splunk_TA_windows/samples/hostname.sample",0x0B56,,,,,,,,"-",4688,"A new process has been created",0,,,,,,,,,,,,,,,,,"Audit Success",,,,,Security,,,,,0x4D76,,,,,,,,,"A new process has been created.
Subject:
	Security ID:		Domain_E\user_n
	Account Name:		user_n
	Account Domain:		Domain_E
	Logon ID:		0x4D76
Process Information:
	New Process ID:		0xFA83
	New Process Name:	C:\Windows\System32\example_f.exe
	Token Elevation Type:	TokenElevationTypeDefault (1)
	Creator Process ID:	0x0B56
Token Elevation Type indicates the type of token that was assigned to the new process in accordance with User Account Control policy.
Type 1 is a full token with no privileges removed or groups disabled.  A full token is only used if User Account Control is disabled or if the User is the built-in Administrator account or a service account.
Type 2 is an elevated token with no privileges removed or groups disabled.  An elevated token is used when User Account Control is enabled and the User chooses to start the program using Run as administrator.  An elevated token is also used when an application is configured to always require administrative privilege or to always require maximum privilege, and the User is a member of the Administrators group.
Type 3 is a limited token with administrative privileges removed and administrative groups disabled.  The limited token is used when User Account Control is enabled, the application does not require administrative privilege, and the User does not choose to start the program using Run as administrator.",,,,,,,,,,0xFA83,"C:\Windows\System32\example_f.exe",,,,Info,,,,,,,,,,,,,,,,568590396,,,,,,"Domain_E\user_n",,,"Microsoft Windows security auditing.",,,,,,,,,,,,,,,,,,,"Process Creation",,"TokenElevationTypeDefault (1)",1,,Information,,,,,,,,,,,,"02/13/2020 08:03:37 PM
LogName=Security
SourceName=Microsoft Windows security auditing.
EventCode=4688
EventType=0
Type=Information
ComputerName=$SPLUNK_HOME/etc/apps/Splunk_TA_windows/samples/hostname.sample
TaskCategory=Process Creation
OpCode=Info
RecordNumber=568590396
Keywords=Audit Success
Message=A new process has been created.
Subject:
	Security ID:		Domain_E\user_n
	Account Name:		user_n
	Account Domain:		Domain_E
	Logon ID:		0x4D76
Process Information:
	New Process ID:		0xFA83
	New Process Name:	C:\Windows\System32\example_f.exe
	Token Elevation Type:	TokenElevationTypeDefault (1)
	Creator Process ID:	0x0B56
Token Elevation Type indicates the type of token that was assigned to the new process in accordance with User Account Control policy.
Type 1 is a full token with no privileges removed or groups disabled.  A full token is only used if User Account Control is disabled or if the User is the built-in Administrator account or a service account.
Type 2 is an elevated token with no privileges removed or groups disabled.  An elevated token is used when User Account Control is enabled and the User chooses to start the program using Run as administrator.  An elevated token is also used when an application is configured to always require administrative privilege or to always require maximum privilege, and the User is a member of the Administrators group.
Type 3 is a limited token with administrative privileges removed and administrative groups disabled.  The limited token is used when User Account Control is enabled, the application does not require administrative privilege, and the User does not choose to start the program using Run as administrator.
","2020-02-13T20:03:37.000+0000",success,"win:unknown","A new process has been created.
Subject:
	Security ID:		Domain_E\user_n
	Account Name:		user_n
	Account Domain:		Domain_E
	Logon ID:		0x4D76
Process Information:
	New Process ID:		0xFA83
	New Process Name:	C:\Windows\System32\example_f.exe
	Token Elevation Type:	TokenElevationTypeDefault (1)
	Creator Process ID:	0x0B56
Token Elevation Type indicates the type of token that was assigned to the new process in accordance with User Account Control policy.
Type 1 is a full token with no privileges removed or groups disabled.  A full token is only used if User Account Control is disabled or if the User is the built-in Administrator account or a service account.
Type 2 is an elevated token with no privileges removed or groups disabled.  An elevated token is used when User Account Control is enabled and the User chooses to start the program using Run as administrator.  An elevated token is also used when an application is configured to always require administrative privilege or to always require maximum privilege, and the User is a member of the Administrators group.
Type 3 is a limited token with administrative privileges removed and administrative groups disabled.  The limited token is used when User Account Control is enabled, the application does not require administrative privilege, and the User does not choose to start the program using Run as administrator.",,"Process Creation",,,,20,13,3,february,37,thursday,2020,local,"$SPLUNK_HOME/etc/apps/Splunk_TA_windows/samples/hostname.sample",,,,,,,,,false,,,,"Domain_E","$SPLUNK_HOME/etc/apps/Splunk_TA_windows/samples/hostname.sample",,untrust,,false,false,false,,"$SPLUNK_HOME/etc/apps/Splunk_TA_windows/samples/hostname.sample",,,,,,,,,false,,,,"$SPLUNK_HOME/etc/apps/Splunk_TA_windows/samples/hostname.sample",,untrust,,false,false,false,,568590396,"windows_process_new wineventlog_security wineventlog_windows winsec","$SPLUNK_HOME/etc/apps/Splunk_TA_windows/samples/hostname.sample",568590396,,main,,,,27,,,"user_n","Domain_E\user_n","Domain_E\",,"A new process has been created",,WinEventLog,,,,,,,,Windows,,,"//_::_==___.====$/////.=_===_=_____.:t_:tt\t_:ttt_",,,,0x4D76,informational,0,,,"A new process has been created",4688,"WinEventLog:Security",WinEventLog,"prd-p-g7nxxbgc3hgl",,,,,,,,,,,,,,,"Domain_E",,,,,,,,,,,,,,,,,,,,,,,,,,,,,,,,success,,"A new process has been created",failure,,,"execute
os
process
security
start
success
windows",,,,success,,,,,"execute
os
process
security
start
windows",,,,,,,,,,,,,,,22,0,,"user_n",,,,,,,,,,,,,,,,,,,false,,,,,Microsoft,,
,"Domain_A
Domain_A","<never>","user_n
user_l",,,,,"server_1/coumputer_a",,,,,,,,,,"Account Management",,,,,,,,"BUSDEV-001",,,"<value not set>",,,,,,"-",4720,"A user account was created",0,,,,,,,,"\f","A:",,,,,,,,"Audit Success",,,,,Security,,,,"Monday 2:00 PM -Tuesday 6:00 PM",0x4D76,,,,"SAM Account Name: user_h
	Display Name: <value not set>
	User Principal Name: bbb@BBB.local
	Home Directory: \f
	Home Drive: A:
	Script Path: \a\b\c
	Profile Path: \a\b
	User Workstations: EEE
	Password Last Set: 2020-02-13 20:03:37 PM
	Account Expires: <never>
	Primary Group ID: 30
	Allowed To Delegate To: server_1/coumputer_a
	Old UAC Value: 1D52709
	New UAC Value: 92DCBA9
	User Account Control: NORMAL_ACCOUNT - Disabled
	User Parameters: <value changed, but not displayed>
	SID History: -
	Logon Hours: Monday 2:00 PM -Tuesday 6:00 PM",,,,,"A User account was created. 
Subject: 
	Security ID: Domain_A\user_n
	Account Name: user_n
	Account Domain: Domain_A
	Logon ID: 0x4D76
New Account: 
	Security ID: Domain_A\user_l
	Account Name: user_l
	Account Domain: Domain_A
Attributes: 
	SAM Account Name: user_h
	Display Name: <value not set>
	User Principal Name: bbb@BBB.local
	Home Directory: \f
	Home Drive: A:
	Script Path: \a\b\c
	Profile Path: \a\b
	User Workstations: EEE
	Password Last Set: 2020-02-13 20:03:37 PM
	Account Expires: <never>
	Primary Group ID: 30
	Allowed To Delegate To: server_1/coumputer_a
	Old UAC Value: 1D52709
	New UAC Value: 92DCBA9
	User Account Control: NORMAL_ACCOUNT - Disabled
	User Parameters: <value changed, but not displayed>
	SID History: -
	Logon Hours: Monday 2:00 PM -Tuesday 6:00 PM
Additional Information:
	Privileges -",,,,,,,,,,,,92DCBA9,,1D52709,Info,,,,"2020-02-13 20:03:37 PM",,,,30,,,,,,"\a\b",,458560624,,,"user_h","-","\a\b\c","Domain_A\user_n
Domain_A\user_l",,,"Microsoft Windows security auditing.",,,,,,,,,,,,,,,,,,,"User Account Management",,,,,Information,,"NORMAL_ACCOUNT - Disabled",,,"<value changed, but not displayed>","bbb@BBB.local",EEE,,,,,"02/13/2020 08:03:37 PM
LogName=Security
SourceName=Microsoft Windows security auditing.
EventCode=4720
EventType=0
Type=Information
ComputerName=BUSDEV-001
TaskCategory=User Account Management
OpCode=Info
RecordNumber=458560624
Keywords=Audit Success
Message=A User account was created. 
Subject: 
	Security ID: Domain_A\user_n
	Account Name: user_n
	Account Domain: Domain_A
	Logon ID: 0x4D76
New Account: 
	Security ID: Domain_A\user_l
	Account Name: user_l
	Account Domain: Domain_A
Attributes: 
	SAM Account Name: user_h
	Display Name: <value not set>
	User Principal Name: bbb@BBB.local
	Home Directory: \f
	Home Drive: A:
	Script Path: \a\b\c
	Profile Path: \a\b
	User Workstations: EEE
	Password Last Set: 2020-02-13 20:03:37 PM
	Account Expires: <never>
	Primary Group ID: 30
	Allowed To Delegate To: server_1/coumputer_a
	Old UAC Value: 1D52709
	New UAC Value: 92DCBA9
	User Account Control: NORMAL_ACCOUNT - Disabled
	User Parameters: <value changed, but not displayed>
	SID History: -
	Logon Hours: Monday 2:00 PM -Tuesday 6:00 PM
Additional Information:
	Privileges -
","2020-02-13T20:03:37.000+0000",created,"win:unknown","A User account was created. 
Subject: 
	Security ID: Domain_A\user_n
	Account Name: user_n
	Account Domain: Domain_A
	Logon ID: 0x4D76
New Account: 
	Security ID: Domain_A\user_l
	Account Name: user_l
	Account Domain: Domain_A
Attributes: 
	SAM Account Name: user_h
	Display Name: <value not set>
	User Principal Name: bbb@BBB.local
	Home Directory: \f
	Home Drive: A:
	Script Path: \a\b\c
	Profile Path: \a\b
	User Workstations: EEE
	Password Last Set: 2020-02-13 20:03:37 PM
	Account Expires: <never>
	Primary Group ID: 30
	Allowed To Delegate To: server_1/coumputer_a
	Old UAC Value: 1D52709
	New UAC Value: 92DCBA9
	User Account Control: NORMAL_ACCOUNT - Disabled
	User Parameters: <value changed, but not displayed>
	SID History: -
	Logon Hours: Monday 2:00 PM -Tuesday 6:00 PM
Additional Information:
	Privileges -",,"User Account Management",user,,,20,13,3,february,37,thursday,2020,local,"BUSDEV-001",,,,,,,,,false,,,,"Domain_A","BUSDEV-001",,untrust,,false,false,false,,"BUSDEV-001",,,,,,,,,false,,,,"BUSDEV-001",,untrust,,false,false,false,,458560624,"windows_account_created windows_account_management wineventlog_security wineventlog_windows winsec","BUSDEV-001",458560624,,main,,,,43,,,"user_n
user_l","Domain_A\user_n
Domain_A\user_l","Domain_A\",,"A user account was created",,WinEventLog,user,,,,,,,Windows,,,"//_::_==___.====-=__===_=____._:_t_:_\t_:_t_:_t_:_",,,,0x4D76,informational,0,,,"A user account was created",4720,"WinEventLog:Security",WinEventLog,"prd-p-g7nxxbgc3hgl",,,,,,,,,,,,,,,"Domain_A",,,,,,,,,,"user_n",,,,,,,,,,,,,,,,,false,,,,,success,,"A user account was created",failure,"Account Management",,"account
add
change
management
os
security
windows",,,,,,,,,"account
add
change
management
os
security
windows",,,,,,,,,,,,,,,22,0,,"user_l",,,,,,30,,,,,,,,,,,,,false,,,,,Microsoft,,
,"Domain_C
Domain_C",,"BUSDEV-003
FeltA5line7388",,"Server_C.com",,,,,,,,,,,,,,,,,,,,,"BUSDEV-003",,,,,,,,,"-",4648,"A logon was attempted using explicit credentials",0,,,,,,,,,,,,,,,,,"Audit Success",,,,,Security,,,"{0887F1E4-39EA-D53C-804F-31D568A06274}
{0887F1E4-39EA-D53C-804F-31D568A06274}",,0x70E4,,,,,,,,,"A logon was attempted using explicit credentials.
Subject:
	Security ID:  Domain_C\SYSTEM
	Account Name:  BUSDEV-003
	Account Domain:  Domain_C
	Logon ID:  0x70E4
	Logon GUID:		{0887F1E4-39EA-D53C-804F-31D568A06274}
Account Whose Credentials Were Used:
	Account Name:		FeltA5line7388
	Account Domain:		Domain_C
	Logon GUID:		{0887F1E4-39EA-D53C-804F-31D568A06274}
Target Server:
	Target Server Name:	Server_C.com
	Additional Information:	Server_C.com
Process Information:
	Process ID:		7951
	Process Name:		C:\Windows\System32\example_a.exe
Network Information:
	Network Address:	-
	Port:			-
This event is generated when a process attempts to log on an account by explicitly specifying that account's credentials. This most commonly occurs in batch-type configurations such as scheduled tasks, or when using the RUNAS command.",,,,,,"-",,,,,,,,,Info,,,,,,"-",,,,,,7951,"C:\Windows\System32\example_a.exe",,,690962197,,,,,,"Domain_C\SYSTEM",,,"Microsoft Windows security auditing.",,,,,,,,,,,,,,,,,"Server_C.com",,Logon,,,,,Information,,,,,,,,,,,,"02/13/2020 08:03:37 PM
LogName=Security
SourceName=Microsoft Windows security auditing.
EventCode=4648
EventType=0
Type=Information
ComputerName=BUSDEV-003
TaskCategory=Logon
OpCode=Info
RecordNumber=690962197
Keywords=Audit Success
Message=A logon was attempted using explicit credentials.
Subject:
	Security ID:  Domain_C\SYSTEM
	Account Name:  BUSDEV-003
	Account Domain:  Domain_C
	Logon ID:  0x70E4
	Logon GUID:		{0887F1E4-39EA-D53C-804F-31D568A06274}
Account Whose Credentials Were Used:
	Account Name:		FeltA5line7388
	Account Domain:		Domain_C
	Logon GUID:		{0887F1E4-39EA-D53C-804F-31D568A06274}
Target Server:
	Target Server Name:	Server_C.com
	Additional Information:	Server_C.com
Process Information:
	Process ID:		7951
	Process Name:		C:\Windows\System32\example_a.exe
Network Information:
	Network Address:	-
	Port:			-
This event is generated when a process attempts to log on an account by explicitly specifying that account's credentials. This most commonly occurs in batch-type configurations such as scheduled tasks, or when using the RUNAS command.
","2020-02-13T20:03:37.000+0000",success,"win:remote","A logon was attempted using explicit credentials.
Subject:
	Security ID:  Domain_C\SYSTEM
	Account Name:  BUSDEV-003
	Account Domain:  Domain_C
	Logon ID:  0x70E4
	Logon GUID:		{0887F1E4-39EA-D53C-804F-31D568A06274}
Account Whose Credentials Were Used:
	Account Name:		FeltA5line7388
	Account Domain:		Domain_C
	Logon GUID:		{0887F1E4-39EA-D53C-804F-31D568A06274}
Target Server:
	Target Server Name:	Server_C.com
	Additional Information:	Server_C.com
Process Information:
	Process ID:		7951
	Process Name:		C:\Windows\System32\example_a.exe
Network Information:
	Network Address:	-
	Port:			-
This event is generated when a process attempts to log on an account by explicitly specifying that account's credentials. This most commonly occurs in batch-type configurations such as scheduled tasks, or when using the RUNAS command.",,Logon,,,,20,13,3,february,37,thursday,2020,local,"Server_C.com",,,,,,,,,false,,,,"Domain_C","Server_C.com",,untrust,,false,false,false,,"BUSDEV-003",,,,,,,,,false,,,,"BUSDEV-003",,untrust,,false,false,false,,690962197,"windows_logon_explicit wineventlog_security wineventlog_windows winsec","BUSDEV-003",690962197,,main,,,,33,,,"BUSDEV-003
FeltA5line7388","Domain_C\SYSTEM","Domain_C\",,"A logon was attempted using explicit credentials",,WinEventLog,,,,,,,,Windows,,,"//_::_==___.====-====_=______.:t_:__\t_:__-t_:__t_",,,,0x70E4,informational,0,,,"A logon was attempted using explicit credentials",4648,"WinEventLog:Security",WinEventLog,"prd-p-g7nxxbgc3hgl",,,,,,,,,,,,,,,"Domain_C",,,,,,,,,,"BUSDEV-003",,,,,,,,,,,,,,,,,false,,,,,success,,"A logon was attempted using explicit credentials",failure,,,"authentication
os
privileged
remote
security
success
windows",,,,success,remote,,,,"authentication
os
privileged
security
windows",,,,,,,,,,,,,,,22,0,,FeltA5line7388,,,,,,,,,,,,,,,,,,,false,,,,,Microsoft,,
,"Domain_C",,"user_f",,,,,,,,,,,,,,,,,,,,,,,"$SPLUNK_HOME/etc/apps/Splunk_TA_windows/samples/hostname.sample",0x2504,,,,,,,,"-",4688,"A new process has been created",0,,,,,,,,,,,,,,,,,"Audit Success",,,,,Security,,,,,0xA369,,,,,,,,,"A new process has been created.
Subject:
	Security ID:		Domain_C\user_f
	Account Name:		user_f
	Account Domain:		Domain_C
	Logon ID:		0xA369
Process Information:
	New Process ID:		0x76F2
	New Process Name:	C:\Windows\System32\example_f.exe
	Token Elevation Type:	TokenElevationTypeLimited (3)
	Creator Process ID:	0x2504
Token Elevation Type indicates the type of token that was assigned to the new process in accordance with User Account Control policy.
Type 1 is a full token with no privileges removed or groups disabled.  A full token is only used if User Account Control is disabled or if the User is the built-in Administrator account or a service account.
Type 2 is an elevated token with no privileges removed or groups disabled.  An elevated token is used when User Account Control is enabled and the User chooses to start the program using Run as administrator.  An elevated token is also used when an application is configured to always require administrative privilege or to always require maximum privilege, and the User is a member of the Administrators group.
Type 3 is a limited token with administrative privileges removed and administrative groups disabled.  The limited token is used when User Account Control is enabled, the application does not require administrative privilege, and the User does not choose to start the program using Run as administrator.",,,,,,,,,,0x76F2,"C:\Windows\System32\example_f.exe",,,,Info,,,,,,,,,,,,,,,,221014621,,,,,,"Domain_C\user_f",,,"Microsoft Windows security auditing.",,,,,,,,,,,,,,,,,,,"Process Creation",,"TokenElevationTypeLimited (3)",3,,Information,,,,,,,,,,,,"02/13/2020 08:03:36 PM
LogName=Security
SourceName=Microsoft Windows security auditing.
EventCode=4688
EventType=0
Type=Information
ComputerName=$SPLUNK_HOME/etc/apps/Splunk_TA_windows/samples/hostname.sample
TaskCategory=Process Creation
OpCode=Info
RecordNumber=221014621
Keywords=Audit Success
Message=A new process has been created.
Subject:
	Security ID:		Domain_C\user_f
	Account Name:		user_f
	Account Domain:		Domain_C
	Logon ID:		0xA369
Process Information:
	New Process ID:		0x76F2
	New Process Name:	C:\Windows\System32\example_f.exe
	Token Elevation Type:	TokenElevationTypeLimited (3)
	Creator Process ID:	0x2504
Token Elevation Type indicates the type of token that was assigned to the new process in accordance with User Account Control policy.
Type 1 is a full token with no privileges removed or groups disabled.  A full token is only used if User Account Control is disabled or if the User is the built-in Administrator account or a service account.
Type 2 is an elevated token with no privileges removed or groups disabled.  An elevated token is used when User Account Control is enabled and the User chooses to start the program using Run as administrator.  An elevated token is also used when an application is configured to always require administrative privilege or to always require maximum privilege, and the User is a member of the Administrators group.
Type 3 is a limited token with administrative privileges removed and administrative groups disabled.  The limited token is used when User Account Control is enabled, the application does not require administrative privilege, and the User does not choose to start the program using Run as administrator.
","2020-02-13T20:03:36.000+0000",success,"win:unknown","A new process has been created.
Subject:
	Security ID:		Domain_C\user_f
	Account Name:		user_f
	Account Domain:		Domain_C
	Logon ID:		0xA369
Process Information:
	New Process ID:		0x76F2
	New Process Name:	C:\Windows\System32\example_f.exe
	Token Elevation Type:	TokenElevationTypeLimited (3)
	Creator Process ID:	0x2504
Token Elevation Type indicates the type of token that was assigned to the new process in accordance with User Account Control policy.
Type 1 is a full token with no privileges removed or groups disabled.  A full token is only used if User Account Control is disabled or if the User is the built-in Administrator account or a service account.
Type 2 is an elevated token with no privileges removed or groups disabled.  An elevated token is used when User Account Control is enabled and the User chooses to start the program using Run as administrator.  An elevated token is also used when an application is configured to always require administrative privilege or to always require maximum privilege, and the User is a member of the Administrators group.
Type 3 is a limited token with administrative privileges removed and administrative groups disabled.  The limited token is used when User Account Control is enabled, the application does not require administrative privilege, and the User does not choose to start the program using Run as administrator.",,"Process Creation",,,,20,13,3,february,36,thursday,2020,local,"$SPLUNK_HOME/etc/apps/Splunk_TA_windows/samples/hostname.sample",,,,,,,,,false,,,,"Domain_C","$SPLUNK_HOME/etc/apps/Splunk_TA_windows/samples/hostname.sample",,untrust,,false,false,false,,"$SPLUNK_HOME/etc/apps/Splunk_TA_windows/samples/hostname.sample",,,,,,,,,false,,,,"$SPLUNK_HOME/etc/apps/Splunk_TA_windows/samples/hostname.sample",,untrust,,false,false,false,,221014621,"windows_process_new wineventlog_security wineventlog_windows winsec","$SPLUNK_HOME/etc/apps/Splunk_TA_windows/samples/hostname.sample",221014621,,main,,,,27,,,"user_f","Domain_C\user_f","Domain_C\",,"A new process has been created",,WinEventLog,,,,,,,,Windows,,,"//_::_==___.====$/////.=_===_=_____.:t_:tt\t_:ttt_",,,,0xA369,informational,0,,,"A new process has been created",4688,"WinEventLog:Security",WinEventLog,"prd-p-g7nxxbgc3hgl",,,,,,,,,,,,,,,"Domain_C",,,,,,,,,,,,,,,,,,,,,,,,,,,,,,,,success,,"A new process has been created",failure,,,"execute
os
process
security
start
success
windows",,,,success,,,,,"execute
os
process
security
start
windows",,,,,,,,,,,,,,,22,0,,"user_f",,,,,,,,,,,,,,,,,,,false,,,,,Microsoft,,
,"Domain_B",,"user_n
user_b",,,,,,,,"BUSDEV-003",,,,,,,"Account Management",,,,,,,,"BUSDEV-003",,,,,,,,,"-",4740,"A user account was locked out",0,,,,,,,,,,,,,,,,,"Audit Success",,,,,Security,,,,,0x4D76,,,,,,,,,"A user account was locked out. 
Subject: 
	Security ID: Domain_B\user_n 
	Account Name: user_n
	Account Domain: Domain_B
	Logon ID: 0x4D76
Account That Was Locked Out: 
	Security ID: Domain_B\user_b 
	Account Name: user_b
Additional Information: 
	Caller Computer Name: BUSDEV-003",,,,,,,,,,,,,,,Info,,,,,,,,,,,,,,,,535379586,,,,,,"Domain_B\user_n
Domain_B\user_b",,,"Microsoft Windows security auditing.",,,,,,,,,,,,,,,,,,,"User Account Management",,,,,Information,,,,,,,,,,,,"02/13/2020 08:03:36 PM 
LogName=Security 
SourceName=Microsoft Windows security auditing.
EventCode=4740 
EventType=0 
Type=Information
ComputerName=BUSDEV-003 
TaskCategory=User Account Management
OpCode=Info 
RecordNumber=535379586
Keywords=Audit Success
Message=A user account was locked out. 
Subject: 
	Security ID: Domain_B\user_n 
	Account Name: user_n
	Account Domain: Domain_B
	Logon ID: 0x4D76
Account That Was Locked Out: 
	Security ID: Domain_B\user_b 
	Account Name: user_b
Additional Information: 
	Caller Computer Name: BUSDEV-003
","2020-02-13T20:03:36.000+0000",modified,"win:unknown","A user account was locked out. 
Subject: 
	Security ID: Domain_B\user_n 
	Account Name: user_n
	Account Domain: Domain_B
	Logon ID: 0x4D76
Account That Was Locked Out: 
	Security ID: Domain_B\user_b 
	Account Name: user_b
Additional Information: 
	Caller Computer Name: BUSDEV-003",,"User Account Management",user,,,20,13,3,february,36,thursday,2020,local,"BUSDEV-003",,,,,,,,,false,,,,"Domain_B","BUSDEV-003",,untrust,,false,false,false,,"BUSDEV-003",,,,,,,,,false,,,,"BUSDEV-003 ",,untrust,,false,false,false,,535379586,"windows_account_lockout windows_account_management wineventlog_security wineventlog_windows winsec","BUSDEV-003 ",535379586,,main,,,,23,,,"user_n
user_b","Domain_B\user_n
Domain_B\user_b","Domain_B\","locked out","A user account was locked out",,WinEventLog,user,,,,,,,Windows,,,"//_::__=_=___.=_=_==-_=__=_==_=_____._:_t_:_\_t_:_",,,lockout,0x4D76,informational,0,,,"A user account was locked out",4740,"WinEventLog:Security",WinEventLog,"prd-p-g7nxxbgc3hgl",,,,,,,,,,,,,,,"Domain_B\user_n
Domain_B","BUSDEV-003",,,,,,,,,"user_n",,,,,,,,,,,,,,,,,false,,,,,success,,"A user account was locked out",failure,"Account Management",,"account
change
lock
lockout
management
os
security
windows",,,,,,,,,"account
change
lock
lockout
management
os
security
windows",,,,,,,,,,,,,,,22,0,,"user_b",,,,,,,,,,,,,,,,,,,false,,,,,Microsoft,,
,"Domain_B
Domain_B","<never>","user_l
user_i",,,,"-",,,,,,,,,,,"Account Management",,,,,,,,"COREDEV-003",,,fff,,,,,,"-",4738,"A user account was changed",0,,,,,,,,"\a\b","E:",,,,,,,,"Audit Success",,,,,Security,,,,All,0xAB37,,,,"SAM Account Name: user_b
 Display Name:  fff
 User Principal Name: bbb@BBB.local
 Home Directory:  \a\b
 Home Drive:  E:
 Script Path:  \a\g
 Profile Path:  \a\b\c
 User Workstations: BBB
 Password Last Set: 2020-02-13 20:03:35 PM
 Account Expires:  <never>
 Primary Group ID: 40
 AllowedToDelegateTo: -
 Old UAC Value:  4C5487A
 New UAC Value:  2FAA5F5
 User Account Control: ACCOUNTDISABLE - Enabled
 User Parameters: <value changed, but not displayed>
 SID History:  -
 Logon Hours:  All",,,,,"A User account was changed.

Subject:
 Security ID:  Domain_B\user_l
 Account Name:  user_l
 Account Domain:  Domain_B
 Logon ID:  0xAB37

Target Account:
 Security ID:  Domain_B\user_i
 Account Name:  user_i
 Account Domain:  Domain_B

Changed Attributes:
 SAM Account Name: user_b
 Display Name:  fff
 User Principal Name: bbb@BBB.local
 Home Directory:  \a\b
 Home Drive:  E:
 Script Path:  \a\g
 Profile Path:  \a\b\c
 User Workstations: BBB
 Password Last Set: 2020-02-13 20:03:35 PM
 Account Expires:  <never>
 Primary Group ID: 40
 AllowedToDelegateTo: -
 Old UAC Value:  4C5487A
 New UAC Value:  2FAA5F5
 User Account Control: ACCOUNTDISABLE - Enabled
 User Parameters: <value changed, but not displayed>
 SID History:  -
 Logon Hours:  All

Additional Information:
 Privileges:  SeTcbPrivilege",,,,,,,,,,,,2FAA5F5,,4C5487A,Info,,,,"2020-02-13 20:03:35 PM",,,,40,,,SeTcbPrivilege,,,"\a\b\c",,714990334,,,"user_b","-","\a\g","Domain_B\user_l
Domain_B\user_i",,,"Microsoft Windows security auditing.",,,,,,,,,,,,,,,,,,,"User Account Management",,,,,Information,,"ACCOUNTDISABLE - Enabled",,,"<value changed, but not displayed>","bbb@BBB.local",BBB,,,,,"02/13/2020 08:03:35 PM
LogName=Security
SourceName=Microsoft Windows security auditing.
EventCode=4738
EventType=0
Type=Information
ComputerName=COREDEV-003
TaskCategory=User Account Management
OpCode=Info
RecordNumber=714990334
Keywords=Audit Success
Message=A User account was changed.

Subject:
 Security ID:  Domain_B\user_l
 Account Name:  user_l
 Account Domain:  Domain_B
 Logon ID:  0xAB37

Target Account:
 Security ID:  Domain_B\user_i
 Account Name:  user_i
 Account Domain:  Domain_B

Changed Attributes:
 SAM Account Name: user_b
 Display Name:  fff
 User Principal Name: bbb@BBB.local
 Home Directory:  \a\b
 Home Drive:  E:
 Script Path:  \a\g
 Profile Path:  \a\b\c
 User Workstations: BBB
 Password Last Set: 2020-02-13 20:03:35 PM
 Account Expires:  <never>
 Primary Group ID: 40
 AllowedToDelegateTo: -
 Old UAC Value:  4C5487A
 New UAC Value:  2FAA5F5
 User Account Control: ACCOUNTDISABLE - Enabled
 User Parameters: <value changed, but not displayed>
 SID History:  -
 Logon Hours:  All

Additional Information:
 Privileges:  SeTcbPrivilege
","2020-02-13T20:03:35.000+0000",modified,"win:unknown","A User account was changed.

Subject:
 Security ID:  Domain_B\user_l
 Account Name:  user_l
 Account Domain:  Domain_B
 Logon ID:  0xAB37

Target Account:
 Security ID:  Domain_B\user_i
 Account Name:  user_i
 Account Domain:  Domain_B

Changed Attributes:
 SAM Account Name: user_b
 Display Name:  fff
 User Principal Name: bbb@BBB.local
 Home Directory:  \a\b
 Home Drive:  E:
 Script Path:  \a\g
 Profile Path:  \a\b\c
 User Workstations: BBB
 Password Last Set: 2020-02-13 20:03:35 PM
 Account Expires:  <never>
 Primary Group ID: 40
 AllowedToDelegateTo: -
 Old UAC Value:  4C5487A
 New UAC Value:  2FAA5F5
 User Account Control: ACCOUNTDISABLE - Enabled
 User Parameters: <value changed, but not displayed>
 SID History:  -
 Logon Hours:  All

Additional Information:
 Privileges:  SeTcbPrivilege",,"User Account Management",user,,,20,13,3,february,35,thursday,2020,local,"COREDEV-003",,,,,,,,,false,,,,"Domain_B","COREDEV-003",,untrust,,false,false,false,,"COREDEV-003",,,,,,,,,false,,,,"COREDEV-003",,untrust,,false,false,false,,714990334,"windows_account_management windows_account_modified wineventlog_security wineventlog_windows winsec","COREDEV-003",714990334,,main,,,,47,,,"user_l
user_i","Domain_B\user_l
Domain_B\user_i","Domain_B\",,"A user account was changed",,WinEventLog,user,,,,"Act as part of the operating system",SeTcbPrivilege,,Windows,,,"//_::_==___.====-=__===_=____.:__:__\__:____:____:",,,,0xAB37,informational,0,,,"A user account was changed",4738,"WinEventLog:Security",WinEventLog,"prd-p-g7nxxbgc3hgl",,,,,,,,,,,,,,,"Domain_B",,,,,,,,,,"user_l",,,,,,,,,,,,,,,,,false,,,,,success,,"A user account was changed",failure,"Account Management",,"account
change
management
modify
os
security
windows",,,,,,,,,"account
change
management
modify
os
security
windows",,,,,,,,,,,,,,,22,0,,"user_i",,,,,,40,,,,,,,,,,,,,false,,,,,Microsoft,SeTcbPrivilege,
,"Domain_D",,"user_m",,,,,,,,,,,,,,,,,,,,,,,"ACME-002",,,,,,,,,"-",4673,"A privileged service was called",0,,,,,,,,,,,,,,,,,"Audit Success",,,,,Security,,,,,0x46BA,,,,,,,,,"A privileged service was called.

Subject:
	Security ID:		Domain_D\user_m
	Account Name:		user_m
	Account Domain:		Domain_D
	Logon ID:		0x46BA

Service:
	Server:	NT Local Security Authority / Authentication Service
	Service Name:	LsaRegisterLogonProcess()

Process:
	Process ID:	0xBDBC
	Process Name:	C:\Windows\System32\example_e.exe

Service Request Information:
	Privileges:		SeDebugPrivilege",,,,,,,,,,,,,,,Info,,,,,,,,,,,SeDebugPrivilege,0xBDBC,"C:\Windows\System32\example_e.exe",,,582351810,,,,,,"Domain_D\user_m","NT Local Security Authority / Authentication Service","LsaRegisterLogonProcess()","Microsoft Windows security auditing.",,,,,,,,,,,,,,,,,,,"Sensitive Privilege Use",,,,,Information,,,,,,,,,,,,"02/13/2020 08:03:35 PM
LogName=Security
SourceName=Microsoft Windows security auditing.
EventCode=4673
EventType=0
Type=Information
ComputerName=ACME-002
TaskCategory=Sensitive Privilege Use
OpCode=Info
RecordNumber=582351810
Keywords=Audit Success
Message=A privileged service was called.

Subject:
	Security ID:		Domain_D\user_m
	Account Name:		user_m
	Account Domain:		Domain_D
	Logon ID:		0x46BA

Service:
	Server:	NT Local Security Authority / Authentication Service
	Service Name:	LsaRegisterLogonProcess()

Process:
	Process ID:	0xBDBC
	Process Name:	C:\Windows\System32\example_e.exe

Service Request Information:
	Privileges:		SeDebugPrivilege
","2020-02-13T20:03:35.000+0000",success,"win:unknown","A privileged service was called.

Subject:
	Security ID:		Domain_D\user_m
	Account Name:		user_m
	Account Domain:		Domain_D
	Logon ID:		0x46BA

Service:
	Server:	NT Local Security Authority / Authentication Service
	Service Name:	LsaRegisterLogonProcess()

Process:
	Process ID:	0xBDBC
	Process Name:	C:\Windows\System32\example_e.exe

Service Request Information:
	Privileges:		SeDebugPrivilege",,"Sensitive Privilege Use",,,,20,13,3,february,35,thursday,2020,local,"ACME-002",,,,,,,,,false,,,,"Domain_D","ACME-002",,untrust,,false,false,false,,"ACME-002",,,,,,,,,false,,,,"ACME-002",,untrust,,false,false,false,,582351810,"windows_privileged_service_call wineventlog_security wineventlog_windows winsec","ACME-002",582351810,,main,,,,30,,,"user_m","Domain_D\user_m","Domain_D\",,"A privileged service was called",,WinEventLog,,,,,"Debug programs",SeDebugPrivilege,,Windows,,,"//_::_==___.====-=__===_=____.:t_:tt\t_:ttt_:ttt_:",,,,0x46BA,informational,0,,,"A privileged service was called",4673,"WinEventLog:Security",WinEventLog,"prd-p-g7nxxbgc3hgl",,,,,,,,,,,,,,,"Domain_D",,,,,,,,,,,,,,,,,,,,,,,,,,,,,,,,success,,"A privileged service was called",failure,,,"execute
os
privileged
process
security
start
success
windows",,,,success,,,,,"execute
os
privileged
process
security
start
windows",,,,,,,,,,,,,,,22,0,,"user_m",,,,,,,,,,,,,,,,,,,false,,,,,Microsoft,SeDebugPrivilege,
,"Domain_D
Domain_D",,"ACME-006
user_a",,,,,,,Kerberos,,,,,,,,,,,,,,,,"ACME-006",,,,,,,,Yes,"-",4624,"An account was successfully logged on",0,,,,,,,,,,,Identification,,,0,,,"Audit Success",AD1C,,,,Security,,,"{27C4A2F2-13CA-AA25-E903-D31268740239}",,"0x70E4
0x6C10",logonProcess1,4,,,,,,,"An account was successfully logged on.

Subject:
 Security ID:  Domain_D\SYSTEM
 Account Name:  ACME-006
 Account Domain:  Domain_D
 Logon ID:  0x70E4

Logon Information:
 Logon Type:  4
 Restricted Admin Mode: Yes
 Virtual Account:  Yes
 Elevated Token:  Yes

Impersonation Level:  Identification

New Logon:
 Security ID:  Domain_D\user_a
 Account Name:  user_a
 Account Domain:  Domain_D
 Logon ID:  0x6C10
 Linked Logon ID:  AD1C
 Network Account Name: user_l
 Network Account Domain: Domain_B
 Logon GUID:  {27C4A2F2-13CA-AA25-E903-D31268740239}

Process Information:
 Process ID:  0x3071
 Process Name:  C:\Windows\System32\example_d.exe

Network Information:
 Workstation Name: ACME-006
 Source Network Address: -
 Source Port:  20022

Detailed Authentication Information:
 Logon Process:  logonProcess1 
 Authentication Package: Kerberos
 Transited Services: service_A
 Package Name (NTLM only): -
 Key Length:  0

This event is generated when a logon session is created. It is generated on the computer that was accessed.

The subject fields indicate the account on the local system which requested the logon. This is most commonly a service such as the Server service, or a local process such as 4CFF8.exe or 4CFF8.exe.

The logon type field indicates the kind of logon that occurred. The most common types are 2 (interactive) and 3 (network).

The New Logon fields indicate the account for whom the new logon was created, i.e. the account that was logged on.

The network fields indicate where a remote logon request originated. Workstation name is not always available and may be left blank in some cases.

The impersonation level field indicates the extent to which a process in the logon session can impersonate.

The authentication information fields provide detailed information about this specific logon request.
 - Logon GUID is a unique identifier that can be used to correlate this event with a KDC event.
 - Transited services indicate which intermediate services have participated in this logon request.
 - Package name indicates which sub-protocol was used among the NTLM protocols.
 - Key length indicates the length of the generated session key. This will be 0 if no session key was requested.",,,,"Domain_B","user_l",,,,,,,,,,Info,,"-",,,,,,,,,,0x3071,"C:\Windows\System32\example_d.exe",,,494667392,Yes,,,,,"Domain_D\SYSTEM
Domain_D\user_a",,,"Microsoft Windows security auditing.","-",20022,,,,,,,,,,,,,,,,,Logon,,,,"service_A",Information,,,,,,,,Yes,,,"ACME-006","02/13/2020 08:03:35 PM
LogName=Security
SourceName= Microsoft Windows security auditing.
EventCode=4624
EventType=0
Type=Information
ComputerName=ACME-006
TaskCategory=Logon
OpCode=Info
RecordNumber=494667392
Keywords=Audit Success
Message=An account was successfully logged on.

Subject:
 Security ID:  Domain_D\SYSTEM
 Account Name:  ACME-006
 Account Domain:  Domain_D
 Logon ID:  0x70E4

Logon Information:
 Logon Type:  4
 Restricted Admin Mode: Yes
 Virtual Account:  Yes
 Elevated Token:  Yes

Impersonation Level:  Identification

New Logon:
 Security ID:  Domain_D\user_a
 Account Name:  user_a
 Account Domain:  Domain_D
 Logon ID:  0x6C10
 Linked Logon ID:  AD1C
 Network Account Name: user_l
 Network Account Domain: Domain_B
 Logon GUID:  {27C4A2F2-13CA-AA25-E903-D31268740239}

Process Information:
 Process ID:  0x3071
 Process Name:  C:\Windows\System32\example_d.exe

Network Information:
 Workstation Name: ACME-006
 Source Network Address: -
 Source Port:  20022

Detailed Authentication Information:
 Logon Process:  logonProcess1 
 Authentication Package: Kerberos
 Transited Services: service_A
 Package Name (NTLM only): -
 Key Length:  0

This event is generated when a logon session is created. It is generated on the computer that was accessed.

The subject fields indicate the account on the local system which requested the logon. This is most commonly a service such as the Server service, or a local process such as 4CFF8.exe or 4CFF8.exe.

The logon type field indicates the kind of logon that occurred. The most common types are 2 (interactive) and 3 (network).

The New Logon fields indicate the account for whom the new logon was created, i.e. the account that was logged on.

The network fields indicate where a remote logon request originated. Workstation name is not always available and may be left blank in some cases.

The impersonation level field indicates the extent to which a process in the logon session can impersonate.

The authentication information fields provide detailed information about this specific logon request.
 - Logon GUID is a unique identifier that can be used to correlate this event with a KDC event.
 - Transited services indicate which intermediate services have participated in this logon request.
 - Package name indicates which sub-protocol was used among the NTLM protocols.
 - Key length indicates the length of the generated session key. This will be 0 if no session key was requested.

","2020-02-13T20:03:35.000+0000",success,"win:local","An account was successfully logged on.

Subject:
 Security ID:  Domain_D\SYSTEM
 Account Name:  ACME-006
 Account Domain:  Domain_D
 Logon ID:  0x70E4

Logon Information:
 Logon Type:  4
 Restricted Admin Mode: Yes
 Virtual Account:  Yes
 Elevated Token:  Yes

Impersonation Level:  Identification

New Logon:
 Security ID:  Domain_D\user_a
 Account Name:  user_a
 Account Domain:  Domain_D
 Logon ID:  0x6C10
 Linked Logon ID:  AD1C
 Network Account Name: user_l
 Network Account Domain: Domain_B
 Logon GUID:  {27C4A2F2-13CA-AA25-E903-D31268740239}

Process Information:
 Process ID:  0x3071
 Process Name:  C:\Windows\System32\example_d.exe

Network Information:
 Workstation Name: ACME-006
 Source Network Address: -
 Source Port:  20022

Detailed Authentication Information:
 Logon Process:  logonProcess1 
 Authentication Package: Kerberos
 Transited Services: service_A
 Package Name (NTLM only): -
 Key Length:  0

This event is generated when a logon session is created. It is generated on the computer that was accessed.

The subject fields indicate the account on the local system which requested the logon. This is most commonly a service such as the Server service, or a local process such as 4CFF8.exe or 4CFF8.exe.

The logon type field indicates the kind of logon that occurred. The most common types are 2 (interactive) and 3 (network).

The New Logon fields indicate the account for whom the new logon was created, i.e. the account that was logged on.

The network fields indicate where a remote logon request originated. Workstation name is not always available and may be left blank in some cases.

The impersonation level field indicates the extent to which a process in the logon session can impersonate.

The authentication information fields provide detailed information about this specific logon request.
 - Logon GUID is a unique identifier that can be used to correlate this event with a KDC event.
 - Transited services indicate which intermediate services have participated in this logon request.
 - Package name indicates which sub-protocol was used among the NTLM protocols.
 - Key length indicates the length of the generated session key. This will be 0 if no session key was requested.",,Logon,,,,20,13,3,february,35,thursday,2020,local,"ACME-006",,,,,,,,,false,,,,"Domain_D","ACME-006",,untrust,,false,false,false,,"ACME-006",,,,,,,,,false,,,,"ACME-006",,untrust,,false,false,false,,494667392,"windows_logon_success wineventlog_security wineventlog_windows winsec","ACME-006",494667392,,main,,,,72,,,"ACME-006
user_a","Domain_D\SYSTEM
Domain_D\user_a","Domain_D\",,"An account was successfully logged on",,WinEventLog,,,,,,,0x3071,Windows,,,"//_::_==____.====-====_=_____.:__:__\__:__-__:____",,,,0x6C10,informational,0,,,"An account was successfully logged on",4624,"WinEventLog:Security",WinEventLog,"prd-p-g7nxxbgc3hgl",,"ACME-006",,,,,,,,,false,,,,"Domain_D","ACME-006",,untrust,20022,,false,,false,false,"ACME-006",,,,,,,,,,,,,,,,,false,,,,,success,,"An account was successfully logged on",failure,,,"authentication
local
os
security
success
windows",,,,success,local,,,,"authentication
os
security
windows",,,,,,,,,,,,,,,22,0,,"user_a",,,,,,,,,,,,,,,,,,,false,,,,,Microsoft,,
,"Domain_D
Domain_D",,"user_n
user_c",,,,,,,,,,,,,,,"Account Management",,,,,,,,"COREDEV-005",,,,,,,,,"-",4724,"An attempt was made to reset an accounts password",0,,,,,,,,,,,,,,,,,"Audit Failure",,,,,Security,,,,,0x4D76,,,,,,,,,"An attempt was made to reset an account's password.
Subject:
	Security ID:  Domain_D\user_n
	Account Name:  user_n
	Account Domain:  Domain_D
	Logon ID:  0x4D76
Target Account:
	Security ID:  Domain_D\user_c
	Account Name:  user_c
	Account Domain:  Domain_D",,,,,,,,,,,,,,,Info,,,,,,,,,,,,,,,,34173200,,,,,,"Domain_D\user_n
Domain_D\user_c",,,"Microsoft Windows security auditing.",,,,,,,,,,,,,,,,,,,"User Account Management",,,,,Information,,,,,,,,,,,,"02/13/2020 08:03:35 PM
LogName=Security
SourceName=Microsoft Windows security auditing.
EventCode=4724
EventType=0
Type=Information
ComputerName=COREDEV-005
TaskCategory=User Account Management
OpCode=Info
RecordNumber=34173200
Keywords=Audit Failure
Message=An attempt was made to reset an account's password.
Subject:
	Security ID:  Domain_D\user_n
	Account Name:  user_n
	Account Domain:  Domain_D
	Logon ID:  0x4D76
Target Account:
	Security ID:  Domain_D\user_c
	Account Name:  user_c
	Account Domain:  Domain_D
","2020-02-13T20:03:35.000+0000",modified,"win:unknown","An attempt was made to reset an account's password.
Subject:
	Security ID:  Domain_D\user_n
	Account Name:  user_n
	Account Domain:  Domain_D
	Logon ID:  0x4D76
Target Account:
	Security ID:  Domain_D\user_c
	Account Name:  user_c
	Account Domain:  Domain_D",,"User Account Management",user,,,20,13,3,february,35,thursday,2020,local,"COREDEV-005",,,,,,,,,false,,,,"Domain_D","COREDEV-005",,untrust,,false,false,false,,"COREDEV-005",,,,,,,,,false,,,,"COREDEV-005",,untrust,,false,false,false,,34173200,"err0r nix_errors windows_account_management windows_account_password_set wineventlog_security wineventlog_windows winsec","COREDEV-005",34173200,,main,,,,22,,,"user_n
user_c","Domain_D\user_n
Domain_D\user_c","Domain_D\","reset an account's password","An attempt was made to reset an accounts password",,WinEventLog,user,,,,,,,Windows,,,"//_::_==___.====-=__===_=_______'_.:t_:__\t_:__t_:",,,,0x4D76,informational,0,,,"An attempt was made to reset an accounts password",4724,"WinEventLog:Security",WinEventLog,"prd-p-g7nxxbgc3hgl",,,,,,,,,,,,,,,"Domain_D",,,,,,,,,,"user_n",,,,,,,,,,,,,,,,,false,,,,,failure,,"An attempt was made to reset an accounts password",failure,"Account Management",,"account
change
error
management
modify
os
password
security
windows",,,,,,,,,"account
change
error
management
modify
os
password
security
windows",,,,,,,,,,,,,,,22,0,,"user_c",,,,,,,,,,,,,,,,,,,false,,,,,Microsoft,,
SeServiceLogonRight,"Domain_C",,"HOST-005
Domain_C\user_h",,,,,,,,,,,,,,,,,,,,,,,"HOST-005",,,,,,,,,"-",4717,"System security access was granted to an account",0,,,,,,,,,,,,,,,,,"Audit Success",,,,,Security,,,,,0xA19C,,,,,,,,,"System security access was granted to an account.

Subject:
	Security ID:		Domain_C\SYSTEM
	Account Name:		HOST-005
	Account Domain:		Domain_C
	Logon ID:		0xA19C

Account Modified:
	Account Name:		Domain_C\user_h

Access Granted:
	Access Right:		SeServiceLogonRight",,,,,,,,,,,,,,,Info,,,,,,,,,,,,,,,,436226119,,,,,,"Domain_C\SYSTEM",,,"Microsoft Windows security auditing.",,,,,,,,,,,,,,,,,,,"Authentication Policy Change",,,,,Information,,,,,,,,,,,,"02/13/2020 08:03:35 PM
LogName=Security
SourceName=Microsoft Windows security auditing.
EventCode=4717
EventType=0
Type=Information
ComputerName=HOST-005
TaskCategory=Authentication Policy Change
OpCode=Info
RecordNumber=436226119
Keywords=Audit Success
Message=System security access was granted to an account.

Subject:
	Security ID:		Domain_C\SYSTEM
	Account Name:		HOST-005
	Account Domain:		Domain_C
	Logon ID:		0xA19C

Account Modified:
	Account Name:		Domain_C\user_h

Access Granted:
	Access Right:		SeServiceLogonRight
","2020-02-13T20:03:35.000+0000",success,"win:unknown","System security access was granted to an account.

Subject:
	Security ID:		Domain_C\SYSTEM
	Account Name:		HOST-005
	Account Domain:		Domain_C
	Logon ID:		0xA19C

Account Modified:
	Account Name:		Domain_C\user_h

Access Granted:
	Access Right:		SeServiceLogonRight",,"Authentication Policy Change",,,,20,13,3,february,35,thursday,2020,local,"HOST-005",,,,,,,,,false,,,,"Domain_C","HOST-005",,untrust,,false,false,false,,"HOST-005",,,,,,,,,false,,,,"HOST-005",,untrust,,false,false,false,,436226119,"windows_security_access_granted wineventlog_security wineventlog_windows winsec","HOST-005",436226119,,main,,,,25,,,"HOST-005
Domain_C\user_h","Domain_C\SYSTEM","Domain_C\",,"System security access was granted to an account",,WinEventLog,,,,,,,,Windows,,,"//_::_==___.====-=__===_=_______.:t_:tt\t_:tt-t_:t",,,,0xA19C,informational,0,,,"System security access was granted to an account",4717,"WinEventLog:Security",WinEventLog,"prd-p-g7nxxbgc3hgl",,,,,,,,,,,,,,,"Domain_C",,,,,,,,,,"HOST-005",,,,,,,,,,,,,,,,,false,,,,,success,,"System security access was granted to an account",failure,,,"access
account
add
authorization
change
os
security
success
windows",,,,success,,,,,"access
account
add
authorization
change
os
security
windows",,,,,,,,,,,,,,,22,0,,"Domain_C\user_h",,,,,,,,,,,,,,,,,,,false,,,,,Microsoft,,
,"Domain_D
Domain_D",,"user_g
user_e",,,,,,,,,,,,,,,"Account Management",,,,,,,,"ops-sys-003",,,,,,,,,"-",4726,"A user account was deleted",0,,,,,,,,,,,,,,,,,"Audit Success",,,,,Security,,,,,0xEB5F,,,,,,,,,"A user account was deleted.

Subject:
	Security ID:		Domain_D\user_g
	Account Name:		user_g
	Account Domain:		Domain_D
	Logon ID:		0xEB5F

Target Account:
	Security ID:		Domain_D\user_e
	Account Name:		user_e
	Account Domain:		Domain_D

Additional Information:
	Privileges	SeSecurityPrivilege",,,,,,,,,,,,,,,Info,,,,,,,,,,,,,,,,399017352,,,,,,"Domain_D\user_g
Domain_D\user_e",,,"Microsoft Windows security auditing.",,,,,,,,,,,,,,,,,,,"User Account Management",,,,,Information,,,,,,,,,,,,"02/13/2020 08:03:35 PM
LogName=Security
SourceName=Microsoft Windows security auditing.
EventCode=4726
EventType=0
Type=Information
ComputerName=ops-sys-003
TaskCategory=User Account Management
OpCode=Info
RecordNumber=399017352
Keywords=Audit Success
Message=A user account was deleted.

Subject:
	Security ID:		Domain_D\user_g
	Account Name:		user_g
	Account Domain:		Domain_D
	Logon ID:		0xEB5F

Target Account:
	Security ID:		Domain_D\user_e
	Account Name:		user_e
	Account Domain:		Domain_D

Additional Information:
	Privileges	SeSecurityPrivilege
","2020-02-13T20:03:35.000+0000",deleted,"win:unknown","A user account was deleted.

