LogName=Security
SourceName=Microsoft Windows security auditing.
EventCode=4738
EventType=0
Type=Information
ComputerName=ops-sys-006
TaskCategory=User Account Management
OpCode=Info
RecordNumber=453702636
Keywords=Audit Success
Message=A User account was changed.

Subject:
 Security ID:  Domain_B\user_g
 Account Name:  user_g
 Account Domain:  Domain_B
 Logon ID:  0xEB5F

Target Account:
 Security ID:  Domain_B\user_i
 Account Name:  user_i
 Account Domain:  Domain_B

Changed Attributes:
 SAM Account Name: user_d
 Display Name:  fff
 User Principal Name: ccc@AAA.local
 Home Directory:  \a\g
 Home Drive:  A:
 Script Path:  \a
 Profile Path:  \a\e
 User Workstations: DDD
 Password Last Set: <never>
 Account Expires:  <never>
 Primary Group ID: 134
 AllowedToDelegateTo: server_2/computer_b
 Old UAC Value:  206E423
 New UAC Value:  EB19F01
 User Account Control: NORMAL_ACCOUNT - Enabled
 User Parameters: <value not set>
 SID History:  -
 Logon Hours:  Tuesday 8:00 PM -Wednesday 10:00 AM

Additional Information:
 Privileges:  -
","2020-02-13T20:03:32.000+0000",modified,"win:unknown","A User account was changed.

Subject:
 Security ID:  Domain_B\user_g
 Account Name:  user_g
 Account Domain:  Domain_B
 Logon ID:  0xEB5F

Target Account:
 Security ID:  Domain_B\user_i
 Account Name:  user_i
 Account Domain:  Domain_B

Changed Attributes:
 SAM Account Name: user_d
 Display Name:  fff
 User Principal Name: ccc@AAA.local
 Home Directory:  \a\g
 Home Drive:  A:
 Script Path:  \a
 Profile Path:  \a\e
 User Workstations: DDD
 Password Last Set: <never>
 Account Expires:  <never>
 Primary Group ID: 134
 AllowedToDelegateTo: server_2/computer_b
 Old UAC Value:  206E423
 New UAC Value:  EB19F01
 User Account Control: NORMAL_ACCOUNT - Enabled
 User Parameters: <value not set>
 SID History:  -
 Logon Hours:  Tuesday 8:00 PM -Wednesday 10:00 AM

Additional Information:
 Privileges:  -",,"User Account Management",user,,,20,13,3,february,32,thursday,2020,local,"ops-sys-006",,,,,,,,,false,,,,"Domain_B","ops-sys-006",,untrust,,false,false,false,,"ops-sys-006",,,,,,,,,false,,,,"ops-sys-006",,untrust,,false,false,false,,453702636,"windows_account_management windows_account_modified wineventlog_security wineventlog_windows winsec","ops-sys-006",453702636,,main,,,,47,,,"user_g
user_i","Domain_B\user_g
Domain_B\user_i","Domain_B\",,"A user account was changed",,WinEventLog,user,,,,,"-",,Windows,,,"//_::_==___.====--=__===_=____.:__:__\__:____:____",,,,0xEB5F,informational,0,,,"A user account was changed",4738,"WinEventLog:Security",WinEventLog,"prd-p-g7nxxbgc3hgl",,,,,,,,,,,,,,,"Domain_B",,,,,,,,,,"user_g",,,,,,,,,,,,,,,,,false,,,,,success,,"A user account was changed",failure,"Account Management",,"account
change
management
modify
os
security
windows",,,,,,,,,"account
change
management
modify
os
security
windows",,,,,,,,,,,,,,,22,0,,"user_i",,,,,,134,,,,,,,,,,,,,false,,,,,Microsoft,"-",
,"Domain_B
Domain_B",,"user_h
user_f",,,,,,,,,,,,,,,"Account Management",,,,,,,,"SE-004",,,,,,,,,"-",4724,"An attempt was made to reset an accounts password",0,,,,,,,,,,,,,,,,,"Audit Success",,,,,Security,,,,,0xA19C,,,,,,,,,"An attempt was made to reset an account's password.
Subject:
	Security ID:  Domain_B\user_h
	Account Name:  user_h
	Account Domain:  Domain_B
	Logon ID:  0xA19C
Target Account:
	Security ID:  Domain_B\user_f
	Account Name:  user_f
	Account Domain:  Domain_B",,,,,,,,,,,,,,,Info,,,,,,,,,,,,,,,,535411941,,,,,,"Domain_B\user_h
Domain_B\user_f",,,"Microsoft Windows security auditing.",,,,,,,,,,,,,,,,,,,"User Account Management",,,,,Information,,,,,,,,,,,,"02/13/2020 08:03:32 PM
LogName=Security
SourceName=Microsoft Windows security auditing.
EventCode=4724
EventType=0
Type=Information
ComputerName=SE-004
TaskCategory=User Account Management
OpCode=Info
RecordNumber=535411941
Keywords=Audit Success
Message=An attempt was made to reset an account's password.
Subject:
	Security ID:  Domain_B\user_h
	Account Name:  user_h
	Account Domain:  Domain_B
	Logon ID:  0xA19C
Target Account:
	Security ID:  Domain_B\user_f
	Account Name:  user_f
	Account Domain:  Domain_B
","2020-02-13T20:03:32.000+0000",modified,"win:unknown","An attempt was made to reset an account's password.
Subject:
	Security ID:  Domain_B\user_h
	Account Name:  user_h
	Account Domain:  Domain_B
	Logon ID:  0xA19C
Target Account:
	Security ID:  Domain_B\user_f
	Account Name:  user_f
	Account Domain:  Domain_B",,"User Account Management",user,,,20,13,3,february,32,thursday,2020,local,"SE-004",,,,,,,,,false,,,,"Domain_B","SE-004",,untrust,,false,false,false,,"SE-004",,,,,,,,,false,,,,"SE-004",,untrust,,false,false,false,,535411941,"windows_account_management windows_account_password_set wineventlog_security wineventlog_windows winsec","SE-004",535411941,,main,,,,22,,,"user_h
user_f","Domain_B\user_h
Domain_B\user_f","Domain_B\","reset an account's password","An attempt was made to reset an accounts password",,WinEventLog,user,,,,,,,Windows,,,"//_::_==___.====-=__===_=_______'_.:t_:__\t_:__t_:",,,,0xA19C,informational,0,,,"An attempt was made to reset an accounts password",4724,"WinEventLog:Security",WinEventLog,"prd-p-g7nxxbgc3hgl",,,,,,,,,,,,,,,"Domain_B",,,,,,,,,,"user_h",,,,,,,,,,,,,,,,,false,,,,,success,,"An attempt was made to reset an accounts password",failure,"Account Management",,"account
change
management
modify
os
password
security
windows",,,,,,,,,"account
change
management
modify
os
password
security
windows",,,,,,,,,,,,,,,22,0,,"user_f",,,,,,,,,,,,,,,,,,,false,,,,,Microsoft,,
,,,,,,,,,,"MICROSOFT_AUTHENTICATION_PACKAGE_V1_0",,,,,,,,,,,,,,,,"HOST-003",,,,,,,,,0xC000006A,4776,"The domain controller attempted to validate the credentials for an account",0,,,,,,,,,,,,,,,,,"Failure Audit",,,,,Security,,"user_f",,,,,,,,,,,,"The computer attempted to validate the credentials for an account.
Authentication Package: MICROSOFT_AUTHENTICATION_PACKAGE_V1_0
Logon Account: user_f
Source Workstation: HOST-003
Error Code: 0xC000006A",,,,,,,,,,,,,,,Info,,,,,,,,,,,,,,,,31267046,,,,,,,,,"Microsoft Windows security auditing.",,,"HOST-003",,,,,,,,,,,,,,,,"Credential Validation",,,,,Information,,,,,,,,,,,,"02/13/2020 08:03:31 PM
LogName=Security
SourceName=Microsoft Windows security auditing.
EventCode=4776
EventType=0
Type=Information
ComputerName=HOST-003
TaskCategory=Credential Validation
OpCode=Info
RecordNumber=31267046
Keywords=Failure Audit
Message=The computer attempted to validate the credentials for an account.
Authentication Package: MICROSOFT_AUTHENTICATION_PACKAGE_V1_0
Logon Account: user_f
Source Workstation: HOST-003
Error Code: 0xC000006A
","2020-02-13T20:03:31.000+0000",failure,"win:unknown","The computer attempted to validate the credentials for an account.
Authentication Package: MICROSOFT_AUTHENTICATION_PACKAGE_V1_0
Logon Account: user_f
Source Workstation: HOST-003
Error Code: 0xC000006A",,"Credential Validation",,,,20,13,3,february,31,thursday,2020,local,"HOST-003",,,,,,,,,false,,,,,"HOST-003",,untrust,,false,false,false,,"HOST-003",,,,,,,,,false,,,,"HOST-003",,untrust,,false,false,false,,31267046,"err0r nix_errors windows_account_used4logon wineventlog_security wineventlog_windows winsec","HOST-003",31267046,,main,,,,17,,,,,,,"The domain controller attempted to validate the credentials for an account",,WinEventLog,,,,,,,,Windows,,,"//_::_==___.====-=_===_=_________._:__:__:_-_:_",,,,,informational,0,,,"The domain controller attempted to validate the credentials for an account",4776,"WinEventLog:Security",WinEventLog,"prd-p-g7nxxbgc3hgl",,"HOST-003",,,,,,,,,false,,,,,"HOST-003",,untrust,,,false,,false,false,,,,,,,,,,,,,,,,,,,,,,,failure,,"The domain controller attempted to validate the credentials for an account",failure,,,"authentication
error
failure
os
security
windows",,,,failure,,,,,"authentication
error
os
security
windows",,,,,,,,,,,,,,,22,0,,"user_f",,,,,,,,,,,,,,,,,,,false,,,,,Microsoft,,
,"Domain_B
Domain_B",,"user_m
user_l",,,,,,,,,,,,,,,"Account Management",,,,,,,,"PROD-MFS-005",,,,,,,,,"-",4724,"An attempt was made to reset an accounts password",0,,,,,,,,,,,,,,,,,"Audit Success",,,,,Security,,,,,0x46BA,,,,,,,,,"An attempt was made to reset an account's password.
Subject:
	Security ID:  Domain_B\user_m
	Account Name:  user_m
	Account Domain:  Domain_B
	Logon ID:  0x46BA
Target Account:
	Security ID:  Domain_B\user_l
	Account Name:  user_l
	Account Domain:  Domain_B",,,,,,,,,,,,,,,Info,,,,,,,,,,,,,,,,316939750,,,,,,"Domain_B\user_m
Domain_B\user_l",,,"Microsoft Windows security auditing.",,,,,,,,,,,,,,,,,,,"User Account Management",,,,,Information,,,,,,,,,,,,"02/13/2020 08:03:31 PM
LogName=Security
SourceName=Microsoft Windows security auditing.
EventCode=4724
EventType=0
Type=Information
ComputerName=PROD-MFS-005
TaskCategory=User Account Management
OpCode=Info
RecordNumber=316939750
Keywords=Audit Success
Message=An attempt was made to reset an account's password.
Subject:
	Security ID:  Domain_B\user_m
	Account Name:  user_m
	Account Domain:  Domain_B
	Logon ID:  0x46BA
Target Account:
	Security ID:  Domain_B\user_l
	Account Name:  user_l
	Account Domain:  Domain_B
","2020-02-13T20:03:31.000+0000",modified,"win:unknown","An attempt was made to reset an account's password.
Subject:
	Security ID:  Domain_B\user_m
	Account Name:  user_m
	Account Domain:  Domain_B
	Logon ID:  0x46BA
Target Account:
	Security ID:  Domain_B\user_l
	Account Name:  user_l
	Account Domain:  Domain_B",,"User Account Management",user,,,20,13,3,february,31,thursday,2020,local,"PROD-MFS-005",,,,,,,,,false,,,,"Domain_B","PROD-MFS-005",,untrust,,false,false,false,,"PROD-MFS-005",,,,,,,,,false,,,,"PROD-MFS-005",,untrust,,false,false,false,,316939750,"windows_account_management windows_account_password_set wineventlog_security wineventlog_windows winsec","PROD-MFS-005",316939750,,main,,,,22,,,"user_m
user_l","Domain_B\user_m
Domain_B\user_l","Domain_B\","reset an account's password","An attempt was made to reset an accounts password",,WinEventLog,user,,,,,,,Windows,,,"//_::_==___.====--=__===_=_______'_.:t_:__\t_:__t_",,,,0x46BA,informational,0,,,"An attempt was made to reset an accounts password",4724,"WinEventLog:Security",WinEventLog,"prd-p-g7nxxbgc3hgl",,,,,,,,,,,,,,,"Domain_B",,,,,,,,,,"user_m",,,,,,,,,,,,,,,,,false,,,,,success,,"An attempt was made to reset an accounts password",failure,"Account Management",,"account
change
management
modify
os
password
security
windows",,,,,,,,,"account
change
management
modify
os
password
security
windows",,,,,,,,,,,,,,,22,0,,"user_l",,,,,,,,,,,,,,,,,,,false,,,,,Microsoft,,
SeNetworkLogonRight,"Domain_E",,"HOST-006
Domain_E\user_b",,,,,,,,,,,,,,,,,,,,,,,"HOST-006",,,,,,,,,"-",4717,"System security access was granted to an account",0,,,,,,,,,,,,,,,,,"Audit Success",,,,,Security,,,,,0x3A81,,,,,,,,,"System security access was granted to an account.

Subject:
	Security ID:		Domain_E\SYSTEM
	Account Name:		HOST-006
	Account Domain:		Domain_E
	Logon ID:		0x3A81

Account Modified:
	Account Name:		Domain_E\user_b

Access Granted:
	Access Right:		SeNetworkLogonRight",,,,,,,,,,,,,,,Info,,,,,,,,,,,,,,,,859587070,,,,,,"Domain_E\SYSTEM",,,"Microsoft Windows security auditing.",,,,,,,,,,,,,,,,,,,"Authentication Policy Change",,,,,Information,,,,,,,,,,,,"02/13/2020 08:03:31 PM
LogName=Security
SourceName=Microsoft Windows security auditing.
EventCode=4717
EventType=0
Type=Information
ComputerName=HOST-006
TaskCategory=Authentication Policy Change
OpCode=Info
RecordNumber=859587070
Keywords=Audit Success
Message=System security access was granted to an account.

Subject:
	Security ID:		Domain_E\SYSTEM
	Account Name:		HOST-006
	Account Domain:		Domain_E
	Logon ID:		0x3A81

Account Modified:
	Account Name:		Domain_E\user_b

Access Granted:
	Access Right:		SeNetworkLogonRight
","2020-02-13T20:03:31.000+0000",success,"win:unknown","System security access was granted to an account.

Subject:
	Security ID:		Domain_E\SYSTEM
	Account Name:		HOST-006
	Account Domain:		Domain_E
	Logon ID:		0x3A81

Account Modified:
	Account Name:		Domain_E\user_b

Access Granted:
	Access Right:		SeNetworkLogonRight",,"Authentication Policy Change",,,,20,13,3,february,31,thursday,2020,local,"HOST-006",,,,,,,,,false,,,,"Domain_E","HOST-006",,untrust,,false,false,false,,"HOST-006",,,,,,,,,false,,,,"HOST-006",,untrust,,false,false,false,,859587070,"windows_security_access_granted wineventlog_security wineventlog_windows winsec","HOST-006",859587070,,main,,,,25,,,"HOST-006
Domain_E\user_b","Domain_E\SYSTEM","Domain_E\",,"System security access was granted to an account",,WinEventLog,,,,,,,,Windows,,,"//_::_==___.====-=__===_=_______.:t_:tt\t_:tt-t_:t",,,,0x3A81,informational,0,,,"System security access was granted to an account",4717,"WinEventLog:Security",WinEventLog,"prd-p-g7nxxbgc3hgl",,,,,,,,,,,,,,,"Domain_E",,,,,,,,,,"HOST-006",,,,,,,,,,,,,,,,,false,,,,,success,,"System security access was granted to an account",failure,,,"access
account
add
authorization
change
os
security
success
windows",,,,success,,,,,"access
account
add
authorization
change
os
security
windows",,,,,,,,,,,,,,,22,0,,"Domain_E\user_b",,,,,,,,,,,,,,,,,,,false,,,,,Microsoft,,
,"Domain_E",,"user_b",,,,,,,,,,,,,,,,,,,,,,,"ops-sys-005",,,,,,,,,"-",4672,"Special privileges assigned to new logon",0,,,,,,,,,,,,,,,,,"Audit Success",,,,,Security,,,,,0x3A81,,,,,,,,,"Special privileges assigned to new logon.
Subject:
	Security ID:		Domain_E\user_b
	Account Name:		user_b
	Account Domain:		Domain_E
	Logon ID:		0x3A81
Privileges:	SeSecurityPrivilege
			SeTakeOwnershipPrivilege
			SeLoadDriverPrivilege
			SeBackupPrivilege
			SeRestorePrivilege
			SeDebugPrivilege
			SeSystemEnvironmentPrivilege
			SeImpersonatePrivilege",,,,,,,,,,,,,,,Info,,,,,,,,,,,SeSecurityPrivilege,,,,,472901875,,,,,,"Domain_E\user_b",,,"Microsoft Windows security auditing.",,,,,,,,,,,,,,,,,,,"Special Logon",,,,,Information,,,,,,,,,,,,"02/13/2020 08:03:31 PM
LogName=Security
SourceName=Microsoft Windows security auditing.
EventCode=4672
EventType=0
Type=Information
ComputerName=ops-sys-005
TaskCategory=Special Logon
OpCode=Info
RecordNumber=472901875
Keywords=Audit Success
Message=Special privileges assigned to new logon.
Subject:
	Security ID:		Domain_E\user_b
	Account Name:		user_b
	Account Domain:		Domain_E
	Logon ID:		0x3A81
Privileges:	SeSecurityPrivilege
			SeTakeOwnershipPrivilege
			SeLoadDriverPrivilege
			SeBackupPrivilege
			SeRestorePrivilege
			SeDebugPrivilege
			SeSystemEnvironmentPrivilege
			SeImpersonatePrivilege
","2020-02-13T20:03:31.000+0000",success,"win:unknown","Special privileges assigned to new logon.
Subject:
	Security ID:		Domain_E\user_b
	Account Name:		user_b
	Account Domain:		Domain_E
	Logon ID:		0x3A81
Privileges:	SeSecurityPrivilege
			SeTakeOwnershipPrivilege
			SeLoadDriverPrivilege
			SeBackupPrivilege
			SeRestorePrivilege
			SeDebugPrivilege
			SeSystemEnvironmentPrivilege
			SeImpersonatePrivilege",,"Special Logon",,,,20,13,3,february,31,thursday,2020,local,"ops-sys-005",,,,,,,,,false,,,,"Domain_E","ops-sys-005",,untrust,,false,false,false,,"ops-sys-005",,,,,,,,,false,,,,"ops-sys-005",,untrust,,false,false,false,,472901875,"windows_special_privileges wineventlog_security wineventlog_windows winsec","ops-sys-005",472901875,,main,,,,26,,,"user_b","Domain_E\user_b","Domain_E\",,"Special privileges assigned to new logon",,WinEventLog,,,,,"Manage auditing and security log
Take ownership of files or other objects
Load and unload device drivers
Back up files and directories
Restore files and directories
Debug programs
Modify firmware environment values
Impersonate a Client After Authentication","SeSecurityPrivilege
SeTakeOwnershipPrivilege
SeLoadDriverPrivilege
SeBackupPrivilege
SeRestorePrivilege
SeDebugPrivilege
SeSystemEnvironmentPrivilege
SeImpersonatePrivilege",,Windows,,,"//_::_==___.====--=_===_=_____.:t_:tt\t_:ttt_:ttt_",,,,0x3A81,informational,0,,,"Special privileges assigned to new logon",4672,"WinEventLog:Security",WinEventLog,"prd-p-g7nxxbgc3hgl",,,,,,,,,,,,,,,"Domain_E",,,,,,,,,,,,,,,,,,,,,,,,,,,,,,,,success,,"Special privileges assigned to new logon",failure,,,"audit
authentication
os
privileged
security
success
windows",,,,success,,,,,"authentication
os
privileged
security
windows",,audit,,,,,,,,,,,,,22,0,,"user_b",,,,,,,,,,,,,,,,,,,false,,,,,Microsoft,"SeSecurityPrivilege
			SeTakeOwnershipPrivilege
			SeLoadDriverPrivilege
			SeBackupPrivilege
			SeRestorePrivilege
			SeDebugPrivilege
			SeSystemEnvironmentPrivilege
			SeImpersonatePrivilege",
,"Domain_B",,"user_c",,,,,,,,,,,,,,,,,,,,,,,"$SPLUNK_HOME/etc/apps/Splunk_TA_windows/samples/hostname.sample",0x3D78,,,,,,,,"-",4688,"A new process has been created",0,,,,,,,,,,,,,,,,,"Audit Success",,,,,Security,,,,,0x5FC9,,,,,,,,,"A new process has been created.
Subject:
	Security ID:		Domain_B\user_c
	Account Name:		user_c
	Account Domain:		Domain_B
	Logon ID:		0x5FC9
Process Information:
	New Process ID:		0x1497
	New Process Name:	C:\Windows\System32\example_g.exe
	Token Elevation Type:	TokenElevationTypeFull (2)
	Creator Process ID:	0x3D78
Token Elevation Type indicates the type of token that was assigned to the new process in accordance with User Account Control policy.
Type 1 is a full token with no privileges removed or groups disabled.  A full token is only used if User Account Control is disabled or if the User is the built-in Administrator account or a service account.
Type 2 is an elevated token with no privileges removed or groups disabled.  An elevated token is used when User Account Control is enabled and the User chooses to start the program using Run as administrator.  An elevated token is also used when an application is configured to always require administrative privilege or to always require maximum privilege, and the User is a member of the Administrators group.
Type 3 is a limited token with administrative privileges removed and administrative groups disabled.  The limited token is used when User Account Control is enabled, the application does not require administrative privilege, and the User does not choose to start the program using Run as administrator.",,,,,,,,,,0x1497,"C:\Windows\System32\example_g.exe",,,,Info,,,,,,,,,,,,,,,,452480726,,,,,,"Domain_B\user_c",,,"Microsoft Windows security auditing.",,,,,,,,,,,,,,,,,,,"Process Creation",,"TokenElevationTypeFull (2)",2,,Information,,,,,,,,,,,,"02/13/2020 08:03:31 PM
LogName=Security
SourceName=Microsoft Windows security auditing.
EventCode=4688
EventType=0
Type=Information
ComputerName=$SPLUNK_HOME/etc/apps/Splunk_TA_windows/samples/hostname.sample
TaskCategory=Process Creation
OpCode=Info
RecordNumber=452480726
Keywords=Audit Success
Message=A new process has been created.
Subject:
	Security ID:		Domain_B\user_c
	Account Name:		user_c
	Account Domain:		Domain_B
	Logon ID:		0x5FC9
Process Information:
	New Process ID:		0x1497
	New Process Name:	C:\Windows\System32\example_g.exe
	Token Elevation Type:	TokenElevationTypeFull (2)
	Creator Process ID:	0x3D78
Token Elevation Type indicates the type of token that was assigned to the new process in accordance with User Account Control policy.
Type 1 is a full token with no privileges removed or groups disabled.  A full token is only used if User Account Control is disabled or if the User is the built-in Administrator account or a service account.
Type 2 is an elevated token with no privileges removed or groups disabled.  An elevated token is used when User Account Control is enabled and the User chooses to start the program using Run as administrator.  An elevated token is also used when an application is configured to always require administrative privilege or to always require maximum privilege, and the User is a member of the Administrators group.
Type 3 is a limited token with administrative privileges removed and administrative groups disabled.  The limited token is used when User Account Control is enabled, the application does not require administrative privilege, and the User does not choose to start the program using Run as administrator.
","2020-02-13T20:03:31.000+0000",success,"win:unknown","A new process has been created.
Subject:
	Security ID:		Domain_B\user_c
	Account Name:		user_c
	Account Domain:		Domain_B
	Logon ID:		0x5FC9
Process Information:
	New Process ID:		0x1497
	New Process Name:	C:\Windows\System32\example_g.exe
	Token Elevation Type:	TokenElevationTypeFull (2)
	Creator Process ID:	0x3D78
Token Elevation Type indicates the type of token that was assigned to the new process in accordance with User Account Control policy.
Type 1 is a full token with no privileges removed or groups disabled.  A full token is only used if User Account Control is disabled or if the User is the built-in Administrator account or a service account.
Type 2 is an elevated token with no privileges removed or groups disabled.  An elevated token is used when User Account Control is enabled and the User chooses to start the program using Run as administrator.  An elevated token is also used when an application is configured to always require administrative privilege or to always require maximum privilege, and the User is a member of the Administrators group.
Type 3 is a limited token with administrative privileges removed and administrative groups disabled.  The limited token is used when User Account Control is enabled, the application does not require administrative privilege, and the User does not choose to start the program using Run as administrator.",,"Process Creation",,,,20,13,3,february,31,thursday,2020,local,"$SPLUNK_HOME/etc/apps/Splunk_TA_windows/samples/hostname.sample",,,,,,,,,false,,,,"Domain_B","$SPLUNK_HOME/etc/apps/Splunk_TA_windows/samples/hostname.sample",,untrust,,false,false,false,,"$SPLUNK_HOME/etc/apps/Splunk_TA_windows/samples/hostname.sample",,,,,,,,,false,,,,"$SPLUNK_HOME/etc/apps/Splunk_TA_windows/samples/hostname.sample",,untrust,,false,false,false,,452480726,"windows_process_new wineventlog_security wineventlog_windows winsec","$SPLUNK_HOME/etc/apps/Splunk_TA_windows/samples/hostname.sample",452480726,,main,,,,27,,,"user_c","Domain_B\user_c","Domain_B\",,"A new process has been created",,WinEventLog,,,,,,,,Windows,,,"//_::_==___.====$/////.=_===_=_____.:t_:tt\t_:ttt_",,,,0x5FC9,informational,0,,,"A new process has been created",4688,"WinEventLog:Security",WinEventLog,"prd-p-g7nxxbgc3hgl",,,,,,,,,,,,,,,"Domain_B",,,,,,,,,,,,,,,,,,,,,,,,,,,,,,,,success,,"A new process has been created",failure,,,"execute
os
privileged
process
security
start
success
windows",,,privileged,success,,,,,"execute
os
process
security
start
windows",,,,,,,,,,,,,,,22,0,,"user_c",,,,,,,,,,,,,,,,,,,false,,,,,Microsoft,,
,"Domain_C
Domain_C","<never>","user_g
user_c",,,,"server_1/coumputer_a",,,,,,,,,,,"Account Management",,,,,,,,"HOST-005",,,ddd,,,,,,"-",4738,"A user account was changed",0,,,,,,,,"\f","F:",,,,,,,,"Audit Success",,,,,Security,,,,"Monday 2:00 PM -Tuesday 6:00 PM",0xEB5F,,,,"SAM Account Name: user_b
 Display Name:  ddd
 User Principal Name: eee@AAA.local
 Home Directory:  \f
 Home Drive:  F:
 Script Path:  <value not set>
 Profile Path:  \a\b\c
 User Workstations: AAA
 Password Last Set: 2020-02-13 20:03:31 PM
 Account Expires:  <never>
 Primary Group ID: 139
 AllowedToDelegateTo: server_1/coumputer_a
 Old UAC Value:  E10F9B8
 New UAC Value:  82697EB
 User Account Control: SMARTCARD_REQUIRED - Enabled
 User Parameters: <value not set>
 SID History:  -
 Logon Hours:  Monday 2:00 PM -Tuesday 6:00 PM",,,,,"A User account was changed.

Subject:
 Security ID:  Domain_C\user_g
 Account Name:  user_g
 Account Domain:  Domain_C
 Logon ID:  0xEB5F

Target Account:
 Security ID:  Domain_C\user_c
 Account Name:  user_c
 Account Domain:  Domain_C

Changed Attributes:
 SAM Account Name: user_b
 Display Name:  ddd
 User Principal Name: eee@AAA.local
 Home Directory:  \f
 Home Drive:  F:
 Script Path:  <value not set>
 Profile Path:  \a\b\c
 User Workstations: AAA
 Password Last Set: 2020-02-13 20:03:31 PM
 Account Expires:  <never>
 Primary Group ID: 139
 AllowedToDelegateTo: server_1/coumputer_a
 Old UAC Value:  E10F9B8
 New UAC Value:  82697EB
 User Account Control: SMARTCARD_REQUIRED - Enabled
 User Parameters: <value not set>
 SID History:  -
 Logon Hours:  Monday 2:00 PM -Tuesday 6:00 PM

Additional Information:
 Privileges:  SeDebugPrivilege",,,,,,,,,,,,82697EB,,E10F9B8,Info,,,,"2020-02-13 20:03:31 PM",,,,139,,,SeDebugPrivilege,,,"\a\b\c",,148932600,,,"user_b","-","<value not set>","Domain_C\user_g
Domain_C\user_c",,,"Microsoft Windows security auditing.",,,,,,,,,,,,,,,,,,,"User Account Management",,,,,Information,,"SMARTCARD_REQUIRED - Enabled",,,"<value not set>","eee@AAA.local",AAA,,,,,"02/13/2020 08:03:31 PM
LogName=Security
SourceName=Microsoft Windows security auditing.
EventCode=4738
EventType=0
Type=Information
ComputerName=HOST-005
TaskCategory=User Account Management
OpCode=Info
RecordNumber=148932600
Keywords=Audit Success
Message=A User account was changed.

Subject:
 Security ID:  Domain_C\user_g
 Account Name:  user_g
 Account Domain:  Domain_C
 Logon ID:  0xEB5F

Target Account:
 Security ID:  Domain_C\user_c
 Account Name:  user_c
 Account Domain:  Domain_C

Changed Attributes:
 SAM Account Name: user_b
 Display Name:  ddd
 User Principal Name: eee@AAA.local
 Home Directory:  \f
 Home Drive:  F:
 Script Path:  <value not set>
 Profile Path:  \a\b\c
 User Workstations: AAA
 Password Last Set: 2020-02-13 20:03:31 PM
 Account Expires:  <never>
 Primary Group ID: 139
 AllowedToDelegateTo: server_1/coumputer_a
 Old UAC Value:  E10F9B8
 New UAC Value:  82697EB
 User Account Control: SMARTCARD_REQUIRED - Enabled
 User Parameters: <value not set>
 SID History:  -
 Logon Hours:  Monday 2:00 PM -Tuesday 6:00 PM

Additional Information:
 Privileges:  SeDebugPrivilege
","2020-02-13T20:03:31.000+0000",modified,"win:unknown","A User account was changed.

Subject:
 Security ID:  Domain_C\user_g
 Account Name:  user_g
 Account Domain:  Domain_C
 Logon ID:  0xEB5F

Target Account:
 Security ID:  Domain_C\user_c
 Account Name:  user_c
 Account Domain:  Domain_C

Changed Attributes:
 SAM Account Name: user_b
 Display Name:  ddd
 User Principal Name: eee@AAA.local
 Home Directory:  \f
 Home Drive:  F:
 Script Path:  <value not set>
 Profile Path:  \a\b\c
 User Workstations: AAA
 Password Last Set: 2020-02-13 20:03:31 PM
 Account Expires:  <never>
 Primary Group ID: 139
 AllowedToDelegateTo: server_1/coumputer_a
 Old UAC Value:  E10F9B8
 New UAC Value:  82697EB
 User Account Control: SMARTCARD_REQUIRED - Enabled
 User Parameters: <value not set>
 SID History:  -
 Logon Hours:  Monday 2:00 PM -Tuesday 6:00 PM

Additional Information:
 Privileges:  SeDebugPrivilege",,"User Account Management",user,,,20,13,3,february,31,thursday,2020,local,"HOST-005",,,,,,,,,false,,,,"Domain_C","HOST-005",,untrust,,false,false,false,,"HOST-005",,,,,,,,,false,,,,"HOST-005",,untrust,,false,false,false,,148932600,"windows_account_management windows_account_modified wineventlog_security wineventlog_windows winsec","HOST-005",148932600,,main,,,,47,,,"user_g
user_c","Domain_C\user_g
Domain_C\user_c","Domain_C\",,"A user account was changed",,WinEventLog,user,,,,"Debug programs",SeDebugPrivilege,,Windows,,,"//_::_==___.====-=__===_=____.:__:__\__:____:____:",,,,0xEB5F,informational,0,,,"A user account was changed",4738,"WinEventLog:Security",WinEventLog,"prd-p-g7nxxbgc3hgl",,,,,,,,,,,,,,,"Domain_C",,,,,,,,,,"user_g",,,,,,,,,,,,,,,,,false,,,,,success,,"A user account was changed",failure,"Account Management",,"account
change
management
modify
os
security
windows",,,,,,,,,"account
change
management
modify
os
security
windows",,,,,,,,,,,,,,,22,0,,"user_c",,,,,,139,,,,,,,,,,,,,false,,,,,Microsoft,SeDebugPrivilege,
,"Domain_D",,"user_f",,,,,,,,,,,,,,,,,,,,,,,"BUSDEV-006",,,,,,,,,"-",4673,"A privileged service was called",0,,,,,,,,,,,,,,,,,"Audit Success",,,,,Security,,,,,0xA369,,,,,,,,,"A privileged service was called.

Subject:
	Security ID:		Domain_D\user_f
	Account Name:		user_f
	Account Domain:		Domain_D
	Logon ID:		0xA369

Service:
	Server:	NT Local Security Authority / Authentication Service
	Service Name:	LsaRegisterLogonProcess()

Process:
	Process ID:	0x9EC8
	Process Name:	C:\Windows\System32\example_f.exe

Service Request Information:
	Privileges:		SeDebugPrivilege",,,,,,,,,,,,,,,Info,,,,,,,,,,,SeDebugPrivilege,0x9EC8,"C:\Windows\System32\example_f.exe",,,801146646,,,,,,"Domain_D\user_f","NT Local Security Authority / Authentication Service","LsaRegisterLogonProcess()","Microsoft Windows security auditing.",,,,,,,,,,,,,,,,,,,"Sensitive Privilege Use",,,,,Information,,,,,,,,,,,,"02/13/2020 08:03:31 PM
LogName=Security
SourceName=Microsoft Windows security auditing.
EventCode=4673
EventType=0
Type=Information
ComputerName=BUSDEV-006
TaskCategory=Sensitive Privilege Use
OpCode=Info
RecordNumber=801146646
Keywords=Audit Success
Message=A privileged service was called.

Subject:
	Security ID:		Domain_D\user_f
	Account Name:		user_f
	Account Domain:		Domain_D
	Logon ID:		0xA369

Service:
	Server:	NT Local Security Authority / Authentication Service
	Service Name:	LsaRegisterLogonProcess()

Process:
	Process ID:	0x9EC8
	Process Name:	C:\Windows\System32\example_f.exe

Service Request Information:
	Privileges:		SeDebugPrivilege
","2020-02-13T20:03:31.000+0000",success,"win:unknown","A privileged service was called.

Subject:
	Security ID:		Domain_D\user_f
	Account Name:		user_f
	Account Domain:		Domain_D
	Logon ID:		0xA369

Service:
	Server:	NT Local Security Authority / Authentication Service
	Service Name:	LsaRegisterLogonProcess()

Process:
	Process ID:	0x9EC8
	Process Name:	C:\Windows\System32\example_f.exe

Service Request Information:
	Privileges:		SeDebugPrivilege",,"Sensitive Privilege Use",,,,20,13,3,february,31,thursday,2020,local,"BUSDEV-006",,,,,,,,,false,,,,"Domain_D","BUSDEV-006",,untrust,,false,false,false,,"BUSDEV-006",,,,,,,,,false,,,,"BUSDEV-006",,untrust,,false,false,false,,801146646,"windows_privileged_service_call wineventlog_security wineventlog_windows winsec","BUSDEV-006",801146646,,main,,,,30,,,"user_f","Domain_D\user_f","Domain_D\",,"A privileged service was called",,WinEventLog,,,,,"Debug programs",SeDebugPrivilege,,Windows,,,"//_::_==___.====-=__===_=____.:t_:tt\t_:ttt_:ttt_:",,,,0xA369,informational,0,,,"A privileged service was called",4673,"WinEventLog:Security",WinEventLog,"prd-p-g7nxxbgc3hgl",,,,,,,,,,,,,,,"Domain_D",,,,,,,,,,,,,,,,,,,,,,,,,,,,,,,,success,,"A privileged service was called",failure,,,"execute
os
privileged
process
security
start
success
windows",,,,success,,,,,"execute
os
privileged
process
security
start
windows",,,,,,,,,,,,,,,22,0,,"user_f",,,,,,,,,,,,,,,,,,,false,,,,,Microsoft,SeDebugPrivilege,
,"Domain_A
Domain_A",,"user_g
user_a",,,,,,,,,,,,,,,"Account Management",,,,,,,,"PROD-POS-003",,,,,,,,,"-",4726,"A user account was deleted",0,,,,,,,,,,,,,,,,,"Audit Success",,,,,Security,,,,,0xEB5F,,,,,,,,,"A user account was deleted.

Subject:
	Security ID:		Domain_A\user_g
	Account Name:		user_g
	Account Domain:		Domain_A
	Logon ID:		0xEB5F

Target Account:
	Security ID:		Domain_A\user_a
	Account Name:		user_a
	Account Domain:		Domain_A

Additional Information:
	Privileges	SeDebugPrivilege",,,,,,,,,,,,,,,Info,,,,,,,,,,,,,,,,389898263,,,,,,"Domain_A\user_g
Domain_A\user_a",,,"Microsoft Windows security auditing.",,,,,,,,,,,,,,,,,,,"User Account Management",,,,,Information,,,,,,,,,,,,"02/13/2020 08:03:31 PM
LogName=Security
SourceName=Microsoft Windows security auditing.
EventCode=4726
EventType=0
Type=Information
ComputerName=PROD-POS-003
TaskCategory=User Account Management
OpCode=Info
RecordNumber=389898263
Keywords=Audit Success
Message=A user account was deleted.

Subject:
	Security ID:		Domain_A\user_g
	Account Name:		user_g
	Account Domain:		Domain_A
	Logon ID:		0xEB5F

Target Account:
	Security ID:		Domain_A\user_a
	Account Name:		user_a
	Account Domain:		Domain_A

Additional Information:
	Privileges	SeDebugPrivilege
","2020-02-13T20:03:31.000+0000",deleted,"win:unknown","A user account was deleted.

Subject:
	Security ID:		Domain_A\user_g
	Account Name:		user_g
	Account Domain:		Domain_A
	Logon ID:		0xEB5F

Target Account:
	Security ID:		Domain_A\user_a
	Account Name:		user_a
	Account Domain:		Domain_A

Additional Information:
	Privileges	SeDebugPrivilege",,"User Account Management",user,,,20,13,3,february,31,thursday,2020,local,"PROD-POS-003",,,,,,,,,false,,,,"Domain_A","PROD-POS-003",,untrust,,false,false,false,,"PROD-POS-003",,,,,,,,,false,,,,"PROD-POS-003",,untrust,,false,false,false,,389898263,"windows_account_deleted windows_account_management wineventlog_security wineventlog_windows winsec","PROD-POS-003",389898263,,main,,,,27,,,"user_g
user_a","Domain_A\user_g
Domain_A\user_a","Domain_A\",deleted,"A user account was deleted",,WinEventLog,user,,,,,,,Windows,,,"//_::_==___.====--=__===_=____.:t_:tt\t_:ttt_:ttt_",,,,0xEB5F,informational,0,,,"A user account was deleted",4726,"WinEventLog:Security",WinEventLog,"prd-p-g7nxxbgc3hgl",,,,,,,,,,,,,,,"Domain_A",,,,,,,,,,"user_g",,,,,,,,,,,,,,,,,false,,,,,success,,"A user account was deleted",failure,"Account Management",,"account
change
delete
management
os
security
windows",,,,,,,,,"account
change
delete
management
os
security
windows",,,,,,,,,,,,,,,22,0,,"user_a",,,,,,,,,,,,,,,,,,,false,,,,,Microsoft,,
,"Domain_E",,"user_h",,,,,,,,,,,,,,,,,,,,,,,"$SPLUNK_HOME/etc/apps/Splunk_TA_windows/samples/hostname.sample",0xF3D6,,,,,,,,"-",4688,"A new process has been created",0,,,,,,,,,,,,,,,,,"Audit Success",,,,,Security,,,,,0xA19C,,,,,,,,,"A new process has been created.
Subject:
	Security ID:		Domain_E\user_h
	Account Name:		user_h
	Account Domain:		Domain_E
	Logon ID:		0xA19C
Process Information:
	New Process ID:		0xBA90
	New Process Name:	C:\Windows\System32\example_a.exe
	Token Elevation Type:	TokenElevationTypeFull (2)
	Creator Process ID:	0xF3D6
Token Elevation Type indicates the type of token that was assigned to the new process in accordance with User Account Control policy.
Type 1 is a full token with no privileges removed or groups disabled.  A full token is only used if User Account Control is disabled or if the User is the built-in Administrator account or a service account.
Type 2 is an elevated token with no privileges removed or groups disabled.  An elevated token is used when User Account Control is enabled and the User chooses to start the program using Run as administrator.  An elevated token is also used when an application is configured to always require administrative privilege or to always require maximum privilege, and the User is a member of the Administrators group.
Type 3 is a limited token with administrative privileges removed and administrative groups disabled.  The limited token is used when User Account Control is enabled, the application does not require administrative privilege, and the User does not choose to start the program using Run as administrator.",,,,,,,,,,0xBA90,"C:\Windows\System32\example_a.exe",,,,Info,,,,,,,,,,,,,,,,285389078,,,,,,"Domain_E\user_h",,,"Microsoft Windows security auditing.",,,,,,,,,,,,,,,,,,,"Process Creation",,"TokenElevationTypeFull (2)",2,,Information,,,,,,,,,,,,"02/13/2020 08:03:31 PM
LogName=Security
SourceName=Microsoft Windows security auditing.
EventCode=4688
EventType=0
Type=Information
ComputerName=$SPLUNK_HOME/etc/apps/Splunk_TA_windows/samples/hostname.sample
TaskCategory=Process Creation
OpCode=Info
RecordNumber=285389078
Keywords=Audit Success
Message=A new process has been created.
Subject:
	Security ID:		Domain_E\user_h
	Account Name:		user_h
	Account Domain:		Domain_E
	Logon ID:		0xA19C
Process Information:
	New Process ID:		0xBA90
	New Process Name:	C:\Windows\System32\example_a.exe
	Token Elevation Type:	TokenElevationTypeFull (2)
	Creator Process ID:	0xF3D6
Token Elevation Type indicates the type of token that was assigned to the new process in accordance with User Account Control policy.
Type 1 is a full token with no privileges removed or groups disabled.  A full token is only used if User Account Control is disabled or if the User is the built-in Administrator account or a service account.
Type 2 is an elevated token with no privileges removed or groups disabled.  An elevated token is used when User Account Control is enabled and the User chooses to start the program using Run as administrator.  An elevated token is also used when an application is configured to always require administrative privilege or to always require maximum privilege, and the User is a member of the Administrators group.
Type 3 is a limited token with administrative privileges removed and administrative groups disabled.  The limited token is used when User Account Control is enabled, the application does not require administrative privilege, and the User does not choose to start the program using Run as administrator.
","2020-02-13T20:03:31.000+0000",success,"win:unknown","A new process has been created.
Subject:
	Security ID:		Domain_E\user_h
	Account Name:		user_h
	Account Domain:		Domain_E
	Logon ID:		0xA19C
Process Information:
	New Process ID:		0xBA90
	New Process Name:	C:\Windows\System32\example_a.exe
	Token Elevation Type:	TokenElevationTypeFull (2)
	Creator Process ID:	0xF3D6
Token Elevation Type indicates the type of token that was assigned to the new process in accordance with User Account Control policy.
Type 1 is a full token with no privileges removed or groups disabled.  A full token is only used if User Account Control is disabled or if the User is the built-in Administrator account or a service account.
Type 2 is an elevated token with no privileges removed or groups disabled.  An elevated token is used when User Account Control is enabled and the User chooses to start the program using Run as administrator.  An elevated token is also used when an application is configured to always require administrative privilege or to always require maximum privilege, and the User is a member of the Administrators group.
Type 3 is a limited token with administrative privileges removed and administrative groups disabled.  The limited token is used when User Account Control is enabled, the application does not require administrative privilege, and the User does not choose to start the program using Run as administrator.",,"Process Creation",,,,20,13,3,february,31,thursday,2020,local,"$SPLUNK_HOME/etc/apps/Splunk_TA_windows/samples/hostname.sample",,,,,,,,,false,,,,"Domain_E","$SPLUNK_HOME/etc/apps/Splunk_TA_windows/samples/hostname.sample",,untrust,,false,false,false,,"$SPLUNK_HOME/etc/apps/Splunk_TA_windows/samples/hostname.sample",,,,,,,,,false,,,,"$SPLUNK_HOME/etc/apps/Splunk_TA_windows/samples/hostname.sample",,untrust,,false,false,false,,285389078,"windows_process_new wineventlog_security wineventlog_windows winsec","$SPLUNK_HOME/etc/apps/Splunk_TA_windows/samples/hostname.sample",285389078,,main,,,,27,,,"user_h","Domain_E\user_h","Domain_E\",,"A new process has been created",,WinEventLog,,,,,,,,Windows,,,"//_::_==___.====$/////.=_===_=_____.:t_:tt\t_:ttt_",,,,0xA19C,informational,0,,,"A new process has been created",4688,"WinEventLog:Security",WinEventLog,"prd-p-g7nxxbgc3hgl",,,,,,,,,,,,,,,"Domain_E",,,,,,,,,,,,,,,,,,,,,,,,,,,,,,,,success,,"A new process has been created",failure,,,"execute
os
privileged
process
security
start
success
windows",,,privileged,success,,,,,"execute
os
process
security
start
windows",,,,,,,,,,,,,,,22,0,,"user_h",,,,,,,,,,,,,,,,,,,false,,,,,Microsoft,,
,"Domain_B",,"user_l
user_k",,,,,,,,"SE-001",,,,,,,"Account Management",,,,,,,,"SE-001",,,,,,,,,"-",4740,"A user account was locked out",0,,,,,,,,,,,,,,,,,"Audit Success",,,,,Security,,,,,0xAB37,,,,,,,,,"A user account was locked out. 
Subject: 
	Security ID: Domain_B\user_l 
	Account Name: user_l
	Account Domain: Domain_B
	Logon ID: 0xAB37
Account That Was Locked Out: 
	Security ID: Domain_B\user_k 
	Account Name: user_k
Additional Information: 
	Caller Computer Name: SE-001",,,,,,,,,,,,,,,Info,,,,,,,,,,,,,,,,493276209,,,,,,"Domain_B\user_l
Domain_B\user_k",,,"Microsoft Windows security auditing.",,,,,,,,,,,,,,,,,,,"User Account Management",,,,,Information,,,,,,,,,,,,"02/13/2020 08:03:31 PM 
LogName=Security 
SourceName=Microsoft Windows security auditing.
EventCode=4740 
EventType=0 
Type=Information
ComputerName=SE-001 
TaskCategory=User Account Management
OpCode=Info 
RecordNumber=493276209
Keywords=Audit Success
Message=A user account was locked out. 
Subject: 
	Security ID: Domain_B\user_l 
	Account Name: user_l
	Account Domain: Domain_B
	Logon ID: 0xAB37
Account That Was Locked Out: 
	Security ID: Domain_B\user_k 
	Account Name: user_k
Additional Information: 
	Caller Computer Name: SE-001
","2020-02-13T20:03:31.000+0000",modified,"win:unknown","A user account was locked out. 
Subject: 
	Security ID: Domain_B\user_l 
	Account Name: user_l
	Account Domain: Domain_B
	Logon ID: 0xAB37
Account That Was Locked Out: 
	Security ID: Domain_B\user_k 
	Account Name: user_k
Additional Information: 
	Caller Computer Name: SE-001",,"User Account Management",user,,,20,13,3,february,31,thursday,2020,local,"SE-001",,,,,,,,,false,,,,"Domain_B","SE-001",,untrust,,false,false,false,,"SE-001",,,,,,,,,false,,,,"SE-001 ",,untrust,,false,false,false,,493276209,"windows_account_lockout windows_account_management wineventlog_security wineventlog_windows winsec","SE-001 ",493276209,,main,,,,23,,,"user_l
user_k","Domain_B\user_l
Domain_B\user_k","Domain_B\","locked out","A user account was locked out",,WinEventLog,user,,,,,,,Windows,,,"//_::__=_=___.=_=_==-_=__=_==_=_____._:_t_:_\_t_:_",,,lockout,0xAB37,informational,0,,,"A user account was locked out",4740,"WinEventLog:Security",WinEventLog,"prd-p-g7nxxbgc3hgl",,,,,,,,,,,,,,,"Domain_B\user_l
Domain_B","SE-001",,,,,,,,,"user_l",,,,,,,,,,,,,,,,,false,,,,,success,,"A user account was locked out",failure,"Account Management",,"account
change
lock
lockout
management
os
security
windows",,,,,,,,,"account
change
lock
lockout
management
os
security
windows",,,,,,,,,,,,,,,22,0,,"user_k",,,,,,,,,,,,,,,,,,,false,,,,,Microsoft,,
,"Domain_E
Domain_E",,"BUSDEV-006
user_f",,,,,,,Negotiate,,,,,,,,,,,,,,,,"BUSDEV-006",,,,,,,,No,"-",4624,"An account was successfully logged on",0,,,,,,,,,,,Delegation,,,0,,,"Audit Success",CAF4,,,,Security,,,"{221B21A6-1AE2-3F9A-24EF-22C392AC2A47}",,"0x70E4
0xA369",Winlogon,6,,,,,,,"An account was successfully logged on.

Subject:
 Security ID:  Domain_E\SYSTEM
 Account Name:  BUSDEV-006
 Account Domain:  Domain_E
 Logon ID:  0x70E4

Logon Information:
 Logon Type:  6
 Restricted Admin Mode: No
 Virtual Account:  No
 Elevated Token:  No

Impersonation Level:  Delegation

New Logon:
 Security ID:  Domain_E\user_f
 Account Name:  user_f
 Account Domain:  Domain_E
 Logon ID:  0xA369
 Linked Logon ID:  CAF4
 Network Account Name: -
 Network Account Domain: -
 Logon GUID:  {221B21A6-1AE2-3F9A-24EF-22C392AC2A47}

Process Information:
 Process ID:  0xF45D
 Process Name:  C:\Windows\System32\example_d.exe

Network Information:
 Workstation Name: BUSDEV-006
 Source Network Address: -
 Source Port:  20955

Detailed Authentication Information:
 Logon Process:  Winlogon 
 Authentication Package: Negotiate
 Transited Services: service_A
 Package Name (NTLM only): -
 Key Length:  0

This event is generated when a logon session is created. It is generated on the computer that was accessed.

The subject fields indicate the account on the local system which requested the logon. This is most commonly a service such as the Server service, or a local process such as 491A5.exe or 491A5.exe.

The logon type field indicates the kind of logon that occurred. The most common types are 2 (interactive) and 3 (network).

The New Logon fields indicate the account for whom the new logon was created, i.e. the account that was logged on.

The network fields indicate where a remote logon request originated. Workstation name is not always available and may be left blank in some cases.

The impersonation level field indicates the extent to which a process in the logon session can impersonate.

The authentication information fields provide detailed information about this specific logon request.
 - Logon GUID is a unique identifier that can be used to correlate this event with a KDC event.
 - Transited services indicate which intermediate services have participated in this logon request.
 - Package name indicates which sub-protocol was used among the NTLM protocols.
 - Key length indicates the length of the generated session key. This will be 0 if no session key was requested.",,,,"-","-",,,,,,,,,,Info,,"-",,,,,,,,,,0xF45D,"C:\Windows\System32\example_d.exe",,,621962,No,,,,,"Domain_E\SYSTEM
Domain_E\user_f",,,"Microsoft Windows security auditing.","-",20955,,,,,,,,,,,,,,,,,Logon,,,,"service_A",Information,,,,,,,,No,,,"BUSDEV-006","02/13/2020 08:03:30 PM
LogName=Security
SourceName= Microsoft Windows security auditing.
EventCode=4624
EventType=0
Type=Information
ComputerName=BUSDEV-006
TaskCategory=Logon
OpCode=Info
RecordNumber=621962
Keywords=Audit Success
Message=An account was successfully logged on.

Subject:
 Security ID:  Domain_E\SYSTEM
 Account Name:  BUSDEV-006
 Account Domain:  Domain_E
 Logon ID:  0x70E4

Logon Information:
 Logon Type:  6
 Restricted Admin Mode: No
 Virtual Account:  No
 Elevated Token:  No

Impersonation Level:  Delegation

New Logon:
 Security ID:  Domain_E\user_f
 Account Name:  user_f
 Account Domain:  Domain_E
 Logon ID:  0xA369
 Linked Logon ID:  CAF4
 Network Account Name: -
 Network Account Domain: -
 Logon GUID:  {221B21A6-1AE2-3F9A-24EF-22C392AC2A47}

Process Information:
 Process ID:  0xF45D
 Process Name:  C:\Windows\System32\example_d.exe

Network Information:
 Workstation Name: BUSDEV-006
 Source Network Address: -
 Source Port:  20955

Detailed Authentication Information:
 Logon Process:  Winlogon 
 Authentication Package: Negotiate
 Transited Services: service_A
 Package Name (NTLM only): -
 Key Length:  0

This event is generated when a logon session is created. It is generated on the computer that was accessed.

The subject fields indicate the account on the local system which requested the logon. This is most commonly a service such as the Server service, or a local process such as 491A5.exe or 491A5.exe.

The logon type field indicates the kind of logon that occurred. The most common types are 2 (interactive) and 3 (network).

The New Logon fields indicate the account for whom the new logon was created, i.e. the account that was logged on.

The network fields indicate where a remote logon request originated. Workstation name is not always available and may be left blank in some cases.

The impersonation level field indicates the extent to which a process in the logon session can impersonate.

The authentication information fields provide detailed information about this specific logon request.
 - Logon GUID is a unique identifier that can be used to correlate this event with a KDC event.
 - Transited services indicate which intermediate services have participated in this logon request.
 - Package name indicates which sub-protocol was used among the NTLM protocols.
 - Key length indicates the length of the generated session key. This will be 0 if no session key was requested.

","2020-02-13T20:03:30.000+0000",success,"win:local","An account was successfully logged on.

Subject:
 Security ID:  Domain_E\SYSTEM
 Account Name:  BUSDEV-006
 Account Domain:  Domain_E
 Logon ID:  0x70E4

Logon Information:
 Logon Type:  6
 Restricted Admin Mode: No
 Virtual Account:  No
 Elevated Token:  No

Impersonation Level:  Delegation

New Logon:
 Security ID:  Domain_E\user_f
 Account Name:  user_f
 Account Domain:  Domain_E
 Logon ID:  0xA369
 Linked Logon ID:  CAF4
 Network Account Name: -
 Network Account Domain: -
 Logon GUID:  {221B21A6-1AE2-3F9A-24EF-22C392AC2A47}

Process Information:
 Process ID:  0xF45D
 Process Name:  C:\Windows\System32\example_d.exe

Network Information:
 Workstation Name: BUSDEV-006
 Source Network Address: -
 Source Port:  20955

Detailed Authentication Information:
 Logon Process:  Winlogon 
 Authentication Package: Negotiate
 Transited Services: service_A
 Package Name (NTLM only): -
 Key Length:  0

This event is generated when a logon session is created. It is generated on the computer that was accessed.

The subject fields indicate the account on the local system which requested the logon. This is most commonly a service such as the Server service, or a local process such as 491A5.exe or 491A5.exe.

The logon type field indicates the kind of logon that occurred. The most common types are 2 (interactive) and 3 (network).

The New Logon fields indicate the account for whom the new logon was created, i.e. the account that was logged on.

The network fields indicate where a remote logon request originated. Workstation name is not always available and may be left blank in some cases.

The impersonation level field indicates the extent to which a process in the logon session can impersonate.

