Subject:
	Security ID:		Domain_C\SYSTEM
	Account Name:		COREDEV-006
	Account Domain:		Domain_C
	Logon ID:		0x46BA

Account Modified:
	Account Name:		Domain_C\user_m

Access Granted:
	Access Right:		SeInteractiveLogonRight",,"Authentication Policy Change",,,,20,13,3,february,59,thursday,2020,local,"COREDEV-006",,,,,,,,,false,,,,"Domain_C","COREDEV-006",,untrust,,false,false,false,,"COREDEV-006",,,,,,,,,false,,,,"COREDEV-006",,untrust,,false,false,false,,220483707,"windows_security_access_granted wineventlog_security wineventlog_windows winsec","COREDEV-006",220483707,,main,,,,25,,,"COREDEV-006
Domain_C\user_m","Domain_C\SYSTEM","Domain_C\",,"System security access was granted to an account",,WinEventLog,,,,,,,,Windows,,,"//_::_==___.====-=__===_=_______.:t_:tt\t_:tt-t_:t",,,,0x46BA,informational,0,,,"System security access was granted to an account",4717,"WinEventLog:Security",WinEventLog,"prd-p-g7nxxbgc3hgl",,,,,,,,,,,,,,,"Domain_C",,,,,,,,,,"COREDEV-006",,,,,,,,,,,,,,,,,false,,,,,success,,"System security access was granted to an account",failure,,,"access
account
add
authorization
change
os
security
success
windows",,,,success,,,,,"access
account
add
authorization
change
os
security
windows",,,,,,,,,,,,,,,22,0,,"Domain_C\user_m",,,,,,,,,,,,,,,,,,,false,,,,,Microsoft,,
,"Domain_D
Domain_D",,"user_l
user_l",,,,,,,,,,,,,,,"Account Management",,,,,,,,"SE-004",,,,,,,,,"-",4743,"A computer account was deleted",0,,,,,,,,,,,,,,,,,"Audit Success",,,,,Security,,,,,0xAB37,,,,,,,,,"A computer account was deleted.

Subject:
	Security ID:		Domain_D\user_l
	Account Name:		user_l
	Account Domain:		Domain_D
	Logon ID:		0xAB37

Target Computer:
	Security ID:		Domain_D\user_l
	Account Name:		user_l
	Account Domain:		Domain_D

Additional Information:
	Privileges:	SeTakeOwnershipPrivilege",,,,,,,,,,,,,,,Info,,,,,,,,,,,SeTakeOwnershipPrivilege,,,,,997492699,,,,,,"Domain_D\user_l
Domain_D\user_l",,,"Microsoft Windows security auditing.",,,,,,,,,,,,,,,,,,,"Computer Account Management",,,,,Information,,,,,,,,,,,,"02/13/2020 08:03:59 PM
LogName=Security
SourceName=Microsoft Windows security auditing.
EventCode=4743
EventType=0
Type=Information
ComputerName=SE-004
TaskCategory=Computer Account Management
OpCode=Info
RecordNumber=997492699
Keywords=Audit Success
Message=A computer account was deleted.

Subject:
	Security ID:		Domain_D\user_l
	Account Name:		user_l
	Account Domain:		Domain_D
	Logon ID:		0xAB37

Target Computer:
	Security ID:		Domain_D\user_l
	Account Name:		user_l
	Account Domain:		Domain_D

Additional Information:
	Privileges:	SeTakeOwnershipPrivilege
","2020-02-13T20:03:59.000+0000",deleted,"win:unknown","A computer account was deleted.

Subject:
	Security ID:		Domain_D\user_l
	Account Name:		user_l
	Account Domain:		Domain_D
	Logon ID:		0xAB37

Target Computer:
	Security ID:		Domain_D\user_l
	Account Name:		user_l
	Account Domain:		Domain_D

Additional Information:
	Privileges:	SeTakeOwnershipPrivilege",,"Computer Account Management",user,,,20,13,3,february,59,thursday,2020,local,"SE-004",,,,,,,,,false,,,,"Domain_D","SE-004",,untrust,,false,false,false,,"SE-004",,,,,,,,,false,,,,"SE-004",,untrust,,false,false,false,,997492699,"windows_account_deleted windows_account_management wineventlog_security wineventlog_windows winsec","SE-004",997492699,,main,,,,27,,,"user_l
user_l","Domain_D\user_l
Domain_D\user_l","Domain_D\",deleted,"A computer account was deleted",,WinEventLog,user,,,,"Take ownership of files or other objects",SeTakeOwnershipPrivilege,,Windows,,,"//_::_==___.====-=__===_=____.:t_:tt\t_:ttt_:ttt_:",,,,0xAB37,informational,0,,,"A computer account was deleted",4743,"WinEventLog:Security",WinEventLog,"prd-p-g7nxxbgc3hgl",,,,,,,,,,,,,,,"Domain_D",,,,,,,,,,"user_l",,,,,,,,,,,,,,,,,false,,,,,success,,"A computer account was deleted",failure,"Account Management",,"account
change
delete
management
os
security
windows",,,,,,,,,"account
change
delete
management
os
security
windows",,,,,,,,,,,,,,,22,0,,"user_l",,,,,,,,,,,,,,,,,,,false,,,,,Microsoft,SeTakeOwnershipPrivilege,
,"Domain_E
Domain_E",,"user_b
user_l",,,,,,,,,,,,,,,"Account Management",,,,,,,,"PROD-MFS-005",,,,,,,,,"-",4726,"A user account was deleted",0,,,,,,,,,,,,,,,,,"Audit Success",,,,,Security,,,,,0x3A81,,,,,,,,,"A user account was deleted.

Subject:
	Security ID:		Domain_E\user_b
	Account Name:		user_b
	Account Domain:		Domain_E
	Logon ID:		0x3A81

Target Account:
	Security ID:		Domain_E\user_l
	Account Name:		user_l
	Account Domain:		Domain_E

Additional Information:
	Privileges	-",,,,,,,,,,,,,,,Info,,,,,,,,,,,,,,,,388212241,,,,,,"Domain_E\user_b
Domain_E\user_l",,,"Microsoft Windows security auditing.",,,,,,,,,,,,,,,,,,,"User Account Management",,,,,Information,,,,,,,,,,,,"02/13/2020 08:03:59 PM
LogName=Security
SourceName=Microsoft Windows security auditing.
EventCode=4726
EventType=0
Type=Information
ComputerName=PROD-MFS-005
TaskCategory=User Account Management
OpCode=Info
RecordNumber=388212241
Keywords=Audit Success
Message=A user account was deleted.

Subject:
	Security ID:		Domain_E\user_b
	Account Name:		user_b
	Account Domain:		Domain_E
	Logon ID:		0x3A81

Target Account:
	Security ID:		Domain_E\user_l
	Account Name:		user_l
	Account Domain:		Domain_E

Additional Information:
	Privileges	-
","2020-02-13T20:03:59.000+0000",deleted,"win:unknown","A user account was deleted.

Subject:
	Security ID:		Domain_E\user_b
	Account Name:		user_b
	Account Domain:		Domain_E
	Logon ID:		0x3A81

Target Account:
	Security ID:		Domain_E\user_l
	Account Name:		user_l
	Account Domain:		Domain_E

Additional Information:
	Privileges	-",,"User Account Management",user,,,20,13,3,february,59,thursday,2020,local,"PROD-MFS-005",,,,,,,,,false,,,,"Domain_E","PROD-MFS-005",,untrust,,false,false,false,,"PROD-MFS-005",,,,,,,,,false,,,,"PROD-MFS-005",,untrust,,false,false,false,,388212241,"windows_account_deleted windows_account_management wineventlog_security wineventlog_windows winsec","PROD-MFS-005",388212241,,main,,,,27,,,"user_b
user_l","Domain_E\user_b
Domain_E\user_l","Domain_E\",deleted,"A user account was deleted",,WinEventLog,user,,,,,,,Windows,,,"//_::_==___.====--=__===_=____.:t_:tt\t_:ttt_:ttt_",,,,0x3A81,informational,0,,,"A user account was deleted",4726,"WinEventLog:Security",WinEventLog,"prd-p-g7nxxbgc3hgl",,,,,,,,,,,,,,,"Domain_E",,,,,,,,,,"user_b",,,,,,,,,,,,,,,,,false,,,,,success,,"A user account was deleted",failure,"Account Management",,"account
change
delete
management
os
security
windows",,,,,,,,,"account
change
delete
management
os
security
windows",,,,,,,,,,,,,,,22,0,,"user_l",,,,,,,,,,,,,,,,,,,false,,,,,Microsoft,,
,"Domain_E",,"user_a
user_m",,,,,,,,"SE-003",,,,,,,"Account Management",,,,,,,,"SE-003",,,,,,,,,"-",4740,"A user account was locked out",0,,,,,,,,,,,,,,,,,"Audit Success",,,,,Security,,,,,0x6C10,,,,,,,,,"A user account was locked out. 
Subject: 
	Security ID: Domain_E\user_a 
	Account Name: user_a
	Account Domain: Domain_E
	Logon ID: 0x6C10
Account That Was Locked Out: 
	Security ID: Domain_E\user_m 
	Account Name: user_m
Additional Information: 
	Caller Computer Name: SE-003",,,,,,,,,,,,,,,Info,,,,,,,,,,,,,,,,218434449,,,,,,"Domain_E\user_a
Domain_E\user_m",,,"Microsoft Windows security auditing.",,,,,,,,,,,,,,,,,,,"User Account Management",,,,,Information,,,,,,,,,,,,"02/13/2020 08:03:58 PM 
LogName=Security 
SourceName=Microsoft Windows security auditing.
EventCode=4740 
EventType=0 
Type=Information
ComputerName=SE-003 
TaskCategory=User Account Management
OpCode=Info 
RecordNumber=218434449
Keywords=Audit Success
Message=A user account was locked out. 
Subject: 
	Security ID: Domain_E\user_a 
	Account Name: user_a
	Account Domain: Domain_E
	Logon ID: 0x6C10
Account That Was Locked Out: 
	Security ID: Domain_E\user_m 
	Account Name: user_m
Additional Information: 
	Caller Computer Name: SE-003
","2020-02-13T20:03:58.000+0000",modified,"win:unknown","A user account was locked out. 
Subject: 
	Security ID: Domain_E\user_a 
	Account Name: user_a
	Account Domain: Domain_E
	Logon ID: 0x6C10
Account That Was Locked Out: 
	Security ID: Domain_E\user_m 
	Account Name: user_m
Additional Information: 
	Caller Computer Name: SE-003",,"User Account Management",user,,,20,13,3,february,58,thursday,2020,local,"SE-003",,,,,,,,,false,,,,"Domain_E","SE-003",,untrust,,false,false,false,,"SE-003",,,,,,,,,false,,,,"SE-003 ",,untrust,,false,false,false,,218434449,"windows_account_lockout windows_account_management wineventlog_security wineventlog_windows winsec","SE-003 ",218434449,,main,,,,23,,,"user_a
user_m","Domain_E\user_a
Domain_E\user_m","Domain_E\","locked out","A user account was locked out",,WinEventLog,user,,,,,,,Windows,,,"//_::__=_=___.=_=_==-_=__=_==_=_____._:_t_:_\_t_:_",,,lockout,0x6C10,informational,0,,,"A user account was locked out",4740,"WinEventLog:Security",WinEventLog,"prd-p-g7nxxbgc3hgl",,,,,,,,,,,,,,,"Domain_E\user_a
Domain_E","SE-003",,,,,,,,,"user_a",,,,,,,,,,,,,,,,,false,,,,,success,,"A user account was locked out",failure,"Account Management",,"account
change
lock
lockout
management
os
security
windows",,,,,,,,,"account
change
lock
lockout
management
os
security
windows",,,,,,,,,,,,,,,22,0,,"user_m",,,,,,,,,,,,,,,,,,,false,,,,,Microsoft,,
,"Domain_A",,"user_k",,,,,,,,,,,,,,,"Account Management","Password Policy modified",,,,,,,"COREDEV-005",,,,,"-","Domain_A\","Domain_A",,"-",4739,"Domain Policy was changed",0,,,,"-",,,,,,,,,,,,,"Audit Success",,"-","-","-",Security,,,,,0xBAC3,,,,"Min. Password Age:	-
	Max. Password Age:	-
	Force Logoff:		-
	Lockout Threshold:	-
	Lockout Observation Window:	-
	Lockout Duration:	-
	Password Properties:	-
	Min. Password Length:	6
	Password History Length:	23
	Machine Account Quota:	-
	Mixed Domain Mode:	-
	Domain Behavior Version:	-
	OEM Information:	-","-","-",,,"Domain Policy was changed.

Change Type:		Password Policy modified

Subject:
	Security ID:  Domain_A\user_k
	Account Name:  user_k
	Account Domain:  Domain_A
	Logon ID:  0xBAC3

Domain:
	Domain Name:		Domain_A
	Domain ID:		Domain_A\

Changed Attributes:
	Min. Password Age:	-
	Max. Password Age:	-
	Force Logoff:		-
	Lockout Threshold:	-
	Lockout Observation Window:	-
	Lockout Duration:	-
	Password Properties:	-
	Min. Password Length:	6
	Password History Length:	23
	Machine Account Quota:	-
	Mixed Domain Mode:	-
	Domain Behavior Version:	-
	OEM Information:	-

Additional Information:
	Privileges:		-","-",6,"-",,,,,,,,,,"-",,Info,,,23,,"-",,,,,,"-",,,,,388084118,,,,,,"Domain_A\user_k",,,"Microsoft Windows security auditing.",,,,,,,,,,,,,,,,,,,"Authentication Policy Change",,,,,Information,,,,,,,,,,,,"02/13/2020 08:03:58 PM
LogName=Security
SourceName=Microsoft Windows security auditing.
EventCode=4739
EventType=0
Type=Information
ComputerName=COREDEV-005
TaskCategory=Authentication Policy Change
OpCode=Info
RecordNumber=388084118
Keywords=Audit Success
Message=Domain Policy was changed.

Change Type:		Password Policy modified

Subject:
	Security ID:  Domain_A\user_k
	Account Name:  user_k
	Account Domain:  Domain_A
	Logon ID:  0xBAC3

Domain:
	Domain Name:		Domain_A
	Domain ID:		Domain_A\

Changed Attributes:
	Min. Password Age:	-
	Max. Password Age:	-
	Force Logoff:		-
	Lockout Threshold:	-
	Lockout Observation Window:	-
	Lockout Duration:	-
	Password Properties:	-
	Min. Password Length:	6
	Password History Length:	23
	Machine Account Quota:	-
	Mixed Domain Mode:	-
	Domain Behavior Version:	-
	OEM Information:	-

Additional Information:
	Privileges:		-
","2020-02-13T20:03:58.000+0000",success,"win:unknown","Domain Policy was changed.

Change Type:		Password Policy modified

Subject:
	Security ID:  Domain_A\user_k
	Account Name:  user_k
	Account Domain:  Domain_A
	Logon ID:  0xBAC3

Domain:
	Domain Name:		Domain_A
	Domain ID:		Domain_A\

Changed Attributes:
	Min. Password Age:	-
	Max. Password Age:	-
	Force Logoff:		-
	Lockout Threshold:	-
	Lockout Observation Window:	-
	Lockout Duration:	-
	Password Properties:	-
	Min. Password Length:	6
	Password History Length:	23
	Machine Account Quota:	-
	Mixed Domain Mode:	-
	Domain Behavior Version:	-
	OEM Information:	-

Additional Information:
	Privileges:		-",,"Authentication Policy Change",,,,20,13,3,february,58,thursday,2020,local,"COREDEV-005",,,,,,,,,false,,,,"Domain_A","COREDEV-005",,untrust,,false,false,false,,"COREDEV-005",,,,,,,,,false,,,,"COREDEV-005",,untrust,,false,false,false,,388084118,"windows_account_management windows_security_misconfiguration_password_minimum_length wineventlog_security wineventlog_windows winsec","COREDEV-005",388084118,,main,,,,43,,,"user_k","Domain_A\user_k","Domain_A\",,"Domain Policy was changed",,WinEventLog,,,,,,"-",,Windows,,,"//_::_==___.====-=__===_=___._:tt__:t_:__\t_:__t_:",,,,0xBAC3,high,0,,,"Domain Policy was changed",4739,"WinEventLog:Security",WinEventLog,"prd-p-g7nxxbgc3hgl",,,,,,,,,,,,,,,"Domain_A",,,,,,,,,,,,,,,,,,,,,,,,,,,,,,,,success,,"Domain Policy was changed",failure,"Account Management",,"account
audit
change
management
misconfiguration
os
password
policy
report
security
success
vulnerability
windows",,,,success,,,,,"account
audit
change
management
misconfiguration
os
password
policy
report
security
vulnerability
windows",,,,,,,,,,,,,,,22,0,,"user_k",,,,,,,,,,,,,,,,,,,false,,,,,Microsoft,"-",
,"Domain_B",,"user_c",,,,,,,,,,,,,,,,,,,,,,,"HOST-003",,,,,,,,,"-",4673,"A privileged service was called",0,,,,,,,,,,,,,,,,,"Audit Success",,,,,Security,,,,,0x5FC9,,,,,,,,,"A privileged service was called.

Subject:
	Security ID:		Domain_B\user_c
	Account Name:		user_c
	Account Domain:		Domain_B
	Logon ID:		0x5FC9

Service:
	Server:	NT Local Security Authority / Authentication Service
	Service Name:	LsaRegisterLogonProcess()

Process:
	Process ID:	0x2BAE
	Process Name:	C:\Windows\System32\example_c.exe

Service Request Information:
	Privileges:		SeTakeOwnershipPrivilege",,,,,,,,,,,,,,,Info,,,,,,,,,,,SeTakeOwnershipPrivilege,0x2BAE,"C:\Windows\System32\example_c.exe",,,232750889,,,,,,"Domain_B\user_c","NT Local Security Authority / Authentication Service","LsaRegisterLogonProcess()","Microsoft Windows security auditing.",,,,,,,,,,,,,,,,,,,"Sensitive Privilege Use",,,,,Information,,,,,,,,,,,,"02/13/2020 08:03:58 PM
LogName=Security
SourceName=Microsoft Windows security auditing.
EventCode=4673
EventType=0
Type=Information
ComputerName=HOST-003
TaskCategory=Sensitive Privilege Use
OpCode=Info
RecordNumber=232750889
Keywords=Audit Success
Message=A privileged service was called.

Subject:
	Security ID:		Domain_B\user_c
	Account Name:		user_c
	Account Domain:		Domain_B
	Logon ID:		0x5FC9

Service:
	Server:	NT Local Security Authority / Authentication Service
	Service Name:	LsaRegisterLogonProcess()

Process:
	Process ID:	0x2BAE
	Process Name:	C:\Windows\System32\example_c.exe

Service Request Information:
	Privileges:		SeTakeOwnershipPrivilege
","2020-02-13T20:03:58.000+0000",success,"win:unknown","A privileged service was called.

Subject:
	Security ID:		Domain_B\user_c
	Account Name:		user_c
	Account Domain:		Domain_B
	Logon ID:		0x5FC9

Service:
	Server:	NT Local Security Authority / Authentication Service
	Service Name:	LsaRegisterLogonProcess()

Process:
	Process ID:	0x2BAE
	Process Name:	C:\Windows\System32\example_c.exe

Service Request Information:
	Privileges:		SeTakeOwnershipPrivilege",,"Sensitive Privilege Use",,,,20,13,3,february,58,thursday,2020,local,"HOST-003",,,,,,,,,false,,,,"Domain_B","HOST-003",,untrust,,false,false,false,,"HOST-003",,,,,,,,,false,,,,"HOST-003",,untrust,,false,false,false,,232750889,"windows_privileged_service_call wineventlog_security wineventlog_windows winsec","HOST-003",232750889,,main,,,,30,,,"user_c","Domain_B\user_c","Domain_B\",,"A privileged service was called",,WinEventLog,,,,,"Take ownership of files or other objects",SeTakeOwnershipPrivilege,,Windows,,,"//_::_==___.====-=__===_=____.:t_:tt\t_:ttt_:ttt_:",,,,0x5FC9,informational,0,,,"A privileged service was called",4673,"WinEventLog:Security",WinEventLog,"prd-p-g7nxxbgc3hgl",,,,,,,,,,,,,,,"Domain_B",,,,,,,,,,,,,,,,,,,,,,,,,,,,,,,,success,,"A privileged service was called",failure,,,"execute
os
privileged
process
security
start
success
windows",,,,success,,,,,"execute
os
privileged
process
security
start
windows",,,,,,,,,,,,,,,22,0,,"user_c",,,,,,,,,,,,,,,,,,,false,,,,,Microsoft,SeTakeOwnershipPrivilege,
,"Domain_C
Domain_C",,"user_j
user_h",,,,,,,,,,,,,,,"Account Management",,,,,,,,"BUSDEV-003",,,,,,,,,"-",4726,"A user account was deleted",0,,,,,,,,,,,,,,,,,"Audit Success",,,,,Security,,,,,0xB111,,,,,,,,,"A user account was deleted.

Subject:
	Security ID:		Domain_C\user_j
	Account Name:		user_j
	Account Domain:		Domain_C
	Logon ID:		0xB111

Target Account:
	Security ID:		Domain_C\user_h
	Account Name:		user_h
	Account Domain:		Domain_C

Additional Information:
	Privileges	SeDebugPrivilege",,,,,,,,,,,,,,,Info,,,,,,,,,,,,,,,,630852611,,,,,,"Domain_C\user_j
Domain_C\user_h",,,"Microsoft Windows security auditing.",,,,,,,,,,,,,,,,,,,"User Account Management",,,,,Information,,,,,,,,,,,,"02/13/2020 08:03:58 PM
LogName=Security
SourceName=Microsoft Windows security auditing.
EventCode=4726
EventType=0
Type=Information
ComputerName=BUSDEV-003
TaskCategory=User Account Management
OpCode=Info
RecordNumber=630852611
Keywords=Audit Success
Message=A user account was deleted.

Subject:
	Security ID:		Domain_C\user_j
	Account Name:		user_j
	Account Domain:		Domain_C
	Logon ID:		0xB111

Target Account:
	Security ID:		Domain_C\user_h
	Account Name:		user_h
	Account Domain:		Domain_C

Additional Information:
	Privileges	SeDebugPrivilege
","2020-02-13T20:03:58.000+0000",deleted,"win:unknown","A user account was deleted.

Subject:
	Security ID:		Domain_C\user_j
	Account Name:		user_j
	Account Domain:		Domain_C
	Logon ID:		0xB111

Target Account:
	Security ID:		Domain_C\user_h
	Account Name:		user_h
	Account Domain:		Domain_C

Additional Information:
	Privileges	SeDebugPrivilege",,"User Account Management",user,,,20,13,3,february,58,thursday,2020,local,"BUSDEV-003",,,,,,,,,false,,,,"Domain_C","BUSDEV-003",,untrust,,false,false,false,,"BUSDEV-003",,,,,,,,,false,,,,"BUSDEV-003",,untrust,,false,false,false,,630852611,"windows_account_deleted windows_account_management wineventlog_security wineventlog_windows winsec","BUSDEV-003",630852611,,main,,,,27,,,"user_j
user_h","Domain_C\user_j
Domain_C\user_h","Domain_C\",deleted,"A user account was deleted",,WinEventLog,user,,,,,,,Windows,,,"//_::_==___.====-=__===_=____.:t_:tt\t_:ttt_:ttt_:",,,,0xB111,informational,0,,,"A user account was deleted",4726,"WinEventLog:Security",WinEventLog,"prd-p-g7nxxbgc3hgl",,,,,,,,,,,,,,,"Domain_C",,,,,,,,,,"user_j",,,,,,,,,,,,,,,,,false,,,,,success,,"A user account was deleted",failure,"Account Management",,"account
change
delete
management
os
security
windows",,,,,,,,,"account
change
delete
management
os
security
windows",,,,,,,,,,,,,,,22,0,,"user_h",,,,,,,,,,,,,,,,,,,false,,,,,Microsoft,,
,"Domain_E
Domain_E",,"user_d
user_d",,,,,,,,,,,,,,,"Account Management",,,,,,,,"HOST-004",,,,,,,,,"-",4726,"A user account was deleted",0,,,,,,,,,,,,,,,,,"Audit Success",,,,,Security,,,,,0x3EC3,,,,,,,,,"A user account was deleted.

Subject:
	Security ID:		Domain_E\user_d
	Account Name:		user_d
	Account Domain:		Domain_E
	Logon ID:		0x3EC3

Target Account:
	Security ID:		Domain_E\user_d
	Account Name:		user_d
	Account Domain:		Domain_E

Additional Information:
	Privileges	-",,,,,,,,,,,,,,,Info,,,,,,,,,,,,,,,,433868000,,,,,,"Domain_E\user_d
Domain_E\user_d",,,"Microsoft Windows security auditing.",,,,,,,,,,,,,,,,,,,"User Account Management",,,,,Information,,,,,,,,,,,,"02/13/2020 08:03:57 PM
LogName=Security
SourceName=Microsoft Windows security auditing.
EventCode=4726
EventType=0
Type=Information
ComputerName=HOST-004
TaskCategory=User Account Management
OpCode=Info
RecordNumber=433868000
Keywords=Audit Success
Message=A user account was deleted.

Subject:
	Security ID:		Domain_E\user_d
	Account Name:		user_d
	Account Domain:		Domain_E
	Logon ID:		0x3EC3

Target Account:
	Security ID:		Domain_E\user_d
	Account Name:		user_d
	Account Domain:		Domain_E

Additional Information:
	Privileges	-
","2020-02-13T20:03:57.000+0000",deleted,"win:unknown","A user account was deleted.

Subject:
	Security ID:		Domain_E\user_d
	Account Name:		user_d
	Account Domain:		Domain_E
	Logon ID:		0x3EC3

Target Account:
	Security ID:		Domain_E\user_d
	Account Name:		user_d
	Account Domain:		Domain_E

Additional Information:
	Privileges	-",,"User Account Management",user,,,20,13,3,february,57,thursday,2020,local,"HOST-004",,,,,,,,,false,,,,"Domain_E","HOST-004",,untrust,,false,false,false,,"HOST-004",,,,,,,,,false,,,,"HOST-004",,untrust,,false,false,false,,433868000,"windows_account_deleted windows_account_management wineventlog_security wineventlog_windows winsec","HOST-004",433868000,,main,,,,27,,,"user_d
user_d","Domain_E\user_d
Domain_E\user_d","Domain_E\",deleted,"A user account was deleted",,WinEventLog,user,,,,,,,Windows,,,"//_::_==___.====-=__===_=____.:t_:tt\t_:ttt_:ttt_:",,,,0x3EC3,informational,0,,,"A user account was deleted",4726,"WinEventLog:Security",WinEventLog,"prd-p-g7nxxbgc3hgl",,,,,,,,,,,,,,,"Domain_E",,,,,,,,,,"user_d",,,,,,,,,,,,,,,,,false,,,,,success,,"A user account was deleted",failure,"Account Management",,"account
change
delete
management
os
security
windows",,,,,,,,,"account
change
delete
management
os
security
windows",,,,,,,,,,,,,,,22,0,,"user_d",,,,,,,,,,,,,,,,,,,false,,,,,Microsoft,,
,"Domain_A
Domain_A",,"ACME-001
user_l",,,,,,,Kerberos,,,,,,,,,,,,,,,,"ACME-001",,,,,,,,No,"-",4624,"An account was successfully logged on",0,,,,,,,,,,,Impersonation,,,0,,,"Audit Success",1CB7,,,,Security,,,"{27C4A2F2-13CA-AA25-E903-D31268740239}",,"0x70E4
0xAB37",logonProcess1,5,,,,,,,"An account was successfully logged on.

Subject:
 Security ID:  Domain_A\SYSTEM
 Account Name:  ACME-001
 Account Domain:  Domain_A
 Logon ID:  0x70E4

Logon Information:
 Logon Type:  5
 Restricted Admin Mode: Yes
 Virtual Account:  Yes
 Elevated Token:  No

Impersonation Level:  Impersonation

New Logon:
 Security ID:  Domain_A\user_l
 Account Name:  user_l
 Account Domain:  Domain_A
 Logon ID:  0xAB37
 Linked Logon ID:  1CB7
 Network Account Name: -
 Network Account Domain: -
 Logon GUID:  {27C4A2F2-13CA-AA25-E903-D31268740239}

Process Information:
 Process ID:  0x3795
 Process Name:  C:\Windows\System32\example_d.exe

Network Information:
 Workstation Name: ACME-001
 Source Network Address: 71.130.148.223
 Source Port:  2596

Detailed Authentication Information:
 Logon Process:  logonProcess1 
 Authentication Package: Kerberos
 Transited Services: service_A
 Package Name (NTLM only): -
 Key Length:  0

This event is generated when a logon session is created. It is generated on the computer that was accessed.

The subject fields indicate the account on the local system which requested the logon. This is most commonly a service such as the Server service, or a local process such as 0D90C.exe or 0D90C.exe.

The logon type field indicates the kind of logon that occurred. The most common types are 2 (interactive) and 3 (network).

The New Logon fields indicate the account for whom the new logon was created, i.e. the account that was logged on.

The network fields indicate where a remote logon request originated. Workstation name is not always available and may be left blank in some cases.

The impersonation level field indicates the extent to which a process in the logon session can impersonate.

The authentication information fields provide detailed information about this specific logon request.
 - Logon GUID is a unique identifier that can be used to correlate this event with a KDC event.
 - Transited services indicate which intermediate services have participated in this logon request.
 - Package name indicates which sub-protocol was used among the NTLM protocols.
 - Key length indicates the length of the generated session key. This will be 0 if no session key was requested.",,,,"-","-",,,,,,,,,,Info,,"-",,,,,,,,,,0x3795,"C:\Windows\System32\example_d.exe",,,399812440,Yes,,,,,"Domain_A\SYSTEM
Domain_A\user_l",,,"Microsoft Windows security auditing.","71.130.148.223",2596,,,,,,,,,,,,,,,,,Logon,,,,"service_A",Information,,,,,,,,Yes,,,"ACME-001","02/13/2020 08:03:57 PM
LogName=Security
SourceName= Microsoft Windows security auditing.
EventCode=4624
EventType=0
Type=Information
ComputerName=ACME-001
TaskCategory=Logon
OpCode=Info
RecordNumber=399812440
Keywords=Audit Success
Message=An account was successfully logged on.

Subject:
 Security ID:  Domain_A\SYSTEM
 Account Name:  ACME-001
 Account Domain:  Domain_A
 Logon ID:  0x70E4

Logon Information:
 Logon Type:  5
 Restricted Admin Mode: Yes
 Virtual Account:  Yes
 Elevated Token:  No

Impersonation Level:  Impersonation

New Logon:
 Security ID:  Domain_A\user_l
 Account Name:  user_l
 Account Domain:  Domain_A
 Logon ID:  0xAB37
 Linked Logon ID:  1CB7
 Network Account Name: -
 Network Account Domain: -
 Logon GUID:  {27C4A2F2-13CA-AA25-E903-D31268740239}

Process Information:
 Process ID:  0x3795
 Process Name:  C:\Windows\System32\example_d.exe

Network Information:
 Workstation Name: ACME-001
 Source Network Address: 71.130.148.223
 Source Port:  2596

Detailed Authentication Information:
 Logon Process:  logonProcess1 
 Authentication Package: Kerberos
 Transited Services: service_A
 Package Name (NTLM only): -
 Key Length:  0

This event is generated when a logon session is created. It is generated on the computer that was accessed.

The subject fields indicate the account on the local system which requested the logon. This is most commonly a service such as the Server service, or a local process such as 0D90C.exe or 0D90C.exe.

The logon type field indicates the kind of logon that occurred. The most common types are 2 (interactive) and 3 (network).

The New Logon fields indicate the account for whom the new logon was created, i.e. the account that was logged on.

The network fields indicate where a remote logon request originated. Workstation name is not always available and may be left blank in some cases.

The impersonation level field indicates the extent to which a process in the logon session can impersonate.

The authentication information fields provide detailed information about this specific logon request.
 - Logon GUID is a unique identifier that can be used to correlate this event with a KDC event.
 - Transited services indicate which intermediate services have participated in this logon request.
 - Package name indicates which sub-protocol was used among the NTLM protocols.
 - Key length indicates the length of the generated session key. This will be 0 if no session key was requested.

","2020-02-13T20:03:57.000+0000",success,"win:local","An account was successfully logged on.

Subject:
 Security ID:  Domain_A\SYSTEM
 Account Name:  ACME-001
 Account Domain:  Domain_A
 Logon ID:  0x70E4

Logon Information:
 Logon Type:  5
 Restricted Admin Mode: Yes
 Virtual Account:  Yes
 Elevated Token:  No

Impersonation Level:  Impersonation

New Logon:
 Security ID:  Domain_A\user_l
 Account Name:  user_l
 Account Domain:  Domain_A
 Logon ID:  0xAB37
 Linked Logon ID:  1CB7
 Network Account Name: -
 Network Account Domain: -
 Logon GUID:  {27C4A2F2-13CA-AA25-E903-D31268740239}

Process Information:
 Process ID:  0x3795
 Process Name:  C:\Windows\System32\example_d.exe

Network Information:
 Workstation Name: ACME-001
 Source Network Address: 71.130.148.223
 Source Port:  2596

Detailed Authentication Information:
 Logon Process:  logonProcess1 
 Authentication Package: Kerberos
 Transited Services: service_A
 Package Name (NTLM only): -
 Key Length:  0

This event is generated when a logon session is created. It is generated on the computer that was accessed.

The subject fields indicate the account on the local system which requested the logon. This is most commonly a service such as the Server service, or a local process such as 0D90C.exe or 0D90C.exe.

The logon type field indicates the kind of logon that occurred. The most common types are 2 (interactive) and 3 (network).

The New Logon fields indicate the account for whom the new logon was created, i.e. the account that was logged on.

The network fields indicate where a remote logon request originated. Workstation name is not always available and may be left blank in some cases.

The impersonation level field indicates the extent to which a process in the logon session can impersonate.

The authentication information fields provide detailed information about this specific logon request.
 - Logon GUID is a unique identifier that can be used to correlate this event with a KDC event.
 - Transited services indicate which intermediate services have participated in this logon request.
 - Package name indicates which sub-protocol was used among the NTLM protocols.
 - Key length indicates the length of the generated session key. This will be 0 if no session key was requested.",,Logon,,,,20,13,3,february,57,thursday,2020,local,"ACME-001",,,,,,,,,false,,,,"Domain_A","ACME-001",,untrust,,false,false,false,,"ACME-001",,,,,,,,,false,,,,"ACME-001",,untrust,,false,false,false,,399812440,"windows_logon_success wineventlog_security wineventlog_windows winsec","ACME-001",399812440,,main,,,,72,,,"ACME-001
user_l","Domain_A\SYSTEM
Domain_A\user_l","Domain_A\",,"An account was successfully logged on",,WinEventLog,,,,,,,0x3795,Windows,,,"//_::_==____.====-====_=_____.:__:__\__:__-__:____",,,,0xAB37,informational,0,,,"An account was successfully logged on",4624,"WinEventLog:Security",WinEventLog,"prd-p-g7nxxbgc3hgl",,"ACME-001",,,,,,,,"71.130.148.223",false,,,,"Domain_A","ACME-001",,untrust,2596,,false,,false,false,"ACME-001",,,,,,,,,,,,,,,,,false,,,,,success,,"An account was successfully logged on",failure,,,"authentication
local
os
security
success
windows",,,,success,local,,,,"authentication
os
security
windows",,,,,,,,,,,,,,,22,0,,"user_l",,,,,,,,,,,,,,,,,,,false,,,,,Microsoft,,
SeNetworkLogonRight,"Domain_C",,"ops-sys-002
Domain_C\user_a",,,,,,,,,,,,,,,,,,,,,,,"ops-sys-002",,,,,,,,,"-",4718,"System security access was removed from an account",0,,,,,,,,,,,,,,,,,"Audit Success",,,,,Security,,,,,0x6C10,,,,,,,,,"System security access was removed from an account.

Subject:
	Security ID:		Domain_C\SYSTEM
	Account Name:		ops-sys-002
	Account Domain:		Domain_C
	Logon ID:		0x6C10

Account Modified:
	Account Name:		Domain_C\user_a

Access Removed:
	Access Right:		SeNetworkLogonRight",,,,,,,,,,,,,,,Info,,,,,,,,,,,,,,,,705957946,,,,,,"Domain_C\SYSTEM",,,"Microsoft Windows security auditing.",,,,,,,,,,,,,,,,,,,"Authentication Policy Change",,,,,Information,,,,,,,,,,,,"02/13/2020 08:03:57 PM
LogName=Security
SourceName=Microsoft Windows security auditing.
EventCode=4718
EventType=0
Type=Information
ComputerName=ops-sys-002
TaskCategory=Authentication Policy Change
OpCode=Info
RecordNumber=705957946
Keywords=Audit Success
Message=System security access was removed from an account.

Subject:
	Security ID:		Domain_C\SYSTEM
	Account Name:		ops-sys-002
	Account Domain:		Domain_C
	Logon ID:		0x6C10

Account Modified:
	Account Name:		Domain_C\user_a

Access Removed:
	Access Right:		SeNetworkLogonRight
","2020-02-13T20:03:57.000+0000",success,"win:unknown","System security access was removed from an account.

Subject:
	Security ID:		Domain_C\SYSTEM
	Account Name:		ops-sys-002
	Account Domain:		Domain_C
	Logon ID:		0x6C10

Account Modified:
	Account Name:		Domain_C\user_a

Access Removed:
	Access Right:		SeNetworkLogonRight",,"Authentication Policy Change",,,,20,13,3,february,57,thursday,2020,local,"ops-sys-002",,,,,,,,,false,,,,"Domain_C","ops-sys-002",,untrust,,false,false,false,,"ops-sys-002",,,,,,,,,false,,,,"ops-sys-002",,untrust,,false,false,false,,705957946,"windows_security_access_removed wineventlog_security wineventlog_windows winsec","ops-sys-002",705957946,,main,,,,25,,,"ops-sys-002
Domain_C\user_a","Domain_C\SYSTEM","Domain_C\",,"System security access was removed from an account",,WinEventLog,,,,,,,,Windows,,,"//_::_==___.====--=__===_=_______.:t_:tt\t_:tt--t_",,,,0x6C10,informational,0,,,"System security access was removed from an account",4718,"WinEventLog:Security",WinEventLog,"prd-p-g7nxxbgc3hgl",,,,,,,,,,,,,,,"Domain_C",,,,,,,,,,"ops-sys-002",,,,,,,,,,,,,,,,,false,,,,,success,,"System security access was removed from an account",failure,,,"access
account
authorization
change
delete
os
security
success
windows",,,,success,,,,,"access
account
authorization
change
delete
os
security
windows",,,,,,,,,,,,,,,22,0,,"Domain_C\user_a",,,,,,,,,,,,,,,,,,,false,,,,,Microsoft,,
,"Domain_A
Domain_A",,"user_k
user_k",,,,,,,,,,,,,,,"Account Management",,,,,,,,"ops-sys-003",,,,,,,,,"-",4726,"A user account was deleted",0,,,,,,,,,,,,,,,,,"Audit Success",,,,,Security,,,,,0xBAC3,,,,,,,,,"A user account was deleted.

Subject:
	Security ID:		Domain_A\user_k
	Account Name:		user_k
	Account Domain:		Domain_A
	Logon ID:		0xBAC3

Target Account:
	Security ID:		Domain_A\user_k
	Account Name:		user_k
	Account Domain:		Domain_A

Additional Information:
	Privileges	SeSecurityPrivilege",,,,,,,,,,,,,,,Info,,,,,,,,,,,,,,,,706936331,,,,,,"Domain_A\user_k
Domain_A\user_k",,,"Microsoft Windows security auditing.",,,,,,,,,,,,,,,,,,,"User Account Management",,,,,Information,,,,,,,,,,,,"02/13/2020 08:03:56 PM
LogName=Security
SourceName=Microsoft Windows security auditing.
EventCode=4726
EventType=0
Type=Information
ComputerName=ops-sys-003
TaskCategory=User Account Management
OpCode=Info
RecordNumber=706936331
Keywords=Audit Success
Message=A user account was deleted.

Subject:
	Security ID:		Domain_A\user_k
	Account Name:		user_k
	Account Domain:		Domain_A
	Logon ID:		0xBAC3

Target Account:
	Security ID:		Domain_A\user_k
	Account Name:		user_k
	Account Domain:		Domain_A

Additional Information:
	Privileges	SeSecurityPrivilege
","2020-02-13T20:03:56.000+0000",deleted,"win:unknown","A user account was deleted.

Subject:
	Security ID:		Domain_A\user_k
	Account Name:		user_k
	Account Domain:		Domain_A
	Logon ID:		0xBAC3

Target Account:
	Security ID:		Domain_A\user_k
	Account Name:		user_k
	Account Domain:		Domain_A

Additional Information:
	Privileges	SeSecurityPrivilege",,"User Account Management",user,,,20,13,3,february,56,thursday,2020,local,"ops-sys-003",,,,,,,,,false,,,,"Domain_A","ops-sys-003",,untrust,,false,false,false,,"ops-sys-003",,,,,,,,,false,,,,"ops-sys-003",,untrust,,false,false,false,,706936331,"windows_account_deleted windows_account_management wineventlog_security wineventlog_windows winsec","ops-sys-003",706936331,,main,,,,27,,,"user_k
user_k","Domain_A\user_k
Domain_A\user_k","Domain_A\",deleted,"A user account was deleted",,WinEventLog,user,,,,,,,Windows,,,"//_::_==___.====--=__===_=____.:t_:tt\t_:ttt_:ttt_",,,,0xBAC3,informational,0,,,"A user account was deleted",4726,"WinEventLog:Security",WinEventLog,"prd-p-g7nxxbgc3hgl",,,,,,,,,,,,,,,"Domain_A",,,,,,,,,,"user_k",,,,,,,,,,,,,,,,,false,,,,,success,,"A user account was deleted",failure,"Account Management",,"account
change
delete
management
os
security
windows",,,,,,,,,"account
change
delete
management
os
security
windows",,,,,,,,,,,,,,,22,0,,"user_k",,,,,,,,,,,,,,,,,,,false,,,,,Microsoft,,
,"Domain_E
Domain_E",,"COREDEV-006
user_h",,,,,,,Kerberos,,,,,,,,,,,,,,,,"COREDEV-006",,,,,,,,Yes,"-",4624,"An account was successfully logged on",0,,,,,,,,,,,Delegation,,,0,,,"Audit Success",7013,,,,Security,,,"{00000000-0000-0000-0000-000000000000}",,"0x70E4
0xA19C",logonProcess1,6,,,,,,,"An account was successfully logged on.

Subject:
 Security ID:  Domain_E\SYSTEM
 Account Name:  COREDEV-006
 Account Domain:  Domain_E
 Logon ID:  0x70E4

Logon Information:
 Logon Type:  6
 Restricted Admin Mode: Yes
 Virtual Account:  Yes
 Elevated Token:  Yes

Impersonation Level:  Delegation

New Logon:
 Security ID:  Domain_E\user_h
 Account Name:  user_h
 Account Domain:  Domain_E
 Logon ID:  0xA19C
 Linked Logon ID:  7013
 Network Account Name: -
 Network Account Domain: -
 Logon GUID:  {00000000-0000-0000-0000-000000000000}

Process Information:
 Process ID:  0x5431
 Process Name:  C:\Windows\System32\example_g.exe

Network Information:
 Workstation Name: COREDEV-006
 Source Network Address: 169.188.211.119
 Source Port:  19884

Detailed Authentication Information:
 Logon Process:  logonProcess1 
 Authentication Package: Kerberos
 Transited Services: -
 Package Name (NTLM only): -
 Key Length:  0

This event is generated when a logon session is created. It is generated on the computer that was accessed.

The subject fields indicate the account on the local system which requested the logon. This is most commonly a service such as the Server service, or a local process such as F7B1D.exe or F7B1D.exe.

The logon type field indicates the kind of logon that occurred. The most common types are 2 (interactive) and 3 (network).

The New Logon fields indicate the account for whom the new logon was created, i.e. the account that was logged on.

The network fields indicate where a remote logon request originated. Workstation name is not always available and may be left blank in some cases.

The impersonation level field indicates the extent to which a process in the logon session can impersonate.

The authentication information fields provide detailed information about this specific logon request.
 - Logon GUID is a unique identifier that can be used to correlate this event with a KDC event.
 - Transited services indicate which intermediate services have participated in this logon request.
 - Package name indicates which sub-protocol was used among the NTLM protocols.
 - Key length indicates the length of the generated session key. This will be 0 if no session key was requested.",,,,"-","-",,,,,,,,,,Info,,"-",,,,,,,,,,0x5431,"C:\Windows\System32\example_g.exe",,,356318799,Yes,,,,,"Domain_E\SYSTEM
Domain_E\user_h",,,"Microsoft Windows security auditing.","169.188.211.119",19884,,,,,,,,,,,,,,,,,Logon,,,,"-",Information,,,,,,,,Yes,,,"COREDEV-006","02/13/2020 08:03:55 PM
LogName=Security
SourceName= Microsoft Windows security auditing.
EventCode=4624
EventType=0
Type=Information
ComputerName=COREDEV-006
TaskCategory=Logon
OpCode=Info
RecordNumber=356318799
Keywords=Audit Success
Message=An account was successfully logged on.

Subject:
 Security ID:  Domain_E\SYSTEM
 Account Name:  COREDEV-006
 Account Domain:  Domain_E
 Logon ID:  0x70E4

Logon Information:
 Logon Type:  6
 Restricted Admin Mode: Yes
 Virtual Account:  Yes
 Elevated Token:  Yes

Impersonation Level:  Delegation

New Logon:
 Security ID:  Domain_E\user_h
 Account Name:  user_h
 Account Domain:  Domain_E
 Logon ID:  0xA19C
 Linked Logon ID:  7013
 Network Account Name: -
 Network Account Domain: -
 Logon GUID:  {00000000-0000-0000-0000-000000000000}

Process Information:
 Process ID:  0x5431
 Process Name:  C:\Windows\System32\example_g.exe

Network Information:
 Workstation Name: COREDEV-006
 Source Network Address: 169.188.211.119
 Source Port:  19884

Detailed Authentication Information:
 Logon Process:  logonProcess1 
 Authentication Package: Kerberos
 Transited Services: -
 Package Name (NTLM only): -
 Key Length:  0

This event is generated when a logon session is created. It is generated on the computer that was accessed.

The subject fields indicate the account on the local system which requested the logon. This is most commonly a service such as the Server service, or a local process such as F7B1D.exe or F7B1D.exe.

The logon type field indicates the kind of logon that occurred. The most common types are 2 (interactive) and 3 (network).

The New Logon fields indicate the account for whom the new logon was created, i.e. the account that was logged on.

The network fields indicate where a remote logon request originated. Workstation name is not always available and may be left blank in some cases.

The impersonation level field indicates the extent to which a process in the logon session can impersonate.

The authentication information fields provide detailed information about this specific logon request.
 - Logon GUID is a unique identifier that can be used to correlate this event with a KDC event.
 - Transited services indicate which intermediate services have participated in this logon request.
 - Package name indicates which sub-protocol was used among the NTLM protocols.
 - Key length indicates the length of the generated session key. This will be 0 if no session key was requested.

","2020-02-13T20:03:55.000+0000",success,"win:local","An account was successfully logged on.

Subject:
 Security ID:  Domain_E\SYSTEM
 Account Name:  COREDEV-006
 Account Domain:  Domain_E
 Logon ID:  0x70E4

Logon Information:
 Logon Type:  6
 Restricted Admin Mode: Yes
 Virtual Account:  Yes
 Elevated Token:  Yes

Impersonation Level:  Delegation

New Logon:
 Security ID:  Domain_E\user_h
 Account Name:  user_h
 Account Domain:  Domain_E
 Logon ID:  0xA19C
 Linked Logon ID:  7013
 Network Account Name: -
 Network Account Domain: -
 Logon GUID:  {00000000-0000-0000-0000-000000000000}

Process Information:
 Process ID:  0x5431
 Process Name:  C:\Windows\System32\example_g.exe

Network Information:
 Workstation Name: COREDEV-006
 Source Network Address: 169.188.211.119
 Source Port:  19884

Detailed Authentication Information:
 Logon Process:  logonProcess1 
 Authentication Package: Kerberos
 Transited Services: -
 Package Name (NTLM only): -
 Key Length:  0

This event is generated when a logon session is created. It is generated on the computer that was accessed.

The subject fields indicate the account on the local system which requested the logon. This is most commonly a service such as the Server service, or a local process such as F7B1D.exe or F7B1D.exe.

The logon type field indicates the kind of logon that occurred. The most common types are 2 (interactive) and 3 (network).

The New Logon fields indicate the account for whom the new logon was created, i.e. the account that was logged on.

The network fields indicate where a remote logon request originated. Workstation name is not always available and may be left blank in some cases.

The impersonation level field indicates the extent to which a process in the logon session can impersonate.

The authentication information fields provide detailed information about this specific logon request.
 - Logon GUID is a unique identifier that can be used to correlate this event with a KDC event.
 - Transited services indicate which intermediate services have participated in this logon request.
 - Package name indicates which sub-protocol was used among the NTLM protocols.
 - Key length indicates the length of the generated session key. This will be 0 if no session key was requested.",,Logon,,,,20,13,3,february,55,thursday,2020,local,"COREDEV-006",,,,,,,,,false,,,,"Domain_E","COREDEV-006",,untrust,,false,false,false,,"COREDEV-006",,,,,,,,,false,,,,"COREDEV-006",,untrust,,false,false,false,,356318799,"windows_logon_success wineventlog_security wineventlog_windows winsec","COREDEV-006",356318799,,main,,,,72,,,"COREDEV-006
user_h","Domain_E\SYSTEM
Domain_E\user_h","Domain_E\",,"An account was successfully logged on",,WinEventLog,,,,,,,0x5431,Windows,,,"//_::_==____.====-====_=_____.:__:__\__:__-__:____",,,,0xA19C,informational,0,,,"An account was successfully logged on",4624,"WinEventLog:Security",WinEventLog,"prd-p-g7nxxbgc3hgl",,"COREDEV-006",,,,,,,,"169.188.211.119",false,,,,"Domain_E","COREDEV-006",,untrust,19884,,false,,false,false,"COREDEV-006",,,,,,,,,,,,,,,,,false,,,,,success,,"An account was successfully logged on",failure,,,"authentication
local
os
security
success
windows",,,,success,local,,,,"authentication
os
security
windows",,,,,,,,,,,,,,,22,0,,"user_h",,,,,,,,,,,,,,,,,,,false,,,,,Microsoft,,
,"Domain_E",,"user_j",,,,,,,,,,,,,,,,,,,,,,,"PROD-POS-002",,,,,,,,,"-",4689,"A process has exited",0,0xB4E69B,,,,,,,,,,,,,,,,"Audit Success",,,,,Security,,,,,0xB111,,,,,,,,,"A process has exited.

Subject:
	Security ID:		Domain_E\user_j
	Account Name:		user_j
	Account Domain:		Domain_E
	Logon ID:		0xB111

Process Information:
	Process ID:	0x5D61
	Process Name:	C:\Windows\System32\example_a.exe
	Exit Status:	0xB4E69B",,,,,,,,,,,,,,,Info,,,,,,,,,,,,0x5D61,"C:\Windows\System32\example_a.exe",,,738572304,,,,,,"Domain_E\user_j",,,"Microsoft Windows security auditing.",,,,,,,,,,,,,,,,,,,"Process Termination",,,,,Information,,,,,,,,,,,,"02/13/2020 08:03:55 PM
LogName=Security
SourceName=Microsoft Windows security auditing.
EventCode=4689
EventType=0
Type=Information
ComputerName=PROD-POS-002
TaskCategory=Process Termination
OpCode=Info
RecordNumber=738572304
Keywords=Audit Success
Message=A process has exited.

Subject:
	Security ID:		Domain_E\user_j
	Account Name:		user_j
	Account Domain:		Domain_E
	Logon ID:		0xB111

Process Information:
	Process ID:	0x5D61
	Process Name:	C:\Windows\System32\example_a.exe
	Exit Status:	0xB4E69B
","2020-02-13T20:03:55.000+0000",success,"win:unknown","A process has exited.

Subject:
	Security ID:		Domain_E\user_j
	Account Name:		user_j
	Account Domain:		Domain_E
	Logon ID:		0xB111

Process Information:
	Process ID:	0x5D61
	Process Name:	C:\Windows\System32\example_a.exe
	Exit Status:	0xB4E69B",,"Process Termination",,,,20,13,3,february,55,thursday,2020,local,"PROD-POS-002",,,,,,,,,false,,,,"Domain_E","PROD-POS-002",,untrust,,false,false,false,,"PROD-POS-002",,,,,,,,,false,,,,"PROD-POS-002",,untrust,,false,false,false,,738572304,"windows_process_exit wineventlog_security wineventlog_windows winsec","PROD-POS-002",738572304,,main,,,,24,,,"user_j","Domain_E\user_j","Domain_E\",,"A process has exited",,WinEventLog,,,,,,,,Windows,,,"//_::_==___.====--=_===_=___.:t_:tt\t_:ttt_:ttt_:t",,,,0xB111,informational,0,,,"A process has exited",4689,"WinEventLog:Security",WinEventLog,"prd-p-g7nxxbgc3hgl",,,,,,,,,,,,,,,"Domain_E",,,,,,,,,,,,,,,,,,,,,,,,,,,,,,,,success,,"A process has exited",failure,,,"execute
os
process
security
stop
success
windows",,,,success,,,,,"execute
os
process
security
stop
windows",,,,,,,,,,,,,,,22,0,,"user_j",,,,,,,,,,,,,,,,,,,false,,,,,Microsoft,,
,,,,,,,,,,"MICROSOFT_AUTHENTICATION_PACKAGE_V1_0",,,,,,,,,,,,,,,,"COREDEV-005",,,,,,,,,0xC0000064,4776,"The domain controller attempted to validate the credentials for an account",0,,,,,,,,,,,,,,,,,"Failure Audit",,,,,Security,,"user_d",,,,,,,,,,,,"The computer attempted to validate the credentials for an account.
Authentication Package: MICROSOFT_AUTHENTICATION_PACKAGE_V1_0
Logon Account: user_d
Source Workstation: COREDEV-005
Error Code: 0xC0000064",,,,,,,,,,,,,,,Info,,,,,,,,,,,,,,,,340961360,,,,,,,,,"Microsoft Windows security auditing.",,,"COREDEV-005",,,,,,,,,,,,,,,,"Credential Validation",,,,,Information,,,,,,,,,,,,"02/13/2020 08:03:55 PM
LogName=Security
SourceName=Microsoft Windows security auditing.
EventCode=4776
EventType=0
Type=Information
ComputerName=COREDEV-005
TaskCategory=Credential Validation
OpCode=Info
RecordNumber=340961360
Keywords=Failure Audit
Message=The computer attempted to validate the credentials for an account.
Authentication Package: MICROSOFT_AUTHENTICATION_PACKAGE_V1_0
Logon Account: user_d
Source Workstation: COREDEV-005
Error Code: 0xC0000064
","2020-02-13T20:03:55.000+0000",failure,"win:unknown","The computer attempted to validate the credentials for an account.
Authentication Package: MICROSOFT_AUTHENTICATION_PACKAGE_V1_0
Logon Account: user_d
Source Workstation: COREDEV-005
Error Code: 0xC0000064",,"Credential Validation",,,,20,13,3,february,55,thursday,2020,local,"COREDEV-005",,,,,,,,,false,,,,,"COREDEV-005",,untrust,,false,false,false,,"COREDEV-005",,,,,,,,,false,,,,"COREDEV-005",,untrust,,false,false,false,,340961360,"err0r nix_errors windows_account_used4logon wineventlog_security wineventlog_windows winsec","COREDEV-005",340961360,,main,,,,17,,,,,,,"The domain controller attempted to validate the credentials for an account",,WinEventLog,,,,,,,,Windows,,,"//_::_==___.====-=_===_=_________._:__:__:_-_:_",,,,,informational,0,,,"The domain controller attempted to validate the credentials for an account",4776,"WinEventLog:Security",WinEventLog,"prd-p-g7nxxbgc3hgl",,"COREDEV-005",,,,,,,,,false,,,,,"COREDEV-005",,untrust,,,false,,false,false,,,,,,,,,,,,,,,,,,,,,,,failure,,"The domain controller attempted to validate the credentials for an account",failure,,,"authentication
error
failure
os
security
windows",,,,failure,,,,,"authentication
error
os
security
windows",,,,,,,,,,,,,,,22,0,,"user_d",,,,,,,,,,,,,,,,,,,false,,,,,Microsoft,,
SeInteractiveLogonRight,"Domain_B",,"SE-005
Domain_B\user_c",,,,,,,,,,,,,,,,,,,,,,,"SE-005",,,,,,,,,"-",4718,"System security access was removed from an account",0,,,,,,,,,,,,,,,,,"Audit Success",,,,,Security,,,,,0x5FC9,,,,,,,,,"System security access was removed from an account.

Subject:
	Security ID:		Domain_B\SYSTEM
	Account Name:		SE-005
	Account Domain:		Domain_B
	Logon ID:		0x5FC9

Account Modified:
	Account Name:		Domain_B\user_c

Access Removed:
	Access Right:		SeInteractiveLogonRight",,,,,,,,,,,,,,,Info,,,,,,,,,,,,,,,,275248219,,,,,,"Domain_B\SYSTEM",,,"Microsoft Windows security auditing.",,,,,,,,,,,,,,,,,,,"Authentication Policy Change",,,,,Information,,,,,,,,,,,,"02/13/2020 08:03:55 PM
LogName=Security
SourceName=Microsoft Windows security auditing.
EventCode=4718
EventType=0
Type=Information
ComputerName=SE-005
TaskCategory=Authentication Policy Change
OpCode=Info
RecordNumber=275248219
Keywords=Audit Success
Message=System security access was removed from an account.

Subject:
	Security ID:		Domain_B\SYSTEM
	Account Name:		SE-005
	Account Domain:		Domain_B
	Logon ID:		0x5FC9

Account Modified:
	Account Name:		Domain_B\user_c

Access Removed:
	Access Right:		SeInteractiveLogonRight
","2020-02-13T20:03:55.000+0000",success,"win:unknown","System security access was removed from an account.

