Subject:
 Security ID:  Domain_B\SYSTEM
 Account Name:  ACME-003
 Account Domain:  Domain_B
 Logon ID:  0x70E4

Logon Information:
 Logon Type:  11
 Restricted Admin Mode: Yes
 Virtual Account:  Yes
 Elevated Token:  No

Impersonation Level:  Identification

New Logon:
 Security ID:  Domain_B\user_c
 Account Name:  user_c
 Account Domain:  Domain_B
 Logon ID:  0x5FC9
 Linked Logon ID:  F272
 Network Account Name: user_b
 Network Account Domain: Domain_C
 Logon GUID:  {00000000-0000-0000-0000-000000000000}

Process Information:
 Process ID:  0x341B
 Process Name:  C:\Windows\System32\example_b.exe

Network Information:
 Workstation Name: ACME-003
 Source Network Address: 58.133.233.197
 Source Port:  37568

Detailed Authentication Information:
 Logon Process:  Winlogon 
 Authentication Package: Negotiate
 Transited Services: service_A
 Package Name (NTLM only): -
 Key Length:  0

This event is generated when a logon session is created. It is generated on the computer that was accessed.

The subject fields indicate the account on the local system which requested the logon. This is most commonly a service such as the Server service, or a local process such as EE756.exe or EE756.exe.

The logon type field indicates the kind of logon that occurred. The most common types are 2 (interactive) and 3 (network).

The New Logon fields indicate the account for whom the new logon was created, i.e. the account that was logged on.

The network fields indicate where a remote logon request originated. Workstation name is not always available and may be left blank in some cases.

The impersonation level field indicates the extent to which a process in the logon session can impersonate.

The authentication information fields provide detailed information about this specific logon request.
 - Logon GUID is a unique identifier that can be used to correlate this event with a KDC event.
 - Transited services indicate which intermediate services have participated in this logon request.
 - Package name indicates which sub-protocol was used among the NTLM protocols.
 - Key length indicates the length of the generated session key. This will be 0 if no session key was requested.

","2020-02-13T20:04:06.000+0000",success,"win:local","An account was successfully logged on.

Subject:
 Security ID:  Domain_B\SYSTEM
 Account Name:  ACME-003
 Account Domain:  Domain_B
 Logon ID:  0x70E4

Logon Information:
 Logon Type:  11
 Restricted Admin Mode: Yes
 Virtual Account:  Yes
 Elevated Token:  No

Impersonation Level:  Identification

New Logon:
 Security ID:  Domain_B\user_c
 Account Name:  user_c
 Account Domain:  Domain_B
 Logon ID:  0x5FC9
 Linked Logon ID:  F272
 Network Account Name: user_b
 Network Account Domain: Domain_C
 Logon GUID:  {00000000-0000-0000-0000-000000000000}

Process Information:
 Process ID:  0x341B
 Process Name:  C:\Windows\System32\example_b.exe

Network Information:
 Workstation Name: ACME-003
 Source Network Address: 58.133.233.197
 Source Port:  37568

Detailed Authentication Information:
 Logon Process:  Winlogon 
 Authentication Package: Negotiate
 Transited Services: service_A
 Package Name (NTLM only): -
 Key Length:  0

This event is generated when a logon session is created. It is generated on the computer that was accessed.

The subject fields indicate the account on the local system which requested the logon. This is most commonly a service such as the Server service, or a local process such as EE756.exe or EE756.exe.

The logon type field indicates the kind of logon that occurred. The most common types are 2 (interactive) and 3 (network).

The New Logon fields indicate the account for whom the new logon was created, i.e. the account that was logged on.

The network fields indicate where a remote logon request originated. Workstation name is not always available and may be left blank in some cases.

The impersonation level field indicates the extent to which a process in the logon session can impersonate.

The authentication information fields provide detailed information about this specific logon request.
 - Logon GUID is a unique identifier that can be used to correlate this event with a KDC event.
 - Transited services indicate which intermediate services have participated in this logon request.
 - Package name indicates which sub-protocol was used among the NTLM protocols.
 - Key length indicates the length of the generated session key. This will be 0 if no session key was requested.",,Logon,,,,20,13,4,february,6,thursday,2020,local,"ACME-003",,,,,,,,,false,,,,"Domain_B","ACME-003",,untrust,,false,false,false,,"ACME-003",,,,,,,,,false,,,,"ACME-003",,untrust,,false,false,false,,960192339,"windows_logon_success wineventlog_security wineventlog_windows winsec","ACME-003",960192339,,main,,,,72,,,"ACME-003
user_c","Domain_B\SYSTEM
Domain_B\user_c","Domain_B\",,"An account was successfully logged on",,WinEventLog,,,,,,,0x341B,Windows,,,"//_::_==____.====-====_=_____.:__:__\__:__-__:____",,,,0x5FC9,informational,0,,,"An account was successfully logged on",4624,"WinEventLog:Security",WinEventLog,"prd-p-g7nxxbgc3hgl",,"ACME-003",,,,,,,,"58.133.233.197",false,,,,"Domain_B","ACME-003",,untrust,37568,,false,,false,false,"ACME-003",,,,,,,,,,,,,,,,,false,,,,,success,,"An account was successfully logged on",failure,,,"authentication
local
os
security
success
windows",,,,success,local,,,,"authentication
os
security
windows",,,,,,,,,,,,,,,22,0,,"user_c",,,,,,,,,,,,,,,,,,,false,,,,,Microsoft,,
SeRemoteInteractiveLogonRight,"Domain_B",,"COREDEV-001
Domain_B\user_c",,,,,,,,,,,,,,,,,,,,,,,"COREDEV-001",,,,,,,,,"-",4718,"System security access was removed from an account",0,,,,,,,,,,,,,,,,,"Audit Success",,,,,Security,,,,,0x5FC9,,,,,,,,,"System security access was removed from an account.

Subject:
	Security ID:		Domain_B\SYSTEM
	Account Name:		COREDEV-001
	Account Domain:		Domain_B
	Logon ID:		0x5FC9

Account Modified:
	Account Name:		Domain_B\user_c

Access Removed:
	Access Right:		SeRemoteInteractiveLogonRight",,,,,,,,,,,,,,,Info,,,,,,,,,,,,,,,,975417067,,,,,,"Domain_B\SYSTEM",,,"Microsoft Windows security auditing.",,,,,,,,,,,,,,,,,,,"Authentication Policy Change",,,,,Information,,,,,,,,,,,,"02/13/2020 08:04:06 PM
LogName=Security
SourceName=Microsoft Windows security auditing.
EventCode=4718
EventType=0
Type=Information
ComputerName=COREDEV-001
TaskCategory=Authentication Policy Change
OpCode=Info
RecordNumber=975417067
Keywords=Audit Success
Message=System security access was removed from an account.

Subject:
	Security ID:		Domain_B\SYSTEM
	Account Name:		COREDEV-001
	Account Domain:		Domain_B
	Logon ID:		0x5FC9

Account Modified:
	Account Name:		Domain_B\user_c

Access Removed:
	Access Right:		SeRemoteInteractiveLogonRight
","2020-02-13T20:04:06.000+0000",success,"win:unknown","System security access was removed from an account.

Subject:
	Security ID:		Domain_B\SYSTEM
	Account Name:		COREDEV-001
	Account Domain:		Domain_B
	Logon ID:		0x5FC9

Account Modified:
	Account Name:		Domain_B\user_c

Access Removed:
	Access Right:		SeRemoteInteractiveLogonRight",,"Authentication Policy Change",,,,20,13,4,february,6,thursday,2020,local,"COREDEV-001",,,,,,,,,false,,,,"Domain_B","COREDEV-001",,untrust,,false,false,false,,"COREDEV-001",,,,,,,,,false,,,,"COREDEV-001",,untrust,,false,false,false,,975417067,"windows_security_access_removed wineventlog_security wineventlog_windows winsec","COREDEV-001",975417067,,main,,,,25,,,"COREDEV-001
Domain_B\user_c","Domain_B\SYSTEM","Domain_B\",,"System security access was removed from an account",,WinEventLog,,,,,,,,Windows,,,"//_::_==___.====-=__===_=_______.:t_:tt\t_:tt-t_:t",,,,0x5FC9,informational,0,,,"System security access was removed from an account",4718,"WinEventLog:Security",WinEventLog,"prd-p-g7nxxbgc3hgl",,,,,,,,,,,,,,,"Domain_B",,,,,,,,,,"COREDEV-001",,,,,,,,,,,,,,,,,false,,,,,success,,"System security access was removed from an account",failure,,,"access
account
authorization
change
delete
os
security
success
windows",,,,success,,,,,"access
account
authorization
change
delete
os
security
windows",,,,,,,,,,,,,,,22,0,,"Domain_B\user_c",,,,,,,,,,,,,,,,,,,false,,,,,Microsoft,,
,"Domain_B
Domain_B",,"user_g
user_a",,,,,,,,,,,,,,,"Account Management",,,,,,,,"COREDEV-003",,,,,,,,,"-",4724,"An attempt was made to reset an accounts password",0,,,,,,,,,,,,,,,,,"Audit Failure",,,,,Security,,,,,0xEB5F,,,,,,,,,"An attempt was made to reset an account's password.
Subject:
	Security ID:  Domain_B\user_g
	Account Name:  user_g
	Account Domain:  Domain_B
	Logon ID:  0xEB5F
Target Account:
	Security ID:  Domain_B\user_a
	Account Name:  user_a
	Account Domain:  Domain_B",,,,,,,,,,,,,,,Info,,,,,,,,,,,,,,,,686911004,,,,,,"Domain_B\user_g
Domain_B\user_a",,,"Microsoft Windows security auditing.",,,,,,,,,,,,,,,,,,,"User Account Management",,,,,Information,,,,,,,,,,,,"02/13/2020 08:04:06 PM
LogName=Security
SourceName=Microsoft Windows security auditing.
EventCode=4724
EventType=0
Type=Information
ComputerName=COREDEV-003
TaskCategory=User Account Management
OpCode=Info
RecordNumber=686911004
Keywords=Audit Failure
Message=An attempt was made to reset an account's password.
Subject:
	Security ID:  Domain_B\user_g
	Account Name:  user_g
	Account Domain:  Domain_B
	Logon ID:  0xEB5F
Target Account:
	Security ID:  Domain_B\user_a
	Account Name:  user_a
	Account Domain:  Domain_B
","2020-02-13T20:04:06.000+0000",modified,"win:unknown","An attempt was made to reset an account's password.
Subject:
	Security ID:  Domain_B\user_g
	Account Name:  user_g
	Account Domain:  Domain_B
	Logon ID:  0xEB5F
Target Account:
	Security ID:  Domain_B\user_a
	Account Name:  user_a
	Account Domain:  Domain_B",,"User Account Management",user,,,20,13,4,february,6,thursday,2020,local,"COREDEV-003",,,,,,,,,false,,,,"Domain_B","COREDEV-003",,untrust,,false,false,false,,"COREDEV-003",,,,,,,,,false,,,,"COREDEV-003",,untrust,,false,false,false,,686911004,"err0r nix_errors windows_account_management windows_account_password_set wineventlog_security wineventlog_windows winsec","COREDEV-003",686911004,,main,,,,22,,,"user_g
user_a","Domain_B\user_g
Domain_B\user_a","Domain_B\","reset an account's password","An attempt was made to reset an accounts password",,WinEventLog,user,,,,,,,Windows,,,"//_::_==___.====-=__===_=_______'_.:t_:__\t_:__t_:",,,,0xEB5F,informational,0,,,"An attempt was made to reset an accounts password",4724,"WinEventLog:Security",WinEventLog,"prd-p-g7nxxbgc3hgl",,,,,,,,,,,,,,,"Domain_B",,,,,,,,,,"user_g",,,,,,,,,,,,,,,,,false,,,,,failure,,"An attempt was made to reset an accounts password",failure,"Account Management",,"account
change
error
management
modify
os
password
security
windows",,,,,,,,,"account
change
error
management
modify
os
password
security
windows",,,,,,,,,,,,,,,22,0,,"user_a",,,,,,,,,,,,,,,,,,,false,,,,,Microsoft,,
,"Domain_D
Domain_D",,"HOST-002
Mathbelliin",,"Server_A.com",,,,,,,,,,,,,,,,,,,,,"HOST-002",,,,,,,,,"-",4648,"A logon was attempted using explicit credentials",0,,,,,,,,,,,,,,,,,"Audit Success",,,,,Security,,,"{27C4A2F2-13CA-AA25-E903-D31268740239}
{27C4A2F2-13CA-AA25-E903-D31268740239}",,0x70E4,,,,,,,,,"A logon was attempted using explicit credentials.
Subject:
	Security ID:  Domain_D\SYSTEM
	Account Name:  HOST-002
	Account Domain:  Domain_D
	Logon ID:  0x70E4
	Logon GUID:		{27C4A2F2-13CA-AA25-E903-D31268740239}
Account Whose Credentials Were Used:
	Account Name:		Mathbelliin
	Account Domain:		Domain_D
	Logon GUID:		{27C4A2F2-13CA-AA25-E903-D31268740239}
Target Server:
	Target Server Name:	Server_A.com
	Additional Information:	Server_A.com
Process Information:
	Process ID:		EA04
	Process Name:		C:\Windows\System32\example_c.exe
Network Information:
	Network Address:	210.55.205.77
	Port:			-
This event is generated when a process attempts to log on an account by explicitly specifying that account's credentials. This most commonly occurs in batch-type configurations such as scheduled tasks, or when using the RUNAS command.",,,,,,"210.55.205.77",,,,,,,,,Info,,,,,,"-",,,,,,EA04,"C:\Windows\System32\example_c.exe",,,383711101,,,,,,"Domain_D\SYSTEM",,,"Microsoft Windows security auditing.",,,,,,,,,,,,,,,,,"Server_A.com",,Logon,,,,,Information,,,,,,,,,,,,"02/13/2020 08:04:06 PM
LogName=Security
SourceName=Microsoft Windows security auditing.
EventCode=4648
EventType=0
Type=Information
ComputerName=HOST-002
TaskCategory=Logon
OpCode=Info
RecordNumber=383711101
Keywords=Audit Success
Message=A logon was attempted using explicit credentials.
Subject:
	Security ID:  Domain_D\SYSTEM
	Account Name:  HOST-002
	Account Domain:  Domain_D
	Logon ID:  0x70E4
	Logon GUID:		{27C4A2F2-13CA-AA25-E903-D31268740239}
Account Whose Credentials Were Used:
	Account Name:		Mathbelliin
	Account Domain:		Domain_D
	Logon GUID:		{27C4A2F2-13CA-AA25-E903-D31268740239}
Target Server:
	Target Server Name:	Server_A.com
	Additional Information:	Server_A.com
Process Information:
	Process ID:		EA04
	Process Name:		C:\Windows\System32\example_c.exe
Network Information:
	Network Address:	210.55.205.77
	Port:			-
This event is generated when a process attempts to log on an account by explicitly specifying that account's credentials. This most commonly occurs in batch-type configurations such as scheduled tasks, or when using the RUNAS command.
","2020-02-13T20:04:06.000+0000",success,"win:remote","A logon was attempted using explicit credentials.
Subject:
	Security ID:  Domain_D\SYSTEM
	Account Name:  HOST-002
	Account Domain:  Domain_D
	Logon ID:  0x70E4
	Logon GUID:		{27C4A2F2-13CA-AA25-E903-D31268740239}
Account Whose Credentials Were Used:
	Account Name:		Mathbelliin
	Account Domain:		Domain_D
	Logon GUID:		{27C4A2F2-13CA-AA25-E903-D31268740239}
Target Server:
	Target Server Name:	Server_A.com
	Additional Information:	Server_A.com
Process Information:
	Process ID:		EA04
	Process Name:		C:\Windows\System32\example_c.exe
Network Information:
	Network Address:	210.55.205.77
	Port:			-
This event is generated when a process attempts to log on an account by explicitly specifying that account's credentials. This most commonly occurs in batch-type configurations such as scheduled tasks, or when using the RUNAS command.",,Logon,,,,20,13,4,february,6,thursday,2020,local,"Server_A.com",,,,,,,,,false,,,,"Domain_D","Server_A.com",,untrust,,false,false,false,,"HOST-002",,,,,,,,,false,,,,"HOST-002",,untrust,,false,false,false,,383711101,"windows_logon_explicit wineventlog_security wineventlog_windows winsec","HOST-002",383711101,,main,,,,33,,,"HOST-002
Mathbelliin","Domain_D\SYSTEM","Domain_D\",,"A logon was attempted using explicit credentials",,WinEventLog,,,,,,,,Windows,,,"//_::_==___.====-====_=______.:t_:__\t_:__-t_:__t_",,,,0x70E4,informational,0,,,"A logon was attempted using explicit credentials",4648,"WinEventLog:Security",WinEventLog,"prd-p-g7nxxbgc3hgl",,,,,,,,,,,,,,,"Domain_D",,,,,,,,,,"HOST-002",,,,,,,,,,,,,,,,,false,,,,,success,,"A logon was attempted using explicit credentials",failure,,,"authentication
os
privileged
remote
security
success
windows",,,,success,remote,,,,"authentication
os
privileged
security
windows",,,,,,,,,,,,,,,22,0,,Mathbelliin,,,,,,,,,,,,,,,,,,,false,,,,,Microsoft,,
,"Domain_A",,"user_c
user_f",,,,,,,,"SE-002",,,,,,,"Account Management",,,,,,,,"SE-002",,,,,,,,,"-",4740,"A user account was locked out",0,,,,,,,,,,,,,,,,,"Audit Success",,,,,Security,,,,,0x5FC9,,,,,,,,,"A user account was locked out. 
Subject: 
	Security ID: Domain_A\user_c 
	Account Name: user_c
	Account Domain: Domain_A
	Logon ID: 0x5FC9
Account That Was Locked Out: 
	Security ID: Domain_A\user_f 
	Account Name: user_f
Additional Information: 
	Caller Computer Name: SE-002",,,,,,,,,,,,,,,Info,,,,,,,,,,,,,,,,923151087,,,,,,"Domain_A\user_c
Domain_A\user_f",,,"Microsoft Windows security auditing.",,,,,,,,,,,,,,,,,,,"User Account Management",,,,,Information,,,,,,,,,,,,"02/13/2020 08:04:06 PM 
LogName=Security 
SourceName=Microsoft Windows security auditing.
EventCode=4740 
EventType=0 
Type=Information
ComputerName=SE-002 
TaskCategory=User Account Management
OpCode=Info 
RecordNumber=923151087
Keywords=Audit Success
Message=A user account was locked out. 
Subject: 
	Security ID: Domain_A\user_c 
	Account Name: user_c
	Account Domain: Domain_A
	Logon ID: 0x5FC9
Account That Was Locked Out: 
	Security ID: Domain_A\user_f 
	Account Name: user_f
Additional Information: 
	Caller Computer Name: SE-002
","2020-02-13T20:04:06.000+0000",modified,"win:unknown","A user account was locked out. 
Subject: 
	Security ID: Domain_A\user_c 
	Account Name: user_c
	Account Domain: Domain_A
	Logon ID: 0x5FC9
Account That Was Locked Out: 
	Security ID: Domain_A\user_f 
	Account Name: user_f
Additional Information: 
	Caller Computer Name: SE-002",,"User Account Management",user,,,20,13,4,february,6,thursday,2020,local,"SE-002",,,,,,,,,false,,,,"Domain_A","SE-002",,untrust,,false,false,false,,"SE-002",,,,,,,,,false,,,,"SE-002 ",,untrust,,false,false,false,,923151087,"windows_account_lockout windows_account_management wineventlog_security wineventlog_windows winsec","SE-002 ",923151087,,main,,,,23,,,"user_c
user_f","Domain_A\user_c
Domain_A\user_f","Domain_A\","locked out","A user account was locked out",,WinEventLog,user,,,,,,,Windows,,,"//_::__=_=___.=_=_==-_=__=_==_=_____._:_t_:_\_t_:_",,,lockout,0x5FC9,informational,0,,,"A user account was locked out",4740,"WinEventLog:Security",WinEventLog,"prd-p-g7nxxbgc3hgl",,,,,,,,,,,,,,,"Domain_A\user_c
Domain_A","SE-002",,,,,,,,,"user_c",,,,,,,,,,,,,,,,,false,,,,,success,,"A user account was locked out",failure,"Account Management",,"account
change
lock
lockout
management
os
security
windows",,,,,,,,,"account
change
lock
lockout
management
os
security
windows",,,,,,,,,,,,,,,22,0,,"user_f",,,,,,,,,,,,,,,,,,,false,,,,,Microsoft,,
,"Domain_A
Domain_A",,"user_h
user_f",,,,,,,,,,,,,,,"Account Management",,,,,,,,"ops-sys-005",,,,,,,,,"-",4726,"A user account was deleted",0,,,,,,,,,,,,,,,,,"Audit Success",,,,,Security,,,,,0xA19C,,,,,,,,,"A user account was deleted.

Subject:
	Security ID:		Domain_A\user_h
	Account Name:		user_h
	Account Domain:		Domain_A
	Logon ID:		0xA19C

Target Account:
	Security ID:		Domain_A\user_f
	Account Name:		user_f
	Account Domain:		Domain_A

Additional Information:
	Privileges	-",,,,,,,,,,,,,,,Info,,,,,,,,,,,,,,,,901581603,,,,,,"Domain_A\user_h
Domain_A\user_f",,,"Microsoft Windows security auditing.",,,,,,,,,,,,,,,,,,,"User Account Management",,,,,Information,,,,,,,,,,,,"02/13/2020 08:04:06 PM
LogName=Security
SourceName=Microsoft Windows security auditing.
EventCode=4726
EventType=0
Type=Information
ComputerName=ops-sys-005
TaskCategory=User Account Management
OpCode=Info
RecordNumber=901581603
Keywords=Audit Success
Message=A user account was deleted.

Subject:
	Security ID:		Domain_A\user_h
	Account Name:		user_h
	Account Domain:		Domain_A
	Logon ID:		0xA19C

Target Account:
	Security ID:		Domain_A\user_f
	Account Name:		user_f
	Account Domain:		Domain_A

Additional Information:
	Privileges	-
","2020-02-13T20:04:06.000+0000",deleted,"win:unknown","A user account was deleted.

Subject:
	Security ID:		Domain_A\user_h
	Account Name:		user_h
	Account Domain:		Domain_A
	Logon ID:		0xA19C

Target Account:
	Security ID:		Domain_A\user_f
	Account Name:		user_f
	Account Domain:		Domain_A

Additional Information:
	Privileges	-",,"User Account Management",user,,,20,13,4,february,6,thursday,2020,local,"ops-sys-005",,,,,,,,,false,,,,"Domain_A","ops-sys-005",,untrust,,false,false,false,,"ops-sys-005",,,,,,,,,false,,,,"ops-sys-005",,untrust,,false,false,false,,901581603,"windows_account_deleted windows_account_management wineventlog_security wineventlog_windows winsec","ops-sys-005",901581603,,main,,,,27,,,"user_h
user_f","Domain_A\user_h
Domain_A\user_f","Domain_A\",deleted,"A user account was deleted",,WinEventLog,user,,,,,,,Windows,,,"//_::_==___.====--=__===_=____.:t_:tt\t_:ttt_:ttt_",,,,0xA19C,informational,0,,,"A user account was deleted",4726,"WinEventLog:Security",WinEventLog,"prd-p-g7nxxbgc3hgl",,,,,,,,,,,,,,,"Domain_A",,,,,,,,,,"user_h",,,,,,,,,,,,,,,,,false,,,,,success,,"A user account was deleted",failure,"Account Management",,"account
change
delete
management
os
security
windows",,,,,,,,,"account
change
delete
management
os
security
windows",,,,,,,,,,,,,,,22,0,,"user_f",,,,,,,,,,,,,,,,,,,false,,,,,Microsoft,,
,"Domain_B
Domain_B",,"user_g
user_f",,,,,,,,,,,,,,,"Account Management",,,,,,,,"BUSDEV-001",,,,,,,,,"-",4726,"A user account was deleted",0,,,,,,,,,,,,,,,,,"Audit Success",,,,,Security,,,,,0xEB5F,,,,,,,,,"A user account was deleted.

Subject:
	Security ID:		Domain_B\user_g
	Account Name:		user_g
	Account Domain:		Domain_B
	Logon ID:		0xEB5F

Target Account:
	Security ID:		Domain_B\user_f
	Account Name:		user_f
	Account Domain:		Domain_B

Additional Information:
	Privileges	-",,,,,,,,,,,,,,,Info,,,,,,,,,,,,,,,,380240428,,,,,,"Domain_B\user_g
Domain_B\user_f",,,"Microsoft Windows security auditing.",,,,,,,,,,,,,,,,,,,"User Account Management",,,,,Information,,,,,,,,,,,,"02/13/2020 08:04:06 PM
LogName=Security
SourceName=Microsoft Windows security auditing.
EventCode=4726
EventType=0
Type=Information
ComputerName=BUSDEV-001
TaskCategory=User Account Management
OpCode=Info
RecordNumber=380240428
Keywords=Audit Success
Message=A user account was deleted.

Subject:
	Security ID:		Domain_B\user_g
	Account Name:		user_g
	Account Domain:		Domain_B
	Logon ID:		0xEB5F

Target Account:
	Security ID:		Domain_B\user_f
	Account Name:		user_f
	Account Domain:		Domain_B

Additional Information:
	Privileges	-
","2020-02-13T20:04:06.000+0000",deleted,"win:unknown","A user account was deleted.

Subject:
	Security ID:		Domain_B\user_g
	Account Name:		user_g
	Account Domain:		Domain_B
	Logon ID:		0xEB5F

Target Account:
	Security ID:		Domain_B\user_f
	Account Name:		user_f
	Account Domain:		Domain_B

Additional Information:
	Privileges	-",,"User Account Management",user,,,20,13,4,february,6,thursday,2020,local,"BUSDEV-001",,,,,,,,,false,,,,"Domain_B","BUSDEV-001",,untrust,,false,false,false,,"BUSDEV-001",,,,,,,,,false,,,,"BUSDEV-001",,untrust,,false,false,false,,380240428,"windows_account_deleted windows_account_management wineventlog_security wineventlog_windows winsec","BUSDEV-001",380240428,,main,,,,27,,,"user_g
user_f","Domain_B\user_g
Domain_B\user_f","Domain_B\",deleted,"A user account was deleted",,WinEventLog,user,,,,,,,Windows,,,"//_::_==___.====-=__===_=____.:t_:tt\t_:ttt_:ttt_:",,,,0xEB5F,informational,0,,,"A user account was deleted",4726,"WinEventLog:Security",WinEventLog,"prd-p-g7nxxbgc3hgl",,,,,,,,,,,,,,,"Domain_B",,,,,,,,,,"user_g",,,,,,,,,,,,,,,,,false,,,,,success,,"A user account was deleted",failure,"Account Management",,"account
change
delete
management
os
security
windows",,,,,,,,,"account
change
delete
management
os
security
windows",,,,,,,,,,,,,,,22,0,,"user_f",,,,,,,,,,,,,,,,,,,false,,,,,Microsoft,,
,"Domain_E
Domain_E",,"user_a
user_l",,,,,,,,,,,,,,,"Account Management",,,,,,,,"PROD-MFS-001",,,,,,,,,"-",4726,"A user account was deleted",0,,,,,,,,,,,,,,,,,"Audit Success",,,,,Security,,,,,0x6C10,,,,,,,,,"A user account was deleted.

Subject:
	Security ID:		Domain_E\user_a
	Account Name:		user_a
	Account Domain:		Domain_E
	Logon ID:		0x6C10

Target Account:
	Security ID:		Domain_E\user_l
	Account Name:		user_l
	Account Domain:		Domain_E

Additional Information:
	Privileges	-",,,,,,,,,,,,,,,Info,,,,,,,,,,,,,,,,177977663,,,,,,"Domain_E\user_a
Domain_E\user_l",,,"Microsoft Windows security auditing.",,,,,,,,,,,,,,,,,,,"User Account Management",,,,,Information,,,,,,,,,,,,"02/13/2020 08:04:05 PM
LogName=Security
SourceName=Microsoft Windows security auditing.
EventCode=4726
EventType=0
Type=Information
ComputerName=PROD-MFS-001
TaskCategory=User Account Management
OpCode=Info
RecordNumber=177977663
Keywords=Audit Success
Message=A user account was deleted.

Subject:
	Security ID:		Domain_E\user_a
	Account Name:		user_a
	Account Domain:		Domain_E
	Logon ID:		0x6C10

Target Account:
	Security ID:		Domain_E\user_l
	Account Name:		user_l
	Account Domain:		Domain_E

Additional Information:
	Privileges	-
","2020-02-13T20:04:05.000+0000",deleted,"win:unknown","A user account was deleted.

Subject:
	Security ID:		Domain_E\user_a
	Account Name:		user_a
	Account Domain:		Domain_E
	Logon ID:		0x6C10

Target Account:
	Security ID:		Domain_E\user_l
	Account Name:		user_l
	Account Domain:		Domain_E

Additional Information:
	Privileges	-",,"User Account Management",user,,,20,13,4,february,5,thursday,2020,local,"PROD-MFS-001",,,,,,,,,false,,,,"Domain_E","PROD-MFS-001",,untrust,,false,false,false,,"PROD-MFS-001",,,,,,,,,false,,,,"PROD-MFS-001",,untrust,,false,false,false,,177977663,"windows_account_deleted windows_account_management wineventlog_security wineventlog_windows winsec","PROD-MFS-001",177977663,,main,,,,27,,,"user_a
user_l","Domain_E\user_a
Domain_E\user_l","Domain_E\",deleted,"A user account was deleted",,WinEventLog,user,,,,,,,Windows,,,"//_::_==___.====--=__===_=____.:t_:tt\t_:ttt_:ttt_",,,,0x6C10,informational,0,,,"A user account was deleted",4726,"WinEventLog:Security",WinEventLog,"prd-p-g7nxxbgc3hgl",,,,,,,,,,,,,,,"Domain_E",,,,,,,,,,"user_a",,,,,,,,,,,,,,,,,false,,,,,success,,"A user account was deleted",failure,"Account Management",,"account
change
delete
management
os
security
windows",,,,,,,,,"account
change
delete
management
os
security
windows",,,,,,,,,,,,,,,22,0,,"user_l",,,,,,,,,,,,,,,,,,,false,,,,,Microsoft,,
,"Domain_E",,"user_c",,,,,,,,,,,,,,,,,,,,,,,"HOST-001",,,,,,,,,"-",4673,"A privileged service was called",0,,,,,,,,,,,,,,,,,"Audit Success",,,,,Security,,,,,0x5FC9,,,,,,,,,"A privileged service was called.

Subject:
	Security ID:		Domain_E\user_c
	Account Name:		user_c
	Account Domain:		Domain_E
	Logon ID:		0x5FC9

Service:
	Server:	NT Local Security Authority / Authentication Service
	Service Name:	LsaRegisterLogonProcess()

Process:
	Process ID:	0x7DE2
	Process Name:	C:\Windows\System32\example_d.exe

Service Request Information:
	Privileges:		SeAuditPrivilege",,,,,,,,,,,,,,,Info,,,,,,,,,,,SeAuditPrivilege,0x7DE2,"C:\Windows\System32\example_d.exe",,,655923550,,,,,,"Domain_E\user_c","NT Local Security Authority / Authentication Service","LsaRegisterLogonProcess()","Microsoft Windows security auditing.",,,,,,,,,,,,,,,,,,,"Sensitive Privilege Use",,,,,Information,,,,,,,,,,,,"02/13/2020 08:04:05 PM
LogName=Security
SourceName=Microsoft Windows security auditing.
EventCode=4673
EventType=0
Type=Information
ComputerName=HOST-001
TaskCategory=Sensitive Privilege Use
OpCode=Info
RecordNumber=655923550
Keywords=Audit Success
Message=A privileged service was called.

Subject:
	Security ID:		Domain_E\user_c
	Account Name:		user_c
	Account Domain:		Domain_E
	Logon ID:		0x5FC9

Service:
	Server:	NT Local Security Authority / Authentication Service
	Service Name:	LsaRegisterLogonProcess()

Process:
	Process ID:	0x7DE2
	Process Name:	C:\Windows\System32\example_d.exe

Service Request Information:
	Privileges:		SeAuditPrivilege
","2020-02-13T20:04:05.000+0000",success,"win:unknown","A privileged service was called.

Subject:
	Security ID:		Domain_E\user_c
	Account Name:		user_c
	Account Domain:		Domain_E
	Logon ID:		0x5FC9

Service:
	Server:	NT Local Security Authority / Authentication Service
	Service Name:	LsaRegisterLogonProcess()

Process:
	Process ID:	0x7DE2
	Process Name:	C:\Windows\System32\example_d.exe

Service Request Information:
	Privileges:		SeAuditPrivilege",,"Sensitive Privilege Use",,,,20,13,4,february,5,thursday,2020,local,"HOST-001",,,,,,,,,false,,,,"Domain_E","HOST-001",,untrust,,false,false,false,,"HOST-001",,,,,,,,,false,,,,"HOST-001",,untrust,,false,false,false,,655923550,"windows_privileged_service_call wineventlog_security wineventlog_windows winsec","HOST-001",655923550,,main,,,,30,,,"user_c","Domain_E\user_c","Domain_E\",,"A privileged service was called",,WinEventLog,,,,,"Generate security audits",SeAuditPrivilege,,Windows,,,"//_::_==___.====-=__===_=____.:t_:tt\t_:ttt_:ttt_:",,,,0x5FC9,informational,0,,,"A privileged service was called",4673,"WinEventLog:Security",WinEventLog,"prd-p-g7nxxbgc3hgl",,,,,,,,,,,,,,,"Domain_E",,,,,,,,,,,,,,,,,,,,,,,,,,,,,,,,success,,"A privileged service was called",failure,,,"audit
execute
os
privileged
process
security
start
success
windows",,,,success,,,,,"execute
os
privileged
process
security
start
windows",,audit,,,,,,,,,,,,,22,0,,"user_c",,,,,,,,,,,,,,,,,,,false,,,,,Microsoft,SeAuditPrivilege,
,"Domain_B",,"user_j",,,,,,,,,,,,,,,,,,,,,,,"ACME-001",,,,,,,,,"-",1102,"The audit log was cleared",4,,,,,,,,,,,,,,,,,"Audit Success",,,,,Security,,,,,0xB111,,,,,,,,,"The audit log was cleared.
Subject:
	Security ID:		Domain_B\user_j
	Account Name:		user_j
	Account Domain:		Domain_B
	Logon ID:		0xB111",,,,,,,,,,,,,,,Info,,,,,,,,,,,,,,,,741969465,,,,,,"Domain_B\user_j",,,"Microsoft-Windows-Eventlog",,,,,,,,,,,,,,,,,,,"Log clear",,,,,Information,,,,,,,,,,,,"02/13/2020 08:04:05 PM
LogName=Security
SourceName=Microsoft-Windows-Eventlog
EventCode=1102
EventType=4
Type=Information
ComputerName=ACME-001
TaskCategory=Log clear
OpCode=Info
RecordNumber=741969465
Keywords=Audit Success
Message=The audit log was cleared.
Subject:
	Security ID:		Domain_B\user_j
	Account Name:		user_j
	Account Domain:		Domain_B
	Logon ID:		0xB111
","2020-02-13T20:04:05.000+0000",cleared,"win:unknown","The audit log was cleared.
Subject:
	Security ID:		Domain_B\user_j
	Account Name:		user_j
	Account Domain:		Domain_B
	Logon ID:		0xB111",,"Log clear",audit,,,20,13,4,february,5,thursday,2020,local,"ACME-001",,,,,,,,,false,,,,"Domain_B","ACME-001",,untrust,,false,false,false,,"ACME-001",,,,,,,,,false,,,,"ACME-001",,untrust,,false,false,false,,741969465,"windows_audit_log_cleared wineventlog_security wineventlog_windows winsec","ACME-001",741969465,,main,,,,18,,,"user_j","Domain_B\user_j","Domain_B\",,"The audit log was cleared",,WinEventLog,audit,,,,,,,Windows,,,"//_::_==--====-=_===_=____.:t_:tt\t_:ttt_:ttt_:tt",,,,0xB111,informational,4,,,"The audit log was cleared",1102,"WinEventLog:Security",WinEventLog,"prd-p-g7nxxbgc3hgl",,,,,,,,,,,,,,,"Domain_B",,,,,,,,,,,,,,,,,,,,,,,,,,,,,,,,success,,"The audit log was cleared",failure,,,"audit
change
cleared
delete
endpoint
os
security
watchlist
windows",,,,,,,,,"audit
change
cleared
delete
endpoint
os
security
watchlist
windows",,,,,,,,,,,,,,,22,0,,"user_j",,,,,,,,,,,,,,,,,,,false,,,,,Microsoft,,
,"Domain_D",,"user_a",,,,,,,,,,,,,,,,,,,,,,,"PROD-MFS-005",,,,,,,,,"-",4689,"A process has exited",0,0x2DC1EC,,,,,,,,,,,,,,,,"Audit Success",,,,,Security,,,,,0x6C10,,,,,,,,,"A process has exited.

Subject:
	Security ID:		Domain_D\user_a
	Account Name:		user_a
	Account Domain:		Domain_D
	Logon ID:		0x6C10

Process Information:
	Process ID:	0xAA76
	Process Name:	C:\Windows\System32\example_f.exe
	Exit Status:	0x2DC1EC",,,,,,,,,,,,,,,Info,,,,,,,,,,,,0xAA76,"C:\Windows\System32\example_f.exe",,,562606479,,,,,,"Domain_D\user_a",,,"Microsoft Windows security auditing.",,,,,,,,,,,,,,,,,,,"Process Termination",,,,,Information,,,,,,,,,,,,"02/13/2020 08:04:05 PM
LogName=Security
SourceName=Microsoft Windows security auditing.
EventCode=4689
EventType=0
Type=Information
ComputerName=PROD-MFS-005
TaskCategory=Process Termination
OpCode=Info
RecordNumber=562606479
Keywords=Audit Success
Message=A process has exited.

Subject:
	Security ID:		Domain_D\user_a
	Account Name:		user_a
	Account Domain:		Domain_D
	Logon ID:		0x6C10

Process Information:
	Process ID:	0xAA76
	Process Name:	C:\Windows\System32\example_f.exe
	Exit Status:	0x2DC1EC
","2020-02-13T20:04:05.000+0000",success,"win:unknown","A process has exited.

Subject:
	Security ID:		Domain_D\user_a
	Account Name:		user_a
	Account Domain:		Domain_D
	Logon ID:		0x6C10

Process Information:
	Process ID:	0xAA76
	Process Name:	C:\Windows\System32\example_f.exe
	Exit Status:	0x2DC1EC",,"Process Termination",,,,20,13,4,february,5,thursday,2020,local,"PROD-MFS-005",,,,,,,,,false,,,,"Domain_D","PROD-MFS-005",,untrust,,false,false,false,,"PROD-MFS-005",,,,,,,,,false,,,,"PROD-MFS-005",,untrust,,false,false,false,,562606479,"windows_process_exit wineventlog_security wineventlog_windows winsec","PROD-MFS-005",562606479,,main,,,,24,,,"user_a","Domain_D\user_a","Domain_D\",,"A process has exited",,WinEventLog,,,,,,,,Windows,,,"//_::_==___.====--=_===_=___.:t_:tt\t_:ttt_:ttt_:t",,,,0x6C10,informational,0,,,"A process has exited",4689,"WinEventLog:Security",WinEventLog,"prd-p-g7nxxbgc3hgl",,,,,,,,,,,,,,,"Domain_D",,,,,,,,,,,,,,,,,,,,,,,,,,,,,,,,success,,"A process has exited",failure,,,"execute
os
process
security
stop
success
windows",,,,success,,,,,"execute
os
process
security
stop
windows",,,,,,,,,,,,,,,22,0,,"user_a",,,,,,,,,,,,,,,,,,,false,,,,,Microsoft,,
,"Domain_C",,"user_n",,,,,,,,,,,,,,,,,,,,,,,"$SPLUNK_HOME/etc/apps/Splunk_TA_windows/samples/hostname.sample",0xC056,,,,,,,,"-",4688,"A new process has been created",0,,,,,,,,,,,,,,,,,"Audit Success",,,,,Security,,,,,0x4D76,,,,,,,,,"A new process has been created.
Subject:
	Security ID:		Domain_C\user_n
	Account Name:		user_n
	Account Domain:		Domain_C
	Logon ID:		0x4D76
Process Information:
	New Process ID:		0xA98C
	New Process Name:	C:\Windows\System32\example_a.exe
	Token Elevation Type:	TokenElevationTypeLimited (3)
	Creator Process ID:	0xC056
Token Elevation Type indicates the type of token that was assigned to the new process in accordance with User Account Control policy.
Type 1 is a full token with no privileges removed or groups disabled.  A full token is only used if User Account Control is disabled or if the User is the built-in Administrator account or a service account.
Type 2 is an elevated token with no privileges removed or groups disabled.  An elevated token is used when User Account Control is enabled and the User chooses to start the program using Run as administrator.  An elevated token is also used when an application is configured to always require administrative privilege or to always require maximum privilege, and the User is a member of the Administrators group.
Type 3 is a limited token with administrative privileges removed and administrative groups disabled.  The limited token is used when User Account Control is enabled, the application does not require administrative privilege, and the User does not choose to start the program using Run as administrator.",,,,,,,,,,0xA98C,"C:\Windows\System32\example_a.exe",,,,Info,,,,,,,,,,,,,,,,391220856,,,,,,"Domain_C\user_n",,,"Microsoft Windows security auditing.",,,,,,,,,,,,,,,,,,,"Process Creation",,"TokenElevationTypeLimited (3)",3,,Information,,,,,,,,,,,,"02/13/2020 08:04:05 PM
LogName=Security
SourceName=Microsoft Windows security auditing.
EventCode=4688
EventType=0
Type=Information
ComputerName=$SPLUNK_HOME/etc/apps/Splunk_TA_windows/samples/hostname.sample
TaskCategory=Process Creation
OpCode=Info
RecordNumber=391220856
Keywords=Audit Success
Message=A new process has been created.
Subject:
	Security ID:		Domain_C\user_n
	Account Name:		user_n
	Account Domain:		Domain_C
	Logon ID:		0x4D76
Process Information:
	New Process ID:		0xA98C
	New Process Name:	C:\Windows\System32\example_a.exe
	Token Elevation Type:	TokenElevationTypeLimited (3)
	Creator Process ID:	0xC056
Token Elevation Type indicates the type of token that was assigned to the new process in accordance with User Account Control policy.
Type 1 is a full token with no privileges removed or groups disabled.  A full token is only used if User Account Control is disabled or if the User is the built-in Administrator account or a service account.
Type 2 is an elevated token with no privileges removed or groups disabled.  An elevated token is used when User Account Control is enabled and the User chooses to start the program using Run as administrator.  An elevated token is also used when an application is configured to always require administrative privilege or to always require maximum privilege, and the User is a member of the Administrators group.
Type 3 is a limited token with administrative privileges removed and administrative groups disabled.  The limited token is used when User Account Control is enabled, the application does not require administrative privilege, and the User does not choose to start the program using Run as administrator.
","2020-02-13T20:04:05.000+0000",success,"win:unknown","A new process has been created.
Subject:
	Security ID:		Domain_C\user_n
	Account Name:		user_n
	Account Domain:		Domain_C
	Logon ID:		0x4D76
Process Information:
	New Process ID:		0xA98C
	New Process Name:	C:\Windows\System32\example_a.exe
	Token Elevation Type:	TokenElevationTypeLimited (3)
	Creator Process ID:	0xC056
Token Elevation Type indicates the type of token that was assigned to the new process in accordance with User Account Control policy.
Type 1 is a full token with no privileges removed or groups disabled.  A full token is only used if User Account Control is disabled or if the User is the built-in Administrator account or a service account.
Type 2 is an elevated token with no privileges removed or groups disabled.  An elevated token is used when User Account Control is enabled and the User chooses to start the program using Run as administrator.  An elevated token is also used when an application is configured to always require administrative privilege or to always require maximum privilege, and the User is a member of the Administrators group.
Type 3 is a limited token with administrative privileges removed and administrative groups disabled.  The limited token is used when User Account Control is enabled, the application does not require administrative privilege, and the User does not choose to start the program using Run as administrator.",,"Process Creation",,,,20,13,4,february,5,thursday,2020,local,"$SPLUNK_HOME/etc/apps/Splunk_TA_windows/samples/hostname.sample",,,,,,,,,false,,,,"Domain_C","$SPLUNK_HOME/etc/apps/Splunk_TA_windows/samples/hostname.sample",,untrust,,false,false,false,,"$SPLUNK_HOME/etc/apps/Splunk_TA_windows/samples/hostname.sample",,,,,,,,,false,,,,"$SPLUNK_HOME/etc/apps/Splunk_TA_windows/samples/hostname.sample",,untrust,,false,false,false,,391220856,"windows_process_new wineventlog_security wineventlog_windows winsec","$SPLUNK_HOME/etc/apps/Splunk_TA_windows/samples/hostname.sample",391220856,,main,,,,27,,,"user_n","Domain_C\user_n","Domain_C\",,"A new process has been created",,WinEventLog,,,,,,,,Windows,,,"//_::_==___.====$/////.=_===_=_____.:t_:tt\t_:ttt_",,,,0x4D76,informational,0,,,"A new process has been created",4688,"WinEventLog:Security",WinEventLog,"prd-p-g7nxxbgc3hgl",,,,,,,,,,,,,,,"Domain_C",,,,,,,,,,,,,,,,,,,,,,,,,,,,,,,,success,,"A new process has been created",failure,,,"execute
os
process
security
start
success
windows",,,,success,,,,,"execute
os
process
security
start
windows",,,,,,,,,,,,,,,22,0,,"user_n",,,,,,,,,,,,,,,,,,,false,,,,,Microsoft,,
,"Domain_A",,"user_k",,,,,,,,,,,,,,,"Account Management","Password Policy modified",,,,,,,"BUSDEV-001",,,,,"-","Domain_A\","Domain_A",,"-",4739,"Domain Policy was changed",0,,,,"-",,,,,,,,,,,,,"Audit Success",,"-","-","-",Security,,,,,0xBAC3,,,,"Min. Password Age:	-
	Max. Password Age:	-
	Force Logoff:		-
	Lockout Threshold:	-
	Lockout Observation Window:	-
	Lockout Duration:	-
	Password Properties:	-
	Min. Password Length:	6
	Password History Length:	23
	Machine Account Quota:	-
	Mixed Domain Mode:	-
	Domain Behavior Version:	-
	OEM Information:	-","-","-",,,"Domain Policy was changed.

Change Type:		Password Policy modified

Subject:
	Security ID:  Domain_A\user_k
	Account Name:  user_k
	Account Domain:  Domain_A
	Logon ID:  0xBAC3

Domain:
	Domain Name:		Domain_A
	Domain ID:		Domain_A\

Changed Attributes:
	Min. Password Age:	-
	Max. Password Age:	-
	Force Logoff:		-
	Lockout Threshold:	-
	Lockout Observation Window:	-
	Lockout Duration:	-
	Password Properties:	-
	Min. Password Length:	6
	Password History Length:	23
	Machine Account Quota:	-
	Mixed Domain Mode:	-
	Domain Behavior Version:	-
	OEM Information:	-

Additional Information:
	Privileges:		-","-",6,"-",,,,,,,,,,"-",,Info,,,23,,"-",,,,,,"-",,,,,164811267,,,,,,"Domain_A\user_k",,,"Microsoft Windows security auditing.",,,,,,,,,,,,,,,,,,,"Authentication Policy Change",,,,,Information,,,,,,,,,,,,"02/13/2020 08:04:05 PM
LogName=Security
SourceName=Microsoft Windows security auditing.
EventCode=4739
EventType=0
Type=Information
ComputerName=BUSDEV-001
TaskCategory=Authentication Policy Change
OpCode=Info
RecordNumber=164811267
Keywords=Audit Success
Message=Domain Policy was changed.

Change Type:		Password Policy modified

Subject:
	Security ID:  Domain_A\user_k
	Account Name:  user_k
	Account Domain:  Domain_A
	Logon ID:  0xBAC3

Domain:
	Domain Name:		Domain_A
	Domain ID:		Domain_A\

Changed Attributes:
	Min. Password Age:	-
	Max. Password Age:	-
	Force Logoff:		-
	Lockout Threshold:	-
	Lockout Observation Window:	-
	Lockout Duration:	-
	Password Properties:	-
	Min. Password Length:	6
	Password History Length:	23
	Machine Account Quota:	-
	Mixed Domain Mode:	-
	Domain Behavior Version:	-
	OEM Information:	-

Additional Information:
	Privileges:		-
","2020-02-13T20:04:05.000+0000",success,"win:unknown","Domain Policy was changed.

Change Type:		Password Policy modified

Subject:
	Security ID:  Domain_A\user_k
	Account Name:  user_k
	Account Domain:  Domain_A
	Logon ID:  0xBAC3

Domain:
	Domain Name:		Domain_A
	Domain ID:		Domain_A\

Changed Attributes:
	Min. Password Age:	-
	Max. Password Age:	-
	Force Logoff:		-
	Lockout Threshold:	-
	Lockout Observation Window:	-
	Lockout Duration:	-
	Password Properties:	-
	Min. Password Length:	6
	Password History Length:	23
	Machine Account Quota:	-
	Mixed Domain Mode:	-
	Domain Behavior Version:	-
	OEM Information:	-

Additional Information:
	Privileges:		-",,"Authentication Policy Change",,,,20,13,4,february,5,thursday,2020,local,"BUSDEV-001",,,,,,,,,false,,,,"Domain_A","BUSDEV-001",,untrust,,false,false,false,,"BUSDEV-001",,,,,,,,,false,,,,"BUSDEV-001",,untrust,,false,false,false,,164811267,"windows_account_management windows_security_misconfiguration_password_minimum_length wineventlog_security wineventlog_windows winsec","BUSDEV-001",164811267,,main,,,,43,,,"user_k","Domain_A\user_k","Domain_A\",,"Domain Policy was changed",,WinEventLog,,,,,,"-",,Windows,,,"//_::_==___.====-=__===_=___._:tt__:t_:__\t_:__t_:",,,,0xBAC3,high,0,,,"Domain Policy was changed",4739,"WinEventLog:Security",WinEventLog,"prd-p-g7nxxbgc3hgl",,,,,,,,,,,,,,,"Domain_A",,,,,,,,,,,,,,,,,,,,,,,,,,,,,,,,success,,"Domain Policy was changed",failure,"Account Management",,"account
audit
change
management
misconfiguration
os
password
policy
report
security
success
vulnerability
windows",,,,success,,,,,"account
audit
change
management
misconfiguration
os
password
policy
report
security
vulnerability
windows",,,,,,,,,,,,,,,22,0,,"user_k",,,,,,,,,,,,,,,,,,,false,,,,,Microsoft,"-",
,"Domain_A",,"user_b",,,,,,,,,,,,,,,,,,,,,,,"ops-sys-006",,,,,,,,,"-",4672,"Special privileges assigned to new logon",0,,,,,,,,,,,,,,,,,"Audit Success",,,,,Security,,,,,0x3A81,,,,,,,,,"Special privileges assigned to new logon.
Subject:
	Security ID:		Domain_A\user_b
	Account Name:		user_b
	Account Domain:		Domain_A
	Logon ID:		0x3A81
Privileges:	SeSecurityPrivilege
			SeTakeOwnershipPrivilege
			SeLoadDriverPrivilege
			SeBackupPrivilege
			SeRestorePrivilege
			SeDebugPrivilege
			SeSystemEnvironmentPrivilege
			SeImpersonatePrivilege",,,,,,,,,,,,,,,Info,,,,,,,,,,,SeSecurityPrivilege,,,,,496929361,,,,,,"Domain_A\user_b",,,"Microsoft Windows security auditing.",,,,,,,,,,,,,,,,,,,"Special Logon",,,,,Information,,,,,,,,,,,,"02/13/2020 08:04:05 PM
LogName=Security
SourceName=Microsoft Windows security auditing.
EventCode=4672
EventType=0
Type=Information
ComputerName=ops-sys-006
TaskCategory=Special Logon
OpCode=Info
RecordNumber=496929361
Keywords=Audit Success
Message=Special privileges assigned to new logon.
Subject:
	Security ID:		Domain_A\user_b
	Account Name:		user_b
	Account Domain:		Domain_A
	Logon ID:		0x3A81
Privileges:	SeSecurityPrivilege
			SeTakeOwnershipPrivilege
			SeLoadDriverPrivilege
			SeBackupPrivilege
			SeRestorePrivilege
			SeDebugPrivilege
			SeSystemEnvironmentPrivilege
			SeImpersonatePrivilege
","2020-02-13T20:04:05.000+0000",success,"win:unknown","Special privileges assigned to new logon.
Subject:
	Security ID:		Domain_A\user_b
	Account Name:		user_b
	Account Domain:		Domain_A
	Logon ID:		0x3A81
Privileges:	SeSecurityPrivilege
			SeTakeOwnershipPrivilege
			SeLoadDriverPrivilege
			SeBackupPrivilege
			SeRestorePrivilege
			SeDebugPrivilege
			SeSystemEnvironmentPrivilege
			SeImpersonatePrivilege",,"Special Logon",,,,20,13,4,february,5,thursday,2020,local,"ops-sys-006",,,,,,,,,false,,,,"Domain_A","ops-sys-006",,untrust,,false,false,false,,"ops-sys-006",,,,,,,,,false,,,,"ops-sys-006",,untrust,,false,false,false,,496929361,"windows_special_privileges wineventlog_security wineventlog_windows winsec","ops-sys-006",496929361,,main,,,,26,,,"user_b","Domain_A\user_b","Domain_A\",,"Special privileges assigned to new logon",,WinEventLog,,,,,"Manage auditing and security log
Take ownership of files or other objects
Load and unload device drivers
Back up files and directories
Restore files and directories
Debug programs
Modify firmware environment values
Impersonate a Client After Authentication","SeSecurityPrivilege
SeTakeOwnershipPrivilege
SeLoadDriverPrivilege
SeBackupPrivilege
SeRestorePrivilege
SeDebugPrivilege
SeSystemEnvironmentPrivilege
SeImpersonatePrivilege",,Windows,,,"//_::_==___.====--=_===_=_____.:t_:tt\t_:ttt_:ttt_",,,,0x3A81,informational,0,,,"Special privileges assigned to new logon",4672,"WinEventLog:Security",WinEventLog,"prd-p-g7nxxbgc3hgl",,,,,,,,,,,,,,,"Domain_A",,,,,,,,,,,,,,,,,,,,,,,,,,,,,,,,success,,"Special privileges assigned to new logon",failure,,,"audit
authentication
os
privileged
security
success
windows",,,,success,,,,,"authentication
os
privileged
security
windows",,audit,,,,,,,,,,,,,22,0,,"user_b",,,,,,,,,,,,,,,,,,,false,,,,,Microsoft,"SeSecurityPrivilege
			SeTakeOwnershipPrivilege
			SeLoadDriverPrivilege
			SeBackupPrivilege
			SeRestorePrivilege
			SeDebugPrivilege
			SeSystemEnvironmentPrivilege
			SeImpersonatePrivilege",
,"Domain_A",,"user_i",,,,,,,,,,,,,,,,,,,,,,,"$SPLUNK_HOME/etc/apps/Splunk_TA_windows/samples/hostname.sample",0x12C7,,,,,,,,"-",4688,"A new process has been created",0,,,,,,,,,,,,,,,,,"Audit Success",,,,,Security,,,,,0x5F25,,,,,,,,,"A new process has been created.
Subject:
	Security ID:		Domain_A\user_i
	Account Name:		user_i
	Account Domain:		Domain_A
	Logon ID:		0x5F25
Process Information:
	New Process ID:		0xC44A
	New Process Name:	C:\Windows\System32\example_f.exe
	Token Elevation Type:	TokenElevationTypeFull (2)
	Creator Process ID:	0x12C7
Token Elevation Type indicates the type of token that was assigned to the new process in accordance with User Account Control policy.
Type 1 is a full token with no privileges removed or groups disabled.  A full token is only used if User Account Control is disabled or if the User is the built-in Administrator account or a service account.
Type 2 is an elevated token with no privileges removed or groups disabled.  An elevated token is used when User Account Control is enabled and the User chooses to start the program using Run as administrator.  An elevated token is also used when an application is configured to always require administrative privilege or to always require maximum privilege, and the User is a member of the Administrators group.
Type 3 is a limited token with administrative privileges removed and administrative groups disabled.  The limited token is used when User Account Control is enabled, the application does not require administrative privilege, and the User does not choose to start the program using Run as administrator.",,,,,,,,,,0xC44A,"C:\Windows\System32\example_f.exe",,,,Info,,,,,,,,,,,,,,,,96636118,,,,,,"Domain_A\user_i",,,"Microsoft Windows security auditing.",,,,,,,,,,,,,,,,,,,"Process Creation",,"TokenElevationTypeFull (2)",2,,Information,,,,,,,,,,,,"02/13/2020 08:04:05 PM
LogName=Security
SourceName=Microsoft Windows security auditing.
EventCode=4688
EventType=0
Type=Information
ComputerName=$SPLUNK_HOME/etc/apps/Splunk_TA_windows/samples/hostname.sample
TaskCategory=Process Creation
OpCode=Info
RecordNumber=96636118
Keywords=Audit Success
Message=A new process has been created.
Subject:
	Security ID:		Domain_A\user_i
	Account Name:		user_i
	Account Domain:		Domain_A
	Logon ID:		0x5F25
Process Information:
	New Process ID:		0xC44A
	New Process Name:	C:\Windows\System32\example_f.exe
	Token Elevation Type:	TokenElevationTypeFull (2)
	Creator Process ID:	0x12C7
Token Elevation Type indicates the type of token that was assigned to the new process in accordance with User Account Control policy.
Type 1 is a full token with no privileges removed or groups disabled.  A full token is only used if User Account Control is disabled or if the User is the built-in Administrator account or a service account.
Type 2 is an elevated token with no privileges removed or groups disabled.  An elevated token is used when User Account Control is enabled and the User chooses to start the program using Run as administrator.  An elevated token is also used when an application is configured to always require administrative privilege or to always require maximum privilege, and the User is a member of the Administrators group.
Type 3 is a limited token with administrative privileges removed and administrative groups disabled.  The limited token is used when User Account Control is enabled, the application does not require administrative privilege, and the User does not choose to start the program using Run as administrator.
","2020-02-13T20:04:05.000+0000",success,"win:unknown","A new process has been created.
