Subject:
	Security ID:		Domain_B\SYSTEM
	Account Name:		SE-001
	Account Domain:		Domain_B
	Logon ID:		0x5F25

Account Modified:
	Account Name:		Domain_B\user_i

Access Granted:
	Access Right:		SeNetworkLogonRight",,,,,,,,,,,,,,,Info,,,,,,,,,,,,,,,,985873492,,,,,,"Domain_B\SYSTEM",,,"Microsoft Windows security auditing.",,,,,,,,,,,,,,,,,,,"Authentication Policy Change",,,,,Information,,,,,,,,,,,,"02/13/2020 08:03:48 PM
LogName=Security
SourceName=Microsoft Windows security auditing.
EventCode=4717
EventType=0
Type=Information
ComputerName=SE-001
TaskCategory=Authentication Policy Change
OpCode=Info
RecordNumber=985873492
Keywords=Audit Success
Message=System security access was granted to an account.

Subject:
	Security ID:		Domain_B\SYSTEM
	Account Name:		SE-001
	Account Domain:		Domain_B
	Logon ID:		0x5F25

Account Modified:
	Account Name:		Domain_B\user_i

Access Granted:
	Access Right:		SeNetworkLogonRight
","2020-02-13T20:03:48.000+0000",success,"win:unknown","System security access was granted to an account.

Subject:
	Security ID:		Domain_B\SYSTEM
	Account Name:		SE-001
	Account Domain:		Domain_B
	Logon ID:		0x5F25

Account Modified:
	Account Name:		Domain_B\user_i

Access Granted:
	Access Right:		SeNetworkLogonRight",,"Authentication Policy Change",,,,20,13,3,february,48,thursday,2020,local,"SE-001",,,,,,,,,false,,,,"Domain_B","SE-001",,untrust,,false,false,false,,"SE-001",,,,,,,,,false,,,,"SE-001",,untrust,,false,false,false,,985873492,"windows_security_access_granted wineventlog_security wineventlog_windows winsec","SE-001",985873492,,main,,,,25,,,"SE-001
Domain_B\user_i","Domain_B\SYSTEM","Domain_B\",,"System security access was granted to an account",,WinEventLog,,,,,,,,Windows,,,"//_::_==___.====-=__===_=_______.:t_:tt\t_:tt-t_:t",,,,0x5F25,informational,0,,,"System security access was granted to an account",4717,"WinEventLog:Security",WinEventLog,"prd-p-g7nxxbgc3hgl",,,,,,,,,,,,,,,"Domain_B",,,,,,,,,,"SE-001",,,,,,,,,,,,,,,,,false,,,,,success,,"System security access was granted to an account",failure,,,"access
account
add
authorization
change
os
security
success
windows",,,,success,,,,,"access
account
add
authorization
change
os
security
windows",,,,,,,,,,,,,,,22,0,,"Domain_B\user_i",,,,,,,,,,,,,,,,,,,false,,,,,Microsoft,,
,"Domain_E",,"user_h",,,,,,,,,,,,,,,"Account Management","Password Policy modified",,,,,,,"PROD-MFS-006",,,,,"-","Domain_E\","Domain_E",,"-",4739,"Domain Policy was changed",0,,,,"-",,,,,,,,,,,,,"Audit Success",,"-","-","-",Security,,,,,0xA19C,,,,"Min. Password Age:	-
	Max. Password Age:	-
	Force Logoff:		-
	Lockout Threshold:	-
	Lockout Observation Window:	-
	Lockout Duration:	-
	Password Properties:	-
	Min. Password Length:	6
	Password History Length:	23
	Machine Account Quota:	-
	Mixed Domain Mode:	-
	Domain Behavior Version:	-
	OEM Information:	-","-","-",,,"Domain Policy was changed.

Change Type:		Password Policy modified

Subject:
	Security ID:  Domain_E\user_h
	Account Name:  user_h
	Account Domain:  Domain_E
	Logon ID:  0xA19C

Domain:
	Domain Name:		Domain_E
	Domain ID:		Domain_E\

Changed Attributes:
	Min. Password Age:	-
	Max. Password Age:	-
	Force Logoff:		-
	Lockout Threshold:	-
	Lockout Observation Window:	-
	Lockout Duration:	-
	Password Properties:	-
	Min. Password Length:	6
	Password History Length:	23
	Machine Account Quota:	-
	Mixed Domain Mode:	-
	Domain Behavior Version:	-
	OEM Information:	-

Additional Information:
	Privileges:		-","-",6,"-",,,,,,,,,,"-",,Info,,,23,,"-",,,,,,"-",,,,,408122065,,,,,,"Domain_E\user_h",,,"Microsoft Windows security auditing.",,,,,,,,,,,,,,,,,,,"Authentication Policy Change",,,,,Information,,,,,,,,,,,,"02/13/2020 08:03:47 PM
LogName=Security
SourceName=Microsoft Windows security auditing.
EventCode=4739
EventType=0
Type=Information
ComputerName=PROD-MFS-006
TaskCategory=Authentication Policy Change
OpCode=Info
RecordNumber=408122065
Keywords=Audit Success
Message=Domain Policy was changed.

Change Type:		Password Policy modified

Subject:
	Security ID:  Domain_E\user_h
	Account Name:  user_h
	Account Domain:  Domain_E
	Logon ID:  0xA19C

Domain:
	Domain Name:		Domain_E
	Domain ID:		Domain_E\

Changed Attributes:
	Min. Password Age:	-
	Max. Password Age:	-
	Force Logoff:		-
	Lockout Threshold:	-
	Lockout Observation Window:	-
	Lockout Duration:	-
	Password Properties:	-
	Min. Password Length:	6
	Password History Length:	23
	Machine Account Quota:	-
	Mixed Domain Mode:	-
	Domain Behavior Version:	-
	OEM Information:	-

Additional Information:
	Privileges:		-
","2020-02-13T20:03:47.000+0000",success,"win:unknown","Domain Policy was changed.

Change Type:		Password Policy modified

Subject:
	Security ID:  Domain_E\user_h
	Account Name:  user_h
	Account Domain:  Domain_E
	Logon ID:  0xA19C

Domain:
	Domain Name:		Domain_E
	Domain ID:		Domain_E\

Changed Attributes:
	Min. Password Age:	-
	Max. Password Age:	-
	Force Logoff:		-
	Lockout Threshold:	-
	Lockout Observation Window:	-
	Lockout Duration:	-
	Password Properties:	-
	Min. Password Length:	6
	Password History Length:	23
	Machine Account Quota:	-
	Mixed Domain Mode:	-
	Domain Behavior Version:	-
	OEM Information:	-

Additional Information:
	Privileges:		-",,"Authentication Policy Change",,,,20,13,3,february,47,thursday,2020,local,"PROD-MFS-006",,,,,,,,,false,,,,"Domain_E","PROD-MFS-006",,untrust,,false,false,false,,"PROD-MFS-006",,,,,,,,,false,,,,"PROD-MFS-006",,untrust,,false,false,false,,408122065,"windows_account_management windows_security_misconfiguration_password_minimum_length wineventlog_security wineventlog_windows winsec","PROD-MFS-006",408122065,,main,,,,43,,,"user_h","Domain_E\user_h","Domain_E\",,"Domain Policy was changed",,WinEventLog,,,,,,"-",,Windows,,,"//_::_==___.====--=__===_=___._:tt__:t_:__\t_:__t_",,,,0xA19C,high,0,,,"Domain Policy was changed",4739,"WinEventLog:Security",WinEventLog,"prd-p-g7nxxbgc3hgl",,,,,,,,,,,,,,,"Domain_E",,,,,,,,,,,,,,,,,,,,,,,,,,,,,,,,success,,"Domain Policy was changed",failure,"Account Management",,"account
audit
change
management
misconfiguration
os
password
policy
report
security
success
vulnerability
windows",,,,success,,,,,"account
audit
change
management
misconfiguration
os
password
policy
report
security
vulnerability
windows",,,,,,,,,,,,,,,22,0,,"user_h",,,,,,,,,,,,,,,,,,,false,,,,,Microsoft,"-",
,"Domain_B",,"user_d",,,,,,,,,,,,,,,"Account Management","Password Policy modified",,,,,,,"PROD-POS-005",,,,,"-","Domain_B\","Domain_B",,"-",4739,"Domain Policy was changed",0,,,,"-",,,,,,,,,,,,,"Audit Success",,"-","-","-",Security,,,,,0x3EC3,,,,"Min. Password Age:	-
	Max. Password Age:	-
	Force Logoff:		-
	Lockout Threshold:	-
	Lockout Observation Window:	-
	Lockout Duration:	-
	Password Properties:	-
	Min. Password Length:	6
	Password History Length:	23
	Machine Account Quota:	-
	Mixed Domain Mode:	-
	Domain Behavior Version:	-
	OEM Information:	-","-","-",,,"Domain Policy was changed.

Change Type:		Password Policy modified

Subject:
	Security ID:  Domain_B\user_d
	Account Name:  user_d
	Account Domain:  Domain_B
	Logon ID:  0x3EC3

Domain:
	Domain Name:		Domain_B
	Domain ID:		Domain_B\

Changed Attributes:
	Min. Password Age:	-
	Max. Password Age:	-
	Force Logoff:		-
	Lockout Threshold:	-
	Lockout Observation Window:	-
	Lockout Duration:	-
	Password Properties:	-
	Min. Password Length:	6
	Password History Length:	23
	Machine Account Quota:	-
	Mixed Domain Mode:	-
	Domain Behavior Version:	-
	OEM Information:	-

Additional Information:
	Privileges:		-","-",6,"-",,,,,,,,,,"-",,Info,,,23,,"-",,,,,,"-",,,,,935581054,,,,,,"Domain_B\user_d",,,"Microsoft Windows security auditing.",,,,,,,,,,,,,,,,,,,"Authentication Policy Change",,,,,Information,,,,,,,,,,,,"02/13/2020 08:03:47 PM
LogName=Security
SourceName=Microsoft Windows security auditing.
EventCode=4739
EventType=0
Type=Information
ComputerName=PROD-POS-005
TaskCategory=Authentication Policy Change
OpCode=Info
RecordNumber=935581054
Keywords=Audit Success
Message=Domain Policy was changed.

Change Type:		Password Policy modified

Subject:
	Security ID:  Domain_B\user_d
	Account Name:  user_d
	Account Domain:  Domain_B
	Logon ID:  0x3EC3

Domain:
	Domain Name:		Domain_B
	Domain ID:		Domain_B\

Changed Attributes:
	Min. Password Age:	-
	Max. Password Age:	-
	Force Logoff:		-
	Lockout Threshold:	-
	Lockout Observation Window:	-
	Lockout Duration:	-
	Password Properties:	-
	Min. Password Length:	6
	Password History Length:	23
	Machine Account Quota:	-
	Mixed Domain Mode:	-
	Domain Behavior Version:	-
	OEM Information:	-

Additional Information:
	Privileges:		-
","2020-02-13T20:03:47.000+0000",success,"win:unknown","Domain Policy was changed.

Change Type:		Password Policy modified

Subject:
	Security ID:  Domain_B\user_d
	Account Name:  user_d
	Account Domain:  Domain_B
	Logon ID:  0x3EC3

Domain:
	Domain Name:		Domain_B
	Domain ID:		Domain_B\

Changed Attributes:
	Min. Password Age:	-
	Max. Password Age:	-
	Force Logoff:		-
	Lockout Threshold:	-
	Lockout Observation Window:	-
	Lockout Duration:	-
	Password Properties:	-
	Min. Password Length:	6
	Password History Length:	23
	Machine Account Quota:	-
	Mixed Domain Mode:	-
	Domain Behavior Version:	-
	OEM Information:	-

Additional Information:
	Privileges:		-",,"Authentication Policy Change",,,,20,13,3,february,47,thursday,2020,local,"PROD-POS-005",,,,,,,,,false,,,,"Domain_B","PROD-POS-005",,untrust,,false,false,false,,"PROD-POS-005",,,,,,,,,false,,,,"PROD-POS-005",,untrust,,false,false,false,,935581054,"windows_account_management windows_security_misconfiguration_password_minimum_length wineventlog_security wineventlog_windows winsec","PROD-POS-005",935581054,,main,,,,43,,,"user_d","Domain_B\user_d","Domain_B\",,"Domain Policy was changed",,WinEventLog,,,,,,"-",,Windows,,,"//_::_==___.====--=__===_=___._:tt__:t_:__\t_:__t_",,,,0x3EC3,high,0,,,"Domain Policy was changed",4739,"WinEventLog:Security",WinEventLog,"prd-p-g7nxxbgc3hgl",,,,,,,,,,,,,,,"Domain_B",,,,,,,,,,,,,,,,,,,,,,,,,,,,,,,,success,,"Domain Policy was changed",failure,"Account Management",,"account
audit
change
management
misconfiguration
os
password
policy
report
security
success
vulnerability
windows",,,,success,,,,,"account
audit
change
management
misconfiguration
os
password
policy
report
security
vulnerability
windows",,,,,,,,,,,,,,,22,0,,"user_d",,,,,,,,,,,,,,,,,,,false,,,,,Microsoft,"-",
,"Domain_E
Domain_E",,"PROD-MFS-003
user_c",,,,,,,Negotiate,,,,,,,,,,,,,,,,"PROD-MFS-003",,,,,,,,Yes,"-",4624,"An account was successfully logged on",0,,,,,,,,,,,Identification,,,0,,,"Audit Success",0869,,,,Security,,,"{0887F1E4-39EA-D53C-804F-31D568A06274}",,"0x70E4
0x5FC9",Winlogon,2,,,,,,,"An account was successfully logged on.

Subject:
 Security ID:  Domain_E\SYSTEM
 Account Name:  PROD-MFS-003
 Account Domain:  Domain_E
 Logon ID:  0x70E4

Logon Information:
 Logon Type:  2
 Restricted Admin Mode: -
 Virtual Account:  Yes
 Elevated Token:  Yes

Impersonation Level:  Identification

New Logon:
 Security ID:  Domain_E\user_c
 Account Name:  user_c
 Account Domain:  Domain_E
 Logon ID:  0x5FC9
 Linked Logon ID:  0869
 Network Account Name: user_l
 Network Account Domain: Domain_C
 Logon GUID:  {0887F1E4-39EA-D53C-804F-31D568A06274}

Process Information:
 Process ID:  0x4DE3
 Process Name:  C:\Windows\System32\example_e.exe

Network Information:
 Workstation Name: PROD-MFS-003
 Source Network Address: 236.96.252.163
 Source Port:  50137

Detailed Authentication Information:
 Logon Process:  Winlogon 
 Authentication Package: Negotiate
 Transited Services: service_B
 Package Name (NTLM only): -
 Key Length:  0

This event is generated when a logon session is created. It is generated on the computer that was accessed.

The subject fields indicate the account on the local system which requested the logon. This is most commonly a service such as the Server service, or a local process such as D11D6.exe or D11D6.exe.

The logon type field indicates the kind of logon that occurred. The most common types are 2 (interactive) and 3 (network).

The New Logon fields indicate the account for whom the new logon was created, i.e. the account that was logged on.

The network fields indicate where a remote logon request originated. Workstation name is not always available and may be left blank in some cases.

The impersonation level field indicates the extent to which a process in the logon session can impersonate.

The authentication information fields provide detailed information about this specific logon request.
 - Logon GUID is a unique identifier that can be used to correlate this event with a KDC event.
 - Transited services indicate which intermediate services have participated in this logon request.
 - Package name indicates which sub-protocol was used among the NTLM protocols.
 - Key length indicates the length of the generated session key. This will be 0 if no session key was requested.",,,,"Domain_C","user_l",,,,,,,,,,Info,,"-",,,,,,,,,,0x4DE3,"C:\Windows\System32\example_e.exe",,,988186516,"-",,,,,"Domain_E\SYSTEM
Domain_E\user_c",,,"Microsoft Windows security auditing.","236.96.252.163",50137,,,,,,,,,,,,,,,,,Logon,,,,"service_B",Information,,,,,,,,Yes,,,"PROD-MFS-003","02/13/2020 08:03:47 PM
LogName=Security
SourceName= Microsoft Windows security auditing.
EventCode=4624
EventType=0
Type=Information
ComputerName=PROD-MFS-003
TaskCategory=Logon
OpCode=Info
RecordNumber=988186516
Keywords=Audit Success
Message=An account was successfully logged on.

Subject:
 Security ID:  Domain_E\SYSTEM
 Account Name:  PROD-MFS-003
 Account Domain:  Domain_E
 Logon ID:  0x70E4

Logon Information:
 Logon Type:  2
 Restricted Admin Mode: -
 Virtual Account:  Yes
 Elevated Token:  Yes

Impersonation Level:  Identification

New Logon:
 Security ID:  Domain_E\user_c
 Account Name:  user_c
 Account Domain:  Domain_E
 Logon ID:  0x5FC9
 Linked Logon ID:  0869
 Network Account Name: user_l
 Network Account Domain: Domain_C
 Logon GUID:  {0887F1E4-39EA-D53C-804F-31D568A06274}

Process Information:
 Process ID:  0x4DE3
 Process Name:  C:\Windows\System32\example_e.exe

Network Information:
 Workstation Name: PROD-MFS-003
 Source Network Address: 236.96.252.163
 Source Port:  50137

Detailed Authentication Information:
 Logon Process:  Winlogon 
 Authentication Package: Negotiate
 Transited Services: service_B
 Package Name (NTLM only): -
 Key Length:  0

This event is generated when a logon session is created. It is generated on the computer that was accessed.

The subject fields indicate the account on the local system which requested the logon. This is most commonly a service such as the Server service, or a local process such as D11D6.exe or D11D6.exe.

The logon type field indicates the kind of logon that occurred. The most common types are 2 (interactive) and 3 (network).

The New Logon fields indicate the account for whom the new logon was created, i.e. the account that was logged on.

The network fields indicate where a remote logon request originated. Workstation name is not always available and may be left blank in some cases.

The impersonation level field indicates the extent to which a process in the logon session can impersonate.

The authentication information fields provide detailed information about this specific logon request.
 - Logon GUID is a unique identifier that can be used to correlate this event with a KDC event.
 - Transited services indicate which intermediate services have participated in this logon request.
 - Package name indicates which sub-protocol was used among the NTLM protocols.
 - Key length indicates the length of the generated session key. This will be 0 if no session key was requested.

","2020-02-13T20:03:47.000+0000",success,"win:local","An account was successfully logged on.

Subject:
 Security ID:  Domain_E\SYSTEM
 Account Name:  PROD-MFS-003
 Account Domain:  Domain_E
 Logon ID:  0x70E4

Logon Information:
 Logon Type:  2
 Restricted Admin Mode: -
 Virtual Account:  Yes
 Elevated Token:  Yes

Impersonation Level:  Identification

New Logon:
 Security ID:  Domain_E\user_c
 Account Name:  user_c
 Account Domain:  Domain_E
 Logon ID:  0x5FC9
 Linked Logon ID:  0869
 Network Account Name: user_l
 Network Account Domain: Domain_C
 Logon GUID:  {0887F1E4-39EA-D53C-804F-31D568A06274}

Process Information:
 Process ID:  0x4DE3
 Process Name:  C:\Windows\System32\example_e.exe

Network Information:
 Workstation Name: PROD-MFS-003
 Source Network Address: 236.96.252.163
 Source Port:  50137

Detailed Authentication Information:
 Logon Process:  Winlogon 
 Authentication Package: Negotiate
 Transited Services: service_B
 Package Name (NTLM only): -
 Key Length:  0

This event is generated when a logon session is created. It is generated on the computer that was accessed.

The subject fields indicate the account on the local system which requested the logon. This is most commonly a service such as the Server service, or a local process such as D11D6.exe or D11D6.exe.

The logon type field indicates the kind of logon that occurred. The most common types are 2 (interactive) and 3 (network).

The New Logon fields indicate the account for whom the new logon was created, i.e. the account that was logged on.

The network fields indicate where a remote logon request originated. Workstation name is not always available and may be left blank in some cases.

The impersonation level field indicates the extent to which a process in the logon session can impersonate.

The authentication information fields provide detailed information about this specific logon request.
 - Logon GUID is a unique identifier that can be used to correlate this event with a KDC event.
 - Transited services indicate which intermediate services have participated in this logon request.
 - Package name indicates which sub-protocol was used among the NTLM protocols.
 - Key length indicates the length of the generated session key. This will be 0 if no session key was requested.",,Logon,,,,20,13,3,february,47,thursday,2020,local,"PROD-MFS-003",,,,,,,,,false,,,,"Domain_E","PROD-MFS-003",,untrust,,false,false,false,,"PROD-MFS-003",,,,,,,,,false,,,,"PROD-MFS-003",,untrust,,false,false,false,,988186516,"windows_logon_success wineventlog_security wineventlog_windows winsec","PROD-MFS-003",988186516,,main,,,,72,,,"PROD-MFS-003
user_c","Domain_E\SYSTEM
Domain_E\user_c","Domain_E\",,"An account was successfully logged on",,WinEventLog,,,,,,,0x4DE3,Windows,,,"//_::_==____.====--====_=_____.:__:__\__:__--__:__",,,,0x5FC9,informational,0,,,"An account was successfully logged on",4624,"WinEventLog:Security",WinEventLog,"prd-p-g7nxxbgc3hgl",,"PROD-MFS-003",,,,,,,,"236.96.252.163",false,,,,"Domain_E","PROD-MFS-003",,untrust,50137,,false,,false,false,"PROD-MFS-003",,,,,,,,,,,,,,,,,false,,,,,success,,"An account was successfully logged on",failure,,,"authentication
local
os
security
success
windows",,,,success,local,,,,"authentication
os
security
windows",,,,,,,,,,,,,,,22,0,,"user_c",,,,,,,,,,,,,,,,,,,false,,,,,Microsoft,,
,,,,,,,,,,"MICROSOFT_AUTHENTICATION_PACKAGE_V1_0",,,,,,,,,,,,,,,,"COREDEV-002",,,,,,,,,"-",4776,"The domain controller attempted to validate the credentials for an account",0,,,,,,,,,,,,,,,,,"Failure Audit",,,,,Security,,"user_e",,,,,,,,,,,,"The computer attempted to validate the credentials for an account.
Authentication Package: MICROSOFT_AUTHENTICATION_PACKAGE_V1_0
Logon Account: user_e
Source Workstation: COREDEV-002
Error Code: 0xC000006D",,,,,,,,,,,,,,,Info,,,,,,,,,,,,,,,,242618046,,,,,,,,,"Microsoft Windows security auditing.",,,"COREDEV-002",,,,,,,,,,,,,,,,"Credential Validation",,,,,Information,,,,,,,,,,,,"02/13/2020 08:03:47 PM
LogName=Security
SourceName=Microsoft Windows security auditing.
EventCode=4776
EventType=0
Type=Information
ComputerName=COREDEV-002
TaskCategory=Credential Validation
OpCode=Info
RecordNumber=242618046
Keywords=Failure Audit
Message=The computer attempted to validate the credentials for an account.
Authentication Package: MICROSOFT_AUTHENTICATION_PACKAGE_V1_0
Logon Account: user_e
Source Workstation: COREDEV-002
Error Code: 0xC000006D
","2020-02-13T20:03:47.000+0000",failure,"win:unknown","The computer attempted to validate the credentials for an account.
Authentication Package: MICROSOFT_AUTHENTICATION_PACKAGE_V1_0
Logon Account: user_e
Source Workstation: COREDEV-002
Error Code: 0xC000006D",,"Credential Validation",,,,20,13,3,february,47,thursday,2020,local,"COREDEV-002",,,,,,,,,false,,,,,"COREDEV-002",,untrust,,false,false,false,,"COREDEV-002",,,,,,,,,false,,,,"COREDEV-002",,untrust,,false,false,false,,242618046,"err0r nix_errors windows_account_used4logon wineventlog_security wineventlog_windows winsec","COREDEV-002",242618046,,main,,,,17,,,,,,,"The domain controller attempted to validate the credentials for an account",,WinEventLog,,,,,,,,Windows,,,"//_::_==___.====-=_===_=_________._:__:__:_-_:_",,,,,informational,0,,,"The domain controller attempted to validate the credentials for an account",4776,"WinEventLog:Security",WinEventLog,"prd-p-g7nxxbgc3hgl",,"COREDEV-002",,,,,,,,,false,,,,,"COREDEV-002",,untrust,,,false,,false,false,,,,,,,,,,,,,,,,,,,,,,,failure,,"The domain controller attempted to validate the credentials for an account",failure,,,"authentication
error
failure
os
security
windows",,,,failure,,,,,"authentication
error
os
security
windows",,,,,,,,,,,,,,,22,0,,"user_e",,,,,,,,,,,,,,,,,,,false,,,,,Microsoft,,
,"Domain_A
Domain_A",,"SE-002
user_g",,,,,,,Negotiate,,,,,,,,,,,,,,,,"SE-002",,,,,,,,Yes,"-",4624,"An account was successfully logged on",0,,,,,,,,,,,Delegation,,,0,,,"Audit Success",9B6B,,,,Security,,,"{221B21A6-1AE2-3F9A-24EF-22C392AC2A47}",,"0x70E4
0xEB5F",User32,2,,,,,,,"An account was successfully logged on.

Subject:
 Security ID:  Domain_A\SYSTEM
 Account Name:  SE-002
 Account Domain:  Domain_A
 Logon ID:  0x70E4

Logon Information:
 Logon Type:  2
 Restricted Admin Mode: Yes
 Virtual Account:  Yes
 Elevated Token:  Yes

Impersonation Level:  Delegation

New Logon:
 Security ID:  Domain_A\user_g
 Account Name:  user_g
 Account Domain:  Domain_A
 Logon ID:  0xEB5F
 Linked Logon ID:  9B6B
 Network Account Name: user_m
 Network Account Domain: Domain_D
 Logon GUID:  {221B21A6-1AE2-3F9A-24EF-22C392AC2A47}

Process Information:
 Process ID:  0xFDDE
 Process Name:  C:\Windows\System32\example_c.exe

Network Information:
 Workstation Name: SE-002
 Source Network Address: 241.65.78.117
 Source Port:  41722

Detailed Authentication Information:
 Logon Process:  User32 
 Authentication Package: Negotiate
 Transited Services: service_A
 Package Name (NTLM only): -
 Key Length:  0

This event is generated when a logon session is created. It is generated on the computer that was accessed.

The subject fields indicate the account on the local system which requested the logon. This is most commonly a service such as the Server service, or a local process such as C8171.exe or C8171.exe.

The logon type field indicates the kind of logon that occurred. The most common types are 2 (interactive) and 3 (network).

The New Logon fields indicate the account for whom the new logon was created, i.e. the account that was logged on.

The network fields indicate where a remote logon request originated. Workstation name is not always available and may be left blank in some cases.

The impersonation level field indicates the extent to which a process in the logon session can impersonate.

The authentication information fields provide detailed information about this specific logon request.
 - Logon GUID is a unique identifier that can be used to correlate this event with a KDC event.
 - Transited services indicate which intermediate services have participated in this logon request.
 - Package name indicates which sub-protocol was used among the NTLM protocols.
 - Key length indicates the length of the generated session key. This will be 0 if no session key was requested.",,,,"Domain_D","user_m",,,,,,,,,,Info,,"-",,,,,,,,,,0xFDDE,"C:\Windows\System32\example_c.exe",,,219115220,Yes,,,,,"Domain_A\SYSTEM
Domain_A\user_g",,,"Microsoft Windows security auditing.","241.65.78.117",41722,,,,,,,,,,,,,,,,,Logon,,,,"service_A",Information,,,,,,,,Yes,,,"SE-002","02/13/2020 08:03:47 PM
LogName=Security
SourceName= Microsoft Windows security auditing.
EventCode=4624
EventType=0
Type=Information
ComputerName=SE-002
TaskCategory=Logon
OpCode=Info
RecordNumber=219115220
Keywords=Audit Success
Message=An account was successfully logged on.

Subject:
 Security ID:  Domain_A\SYSTEM
 Account Name:  SE-002
 Account Domain:  Domain_A
 Logon ID:  0x70E4

Logon Information:
 Logon Type:  2
 Restricted Admin Mode: Yes
 Virtual Account:  Yes
 Elevated Token:  Yes

Impersonation Level:  Delegation

New Logon:
 Security ID:  Domain_A\user_g
 Account Name:  user_g
 Account Domain:  Domain_A
 Logon ID:  0xEB5F
 Linked Logon ID:  9B6B
 Network Account Name: user_m
 Network Account Domain: Domain_D
 Logon GUID:  {221B21A6-1AE2-3F9A-24EF-22C392AC2A47}

Process Information:
 Process ID:  0xFDDE
 Process Name:  C:\Windows\System32\example_c.exe

Network Information:
 Workstation Name: SE-002
 Source Network Address: 241.65.78.117
 Source Port:  41722

Detailed Authentication Information:
 Logon Process:  User32 
 Authentication Package: Negotiate
 Transited Services: service_A
 Package Name (NTLM only): -
 Key Length:  0

This event is generated when a logon session is created. It is generated on the computer that was accessed.

The subject fields indicate the account on the local system which requested the logon. This is most commonly a service such as the Server service, or a local process such as C8171.exe or C8171.exe.

The logon type field indicates the kind of logon that occurred. The most common types are 2 (interactive) and 3 (network).

The New Logon fields indicate the account for whom the new logon was created, i.e. the account that was logged on.

The network fields indicate where a remote logon request originated. Workstation name is not always available and may be left blank in some cases.

The impersonation level field indicates the extent to which a process in the logon session can impersonate.

The authentication information fields provide detailed information about this specific logon request.
 - Logon GUID is a unique identifier that can be used to correlate this event with a KDC event.
 - Transited services indicate which intermediate services have participated in this logon request.
 - Package name indicates which sub-protocol was used among the NTLM protocols.
 - Key length indicates the length of the generated session key. This will be 0 if no session key was requested.

","2020-02-13T20:03:47.000+0000",success,"win:local","An account was successfully logged on.

Subject:
 Security ID:  Domain_A\SYSTEM
 Account Name:  SE-002
 Account Domain:  Domain_A
 Logon ID:  0x70E4

Logon Information:
 Logon Type:  2
 Restricted Admin Mode: Yes
 Virtual Account:  Yes
 Elevated Token:  Yes

Impersonation Level:  Delegation

New Logon:
 Security ID:  Domain_A\user_g
 Account Name:  user_g
 Account Domain:  Domain_A
 Logon ID:  0xEB5F
 Linked Logon ID:  9B6B
 Network Account Name: user_m
 Network Account Domain: Domain_D
 Logon GUID:  {221B21A6-1AE2-3F9A-24EF-22C392AC2A47}

Process Information:
 Process ID:  0xFDDE
 Process Name:  C:\Windows\System32\example_c.exe

Network Information:
 Workstation Name: SE-002
 Source Network Address: 241.65.78.117
 Source Port:  41722

Detailed Authentication Information:
 Logon Process:  User32 
 Authentication Package: Negotiate
 Transited Services: service_A
 Package Name (NTLM only): -
 Key Length:  0

This event is generated when a logon session is created. It is generated on the computer that was accessed.

The subject fields indicate the account on the local system which requested the logon. This is most commonly a service such as the Server service, or a local process such as C8171.exe or C8171.exe.

The logon type field indicates the kind of logon that occurred. The most common types are 2 (interactive) and 3 (network).

The New Logon fields indicate the account for whom the new logon was created, i.e. the account that was logged on.

The network fields indicate where a remote logon request originated. Workstation name is not always available and may be left blank in some cases.

The impersonation level field indicates the extent to which a process in the logon session can impersonate.

The authentication information fields provide detailed information about this specific logon request.
 - Logon GUID is a unique identifier that can be used to correlate this event with a KDC event.
 - Transited services indicate which intermediate services have participated in this logon request.
 - Package name indicates which sub-protocol was used among the NTLM protocols.
 - Key length indicates the length of the generated session key. This will be 0 if no session key was requested.",,Logon,,,,20,13,3,february,47,thursday,2020,local,"SE-002",,,,,,,,,false,,,,"Domain_A","SE-002",,untrust,,false,false,false,,"SE-002",,,,,,,,,false,,,,"SE-002",,untrust,,false,false,false,,219115220,"windows_logon_success wineventlog_security wineventlog_windows winsec","SE-002",219115220,,main,,,,72,,,"SE-002
user_g","Domain_A\SYSTEM
Domain_A\user_g","Domain_A\",,"An account was successfully logged on",,WinEventLog,,,,,,,0xFDDE,Windows,,,"//_::_==____.====-====_=_____.:__:__\__:__-__:____",,,,0xEB5F,informational,0,,,"An account was successfully logged on",4624,"WinEventLog:Security",WinEventLog,"prd-p-g7nxxbgc3hgl",,"SE-002",,,,,,,,"241.65.78.117",false,,,,"Domain_A","SE-002",,untrust,41722,,false,,false,false,"SE-002",,,,,,,,,,,,,,,,,false,,,,,success,,"An account was successfully logged on",failure,,,"authentication
local
os
security
success
windows",,,,success,local,,,,"authentication
os
security
windows",,,,,,,,,,,,,,,22,0,,"user_g",,,,,,,,,,,,,,,,,,,false,,,,,Microsoft,,
,"Domain_E",,"user_g
user_i",,,,,,,,"BUSDEV-007",,,,,,,"Account Management",,,,,,,,"BUSDEV-007",,,,,,,,,"-",4740,"A user account was locked out",0,,,,,,,,,,,,,,,,,"Audit Success",,,,,Security,,,,,0xEB5F,,,,,,,,,"A user account was locked out. 
Subject: 
	Security ID: Domain_E\user_g 
	Account Name: user_g
	Account Domain: Domain_E
	Logon ID: 0xEB5F
Account That Was Locked Out: 
	Security ID: Domain_E\user_i 
	Account Name: user_i
Additional Information: 
	Caller Computer Name: BUSDEV-007",,,,,,,,,,,,,,,Info,,,,,,,,,,,,,,,,857713270,,,,,,"Domain_E\user_g
Domain_E\user_i",,,"Microsoft Windows security auditing.",,,,,,,,,,,,,,,,,,,"User Account Management",,,,,Information,,,,,,,,,,,,"02/13/2020 08:03:47 PM 
LogName=Security 
SourceName=Microsoft Windows security auditing.
EventCode=4740 
EventType=0 
Type=Information
ComputerName=BUSDEV-007 
TaskCategory=User Account Management
OpCode=Info 
RecordNumber=857713270
Keywords=Audit Success
Message=A user account was locked out. 
Subject: 
	Security ID: Domain_E\user_g 
	Account Name: user_g
	Account Domain: Domain_E
	Logon ID: 0xEB5F
Account That Was Locked Out: 
	Security ID: Domain_E\user_i 
	Account Name: user_i
Additional Information: 
	Caller Computer Name: BUSDEV-007
","2020-02-13T20:03:47.000+0000",modified,"win:unknown","A user account was locked out. 
Subject: 
	Security ID: Domain_E\user_g 
	Account Name: user_g
	Account Domain: Domain_E
	Logon ID: 0xEB5F
Account That Was Locked Out: 
	Security ID: Domain_E\user_i 
	Account Name: user_i
Additional Information: 
	Caller Computer Name: BUSDEV-007",,"User Account Management",user,,,20,13,3,february,47,thursday,2020,local,"BUSDEV-007",,,,,,,,,false,,,,"Domain_E","BUSDEV-007",,untrust,,false,false,false,,"BUSDEV-007",,,,,,,,,false,,,,"BUSDEV-007 ",,untrust,,false,false,false,,857713270,"windows_account_lockout windows_account_management wineventlog_security wineventlog_windows winsec","BUSDEV-007 ",857713270,,main,,,,23,,,"user_g
user_i","Domain_E\user_g
Domain_E\user_i","Domain_E\","locked out","A user account was locked out",,WinEventLog,user,,,,,,,Windows,,,"//_::__=_=___.=_=_==-_=__=_==_=_____._:_t_:_\_t_:_",,,lockout,0xEB5F,informational,0,,,"A user account was locked out",4740,"WinEventLog:Security",WinEventLog,"prd-p-g7nxxbgc3hgl",,,,,,,,,,,,,,,"Domain_E\user_g
Domain_E","BUSDEV-007",,,,,,,,,"user_g",,,,,,,,,,,,,,,,,false,,,,,success,,"A user account was locked out",failure,"Account Management",,"account
change
lock
lockout
management
os
security
windows",,,,,,,,,"account
change
lock
lockout
management
os
security
windows",,,,,,,,,,,,,,,22,0,,"user_i",,,,,,,,,,,,,,,,,,,false,,,,,Microsoft,,
,"Domain_A",,"user_d
user_l",,,,,,,,"ops-sys-001",,,,,,,"Account Management",,,,,,,,"ops-sys-001",,,,,,,,,"-",4740,"A user account was locked out",0,,,,,,,,,,,,,,,,,"Audit Success",,,,,Security,,,,,0x3EC3,,,,,,,,,"A user account was locked out. 
Subject: 
	Security ID: Domain_A\user_d 
	Account Name: user_d
	Account Domain: Domain_A
	Logon ID: 0x3EC3
Account That Was Locked Out: 
	Security ID: Domain_A\user_l 
	Account Name: user_l
Additional Information: 
	Caller Computer Name: ops-sys-001",,,,,,,,,,,,,,,Info,,,,,,,,,,,,,,,,546806085,,,,,,"Domain_A\user_d
Domain_A\user_l",,,"Microsoft Windows security auditing.",,,,,,,,,,,,,,,,,,,"User Account Management",,,,,Information,,,,,,,,,,,,"02/13/2020 08:03:46 PM 
LogName=Security 
SourceName=Microsoft Windows security auditing.
EventCode=4740 
EventType=0 
Type=Information
ComputerName=ops-sys-001 
TaskCategory=User Account Management
OpCode=Info 
RecordNumber=546806085
Keywords=Audit Success
Message=A user account was locked out. 
Subject: 
	Security ID: Domain_A\user_d 
	Account Name: user_d
	Account Domain: Domain_A
	Logon ID: 0x3EC3
Account That Was Locked Out: 
	Security ID: Domain_A\user_l 
	Account Name: user_l
Additional Information: 
	Caller Computer Name: ops-sys-001
","2020-02-13T20:03:46.000+0000",modified,"win:unknown","A user account was locked out. 
Subject: 
	Security ID: Domain_A\user_d 
	Account Name: user_d
	Account Domain: Domain_A
	Logon ID: 0x3EC3
Account That Was Locked Out: 
	Security ID: Domain_A\user_l 
	Account Name: user_l
Additional Information: 
	Caller Computer Name: ops-sys-001",,"User Account Management",user,,,20,13,3,february,46,thursday,2020,local,"ops-sys-001",,,,,,,,,false,,,,"Domain_A","ops-sys-001",,untrust,,false,false,false,,"ops-sys-001",,,,,,,,,false,,,,"ops-sys-001 ",,untrust,,false,false,false,,546806085,"windows_account_lockout windows_account_management wineventlog_security wineventlog_windows winsec","ops-sys-001 ",546806085,,main,,,,23,,,"user_d
user_l","Domain_A\user_d
Domain_A\user_l","Domain_A\","locked out","A user account was locked out",,WinEventLog,user,,,,,,,Windows,,,"//_::__=_=___.=_=_==--_=__=_==_=_____._:_t_:_\_t_:",,,lockout,0x3EC3,informational,0,,,"A user account was locked out",4740,"WinEventLog:Security",WinEventLog,"prd-p-g7nxxbgc3hgl",,,,,,,,,,,,,,,"Domain_A\user_d
Domain_A","ops-sys-001",,,,,,,,,"user_d",,,,,,,,,,,,,,,,,false,,,,,success,,"A user account was locked out",failure,"Account Management",,"account
change
lock
lockout
management
os
security
windows",,,,,,,,,"account
change
lock
lockout
management
os
security
windows",,,,,,,,,,,,,,,22,0,,"user_l",,,,,,,,,,,,,,,,,,,false,,,,,Microsoft,,
SeRemoteInteractiveLogonRight,"Domain_A",,"BUSDEV-005
Domain_A\user_i",,,,,,,,,,,,,,,,,,,,,,,"BUSDEV-005",,,,,,,,,"-",4717,"System security access was granted to an account",0,,,,,,,,,,,,,,,,,"Audit Success",,,,,Security,,,,,0x5F25,,,,,,,,,"System security access was granted to an account.

Subject:
	Security ID:		Domain_A\SYSTEM
	Account Name:		BUSDEV-005
	Account Domain:		Domain_A
	Logon ID:		0x5F25

Account Modified:
	Account Name:		Domain_A\user_i

Access Granted:
	Access Right:		SeRemoteInteractiveLogonRight",,,,,,,,,,,,,,,Info,,,,,,,,,,,,,,,,891269281,,,,,,"Domain_A\SYSTEM",,,"Microsoft Windows security auditing.",,,,,,,,,,,,,,,,,,,"Authentication Policy Change",,,,,Information,,,,,,,,,,,,"02/13/2020 08:03:46 PM
LogName=Security
SourceName=Microsoft Windows security auditing.
EventCode=4717
EventType=0
Type=Information
ComputerName=BUSDEV-005
TaskCategory=Authentication Policy Change
OpCode=Info
RecordNumber=891269281
Keywords=Audit Success
Message=System security access was granted to an account.

Subject:
	Security ID:		Domain_A\SYSTEM
	Account Name:		BUSDEV-005
	Account Domain:		Domain_A
	Logon ID:		0x5F25

Account Modified:
	Account Name:		Domain_A\user_i

Access Granted:
	Access Right:		SeRemoteInteractiveLogonRight
","2020-02-13T20:03:46.000+0000",success,"win:unknown","System security access was granted to an account.

Subject:
	Security ID:		Domain_A\SYSTEM
	Account Name:		BUSDEV-005
	Account Domain:		Domain_A
	Logon ID:		0x5F25

Account Modified:
	Account Name:		Domain_A\user_i

Access Granted:
	Access Right:		SeRemoteInteractiveLogonRight",,"Authentication Policy Change",,,,20,13,3,february,46,thursday,2020,local,"BUSDEV-005",,,,,,,,,false,,,,"Domain_A","BUSDEV-005",,untrust,,false,false,false,,"BUSDEV-005",,,,,,,,,false,,,,"BUSDEV-005",,untrust,,false,false,false,,891269281,"windows_security_access_granted wineventlog_security wineventlog_windows winsec","BUSDEV-005",891269281,,main,,,,25,,,"BUSDEV-005
Domain_A\user_i","Domain_A\SYSTEM","Domain_A\",,"System security access was granted to an account",,WinEventLog,,,,,,,,Windows,,,"//_::_==___.====-=__===_=_______.:t_:tt\t_:tt-t_:t",,,,0x5F25,informational,0,,,"System security access was granted to an account",4717,"WinEventLog:Security",WinEventLog,"prd-p-g7nxxbgc3hgl",,,,,,,,,,,,,,,"Domain_A",,,,,,,,,,"BUSDEV-005",,,,,,,,,,,,,,,,,false,,,,,success,,"System security access was granted to an account",failure,,,"access
account
add
authorization
change
os
security
success
windows",,,,success,,,,,"access
account
add
authorization
change
os
security
windows",,,,,,,,,,,,,,,22,0,,"Domain_A\user_i",,,,,,,,,,,,,,,,,,,false,,,,,Microsoft,,
,"Domain_D
Domain_D",,"PROD-MFS-001
user_h",,,,,,,Negotiate,,,,,,,,,,,,,,,,"PROD-MFS-001",,,,,,,,No,"-",4624,"An account was successfully logged on",0,,,,,,,,,,,Identification,,,0,,,"Audit Success",36F5,,,,Security,,,"{00000000-0000-0000-0000-000000000000}",,"0x70E4
0xA19C",logonProcess1,11,,,,,,,"An account was successfully logged on.

Subject:
 Security ID:  Domain_D\SYSTEM
 Account Name:  PROD-MFS-001
 Account Domain:  Domain_D
 Logon ID:  0x70E4

Logon Information:
 Logon Type:  11
 Restricted Admin Mode: Yes
 Virtual Account:  Yes
 Elevated Token:  No

Impersonation Level:  Identification

New Logon:
 Security ID:  Domain_D\user_h
 Account Name:  user_h
 Account Domain:  Domain_D
 Logon ID:  0xA19C
 Linked Logon ID:  36F5
 Network Account Name: -
 Network Account Domain: -
 Logon GUID:  {00000000-0000-0000-0000-000000000000}

Process Information:
 Process ID:  0xBB40
 Process Name:  C:\Windows\System32\example_d.exe

Network Information:
 Workstation Name: PROD-MFS-001
 Source Network Address: -
 Source Port:  46531

Detailed Authentication Information:
 Logon Process:  logonProcess1 
 Authentication Package: Negotiate
 Transited Services: service_D
 Package Name (NTLM only): -
 Key Length:  0

This event is generated when a logon session is created. It is generated on the computer that was accessed.

The subject fields indicate the account on the local system which requested the logon. This is most commonly a service such as the Server service, or a local process such as 48FBC.exe or 48FBC.exe.

The logon type field indicates the kind of logon that occurred. The most common types are 2 (interactive) and 3 (network).

The New Logon fields indicate the account for whom the new logon was created, i.e. the account that was logged on.

The network fields indicate where a remote logon request originated. Workstation name is not always available and may be left blank in some cases.

The impersonation level field indicates the extent to which a process in the logon session can impersonate.

The authentication information fields provide detailed information about this specific logon request.
 - Logon GUID is a unique identifier that can be used to correlate this event with a KDC event.
 - Transited services indicate which intermediate services have participated in this logon request.
 - Package name indicates which sub-protocol was used among the NTLM protocols.
 - Key length indicates the length of the generated session key. This will be 0 if no session key was requested.",,,,"-","-",,,,,,,,,,Info,,"-",,,,,,,,,,0xBB40,"C:\Windows\System32\example_d.exe",,,627543885,Yes,,,,,"Domain_D\SYSTEM
Domain_D\user_h",,,"Microsoft Windows security auditing.","-",46531,,,,,,,,,,,,,,,,,Logon,,,,"service_D",Information,,,,,,,,Yes,,,"PROD-MFS-001","02/13/2020 08:03:46 PM
LogName=Security
SourceName= Microsoft Windows security auditing.
EventCode=4624
EventType=0
Type=Information
ComputerName=PROD-MFS-001
TaskCategory=Logon
OpCode=Info
RecordNumber=627543885
Keywords=Audit Success
Message=An account was successfully logged on.

Subject:
 Security ID:  Domain_D\SYSTEM
 Account Name:  PROD-MFS-001
 Account Domain:  Domain_D
 Logon ID:  0x70E4

Logon Information:
 Logon Type:  11
 Restricted Admin Mode: Yes
 Virtual Account:  Yes
 Elevated Token:  No

Impersonation Level:  Identification

New Logon:
 Security ID:  Domain_D\user_h
 Account Name:  user_h
 Account Domain:  Domain_D
 Logon ID:  0xA19C
 Linked Logon ID:  36F5
 Network Account Name: -
 Network Account Domain: -
 Logon GUID:  {00000000-0000-0000-0000-000000000000}

Process Information:
 Process ID:  0xBB40
 Process Name:  C:\Windows\System32\example_d.exe

Network Information:
 Workstation Name: PROD-MFS-001
 Source Network Address: -
 Source Port:  46531

Detailed Authentication Information:
 Logon Process:  logonProcess1 
 Authentication Package: Negotiate
 Transited Services: service_D
 Package Name (NTLM only): -
 Key Length:  0

This event is generated when a logon session is created. It is generated on the computer that was accessed.

The subject fields indicate the account on the local system which requested the logon. This is most commonly a service such as the Server service, or a local process such as 48FBC.exe or 48FBC.exe.

The logon type field indicates the kind of logon that occurred. The most common types are 2 (interactive) and 3 (network).

The New Logon fields indicate the account for whom the new logon was created, i.e. the account that was logged on.

The network fields indicate where a remote logon request originated. Workstation name is not always available and may be left blank in some cases.

The impersonation level field indicates the extent to which a process in the logon session can impersonate.

The authentication information fields provide detailed information about this specific logon request.
 - Logon GUID is a unique identifier that can be used to correlate this event with a KDC event.
 - Transited services indicate which intermediate services have participated in this logon request.
 - Package name indicates which sub-protocol was used among the NTLM protocols.
 - Key length indicates the length of the generated session key. This will be 0 if no session key was requested.

","2020-02-13T20:03:46.000+0000",success,"win:local","An account was successfully logged on.

Subject:
 Security ID:  Domain_D\SYSTEM
 Account Name:  PROD-MFS-001
 Account Domain:  Domain_D
 Logon ID:  0x70E4

Logon Information:
 Logon Type:  11
 Restricted Admin Mode: Yes
 Virtual Account:  Yes
 Elevated Token:  No

Impersonation Level:  Identification

New Logon:
 Security ID:  Domain_D\user_h
 Account Name:  user_h
 Account Domain:  Domain_D
 Logon ID:  0xA19C
 Linked Logon ID:  36F5
 Network Account Name: -
 Network Account Domain: -
 Logon GUID:  {00000000-0000-0000-0000-000000000000}

Process Information:
 Process ID:  0xBB40
 Process Name:  C:\Windows\System32\example_d.exe

Network Information:
 Workstation Name: PROD-MFS-001
 Source Network Address: -
 Source Port:  46531

Detailed Authentication Information:
 Logon Process:  logonProcess1 
 Authentication Package: Negotiate
 Transited Services: service_D
 Package Name (NTLM only): -
 Key Length:  0

This event is generated when a logon session is created. It is generated on the computer that was accessed.

The subject fields indicate the account on the local system which requested the logon. This is most commonly a service such as the Server service, or a local process such as 48FBC.exe or 48FBC.exe.

The logon type field indicates the kind of logon that occurred. The most common types are 2 (interactive) and 3 (network).

The New Logon fields indicate the account for whom the new logon was created, i.e. the account that was logged on.

The network fields indicate where a remote logon request originated. Workstation name is not always available and may be left blank in some cases.

The impersonation level field indicates the extent to which a process in the logon session can impersonate.

The authentication information fields provide detailed information about this specific logon request.
 - Logon GUID is a unique identifier that can be used to correlate this event with a KDC event.
 - Transited services indicate which intermediate services have participated in this logon request.
 - Package name indicates which sub-protocol was used among the NTLM protocols.
 - Key length indicates the length of the generated session key. This will be 0 if no session key was requested.",,Logon,,,,20,13,3,february,46,thursday,2020,local,"PROD-MFS-001",,,,,,,,,false,,,,"Domain_D","PROD-MFS-001",,untrust,,false,false,false,,"PROD-MFS-001",,,,,,,,,false,,,,"PROD-MFS-001",,untrust,,false,false,false,,627543885,"windows_logon_success wineventlog_security wineventlog_windows winsec","PROD-MFS-001",627543885,,main,,,,72,,,"PROD-MFS-001
user_h","Domain_D\SYSTEM
Domain_D\user_h","Domain_D\",,"An account was successfully logged on",,WinEventLog,,,,,,,0xBB40,Windows,,,"//_::_==____.====--====_=_____.:__:__\__:__--__:__",,,,0xA19C,informational,0,,,"An account was successfully logged on",4624,"WinEventLog:Security",WinEventLog,"prd-p-g7nxxbgc3hgl",,"PROD-MFS-001",,,,,,,,,false,,,,"Domain_D","PROD-MFS-001",,untrust,46531,,false,,false,false,"PROD-MFS-001",,,,,,,,,,,,,,,,,false,,,,,success,,"An account was successfully logged on",failure,,,"authentication
local
os
security
success
windows",,,,success,local,,,,"authentication
os
security
windows",,,,,,,,,,,,,,,22,0,,"user_h",,,,,,,,,,,,,,,,,,,false,,,,,Microsoft,,
,"Domain_C",,"user_h",,,,,,,,,,,,,,,,,,,,,,,"COREDEV-001",,,,,,,,,"-",4673,"A privileged service was called",0,,,,,,,,,,,,,,,,,"Audit Success",,,,,Security,,,,,0xA19C,,,,,,,,,"A privileged service was called.

Subject:
	Security ID:		Domain_C\user_h
	Account Name:		user_h
	Account Domain:		Domain_C
	Logon ID:		0xA19C

Service:
	Server:	NT Local Security Authority / Authentication Service
	Service Name:	LsaRegisterLogonProcess()

Process:
	Process ID:	0xA494
	Process Name:	C:\Windows\System32\example_a.exe

Service Request Information:
	Privileges:		SeAssignPrimaryTokenPrivilege",,,,,,,,,,,,,,,Info,,,,,,,,,,,SeAssignPrimaryTokenPrivilege,0xA494,"C:\Windows\System32\example_a.exe",,,265277611,,,,,,"Domain_C\user_h","NT Local Security Authority / Authentication Service","LsaRegisterLogonProcess()","Microsoft Windows security auditing.",,,,,,,,,,,,,,,,,,,"Sensitive Privilege Use",,,,,Information,,,,,,,,,,,,"02/13/2020 08:03:46 PM
LogName=Security
SourceName=Microsoft Windows security auditing.
EventCode=4673
EventType=0
Type=Information
ComputerName=COREDEV-001
TaskCategory=Sensitive Privilege Use
OpCode=Info
RecordNumber=265277611
Keywords=Audit Success
Message=A privileged service was called.

Subject:
	Security ID:		Domain_C\user_h
	Account Name:		user_h
	Account Domain:		Domain_C
	Logon ID:		0xA19C

Service:
	Server:	NT Local Security Authority / Authentication Service
	Service Name:	LsaRegisterLogonProcess()

Process:
	Process ID:	0xA494
	Process Name:	C:\Windows\System32\example_a.exe

Service Request Information:
	Privileges:		SeAssignPrimaryTokenPrivilege
","2020-02-13T20:03:46.000+0000",success,"win:unknown","A privileged service was called.

Subject:
	Security ID:		Domain_C\user_h
	Account Name:		user_h
	Account Domain:		Domain_C
	Logon ID:		0xA19C

Service:
	Server:	NT Local Security Authority / Authentication Service
	Service Name:	LsaRegisterLogonProcess()

Process:
	Process ID:	0xA494
	Process Name:	C:\Windows\System32\example_a.exe

Service Request Information:
	Privileges:		SeAssignPrimaryTokenPrivilege",,"Sensitive Privilege Use",,,,20,13,3,february,46,thursday,2020,local,"COREDEV-001",,,,,,,,,false,,,,"Domain_C","COREDEV-001",,untrust,,false,false,false,,"COREDEV-001",,,,,,,,,false,,,,"COREDEV-001",,untrust,,false,false,false,,265277611,"windows_privileged_service_call wineventlog_security wineventlog_windows winsec","COREDEV-001",265277611,,main,,,,30,,,"user_h","Domain_C\user_h","Domain_C\",,"A privileged service was called",,WinEventLog,,,,,"Replace a process level token",SeAssignPrimaryTokenPrivilege,,Windows,,,"//_::_==___.====-=__===_=____.:t_:tt\t_:ttt_:ttt_:",,,,0xA19C,informational,0,,,"A privileged service was called",4673,"WinEventLog:Security",WinEventLog,"prd-p-g7nxxbgc3hgl",,,,,,,,,,,,,,,"Domain_C",,,,,,,,,,,,,,,,,,,,,,,,,,,,,,,,success,,"A privileged service was called",failure,,,"execute
os
privileged
process
security
start
success
windows",,,,success,,,,,"execute
os
privileged
process
security
start
windows",,,,,,,,,,,,,,,22,0,,"user_h",,,,,,,,,,,,,,,,,,,false,,,,,Microsoft,SeAssignPrimaryTokenPrivilege,
,"Domain_C
Domain_C",,"user_m
user_h",,,,,,,,,,,,,,,"Account Management",,,,,,,,"HOST-004",,,,,,,,,"-",4743,"A computer account was deleted",0,,,,,,,,,,,,,,,,,"Audit Success",,,,,Security,,,,,0x46BA,,,,,,,,,"A computer account was deleted.

