The authentication information fields provide detailed information about this specific logon request.
 - Logon GUID is a unique identifier that can be used to correlate this event with a KDC event.
 - Transited services indicate which intermediate services have participated in this logon request.
 - Package name indicates which sub-protocol was used among the NTLM protocols.
 - Key length indicates the length of the generated session key. This will be 0 if no session key was requested.",,Logon,,,,20,13,3,february,30,thursday,2020,local,"BUSDEV-006",,,,,,,,,false,,,,"Domain_E","BUSDEV-006",,untrust,,false,false,false,,"BUSDEV-006",,,,,,,,,false,,,,"BUSDEV-006",,untrust,,false,false,false,,621962,"windows_logon_success wineventlog_security wineventlog_windows winsec","BUSDEV-006",621962,,main,,,,72,,,"BUSDEV-006
user_f","Domain_E\SYSTEM
Domain_E\user_f","Domain_E\",,"An account was successfully logged on",,WinEventLog,,,,,,,0xF45D,Windows,,,"//_::_==____.====-====_=_____.:__:__\__:__-__:____",,,,0xA369,informational,0,,,"An account was successfully logged on",4624,"WinEventLog:Security",WinEventLog,"prd-p-g7nxxbgc3hgl",,"BUSDEV-006",,,,,,,,,false,,,,"Domain_E","BUSDEV-006",,untrust,20955,,false,,false,false,"BUSDEV-006",,,,,,,,,,,,,,,,,false,,,,,success,,"An account was successfully logged on",failure,,,"authentication
local
os
security
success
windows",,,,success,local,,,,"authentication
os
security
windows",,,,,,,,,,,,,,,22,0,,"user_f",,,,,,,,,,,,,,,,,,,false,,,,,Microsoft,,
,"Domain_A
Domain_A","2020-02-13 20:03:30 PM","user_j
user_l",,,,,"server_1/coumputer_a",,,,,,,,,,"Account Management",,,,,,,,"COREDEV-006",,,bbb,,,,,,"-",4720,"A user account was created",0,,,,,,,,"\a\b\c","F:",,,,,,,,"Audit Success",,,,,Security,,,,All,0xB111,,,,"SAM Account Name: user_m
	Display Name: bbb
	User Principal Name: ccc@AAA.local
	Home Directory: \a\b\c
	Home Drive: F:
	Script Path: <value not set>
	Profile Path: \a
	User Workstations: DDD
	Password Last Set: 2020-02-13 20:03:30 PM
	Account Expires: 2020-02-13 20:03:30 PM
	Primary Group ID: 193
	Allowed To Delegate To: server_1/coumputer_a
	Old UAC Value: FB0C2BE
	New UAC Value: 1AD635C
	User Account Control: DONT_REQ_PREAUTH - Enabled
	User Parameters: <value not set>
	SID History: Domain_b/bbb
	Logon Hours: All",,,,,"A User account was created. 
Subject: 
	Security ID: Domain_A\user_j
	Account Name: user_j
	Account Domain: Domain_A
	Logon ID: 0xB111
New Account: 
	Security ID: Domain_A\user_l
	Account Name: user_l
	Account Domain: Domain_A
Attributes: 
	SAM Account Name: user_m
	Display Name: bbb
	User Principal Name: ccc@AAA.local
	Home Directory: \a\b\c
	Home Drive: F:
	Script Path: <value not set>
	Profile Path: \a
	User Workstations: DDD
	Password Last Set: 2020-02-13 20:03:30 PM
	Account Expires: 2020-02-13 20:03:30 PM
	Primary Group ID: 193
	Allowed To Delegate To: server_1/coumputer_a
	Old UAC Value: FB0C2BE
	New UAC Value: 1AD635C
	User Account Control: DONT_REQ_PREAUTH - Enabled
	User Parameters: <value not set>
	SID History: Domain_b/bbb
	Logon Hours: All
Additional Information:
	Privileges -",,,,,,,,,,,,1AD635C,,FB0C2BE,Info,,,,"2020-02-13 20:03:30 PM",,,,193,,,,,,"\a",,28066775,,,"user_m","Domain_b/bbb","<value not set>","Domain_A\user_j
Domain_A\user_l",,,"Microsoft Windows security auditing.",,,,,,,,,,,,,,,,,,,"User Account Management",,,,,Information,,"DONT_REQ_PREAUTH - Enabled",,,"<value not set>","ccc@AAA.local",DDD,,,,,"02/13/2020 08:03:30 PM
LogName=Security
SourceName=Microsoft Windows security auditing.
EventCode=4720
EventType=0
Type=Information
ComputerName=COREDEV-006
TaskCategory=User Account Management
OpCode=Info
RecordNumber=28066775
Keywords=Audit Success
Message=A User account was created. 
Subject: 
	Security ID: Domain_A\user_j
	Account Name: user_j
	Account Domain: Domain_A
	Logon ID: 0xB111
New Account: 
	Security ID: Domain_A\user_l
	Account Name: user_l
	Account Domain: Domain_A
Attributes: 
	SAM Account Name: user_m
	Display Name: bbb
	User Principal Name: ccc@AAA.local
	Home Directory: \a\b\c
	Home Drive: F:
	Script Path: <value not set>
	Profile Path: \a
	User Workstations: DDD
	Password Last Set: 2020-02-13 20:03:30 PM
	Account Expires: 2020-02-13 20:03:30 PM
	Primary Group ID: 193
	Allowed To Delegate To: server_1/coumputer_a
	Old UAC Value: FB0C2BE
	New UAC Value: 1AD635C
	User Account Control: DONT_REQ_PREAUTH - Enabled
	User Parameters: <value not set>
	SID History: Domain_b/bbb
	Logon Hours: All
Additional Information:
	Privileges -
","2020-02-13T20:03:30.000+0000",created,"win:unknown","A User account was created. 
Subject: 
	Security ID: Domain_A\user_j
	Account Name: user_j
	Account Domain: Domain_A
	Logon ID: 0xB111
New Account: 
	Security ID: Domain_A\user_l
	Account Name: user_l
	Account Domain: Domain_A
Attributes: 
	SAM Account Name: user_m
	Display Name: bbb
	User Principal Name: ccc@AAA.local
	Home Directory: \a\b\c
	Home Drive: F:
	Script Path: <value not set>
	Profile Path: \a
	User Workstations: DDD
	Password Last Set: 2020-02-13 20:03:30 PM
	Account Expires: 2020-02-13 20:03:30 PM
	Primary Group ID: 193
	Allowed To Delegate To: server_1/coumputer_a
	Old UAC Value: FB0C2BE
	New UAC Value: 1AD635C
	User Account Control: DONT_REQ_PREAUTH - Enabled
	User Parameters: <value not set>
	SID History: Domain_b/bbb
	Logon Hours: All
Additional Information:
	Privileges -",,"User Account Management",user,,,20,13,3,february,30,thursday,2020,local,"COREDEV-006",,,,,,,,,false,,,,"Domain_A","COREDEV-006",,untrust,,false,false,false,,"COREDEV-006",,,,,,,,,false,,,,"COREDEV-006",,untrust,,false,false,false,,28066775,"windows_account_created windows_account_management wineventlog_security wineventlog_windows winsec","COREDEV-006",28066775,,main,,,,43,,,"user_j
user_l","Domain_A\user_j
Domain_A\user_l","Domain_A\",,"A user account was created",,WinEventLog,user,,,,,,,Windows,,,"//_::_==___.====-=__===_=____._:_t_:_\t_:_t_:_t_:_",,,,0xB111,informational,0,,,"A user account was created",4720,"WinEventLog:Security",WinEventLog,"prd-p-g7nxxbgc3hgl",,,,,,,,,,,,,,,"Domain_A",,,,,,,,,,"user_j",,,,,,,,,,,,,,,,,false,,,,,success,,"A user account was created",failure,"Account Management",,"account
add
change
management
os
security
windows",,,,,,,,,"account
add
change
management
os
security
windows",,,,,,,,,,,,,,,22,0,,"user_l",,,,,,193,,,,,,,,,,,,,false,,,,,Microsoft,,
,"Domain_B",,"user_i",,,,,,,,,,,,,,,,,,,,,,,"ACME-003",,,,,,,,,"-",1102,"The audit log was cleared",4,,,,,,,,,,,,,,,,,"Audit Success",,,,,Security,,,,,0x5F25,,,,,,,,,"The audit log was cleared.
Subject:
	Security ID:		Domain_B\user_i
	Account Name:		user_i
	Account Domain:		Domain_B
	Logon ID:		0x5F25",,,,,,,,,,,,,,,Info,,,,,,,,,,,,,,,,102798528,,,,,,"Domain_B\user_i",,,"Microsoft-Windows-Eventlog",,,,,,,,,,,,,,,,,,,"Log clear",,,,,Information,,,,,,,,,,,,"02/13/2020 08:03:30 PM
LogName=Security
SourceName=Microsoft-Windows-Eventlog
EventCode=1102
EventType=4
Type=Information
ComputerName=ACME-003
TaskCategory=Log clear
OpCode=Info
RecordNumber=102798528
Keywords=Audit Success
Message=The audit log was cleared.
Subject:
	Security ID:		Domain_B\user_i
	Account Name:		user_i
	Account Domain:		Domain_B
	Logon ID:		0x5F25
","2020-02-13T20:03:30.000+0000",cleared,"win:unknown","The audit log was cleared.
Subject:
	Security ID:		Domain_B\user_i
	Account Name:		user_i
	Account Domain:		Domain_B
	Logon ID:		0x5F25",,"Log clear",audit,,,20,13,3,february,30,thursday,2020,local,"ACME-003",,,,,,,,,false,,,,"Domain_B","ACME-003",,untrust,,false,false,false,,"ACME-003",,,,,,,,,false,,,,"ACME-003",,untrust,,false,false,false,,102798528,"windows_audit_log_cleared wineventlog_security wineventlog_windows winsec","ACME-003",102798528,,main,,,,18,,,"user_i","Domain_B\user_i","Domain_B\",,"The audit log was cleared",,WinEventLog,audit,,,,,,,Windows,,,"//_::_==--====-=_===_=____.:t_:tt\t_:ttt_:ttt_:tt",,,,0x5F25,informational,4,,,"The audit log was cleared",1102,"WinEventLog:Security",WinEventLog,"prd-p-g7nxxbgc3hgl",,,,,,,,,,,,,,,"Domain_B",,,,,,,,,,,,,,,,,,,,,,,,,,,,,,,,success,,"The audit log was cleared",failure,,,"audit
change
cleared
delete
endpoint
os
security
watchlist
windows",,,,,,,,,"audit
change
cleared
delete
endpoint
os
security
watchlist
windows",,,,,,,,,,,,,,,22,0,,"user_i",,,,,,,,,,,,,,,,,,,false,,,,,Microsoft,,
,"Domain_C
Domain_C",,"ops-sys-003
25SaRo0n45",,"dcab.acmbh.com",,,,,,,,,,,,,,,,,,,,,"ops-sys-003",,,,,,,,,"-",4648,"A logon was attempted using explicit credentials",0,,,,,,,,,,,,,,,,,"Audit Success",,,,,Security,,,"{00000000-0000-0000-0000-000000000000}
{0887F1E4-39EA-D53C-804F-31D568A06274}",,0x70E4,,,,,,,,,"A logon was attempted using explicit credentials.
Subject:
	Security ID:  Domain_C\SYSTEM
	Account Name:  ops-sys-003
	Account Domain:  Domain_C
	Logon ID:  0x70E4
	Logon GUID:		{00000000-0000-0000-0000-000000000000}
Account Whose Credentials Were Used:
	Account Name:		25SaRo0n45
	Account Domain:		Domain_C
	Logon GUID:		{0887F1E4-39EA-D53C-804F-31D568A06274}
Target Server:
	Target Server Name:	dcab.acmbh.com
	Additional Information:	dcab.acmbh.com
Process Information:
	Process ID:		3023
	Process Name:		C:\Windows\System32\example_a.exe
Network Information:
	Network Address:	-
	Port:			-
This event is generated when a process attempts to log on an account by explicitly specifying that account's credentials. This most commonly occurs in batch-type configurations such as scheduled tasks, or when using the RUNAS command.",,,,,,"-",,,,,,,,,Info,,,,,,"-",,,,,,3023,"C:\Windows\System32\example_a.exe",,,440366897,,,,,,"Domain_C\SYSTEM",,,"Microsoft Windows security auditing.",,,,,,,,,,,,,,,,,"dcab.acmbh.com",,Logon,,,,,Information,,,,,,,,,,,,"02/13/2020 08:03:30 PM
LogName=Security
SourceName=Microsoft Windows security auditing.
EventCode=4648
EventType=0
Type=Information
ComputerName=ops-sys-003
TaskCategory=Logon
OpCode=Info
RecordNumber=440366897
Keywords=Audit Success
Message=A logon was attempted using explicit credentials.
Subject:
	Security ID:  Domain_C\SYSTEM
	Account Name:  ops-sys-003
	Account Domain:  Domain_C
	Logon ID:  0x70E4
	Logon GUID:		{00000000-0000-0000-0000-000000000000}
Account Whose Credentials Were Used:
	Account Name:		25SaRo0n45
	Account Domain:		Domain_C
	Logon GUID:		{0887F1E4-39EA-D53C-804F-31D568A06274}
Target Server:
	Target Server Name:	dcab.acmbh.com
	Additional Information:	dcab.acmbh.com
Process Information:
	Process ID:		3023
	Process Name:		C:\Windows\System32\example_a.exe
Network Information:
	Network Address:	-
	Port:			-
This event is generated when a process attempts to log on an account by explicitly specifying that account's credentials. This most commonly occurs in batch-type configurations such as scheduled tasks, or when using the RUNAS command.
","2020-02-13T20:03:30.000+0000",success,"win:remote","A logon was attempted using explicit credentials.
Subject:
	Security ID:  Domain_C\SYSTEM
	Account Name:  ops-sys-003
	Account Domain:  Domain_C
	Logon ID:  0x70E4
	Logon GUID:		{00000000-0000-0000-0000-000000000000}
Account Whose Credentials Were Used:
	Account Name:		25SaRo0n45
	Account Domain:		Domain_C
	Logon GUID:		{0887F1E4-39EA-D53C-804F-31D568A06274}
Target Server:
	Target Server Name:	dcab.acmbh.com
	Additional Information:	dcab.acmbh.com
Process Information:
	Process ID:		3023
	Process Name:		C:\Windows\System32\example_a.exe
Network Information:
	Network Address:	-
	Port:			-
This event is generated when a process attempts to log on an account by explicitly specifying that account's credentials. This most commonly occurs in batch-type configurations such as scheduled tasks, or when using the RUNAS command.",,Logon,,,,20,13,3,february,30,thursday,2020,local,"dcab.acmbh.com",,,,,,,,,false,,,,"Domain_C","dcab.acmbh.com",,untrust,,false,false,false,,"ops-sys-003",,,,,,,,,false,,,,"ops-sys-003",,untrust,,false,false,false,,440366897,"windows_logon_explicit wineventlog_security wineventlog_windows winsec","ops-sys-003",440366897,,main,,,,33,,,"ops-sys-003
25SaRo0n45","Domain_C\SYSTEM","Domain_C\",,"A logon was attempted using explicit credentials",,WinEventLog,,,,,,,,Windows,,,"//_::_==___.====--====_=______.:t_:__\t_:__--t_:__",,,,0x70E4,informational,0,,,"A logon was attempted using explicit credentials",4648,"WinEventLog:Security",WinEventLog,"prd-p-g7nxxbgc3hgl",,,,,,,,,,,,,,,"Domain_C",,,,,,,,,,"ops-sys-003",,,,,,,,,,,,,,,,,false,,,,,success,,"A logon was attempted using explicit credentials",failure,,,"authentication
os
privileged
remote
security
success
windows",,,,success,remote,,,,"authentication
os
privileged
security
windows",,,,,,,,,,,,,,,22,0,,25SaRo0n45,,,,,,,,,,,,,,,,,,,false,,,,,Microsoft,,
,,,,,,,,,,"MICROSOFT_AUTHENTICATION_PACKAGE_V1_0",,,,,,,,,,,,,,,,"BUSDEV-002",,,,,,,,,0xC000006D,4776,"The domain controller attempted to validate the credentials for an account",0,,,,,,,,,,,,,,,,,"Failure Audit",,,,,Security,,"user_d",,,,,,,,,,,,"The computer attempted to validate the credentials for an account.
Authentication Package: MICROSOFT_AUTHENTICATION_PACKAGE_V1_0
Logon Account: user_d
Source Workstation: BUSDEV-002
Error Code: 0xC000006D",,,,,,,,,,,,,,,Info,,,,,,,,,,,,,,,,981618139,,,,,,,,,"Microsoft Windows security auditing.",,,"BUSDEV-002",,,,,,,,,,,,,,,,"Credential Validation",,,,,Information,,,,,,,,,,,,"02/13/2020 08:03:30 PM
LogName=Security
SourceName=Microsoft Windows security auditing.
EventCode=4776
EventType=0
Type=Information
ComputerName=BUSDEV-002
TaskCategory=Credential Validation
OpCode=Info
RecordNumber=981618139
Keywords=Failure Audit
Message=The computer attempted to validate the credentials for an account.
Authentication Package: MICROSOFT_AUTHENTICATION_PACKAGE_V1_0
Logon Account: user_d
Source Workstation: BUSDEV-002
Error Code: 0xC000006D
","2020-02-13T20:03:30.000+0000",failure,"win:unknown","The computer attempted to validate the credentials for an account.
Authentication Package: MICROSOFT_AUTHENTICATION_PACKAGE_V1_0
Logon Account: user_d
Source Workstation: BUSDEV-002
Error Code: 0xC000006D",,"Credential Validation",,,,20,13,3,february,30,thursday,2020,local,"BUSDEV-002",,,,,,,,,false,,,,,"BUSDEV-002",,untrust,,false,false,false,,"BUSDEV-002",,,,,,,,,false,,,,"BUSDEV-002",,untrust,,false,false,false,,981618139,"err0r nix_errors windows_account_used4logon wineventlog_security wineventlog_windows winsec","BUSDEV-002",981618139,,main,,,,17,,,,,,,"The domain controller attempted to validate the credentials for an account",,WinEventLog,,,,,,,,Windows,,,"//_::_==___.====-=_===_=_________._:__:__:_-_:_",,,,,informational,0,,,"The domain controller attempted to validate the credentials for an account",4776,"WinEventLog:Security",WinEventLog,"prd-p-g7nxxbgc3hgl",,"BUSDEV-002",,,,,,,,,false,,,,,"BUSDEV-002",,untrust,,,false,,false,false,,,,,,,,,,,,,,,,,,,,,,,failure,,"The domain controller attempted to validate the credentials for an account",failure,,,"authentication
error
failure
os
security
windows",,,,failure,,,,,"authentication
error
os
security
windows",,,,,,,,,,,,,,,22,0,,"user_d",,,,,,,,,,,,,,,,,,,false,,,,,Microsoft,,
,,,,,,,,,,"MICROSOFT_AUTHENTICATION_PACKAGE_V1_0",,,,,,,,,,,,,,,,"BUSDEV-006",,,,,,,,,0xC0000064,4776,"The domain controller attempted to validate the credentials for an account",0,,,,,,,,,,,,,,,,,"Failure Audit",,,,,Security,,"user_c",,,,,,,,,,,,"The computer attempted to validate the credentials for an account.
Authentication Package: MICROSOFT_AUTHENTICATION_PACKAGE_V1_0
Logon Account: user_c
Source Workstation: BUSDEV-006
Error Code: 0xC0000064",,,,,,,,,,,,,,,Info,,,,,,,,,,,,,,,,308648167,,,,,,,,,"Microsoft Windows security auditing.",,,"BUSDEV-006",,,,,,,,,,,,,,,,"Credential Validation",,,,,Information,,,,,,,,,,,,"02/13/2020 08:03:30 PM
LogName=Security
SourceName=Microsoft Windows security auditing.
EventCode=4776
EventType=0
Type=Information
ComputerName=BUSDEV-006
TaskCategory=Credential Validation
OpCode=Info
RecordNumber=308648167
Keywords=Failure Audit
Message=The computer attempted to validate the credentials for an account.
Authentication Package: MICROSOFT_AUTHENTICATION_PACKAGE_V1_0
Logon Account: user_c
Source Workstation: BUSDEV-006
Error Code: 0xC0000064
","2020-02-13T20:03:30.000+0000",failure,"win:unknown","The computer attempted to validate the credentials for an account.
Authentication Package: MICROSOFT_AUTHENTICATION_PACKAGE_V1_0
Logon Account: user_c
Source Workstation: BUSDEV-006
Error Code: 0xC0000064",,"Credential Validation",,,,20,13,3,february,30,thursday,2020,local,"BUSDEV-006",,,,,,,,,false,,,,,"BUSDEV-006",,untrust,,false,false,false,,"BUSDEV-006",,,,,,,,,false,,,,"BUSDEV-006",,untrust,,false,false,false,,308648167,"err0r nix_errors windows_account_used4logon wineventlog_security wineventlog_windows winsec","BUSDEV-006",308648167,,main,,,,17,,,,,,,"The domain controller attempted to validate the credentials for an account",,WinEventLog,,,,,,,,Windows,,,"//_::_==___.====-=_===_=_________._:__:__:_-_:_",,,,,informational,0,,,"The domain controller attempted to validate the credentials for an account",4776,"WinEventLog:Security",WinEventLog,"prd-p-g7nxxbgc3hgl",,"BUSDEV-006",,,,,,,,,false,,,,,"BUSDEV-006",,untrust,,,false,,false,false,,,,,,,,,,,,,,,,,,,,,,,failure,,"The domain controller attempted to validate the credentials for an account",failure,,,"authentication
error
failure
os
security
windows",,,,failure,,,,,"authentication
error
os
security
windows",,,,,,,,,,,,,,,22,0,,"user_c",,,,,,,,,,,,,,,,,,,false,,,,,Microsoft,,
SeServiceLogonRight,"Domain_E",,"SE-004
Domain_E\user_b",,,,,,,,,,,,,,,,,,,,,,,"SE-004",,,,,,,,,"-",4718,"System security access was removed from an account",0,,,,,,,,,,,,,,,,,"Audit Success",,,,,Security,,,,,0x3A81,,,,,,,,,"System security access was removed from an account.

Subject:
	Security ID:		Domain_E\SYSTEM
	Account Name:		SE-004
	Account Domain:		Domain_E
	Logon ID:		0x3A81

Account Modified:
	Account Name:		Domain_E\user_b

Access Removed:
	Access Right:		SeServiceLogonRight",,,,,,,,,,,,,,,Info,,,,,,,,,,,,,,,,259909102,,,,,,"Domain_E\SYSTEM",,,"Microsoft Windows security auditing.",,,,,,,,,,,,,,,,,,,"Authentication Policy Change",,,,,Information,,,,,,,,,,,,"02/13/2020 08:03:30 PM
LogName=Security
SourceName=Microsoft Windows security auditing.
EventCode=4718
EventType=0
Type=Information
ComputerName=SE-004
TaskCategory=Authentication Policy Change
OpCode=Info
RecordNumber=259909102
Keywords=Audit Success
Message=System security access was removed from an account.

Subject:
	Security ID:		Domain_E\SYSTEM
	Account Name:		SE-004
	Account Domain:		Domain_E
	Logon ID:		0x3A81

Account Modified:
	Account Name:		Domain_E\user_b

Access Removed:
	Access Right:		SeServiceLogonRight
","2020-02-13T20:03:30.000+0000",success,"win:unknown","System security access was removed from an account.

Subject:
	Security ID:		Domain_E\SYSTEM
	Account Name:		SE-004
	Account Domain:		Domain_E
	Logon ID:		0x3A81

Account Modified:
	Account Name:		Domain_E\user_b

Access Removed:
	Access Right:		SeServiceLogonRight",,"Authentication Policy Change",,,,20,13,3,february,30,thursday,2020,local,"SE-004",,,,,,,,,false,,,,"Domain_E","SE-004",,untrust,,false,false,false,,"SE-004",,,,,,,,,false,,,,"SE-004",,untrust,,false,false,false,,259909102,"windows_security_access_removed wineventlog_security wineventlog_windows winsec","SE-004",259909102,,main,,,,25,,,"SE-004
Domain_E\user_b","Domain_E\SYSTEM","Domain_E\",,"System security access was removed from an account",,WinEventLog,,,,,,,,Windows,,,"//_::_==___.====-=__===_=_______.:t_:tt\t_:tt-t_:t",,,,0x3A81,informational,0,,,"System security access was removed from an account",4718,"WinEventLog:Security",WinEventLog,"prd-p-g7nxxbgc3hgl",,,,,,,,,,,,,,,"Domain_E",,,,,,,,,,"SE-004",,,,,,,,,,,,,,,,,false,,,,,success,,"System security access was removed from an account",failure,,,"access
account
authorization
change
delete
os
security
success
windows",,,,success,,,,,"access
account
authorization
change
delete
os
security
windows",,,,,,,,,,,,,,,22,0,,"Domain_E\user_b",,,,,,,,,,,,,,,,,,,false,,,,,Microsoft,,
,"Builtin
Builtin",,"GUEST
GUEST",,,,,,,NTLM,,,,,,,,,,,,,,,,"BUSDEV-008",,,,,,,,No,"-",4624,"An account was successfully logged on",Information,,,,,,,,,,,Impersonation,,,16,,,"Audit Success",,,,,Security,,,"{10A48635-D097-D097-D097-76912FB239F3}",,"0xA90
0xA90	Linked Logon ID:		0xB",10A48635,16,,,,,,,"An account was successfully logged on.

Subject:
	Security ID:		WINDOWS\krbtgt
	Account Name:		GUEST
	Account Domain:		Builtin
	Logon ID:		0xA90
Logon Information:
	Logon Type:		16
	Restricted Admin Mode:	-
	Virtual Account:		No
	Elevated Token:		No

Impersonation Level:		Impersonation

New Logon:
	Security ID:		WINDOWS\krbtgt
	Account Name:		GUEST
	Account Domain:		Builtin
	Logon ID:		0xA90	Linked Logon ID:		0xB
	Network Account Name:	-
	Network Account Domain:	-
	Logon GUID:		{10A48635-D097-D097-D097-76912FB239F3}

Process Information:
	Process ID:		0xA90	Process Name:		aa\bb\cc\dd\E960DE1.exe

Network Information:
	Workstation Name:	-
	Source Network Address:	-
	Source Port:		19225

Detailed Authentication Information:
	Logon Process:		10A48635  
	Authentication Package:	NTLM
	Transited Services:	-
	Package Name (NTLM only):	-
	Key Length:		16

This event is generated when a logon session is created. It is generated on the computer that was accessed.

The subject fields indicate the account on the local system which requested the logon. This is most commonly a service such as the Server service, or a local process such as E960DE1.exe or E960DE1.exe.

The logon type field indicates the kind of logon that occurred. The most common types are 2 (interactive) and 3 (network).

The New Logon fields indicate the account for whom the new logon was created, i.e. the account that was logged on.

The network fields indicate where a remote logon request originated. Workstation name is not always available and may be left blank in some cases.

The impersonation level field indicates the extent to which a process in the logon session can impersonate.

The authentication information fields provide detailed information about this specific logon request.
	- Logon GUID is a unique identifier that can be used to correlate this event with a KDC event.
	- Transited services indicate which intermediate services have participated in this logon request.
	- Package name indicates which sub-protocol was used among the NTLM protocols.
	- Key length indicates the length of the generated session key. This will be 0 if no session key was requested.",,,,"-","-",,,,,,,,,,Info,,"-",,,,,,,,,,"0xA90	Process Name:		aa\bb\cc\dd\E960DE1.exe",,,,755267741,"-",,,,,"WINDOWS\krbtgt
WINDOWS\krbtgt",,,"Microsoft Windows security auditing.","-",19225,,,,,,,,,,,,,,,,,"Authentication Policy Change",,,,"-",Information,,,,,,,,No,,,"-","02/13/2020 08:03:29 PM
LogName=Security
SourceName=Microsoft Windows security auditing.
EventCode=4624
EventType=Information
Type=Information
ComputerName=BUSDEV-008
TaskCategory=Authentication Policy Change
OpCode=Info
RecordNumber=755267741
Keywords=Audit Success
Message=An account was successfully logged on.

Subject:
	Security ID:		WINDOWS\krbtgt
	Account Name:		GUEST
	Account Domain:		Builtin
	Logon ID:		0xA90
Logon Information:
	Logon Type:		16
	Restricted Admin Mode:	-
	Virtual Account:		No
	Elevated Token:		No

Impersonation Level:		Impersonation

New Logon:
	Security ID:		WINDOWS\krbtgt
	Account Name:		GUEST
	Account Domain:		Builtin
	Logon ID:		0xA90	Linked Logon ID:		0xB
	Network Account Name:	-
	Network Account Domain:	-
	Logon GUID:		{10A48635-D097-D097-D097-76912FB239F3}

Process Information:
	Process ID:		0xA90	Process Name:		aa\bb\cc\dd\E960DE1.exe

Network Information:
	Workstation Name:	-
	Source Network Address:	-
	Source Port:		19225

Detailed Authentication Information:
	Logon Process:		10A48635  
	Authentication Package:	NTLM
	Transited Services:	-
	Package Name (NTLM only):	-
	Key Length:		16

This event is generated when a logon session is created. It is generated on the computer that was accessed.

The subject fields indicate the account on the local system which requested the logon. This is most commonly a service such as the Server service, or a local process such as E960DE1.exe or E960DE1.exe.

The logon type field indicates the kind of logon that occurred. The most common types are 2 (interactive) and 3 (network).

The New Logon fields indicate the account for whom the new logon was created, i.e. the account that was logged on.

The network fields indicate where a remote logon request originated. Workstation name is not always available and may be left blank in some cases.

The impersonation level field indicates the extent to which a process in the logon session can impersonate.

The authentication information fields provide detailed information about this specific logon request.
	- Logon GUID is a unique identifier that can be used to correlate this event with a KDC event.
	- Transited services indicate which intermediate services have participated in this logon request.
	- Package name indicates which sub-protocol was used among the NTLM protocols.
	- Key length indicates the length of the generated session key. This will be 0 if no session key was requested.

","2020-02-13T20:03:29.000+0000",success,"win:unknown","An account was successfully logged on.

Subject:
	Security ID:		WINDOWS\krbtgt
	Account Name:		GUEST
	Account Domain:		Builtin
	Logon ID:		0xA90
Logon Information:
	Logon Type:		16
	Restricted Admin Mode:	-
	Virtual Account:		No
	Elevated Token:		No

Impersonation Level:		Impersonation

New Logon:
	Security ID:		WINDOWS\krbtgt
	Account Name:		GUEST
	Account Domain:		Builtin
	Logon ID:		0xA90	Linked Logon ID:		0xB
	Network Account Name:	-
	Network Account Domain:	-
	Logon GUID:		{10A48635-D097-D097-D097-76912FB239F3}

Process Information:
	Process ID:		0xA90	Process Name:		aa\bb\cc\dd\E960DE1.exe

Network Information:
	Workstation Name:	-
	Source Network Address:	-
	Source Port:		19225

Detailed Authentication Information:
	Logon Process:		10A48635  
	Authentication Package:	NTLM
	Transited Services:	-
	Package Name (NTLM only):	-
	Key Length:		16

This event is generated when a logon session is created. It is generated on the computer that was accessed.

The subject fields indicate the account on the local system which requested the logon. This is most commonly a service such as the Server service, or a local process such as E960DE1.exe or E960DE1.exe.

The logon type field indicates the kind of logon that occurred. The most common types are 2 (interactive) and 3 (network).

The New Logon fields indicate the account for whom the new logon was created, i.e. the account that was logged on.

The network fields indicate where a remote logon request originated. Workstation name is not always available and may be left blank in some cases.

The impersonation level field indicates the extent to which a process in the logon session can impersonate.

The authentication information fields provide detailed information about this specific logon request.
	- Logon GUID is a unique identifier that can be used to correlate this event with a KDC event.
	- Transited services indicate which intermediate services have participated in this logon request.
	- Package name indicates which sub-protocol was used among the NTLM protocols.
	- Key length indicates the length of the generated session key. This will be 0 if no session key was requested.",,"Authentication Policy Change",,,,20,13,3,february,29,thursday,2020,local,"BUSDEV-008",,,,,,,,,false,,,,Builtin,"BUSDEV-008",,untrust,,false,false,false,,"BUSDEV-008",,,,,,,,,false,,,,"BUSDEV-008",,untrust,,false,false,false,,755267741,"windows_logon_success wineventlog_security wineventlog_windows winsec","BUSDEV-008",755267741,,main,,,,69,,,"GUEST
GUEST","WINDOWS\krbtgt
WINDOWS\krbtgt","WINDOWS\",,"An account was successfully logged on",,WinEventLog,,,,,,,0xA90,Windows,,,"//_::_==___.====-=__===_=_____.:t_:tt\t_:ttt_:ttt_",,,,"0xA90	Linked Logon ID:		0xB",informational,Information,,,"An account was successfully logged on",4624,"WinEventLog:Security",WinEventLog,"prd-p-g7nxxbgc3hgl",,,,,,,,,,,,,,,Builtin,,,,19225,,,,,,GUEST,,,,,,,,,,,,,,,,,false,,,,,success,,"An account was successfully logged on",failure,,,"authentication
os
security
success
windows",,,,success,,,,,"authentication
os
security
windows",,,,,,,,,,,,,,,22,0,,GUEST,,,,,,,,,,,,,,,,,,,false,,,,,Microsoft,,
,"Domain_B
Domain_B","<never>","user_h
user_k",,,,"-",,,,,,,,,,,"Account Management",,,,,,,,"ACME-006",,,fff,,,,,,"-",4738,"A user account was changed",0,,,,,,,,"\a\e","<value not set>",,,,,,,,"Audit Success",,,,,Security,,,,All,0xA19C,,,,"SAM Account Name: user_d
 Display Name:  fff
 User Principal Name: -
 Home Directory:  \a\e
 Home Drive:  <value not set>
 Script Path:  \a\g
 Profile Path:  \a\e
 User Workstations: DDD
 Password Last Set: 2020-02-13 20:03:29 PM
 Account Expires:  <never>
 Primary Group ID: 445
 AllowedToDelegateTo: -
 Old UAC Value:  6C2CC70
 New UAC Value:  B7E5555
 User Account Control: ENCRYPTED_TEXT_PWD_ALLOWED - Enabled
 User Parameters: <value changed, but not displayed>
 SID History:  -
 Logon Hours:  All",,,,,"A User account was changed.

Subject:
 Security ID:  Domain_B\user_h
 Account Name:  user_h
 Account Domain:  Domain_B
 Logon ID:  0xA19C

Target Account:
 Security ID:  Domain_B\user_k
 Account Name:  user_k
 Account Domain:  Domain_B

Changed Attributes:
 SAM Account Name: user_d
 Display Name:  fff
 User Principal Name: -
 Home Directory:  \a\e
 Home Drive:  <value not set>
 Script Path:  \a\g
 Profile Path:  \a\e
 User Workstations: DDD
 Password Last Set: 2020-02-13 20:03:29 PM
 Account Expires:  <never>
 Primary Group ID: 445
 AllowedToDelegateTo: -
 Old UAC Value:  6C2CC70
 New UAC Value:  B7E5555
 User Account Control: ENCRYPTED_TEXT_PWD_ALLOWED - Enabled
 User Parameters: <value changed, but not displayed>
 SID History:  -
 Logon Hours:  All

Additional Information:
 Privileges:  SeLoadDriverPrivilege",,,,,,,,,,,,B7E5555,,6C2CC70,Info,,,,"2020-02-13 20:03:29 PM",,,,445,,,SeLoadDriverPrivilege,,,"\a\e",,305740029,,,"user_d","-","\a\g","Domain_B\user_h
Domain_B\user_k",,,"Microsoft Windows security auditing.",,,,,,,,,,,,,,,,,,,"User Account Management",,,,,Information,,"ENCRYPTED_TEXT_PWD_ALLOWED - Enabled",,,"<value changed, but not displayed>","-",DDD,,,,,"02/13/2020 08:03:29 PM
LogName=Security
SourceName=Microsoft Windows security auditing.
EventCode=4738
EventType=0
Type=Information
ComputerName=ACME-006
TaskCategory=User Account Management
OpCode=Info
RecordNumber=305740029
Keywords=Audit Success
Message=A User account was changed.

Subject:
 Security ID:  Domain_B\user_h
 Account Name:  user_h
 Account Domain:  Domain_B
 Logon ID:  0xA19C

Target Account:
 Security ID:  Domain_B\user_k
 Account Name:  user_k
 Account Domain:  Domain_B

Changed Attributes:
 SAM Account Name: user_d
 Display Name:  fff
 User Principal Name: -
 Home Directory:  \a\e
 Home Drive:  <value not set>
 Script Path:  \a\g
 Profile Path:  \a\e
 User Workstations: DDD
 Password Last Set: 2020-02-13 20:03:29 PM
 Account Expires:  <never>
 Primary Group ID: 445
 AllowedToDelegateTo: -
 Old UAC Value:  6C2CC70
 New UAC Value:  B7E5555
 User Account Control: ENCRYPTED_TEXT_PWD_ALLOWED - Enabled
 User Parameters: <value changed, but not displayed>
 SID History:  -
 Logon Hours:  All

Additional Information:
 Privileges:  SeLoadDriverPrivilege
","2020-02-13T20:03:29.000+0000",modified,"win:unknown","A User account was changed.

Subject:
 Security ID:  Domain_B\user_h
 Account Name:  user_h
 Account Domain:  Domain_B
 Logon ID:  0xA19C

Target Account:
 Security ID:  Domain_B\user_k
 Account Name:  user_k
 Account Domain:  Domain_B

Changed Attributes:
 SAM Account Name: user_d
 Display Name:  fff
 User Principal Name: -
 Home Directory:  \a\e
 Home Drive:  <value not set>
 Script Path:  \a\g
 Profile Path:  \a\e
 User Workstations: DDD
 Password Last Set: 2020-02-13 20:03:29 PM
 Account Expires:  <never>
 Primary Group ID: 445
 AllowedToDelegateTo: -
 Old UAC Value:  6C2CC70
 New UAC Value:  B7E5555
 User Account Control: ENCRYPTED_TEXT_PWD_ALLOWED - Enabled
 User Parameters: <value changed, but not displayed>
 SID History:  -
 Logon Hours:  All

Additional Information:
 Privileges:  SeLoadDriverPrivilege",,"User Account Management",user,,,20,13,3,february,29,thursday,2020,local,"ACME-006",,,,,,,,,false,,,,"Domain_B","ACME-006",,untrust,,false,false,false,,"ACME-006",,,,,,,,,false,,,,"ACME-006",,untrust,,false,false,false,,305740029,"windows_account_management windows_account_modified wineventlog_security wineventlog_windows winsec","ACME-006",305740029,,main,,,,47,,,"user_h
user_k","Domain_B\user_h
Domain_B\user_k","Domain_B\",,"A user account was changed",,WinEventLog,user,,,,"Load and unload device drivers",SeLoadDriverPrivilege,,Windows,,,"//_::_==___.====-=__===_=____.:__:__\__:____:____:",,,,0xA19C,informational,0,,,"A user account was changed",4738,"WinEventLog:Security",WinEventLog,"prd-p-g7nxxbgc3hgl",,,,,,,,,,,,,,,"Domain_B",,,,,,,,,,"user_h",,,,,,,,,,,,,,,,,false,,,,,success,,"A user account was changed",failure,"Account Management",,"account
change
management
modify
os
security
windows",,,,,,,,,"account
change
management
modify
os
security
windows",,,,,,,,,,,,,,,22,0,,"user_k",,,,,,445,,,,,,,,,,,,,false,,,,,Microsoft,SeLoadDriverPrivilege,
,,,,,,,,,,"MICROSOFT_AUTHENTICATION_PACKAGE_V1_0",,,,,,,,,,,,,,,,"ACME-003",,,,,,,,,0xC0000234,4776,"The domain controller attempted to validate the credentials for an account",0,,,,,,,,,,,,,,,,,"Failure Audit",,,,,Security,,"user_j",,,,,,,,,,,,"The computer attempted to validate the credentials for an account.
Authentication Package: MICROSOFT_AUTHENTICATION_PACKAGE_V1_0
Logon Account: user_j
Source Workstation: ACME-003
Error Code: 0xC0000234",,,,,,,,,,,,,,,Info,,,,,,,,,,,,,,,,488886550,,,,,,,,,"Microsoft Windows security auditing.",,,"ACME-003",,,,,,,,,,,,,,,,"Credential Validation",,,,,Information,,,,,,,,,,,,"02/13/2020 08:03:29 PM
LogName=Security
SourceName=Microsoft Windows security auditing.
EventCode=4776
EventType=0
Type=Information
ComputerName=ACME-003
TaskCategory=Credential Validation
OpCode=Info
RecordNumber=488886550
Keywords=Failure Audit
Message=The computer attempted to validate the credentials for an account.
Authentication Package: MICROSOFT_AUTHENTICATION_PACKAGE_V1_0
Logon Account: user_j
Source Workstation: ACME-003
Error Code: 0xC0000234
","2020-02-13T20:03:29.000+0000",failure,"win:unknown","The computer attempted to validate the credentials for an account.
Authentication Package: MICROSOFT_AUTHENTICATION_PACKAGE_V1_0
Logon Account: user_j
Source Workstation: ACME-003
Error Code: 0xC0000234",,"Credential Validation",,,,20,13,3,february,29,thursday,2020,local,"ACME-003",,,,,,,,,false,,,,,"ACME-003",,untrust,,false,false,false,,"ACME-003",,,,,,,,,false,,,,"ACME-003",,untrust,,false,false,false,,488886550,"err0r nix_errors windows_account_used4logon wineventlog_security wineventlog_windows winsec","ACME-003",488886550,,main,,,,17,,,,,,,"The domain controller attempted to validate the credentials for an account",,WinEventLog,,,,,,,,Windows,,,"//_::_==___.====-=_===_=_________._:__:__:_-_:_",,,,,informational,0,,,"The domain controller attempted to validate the credentials for an account",4776,"WinEventLog:Security",WinEventLog,"prd-p-g7nxxbgc3hgl",,"ACME-003",,,,,,,,,false,,,,,"ACME-003",,untrust,,,false,,false,false,,,,,,,,,,,,,,,,,,,,,,,failure,,"The domain controller attempted to validate the credentials for an account",failure,,,"authentication
error
failure
os
security
windows",,,,failure,,,,,"authentication
error
os
security
windows",,,,,,,,,,,,,,,22,0,,"user_j",,,,,,,,,,,,,,,,,,,false,,,,,Microsoft,,
,"Domain_C
Domain_C","2020-02-13 20:03:29 PM","user_n
user_d",,,,"server_1/coumputer_a",,,,,,,,,,,"Account Management",,,,,,,,"BUSDEV-008",,,"<value not set>",,,,,,"-",4738,"A user account was changed",0,,,,,,,,"\a\b","B:",,,,,,,,"Audit Success",,,,,Security,,,,"Tuesday 8:00 PM -Wednesday 10:00 AM",0x4D76,,,,"SAM Account Name: user_a
 Display Name:  <value not set>
 User Principal Name: ccc@AAA.local
 Home Directory:  \a\b
 Home Drive:  B:
 Script Path:  \a
 Profile Path:  \a\e
 User Workstations: CCC
 Password Last Set: <never>
 Account Expires:  2020-02-13 20:03:29 PM
 Primary Group ID: 168
 AllowedToDelegateTo: server_1/coumputer_a
 Old UAC Value:  B6D91E0
 New UAC Value:  0B49B89
 User Account Control: TRUSTED_FOR_DELEGATION - Disabled
 User Parameters: <value changed, but not displayed>
 SID History:  -
 Logon Hours:  Tuesday 8:00 PM -Wednesday 10:00 AM",,,,,"A User account was changed.

Subject:
 Security ID:  Domain_C\user_n
 Account Name:  user_n
 Account Domain:  Domain_C
 Logon ID:  0x4D76

Target Account:
 Security ID:  Domain_C\user_d
 Account Name:  user_d
 Account Domain:  Domain_C

Changed Attributes:
 SAM Account Name: user_a
 Display Name:  <value not set>
 User Principal Name: ccc@AAA.local
 Home Directory:  \a\b
 Home Drive:  B:
 Script Path:  \a
 Profile Path:  \a\e
 User Workstations: CCC
 Password Last Set: <never>
 Account Expires:  2020-02-13 20:03:29 PM
 Primary Group ID: 168
 AllowedToDelegateTo: server_1/coumputer_a
 Old UAC Value:  B6D91E0
 New UAC Value:  0B49B89
 User Account Control: TRUSTED_FOR_DELEGATION - Disabled
 User Parameters: <value changed, but not displayed>
 SID History:  -
 Logon Hours:  Tuesday 8:00 PM -Wednesday 10:00 AM

Additional Information:
 Privileges:  SeLoadDriverPrivilege",,,,,,,,,,,,0B49B89,,B6D91E0,Info,,,,"<never>",,,,168,,,SeLoadDriverPrivilege,,,"\a\e",,928553651,,,"user_a","-","\a","Domain_C\user_n
Domain_C\user_d",,,"Microsoft Windows security auditing.",,,,,,,,,,,,,,,,,,,"User Account Management",,,,,Information,,"TRUSTED_FOR_DELEGATION - Disabled",,,"<value changed, but not displayed>","ccc@AAA.local",CCC,,,,,"02/13/2020 08:03:29 PM
LogName=Security
SourceName=Microsoft Windows security auditing.
EventCode=4738
EventType=0
Type=Information
ComputerName=BUSDEV-008
TaskCategory=User Account Management
OpCode=Info
RecordNumber=928553651
Keywords=Audit Success
Message=A User account was changed.

Subject:
 Security ID:  Domain_C\user_n
 Account Name:  user_n
 Account Domain:  Domain_C
 Logon ID:  0x4D76

Target Account:
 Security ID:  Domain_C\user_d
 Account Name:  user_d
 Account Domain:  Domain_C

Changed Attributes:
 SAM Account Name: user_a
 Display Name:  <value not set>
 User Principal Name: ccc@AAA.local
 Home Directory:  \a\b
 Home Drive:  B:
 Script Path:  \a
 Profile Path:  \a\e
 User Workstations: CCC
 Password Last Set: <never>
 Account Expires:  2020-02-13 20:03:29 PM
 Primary Group ID: 168
 AllowedToDelegateTo: server_1/coumputer_a
 Old UAC Value:  B6D91E0
 New UAC Value:  0B49B89
 User Account Control: TRUSTED_FOR_DELEGATION - Disabled
 User Parameters: <value changed, but not displayed>
 SID History:  -
 Logon Hours:  Tuesday 8:00 PM -Wednesday 10:00 AM

Additional Information:
 Privileges:  SeLoadDriverPrivilege
","2020-02-13T20:03:29.000+0000",modified,"win:unknown","A User account was changed.

Subject:
 Security ID:  Domain_C\user_n
 Account Name:  user_n
 Account Domain:  Domain_C
 Logon ID:  0x4D76

Target Account:
 Security ID:  Domain_C\user_d
 Account Name:  user_d
 Account Domain:  Domain_C

Changed Attributes:
 SAM Account Name: user_a
 Display Name:  <value not set>
 User Principal Name: ccc@AAA.local
 Home Directory:  \a\b
 Home Drive:  B:
 Script Path:  \a
 Profile Path:  \a\e
 User Workstations: CCC
 Password Last Set: <never>
 Account Expires:  2020-02-13 20:03:29 PM
 Primary Group ID: 168
 AllowedToDelegateTo: server_1/coumputer_a
 Old UAC Value:  B6D91E0
 New UAC Value:  0B49B89
 User Account Control: TRUSTED_FOR_DELEGATION - Disabled
 User Parameters: <value changed, but not displayed>
 SID History:  -
 Logon Hours:  Tuesday 8:00 PM -Wednesday 10:00 AM

Additional Information:
 Privileges:  SeLoadDriverPrivilege",,"User Account Management",user,,,20,13,3,february,29,thursday,2020,local,"BUSDEV-008",,,,,,,,,false,,,,"Domain_C","BUSDEV-008",,untrust,,false,false,false,,"BUSDEV-008",,,,,,,,,false,,,,"BUSDEV-008",,untrust,,false,false,false,,928553651,"windows_account_management windows_account_modified wineventlog_security wineventlog_windows winsec","BUSDEV-008",928553651,,main,,,,47,,,"user_n
user_d","Domain_C\user_n
Domain_C\user_d","Domain_C\",,"A user account was changed",,WinEventLog,user,,,,"Load and unload device drivers",SeLoadDriverPrivilege,,Windows,,,"//_::_==___.====-=__===_=____.:__:__\__:____:____:",,,,0x4D76,informational,0,,,"A user account was changed",4738,"WinEventLog:Security",WinEventLog,"prd-p-g7nxxbgc3hgl",,,,,,,,,,,,,,,"Domain_C",,,,,,,,,,"user_n",,,,,,,,,,,,,,,,,false,,,,,success,,"A user account was changed",failure,"Account Management",,"account
change
management
modify
os
security
windows",,,,,,,,,"account
change
management
modify
os
security
windows",,,,,,,,,,,,,,,22,0,,"user_d",,,,,,168,,,,,,,,,,,,,false,,,,,Microsoft,SeLoadDriverPrivilege,
,"Domain_E",,"user_m
user_d",,,,,,,,"COREDEV-001",,,,,,,"Account Management",,,,,,,,"COREDEV-001",,,,,,,,,"-",4740,"A user account was locked out",0,,,,,,,,,,,,,,,,,"Audit Success",,,,,Security,,,,,0x46BA,,,,,,,,,"A user account was locked out. 
Subject: 
	Security ID: Domain_E\user_m 
	Account Name: user_m
	Account Domain: Domain_E
	Logon ID: 0x46BA
Account That Was Locked Out: 
	Security ID: Domain_E\user_d 
	Account Name: user_d
Additional Information: 
	Caller Computer Name: COREDEV-001",,,,,,,,,,,,,,,Info,,,,,,,,,,,,,,,,502304300,,,,,,"Domain_E\user_m
Domain_E\user_d",,,"Microsoft Windows security auditing.",,,,,,,,,,,,,,,,,,,"User Account Management",,,,,Information,,,,,,,,,,,,"02/13/2020 08:03:28 PM 
LogName=Security 
SourceName=Microsoft Windows security auditing.
EventCode=4740 
EventType=0 
Type=Information
ComputerName=COREDEV-001 
TaskCategory=User Account Management
OpCode=Info 
RecordNumber=502304300
Keywords=Audit Success
Message=A user account was locked out. 
Subject: 
	Security ID: Domain_E\user_m 
	Account Name: user_m
	Account Domain: Domain_E
	Logon ID: 0x46BA
Account That Was Locked Out: 
	Security ID: Domain_E\user_d 
	Account Name: user_d
Additional Information: 
	Caller Computer Name: COREDEV-001
","2020-02-13T20:03:28.000+0000",modified,"win:unknown","A user account was locked out. 
Subject: 
	Security ID: Domain_E\user_m 
	Account Name: user_m
	Account Domain: Domain_E
	Logon ID: 0x46BA
Account That Was Locked Out: 
	Security ID: Domain_E\user_d 
	Account Name: user_d
Additional Information: 
	Caller Computer Name: COREDEV-001",,"User Account Management",user,,,20,13,3,february,28,thursday,2020,local,"COREDEV-001",,,,,,,,,false,,,,"Domain_E","COREDEV-001",,untrust,,false,false,false,,"COREDEV-001",,,,,,,,,false,,,,"COREDEV-001 ",,untrust,,false,false,false,,502304300,"windows_account_lockout windows_account_management wineventlog_security wineventlog_windows winsec","COREDEV-001 ",502304300,,main,,,,23,,,"user_m
user_d","Domain_E\user_m
Domain_E\user_d","Domain_E\","locked out","A user account was locked out",,WinEventLog,user,,,,,,,Windows,,,"//_::__=_=___.=_=_==-_=__=_==_=_____._:_t_:_\_t_:_",,,lockout,0x46BA,informational,0,,,"A user account was locked out",4740,"WinEventLog:Security",WinEventLog,"prd-p-g7nxxbgc3hgl",,,,,,,,,,,,,,,"Domain_E\user_m
Domain_E","COREDEV-001",,,,,,,,,"user_m",,,,,,,,,,,,,,,,,false,,,,,success,,"A user account was locked out",failure,"Account Management",,"account
change
lock
lockout
management
os
security
windows",,,,,,,,,"account
change
lock
lockout
management
os
security
windows",,,,,,,,,,,,,,,22,0,,"user_d",,,,,,,,,,,,,,,,,,,false,,,,,Microsoft,,
,"Domain_C
Domain_C","2020-02-13 20:03:28 PM","user_e
user_n",,,,"-",,,,,,,,,,,"Account Management",,,,,,,,"SE-004",,,eee,,,,,,"-",4738,"A user account was changed",0,,,,,,,,"\a\b","C:",,,,,,,,"Audit Success",,,,,Security,,,,"Tuesday 8:00 PM -Wednesday 10:00 AM",0x0452,,,,"SAM Account Name: user_c
 Display Name:  eee
 User Principal Name: -
 Home Directory:  \a\b
 Home Drive:  C:
 Script Path:  \f
 Profile Path:  \a
 User Workstations: EEE
 Password Last Set: 2020-02-13 20:03:28 PM
 Account Expires:  2020-02-13 20:03:28 PM
 Primary Group ID: 1
 AllowedToDelegateTo: -
 Old UAC Value:  6B55DA1
 New UAC Value:  DD37A68
 User Account Control: NOT_DELEGATED - Enabled
 User Parameters: <value changed, but not displayed>
 SID History:  Domain_b/bbb
 Logon Hours:  Tuesday 8:00 PM -Wednesday 10:00 AM",,,,,"A User account was changed.

Subject:
 Security ID:  Domain_C\user_e
 Account Name:  user_e
 Account Domain:  Domain_C
 Logon ID:  0x0452

Target Account:
 Security ID:  Domain_C\user_n
 Account Name:  user_n
 Account Domain:  Domain_C

Changed Attributes:
 SAM Account Name: user_c
 Display Name:  eee
 User Principal Name: -
 Home Directory:  \a\b
 Home Drive:  C:
 Script Path:  \f
 Profile Path:  \a
 User Workstations: EEE
 Password Last Set: 2020-02-13 20:03:28 PM
 Account Expires:  2020-02-13 20:03:28 PM
 Primary Group ID: 1
 AllowedToDelegateTo: -
 Old UAC Value:  6B55DA1
 New UAC Value:  DD37A68
 User Account Control: NOT_DELEGATED - Enabled
 User Parameters: <value changed, but not displayed>
 SID History:  Domain_b/bbb
 Logon Hours:  Tuesday 8:00 PM -Wednesday 10:00 AM

Additional Information:
 Privileges:  -",,,,,,,,,,,,DD37A68,,6B55DA1,Info,,,,"2020-02-13 20:03:28 PM",,,,1,,,"-",,,"\a",,349974068,,,"user_c","Domain_b/bbb","\f","Domain_C\user_e
Domain_C\user_n",,,"Microsoft Windows security auditing.",,,,,,,,,,,,,,,,,,,"User Account Management",,,,,Information,,"NOT_DELEGATED - Enabled",,,"<value changed, but not displayed>","-",EEE,,,,,"02/13/2020 08:03:28 PM
LogName=Security
SourceName=Microsoft Windows security auditing.
EventCode=4738
EventType=0
Type=Information
ComputerName=SE-004
TaskCategory=User Account Management
OpCode=Info
RecordNumber=349974068
Keywords=Audit Success
Message=A User account was changed.

Subject:
 Security ID:  Domain_C\user_e
 Account Name:  user_e
 Account Domain:  Domain_C
 Logon ID:  0x0452

Target Account:
 Security ID:  Domain_C\user_n
 Account Name:  user_n
 Account Domain:  Domain_C

Changed Attributes:
 SAM Account Name: user_c
 Display Name:  eee
 User Principal Name: -
 Home Directory:  \a\b
 Home Drive:  C:
 Script Path:  \f
 Profile Path:  \a
 User Workstations: EEE
 Password Last Set: 2020-02-13 20:03:28 PM
 Account Expires:  2020-02-13 20:03:28 PM
 Primary Group ID: 1
 AllowedToDelegateTo: -
 Old UAC Value:  6B55DA1
 New UAC Value:  DD37A68
 User Account Control: NOT_DELEGATED - Enabled
 User Parameters: <value changed, but not displayed>
 SID History:  Domain_b/bbb
 Logon Hours:  Tuesday 8:00 PM -Wednesday 10:00 AM

Additional Information:
 Privileges:  -
","2020-02-13T20:03:28.000+0000",modified,"win:unknown","A User account was changed.

Subject:
 Security ID:  Domain_C\user_e
 Account Name:  user_e
 Account Domain:  Domain_C
 Logon ID:  0x0452

Target Account:
 Security ID:  Domain_C\user_n
 Account Name:  user_n
 Account Domain:  Domain_C

Changed Attributes:
 SAM Account Name: user_c
 Display Name:  eee
 User Principal Name: -
 Home Directory:  \a\b
 Home Drive:  C:
 Script Path:  \f
 Profile Path:  \a
 User Workstations: EEE
 Password Last Set: 2020-02-13 20:03:28 PM
 Account Expires:  2020-02-13 20:03:28 PM
 Primary Group ID: 1
 AllowedToDelegateTo: -
 Old UAC Value:  6B55DA1
 New UAC Value:  DD37A68
 User Account Control: NOT_DELEGATED - Enabled
 User Parameters: <value changed, but not displayed>
 SID History:  Domain_b/bbb
 Logon Hours:  Tuesday 8:00 PM -Wednesday 10:00 AM

Additional Information:
 Privileges:  -",,"User Account Management",user,,,20,13,3,february,28,thursday,2020,local,"SE-004",,,,,,,,,false,,,,"Domain_C","SE-004",,untrust,,false,false,false,,"SE-004",,,,,,,,,false,,,,"SE-004",,untrust,,false,false,false,,349974068,"windows_account_management windows_account_modified wineventlog_security wineventlog_windows winsec","SE-004",349974068,,main,,,,47,,,"user_e
user_n","Domain_C\user_e
Domain_C\user_n","Domain_C\",,"A user account was changed",,WinEventLog,user,,,,,"-",,Windows,,,"//_::_==___.====-=__===_=____.:__:__\__:____:____:",,,,0x0452,informational,0,,,"A user account was changed",4738,"WinEventLog:Security",WinEventLog,"prd-p-g7nxxbgc3hgl",,,,,,,,,,,,,,,"Domain_C",,,,,,,,,,"user_e",,,,,,,,,,,,,,,,,false,,,,,success,,"A user account was changed",failure,"Account Management",,"account
change
management
modify
os
security
windows",,,,,,,,,"account
change
management
modify
os
security
windows",,,,,,,,,,,,,,,22,0,,"user_n",,,,,,1,,,,,,,,,,,,,false,,,,,Microsoft,"-",
,"Domain_A",,"user_g
user_d",,,,,,,,"BUSDEV-008",,,,,,,"Account Management",,,,,,,,"BUSDEV-008",,,,,,,,,"-",4740,"A user account was locked out",0,,,,,,,,,,,,,,,,,"Audit Success",,,,,Security,,,,,0xEB5F,,,,,,,,,"A user account was locked out. 
Subject: 
	Security ID: Domain_A\user_g 
	Account Name: user_g
	Account Domain: Domain_A
	Logon ID: 0xEB5F
Account That Was Locked Out: 
	Security ID: Domain_A\user_d 
	Account Name: user_d
Additional Information: 
	Caller Computer Name: BUSDEV-008",,,,,,,,,,,,,,,Info,,,,,,,,,,,,,,,,237262267,,,,,,"Domain_A\user_g
Domain_A\user_d",,,"Microsoft Windows security auditing.",,,,,,,,,,,,,,,,,,,"User Account Management",,,,,Information,,,,,,,,,,,,"02/13/2020 08:03:28 PM 
