Subject:
	Security ID:		Domain_D\user_g
	Account Name:		user_g
	Account Domain:		Domain_D
	Logon ID:		0xEB5F

Target Account:
	Security ID:		Domain_D\user_e
	Account Name:		user_e
	Account Domain:		Domain_D

Additional Information:
	Privileges	SeSecurityPrivilege",,"User Account Management",user,,,20,13,3,february,35,thursday,2020,local,"ops-sys-003",,,,,,,,,false,,,,"Domain_D","ops-sys-003",,untrust,,false,false,false,,"ops-sys-003",,,,,,,,,false,,,,"ops-sys-003",,untrust,,false,false,false,,399017352,"windows_account_deleted windows_account_management wineventlog_security wineventlog_windows winsec","ops-sys-003",399017352,,main,,,,27,,,"user_g
user_e","Domain_D\user_g
Domain_D\user_e","Domain_D\",deleted,"A user account was deleted",,WinEventLog,user,,,,,,,Windows,,,"//_::_==___.====--=__===_=____.:t_:tt\t_:ttt_:ttt_",,,,0xEB5F,informational,0,,,"A user account was deleted",4726,"WinEventLog:Security",WinEventLog,"prd-p-g7nxxbgc3hgl",,,,,,,,,,,,,,,"Domain_D",,,,,,,,,,"user_g",,,,,,,,,,,,,,,,,false,,,,,success,,"A user account was deleted",failure,"Account Management",,"account
change
delete
management
os
security
windows",,,,,,,,,"account
change
delete
management
os
security
windows",,,,,,,,,,,,,,,22,0,,"user_e",,,,,,,,,,,,,,,,,,,false,,,,,Microsoft,,
,"Domain_C
Domain_C",,"BUSDEV-005
user_e",,,,,,,Negotiate,,,,,,,,,,,,,,,,"BUSDEV-005",,,,,,,,No,"-",4624,"An account was successfully logged on",0,,,,,,,,,,,Delegation,,,0,,,"Audit Success",0C22,,,,Security,,,"{0887F1E4-39EA-D53C-804F-31D568A06274}",,"0x70E4
0x0452",logonProcess1,2,,,,,,,"An account was successfully logged on.

Subject:
 Security ID:  Domain_C\SYSTEM
 Account Name:  BUSDEV-005
 Account Domain:  Domain_C
 Logon ID:  0x70E4

Logon Information:
 Logon Type:  2
 Restricted Admin Mode: -
 Virtual Account:  Yes
 Elevated Token:  No

Impersonation Level:  Delegation

New Logon:
 Security ID:  Domain_C\user_e
 Account Name:  user_e
 Account Domain:  Domain_C
 Logon ID:  0x0452
 Linked Logon ID:  0C22
 Network Account Name: -
 Network Account Domain: -
 Logon GUID:  {0887F1E4-39EA-D53C-804F-31D568A06274}

Process Information:
 Process ID:  0x7451
 Process Name:  C:\Windows\System32\example_a.exe

Network Information:
 Workstation Name: BUSDEV-005
 Source Network Address: -
 Source Port:  53921

Detailed Authentication Information:
 Logon Process:  logonProcess1 
 Authentication Package: Negotiate
 Transited Services: -
 Package Name (NTLM only): -
 Key Length:  0

This event is generated when a logon session is created. It is generated on the computer that was accessed.

The subject fields indicate the account on the local system which requested the logon. This is most commonly a service such as the Server service, or a local process such as 9C0E9.exe or 9C0E9.exe.

The logon type field indicates the kind of logon that occurred. The most common types are 2 (interactive) and 3 (network).

The New Logon fields indicate the account for whom the new logon was created, i.e. the account that was logged on.

The network fields indicate where a remote logon request originated. Workstation name is not always available and may be left blank in some cases.

The impersonation level field indicates the extent to which a process in the logon session can impersonate.

The authentication information fields provide detailed information about this specific logon request.
 - Logon GUID is a unique identifier that can be used to correlate this event with a KDC event.
 - Transited services indicate which intermediate services have participated in this logon request.
 - Package name indicates which sub-protocol was used among the NTLM protocols.
 - Key length indicates the length of the generated session key. This will be 0 if no session key was requested.",,,,"-","-",,,,,,,,,,Info,,"-",,,,,,,,,,0x7451,"C:\Windows\System32\example_a.exe",,,464407103,"-",,,,,"Domain_C\SYSTEM
Domain_C\user_e",,,"Microsoft Windows security auditing.","-",53921,,,,,,,,,,,,,,,,,Logon,,,,"-",Information,,,,,,,,Yes,,,"BUSDEV-005","02/13/2020 08:03:34 PM
LogName=Security
SourceName= Microsoft Windows security auditing.
EventCode=4624
EventType=0
Type=Information
ComputerName=BUSDEV-005
TaskCategory=Logon
OpCode=Info
RecordNumber=464407103
Keywords=Audit Success
Message=An account was successfully logged on.

Subject:
 Security ID:  Domain_C\SYSTEM
 Account Name:  BUSDEV-005
 Account Domain:  Domain_C
 Logon ID:  0x70E4

Logon Information:
 Logon Type:  2
 Restricted Admin Mode: -
 Virtual Account:  Yes
 Elevated Token:  No

Impersonation Level:  Delegation

New Logon:
 Security ID:  Domain_C\user_e
 Account Name:  user_e
 Account Domain:  Domain_C
 Logon ID:  0x0452
 Linked Logon ID:  0C22
 Network Account Name: -
 Network Account Domain: -
 Logon GUID:  {0887F1E4-39EA-D53C-804F-31D568A06274}

Process Information:
 Process ID:  0x7451
 Process Name:  C:\Windows\System32\example_a.exe

Network Information:
 Workstation Name: BUSDEV-005
 Source Network Address: -
 Source Port:  53921

Detailed Authentication Information:
 Logon Process:  logonProcess1 
 Authentication Package: Negotiate
 Transited Services: -
 Package Name (NTLM only): -
 Key Length:  0

This event is generated when a logon session is created. It is generated on the computer that was accessed.

The subject fields indicate the account on the local system which requested the logon. This is most commonly a service such as the Server service, or a local process such as 9C0E9.exe or 9C0E9.exe.

The logon type field indicates the kind of logon that occurred. The most common types are 2 (interactive) and 3 (network).

The New Logon fields indicate the account for whom the new logon was created, i.e. the account that was logged on.

The network fields indicate where a remote logon request originated. Workstation name is not always available and may be left blank in some cases.

The impersonation level field indicates the extent to which a process in the logon session can impersonate.

The authentication information fields provide detailed information about this specific logon request.
 - Logon GUID is a unique identifier that can be used to correlate this event with a KDC event.
 - Transited services indicate which intermediate services have participated in this logon request.
 - Package name indicates which sub-protocol was used among the NTLM protocols.
 - Key length indicates the length of the generated session key. This will be 0 if no session key was requested.

","2020-02-13T20:03:34.000+0000",success,"win:local","An account was successfully logged on.

Subject:
 Security ID:  Domain_C\SYSTEM
 Account Name:  BUSDEV-005
 Account Domain:  Domain_C
 Logon ID:  0x70E4

Logon Information:
 Logon Type:  2
 Restricted Admin Mode: -
 Virtual Account:  Yes
 Elevated Token:  No

Impersonation Level:  Delegation

New Logon:
 Security ID:  Domain_C\user_e
 Account Name:  user_e
 Account Domain:  Domain_C
 Logon ID:  0x0452
 Linked Logon ID:  0C22
 Network Account Name: -
 Network Account Domain: -
 Logon GUID:  {0887F1E4-39EA-D53C-804F-31D568A06274}

Process Information:
 Process ID:  0x7451
 Process Name:  C:\Windows\System32\example_a.exe

Network Information:
 Workstation Name: BUSDEV-005
 Source Network Address: -
 Source Port:  53921

Detailed Authentication Information:
 Logon Process:  logonProcess1 
 Authentication Package: Negotiate
 Transited Services: -
 Package Name (NTLM only): -
 Key Length:  0

This event is generated when a logon session is created. It is generated on the computer that was accessed.

The subject fields indicate the account on the local system which requested the logon. This is most commonly a service such as the Server service, or a local process such as 9C0E9.exe or 9C0E9.exe.

The logon type field indicates the kind of logon that occurred. The most common types are 2 (interactive) and 3 (network).

The New Logon fields indicate the account for whom the new logon was created, i.e. the account that was logged on.

The network fields indicate where a remote logon request originated. Workstation name is not always available and may be left blank in some cases.

The impersonation level field indicates the extent to which a process in the logon session can impersonate.

The authentication information fields provide detailed information about this specific logon request.
 - Logon GUID is a unique identifier that can be used to correlate this event with a KDC event.
 - Transited services indicate which intermediate services have participated in this logon request.
 - Package name indicates which sub-protocol was used among the NTLM protocols.
 - Key length indicates the length of the generated session key. This will be 0 if no session key was requested.",,Logon,,,,20,13,3,february,34,thursday,2020,local,"BUSDEV-005",,,,,,,,,false,,,,"Domain_C","BUSDEV-005",,untrust,,false,false,false,,"BUSDEV-005",,,,,,,,,false,,,,"BUSDEV-005",,untrust,,false,false,false,,464407103,"windows_logon_success wineventlog_security wineventlog_windows winsec","BUSDEV-005",464407103,,main,,,,72,,,"BUSDEV-005
user_e","Domain_C\SYSTEM
Domain_C\user_e","Domain_C\",,"An account was successfully logged on",,WinEventLog,,,,,,,0x7451,Windows,,,"//_::_==____.====-====_=_____.:__:__\__:__-__:____",,,,0x0452,informational,0,,,"An account was successfully logged on",4624,"WinEventLog:Security",WinEventLog,"prd-p-g7nxxbgc3hgl",,"BUSDEV-005",,,,,,,,,false,,,,"Domain_C","BUSDEV-005",,untrust,53921,,false,,false,false,"BUSDEV-005",,,,,,,,,,,,,,,,,false,,,,,success,,"An account was successfully logged on",failure,,,"authentication
local
os
security
success
windows",,,,success,local,,,,"authentication
os
security
windows",,,,,,,,,,,,,,,22,0,,"user_e",,,,,,,,,,,,,,,,,,,false,,,,,Microsoft,,
,"Domain_E",,"user_g",,,,,,,,,,,,,,,,,,,,,,,"SE-003",,,,,,,,,"-",4672,"Special privileges assigned to new logon",0,,,,,,,,,,,,,,,,,"Audit Success",,,,,Security,,,,,0xEB5F,,,,,,,,,"Special privileges assigned to new logon.
Subject:
	Security ID:		Domain_E\user_g
	Account Name:		user_g
	Account Domain:		Domain_E
	Logon ID:		0xEB5F
Privileges:	SeSecurityPrivilege
			SeTakeOwnershipPrivilege
			SeLoadDriverPrivilege
			SeBackupPrivilege
			SeRestorePrivilege
			SeDebugPrivilege
			SeSystemEnvironmentPrivilege
			SeImpersonatePrivilege",,,,,,,,,,,,,,,Info,,,,,,,,,,,SeSecurityPrivilege,,,,,912752473,,,,,,"Domain_E\user_g",,,"Microsoft Windows security auditing.",,,,,,,,,,,,,,,,,,,"Special Logon",,,,,Information,,,,,,,,,,,,"02/13/2020 08:03:34 PM
LogName=Security
SourceName=Microsoft Windows security auditing.
EventCode=4672
EventType=0
Type=Information
ComputerName=SE-003
TaskCategory=Special Logon
OpCode=Info
RecordNumber=912752473
Keywords=Audit Success
Message=Special privileges assigned to new logon.
Subject:
	Security ID:		Domain_E\user_g
	Account Name:		user_g
	Account Domain:		Domain_E
	Logon ID:		0xEB5F
Privileges:	SeSecurityPrivilege
			SeTakeOwnershipPrivilege
			SeLoadDriverPrivilege
			SeBackupPrivilege
			SeRestorePrivilege
			SeDebugPrivilege
			SeSystemEnvironmentPrivilege
			SeImpersonatePrivilege
","2020-02-13T20:03:34.000+0000",success,"win:unknown","Special privileges assigned to new logon.
Subject:
	Security ID:		Domain_E\user_g
	Account Name:		user_g
	Account Domain:		Domain_E
	Logon ID:		0xEB5F
Privileges:	SeSecurityPrivilege
			SeTakeOwnershipPrivilege
			SeLoadDriverPrivilege
			SeBackupPrivilege
			SeRestorePrivilege
			SeDebugPrivilege
			SeSystemEnvironmentPrivilege
			SeImpersonatePrivilege",,"Special Logon",,,,20,13,3,february,34,thursday,2020,local,"SE-003",,,,,,,,,false,,,,"Domain_E","SE-003",,untrust,,false,false,false,,"SE-003",,,,,,,,,false,,,,"SE-003",,untrust,,false,false,false,,912752473,"windows_special_privileges wineventlog_security wineventlog_windows winsec","SE-003",912752473,,main,,,,26,,,"user_g","Domain_E\user_g","Domain_E\",,"Special privileges assigned to new logon",,WinEventLog,,,,,"Manage auditing and security log
Take ownership of files or other objects
Load and unload device drivers
Back up files and directories
Restore files and directories
Debug programs
Modify firmware environment values
Impersonate a Client After Authentication","SeSecurityPrivilege
SeTakeOwnershipPrivilege
SeLoadDriverPrivilege
SeBackupPrivilege
SeRestorePrivilege
SeDebugPrivilege
SeSystemEnvironmentPrivilege
SeImpersonatePrivilege",,Windows,,,"//_::_==___.====-=_===_=_____.:t_:tt\t_:ttt_:ttt_:",,,,0xEB5F,informational,0,,,"Special privileges assigned to new logon",4672,"WinEventLog:Security",WinEventLog,"prd-p-g7nxxbgc3hgl",,,,,,,,,,,,,,,"Domain_E",,,,,,,,,,,,,,,,,,,,,,,,,,,,,,,,success,,"Special privileges assigned to new logon",failure,,,"audit
authentication
os
privileged
security
success
windows",,,,success,,,,,"authentication
os
privileged
security
windows",,audit,,,,,,,,,,,,,22,0,,"user_g",,,,,,,,,,,,,,,,,,,false,,,,,Microsoft,"SeSecurityPrivilege
			SeTakeOwnershipPrivilege
			SeLoadDriverPrivilege
			SeBackupPrivilege
			SeRestorePrivilege
			SeDebugPrivilege
			SeSystemEnvironmentPrivilege
			SeImpersonatePrivilege",
,"Domain_A",,"user_f",,,,,,,,,,,,,,,,,,,,,,,"PROD-MFS-002",,,,,,,,,"-",4672,"Special privileges assigned to new logon",0,,,,,,,,,,,,,,,,,"Audit Success",,,,,Security,,,,,0xA369,,,,,,,,,"Special privileges assigned to new logon.
Subject:
	Security ID:		Domain_A\user_f
	Account Name:		user_f
	Account Domain:		Domain_A
	Logon ID:		0xA369
Privileges:	SeSecurityPrivilege
			SeTakeOwnershipPrivilege
			SeLoadDriverPrivilege
			SeBackupPrivilege
			SeRestorePrivilege
			SeDebugPrivilege
			SeSystemEnvironmentPrivilege
			SeImpersonatePrivilege",,,,,,,,,,,,,,,Info,,,,,,,,,,,SeSecurityPrivilege,,,,,886079122,,,,,,"Domain_A\user_f",,,"Microsoft Windows security auditing.",,,,,,,,,,,,,,,,,,,"Special Logon",,,,,Information,,,,,,,,,,,,"02/13/2020 08:03:34 PM
LogName=Security
SourceName=Microsoft Windows security auditing.
EventCode=4672
EventType=0
Type=Information
ComputerName=PROD-MFS-002
TaskCategory=Special Logon
OpCode=Info
RecordNumber=886079122
Keywords=Audit Success
Message=Special privileges assigned to new logon.
Subject:
	Security ID:		Domain_A\user_f
	Account Name:		user_f
	Account Domain:		Domain_A
	Logon ID:		0xA369
Privileges:	SeSecurityPrivilege
			SeTakeOwnershipPrivilege
			SeLoadDriverPrivilege
			SeBackupPrivilege
			SeRestorePrivilege
			SeDebugPrivilege
			SeSystemEnvironmentPrivilege
			SeImpersonatePrivilege
","2020-02-13T20:03:34.000+0000",success,"win:unknown","Special privileges assigned to new logon.
Subject:
	Security ID:		Domain_A\user_f
	Account Name:		user_f
	Account Domain:		Domain_A
	Logon ID:		0xA369
Privileges:	SeSecurityPrivilege
			SeTakeOwnershipPrivilege
			SeLoadDriverPrivilege
			SeBackupPrivilege
			SeRestorePrivilege
			SeDebugPrivilege
			SeSystemEnvironmentPrivilege
			SeImpersonatePrivilege",,"Special Logon",,,,20,13,3,february,34,thursday,2020,local,"PROD-MFS-002",,,,,,,,,false,,,,"Domain_A","PROD-MFS-002",,untrust,,false,false,false,,"PROD-MFS-002",,,,,,,,,false,,,,"PROD-MFS-002",,untrust,,false,false,false,,886079122,"windows_special_privileges wineventlog_security wineventlog_windows winsec","PROD-MFS-002",886079122,,main,,,,26,,,"user_f","Domain_A\user_f","Domain_A\",,"Special privileges assigned to new logon",,WinEventLog,,,,,"Manage auditing and security log
Take ownership of files or other objects
Load and unload device drivers
Back up files and directories
Restore files and directories
Debug programs
Modify firmware environment values
Impersonate a Client After Authentication","SeSecurityPrivilege
SeTakeOwnershipPrivilege
SeLoadDriverPrivilege
SeBackupPrivilege
SeRestorePrivilege
SeDebugPrivilege
SeSystemEnvironmentPrivilege
SeImpersonatePrivilege",,Windows,,,"//_::_==___.====--=_===_=_____.:t_:tt\t_:ttt_:ttt_",,,,0xA369,informational,0,,,"Special privileges assigned to new logon",4672,"WinEventLog:Security",WinEventLog,"prd-p-g7nxxbgc3hgl",,,,,,,,,,,,,,,"Domain_A",,,,,,,,,,,,,,,,,,,,,,,,,,,,,,,,success,,"Special privileges assigned to new logon",failure,,,"audit
authentication
os
privileged
security
success
windows",,,,success,,,,,"authentication
os
privileged
security
windows",,audit,,,,,,,,,,,,,22,0,,"user_f",,,,,,,,,,,,,,,,,,,false,,,,,Microsoft,"SeSecurityPrivilege
			SeTakeOwnershipPrivilege
			SeLoadDriverPrivilege
			SeBackupPrivilege
			SeRestorePrivilege
			SeDebugPrivilege
			SeSystemEnvironmentPrivilege
			SeImpersonatePrivilege",
,"Domain_C",,"user_a",,,,,,,,,,,,,,,,,,,,,,,"BUSDEV-001",,,,,,,,,"-",4672,"Special privileges assigned to new logon",0,,,,,,,,,,,,,,,,,"Audit Success",,,,,Security,,,,,0x6C10,,,,,,,,,"Special privileges assigned to new logon.
Subject:
	Security ID:		Domain_C\user_a
	Account Name:		user_a
	Account Domain:		Domain_C
	Logon ID:		0x6C10
Privileges:	SeSecurityPrivilege
			SeTakeOwnershipPrivilege
			SeLoadDriverPrivilege
			SeBackupPrivilege
			SeRestorePrivilege
			SeDebugPrivilege
			SeSystemEnvironmentPrivilege
			SeImpersonatePrivilege",,,,,,,,,,,,,,,Info,,,,,,,,,,,SeSecurityPrivilege,,,,,559890370,,,,,,"Domain_C\user_a",,,"Microsoft Windows security auditing.",,,,,,,,,,,,,,,,,,,"Special Logon",,,,,Information,,,,,,,,,,,,"02/13/2020 08:03:34 PM
LogName=Security
SourceName=Microsoft Windows security auditing.
EventCode=4672
EventType=0
Type=Information
ComputerName=BUSDEV-001
TaskCategory=Special Logon
OpCode=Info
RecordNumber=559890370
Keywords=Audit Success
Message=Special privileges assigned to new logon.
Subject:
	Security ID:		Domain_C\user_a
	Account Name:		user_a
	Account Domain:		Domain_C
	Logon ID:		0x6C10
Privileges:	SeSecurityPrivilege
			SeTakeOwnershipPrivilege
			SeLoadDriverPrivilege
			SeBackupPrivilege
			SeRestorePrivilege
			SeDebugPrivilege
			SeSystemEnvironmentPrivilege
			SeImpersonatePrivilege
","2020-02-13T20:03:34.000+0000",success,"win:unknown","Special privileges assigned to new logon.
Subject:
	Security ID:		Domain_C\user_a
	Account Name:		user_a
	Account Domain:		Domain_C
	Logon ID:		0x6C10
Privileges:	SeSecurityPrivilege
			SeTakeOwnershipPrivilege
			SeLoadDriverPrivilege
			SeBackupPrivilege
			SeRestorePrivilege
			SeDebugPrivilege
			SeSystemEnvironmentPrivilege
			SeImpersonatePrivilege",,"Special Logon",,,,20,13,3,february,34,thursday,2020,local,"BUSDEV-001",,,,,,,,,false,,,,"Domain_C","BUSDEV-001",,untrust,,false,false,false,,"BUSDEV-001",,,,,,,,,false,,,,"BUSDEV-001",,untrust,,false,false,false,,559890370,"windows_special_privileges wineventlog_security wineventlog_windows winsec","BUSDEV-001",559890370,,main,,,,26,,,"user_a","Domain_C\user_a","Domain_C\",,"Special privileges assigned to new logon",,WinEventLog,,,,,"Manage auditing and security log
Take ownership of files or other objects
Load and unload device drivers
Back up files and directories
Restore files and directories
Debug programs
Modify firmware environment values
Impersonate a Client After Authentication","SeSecurityPrivilege
SeTakeOwnershipPrivilege
SeLoadDriverPrivilege
SeBackupPrivilege
SeRestorePrivilege
SeDebugPrivilege
SeSystemEnvironmentPrivilege
SeImpersonatePrivilege",,Windows,,,"//_::_==___.====-=_===_=_____.:t_:tt\t_:ttt_:ttt_:",,,,0x6C10,informational,0,,,"Special privileges assigned to new logon",4672,"WinEventLog:Security",WinEventLog,"prd-p-g7nxxbgc3hgl",,,,,,,,,,,,,,,"Domain_C",,,,,,,,,,,,,,,,,,,,,,,,,,,,,,,,success,,"Special privileges assigned to new logon",failure,,,"audit
authentication
os
privileged
security
success
windows",,,,success,,,,,"authentication
os
privileged
security
windows",,audit,,,,,,,,,,,,,22,0,,"user_a",,,,,,,,,,,,,,,,,,,false,,,,,Microsoft,"SeSecurityPrivilege
			SeTakeOwnershipPrivilege
			SeLoadDriverPrivilege
			SeBackupPrivilege
			SeRestorePrivilege
			SeDebugPrivilege
			SeSystemEnvironmentPrivilege
			SeImpersonatePrivilege",
,,,,,,,,,,"MICROSOFT_AUTHENTICATION_PACKAGE_V1_0",,,,,,,,,,,,,,,,"HOST-004",,,,,,,,,0xC000006D,4776,"The domain controller attempted to validate the credentials for an account",0,,,,,,,,,,,,,,,,,"Failure Audit",,,,,Security,,"user_i",,,,,,,,,,,,"The computer attempted to validate the credentials for an account.
Authentication Package: MICROSOFT_AUTHENTICATION_PACKAGE_V1_0
Logon Account: user_i
Source Workstation: HOST-004
Error Code: 0xC000006D",,,,,,,,,,,,,,,Info,,,,,,,,,,,,,,,,591629768,,,,,,,,,"Microsoft Windows security auditing.",,,"HOST-004",,,,,,,,,,,,,,,,"Credential Validation",,,,,Information,,,,,,,,,,,,"02/13/2020 08:03:34 PM
LogName=Security
SourceName=Microsoft Windows security auditing.
EventCode=4776
EventType=0
Type=Information
ComputerName=HOST-004
TaskCategory=Credential Validation
OpCode=Info
RecordNumber=591629768
Keywords=Failure Audit
Message=The computer attempted to validate the credentials for an account.
Authentication Package: MICROSOFT_AUTHENTICATION_PACKAGE_V1_0
Logon Account: user_i
Source Workstation: HOST-004
Error Code: 0xC000006D
","2020-02-13T20:03:34.000+0000",failure,"win:unknown","The computer attempted to validate the credentials for an account.
Authentication Package: MICROSOFT_AUTHENTICATION_PACKAGE_V1_0
Logon Account: user_i
Source Workstation: HOST-004
Error Code: 0xC000006D",,"Credential Validation",,,,20,13,3,february,34,thursday,2020,local,"HOST-004",,,,,,,,,false,,,,,"HOST-004",,untrust,,false,false,false,,"HOST-004",,,,,,,,,false,,,,"HOST-004",,untrust,,false,false,false,,591629768,"err0r nix_errors windows_account_used4logon wineventlog_security wineventlog_windows winsec","HOST-004",591629768,,main,,,,17,,,,,,,"The domain controller attempted to validate the credentials for an account",,WinEventLog,,,,,,,,Windows,,,"//_::_==___.====-=_===_=_________._:__:__:_-_:_",,,,,informational,0,,,"The domain controller attempted to validate the credentials for an account",4776,"WinEventLog:Security",WinEventLog,"prd-p-g7nxxbgc3hgl",,"HOST-004",,,,,,,,,false,,,,,"HOST-004",,untrust,,,false,,false,false,,,,,,,,,,,,,,,,,,,,,,,failure,,"The domain controller attempted to validate the credentials for an account",failure,,,"authentication
error
failure
os
security
windows",,,,failure,,,,,"authentication
error
os
security
windows",,,,,,,,,,,,,,,22,0,,"user_i",,,,,,,,,,,,,,,,,,,false,,,,,Microsoft,,
SeBatchLogonRight,"Domain_A",,"COREDEV-005
Domain_A\user_j",,,,,,,,,,,,,,,,,,,,,,,"COREDEV-005",,,,,,,,,"-",4717,"System security access was granted to an account",0,,,,,,,,,,,,,,,,,"Audit Success",,,,,Security,,,,,0xB111,,,,,,,,,"System security access was granted to an account.

Subject:
	Security ID:		Domain_A\SYSTEM
	Account Name:		COREDEV-005
	Account Domain:		Domain_A
	Logon ID:		0xB111

Account Modified:
	Account Name:		Domain_A\user_j

Access Granted:
	Access Right:		SeBatchLogonRight",,,,,,,,,,,,,,,Info,,,,,,,,,,,,,,,,529392760,,,,,,"Domain_A\SYSTEM",,,"Microsoft Windows security auditing.",,,,,,,,,,,,,,,,,,,"Authentication Policy Change",,,,,Information,,,,,,,,,,,,"02/13/2020 08:03:33 PM
LogName=Security
SourceName=Microsoft Windows security auditing.
EventCode=4717
EventType=0
Type=Information
ComputerName=COREDEV-005
TaskCategory=Authentication Policy Change
OpCode=Info
RecordNumber=529392760
Keywords=Audit Success
Message=System security access was granted to an account.

Subject:
	Security ID:		Domain_A\SYSTEM
	Account Name:		COREDEV-005
	Account Domain:		Domain_A
	Logon ID:		0xB111

Account Modified:
	Account Name:		Domain_A\user_j

Access Granted:
	Access Right:		SeBatchLogonRight
","2020-02-13T20:03:33.000+0000",success,"win:unknown","System security access was granted to an account.

Subject:
	Security ID:		Domain_A\SYSTEM
	Account Name:		COREDEV-005
	Account Domain:		Domain_A
	Logon ID:		0xB111

Account Modified:
	Account Name:		Domain_A\user_j

Access Granted:
	Access Right:		SeBatchLogonRight",,"Authentication Policy Change",,,,20,13,3,february,33,thursday,2020,local,"COREDEV-005",,,,,,,,,false,,,,"Domain_A","COREDEV-005",,untrust,,false,false,false,,"COREDEV-005",,,,,,,,,false,,,,"COREDEV-005",,untrust,,false,false,false,,529392760,"windows_security_access_granted wineventlog_security wineventlog_windows winsec","COREDEV-005",529392760,,main,,,,25,,,"COREDEV-005
Domain_A\user_j","Domain_A\SYSTEM","Domain_A\",,"System security access was granted to an account",,WinEventLog,,,,,,,,Windows,,,"//_::_==___.====-=__===_=_______.:t_:tt\t_:tt-t_:t",,,,0xB111,informational,0,,,"System security access was granted to an account",4717,"WinEventLog:Security",WinEventLog,"prd-p-g7nxxbgc3hgl",,,,,,,,,,,,,,,"Domain_A",,,,,,,,,,"COREDEV-005",,,,,,,,,,,,,,,,,false,,,,,success,,"System security access was granted to an account",failure,,,"access
account
add
authorization
change
os
security
success
windows",,,,success,,,,,"access
account
add
authorization
change
os
security
windows",,,,,,,,,,,,,,,22,0,,"Domain_A\user_j",,,,,,,,,,,,,,,,,,,false,,,,,Microsoft,,
,"Domain_B",,"user_m",,,,,,,,,,,,,,,,,,,,,,,"BUSDEV-006",,,,,,,,,"-",4673,"A privileged service was called",0,,,,,,,,,,,,,,,,,"Audit Success",,,,,Security,,,,,0x46BA,,,,,,,,,"A privileged service was called.

Subject:
	Security ID:		Domain_B\user_m
	Account Name:		user_m
	Account Domain:		Domain_B
	Logon ID:		0x46BA

Service:
	Server:	NT Local Security Authority / Authentication Service
	Service Name:	LsaRegisterLogonProcess()

Process:
	Process ID:	0x5B54
	Process Name:	C:\Windows\System32\example_g.exe

Service Request Information:
	Privileges:		SeBackupPrivilege",,,,,,,,,,,,,,,Info,,,,,,,,,,,SeBackupPrivilege,0x5B54,"C:\Windows\System32\example_g.exe",,,555561890,,,,,,"Domain_B\user_m","NT Local Security Authority / Authentication Service","LsaRegisterLogonProcess()","Microsoft Windows security auditing.",,,,,,,,,,,,,,,,,,,"Sensitive Privilege Use",,,,,Information,,,,,,,,,,,,"02/13/2020 08:03:33 PM
LogName=Security
SourceName=Microsoft Windows security auditing.
EventCode=4673
EventType=0
Type=Information
ComputerName=BUSDEV-006
TaskCategory=Sensitive Privilege Use
OpCode=Info
RecordNumber=555561890
Keywords=Audit Success
Message=A privileged service was called.

Subject:
	Security ID:		Domain_B\user_m
	Account Name:		user_m
	Account Domain:		Domain_B
	Logon ID:		0x46BA

Service:
	Server:	NT Local Security Authority / Authentication Service
	Service Name:	LsaRegisterLogonProcess()

Process:
	Process ID:	0x5B54
	Process Name:	C:\Windows\System32\example_g.exe

Service Request Information:
	Privileges:		SeBackupPrivilege
","2020-02-13T20:03:33.000+0000",success,"win:unknown","A privileged service was called.

Subject:
	Security ID:		Domain_B\user_m
	Account Name:		user_m
	Account Domain:		Domain_B
	Logon ID:		0x46BA

Service:
	Server:	NT Local Security Authority / Authentication Service
	Service Name:	LsaRegisterLogonProcess()

Process:
	Process ID:	0x5B54
	Process Name:	C:\Windows\System32\example_g.exe

Service Request Information:
	Privileges:		SeBackupPrivilege",,"Sensitive Privilege Use",,,,20,13,3,february,33,thursday,2020,local,"BUSDEV-006",,,,,,,,,false,,,,"Domain_B","BUSDEV-006",,untrust,,false,false,false,,"BUSDEV-006",,,,,,,,,false,,,,"BUSDEV-006",,untrust,,false,false,false,,555561890,"windows_privileged_service_call wineventlog_security wineventlog_windows winsec","BUSDEV-006",555561890,,main,,,,30,,,"user_m","Domain_B\user_m","Domain_B\",,"A privileged service was called",,WinEventLog,,,,,"Back up files and directories",SeBackupPrivilege,,Windows,,,"//_::_==___.====-=__===_=____.:t_:tt\t_:ttt_:ttt_:",,,,0x46BA,informational,0,,,"A privileged service was called",4673,"WinEventLog:Security",WinEventLog,"prd-p-g7nxxbgc3hgl",,,,,,,,,,,,,,,"Domain_B",,,,,,,,,,,,,,,,,,,,,,,,,,,,,,,,success,,"A privileged service was called",failure,,,"execute
os
privileged
process
security
start
success
windows",,,,success,,,,,"execute
os
privileged
process
security
start
windows",,,,,,,,,,,,,,,22,0,,"user_m",,,,,,,,,,,,,,,,,,,false,,,,,Microsoft,SeBackupPrivilege,
SeRemoteInteractiveLogonRight,"Domain_B",,"PROD-POS-005
Domain_B\user_j",,,,,,,,,,,,,,,,,,,,,,,"PROD-POS-005",,,,,,,,,"-",4717,"System security access was granted to an account",0,,,,,,,,,,,,,,,,,"Audit Success",,,,,Security,,,,,0xB111,,,,,,,,,"System security access was granted to an account.

Subject:
	Security ID:		Domain_B\SYSTEM
	Account Name:		PROD-POS-005
	Account Domain:		Domain_B
	Logon ID:		0xB111

Account Modified:
	Account Name:		Domain_B\user_j

Access Granted:
	Access Right:		SeRemoteInteractiveLogonRight",,,,,,,,,,,,,,,Info,,,,,,,,,,,,,,,,498540339,,,,,,"Domain_B\SYSTEM",,,"Microsoft Windows security auditing.",,,,,,,,,,,,,,,,,,,"Authentication Policy Change",,,,,Information,,,,,,,,,,,,"02/13/2020 08:03:33 PM
LogName=Security
SourceName=Microsoft Windows security auditing.
EventCode=4717
EventType=0
Type=Information
ComputerName=PROD-POS-005
TaskCategory=Authentication Policy Change
OpCode=Info
RecordNumber=498540339
Keywords=Audit Success
Message=System security access was granted to an account.

Subject:
	Security ID:		Domain_B\SYSTEM
	Account Name:		PROD-POS-005
	Account Domain:		Domain_B
	Logon ID:		0xB111

Account Modified:
	Account Name:		Domain_B\user_j

Access Granted:
	Access Right:		SeRemoteInteractiveLogonRight
","2020-02-13T20:03:33.000+0000",success,"win:unknown","System security access was granted to an account.

Subject:
	Security ID:		Domain_B\SYSTEM
	Account Name:		PROD-POS-005
	Account Domain:		Domain_B
	Logon ID:		0xB111

Account Modified:
	Account Name:		Domain_B\user_j

Access Granted:
	Access Right:		SeRemoteInteractiveLogonRight",,"Authentication Policy Change",,,,20,13,3,february,33,thursday,2020,local,"PROD-POS-005",,,,,,,,,false,,,,"Domain_B","PROD-POS-005",,untrust,,false,false,false,,"PROD-POS-005",,,,,,,,,false,,,,"PROD-POS-005",,untrust,,false,false,false,,498540339,"windows_security_access_granted wineventlog_security wineventlog_windows winsec","PROD-POS-005",498540339,,main,,,,25,,,"PROD-POS-005
Domain_B\user_j","Domain_B\SYSTEM","Domain_B\",,"System security access was granted to an account",,WinEventLog,,,,,,,,Windows,,,"//_::_==___.====--=__===_=_______.:t_:tt\t_:tt--t_",,,,0xB111,informational,0,,,"System security access was granted to an account",4717,"WinEventLog:Security",WinEventLog,"prd-p-g7nxxbgc3hgl",,,,,,,,,,,,,,,"Domain_B",,,,,,,,,,"PROD-POS-005",,,,,,,,,,,,,,,,,false,,,,,success,,"System security access was granted to an account",failure,,,"access
account
add
authorization
change
os
security
success
windows",,,,success,,,,,"access
account
add
authorization
change
os
security
windows",,,,,,,,,,,,,,,22,0,,"Domain_B\user_j",,,,,,,,,,,,,,,,,,,false,,,,,Microsoft,,
,"Domain_B
Domain_B",,"HOST-002
ChantelHorsman4",,"Server_A.com",,,,,,,,,,,,,,,,,,,,,"HOST-002",,,,,,,,,"-",4648,"A logon was attempted using explicit credentials",0,,,,,,,,,,,,,,,,,"Audit Success",,,,,Security,,,"{0887F1E4-39EA-D53C-804F-31D568A06274}
{27C4A2F2-13CA-AA25-E903-D31268740239}",,0x70E4,,,,,,,,,"A logon was attempted using explicit credentials.
Subject:
	Security ID:  Domain_B\SYSTEM
	Account Name:  HOST-002
	Account Domain:  Domain_B
	Logon ID:  0x70E4
	Logon GUID:		{0887F1E4-39EA-D53C-804F-31D568A06274}
Account Whose Credentials Were Used:
	Account Name:		ChantelHorsman4
	Account Domain:		Domain_B
	Logon GUID:		{27C4A2F2-13CA-AA25-E903-D31268740239}
Target Server:
	Target Server Name:	Server_A.com
	Additional Information:	Server_A.com
Process Information:
	Process ID:		BAF7
	Process Name:		C:\Windows\System32\example_d.exe
Network Information:
	Network Address:	224.87.88.172
	Port:			8855
This event is generated when a process attempts to log on an account by explicitly specifying that account's credentials. This most commonly occurs in batch-type configurations such as scheduled tasks, or when using the RUNAS command.",,,,,,"224.87.88.172",,,,,,,,,Info,,,,,,8855,,,,,,BAF7,"C:\Windows\System32\example_d.exe",,,613105696,,,,,,"Domain_B\SYSTEM",,,"Microsoft Windows security auditing.",,,,,,,,,,,,,,,,,"Server_A.com",,Logon,,,,,Information,,,,,,,,,,,,"02/13/2020 08:03:33 PM
LogName=Security
SourceName=Microsoft Windows security auditing.
EventCode=4648
EventType=0
Type=Information
ComputerName=HOST-002
TaskCategory=Logon
OpCode=Info
RecordNumber=613105696
Keywords=Audit Success
Message=A logon was attempted using explicit credentials.
Subject:
	Security ID:  Domain_B\SYSTEM
	Account Name:  HOST-002
	Account Domain:  Domain_B
	Logon ID:  0x70E4
	Logon GUID:		{0887F1E4-39EA-D53C-804F-31D568A06274}
Account Whose Credentials Were Used:
	Account Name:		ChantelHorsman4
	Account Domain:		Domain_B
	Logon GUID:		{27C4A2F2-13CA-AA25-E903-D31268740239}
Target Server:
	Target Server Name:	Server_A.com
	Additional Information:	Server_A.com
Process Information:
	Process ID:		BAF7
	Process Name:		C:\Windows\System32\example_d.exe
Network Information:
	Network Address:	224.87.88.172
	Port:			8855
This event is generated when a process attempts to log on an account by explicitly specifying that account's credentials. This most commonly occurs in batch-type configurations such as scheduled tasks, or when using the RUNAS command.
","2020-02-13T20:03:33.000+0000",success,"win:remote","A logon was attempted using explicit credentials.
Subject:
	Security ID:  Domain_B\SYSTEM
	Account Name:  HOST-002
	Account Domain:  Domain_B
	Logon ID:  0x70E4
	Logon GUID:		{0887F1E4-39EA-D53C-804F-31D568A06274}
Account Whose Credentials Were Used:
	Account Name:		ChantelHorsman4
	Account Domain:		Domain_B
	Logon GUID:		{27C4A2F2-13CA-AA25-E903-D31268740239}
Target Server:
	Target Server Name:	Server_A.com
	Additional Information:	Server_A.com
Process Information:
	Process ID:		BAF7
	Process Name:		C:\Windows\System32\example_d.exe
Network Information:
	Network Address:	224.87.88.172
	Port:			8855
This event is generated when a process attempts to log on an account by explicitly specifying that account's credentials. This most commonly occurs in batch-type configurations such as scheduled tasks, or when using the RUNAS command.",,Logon,,,,20,13,3,february,33,thursday,2020,local,"Server_A.com",,,,,,,,,false,,,,"Domain_B","Server_A.com",,untrust,,false,false,false,,"HOST-002",,,,,,,,,false,,,,"HOST-002",,untrust,,false,false,false,,613105696,"windows_logon_explicit wineventlog_security wineventlog_windows winsec","HOST-002",613105696,,main,,,,33,,,"HOST-002
ChantelHorsman4","Domain_B\SYSTEM","Domain_B\",,"A logon was attempted using explicit credentials",,WinEventLog,,,,,,,,Windows,,,"//_::_==___.====-====_=______.:t_:__\t_:__-t_:__t_",,,,0x70E4,informational,0,,,"A logon was attempted using explicit credentials",4648,"WinEventLog:Security",WinEventLog,"prd-p-g7nxxbgc3hgl",,,,,,,,,,,,,,,"Domain_B",,,,,,,,,,"HOST-002",,,,,,,,,,,,,,,,,false,,,,,success,,"A logon was attempted using explicit credentials",failure,,,"authentication
os
privileged
remote
security
success
windows",,,,success,remote,,,,"authentication
os
privileged
security
windows",,,,,,,,,,,,,,,22,0,,ChantelHorsman4,,,,,,,,,,,,,,,,,,,false,,,,,Microsoft,,
,"Domain_A",,"user_e",,,,,,,,,,,,,,,,,,,,,,,"COREDEV-002",,,,,,,,,"-",1102,"The audit log was cleared",4,,,,,,,,,,,,,,,,,"Audit Success",,,,,Security,,,,,0x0452,,,,,,,,,"The audit log was cleared.
Subject:
	Security ID:		Domain_A\user_e
	Account Name:		user_e
	Account Domain:		Domain_A
	Logon ID:		0x0452",,,,,,,,,,,,,,,Info,,,,,,,,,,,,,,,,830805595,,,,,,"Domain_A\user_e",,,"Microsoft-Windows-Eventlog",,,,,,,,,,,,,,,,,,,"Log clear",,,,,Information,,,,,,,,,,,,"02/13/2020 08:03:33 PM
LogName=Security
SourceName=Microsoft-Windows-Eventlog
EventCode=1102
EventType=4
Type=Information
ComputerName=COREDEV-002
TaskCategory=Log clear
OpCode=Info
RecordNumber=830805595
Keywords=Audit Success
Message=The audit log was cleared.
Subject:
	Security ID:		Domain_A\user_e
	Account Name:		user_e
	Account Domain:		Domain_A
	Logon ID:		0x0452
","2020-02-13T20:03:33.000+0000",cleared,"win:unknown","The audit log was cleared.
Subject:
	Security ID:		Domain_A\user_e
	Account Name:		user_e
	Account Domain:		Domain_A
	Logon ID:		0x0452",,"Log clear",audit,,,20,13,3,february,33,thursday,2020,local,"COREDEV-002",,,,,,,,,false,,,,"Domain_A","COREDEV-002",,untrust,,false,false,false,,"COREDEV-002",,,,,,,,,false,,,,"COREDEV-002",,untrust,,false,false,false,,830805595,"windows_audit_log_cleared wineventlog_security wineventlog_windows winsec","COREDEV-002",830805595,,main,,,,18,,,"user_e","Domain_A\user_e","Domain_A\",,"The audit log was cleared",,WinEventLog,audit,,,,,,,Windows,,,"//_::_==--====-=_===_=____.:t_:tt\t_:ttt_:ttt_:tt",,,,0x0452,informational,4,,,"The audit log was cleared",1102,"WinEventLog:Security",WinEventLog,"prd-p-g7nxxbgc3hgl",,,,,,,,,,,,,,,"Domain_A",,,,,,,,,,,,,,,,,,,,,,,,,,,,,,,,success,,"The audit log was cleared",failure,,,"audit
change
cleared
delete
endpoint
os
security
watchlist
windows",,,,,,,,,"audit
change
cleared
delete
endpoint
os
security
watchlist
windows",,,,,,,,,,,,,,,22,0,,"user_e",,,,,,,,,,,,,,,,,,,false,,,,,Microsoft,,
,"Domain_D",,"user_h",,,,,,,,,,,,,,,,,,,,,,,"$SPLUNK_HOME/etc/apps/Splunk_TA_windows/samples/hostname.sample",0x94EA,,,,,,,,"-",4688,"A new process has been created",0,,,,,,,,,,,,,,,,,"Audit Success",,,,,Security,,,,,0xA19C,,,,,,,,,"A new process has been created.
Subject:
	Security ID:		Domain_D\user_h
	Account Name:		user_h
	Account Domain:		Domain_D
	Logon ID:		0xA19C
Process Information:
	New Process ID:		0xDFB7
	New Process Name:	C:\Windows\System32\example_d.exe
	Token Elevation Type:	TokenElevationTypeDefault (1)
	Creator Process ID:	0x94EA
Token Elevation Type indicates the type of token that was assigned to the new process in accordance with User Account Control policy.
Type 1 is a full token with no privileges removed or groups disabled.  A full token is only used if User Account Control is disabled or if the User is the built-in Administrator account or a service account.
Type 2 is an elevated token with no privileges removed or groups disabled.  An elevated token is used when User Account Control is enabled and the User chooses to start the program using Run as administrator.  An elevated token is also used when an application is configured to always require administrative privilege or to always require maximum privilege, and the User is a member of the Administrators group.
Type 3 is a limited token with administrative privileges removed and administrative groups disabled.  The limited token is used when User Account Control is enabled, the application does not require administrative privilege, and the User does not choose to start the program using Run as administrator.",,,,,,,,,,0xDFB7,"C:\Windows\System32\example_d.exe",,,,Info,,,,,,,,,,,,,,,,863299275,,,,,,"Domain_D\user_h",,,"Microsoft Windows security auditing.",,,,,,,,,,,,,,,,,,,"Process Creation",,"TokenElevationTypeDefault (1)",1,,Information,,,,,,,,,,,,"02/13/2020 08:03:33 PM
LogName=Security
SourceName=Microsoft Windows security auditing.
EventCode=4688
EventType=0
Type=Information
ComputerName=$SPLUNK_HOME/etc/apps/Splunk_TA_windows/samples/hostname.sample
TaskCategory=Process Creation
OpCode=Info
RecordNumber=863299275
Keywords=Audit Success
Message=A new process has been created.
Subject:
	Security ID:		Domain_D\user_h
	Account Name:		user_h
	Account Domain:		Domain_D
	Logon ID:		0xA19C
Process Information:
	New Process ID:		0xDFB7
	New Process Name:	C:\Windows\System32\example_d.exe
	Token Elevation Type:	TokenElevationTypeDefault (1)
	Creator Process ID:	0x94EA
Token Elevation Type indicates the type of token that was assigned to the new process in accordance with User Account Control policy.
Type 1 is a full token with no privileges removed or groups disabled.  A full token is only used if User Account Control is disabled or if the User is the built-in Administrator account or a service account.
Type 2 is an elevated token with no privileges removed or groups disabled.  An elevated token is used when User Account Control is enabled and the User chooses to start the program using Run as administrator.  An elevated token is also used when an application is configured to always require administrative privilege or to always require maximum privilege, and the User is a member of the Administrators group.
Type 3 is a limited token with administrative privileges removed and administrative groups disabled.  The limited token is used when User Account Control is enabled, the application does not require administrative privilege, and the User does not choose to start the program using Run as administrator.
","2020-02-13T20:03:33.000+0000",success,"win:unknown","A new process has been created.
Subject:
	Security ID:		Domain_D\user_h
	Account Name:		user_h
	Account Domain:		Domain_D
	Logon ID:		0xA19C
Process Information:
	New Process ID:		0xDFB7
	New Process Name:	C:\Windows\System32\example_d.exe
	Token Elevation Type:	TokenElevationTypeDefault (1)
	Creator Process ID:	0x94EA
Token Elevation Type indicates the type of token that was assigned to the new process in accordance with User Account Control policy.
Type 1 is a full token with no privileges removed or groups disabled.  A full token is only used if User Account Control is disabled or if the User is the built-in Administrator account or a service account.
Type 2 is an elevated token with no privileges removed or groups disabled.  An elevated token is used when User Account Control is enabled and the User chooses to start the program using Run as administrator.  An elevated token is also used when an application is configured to always require administrative privilege or to always require maximum privilege, and the User is a member of the Administrators group.
Type 3 is a limited token with administrative privileges removed and administrative groups disabled.  The limited token is used when User Account Control is enabled, the application does not require administrative privilege, and the User does not choose to start the program using Run as administrator.",,"Process Creation",,,,20,13,3,february,33,thursday,2020,local,"$SPLUNK_HOME/etc/apps/Splunk_TA_windows/samples/hostname.sample",,,,,,,,,false,,,,"Domain_D","$SPLUNK_HOME/etc/apps/Splunk_TA_windows/samples/hostname.sample",,untrust,,false,false,false,,"$SPLUNK_HOME/etc/apps/Splunk_TA_windows/samples/hostname.sample",,,,,,,,,false,,,,"$SPLUNK_HOME/etc/apps/Splunk_TA_windows/samples/hostname.sample",,untrust,,false,false,false,,863299275,"windows_process_new wineventlog_security wineventlog_windows winsec","$SPLUNK_HOME/etc/apps/Splunk_TA_windows/samples/hostname.sample",863299275,,main,,,,27,,,"user_h","Domain_D\user_h","Domain_D\",,"A new process has been created",,WinEventLog,,,,,,,,Windows,,,"//_::_==___.====$/////.=_===_=_____.:t_:tt\t_:ttt_",,,,0xA19C,informational,0,,,"A new process has been created",4688,"WinEventLog:Security",WinEventLog,"prd-p-g7nxxbgc3hgl",,,,,,,,,,,,,,,"Domain_D",,,,,,,,,,,,,,,,,,,,,,,,,,,,,,,,success,,"A new process has been created",failure,,,"execute
os
process
security
start
success
windows",,,,success,,,,,"execute
os
process
security
start
windows",,,,,,,,,,,,,,,22,0,,"user_h",,,,,,,,,,,,,,,,,,,false,,,,,Microsoft,,
,,,,,,,,,,"MICROSOFT_AUTHENTICATION_PACKAGE_V1_0",,,,,,,,,,,,,,,,"ACME-001",,,,,,,,,0x0,4776,"The domain controller attempted to validate the credentials for an account",0,,,,,,,,,,,,,,,,,"Audit Success",,,,,Security,,"user_f",,,,,,,,,,,,"The computer attempted to validate the credentials for an account.
Authentication Package: MICROSOFT_AUTHENTICATION_PACKAGE_V1_0
Logon Account: user_f
Source Workstation: ACME-001
Error Code: 0x0",,,,,,,,,,,,,,,Info,,,,,,,,,,,,,,,,817072640,,,,,,,,,"Microsoft Windows security auditing.",,,"ACME-001",,,,,,,,,,,,,,,,"Credential Validation",,,,,Information,,,,,,,,,,,,"02/13/2020 08:03:32 PM
LogName=Security
SourceName=Microsoft Windows security auditing.
EventCode=4776
EventType=0
Type=Information
ComputerName=ACME-001
TaskCategory=Credential Validation
OpCode=Info
RecordNumber=817072640
Keywords=Audit Success
Message=The computer attempted to validate the credentials for an account.
Authentication Package: MICROSOFT_AUTHENTICATION_PACKAGE_V1_0
Logon Account: user_f
Source Workstation: ACME-001
Error Code: 0x0
","2020-02-13T20:03:32.000+0000",success,"win:unknown","The computer attempted to validate the credentials for an account.
Authentication Package: MICROSOFT_AUTHENTICATION_PACKAGE_V1_0
Logon Account: user_f
Source Workstation: ACME-001
Error Code: 0x0",,"Credential Validation",,,,20,13,3,february,32,thursday,2020,local,"ACME-001",,,,,,,,,false,,,,,"ACME-001",,untrust,,false,false,false,,"ACME-001",,,,,,,,,false,,,,"ACME-001",,untrust,,false,false,false,,817072640,"err0r nix_errors windows_account_used4logon wineventlog_security wineventlog_windows winsec","ACME-001",817072640,,main,,,,17,,,,,,,"The domain controller attempted to validate the credentials for an account",,WinEventLog,,,,,,,,Windows,,,"//_::_==___.====-=_===_=_________._:__:__:_-_:_",,,,,informational,0,,,"The domain controller attempted to validate the credentials for an account",4776,"WinEventLog:Security",WinEventLog,"prd-p-g7nxxbgc3hgl",,"ACME-001",,,,,,,,,false,,,,,"ACME-001",,untrust,,,false,,false,false,,,,,,,,,,,,,,,,,,,,,,,success,,"The domain controller attempted to validate the credentials for an account",failure,,,"authentication
error
os
security
success
windows",,,,success,,,,,"authentication
error
os
security
windows",,,,,,,,,,,,,,,22,0,,"user_f",,,,,,,,,,,,,,,,,,,false,,,,,Microsoft,,
,"Domain_B
Domain_B","<never>","user_g
user_i",,,,"server_2/computer_b",,,,,,,,,,,"Account Management",,,,,,,,"ops-sys-006",,,fff,,,,,,"-",4738,"A user account was changed",0,,,,,,,,"\a\g","A:",,,,,,,,"Audit Success",,,,,Security,,,,"Tuesday 8:00 PM -Wednesday 10:00 AM",0xEB5F,,,,"SAM Account Name: user_d
 Display Name:  fff
 User Principal Name: ccc@AAA.local
 Home Directory:  \a\g
 Home Drive:  A:
 Script Path:  \a
 Profile Path:  \a\e
 User Workstations: DDD
 Password Last Set: <never>
 Account Expires:  <never>
 Primary Group ID: 134
 AllowedToDelegateTo: server_2/computer_b
 Old UAC Value:  206E423
 New UAC Value:  EB19F01
 User Account Control: NORMAL_ACCOUNT - Enabled
 User Parameters: <value not set>
 SID History:  -
 Logon Hours:  Tuesday 8:00 PM -Wednesday 10:00 AM",,,,,"A User account was changed.

Subject:
 Security ID:  Domain_B\user_g
 Account Name:  user_g
 Account Domain:  Domain_B
 Logon ID:  0xEB5F

Target Account:
 Security ID:  Domain_B\user_i
 Account Name:  user_i
 Account Domain:  Domain_B

Changed Attributes:
 SAM Account Name: user_d
 Display Name:  fff
 User Principal Name: ccc@AAA.local
 Home Directory:  \a\g
 Home Drive:  A:
 Script Path:  \a
 Profile Path:  \a\e
 User Workstations: DDD
 Password Last Set: <never>
 Account Expires:  <never>
 Primary Group ID: 134
 AllowedToDelegateTo: server_2/computer_b
 Old UAC Value:  206E423
 New UAC Value:  EB19F01
 User Account Control: NORMAL_ACCOUNT - Enabled
 User Parameters: <value not set>
 SID History:  -
 Logon Hours:  Tuesday 8:00 PM -Wednesday 10:00 AM

Additional Information:
 Privileges:  -",,,,,,,,,,,,EB19F01,,206E423,Info,,,,"<never>",,,,134,,,"-",,,"\a\e",,453702636,,,"user_d","-","\a","Domain_B\user_g
Domain_B\user_i",,,"Microsoft Windows security auditing.",,,,,,,,,,,,,,,,,,,"User Account Management",,,,,Information,,"NORMAL_ACCOUNT - Enabled",,,"<value not set>","ccc@AAA.local",DDD,,,,,"02/13/2020 08:03:32 PM
