Subject:
	Security ID:		Domain_B\SYSTEM
	Account Name:		SE-005
	Account Domain:		Domain_B
	Logon ID:		0x5FC9

Account Modified:
	Account Name:		Domain_B\user_c

Access Removed:
	Access Right:		SeInteractiveLogonRight",,"Authentication Policy Change",,,,20,13,3,february,55,thursday,2020,local,"SE-005",,,,,,,,,false,,,,"Domain_B","SE-005",,untrust,,false,false,false,,"SE-005",,,,,,,,,false,,,,"SE-005",,untrust,,false,false,false,,275248219,"windows_security_access_removed wineventlog_security wineventlog_windows winsec","SE-005",275248219,,main,,,,25,,,"SE-005
Domain_B\user_c","Domain_B\SYSTEM","Domain_B\",,"System security access was removed from an account",,WinEventLog,,,,,,,,Windows,,,"//_::_==___.====-=__===_=_______.:t_:tt\t_:tt-t_:t",,,,0x5FC9,informational,0,,,"System security access was removed from an account",4718,"WinEventLog:Security",WinEventLog,"prd-p-g7nxxbgc3hgl",,,,,,,,,,,,,,,"Domain_B",,,,,,,,,,"SE-005",,,,,,,,,,,,,,,,,false,,,,,success,,"System security access was removed from an account",failure,,,"access
account
authorization
change
delete
os
security
success
windows",,,,success,,,,,"access
account
authorization
change
delete
os
security
windows",,,,,,,,,,,,,,,22,0,,"Domain_B\user_c",,,,,,,,,,,,,,,,,,,false,,,,,Microsoft,,
,"Domain_B",,"user_j",,,,,,,,,,,,,,,,,,,,,,,"COREDEV-002",,,,,,,,,"-",4673,"A privileged service was called",0,,,,,,,,,,,,,,,,,"Audit Success",,,,,Security,,,,,0xB111,,,,,,,,,"A privileged service was called.

Subject:
	Security ID:		Domain_B\user_j
	Account Name:		user_j
	Account Domain:		Domain_B
	Logon ID:		0xB111

Service:
	Server:	NT Local Security Authority / Authentication Service
	Service Name:	LsaRegisterLogonProcess()

Process:
	Process ID:	0xFD14
	Process Name:	C:\Windows\System32\example_b.exe

Service Request Information:
	Privileges:		SeSystemEnvironmentPrivilege",,,,,,,,,,,,,,,Info,,,,,,,,,,,SeSystemEnvironmentPrivilege,0xFD14,"C:\Windows\System32\example_b.exe",,,283388844,,,,,,"Domain_B\user_j","NT Local Security Authority / Authentication Service","LsaRegisterLogonProcess()","Microsoft Windows security auditing.",,,,,,,,,,,,,,,,,,,"Sensitive Privilege Use",,,,,Information,,,,,,,,,,,,"02/13/2020 08:03:55 PM
LogName=Security
SourceName=Microsoft Windows security auditing.
EventCode=4673
EventType=0
Type=Information
ComputerName=COREDEV-002
TaskCategory=Sensitive Privilege Use
OpCode=Info
RecordNumber=283388844
Keywords=Audit Success
Message=A privileged service was called.

Subject:
	Security ID:		Domain_B\user_j
	Account Name:		user_j
	Account Domain:		Domain_B
	Logon ID:		0xB111

Service:
	Server:	NT Local Security Authority / Authentication Service
	Service Name:	LsaRegisterLogonProcess()

Process:
	Process ID:	0xFD14
	Process Name:	C:\Windows\System32\example_b.exe

Service Request Information:
	Privileges:		SeSystemEnvironmentPrivilege
","2020-02-13T20:03:55.000+0000",success,"win:unknown","A privileged service was called.

Subject:
	Security ID:		Domain_B\user_j
	Account Name:		user_j
	Account Domain:		Domain_B
	Logon ID:		0xB111

Service:
	Server:	NT Local Security Authority / Authentication Service
	Service Name:	LsaRegisterLogonProcess()

Process:
	Process ID:	0xFD14
	Process Name:	C:\Windows\System32\example_b.exe

Service Request Information:
	Privileges:		SeSystemEnvironmentPrivilege",,"Sensitive Privilege Use",,,,20,13,3,february,55,thursday,2020,local,"COREDEV-002",,,,,,,,,false,,,,"Domain_B","COREDEV-002",,untrust,,false,false,false,,"COREDEV-002",,,,,,,,,false,,,,"COREDEV-002",,untrust,,false,false,false,,283388844,"windows_privileged_service_call wineventlog_security wineventlog_windows winsec","COREDEV-002",283388844,,main,,,,30,,,"user_j","Domain_B\user_j","Domain_B\",,"A privileged service was called",,WinEventLog,,,,,"Modify firmware environment values",SeSystemEnvironmentPrivilege,,Windows,,,"//_::_==___.====-=__===_=____.:t_:tt\t_:ttt_:ttt_:",,,,0xB111,informational,0,,,"A privileged service was called",4673,"WinEventLog:Security",WinEventLog,"prd-p-g7nxxbgc3hgl",,,,,,,,,,,,,,,"Domain_B",,,,,,,,,,,,,,,,,,,,,,,,,,,,,,,,success,,"A privileged service was called",failure,,,"execute
os
privileged
process
security
start
success
windows",,,,success,,,,,"execute
os
privileged
process
security
start
windows",,,,,,,,,,,,,,,22,0,,"user_j",,,,,,,,,,,,,,,,,,,false,,,,,Microsoft,SeSystemEnvironmentPrivilege,
,"Domain_A
Domain_A",,"user_i
user_b",,,,,,,,,,,,,,,"Account Management",,,,,,,,"SE-003",,,,,,,,,"-",4724,"An attempt was made to reset an accounts password",0,,,,,,,,,,,,,,,,,"Audit Success",,,,,Security,,,,,0x5F25,,,,,,,,,"An attempt was made to reset an account's password.
Subject:
	Security ID:  Domain_A\user_i
	Account Name:  user_i
	Account Domain:  Domain_A
	Logon ID:  0x5F25
Target Account:
	Security ID:  Domain_A\user_b
	Account Name:  user_b
	Account Domain:  Domain_A",,,,,,,,,,,,,,,Info,,,,,,,,,,,,,,,,606776064,,,,,,"Domain_A\user_i
Domain_A\user_b",,,"Microsoft Windows security auditing.",,,,,,,,,,,,,,,,,,,"User Account Management",,,,,Information,,,,,,,,,,,,"02/13/2020 08:03:55 PM
LogName=Security
SourceName=Microsoft Windows security auditing.
EventCode=4724
EventType=0
Type=Information
ComputerName=SE-003
TaskCategory=User Account Management
OpCode=Info
RecordNumber=606776064
Keywords=Audit Success
Message=An attempt was made to reset an account's password.
Subject:
	Security ID:  Domain_A\user_i
	Account Name:  user_i
	Account Domain:  Domain_A
	Logon ID:  0x5F25
Target Account:
	Security ID:  Domain_A\user_b
	Account Name:  user_b
	Account Domain:  Domain_A
","2020-02-13T20:03:55.000+0000",modified,"win:unknown","An attempt was made to reset an account's password.
Subject:
	Security ID:  Domain_A\user_i
	Account Name:  user_i
	Account Domain:  Domain_A
	Logon ID:  0x5F25
Target Account:
	Security ID:  Domain_A\user_b
	Account Name:  user_b
	Account Domain:  Domain_A",,"User Account Management",user,,,20,13,3,february,55,thursday,2020,local,"SE-003",,,,,,,,,false,,,,"Domain_A","SE-003",,untrust,,false,false,false,,"SE-003",,,,,,,,,false,,,,"SE-003",,untrust,,false,false,false,,606776064,"windows_account_management windows_account_password_set wineventlog_security wineventlog_windows winsec","SE-003",606776064,,main,,,,22,,,"user_i
user_b","Domain_A\user_i
Domain_A\user_b","Domain_A\","reset an account's password","An attempt was made to reset an accounts password",,WinEventLog,user,,,,,,,Windows,,,"//_::_==___.====-=__===_=_______'_.:t_:__\t_:__t_:",,,,0x5F25,informational,0,,,"An attempt was made to reset an accounts password",4724,"WinEventLog:Security",WinEventLog,"prd-p-g7nxxbgc3hgl",,,,,,,,,,,,,,,"Domain_A",,,,,,,,,,"user_i",,,,,,,,,,,,,,,,,false,,,,,success,,"An attempt was made to reset an accounts password",failure,"Account Management",,"account
change
management
modify
os
password
security
windows",,,,,,,,,"account
change
management
modify
os
password
security
windows",,,,,,,,,,,,,,,22,0,,"user_b",,,,,,,,,,,,,,,,,,,false,,,,,Microsoft,,
,"Domain_D
Domain_D",,"user_d
user_j",,,,,,,,,,,,,,,"Account Management",,,,,,,,"BUSDEV-005",,,,,,,,,"-",4724,"An attempt was made to reset an accounts password",0,,,,,,,,,,,,,,,,,"Audit Failure",,,,,Security,,,,,0x3EC3,,,,,,,,,"An attempt was made to reset an account's password.
Subject:
	Security ID:  Domain_D\user_d
	Account Name:  user_d
	Account Domain:  Domain_D
	Logon ID:  0x3EC3
Target Account:
	Security ID:  Domain_D\user_j
	Account Name:  user_j
	Account Domain:  Domain_D",,,,,,,,,,,,,,,Info,,,,,,,,,,,,,,,,49780582,,,,,,"Domain_D\user_d
Domain_D\user_j",,,"Microsoft Windows security auditing.",,,,,,,,,,,,,,,,,,,"User Account Management",,,,,Information,,,,,,,,,,,,"02/13/2020 08:03:55 PM
LogName=Security
SourceName=Microsoft Windows security auditing.
EventCode=4724
EventType=0
Type=Information
ComputerName=BUSDEV-005
TaskCategory=User Account Management
OpCode=Info
RecordNumber=49780582
Keywords=Audit Failure
Message=An attempt was made to reset an account's password.
Subject:
	Security ID:  Domain_D\user_d
	Account Name:  user_d
	Account Domain:  Domain_D
	Logon ID:  0x3EC3
Target Account:
	Security ID:  Domain_D\user_j
	Account Name:  user_j
	Account Domain:  Domain_D
","2020-02-13T20:03:55.000+0000",modified,"win:unknown","An attempt was made to reset an account's password.
Subject:
	Security ID:  Domain_D\user_d
	Account Name:  user_d
	Account Domain:  Domain_D
	Logon ID:  0x3EC3
Target Account:
	Security ID:  Domain_D\user_j
	Account Name:  user_j
	Account Domain:  Domain_D",,"User Account Management",user,,,20,13,3,february,55,thursday,2020,local,"BUSDEV-005",,,,,,,,,false,,,,"Domain_D","BUSDEV-005",,untrust,,false,false,false,,"BUSDEV-005",,,,,,,,,false,,,,"BUSDEV-005",,untrust,,false,false,false,,49780582,"err0r nix_errors windows_account_management windows_account_password_set wineventlog_security wineventlog_windows winsec","BUSDEV-005",49780582,,main,,,,22,,,"user_d
user_j","Domain_D\user_d
Domain_D\user_j","Domain_D\","reset an account's password","An attempt was made to reset an accounts password",,WinEventLog,user,,,,,,,Windows,,,"//_::_==___.====-=__===_=_______'_.:t_:__\t_:__t_:",,,,0x3EC3,informational,0,,,"An attempt was made to reset an accounts password",4724,"WinEventLog:Security",WinEventLog,"prd-p-g7nxxbgc3hgl",,,,,,,,,,,,,,,"Domain_D",,,,,,,,,,"user_d",,,,,,,,,,,,,,,,,false,,,,,failure,,"An attempt was made to reset an accounts password",failure,"Account Management",,"account
change
error
management
modify
os
password
security
windows",,,,,,,,,"account
change
error
management
modify
os
password
security
windows",,,,,,,,,,,,,,,22,0,,"user_j",,,,,,,,,,,,,,,,,,,false,,,,,Microsoft,,
,"Domain_D
Domain_D",,"user_i
user_e",,,,,,,,,,,,,,,"Account Management",,,,,,,,"ACME-001",,,,,,,,,"-",4743,"A computer account was deleted",0,,,,,,,,,,,,,,,,,"Audit Success",,,,,Security,,,,,0x5F25,,,,,,,,,"A computer account was deleted.

Subject:
	Security ID:		Domain_D\user_i
	Account Name:		user_i
	Account Domain:		Domain_D
	Logon ID:		0x5F25

Target Computer:
	Security ID:		Domain_D\user_e
	Account Name:		user_e
	Account Domain:		Domain_D

Additional Information:
	Privileges:	SeTakeOwnershipPrivilege",,,,,,,,,,,,,,,Info,,,,,,,,,,,SeTakeOwnershipPrivilege,,,,,416468367,,,,,,"Domain_D\user_i
Domain_D\user_e",,,"Microsoft Windows security auditing.",,,,,,,,,,,,,,,,,,,"Computer Account Management",,,,,Information,,,,,,,,,,,,"02/13/2020 08:03:54 PM
LogName=Security
SourceName=Microsoft Windows security auditing.
EventCode=4743
EventType=0
Type=Information
ComputerName=ACME-001
TaskCategory=Computer Account Management
OpCode=Info
RecordNumber=416468367
Keywords=Audit Success
Message=A computer account was deleted.

Subject:
	Security ID:		Domain_D\user_i
	Account Name:		user_i
	Account Domain:		Domain_D
	Logon ID:		0x5F25

Target Computer:
	Security ID:		Domain_D\user_e
	Account Name:		user_e
	Account Domain:		Domain_D

Additional Information:
	Privileges:	SeTakeOwnershipPrivilege
","2020-02-13T20:03:54.000+0000",deleted,"win:unknown","A computer account was deleted.

Subject:
	Security ID:		Domain_D\user_i
	Account Name:		user_i
	Account Domain:		Domain_D
	Logon ID:		0x5F25

Target Computer:
	Security ID:		Domain_D\user_e
	Account Name:		user_e
	Account Domain:		Domain_D

Additional Information:
	Privileges:	SeTakeOwnershipPrivilege",,"Computer Account Management",user,,,20,13,3,february,54,thursday,2020,local,"ACME-001",,,,,,,,,false,,,,"Domain_D","ACME-001",,untrust,,false,false,false,,"ACME-001",,,,,,,,,false,,,,"ACME-001",,untrust,,false,false,false,,416468367,"windows_account_deleted windows_account_management wineventlog_security wineventlog_windows winsec","ACME-001",416468367,,main,,,,27,,,"user_i
user_e","Domain_D\user_i
Domain_D\user_e","Domain_D\",deleted,"A computer account was deleted",,WinEventLog,user,,,,"Take ownership of files or other objects",SeTakeOwnershipPrivilege,,Windows,,,"//_::_==___.====-=__===_=____.:t_:tt\t_:ttt_:ttt_:",,,,0x5F25,informational,0,,,"A computer account was deleted",4743,"WinEventLog:Security",WinEventLog,"prd-p-g7nxxbgc3hgl",,,,,,,,,,,,,,,"Domain_D",,,,,,,,,,"user_i",,,,,,,,,,,,,,,,,false,,,,,success,,"A computer account was deleted",failure,"Account Management",,"account
change
delete
management
os
security
windows",,,,,,,,,"account
change
delete
management
os
security
windows",,,,,,,,,,,,,,,22,0,,"user_e",,,,,,,,,,,,,,,,,,,false,,,,,Microsoft,SeTakeOwnershipPrivilege,
,"Domain_D
Domain_D",,"COREDEV-002
user_d",,,,,,,Kerberos,,,,,,,,,,,,,,,,"COREDEV-002",,,,,,,,Yes,"-",4624,"An account was successfully logged on",0,,,,,,,,,,,Identification,,,0,,,"Audit Success",22B7,,,,Security,,,"{221B21A6-1AE2-3F9A-24EF-22C392AC2A47}",,"0x70E4
0x3EC3",logonProcess1,5,,,,,,,"An account was successfully logged on.

Subject:
 Security ID:  Domain_D\SYSTEM
 Account Name:  COREDEV-002
 Account Domain:  Domain_D
 Logon ID:  0x70E4

Logon Information:
 Logon Type:  5
 Restricted Admin Mode: No
 Virtual Account:  Yes
 Elevated Token:  Yes

Impersonation Level:  Identification

New Logon:
 Security ID:  Domain_D\user_d
 Account Name:  user_d
 Account Domain:  Domain_D
 Logon ID:  0x3EC3
 Linked Logon ID:  22B7
 Network Account Name: user_k
 Network Account Domain: -
 Logon GUID:  {221B21A6-1AE2-3F9A-24EF-22C392AC2A47}

Process Information:
 Process ID:  0xA396
 Process Name:  C:\Windows\System32\example_e.exe

Network Information:
 Workstation Name: COREDEV-002
 Source Network Address: -
 Source Port:  10557

Detailed Authentication Information:
 Logon Process:  logonProcess1 
 Authentication Package: Kerberos
 Transited Services: service_D
 Package Name (NTLM only): -
 Key Length:  0

This event is generated when a logon session is created. It is generated on the computer that was accessed.

The subject fields indicate the account on the local system which requested the logon. This is most commonly a service such as the Server service, or a local process such as 24977.exe or 24977.exe.

The logon type field indicates the kind of logon that occurred. The most common types are 2 (interactive) and 3 (network).

The New Logon fields indicate the account for whom the new logon was created, i.e. the account that was logged on.

The network fields indicate where a remote logon request originated. Workstation name is not always available and may be left blank in some cases.

The impersonation level field indicates the extent to which a process in the logon session can impersonate.

The authentication information fields provide detailed information about this specific logon request.
 - Logon GUID is a unique identifier that can be used to correlate this event with a KDC event.
 - Transited services indicate which intermediate services have participated in this logon request.
 - Package name indicates which sub-protocol was used among the NTLM protocols.
 - Key length indicates the length of the generated session key. This will be 0 if no session key was requested.",,,,"-","user_k",,,,,,,,,,Info,,"-",,,,,,,,,,0xA396,"C:\Windows\System32\example_e.exe",,,151188462,No,,,,,"Domain_D\SYSTEM
Domain_D\user_d",,,"Microsoft Windows security auditing.","-",10557,,,,,,,,,,,,,,,,,Logon,,,,"service_D",Information,,,,,,,,Yes,,,"COREDEV-002","02/13/2020 08:03:54 PM
LogName=Security
SourceName= Microsoft Windows security auditing.
EventCode=4624
EventType=0
Type=Information
ComputerName=COREDEV-002
TaskCategory=Logon
OpCode=Info
RecordNumber=151188462
Keywords=Audit Success
Message=An account was successfully logged on.

Subject:
 Security ID:  Domain_D\SYSTEM
 Account Name:  COREDEV-002
 Account Domain:  Domain_D
 Logon ID:  0x70E4

Logon Information:
 Logon Type:  5
 Restricted Admin Mode: No
 Virtual Account:  Yes
 Elevated Token:  Yes

Impersonation Level:  Identification

New Logon:
 Security ID:  Domain_D\user_d
 Account Name:  user_d
 Account Domain:  Domain_D
 Logon ID:  0x3EC3
 Linked Logon ID:  22B7
 Network Account Name: user_k
 Network Account Domain: -
 Logon GUID:  {221B21A6-1AE2-3F9A-24EF-22C392AC2A47}

Process Information:
 Process ID:  0xA396
 Process Name:  C:\Windows\System32\example_e.exe

Network Information:
 Workstation Name: COREDEV-002
 Source Network Address: -
 Source Port:  10557

Detailed Authentication Information:
 Logon Process:  logonProcess1 
 Authentication Package: Kerberos
 Transited Services: service_D
 Package Name (NTLM only): -
 Key Length:  0

This event is generated when a logon session is created. It is generated on the computer that was accessed.

The subject fields indicate the account on the local system which requested the logon. This is most commonly a service such as the Server service, or a local process such as 24977.exe or 24977.exe.

The logon type field indicates the kind of logon that occurred. The most common types are 2 (interactive) and 3 (network).

The New Logon fields indicate the account for whom the new logon was created, i.e. the account that was logged on.

The network fields indicate where a remote logon request originated. Workstation name is not always available and may be left blank in some cases.

The impersonation level field indicates the extent to which a process in the logon session can impersonate.

The authentication information fields provide detailed information about this specific logon request.
 - Logon GUID is a unique identifier that can be used to correlate this event with a KDC event.
 - Transited services indicate which intermediate services have participated in this logon request.
 - Package name indicates which sub-protocol was used among the NTLM protocols.
 - Key length indicates the length of the generated session key. This will be 0 if no session key was requested.

","2020-02-13T20:03:54.000+0000",success,"win:local","An account was successfully logged on.

Subject:
 Security ID:  Domain_D\SYSTEM
 Account Name:  COREDEV-002
 Account Domain:  Domain_D
 Logon ID:  0x70E4

Logon Information:
 Logon Type:  5
 Restricted Admin Mode: No
 Virtual Account:  Yes
 Elevated Token:  Yes

Impersonation Level:  Identification

New Logon:
 Security ID:  Domain_D\user_d
 Account Name:  user_d
 Account Domain:  Domain_D
 Logon ID:  0x3EC3
 Linked Logon ID:  22B7
 Network Account Name: user_k
 Network Account Domain: -
 Logon GUID:  {221B21A6-1AE2-3F9A-24EF-22C392AC2A47}

Process Information:
 Process ID:  0xA396
 Process Name:  C:\Windows\System32\example_e.exe

Network Information:
 Workstation Name: COREDEV-002
 Source Network Address: -
 Source Port:  10557

Detailed Authentication Information:
 Logon Process:  logonProcess1 
 Authentication Package: Kerberos
 Transited Services: service_D
 Package Name (NTLM only): -
 Key Length:  0

This event is generated when a logon session is created. It is generated on the computer that was accessed.

The subject fields indicate the account on the local system which requested the logon. This is most commonly a service such as the Server service, or a local process such as 24977.exe or 24977.exe.

The logon type field indicates the kind of logon that occurred. The most common types are 2 (interactive) and 3 (network).

The New Logon fields indicate the account for whom the new logon was created, i.e. the account that was logged on.

The network fields indicate where a remote logon request originated. Workstation name is not always available and may be left blank in some cases.

The impersonation level field indicates the extent to which a process in the logon session can impersonate.

The authentication information fields provide detailed information about this specific logon request.
 - Logon GUID is a unique identifier that can be used to correlate this event with a KDC event.
 - Transited services indicate which intermediate services have participated in this logon request.
 - Package name indicates which sub-protocol was used among the NTLM protocols.
 - Key length indicates the length of the generated session key. This will be 0 if no session key was requested.",,Logon,,,,20,13,3,february,54,thursday,2020,local,"COREDEV-002",,,,,,,,,false,,,,"Domain_D","COREDEV-002",,untrust,,false,false,false,,"COREDEV-002",,,,,,,,,false,,,,"COREDEV-002",,untrust,,false,false,false,,151188462,"windows_logon_success wineventlog_security wineventlog_windows winsec","COREDEV-002",151188462,,main,,,,72,,,"COREDEV-002
user_d","Domain_D\SYSTEM
Domain_D\user_d","Domain_D\",,"An account was successfully logged on",,WinEventLog,,,,,,,0xA396,Windows,,,"//_::_==____.====-====_=_____.:__:__\__:__-__:____",,,,0x3EC3,informational,0,,,"An account was successfully logged on",4624,"WinEventLog:Security",WinEventLog,"prd-p-g7nxxbgc3hgl",,"COREDEV-002",,,,,,,,,false,,,,"Domain_D","COREDEV-002",,untrust,10557,,false,,false,false,"COREDEV-002",,,,,,,,,,,,,,,,,false,,,,,success,,"An account was successfully logged on",failure,,,"authentication
local
os
security
success
windows",,,,success,local,,,,"authentication
os
security
windows",,,,,,,,,,,,,,,22,0,,"user_d",,,,,,,,,,,,,,,,,,,false,,,,,Microsoft,,
,"Domain_D
Domain_D",,"HOST-005
user_j",,,,,,,Kerberos,,,,,,,,,,,,,,,,"HOST-005",,,,,,,,No,"-",4624,"An account was successfully logged on",0,,,,,,,,,,,Impersonation,,,0,,,"Audit Success",23C9,,,,Security,,,"{00000000-0000-0000-0000-000000000000}",,"0x70E4
0xB111",logonProcess1,9,,,,,,,"An account was successfully logged on.

Subject:
 Security ID:  Domain_D\SYSTEM
 Account Name:  HOST-005
 Account Domain:  Domain_D
 Logon ID:  0x70E4

Logon Information:
 Logon Type:  9
 Restricted Admin Mode: No
 Virtual Account:  Yes
 Elevated Token:  No

Impersonation Level:  Impersonation

New Logon:
 Security ID:  Domain_D\user_j
 Account Name:  user_j
 Account Domain:  Domain_D
 Logon ID:  0xB111
 Linked Logon ID:  23C9
 Network Account Name: -
 Network Account Domain: -
 Logon GUID:  {00000000-0000-0000-0000-000000000000}

Process Information:
 Process ID:  0xF915
 Process Name:  C:\Windows\System32\example_b.exe

Network Information:
 Workstation Name: HOST-005
 Source Network Address: -
 Source Port:  18095

Detailed Authentication Information:
 Logon Process:  logonProcess1 
 Authentication Package: Kerberos
 Transited Services: service_B
 Package Name (NTLM only): -
 Key Length:  0

This event is generated when a logon session is created. It is generated on the computer that was accessed.

The subject fields indicate the account on the local system which requested the logon. This is most commonly a service such as the Server service, or a local process such as 2DCEE.exe or 2DCEE.exe.

The logon type field indicates the kind of logon that occurred. The most common types are 2 (interactive) and 3 (network).

The New Logon fields indicate the account for whom the new logon was created, i.e. the account that was logged on.

The network fields indicate where a remote logon request originated. Workstation name is not always available and may be left blank in some cases.

The impersonation level field indicates the extent to which a process in the logon session can impersonate.

The authentication information fields provide detailed information about this specific logon request.
 - Logon GUID is a unique identifier that can be used to correlate this event with a KDC event.
 - Transited services indicate which intermediate services have participated in this logon request.
 - Package name indicates which sub-protocol was used among the NTLM protocols.
 - Key length indicates the length of the generated session key. This will be 0 if no session key was requested.",,,,"-","-",,,,,,,,,,Info,,"-",,,,,,,,,,0xF915,"C:\Windows\System32\example_b.exe",,,481450384,No,,,,,"Domain_D\SYSTEM
Domain_D\user_j",,,"Microsoft Windows security auditing.","-",18095,,,,,,,,,,,,,,,,,Logon,,,,"service_B",Information,,,,,,,,Yes,,,"HOST-005","02/13/2020 08:03:54 PM
LogName=Security
SourceName= Microsoft Windows security auditing.
EventCode=4624
EventType=0
Type=Information
ComputerName=HOST-005
TaskCategory=Logon
OpCode=Info
RecordNumber=481450384
Keywords=Audit Success
Message=An account was successfully logged on.

Subject:
 Security ID:  Domain_D\SYSTEM
 Account Name:  HOST-005
 Account Domain:  Domain_D
 Logon ID:  0x70E4

Logon Information:
 Logon Type:  9
 Restricted Admin Mode: No
 Virtual Account:  Yes
 Elevated Token:  No

Impersonation Level:  Impersonation

New Logon:
 Security ID:  Domain_D\user_j
 Account Name:  user_j
 Account Domain:  Domain_D
 Logon ID:  0xB111
 Linked Logon ID:  23C9
 Network Account Name: -
 Network Account Domain: -
 Logon GUID:  {00000000-0000-0000-0000-000000000000}

Process Information:
 Process ID:  0xF915
 Process Name:  C:\Windows\System32\example_b.exe

Network Information:
 Workstation Name: HOST-005
 Source Network Address: -
 Source Port:  18095

Detailed Authentication Information:
 Logon Process:  logonProcess1 
 Authentication Package: Kerberos
 Transited Services: service_B
 Package Name (NTLM only): -
 Key Length:  0

This event is generated when a logon session is created. It is generated on the computer that was accessed.

The subject fields indicate the account on the local system which requested the logon. This is most commonly a service such as the Server service, or a local process such as 2DCEE.exe or 2DCEE.exe.

The logon type field indicates the kind of logon that occurred. The most common types are 2 (interactive) and 3 (network).

The New Logon fields indicate the account for whom the new logon was created, i.e. the account that was logged on.

The network fields indicate where a remote logon request originated. Workstation name is not always available and may be left blank in some cases.

The impersonation level field indicates the extent to which a process in the logon session can impersonate.

The authentication information fields provide detailed information about this specific logon request.
 - Logon GUID is a unique identifier that can be used to correlate this event with a KDC event.
 - Transited services indicate which intermediate services have participated in this logon request.
 - Package name indicates which sub-protocol was used among the NTLM protocols.
 - Key length indicates the length of the generated session key. This will be 0 if no session key was requested.

","2020-02-13T20:03:54.000+0000",success,"win:local","An account was successfully logged on.

Subject:
 Security ID:  Domain_D\SYSTEM
 Account Name:  HOST-005
 Account Domain:  Domain_D
 Logon ID:  0x70E4

Logon Information:
 Logon Type:  9
 Restricted Admin Mode: No
 Virtual Account:  Yes
 Elevated Token:  No

Impersonation Level:  Impersonation

New Logon:
 Security ID:  Domain_D\user_j
 Account Name:  user_j
 Account Domain:  Domain_D
 Logon ID:  0xB111
 Linked Logon ID:  23C9
 Network Account Name: -
 Network Account Domain: -
 Logon GUID:  {00000000-0000-0000-0000-000000000000}

Process Information:
 Process ID:  0xF915
 Process Name:  C:\Windows\System32\example_b.exe

Network Information:
 Workstation Name: HOST-005
 Source Network Address: -
 Source Port:  18095

Detailed Authentication Information:
 Logon Process:  logonProcess1 
 Authentication Package: Kerberos
 Transited Services: service_B
 Package Name (NTLM only): -
 Key Length:  0

This event is generated when a logon session is created. It is generated on the computer that was accessed.

The subject fields indicate the account on the local system which requested the logon. This is most commonly a service such as the Server service, or a local process such as 2DCEE.exe or 2DCEE.exe.

The logon type field indicates the kind of logon that occurred. The most common types are 2 (interactive) and 3 (network).

The New Logon fields indicate the account for whom the new logon was created, i.e. the account that was logged on.

The network fields indicate where a remote logon request originated. Workstation name is not always available and may be left blank in some cases.

The impersonation level field indicates the extent to which a process in the logon session can impersonate.

The authentication information fields provide detailed information about this specific logon request.
 - Logon GUID is a unique identifier that can be used to correlate this event with a KDC event.
 - Transited services indicate which intermediate services have participated in this logon request.
 - Package name indicates which sub-protocol was used among the NTLM protocols.
 - Key length indicates the length of the generated session key. This will be 0 if no session key was requested.",,Logon,,,,20,13,3,february,54,thursday,2020,local,"HOST-005",,,,,,,,,false,,,,"Domain_D","HOST-005",,untrust,,false,false,false,,"HOST-005",,,,,,,,,false,,,,"HOST-005",,untrust,,false,false,false,,481450384,"windows_logon_success wineventlog_security wineventlog_windows winsec","HOST-005",481450384,,main,,,,72,,,"HOST-005
user_j","Domain_D\SYSTEM
Domain_D\user_j","Domain_D\",,"An account was successfully logged on",,WinEventLog,,,,,,,0xF915,Windows,,,"//_::_==____.====-====_=_____.:__:__\__:__-__:____",,,,0xB111,informational,0,,,"An account was successfully logged on",4624,"WinEventLog:Security",WinEventLog,"prd-p-g7nxxbgc3hgl",,"HOST-005",,,,,,,,,false,,,,"Domain_D","HOST-005",,untrust,18095,,false,,false,false,"HOST-005",,,,,,,,,,,,,,,,,false,,,,,success,,"An account was successfully logged on",failure,,,"authentication
local
os
security
success
windows",,,,success,local,,,,"authentication
os
security
windows",,,,,,,,,,,,,,,22,0,,"user_j",,,,,,,,,,,,,,,,,,,false,,,,,Microsoft,,
,"Domain_C
Domain_C",,"user_g
user_b",,,,,,,,,,,,,,,"Account Management",,,,,,,,"ACME-003",,,,,,,,,"-",4726,"A user account was deleted",0,,,,,,,,,,,,,,,,,"Audit Success",,,,,Security,,,,,0xEB5F,,,,,,,,,"A user account was deleted.

Subject:
	Security ID:		Domain_C\user_g
	Account Name:		user_g
	Account Domain:		Domain_C
	Logon ID:		0xEB5F

Target Account:
	Security ID:		Domain_C\user_b
	Account Name:		user_b
	Account Domain:		Domain_C

Additional Information:
	Privileges	SeDebugPrivilege",,,,,,,,,,,,,,,Info,,,,,,,,,,,,,,,,998543575,,,,,,"Domain_C\user_g
Domain_C\user_b",,,"Microsoft Windows security auditing.",,,,,,,,,,,,,,,,,,,"User Account Management",,,,,Information,,,,,,,,,,,,"02/13/2020 08:03:54 PM
LogName=Security
SourceName=Microsoft Windows security auditing.
EventCode=4726
EventType=0
Type=Information
ComputerName=ACME-003
TaskCategory=User Account Management
OpCode=Info
RecordNumber=998543575
Keywords=Audit Success
Message=A user account was deleted.

Subject:
	Security ID:		Domain_C\user_g
	Account Name:		user_g
	Account Domain:		Domain_C
	Logon ID:		0xEB5F

Target Account:
	Security ID:		Domain_C\user_b
	Account Name:		user_b
	Account Domain:		Domain_C

Additional Information:
	Privileges	SeDebugPrivilege
","2020-02-13T20:03:54.000+0000",deleted,"win:unknown","A user account was deleted.

Subject:
	Security ID:		Domain_C\user_g
	Account Name:		user_g
	Account Domain:		Domain_C
	Logon ID:		0xEB5F

Target Account:
	Security ID:		Domain_C\user_b
	Account Name:		user_b
	Account Domain:		Domain_C

Additional Information:
	Privileges	SeDebugPrivilege",,"User Account Management",user,,,20,13,3,february,54,thursday,2020,local,"ACME-003",,,,,,,,,false,,,,"Domain_C","ACME-003",,untrust,,false,false,false,,"ACME-003",,,,,,,,,false,,,,"ACME-003",,untrust,,false,false,false,,998543575,"windows_account_deleted windows_account_management wineventlog_security wineventlog_windows winsec","ACME-003",998543575,,main,,,,27,,,"user_g
user_b","Domain_C\user_g
Domain_C\user_b","Domain_C\",deleted,"A user account was deleted",,WinEventLog,user,,,,,,,Windows,,,"//_::_==___.====-=__===_=____.:t_:tt\t_:ttt_:ttt_:",,,,0xEB5F,informational,0,,,"A user account was deleted",4726,"WinEventLog:Security",WinEventLog,"prd-p-g7nxxbgc3hgl",,,,,,,,,,,,,,,"Domain_C",,,,,,,,,,"user_g",,,,,,,,,,,,,,,,,false,,,,,success,,"A user account was deleted",failure,"Account Management",,"account
change
delete
management
os
security
windows",,,,,,,,,"account
change
delete
management
os
security
windows",,,,,,,,,,,,,,,22,0,,"user_b",,,,,,,,,,,,,,,,,,,false,,,,,Microsoft,,
,"Domain_C
Domain_C","2020-02-13 20:03:54 PM","user_j
user_l",,,,"server_1/coumputer_a",,,,,,,,,,,"Account Management",,,,,,,,"SE-004",,,fff,,,,,,"-",4738,"A user account was changed",0,,,,,,,,"<value not set>","<value not set>",,,,,,,,"Audit Success",,,,,Security,,,,"Tuesday 8:00 PM -Wednesday 10:00 AM",0xB111,,,,"SAM Account Name: user_d
 Display Name:  fff
 User Principal Name: bbb@BBB.local
 Home Directory:  <value not set>
 Home Drive:  <value not set>
 Script Path:  \a\b
 Profile Path:  \f
 User Workstations: <value not set>
 Password Last Set: <never>
 Account Expires:  2020-02-13 20:03:54 PM
 Primary Group ID: 678
 AllowedToDelegateTo: server_1/coumputer_a
 Old UAC Value:  00F9754
 New UAC Value:  F620711
 User Account Control: NOT_DELEGATED - Enabled
 User Parameters: <value not set>
 SID History:  -
 Logon Hours:  Tuesday 8:00 PM -Wednesday 10:00 AM",,,,,"A User account was changed.

Subject:
 Security ID:  Domain_C\user_j
 Account Name:  user_j
 Account Domain:  Domain_C
 Logon ID:  0xB111

Target Account:
 Security ID:  Domain_C\user_l
 Account Name:  user_l
 Account Domain:  Domain_C

Changed Attributes:
 SAM Account Name: user_d
 Display Name:  fff
 User Principal Name: bbb@BBB.local
 Home Directory:  <value not set>
 Home Drive:  <value not set>
 Script Path:  \a\b
 Profile Path:  \f
 User Workstations: <value not set>
 Password Last Set: <never>
 Account Expires:  2020-02-13 20:03:54 PM
 Primary Group ID: 678
 AllowedToDelegateTo: server_1/coumputer_a
 Old UAC Value:  00F9754
 New UAC Value:  F620711
 User Account Control: NOT_DELEGATED - Enabled
 User Parameters: <value not set>
 SID History:  -
 Logon Hours:  Tuesday 8:00 PM -Wednesday 10:00 AM

Additional Information:
 Privileges:  SeDebugPrivilege",,,,,,,,,,,,F620711,,00F9754,Info,,,,"<never>",,,,678,,,SeDebugPrivilege,,,"\f",,499719592,,,"user_d","-","\a\b","Domain_C\user_j
Domain_C\user_l",,,"Microsoft Windows security auditing.",,,,,,,,,,,,,,,,,,,"User Account Management",,,,,Information,,"NOT_DELEGATED - Enabled",,,"<value not set>","bbb@BBB.local","<value not set>",,,,,"02/13/2020 08:03:54 PM
LogName=Security
SourceName=Microsoft Windows security auditing.
EventCode=4738
EventType=0
Type=Information
ComputerName=SE-004
TaskCategory=User Account Management
OpCode=Info
RecordNumber=499719592
Keywords=Audit Success
Message=A User account was changed.

Subject:
 Security ID:  Domain_C\user_j
 Account Name:  user_j
 Account Domain:  Domain_C
 Logon ID:  0xB111

Target Account:
 Security ID:  Domain_C\user_l
 Account Name:  user_l
 Account Domain:  Domain_C

Changed Attributes:
 SAM Account Name: user_d
 Display Name:  fff
 User Principal Name: bbb@BBB.local
 Home Directory:  <value not set>
 Home Drive:  <value not set>
 Script Path:  \a\b
 Profile Path:  \f
 User Workstations: <value not set>
 Password Last Set: <never>
 Account Expires:  2020-02-13 20:03:54 PM
 Primary Group ID: 678
 AllowedToDelegateTo: server_1/coumputer_a
 Old UAC Value:  00F9754
 New UAC Value:  F620711
 User Account Control: NOT_DELEGATED - Enabled
 User Parameters: <value not set>
 SID History:  -
 Logon Hours:  Tuesday 8:00 PM -Wednesday 10:00 AM

Additional Information:
 Privileges:  SeDebugPrivilege
","2020-02-13T20:03:54.000+0000",modified,"win:unknown","A User account was changed.

Subject:
 Security ID:  Domain_C\user_j
 Account Name:  user_j
 Account Domain:  Domain_C
 Logon ID:  0xB111

Target Account:
 Security ID:  Domain_C\user_l
 Account Name:  user_l
 Account Domain:  Domain_C

Changed Attributes:
 SAM Account Name: user_d
 Display Name:  fff
 User Principal Name: bbb@BBB.local
 Home Directory:  <value not set>
 Home Drive:  <value not set>
 Script Path:  \a\b
 Profile Path:  \f
 User Workstations: <value not set>
 Password Last Set: <never>
 Account Expires:  2020-02-13 20:03:54 PM
 Primary Group ID: 678
 AllowedToDelegateTo: server_1/coumputer_a
 Old UAC Value:  00F9754
 New UAC Value:  F620711
 User Account Control: NOT_DELEGATED - Enabled
 User Parameters: <value not set>
 SID History:  -
 Logon Hours:  Tuesday 8:00 PM -Wednesday 10:00 AM

Additional Information:
 Privileges:  SeDebugPrivilege",,"User Account Management",user,,,20,13,3,february,54,thursday,2020,local,"SE-004",,,,,,,,,false,,,,"Domain_C","SE-004",,untrust,,false,false,false,,"SE-004",,,,,,,,,false,,,,"SE-004",,untrust,,false,false,false,,499719592,"windows_account_management windows_account_modified wineventlog_security wineventlog_windows winsec","SE-004",499719592,,main,,,,47,,,"user_j
user_l","Domain_C\user_j
Domain_C\user_l","Domain_C\",,"A user account was changed",,WinEventLog,user,,,,"Debug programs",SeDebugPrivilege,,Windows,,,"//_::_==___.====-=__===_=____.:__:__\__:____:____:",,,,0xB111,informational,0,,,"A user account was changed",4738,"WinEventLog:Security",WinEventLog,"prd-p-g7nxxbgc3hgl",,,,,,,,,,,,,,,"Domain_C",,,,,,,,,,"user_j",,,,,,,,,,,,,,,,,false,,,,,success,,"A user account was changed",failure,"Account Management",,"account
change
management
modify
os
security
windows",,,,,,,,,"account
change
management
modify
os
security
windows",,,,,,,,,,,,,,,22,0,,"user_l",,,,,,678,,,,,,,,,,,,,false,,,,,Microsoft,SeDebugPrivilege,
SeNetworkLogonRight,"Domain_E",,"SE-006
Domain_E\user_h",,,,,,,,,,,,,,,,,,,,,,,"SE-006",,,,,,,,,"-",4717,"System security access was granted to an account",0,,,,,,,,,,,,,,,,,"Audit Success",,,,,Security,,,,,0xA19C,,,,,,,,,"System security access was granted to an account.

Subject:
	Security ID:		Domain_E\SYSTEM
	Account Name:		SE-006
	Account Domain:		Domain_E
	Logon ID:		0xA19C

Account Modified:
	Account Name:		Domain_E\user_h

Access Granted:
	Access Right:		SeNetworkLogonRight",,,,,,,,,,,,,,,Info,,,,,,,,,,,,,,,,231301884,,,,,,"Domain_E\SYSTEM",,,"Microsoft Windows security auditing.",,,,,,,,,,,,,,,,,,,"Authentication Policy Change",,,,,Information,,,,,,,,,,,,"02/13/2020 08:03:53 PM
LogName=Security
SourceName=Microsoft Windows security auditing.
EventCode=4717
EventType=0
Type=Information
ComputerName=SE-006
TaskCategory=Authentication Policy Change
OpCode=Info
RecordNumber=231301884
Keywords=Audit Success
Message=System security access was granted to an account.

Subject:
	Security ID:		Domain_E\SYSTEM
	Account Name:		SE-006
	Account Domain:		Domain_E
	Logon ID:		0xA19C

Account Modified:
	Account Name:		Domain_E\user_h

Access Granted:
	Access Right:		SeNetworkLogonRight
","2020-02-13T20:03:53.000+0000",success,"win:unknown","System security access was granted to an account.

Subject:
	Security ID:		Domain_E\SYSTEM
	Account Name:		SE-006
	Account Domain:		Domain_E
	Logon ID:		0xA19C

Account Modified:
	Account Name:		Domain_E\user_h

Access Granted:
	Access Right:		SeNetworkLogonRight",,"Authentication Policy Change",,,,20,13,3,february,53,thursday,2020,local,"SE-006",,,,,,,,,false,,,,"Domain_E","SE-006",,untrust,,false,false,false,,"SE-006",,,,,,,,,false,,,,"SE-006",,untrust,,false,false,false,,231301884,"windows_security_access_granted wineventlog_security wineventlog_windows winsec","SE-006",231301884,,main,,,,25,,,"SE-006
Domain_E\user_h","Domain_E\SYSTEM","Domain_E\",,"System security access was granted to an account",,WinEventLog,,,,,,,,Windows,,,"//_::_==___.====-=__===_=_______.:t_:tt\t_:tt-t_:t",,,,0xA19C,informational,0,,,"System security access was granted to an account",4717,"WinEventLog:Security",WinEventLog,"prd-p-g7nxxbgc3hgl",,,,,,,,,,,,,,,"Domain_E",,,,,,,,,,"SE-006",,,,,,,,,,,,,,,,,false,,,,,success,,"System security access was granted to an account",failure,,,"access
account
add
authorization
change
os
security
success
windows",,,,success,,,,,"access
account
add
authorization
change
os
security
windows",,,,,,,,,,,,,,,22,0,,"Domain_E\user_h",,,,,,,,,,,,,,,,,,,false,,,,,Microsoft,,
,"Domain_C",,"user_f",,,,,,,,,,,,,,,,,,,,,,,"HOST-001",,,,,,,,,"-",1102,"The audit log was cleared",4,,,,,,,,,,,,,,,,,"Audit Success",,,,,Security,,,,,0xA369,,,,,,,,,"The audit log was cleared.
Subject:
	Security ID:		Domain_C\user_f
	Account Name:		user_f
	Account Domain:		Domain_C
	Logon ID:		0xA369",,,,,,,,,,,,,,,Info,,,,,,,,,,,,,,,,368553430,,,,,,"Domain_C\user_f",,,"Microsoft-Windows-Eventlog",,,,,,,,,,,,,,,,,,,"Log clear",,,,,Information,,,,,,,,,,,,"02/13/2020 08:03:53 PM
LogName=Security
SourceName=Microsoft-Windows-Eventlog
EventCode=1102
EventType=4
Type=Information
ComputerName=HOST-001
TaskCategory=Log clear
OpCode=Info
RecordNumber=368553430
Keywords=Audit Success
Message=The audit log was cleared.
Subject:
	Security ID:		Domain_C\user_f
	Account Name:		user_f
	Account Domain:		Domain_C
	Logon ID:		0xA369
","2020-02-13T20:03:53.000+0000",cleared,"win:unknown","The audit log was cleared.
Subject:
	Security ID:		Domain_C\user_f
	Account Name:		user_f
	Account Domain:		Domain_C
	Logon ID:		0xA369",,"Log clear",audit,,,20,13,3,february,53,thursday,2020,local,"HOST-001",,,,,,,,,false,,,,"Domain_C","HOST-001",,untrust,,false,false,false,,"HOST-001",,,,,,,,,false,,,,"HOST-001",,untrust,,false,false,false,,368553430,"windows_audit_log_cleared wineventlog_security wineventlog_windows winsec","HOST-001",368553430,,main,,,,18,,,"user_f","Domain_C\user_f","Domain_C\",,"The audit log was cleared",,WinEventLog,audit,,,,,,,Windows,,,"//_::_==--====-=_===_=____.:t_:tt\t_:ttt_:ttt_:tt",,,,0xA369,informational,4,,,"The audit log was cleared",1102,"WinEventLog:Security",WinEventLog,"prd-p-g7nxxbgc3hgl",,,,,,,,,,,,,,,"Domain_C",,,,,,,,,,,,,,,,,,,,,,,,,,,,,,,,success,,"The audit log was cleared",failure,,,"audit
change
cleared
delete
endpoint
os
security
watchlist
windows",,,,,,,,,"audit
change
cleared
delete
endpoint
os
security
watchlist
windows",,,,,,,,,,,,,,,22,0,,"user_f",,,,,,,,,,,,,,,,,,,false,,,,,Microsoft,,
,"Domain_C",,"user_h",,,,,,,,,,,,,,,,,,,,,,,"PROD-MFS-001",,,,,,,,,"-",1102,"The audit log was cleared",4,,,,,,,,,,,,,,,,,"Audit Success",,,,,Security,,,,,0xA19C,,,,,,,,,"The audit log was cleared.
Subject:
	Security ID:		Domain_C\user_h
	Account Name:		user_h
	Account Domain:		Domain_C
	Logon ID:		0xA19C",,,,,,,,,,,,,,,Info,,,,,,,,,,,,,,,,89055918,,,,,,"Domain_C\user_h",,,"Microsoft-Windows-Eventlog",,,,,,,,,,,,,,,,,,,"Log clear",,,,,Information,,,,,,,,,,,,"02/13/2020 08:03:53 PM
LogName=Security
SourceName=Microsoft-Windows-Eventlog
EventCode=1102
EventType=4
Type=Information
ComputerName=PROD-MFS-001
TaskCategory=Log clear
OpCode=Info
RecordNumber=89055918
Keywords=Audit Success
Message=The audit log was cleared.
Subject:
	Security ID:		Domain_C\user_h
	Account Name:		user_h
	Account Domain:		Domain_C
	Logon ID:		0xA19C
","2020-02-13T20:03:53.000+0000",cleared,"win:unknown","The audit log was cleared.
Subject:
	Security ID:		Domain_C\user_h
	Account Name:		user_h
	Account Domain:		Domain_C
	Logon ID:		0xA19C",,"Log clear",audit,,,20,13,3,february,53,thursday,2020,local,"PROD-MFS-001",,,,,,,,,false,,,,"Domain_C","PROD-MFS-001",,untrust,,false,false,false,,"PROD-MFS-001",,,,,,,,,false,,,,"PROD-MFS-001",,untrust,,false,false,false,,89055918,"windows_audit_log_cleared wineventlog_security wineventlog_windows winsec","PROD-MFS-001",89055918,,main,,,,18,,,"user_h","Domain_C\user_h","Domain_C\",,"The audit log was cleared",,WinEventLog,audit,,,,,,,Windows,,,"//_::_==--====--=_===_=____.:t_:tt\t_:ttt_:ttt_:tt",,,,0xA19C,informational,4,,,"The audit log was cleared",1102,"WinEventLog:Security",WinEventLog,"prd-p-g7nxxbgc3hgl",,,,,,,,,,,,,,,"Domain_C",,,,,,,,,,,,,,,,,,,,,,,,,,,,,,,,success,,"The audit log was cleared",failure,,,"audit
change
cleared
delete
endpoint
os
security
watchlist
windows",,,,,,,,,"audit
change
cleared
delete
endpoint
os
security
watchlist
windows",,,,,,,,,,,,,,,22,0,,"user_h",,,,,,,,,,,,,,,,,,,false,,,,,Microsoft,,
,"Domain_C
Domain_C","<never>","user_e
user_e",,,,"-",,,,,,,,,,,"Account Management",,,,,,,,"BUSDEV-003",,,fff,,,,,,"-",4738,"A user account was changed",0,,,,,,,,"\a\b\c","<value not set>",,,,,,,,"Audit Success",,,,,Security,,,,"Monday 2:00 PM -Tuesday 6:00 PM",0x0452,,,,"SAM Account Name: user_i
 Display Name:  fff
 User Principal Name: -
 Home Directory:  \a\b\c
 Home Drive:  <value not set>
 Script Path:  \a
 Profile Path:  \a\b
 User Workstations: <value not set>
 Password Last Set: 2020-02-13 20:03:53 PM
 Account Expires:  <never>
 Primary Group ID: 337
 AllowedToDelegateTo: -
 Old UAC Value:  EEE1EFE
 New UAC Value:  3B869DF
 User Account Control: SCRIPT - Disabled
 User Parameters: <value not set>
 SID History:  Domain_a/aaa
 Logon Hours:  Monday 2:00 PM -Tuesday 6:00 PM",,,,,"A User account was changed.

Subject:
 Security ID:  Domain_C\user_e
 Account Name:  user_e
 Account Domain:  Domain_C
 Logon ID:  0x0452

Target Account:
 Security ID:  Domain_C\user_e
 Account Name:  user_e
 Account Domain:  Domain_C

Changed Attributes:
 SAM Account Name: user_i
 Display Name:  fff
 User Principal Name: -
 Home Directory:  \a\b\c
 Home Drive:  <value not set>
 Script Path:  \a
 Profile Path:  \a\b
 User Workstations: <value not set>
 Password Last Set: 2020-02-13 20:03:53 PM
 Account Expires:  <never>
 Primary Group ID: 337
 AllowedToDelegateTo: -
 Old UAC Value:  EEE1EFE
 New UAC Value:  3B869DF
 User Account Control: SCRIPT - Disabled
 User Parameters: <value not set>
 SID History:  Domain_a/aaa
 Logon Hours:  Monday 2:00 PM -Tuesday 6:00 PM

Additional Information:
 Privileges:  SeRestorePrivilege",,,,,,,,,,,,3B869DF,,EEE1EFE,Info,,,,"2020-02-13 20:03:53 PM",,,,337,,,SeRestorePrivilege,,,"\a\b",,148373966,,,"user_i","Domain_a/aaa","\a","Domain_C\user_e
Domain_C\user_e",,,"Microsoft Windows security auditing.",,,,,,,,,,,,,,,,,,,"User Account Management",,,,,Information,,"SCRIPT - Disabled",,,"<value not set>","-","<value not set>",,,,,"02/13/2020 08:03:53 PM
LogName=Security
SourceName=Microsoft Windows security auditing.
EventCode=4738
EventType=0
Type=Information
ComputerName=BUSDEV-003
TaskCategory=User Account Management
OpCode=Info
RecordNumber=148373966
Keywords=Audit Success
Message=A User account was changed.

Subject:
 Security ID:  Domain_C\user_e
 Account Name:  user_e
 Account Domain:  Domain_C
 Logon ID:  0x0452

Target Account:
 Security ID:  Domain_C\user_e
 Account Name:  user_e
 Account Domain:  Domain_C

Changed Attributes:
 SAM Account Name: user_i
 Display Name:  fff
 User Principal Name: -
 Home Directory:  \a\b\c
 Home Drive:  <value not set>
 Script Path:  \a
 Profile Path:  \a\b
 User Workstations: <value not set>
 Password Last Set: 2020-02-13 20:03:53 PM
 Account Expires:  <never>
 Primary Group ID: 337
 AllowedToDelegateTo: -
 Old UAC Value:  EEE1EFE
 New UAC Value:  3B869DF
 User Account Control: SCRIPT - Disabled
 User Parameters: <value not set>
 SID History:  Domain_a/aaa
 Logon Hours:  Monday 2:00 PM -Tuesday 6:00 PM

Additional Information:
 Privileges:  SeRestorePrivilege
","2020-02-13T20:03:53.000+0000",modified,"win:unknown","A User account was changed.

Subject:
 Security ID:  Domain_C\user_e
 Account Name:  user_e
 Account Domain:  Domain_C
 Logon ID:  0x0452

Target Account:
 Security ID:  Domain_C\user_e
 Account Name:  user_e
 Account Domain:  Domain_C

Changed Attributes:
 SAM Account Name: user_i
 Display Name:  fff
 User Principal Name: -
 Home Directory:  \a\b\c
 Home Drive:  <value not set>
 Script Path:  \a
 Profile Path:  \a\b
 User Workstations: <value not set>
 Password Last Set: 2020-02-13 20:03:53 PM
 Account Expires:  <never>
 Primary Group ID: 337
 AllowedToDelegateTo: -
 Old UAC Value:  EEE1EFE
 New UAC Value:  3B869DF
 User Account Control: SCRIPT - Disabled
 User Parameters: <value not set>
 SID History:  Domain_a/aaa
 Logon Hours:  Monday 2:00 PM -Tuesday 6:00 PM

