Process Information:
	Process ID:		0x16c4
	Process Name:		abc\file\path\C50149F.exe",,"Authentication Policy Change",,,,20,13,3,february,41,thursday,2020,local,"BUSDEV-007",,,,,,,,,false,,,,WINDOWS,"BUSDEV-007",,untrust,,false,false,false,,"BUSDEV-007",,,,,,,,,false,,,,"BUSDEV-007",,untrust,,false,false,false,,165268320,"wineventlog_security wineventlog_windows winsec","BUSDEV-007",165268320,,main,,,,28,,,"ABCDE
ABCDE","WINDOWS\krbtgt
WINDOWS\krbtgt","WINDOWS\",,,,WinEventLog,,,,,,,0x16c4,Windows,,,"//_::_==___.====-=__===_=_'_____.:t_:tt\t_:ttt_:tt",,,,0x851,informational,Information,,,,4798,"WinEventLog:Security",WinEventLog,"prd-p-g7nxxbgc3hgl",,,,,,,,,,,,,,,WINDOWS,,,,,,,,,,ABCDE,,,,,,,,,,,,,,,,,false,,,,,success,,,failure,,,"os
security
success
windows",,,,success,,,,,"os
security
windows",,,,,,,,,,,,,,,22,0,,ABCDE,,,,,,,,,,,,,,,,,,,false,,,,,Microsoft,,
,"Domain_C",,"user_b",,,,,,,,,,,,,,,,,,,,,,,"$SPLUNK_HOME/etc/apps/Splunk_TA_windows/samples/hostname.sample",0x2D3A,,,,,,,,"-",4688,"A new process has been created",0,,,,,,,,,,,,,,,,,"Audit Success",,,,,Security,,,,,0x3A81,,,,,,,,,"A new process has been created.
Subject:
	Security ID:		Domain_C\user_b
	Account Name:		user_b
	Account Domain:		Domain_C
	Logon ID:		0x3A81
Process Information:
	New Process ID:		0xAF2E
	New Process Name:	C:\Windows\System32\example_c.exe
	Token Elevation Type:	TokenElevationTypeDefault (1)
	Creator Process ID:	0x2D3A
Token Elevation Type indicates the type of token that was assigned to the new process in accordance with User Account Control policy.
Type 1 is a full token with no privileges removed or groups disabled.  A full token is only used if User Account Control is disabled or if the User is the built-in Administrator account or a service account.
Type 2 is an elevated token with no privileges removed or groups disabled.  An elevated token is used when User Account Control is enabled and the User chooses to start the program using Run as administrator.  An elevated token is also used when an application is configured to always require administrative privilege or to always require maximum privilege, and the User is a member of the Administrators group.
Type 3 is a limited token with administrative privileges removed and administrative groups disabled.  The limited token is used when User Account Control is enabled, the application does not require administrative privilege, and the User does not choose to start the program using Run as administrator.",,,,,,,,,,0xAF2E,"C:\Windows\System32\example_c.exe",,,,Info,,,,,,,,,,,,,,,,475501565,,,,,,"Domain_C\user_b",,,"Microsoft Windows security auditing.",,,,,,,,,,,,,,,,,,,"Process Creation",,"TokenElevationTypeDefault (1)",1,,Information,,,,,,,,,,,,"02/13/2020 08:03:40 PM
LogName=Security
SourceName=Microsoft Windows security auditing.
EventCode=4688
EventType=0
Type=Information
ComputerName=$SPLUNK_HOME/etc/apps/Splunk_TA_windows/samples/hostname.sample
TaskCategory=Process Creation
OpCode=Info
RecordNumber=475501565
Keywords=Audit Success
Message=A new process has been created.
Subject:
	Security ID:		Domain_C\user_b
	Account Name:		user_b
	Account Domain:		Domain_C
	Logon ID:		0x3A81
Process Information:
	New Process ID:		0xAF2E
	New Process Name:	C:\Windows\System32\example_c.exe
	Token Elevation Type:	TokenElevationTypeDefault (1)
	Creator Process ID:	0x2D3A
Token Elevation Type indicates the type of token that was assigned to the new process in accordance with User Account Control policy.
Type 1 is a full token with no privileges removed or groups disabled.  A full token is only used if User Account Control is disabled or if the User is the built-in Administrator account or a service account.
Type 2 is an elevated token with no privileges removed or groups disabled.  An elevated token is used when User Account Control is enabled and the User chooses to start the program using Run as administrator.  An elevated token is also used when an application is configured to always require administrative privilege or to always require maximum privilege, and the User is a member of the Administrators group.
Type 3 is a limited token with administrative privileges removed and administrative groups disabled.  The limited token is used when User Account Control is enabled, the application does not require administrative privilege, and the User does not choose to start the program using Run as administrator.
","2020-02-13T20:03:40.000+0000",success,"win:unknown","A new process has been created.
Subject:
	Security ID:		Domain_C\user_b
	Account Name:		user_b
	Account Domain:		Domain_C
	Logon ID:		0x3A81
Process Information:
	New Process ID:		0xAF2E
	New Process Name:	C:\Windows\System32\example_c.exe
	Token Elevation Type:	TokenElevationTypeDefault (1)
	Creator Process ID:	0x2D3A
Token Elevation Type indicates the type of token that was assigned to the new process in accordance with User Account Control policy.
Type 1 is a full token with no privileges removed or groups disabled.  A full token is only used if User Account Control is disabled or if the User is the built-in Administrator account or a service account.
Type 2 is an elevated token with no privileges removed or groups disabled.  An elevated token is used when User Account Control is enabled and the User chooses to start the program using Run as administrator.  An elevated token is also used when an application is configured to always require administrative privilege or to always require maximum privilege, and the User is a member of the Administrators group.
Type 3 is a limited token with administrative privileges removed and administrative groups disabled.  The limited token is used when User Account Control is enabled, the application does not require administrative privilege, and the User does not choose to start the program using Run as administrator.",,"Process Creation",,,,20,13,3,february,40,thursday,2020,local,"$SPLUNK_HOME/etc/apps/Splunk_TA_windows/samples/hostname.sample",,,,,,,,,false,,,,"Domain_C","$SPLUNK_HOME/etc/apps/Splunk_TA_windows/samples/hostname.sample",,untrust,,false,false,false,,"$SPLUNK_HOME/etc/apps/Splunk_TA_windows/samples/hostname.sample",,,,,,,,,false,,,,"$SPLUNK_HOME/etc/apps/Splunk_TA_windows/samples/hostname.sample",,untrust,,false,false,false,,475501565,"windows_process_new wineventlog_security wineventlog_windows winsec","$SPLUNK_HOME/etc/apps/Splunk_TA_windows/samples/hostname.sample",475501565,,main,,,,27,,,"user_b","Domain_C\user_b","Domain_C\",,"A new process has been created",,WinEventLog,,,,,,,,Windows,,,"//_::_==___.====$/////.=_===_=_____.:t_:tt\t_:ttt_",,,,0x3A81,informational,0,,,"A new process has been created",4688,"WinEventLog:Security",WinEventLog,"prd-p-g7nxxbgc3hgl",,,,,,,,,,,,,,,"Domain_C",,,,,,,,,,,,,,,,,,,,,,,,,,,,,,,,success,,"A new process has been created",failure,,,"execute
os
process
security
start
success
windows",,,,success,,,,,"execute
os
process
security
start
windows",,,,,,,,,,,,,,,22,0,,"user_b",,,,,,,,,,,,,,,,,,,false,,,,,Microsoft,,
,,,,,,,,,,NTLM,,,,,,,,,,,,,,,,"BUSDEV-003",,,,,,,,,0xE,4776,"The domain controller attempted to validate the credentials for an account",Information,,,,,,,,,,,,,,,,,"Audit Success",,,,,Security,,D19F,,,,,,,,,,,,"The computer attempted to validate the credentials for an account.

Authentication Package:	NTLM
Logon Account:	D19F
Source Workstation:	B7E5BF99
Error Code:	0xE",,,,,,,,,,,,,,,Info,,,,,,,,,,,,,,,,746415890,,,,,,,,,"Microsoft Windows security auditing.",,,B7E5BF99,,,,,,,,,,,,,,,,"Authentication Policy Change",,,,,Information,,,,,,,,,,,,"02/13/2020 08:03:40 PM
LogName=Security
SourceName=Microsoft Windows security auditing.
EventCode=4776
EventType=Information
Type=Information
ComputerName=BUSDEV-003
TaskCategory=Authentication Policy Change
OpCode=Info
RecordNumber=746415890
Keywords=Audit Success
Message=The computer attempted to validate the credentials for an account.

Authentication Package:	NTLM
Logon Account:	D19F
Source Workstation:	B7E5BF99
Error Code:	0xE

","2020-02-13T20:03:40.000+0000",success,"win:unknown","The computer attempted to validate the credentials for an account.

Authentication Package:	NTLM
Logon Account:	D19F
Source Workstation:	B7E5BF99
Error Code:	0xE",,"Authentication Policy Change",,,,20,13,3,february,40,thursday,2020,local,"BUSDEV-003",,,,,,,,,false,,,,,"BUSDEV-003",,untrust,,false,false,false,,"BUSDEV-003",,,,,,,,,false,,,,"BUSDEV-003",,untrust,,false,false,false,,746415890,"err0r nix_errors windows_account_used4logon wineventlog_security wineventlog_windows winsec","BUSDEV-003",746415890,,main,,,,19,,,,,,,"The domain controller attempted to validate the credentials for an account",,WinEventLog,,,,,,,,Windows,,,"//_::_==___.====-=__===_=_________._:t_:t_:t_:t",,,,,informational,Information,,,"The domain controller attempted to validate the credentials for an account",4776,"WinEventLog:Security",WinEventLog,"prd-p-g7nxxbgc3hgl",,B7E5BF99,,,,,,,,,false,,,,,B7E5BF99,,untrust,,,false,,false,false,,,,,,,,,,,,,,,,,,,,,,,success,,"The domain controller attempted to validate the credentials for an account",failure,,,"authentication
error
os
security
success
windows",,,,success,,,,,"authentication
error
os
security
windows",,,,,,,,,,,,,,,22,0,,D19F,,,,,,,,,,,,,,,,,,,false,,,,,Microsoft,,
,,,,,,,,,,"MICROSOFT_AUTHENTICATION_PACKAGE_V1_0",,,,,,,,,,,,,,,,"HOST-001",,,,,,,,,0xC0000064,4776,"The domain controller attempted to validate the credentials for an account",0,,,,,,,,,,,,,,,,,"Failure Audit",,,,,Security,,"user_j",,,,,,,,,,,,"The computer attempted to validate the credentials for an account.
Authentication Package: MICROSOFT_AUTHENTICATION_PACKAGE_V1_0
Logon Account: user_j
Source Workstation: HOST-001
Error Code: 0xC0000064",,,,,,,,,,,,,,,Info,,,,,,,,,,,,,,,,868798479,,,,,,,,,"Microsoft Windows security auditing.",,,"HOST-001",,,,,,,,,,,,,,,,"Credential Validation",,,,,Information,,,,,,,,,,,,"02/13/2020 08:03:40 PM
LogName=Security
SourceName=Microsoft Windows security auditing.
EventCode=4776
EventType=0
Type=Information
ComputerName=HOST-001
TaskCategory=Credential Validation
OpCode=Info
RecordNumber=868798479
Keywords=Failure Audit
Message=The computer attempted to validate the credentials for an account.
Authentication Package: MICROSOFT_AUTHENTICATION_PACKAGE_V1_0
Logon Account: user_j
Source Workstation: HOST-001
Error Code: 0xC0000064
","2020-02-13T20:03:40.000+0000",failure,"win:unknown","The computer attempted to validate the credentials for an account.
Authentication Package: MICROSOFT_AUTHENTICATION_PACKAGE_V1_0
Logon Account: user_j
Source Workstation: HOST-001
Error Code: 0xC0000064",,"Credential Validation",,,,20,13,3,february,40,thursday,2020,local,"HOST-001",,,,,,,,,false,,,,,"HOST-001",,untrust,,false,false,false,,"HOST-001",,,,,,,,,false,,,,"HOST-001",,untrust,,false,false,false,,868798479,"err0r nix_errors windows_account_used4logon wineventlog_security wineventlog_windows winsec","HOST-001",868798479,,main,,,,17,,,,,,,"The domain controller attempted to validate the credentials for an account",,WinEventLog,,,,,,,,Windows,,,"//_::_==___.====-=_===_=_________._:__:__:_-_:_",,,,,informational,0,,,"The domain controller attempted to validate the credentials for an account",4776,"WinEventLog:Security",WinEventLog,"prd-p-g7nxxbgc3hgl",,"HOST-001",,,,,,,,,false,,,,,"HOST-001",,untrust,,,false,,false,false,,,,,,,,,,,,,,,,,,,,,,,failure,,"The domain controller attempted to validate the credentials for an account",failure,,,"authentication
error
failure
os
security
windows",,,,failure,,,,,"authentication
error
os
security
windows",,,,,,,,,,,,,,,22,0,,"user_j",,,,,,,,,,,,,,,,,,,false,,,,,Microsoft,,
,"Domain_B
Domain_B",,"COREDEV-003
Alansari42",,localhost,,,,,,,,,,,,,,,,,,,,,"COREDEV-003",,,,,,,,,"-",4648,"A logon was attempted using explicit credentials",0,,,,,,,,,,,,,,,,,"Audit Success",,,,,Security,,,"{221B21A6-1AE2-3F9A-24EF-22C392AC2A47}
{27C4A2F2-13CA-AA25-E903-D31268740239}",,0x70E4,,,,,,,,,"A logon was attempted using explicit credentials.
Subject:
	Security ID:  Domain_B\SYSTEM
	Account Name:  COREDEV-003
	Account Domain:  Domain_B
	Logon ID:  0x70E4
	Logon GUID:		{221B21A6-1AE2-3F9A-24EF-22C392AC2A47}
Account Whose Credentials Were Used:
	Account Name:		Alansari42
	Account Domain:		Domain_B
	Logon GUID:		{27C4A2F2-13CA-AA25-E903-D31268740239}
Target Server:
	Target Server Name:	localhost
	Additional Information:	localhost
Process Information:
	Process ID:		BA84
	Process Name:		C:\Windows\System32\example_f.exe
Network Information:
	Network Address:	1.65.209.216
	Port:			12833
This event is generated when a process attempts to log on an account by explicitly specifying that account's credentials. This most commonly occurs in batch-type configurations such as scheduled tasks, or when using the RUNAS command.",,,,,,"1.65.209.216",,,,,,,,,Info,,,,,,12833,,,,,,BA84,"C:\Windows\System32\example_f.exe",,,293836487,,,,,,"Domain_B\SYSTEM",,,"Microsoft Windows security auditing.",,,,,,,,,,,,,,,,,localhost,,Logon,,,,,Information,,,,,,,,,,,,"02/13/2020 08:03:40 PM
LogName=Security
SourceName=Microsoft Windows security auditing.
EventCode=4648
EventType=0
Type=Information
ComputerName=COREDEV-003
TaskCategory=Logon
OpCode=Info
RecordNumber=293836487
Keywords=Audit Success
Message=A logon was attempted using explicit credentials.
Subject:
	Security ID:  Domain_B\SYSTEM
	Account Name:  COREDEV-003
	Account Domain:  Domain_B
	Logon ID:  0x70E4
	Logon GUID:		{221B21A6-1AE2-3F9A-24EF-22C392AC2A47}
Account Whose Credentials Were Used:
	Account Name:		Alansari42
	Account Domain:		Domain_B
	Logon GUID:		{27C4A2F2-13CA-AA25-E903-D31268740239}
Target Server:
	Target Server Name:	localhost
	Additional Information:	localhost
Process Information:
	Process ID:		BA84
	Process Name:		C:\Windows\System32\example_f.exe
Network Information:
	Network Address:	1.65.209.216
	Port:			12833
This event is generated when a process attempts to log on an account by explicitly specifying that account's credentials. This most commonly occurs in batch-type configurations such as scheduled tasks, or when using the RUNAS command.
","2020-02-13T20:03:40.000+0000",success,"win:remote","A logon was attempted using explicit credentials.
Subject:
	Security ID:  Domain_B\SYSTEM
	Account Name:  COREDEV-003
	Account Domain:  Domain_B
	Logon ID:  0x70E4
	Logon GUID:		{221B21A6-1AE2-3F9A-24EF-22C392AC2A47}
Account Whose Credentials Were Used:
	Account Name:		Alansari42
	Account Domain:		Domain_B
	Logon GUID:		{27C4A2F2-13CA-AA25-E903-D31268740239}
Target Server:
	Target Server Name:	localhost
	Additional Information:	localhost
Process Information:
	Process ID:		BA84
	Process Name:		C:\Windows\System32\example_f.exe
Network Information:
	Network Address:	1.65.209.216
	Port:			12833
This event is generated when a process attempts to log on an account by explicitly specifying that account's credentials. This most commonly occurs in batch-type configurations such as scheduled tasks, or when using the RUNAS command.",,Logon,,,,20,13,3,february,40,thursday,2020,local,localhost,,,,,,,,,false,,,,"Domain_B",localhost,,untrust,,false,false,false,,"COREDEV-003",,,,,,,,,false,,,,"COREDEV-003",,untrust,,false,false,false,,293836487,"windows_logon_explicit wineventlog_security wineventlog_windows winsec","COREDEV-003",293836487,,main,,,,33,,,"COREDEV-003
Alansari42","Domain_B\SYSTEM","Domain_B\",,"A logon was attempted using explicit credentials",,WinEventLog,,,,,,,,Windows,,,"//_::_==___.====-====_=______.:t_:__\t_:__-t_:__t_",,,,0x70E4,informational,0,,,"A logon was attempted using explicit credentials",4648,"WinEventLog:Security",WinEventLog,"prd-p-g7nxxbgc3hgl",,,,,,,,,,,,,,,"Domain_B",,,,,,,,,,"COREDEV-003",,,,,,,,,,,,,,,,,false,,,,,success,,"A logon was attempted using explicit credentials",failure,,,"authentication
os
privileged
remote
security
success
windows",,,,success,remote,,,,"authentication
os
privileged
security
windows",,,,,,,,,,,,,,,22,0,,Alansari42,,,,,,,,,,,,,,,,,,,false,,,,,Microsoft,,
,,,,,,,,,,"MICROSOFT_AUTHENTICATION_PACKAGE_V1_0",,,,,,,,,,,,,,,,"PROD-POS-001",,,,,,,,,0xC0000234,4776,"The domain controller attempted to validate the credentials for an account",0,,,,,,,,,,,,,,,,,"Failure Audit",,,,,Security,,"user_d",,,,,,,,,,,,"The computer attempted to validate the credentials for an account.
Authentication Package: MICROSOFT_AUTHENTICATION_PACKAGE_V1_0
Logon Account: user_d
Source Workstation: PROD-POS-001
Error Code: 0xC0000234",,,,,,,,,,,,,,,Info,,,,,,,,,,,,,,,,3126784,,,,,,,,,"Microsoft Windows security auditing.",,,"PROD-POS-001",,,,,,,,,,,,,,,,"Credential Validation",,,,,Information,,,,,,,,,,,,"02/13/2020 08:03:39 PM
LogName=Security
SourceName=Microsoft Windows security auditing.
EventCode=4776
EventType=0
Type=Information
ComputerName=PROD-POS-001
TaskCategory=Credential Validation
OpCode=Info
RecordNumber=3126784
Keywords=Failure Audit
Message=The computer attempted to validate the credentials for an account.
Authentication Package: MICROSOFT_AUTHENTICATION_PACKAGE_V1_0
Logon Account: user_d
Source Workstation: PROD-POS-001
Error Code: 0xC0000234
","2020-02-13T20:03:39.000+0000",failure,"win:unknown","The computer attempted to validate the credentials for an account.
Authentication Package: MICROSOFT_AUTHENTICATION_PACKAGE_V1_0
Logon Account: user_d
Source Workstation: PROD-POS-001
Error Code: 0xC0000234",,"Credential Validation",,,,20,13,3,february,39,thursday,2020,local,"PROD-POS-001",,,,,,,,,false,,,,,"PROD-POS-001",,untrust,,false,false,false,,"PROD-POS-001",,,,,,,,,false,,,,"PROD-POS-001",,untrust,,false,false,false,,3126784,"err0r nix_errors windows_account_used4logon wineventlog_security wineventlog_windows winsec","PROD-POS-001",3126784,,main,,,,17,,,,,,,"The domain controller attempted to validate the credentials for an account",,WinEventLog,,,,,,,,Windows,,,"//_::_==___.====--=_===_=_________._:__:__:_--_:_",,,,,informational,0,,,"The domain controller attempted to validate the credentials for an account",4776,"WinEventLog:Security",WinEventLog,"prd-p-g7nxxbgc3hgl",,"PROD-POS-001",,,,,,,,,false,,,,,"PROD-POS-001",,untrust,,,false,,false,false,,,,,,,,,,,,,,,,,,,,,,,failure,,"The domain controller attempted to validate the credentials for an account",failure,,,"authentication
error
failure
os
security
windows",,,,failure,,,,,"authentication
error
os
security
windows",,,,,,,,,,,,,,,22,0,,"user_d",,,,,,,,,,,,,,,,,,,false,,,,,Microsoft,,
,"Domain_B
Domain_B",,"user_h
user_e",,,,,,,,,,,,,,,"Account Management",,,,,,,,"PROD-POS-005",,,,,,,,,"-",4726,"A user account was deleted",0,,,,,,,,,,,,,,,,,"Audit Success",,,,,Security,,,,,0xA19C,,,,,,,,,"A user account was deleted.

Subject:
	Security ID:		Domain_B\user_h
	Account Name:		user_h
	Account Domain:		Domain_B
	Logon ID:		0xA19C

Target Account:
	Security ID:		Domain_B\user_e
	Account Name:		user_e
	Account Domain:		Domain_B

Additional Information:
	Privileges	-",,,,,,,,,,,,,,,Info,,,,,,,,,,,,,,,,620047978,,,,,,"Domain_B\user_h
Domain_B\user_e",,,"Microsoft Windows security auditing.",,,,,,,,,,,,,,,,,,,"User Account Management",,,,,Information,,,,,,,,,,,,"02/13/2020 08:03:39 PM
LogName=Security
SourceName=Microsoft Windows security auditing.
EventCode=4726
EventType=0
Type=Information
ComputerName=PROD-POS-005
TaskCategory=User Account Management
OpCode=Info
RecordNumber=620047978
Keywords=Audit Success
Message=A user account was deleted.

Subject:
	Security ID:		Domain_B\user_h
	Account Name:		user_h
	Account Domain:		Domain_B
	Logon ID:		0xA19C

Target Account:
	Security ID:		Domain_B\user_e
	Account Name:		user_e
	Account Domain:		Domain_B

Additional Information:
	Privileges	-
","2020-02-13T20:03:39.000+0000",deleted,"win:unknown","A user account was deleted.

Subject:
	Security ID:		Domain_B\user_h
	Account Name:		user_h
	Account Domain:		Domain_B
	Logon ID:		0xA19C

Target Account:
	Security ID:		Domain_B\user_e
	Account Name:		user_e
	Account Domain:		Domain_B

Additional Information:
	Privileges	-",,"User Account Management",user,,,20,13,3,february,39,thursday,2020,local,"PROD-POS-005",,,,,,,,,false,,,,"Domain_B","PROD-POS-005",,untrust,,false,false,false,,"PROD-POS-005",,,,,,,,,false,,,,"PROD-POS-005",,untrust,,false,false,false,,620047978,"windows_account_deleted windows_account_management wineventlog_security wineventlog_windows winsec","PROD-POS-005",620047978,,main,,,,27,,,"user_h
user_e","Domain_B\user_h
Domain_B\user_e","Domain_B\",deleted,"A user account was deleted",,WinEventLog,user,,,,,,,Windows,,,"//_::_==___.====--=__===_=____.:t_:tt\t_:ttt_:ttt_",,,,0xA19C,informational,0,,,"A user account was deleted",4726,"WinEventLog:Security",WinEventLog,"prd-p-g7nxxbgc3hgl",,,,,,,,,,,,,,,"Domain_B",,,,,,,,,,"user_h",,,,,,,,,,,,,,,,,false,,,,,success,,"A user account was deleted",failure,"Account Management",,"account
change
delete
management
os
security
windows",,,,,,,,,"account
change
delete
management
os
security
windows",,,,,,,,,,,,,,,22,0,,"user_e",,,,,,,,,,,,,,,,,,,false,,,,,Microsoft,,
,,,,,,,,,,"MICROSOFT_AUTHENTICATION_PACKAGE_V1_0",,,,,,,,,,,,,,,,"ops-sys-001",,,,,,,,,0xC0000064,4776,"The domain controller attempted to validate the credentials for an account",0,,,,,,,,,,,,,,,,,"Failure Audit",,,,,Security,,"user_d",,,,,,,,,,,,"The computer attempted to validate the credentials for an account.
Authentication Package: MICROSOFT_AUTHENTICATION_PACKAGE_V1_0
Logon Account: user_d
Source Workstation: ops-sys-001
Error Code: 0xC0000064",,,,,,,,,,,,,,,Info,,,,,,,,,,,,,,,,544009225,,,,,,,,,"Microsoft Windows security auditing.",,,"ops-sys-001",,,,,,,,,,,,,,,,"Credential Validation",,,,,Information,,,,,,,,,,,,"02/13/2020 08:03:39 PM
LogName=Security
SourceName=Microsoft Windows security auditing.
EventCode=4776
EventType=0
Type=Information
ComputerName=ops-sys-001
TaskCategory=Credential Validation
OpCode=Info
RecordNumber=544009225
Keywords=Failure Audit
Message=The computer attempted to validate the credentials for an account.
Authentication Package: MICROSOFT_AUTHENTICATION_PACKAGE_V1_0
Logon Account: user_d
Source Workstation: ops-sys-001
Error Code: 0xC0000064
","2020-02-13T20:03:39.000+0000",failure,"win:unknown","The computer attempted to validate the credentials for an account.
Authentication Package: MICROSOFT_AUTHENTICATION_PACKAGE_V1_0
Logon Account: user_d
Source Workstation: ops-sys-001
Error Code: 0xC0000064",,"Credential Validation",,,,20,13,3,february,39,thursday,2020,local,"ops-sys-001",,,,,,,,,false,,,,,"ops-sys-001",,untrust,,false,false,false,,"ops-sys-001",,,,,,,,,false,,,,"ops-sys-001",,untrust,,false,false,false,,544009225,"err0r nix_errors windows_account_used4logon wineventlog_security wineventlog_windows winsec","ops-sys-001",544009225,,main,,,,17,,,,,,,"The domain controller attempted to validate the credentials for an account",,WinEventLog,,,,,,,,Windows,,,"//_::_==___.====--=_===_=_________._:__:__:_--_:_",,,,,informational,0,,,"The domain controller attempted to validate the credentials for an account",4776,"WinEventLog:Security",WinEventLog,"prd-p-g7nxxbgc3hgl",,"ops-sys-001",,,,,,,,,false,,,,,"ops-sys-001",,untrust,,,false,,false,false,,,,,,,,,,,,,,,,,,,,,,,failure,,"The domain controller attempted to validate the credentials for an account",failure,,,"authentication
error
failure
os
security
windows",,,,failure,,,,,"authentication
error
os
security
windows",,,,,,,,,,,,,,,22,0,,"user_d",,,,,,,,,,,,,,,,,,,false,,,,,Microsoft,,
,"Builtin
Builtin",,"ADMINISTRATOR
ADMINISTRATOR",,,,,,,,,,,,,,,,,,,,,,,"PROD-POS-004",,,,,,,,,"-",4798,,Information,,,,,,,,,,,,,,,,,"Audit Success",,,,,Security,,,,,0xA3C,,,,,,,,,"A User's local group membership was enumerated.

Subject:
	Security ID:		WINDOWS\krbtgt
	Account Name:		ADMINISTRATOR
	Account Domain:		Builtin
	Logon ID:		0xA3C
User:
	Security ID:		WINDOWS\krbtgt
	Account Name:		ADMINISTRATOR
	Account Domain:		Builtin

Process Information:
	Process ID:		0x16c4
	Process Name:		abc\file\path\C5491FA.exe",,,,,,,,,,,,,,,Info,,,,,,,,,,,,0x16c4,"abc\file\path\C5491FA.exe",,,456387571,,,,,,"WINDOWS\krbtgt
WINDOWS\krbtgt",,,"Microsoft Windows security auditing.",,,,,,,,,,,,,,,,,,,"Authentication Policy Change",,,,,Information,,,,,,,,,,,,"02/13/2020 08:03:38 PM
LogName=Security
SourceName=Microsoft Windows security auditing.
EventCode=4798
EventType=Information
Type=Information
ComputerName=PROD-POS-004
TaskCategory=Authentication Policy Change
OpCode=Info
RecordNumber=456387571
Keywords=Audit Success
Message=A User's local group membership was enumerated.

Subject:
	Security ID:		WINDOWS\krbtgt
	Account Name:		ADMINISTRATOR
	Account Domain:		Builtin
	Logon ID:		0xA3C
User:
	Security ID:		WINDOWS\krbtgt
	Account Name:		ADMINISTRATOR
	Account Domain:		Builtin

Process Information:
	Process ID:		0x16c4
	Process Name:		abc\file\path\C5491FA.exe

","2020-02-13T20:03:38.000+0000",success,"win:unknown","A User's local group membership was enumerated.

Subject:
	Security ID:		WINDOWS\krbtgt
	Account Name:		ADMINISTRATOR
	Account Domain:		Builtin
	Logon ID:		0xA3C
User:
	Security ID:		WINDOWS\krbtgt
	Account Name:		ADMINISTRATOR
	Account Domain:		Builtin

Process Information:
	Process ID:		0x16c4
	Process Name:		abc\file\path\C5491FA.exe",,"Authentication Policy Change",,,,20,13,3,february,38,thursday,2020,local,"PROD-POS-004",,,,,,,,,false,,,,Builtin,"PROD-POS-004",,untrust,,false,false,false,,"PROD-POS-004",,,,,,,,,false,,,,"PROD-POS-004",,untrust,,false,false,false,,456387571,"wineventlog_security wineventlog_windows winsec","PROD-POS-004",456387571,,main,,,,28,,,"ADMINISTRATOR
ADMINISTRATOR","WINDOWS\krbtgt
WINDOWS\krbtgt","WINDOWS\",,,,WinEventLog,,,,,,,0x16c4,Windows,,,"//_::_==___.====--=__===_=_'_____.:t_:tt\t_:ttt_:t",,,,0xA3C,informational,Information,,,,4798,"WinEventLog:Security",WinEventLog,"prd-p-g7nxxbgc3hgl",,,,,,,,,,,,,,,Builtin,,,,,,,,,,ADMINISTRATOR,,,,,,,,,,,,,,,,,false,,,,,success,,,failure,,,"os
security
success
windows",,,,success,,,,,"os
security
windows",,,,,,,,,,,,,,,22,0,,ADMINISTRATOR,,,,,,,,,,,,,,,,,,,false,,,,,Microsoft,,
,"Domain_C
Domain_C","<never>","user_c
user_a",,,,,"server_2/computer_b",,,,,,,,,,"Account Management",,,,,,,,"PROD-POS-002",,,eee,,,,,,"-",4720,"A user account was created",0,,,,,,,,"\a\g","D:",,,,,,,,"Audit Success",,,,,Security,,,,All,0x5FC9,,,,"SAM Account Name: user_i
	Display Name: eee
	User Principal Name: ddd@BBB.local
	Home Directory: \a\g
	Home Drive: D:
	Script Path: \a\e
	Profile Path: \a\g
	User Workstations: BBB
	Password Last Set: 2020-02-13 20:03:38 PM
	Account Expires: <never>
	Primary Group ID: 401
	Allowed To Delegate To: server_2/computer_b
	Old UAC Value: 925A0F3
	New UAC Value: DAD91B5
	User Account Control: TEMP_DUPLICATE_ACCOUNT - Enabled
	User Parameters: <value changed, but not displayed>
	SID History: -
	Logon Hours: All",,,,,"A User account was created. 
Subject: 
	Security ID: Domain_C\user_c
	Account Name: user_c
	Account Domain: Domain_C
	Logon ID: 0x5FC9
New Account: 
	Security ID: Domain_C\user_a
	Account Name: user_a
	Account Domain: Domain_C
Attributes: 
	SAM Account Name: user_i
	Display Name: eee
	User Principal Name: ddd@BBB.local
	Home Directory: \a\g
	Home Drive: D:
	Script Path: \a\e
	Profile Path: \a\g
	User Workstations: BBB
	Password Last Set: 2020-02-13 20:03:38 PM
	Account Expires: <never>
	Primary Group ID: 401
	Allowed To Delegate To: server_2/computer_b
	Old UAC Value: 925A0F3
	New UAC Value: DAD91B5
	User Account Control: TEMP_DUPLICATE_ACCOUNT - Enabled
	User Parameters: <value changed, but not displayed>
	SID History: -
	Logon Hours: All
Additional Information:
	Privileges -",,,,,,,,,,,,DAD91B5,,925A0F3,Info,,,,"2020-02-13 20:03:38 PM",,,,401,,,,,,"\a\g",,44019583,,,"user_i","-","\a\e","Domain_C\user_c
Domain_C\user_a",,,"Microsoft Windows security auditing.",,,,,,,,,,,,,,,,,,,"User Account Management",,,,,Information,,"TEMP_DUPLICATE_ACCOUNT - Enabled",,,"<value changed, but not displayed>","ddd@BBB.local",BBB,,,,,"02/13/2020 08:03:38 PM
LogName=Security
SourceName=Microsoft Windows security auditing.
EventCode=4720
EventType=0
Type=Information
ComputerName=PROD-POS-002
TaskCategory=User Account Management
OpCode=Info
RecordNumber=44019583
Keywords=Audit Success
Message=A User account was created. 
Subject: 
	Security ID: Domain_C\user_c
	Account Name: user_c
	Account Domain: Domain_C
	Logon ID: 0x5FC9
New Account: 
	Security ID: Domain_C\user_a
	Account Name: user_a
	Account Domain: Domain_C
Attributes: 
	SAM Account Name: user_i
	Display Name: eee
	User Principal Name: ddd@BBB.local
	Home Directory: \a\g
	Home Drive: D:
	Script Path: \a\e
	Profile Path: \a\g
	User Workstations: BBB
	Password Last Set: 2020-02-13 20:03:38 PM
	Account Expires: <never>
	Primary Group ID: 401
	Allowed To Delegate To: server_2/computer_b
	Old UAC Value: 925A0F3
	New UAC Value: DAD91B5
	User Account Control: TEMP_DUPLICATE_ACCOUNT - Enabled
	User Parameters: <value changed, but not displayed>
	SID History: -
	Logon Hours: All
Additional Information:
	Privileges -
","2020-02-13T20:03:38.000+0000",created,"win:unknown","A User account was created. 
Subject: 
	Security ID: Domain_C\user_c
	Account Name: user_c
	Account Domain: Domain_C
	Logon ID: 0x5FC9
New Account: 
	Security ID: Domain_C\user_a
	Account Name: user_a
	Account Domain: Domain_C
Attributes: 
	SAM Account Name: user_i
	Display Name: eee
	User Principal Name: ddd@BBB.local
	Home Directory: \a\g
	Home Drive: D:
	Script Path: \a\e
	Profile Path: \a\g
	User Workstations: BBB
	Password Last Set: 2020-02-13 20:03:38 PM
	Account Expires: <never>
	Primary Group ID: 401
	Allowed To Delegate To: server_2/computer_b
	Old UAC Value: 925A0F3
	New UAC Value: DAD91B5
	User Account Control: TEMP_DUPLICATE_ACCOUNT - Enabled
	User Parameters: <value changed, but not displayed>
	SID History: -
	Logon Hours: All
Additional Information:
	Privileges -",,"User Account Management",user,,,20,13,3,february,38,thursday,2020,local,"PROD-POS-002",,,,,,,,,false,,,,"Domain_C","PROD-POS-002",,untrust,,false,false,false,,"PROD-POS-002",,,,,,,,,false,,,,"PROD-POS-002",,untrust,,false,false,false,,44019583,"windows_account_created windows_account_management wineventlog_security wineventlog_windows winsec","PROD-POS-002",44019583,,main,,,,43,,,"user_c
user_a","Domain_C\user_c
Domain_C\user_a","Domain_C\",,"A user account was created",,WinEventLog,user,,,,,,,Windows,,,"//_::_==___.====--=__===_=____._:_t_:_\t_:_t_:_t_:",,,,0x5FC9,informational,0,,,"A user account was created",4720,"WinEventLog:Security",WinEventLog,"prd-p-g7nxxbgc3hgl",,,,,,,,,,,,,,,"Domain_C",,,,,,,,,,"user_c",,,,,,,,,,,,,,,,,false,,,,,success,,"A user account was created",failure,"Account Management",,"account
add
change
management
os
security
windows",,,,,,,,,"account
add
change
management
os
security
windows",,,,,,,,,,,,,,,22,0,,"user_a",,,,,,401,,,,,,,,,,,,,false,,,,,Microsoft,,
,"Domain_A",,"user_b
user_j",,,,,,,,"COREDEV-001",,,,,,,"Account Management",,,,,,,,"COREDEV-001",,,,,,,,,"-",4740,"A user account was locked out",0,,,,,,,,,,,,,,,,,"Audit Success",,,,,Security,,,,,0x3A81,,,,,,,,,"A user account was locked out. 
Subject: 
	Security ID: Domain_A\user_b 
	Account Name: user_b
	Account Domain: Domain_A
	Logon ID: 0x3A81
Account That Was Locked Out: 
	Security ID: Domain_A\user_j 
	Account Name: user_j
Additional Information: 
	Caller Computer Name: COREDEV-001",,,,,,,,,,,,,,,Info,,,,,,,,,,,,,,,,666530685,,,,,,"Domain_A\user_b
Domain_A\user_j",,,"Microsoft Windows security auditing.",,,,,,,,,,,,,,,,,,,"User Account Management",,,,,Information,,,,,,,,,,,,"02/13/2020 08:03:38 PM 
LogName=Security 
SourceName=Microsoft Windows security auditing.
EventCode=4740 
EventType=0 
Type=Information
ComputerName=COREDEV-001 
TaskCategory=User Account Management
OpCode=Info 
RecordNumber=666530685
Keywords=Audit Success
Message=A user account was locked out. 
Subject: 
	Security ID: Domain_A\user_b 
	Account Name: user_b
	Account Domain: Domain_A
	Logon ID: 0x3A81
Account That Was Locked Out: 
	Security ID: Domain_A\user_j 
	Account Name: user_j
Additional Information: 
	Caller Computer Name: COREDEV-001
","2020-02-13T20:03:38.000+0000",modified,"win:unknown","A user account was locked out. 
Subject: 
	Security ID: Domain_A\user_b 
	Account Name: user_b
	Account Domain: Domain_A
	Logon ID: 0x3A81
Account That Was Locked Out: 
	Security ID: Domain_A\user_j 
	Account Name: user_j
Additional Information: 
	Caller Computer Name: COREDEV-001",,"User Account Management",user,,,20,13,3,february,38,thursday,2020,local,"COREDEV-001",,,,,,,,,false,,,,"Domain_A","COREDEV-001",,untrust,,false,false,false,,"COREDEV-001",,,,,,,,,false,,,,"COREDEV-001 ",,untrust,,false,false,false,,666530685,"windows_account_lockout windows_account_management wineventlog_security wineventlog_windows winsec","COREDEV-001 ",666530685,,main,,,,23,,,"user_b
user_j","Domain_A\user_b
Domain_A\user_j","Domain_A\","locked out","A user account was locked out",,WinEventLog,user,,,,,,,Windows,,,"//_::__=_=___.=_=_==-_=__=_==_=_____._:_t_:_\_t_:_",,,lockout,0x3A81,informational,0,,,"A user account was locked out",4740,"WinEventLog:Security",WinEventLog,"prd-p-g7nxxbgc3hgl",,,,,,,,,,,,,,,"Domain_A\user_b
Domain_A","COREDEV-001",,,,,,,,,"user_b",,,,,,,,,,,,,,,,,false,,,,,success,,"A user account was locked out",failure,"Account Management",,"account
change
lock
lockout
management
os
security
windows",,,,,,,,,"account
change
lock
lockout
management
os
security
windows",,,,,,,,,,,,,,,22,0,,"user_j",,,,,,,,,,,,,,,,,,,false,,,,,Microsoft,,
,"Domain_A
Domain_A",,"user_j
user_h",,,,,,,,,,,,,,,"Account Management",,,,,,,,"COREDEV-002",,,,,,,,,"-",4743,"A computer account was deleted",0,,,,,,,,,,,,,,,,,"Audit Success",,,,,Security,,,,,0xB111,,,,,,,,,"A computer account was deleted.

Subject:
	Security ID:		Domain_A\user_j
	Account Name:		user_j
	Account Domain:		Domain_A
	Logon ID:		0xB111

Target Computer:
	Security ID:		Domain_A\user_h
	Account Name:		user_h
	Account Domain:		Domain_A

Additional Information:
	Privileges:	SeDebugPrivilege",,,,,,,,,,,,,,,Info,,,,,,,,,,,SeDebugPrivilege,,,,,706308529,,,,,,"Domain_A\user_j
Domain_A\user_h",,,"Microsoft Windows security auditing.",,,,,,,,,,,,,,,,,,,"Computer Account Management",,,,,Information,,,,,,,,,,,,"02/13/2020 08:03:38 PM
LogName=Security
SourceName=Microsoft Windows security auditing.
EventCode=4743
EventType=0
Type=Information
ComputerName=COREDEV-002
TaskCategory=Computer Account Management
OpCode=Info
RecordNumber=706308529
Keywords=Audit Success
Message=A computer account was deleted.

Subject:
	Security ID:		Domain_A\user_j
	Account Name:		user_j
	Account Domain:		Domain_A
	Logon ID:		0xB111

Target Computer:
	Security ID:		Domain_A\user_h
	Account Name:		user_h
	Account Domain:		Domain_A

Additional Information:
	Privileges:	SeDebugPrivilege
","2020-02-13T20:03:38.000+0000",deleted,"win:unknown","A computer account was deleted.

Subject:
	Security ID:		Domain_A\user_j
	Account Name:		user_j
	Account Domain:		Domain_A
	Logon ID:		0xB111

Target Computer:
	Security ID:		Domain_A\user_h
	Account Name:		user_h
	Account Domain:		Domain_A

Additional Information:
	Privileges:	SeDebugPrivilege",,"Computer Account Management",user,,,20,13,3,february,38,thursday,2020,local,"COREDEV-002",,,,,,,,,false,,,,"Domain_A","COREDEV-002",,untrust,,false,false,false,,"COREDEV-002",,,,,,,,,false,,,,"COREDEV-002",,untrust,,false,false,false,,706308529,"windows_account_deleted windows_account_management wineventlog_security wineventlog_windows winsec","COREDEV-002",706308529,,main,,,,27,,,"user_j
user_h","Domain_A\user_j
Domain_A\user_h","Domain_A\",deleted,"A computer account was deleted",,WinEventLog,user,,,,"Debug programs",SeDebugPrivilege,,Windows,,,"//_::_==___.====-=__===_=____.:t_:tt\t_:ttt_:ttt_:",,,,0xB111,informational,0,,,"A computer account was deleted",4743,"WinEventLog:Security",WinEventLog,"prd-p-g7nxxbgc3hgl",,,,,,,,,,,,,,,"Domain_A",,,,,,,,,,"user_j",,,,,,,,,,,,,,,,,false,,,,,success,,"A computer account was deleted",failure,"Account Management",,"account
change
delete
management
os
security
windows",,,,,,,,,"account
change
delete
management
os
security
windows",,,,,,,,,,,,,,,22,0,,"user_h",,,,,,,,,,,,,,,,,,,false,,,,,Microsoft,SeDebugPrivilege,
,"Domain_A",,"user_n",,,,,,,,,,,,,,,,,,,,,,,"PROD-MFS-006",,,,,,,,,"-",4672,"Special privileges assigned to new logon",0,,,,,,,,,,,,,,,,,"Audit Success",,,,,Security,,,,,0x4D76,,,,,,,,,"Special privileges assigned to new logon.
Subject:
	Security ID:		Domain_A\user_n
	Account Name:		user_n
	Account Domain:		Domain_A
	Logon ID:		0x4D76
Privileges:	SeSecurityPrivilege
			SeTakeOwnershipPrivilege
			SeLoadDriverPrivilege
			SeBackupPrivilege
			SeRestorePrivilege
			SeDebugPrivilege
			SeSystemEnvironmentPrivilege
			SeImpersonatePrivilege",,,,,,,,,,,,,,,Info,,,,,,,,,,,SeSecurityPrivilege,,,,,9238728,,,,,,"Domain_A\user_n",,,"Microsoft Windows security auditing.",,,,,,,,,,,,,,,,,,,"Special Logon",,,,,Information,,,,,,,,,,,,"02/13/2020 08:03:38 PM
LogName=Security
SourceName=Microsoft Windows security auditing.
EventCode=4672
EventType=0
Type=Information
ComputerName=PROD-MFS-006
TaskCategory=Special Logon
OpCode=Info
RecordNumber=9238728
Keywords=Audit Success
Message=Special privileges assigned to new logon.
Subject:
	Security ID:		Domain_A\user_n
	Account Name:		user_n
	Account Domain:		Domain_A
	Logon ID:		0x4D76
Privileges:	SeSecurityPrivilege
			SeTakeOwnershipPrivilege
			SeLoadDriverPrivilege
			SeBackupPrivilege
			SeRestorePrivilege
			SeDebugPrivilege
			SeSystemEnvironmentPrivilege
			SeImpersonatePrivilege
","2020-02-13T20:03:38.000+0000",success,"win:unknown","Special privileges assigned to new logon.
Subject:
	Security ID:		Domain_A\user_n
	Account Name:		user_n
	Account Domain:		Domain_A
	Logon ID:		0x4D76
Privileges:	SeSecurityPrivilege
			SeTakeOwnershipPrivilege
			SeLoadDriverPrivilege
			SeBackupPrivilege
			SeRestorePrivilege
			SeDebugPrivilege
			SeSystemEnvironmentPrivilege
			SeImpersonatePrivilege",,"Special Logon",,,,20,13,3,february,38,thursday,2020,local,"PROD-MFS-006",,,,,,,,,false,,,,"Domain_A","PROD-MFS-006",,untrust,,false,false,false,,"PROD-MFS-006",,,,,,,,,false,,,,"PROD-MFS-006",,untrust,,false,false,false,,9238728,"windows_special_privileges wineventlog_security wineventlog_windows winsec","PROD-MFS-006",9238728,,main,,,,26,,,"user_n","Domain_A\user_n","Domain_A\",,"Special privileges assigned to new logon",,WinEventLog,,,,,"Manage auditing and security log
Take ownership of files or other objects
Load and unload device drivers
Back up files and directories
Restore files and directories
Debug programs
Modify firmware environment values
Impersonate a Client After Authentication","SeSecurityPrivilege
SeTakeOwnershipPrivilege
SeLoadDriverPrivilege
SeBackupPrivilege
SeRestorePrivilege
SeDebugPrivilege
SeSystemEnvironmentPrivilege
SeImpersonatePrivilege",,Windows,,,"//_::_==___.====--=_===_=_____.:t_:tt\t_:ttt_:ttt_",,,,0x4D76,informational,0,,,"Special privileges assigned to new logon",4672,"WinEventLog:Security",WinEventLog,"prd-p-g7nxxbgc3hgl",,,,,,,,,,,,,,,"Domain_A",,,,,,,,,,,,,,,,,,,,,,,,,,,,,,,,success,,"Special privileges assigned to new logon",failure,,,"audit
authentication
os
privileged
security
success
windows",,,,success,,,,,"authentication
os
privileged
security
windows",,audit,,,,,,,,,,,,,22,0,,"user_n",,,,,,,,,,,,,,,,,,,false,,,,,Microsoft,"SeSecurityPrivilege
			SeTakeOwnershipPrivilege
			SeLoadDriverPrivilege
			SeBackupPrivilege
			SeRestorePrivilege
			SeDebugPrivilege
			SeSystemEnvironmentPrivilege
			SeImpersonatePrivilege",
,"Domain_A
Domain_A",,"user_m
user_c",,,,,,,,,,,,,,,"Account Management",,,,,,,,"BUSDEV-002",,,,,,,,,"-",4743,"A computer account was deleted",0,,,,,,,,,,,,,,,,,"Audit Success",,,,,Security,,,,,0x46BA,,,,,,,,,"A computer account was deleted.

Subject:
	Security ID:		Domain_A\user_m
	Account Name:		user_m
	Account Domain:		Domain_A
	Logon ID:		0x46BA

Target Computer:
	Security ID:		Domain_A\user_c
	Account Name:		user_c
	Account Domain:		Domain_A

Additional Information:
	Privileges:	-",,,,,,,,,,,,,,,Info,,,,,,,,,,,"-",,,,,621474176,,,,,,"Domain_A\user_m
Domain_A\user_c",,,"Microsoft Windows security auditing.",,,,,,,,,,,,,,,,,,,"Computer Account Management",,,,,Information,,,,,,,,,,,,"02/13/2020 08:03:38 PM
LogName=Security
SourceName=Microsoft Windows security auditing.
EventCode=4743
EventType=0
Type=Information
ComputerName=BUSDEV-002
TaskCategory=Computer Account Management
OpCode=Info
RecordNumber=621474176
Keywords=Audit Success
Message=A computer account was deleted.

Subject:
	Security ID:		Domain_A\user_m
	Account Name:		user_m
	Account Domain:		Domain_A
	Logon ID:		0x46BA

Target Computer:
	Security ID:		Domain_A\user_c
	Account Name:		user_c
	Account Domain:		Domain_A

Additional Information:
	Privileges:	-
","2020-02-13T20:03:38.000+0000",deleted,"win:unknown","A computer account was deleted.

Subject:
	Security ID:		Domain_A\user_m
	Account Name:		user_m
	Account Domain:		Domain_A
	Logon ID:		0x46BA

Target Computer:
	Security ID:		Domain_A\user_c
	Account Name:		user_c
	Account Domain:		Domain_A

Additional Information:
	Privileges:	-",,"Computer Account Management",user,,,20,13,3,february,38,thursday,2020,local,"BUSDEV-002",,,,,,,,,false,,,,"Domain_A","BUSDEV-002",,untrust,,false,false,false,,"BUSDEV-002",,,,,,,,,false,,,,"BUSDEV-002",,untrust,,false,false,false,,621474176,"windows_account_deleted windows_account_management wineventlog_security wineventlog_windows winsec","BUSDEV-002",621474176,,main,,,,27,,,"user_m
user_c","Domain_A\user_m
Domain_A\user_c","Domain_A\",deleted,"A computer account was deleted",,WinEventLog,user,,,,,"-",,Windows,,,"//_::_==___.====-=__===_=____.:t_:tt\t_:ttt_:ttt_:",,,,0x46BA,informational,0,,,"A computer account was deleted",4743,"WinEventLog:Security",WinEventLog,"prd-p-g7nxxbgc3hgl",,,,,,,,,,,,,,,"Domain_A",,,,,,,,,,"user_m",,,,,,,,,,,,,,,,,false,,,,,success,,"A computer account was deleted",failure,"Account Management",,"account
change
delete
management
os
security
windows",,,,,,,,,"account
change
delete
management
os
security
windows",,,,,,,,,,,,,,,22,0,,"user_c",,,,,,,,,,,,,,,,,,,false,,,,,Microsoft,"-",
,"Domain_E
Domain_E",,"ops-sys-004
epucahiniw",,"Server_A.com",,,,,,,,,,,,,,,,,,,,,"ops-sys-004",,,,,,,,,"-",4648,"A logon was attempted using explicit credentials",0,,,,,,,,,,,,,,,,,"Audit Success",,,,,Security,,,"{27C4A2F2-13CA-AA25-E903-D31268740239}
{27C4A2F2-13CA-AA25-E903-D31268740239}",,0x70E4,,,,,,,,,"A logon was attempted using explicit credentials.
Subject:
	Security ID:  Domain_E\SYSTEM
	Account Name:  ops-sys-004
	Account Domain:  Domain_E
	Logon ID:  0x70E4
	Logon GUID:		{27C4A2F2-13CA-AA25-E903-D31268740239}
Account Whose Credentials Were Used:
	Account Name:		epucahiniw
	Account Domain:		Domain_E
	Logon GUID:		{27C4A2F2-13CA-AA25-E903-D31268740239}
Target Server:
	Target Server Name:	Server_A.com
	Additional Information:	Server_A.com
Process Information:
	Process ID:		3CD8
	Process Name:		C:\Windows\System32\example_b.exe
Network Information:
	Network Address:	-
	Port:			36493
This event is generated when a process attempts to log on an account by explicitly specifying that account's credentials. This most commonly occurs in batch-type configurations such as scheduled tasks, or when using the RUNAS command.",,,,,,"-",,,,,,,,,Info,,,,,,36493,,,,,,3CD8,"C:\Windows\System32\example_b.exe",,,296526741,,,,,,"Domain_E\SYSTEM",,,"Microsoft Windows security auditing.",,,,,,,,,,,,,,,,,"Server_A.com",,Logon,,,,,Information,,,,,,,,,,,,"02/13/2020 08:03:37 PM
LogName=Security
SourceName=Microsoft Windows security auditing.
EventCode=4648
EventType=0
Type=Information
ComputerName=ops-sys-004
TaskCategory=Logon
OpCode=Info
RecordNumber=296526741
Keywords=Audit Success
Message=A logon was attempted using explicit credentials.
Subject:
	Security ID:  Domain_E\SYSTEM
	Account Name:  ops-sys-004
	Account Domain:  Domain_E
	Logon ID:  0x70E4
	Logon GUID:		{27C4A2F2-13CA-AA25-E903-D31268740239}
Account Whose Credentials Were Used:
	Account Name:		epucahiniw
	Account Domain:		Domain_E
	Logon GUID:		{27C4A2F2-13CA-AA25-E903-D31268740239}
Target Server:
	Target Server Name:	Server_A.com
	Additional Information:	Server_A.com
Process Information:
	Process ID:		3CD8
	Process Name:		C:\Windows\System32\example_b.exe
Network Information:
	Network Address:	-
	Port:			36493
This event is generated when a process attempts to log on an account by explicitly specifying that account's credentials. This most commonly occurs in batch-type configurations such as scheduled tasks, or when using the RUNAS command.
","2020-02-13T20:03:37.000+0000",success,"win:remote","A logon was attempted using explicit credentials.
Subject:
	Security ID:  Domain_E\SYSTEM
	Account Name:  ops-sys-004
	Account Domain:  Domain_E
	Logon ID:  0x70E4
	Logon GUID:		{27C4A2F2-13CA-AA25-E903-D31268740239}
Account Whose Credentials Were Used:
	Account Name:		epucahiniw
	Account Domain:		Domain_E
	Logon GUID:		{27C4A2F2-13CA-AA25-E903-D31268740239}
Target Server:
	Target Server Name:	Server_A.com
	Additional Information:	Server_A.com
Process Information:
	Process ID:		3CD8
	Process Name:		C:\Windows\System32\example_b.exe
Network Information:
	Network Address:	-
	Port:			36493
This event is generated when a process attempts to log on an account by explicitly specifying that account's credentials. This most commonly occurs in batch-type configurations such as scheduled tasks, or when using the RUNAS command.",,Logon,,,,20,13,3,february,37,thursday,2020,local,"Server_A.com",,,,,,,,,false,,,,"Domain_E","Server_A.com",,untrust,,false,false,false,,"ops-sys-004",,,,,,,,,false,,,,"ops-sys-004",,untrust,,false,false,false,,296526741,"windows_logon_explicit wineventlog_security wineventlog_windows winsec","ops-sys-004",296526741,,main,,,,33,,,"ops-sys-004
epucahiniw","Domain_E\SYSTEM","Domain_E\",,"A logon was attempted using explicit credentials",,WinEventLog,,,,,,,,Windows,,,"//_::_==___.====--====_=______.:t_:__\t_:__--t_:__",,,,0x70E4,informational,0,,,"A logon was attempted using explicit credentials",4648,"WinEventLog:Security",WinEventLog,"prd-p-g7nxxbgc3hgl",,,,,,,,,,,,,,,"Domain_E",,,,,,,,,,"ops-sys-004",,,,,,,,,,,,,,,,,false,,,,,success,,"A logon was attempted using explicit credentials",failure,,,"authentication
os
privileged
remote
security
success
windows",,,,success,remote,,,,"authentication
os
privileged
security
windows",,,,,,,,,,,,,,,22,0,,epucahiniw,,,,,,,,,,,,,,,,,,,false,,,,,Microsoft,,
,"Domain_A
Domain_A",,"user_j
user_b",,,,,,,,,,,,,,,"Account Management",,,,,,,,"SE-004",,,,,,,,,"-",4726,"A user account was deleted",0,,,,,,,,,,,,,,,,,"Audit Success",,,,,Security,,,,,0xB111,,,,,,,,,"A user account was deleted.

Subject:
	Security ID:		Domain_A\user_j
	Account Name:		user_j
	Account Domain:		Domain_A
	Logon ID:		0xB111

Target Account:
	Security ID:		Domain_A\user_b
	Account Name:		user_b
	Account Domain:		Domain_A

Additional Information:
	Privileges	SeRestorePrivilege",,,,,,,,,,,,,,,Info,,,,,,,,,,,,,,,,399755585,,,,,,"Domain_A\user_j
Domain_A\user_b",,,"Microsoft Windows security auditing.",,,,,,,,,,,,,,,,,,,"User Account Management",,,,,Information,,,,,,,,,,,,"02/13/2020 08:03:37 PM
