Access Removed:
	Access Right:		SeRemoteInteractiveLogonRight",,"Authentication Policy Change",,,,20,13,4,february,32,thursday,2020,local,"SE-001",,,,,,,,,false,,,,"Domain_B","SE-001",,untrust,,false,false,false,,"SE-001",,,,,,,,,false,,,,"SE-001",,untrust,,false,false,false,,515688552,"windows_security_access_removed wineventlog_security wineventlog_windows winsec","SE-001",515688552,,main,,,,25,,,"SE-001
Domain_B\user_b","Domain_B\SYSTEM","Domain_B\",,"System security access was removed from an account",,WinEventLog,,,,,,,,Windows,,,"//_::_==___.====-=__===_=_______.:t_:tt\t_:tt-t_:t",,,,0x3A81,informational,0,,,"System security access was removed from an account",4718,"WinEventLog:Security",WinEventLog,"prd-p-g7nxxbgc3hgl",,,,,,,,,,,,,,,"Domain_B",,,,,,,,,,"SE-001",,,,,,,,,,,,,,,,,false,,,,,success,,"System security access was removed from an account",failure,,,"access
account
authorization
change
delete
os
security
success
windows",,,,success,,,,,"access
account
authorization
change
delete
os
security
windows",,,,,,,,,,,,,,,22,0,,"Domain_B\user_b",,,,,,,,,,,,,,,,,,,false,,,,,Microsoft,,
,"Domain_E",,"user_h",,,,,,,,,,,,,,,,,,,,,,,"$SPLUNK_HOME/etc/apps/Splunk_TA_windows/samples/hostname.sample",0x416B,,,,,,,,"-",4688,"A new process has been created",0,,,,,,,,,,,,,,,,,"Audit Success",,,,,Security,,,,,0xA19C,,,,,,,,,"A new process has been created.
Subject:
	Security ID:		Domain_E\user_h
	Account Name:		user_h
	Account Domain:		Domain_E
	Logon ID:		0xA19C
Process Information:
	New Process ID:		0xE5CD
	New Process Name:	C:\Windows\System32\example_d.exe
	Token Elevation Type:	TokenElevationTypeDefault (1)
	Creator Process ID:	0x416B
Token Elevation Type indicates the type of token that was assigned to the new process in accordance with User Account Control policy.
Type 1 is a full token with no privileges removed or groups disabled.  A full token is only used if User Account Control is disabled or if the User is the built-in Administrator account or a service account.
Type 2 is an elevated token with no privileges removed or groups disabled.  An elevated token is used when User Account Control is enabled and the User chooses to start the program using Run as administrator.  An elevated token is also used when an application is configured to always require administrative privilege or to always require maximum privilege, and the User is a member of the Administrators group.
Type 3 is a limited token with administrative privileges removed and administrative groups disabled.  The limited token is used when User Account Control is enabled, the application does not require administrative privilege, and the User does not choose to start the program using Run as administrator.",,,,,,,,,,0xE5CD,"C:\Windows\System32\example_d.exe",,,,Info,,,,,,,,,,,,,,,,391143627,,,,,,"Domain_E\user_h",,,"Microsoft Windows security auditing.",,,,,,,,,,,,,,,,,,,"Process Creation",,"TokenElevationTypeDefault (1)",1,,Information,,,,,,,,,,,,"02/13/2020 08:04:32 PM
LogName=Security
SourceName=Microsoft Windows security auditing.
EventCode=4688
EventType=0
Type=Information
ComputerName=$SPLUNK_HOME/etc/apps/Splunk_TA_windows/samples/hostname.sample
TaskCategory=Process Creation
OpCode=Info
RecordNumber=391143627
Keywords=Audit Success
Message=A new process has been created.
Subject:
	Security ID:		Domain_E\user_h
	Account Name:		user_h
	Account Domain:		Domain_E
	Logon ID:		0xA19C
Process Information:
	New Process ID:		0xE5CD
	New Process Name:	C:\Windows\System32\example_d.exe
	Token Elevation Type:	TokenElevationTypeDefault (1)
	Creator Process ID:	0x416B
Token Elevation Type indicates the type of token that was assigned to the new process in accordance with User Account Control policy.
Type 1 is a full token with no privileges removed or groups disabled.  A full token is only used if User Account Control is disabled or if the User is the built-in Administrator account or a service account.
Type 2 is an elevated token with no privileges removed or groups disabled.  An elevated token is used when User Account Control is enabled and the User chooses to start the program using Run as administrator.  An elevated token is also used when an application is configured to always require administrative privilege or to always require maximum privilege, and the User is a member of the Administrators group.
Type 3 is a limited token with administrative privileges removed and administrative groups disabled.  The limited token is used when User Account Control is enabled, the application does not require administrative privilege, and the User does not choose to start the program using Run as administrator.
","2020-02-13T20:04:32.000+0000",success,"win:unknown","A new process has been created.
Subject:
	Security ID:		Domain_E\user_h
	Account Name:		user_h
	Account Domain:		Domain_E
	Logon ID:		0xA19C
Process Information:
	New Process ID:		0xE5CD
	New Process Name:	C:\Windows\System32\example_d.exe
	Token Elevation Type:	TokenElevationTypeDefault (1)
	Creator Process ID:	0x416B
Token Elevation Type indicates the type of token that was assigned to the new process in accordance with User Account Control policy.
Type 1 is a full token with no privileges removed or groups disabled.  A full token is only used if User Account Control is disabled or if the User is the built-in Administrator account or a service account.
Type 2 is an elevated token with no privileges removed or groups disabled.  An elevated token is used when User Account Control is enabled and the User chooses to start the program using Run as administrator.  An elevated token is also used when an application is configured to always require administrative privilege or to always require maximum privilege, and the User is a member of the Administrators group.
Type 3 is a limited token with administrative privileges removed and administrative groups disabled.  The limited token is used when User Account Control is enabled, the application does not require administrative privilege, and the User does not choose to start the program using Run as administrator.",,"Process Creation",,,,20,13,4,february,32,thursday,2020,local,"$SPLUNK_HOME/etc/apps/Splunk_TA_windows/samples/hostname.sample",,,,,,,,,false,,,,"Domain_E","$SPLUNK_HOME/etc/apps/Splunk_TA_windows/samples/hostname.sample",,untrust,,false,false,false,,"$SPLUNK_HOME/etc/apps/Splunk_TA_windows/samples/hostname.sample",,,,,,,,,false,,,,"$SPLUNK_HOME/etc/apps/Splunk_TA_windows/samples/hostname.sample",,untrust,,false,false,false,,391143627,"windows_process_new wineventlog_security wineventlog_windows winsec","$SPLUNK_HOME/etc/apps/Splunk_TA_windows/samples/hostname.sample",391143627,,main,,,,27,,,"user_h","Domain_E\user_h","Domain_E\",,"A new process has been created",,WinEventLog,,,,,,,,Windows,,,"//_::_==___.====$/////.=_===_=_____.:t_:tt\t_:ttt_",,,,0xA19C,informational,0,,,"A new process has been created",4688,"WinEventLog:Security",WinEventLog,"prd-p-g7nxxbgc3hgl",,,,,,,,,,,,,,,"Domain_E",,,,,,,,,,,,,,,,,,,,,,,,,,,,,,,,success,,"A new process has been created",failure,,,"execute
os
process
security
start
success
windows",,,,success,,,,,"execute
os
process
security
start
windows",,,,,,,,,,,,,,,22,0,,"user_h",,,,,,,,,,,,,,,,,,,false,,,,,Microsoft,,
,"Domain_D
Domain_D",,"user_c
user_b",,,,,,,,,,,,,,,"Account Management",,,,,,,,"BUSDEV-007",,,,,,,,,"-",4726,"A user account was deleted",0,,,,,,,,,,,,,,,,,"Audit Success",,,,,Security,,,,,0x5FC9,,,,,,,,,"A user account was deleted.

Subject:
	Security ID:		Domain_D\user_c
	Account Name:		user_c
	Account Domain:		Domain_D
	Logon ID:		0x5FC9

Target Account:
	Security ID:		Domain_D\user_b
	Account Name:		user_b
	Account Domain:		Domain_D

Additional Information:
	Privileges	SeBackupPrivilege",,,,,,,,,,,,,,,Info,,,,,,,,,,,,,,,,686003174,,,,,,"Domain_D\user_c
Domain_D\user_b",,,"Microsoft Windows security auditing.",,,,,,,,,,,,,,,,,,,"User Account Management",,,,,Information,,,,,,,,,,,,"02/13/2020 08:04:32 PM
LogName=Security
SourceName=Microsoft Windows security auditing.
EventCode=4726
EventType=0
Type=Information
ComputerName=BUSDEV-007
TaskCategory=User Account Management
OpCode=Info
RecordNumber=686003174
Keywords=Audit Success
Message=A user account was deleted.

Subject:
	Security ID:		Domain_D\user_c
	Account Name:		user_c
	Account Domain:		Domain_D
	Logon ID:		0x5FC9

Target Account:
	Security ID:		Domain_D\user_b
	Account Name:		user_b
	Account Domain:		Domain_D

Additional Information:
	Privileges	SeBackupPrivilege
","2020-02-13T20:04:32.000+0000",deleted,"win:unknown","A user account was deleted.

Subject:
	Security ID:		Domain_D\user_c
	Account Name:		user_c
	Account Domain:		Domain_D
	Logon ID:		0x5FC9

Target Account:
	Security ID:		Domain_D\user_b
	Account Name:		user_b
	Account Domain:		Domain_D

Additional Information:
	Privileges	SeBackupPrivilege",,"User Account Management",user,,,20,13,4,february,32,thursday,2020,local,"BUSDEV-007",,,,,,,,,false,,,,"Domain_D","BUSDEV-007",,untrust,,false,false,false,,"BUSDEV-007",,,,,,,,,false,,,,"BUSDEV-007",,untrust,,false,false,false,,686003174,"windows_account_deleted windows_account_management wineventlog_security wineventlog_windows winsec","BUSDEV-007",686003174,,main,,,,27,,,"user_c
user_b","Domain_D\user_c
Domain_D\user_b","Domain_D\",deleted,"A user account was deleted",,WinEventLog,user,,,,,,,Windows,,,"//_::_==___.====-=__===_=____.:t_:tt\t_:ttt_:ttt_:",,,,0x5FC9,informational,0,,,"A user account was deleted",4726,"WinEventLog:Security",WinEventLog,"prd-p-g7nxxbgc3hgl",,,,,,,,,,,,,,,"Domain_D",,,,,,,,,,"user_c",,,,,,,,,,,,,,,,,false,,,,,success,,"A user account was deleted",failure,"Account Management",,"account
change
delete
management
os
security
windows",,,,,,,,,"account
change
delete
management
os
security
windows",,,,,,,,,,,,,,,22,0,,"user_b",,,,,,,,,,,,,,,,,,,false,,,,,Microsoft,,
,"Domain_C",,"user_c",,,,,,,,,,,,,,,,,,,,,,,"$SPLUNK_HOME/etc/apps/Splunk_TA_windows/samples/hostname.sample",0x0D79,,,,,,,,"-",4688,"A new process has been created",0,,,,,,,,,,,,,,,,,"Audit Success",,,,,Security,,,,,0x5FC9,,,,,,,,,"A new process has been created.
Subject:
	Security ID:		Domain_C\user_c
	Account Name:		user_c
	Account Domain:		Domain_C
	Logon ID:		0x5FC9
Process Information:
	New Process ID:		0xDE96
	New Process Name:	C:\Windows\System32\example_b.exe
	Token Elevation Type:	TokenElevationTypeLimited (3)
	Creator Process ID:	0x0D79
Token Elevation Type indicates the type of token that was assigned to the new process in accordance with User Account Control policy.
Type 1 is a full token with no privileges removed or groups disabled.  A full token is only used if User Account Control is disabled or if the User is the built-in Administrator account or a service account.
Type 2 is an elevated token with no privileges removed or groups disabled.  An elevated token is used when User Account Control is enabled and the User chooses to start the program using Run as administrator.  An elevated token is also used when an application is configured to always require administrative privilege or to always require maximum privilege, and the User is a member of the Administrators group.
Type 3 is a limited token with administrative privileges removed and administrative groups disabled.  The limited token is used when User Account Control is enabled, the application does not require administrative privilege, and the User does not choose to start the program using Run as administrator.",,,,,,,,,,0xDE96,"C:\Windows\System32\example_b.exe",,,,Info,,,,,,,,,,,,,,,,100477408,,,,,,"Domain_C\user_c",,,"Microsoft Windows security auditing.",,,,,,,,,,,,,,,,,,,"Process Creation",,"TokenElevationTypeLimited (3)",3,,Information,,,,,,,,,,,,"02/13/2020 08:04:30 PM
LogName=Security
SourceName=Microsoft Windows security auditing.
EventCode=4688
EventType=0
Type=Information
ComputerName=$SPLUNK_HOME/etc/apps/Splunk_TA_windows/samples/hostname.sample
TaskCategory=Process Creation
OpCode=Info
RecordNumber=100477408
Keywords=Audit Success
Message=A new process has been created.
Subject:
	Security ID:		Domain_C\user_c
	Account Name:		user_c
	Account Domain:		Domain_C
	Logon ID:		0x5FC9
Process Information:
	New Process ID:		0xDE96
	New Process Name:	C:\Windows\System32\example_b.exe
	Token Elevation Type:	TokenElevationTypeLimited (3)
	Creator Process ID:	0x0D79
Token Elevation Type indicates the type of token that was assigned to the new process in accordance with User Account Control policy.
Type 1 is a full token with no privileges removed or groups disabled.  A full token is only used if User Account Control is disabled or if the User is the built-in Administrator account or a service account.
Type 2 is an elevated token with no privileges removed or groups disabled.  An elevated token is used when User Account Control is enabled and the User chooses to start the program using Run as administrator.  An elevated token is also used when an application is configured to always require administrative privilege or to always require maximum privilege, and the User is a member of the Administrators group.
Type 3 is a limited token with administrative privileges removed and administrative groups disabled.  The limited token is used when User Account Control is enabled, the application does not require administrative privilege, and the User does not choose to start the program using Run as administrator.
","2020-02-13T20:04:30.000+0000",success,"win:unknown","A new process has been created.
Subject:
	Security ID:		Domain_C\user_c
	Account Name:		user_c
	Account Domain:		Domain_C
	Logon ID:		0x5FC9
Process Information:
	New Process ID:		0xDE96
	New Process Name:	C:\Windows\System32\example_b.exe
	Token Elevation Type:	TokenElevationTypeLimited (3)
	Creator Process ID:	0x0D79
Token Elevation Type indicates the type of token that was assigned to the new process in accordance with User Account Control policy.
Type 1 is a full token with no privileges removed or groups disabled.  A full token is only used if User Account Control is disabled or if the User is the built-in Administrator account or a service account.
Type 2 is an elevated token with no privileges removed or groups disabled.  An elevated token is used when User Account Control is enabled and the User chooses to start the program using Run as administrator.  An elevated token is also used when an application is configured to always require administrative privilege or to always require maximum privilege, and the User is a member of the Administrators group.
Type 3 is a limited token with administrative privileges removed and administrative groups disabled.  The limited token is used when User Account Control is enabled, the application does not require administrative privilege, and the User does not choose to start the program using Run as administrator.",,"Process Creation",,,,20,13,4,february,30,thursday,2020,local,"$SPLUNK_HOME/etc/apps/Splunk_TA_windows/samples/hostname.sample",,,,,,,,,false,,,,"Domain_C","$SPLUNK_HOME/etc/apps/Splunk_TA_windows/samples/hostname.sample",,untrust,,false,false,false,,"$SPLUNK_HOME/etc/apps/Splunk_TA_windows/samples/hostname.sample",,,,,,,,,false,,,,"$SPLUNK_HOME/etc/apps/Splunk_TA_windows/samples/hostname.sample",,untrust,,false,false,false,,100477408,"windows_process_new wineventlog_security wineventlog_windows winsec","$SPLUNK_HOME/etc/apps/Splunk_TA_windows/samples/hostname.sample",100477408,,main,,,,27,,,"user_c","Domain_C\user_c","Domain_C\",,"A new process has been created",,WinEventLog,,,,,,,,Windows,,,"//_::_==___.====$/////.=_===_=_____.:t_:tt\t_:ttt_",,,,0x5FC9,informational,0,,,"A new process has been created",4688,"WinEventLog:Security",WinEventLog,"prd-p-g7nxxbgc3hgl",,,,,,,,,,,,,,,"Domain_C",,,,,,,,,,,,,,,,,,,,,,,,,,,,,,,,success,,"A new process has been created",failure,,,"execute
os
process
security
start
success
windows",,,,success,,,,,"execute
os
process
security
start
windows",,,,,,,,,,,,,,,22,0,,"user_c",,,,,,,,,,,,,,,,,,,false,,,,,Microsoft,,
,"Domain_A
Domain_A",,"user_n
user_f",,,,,,,,,,,,,,,"Account Management",,,,,,,,"ACME-002",,,,,,,,,"-",4724,"An attempt was made to reset an accounts password",0,,,,,,,,,,,,,,,,,"Audit Failure",,,,,Security,,,,,0x4D76,,,,,,,,,"An attempt was made to reset an account's password.
Subject:
	Security ID:  Domain_A\user_n
	Account Name:  user_n
	Account Domain:  Domain_A
	Logon ID:  0x4D76
Target Account:
	Security ID:  Domain_A\user_f
	Account Name:  user_f
	Account Domain:  Domain_A",,,,,,,,,,,,,,,Info,,,,,,,,,,,,,,,,979883653,,,,,,"Domain_A\user_n
Domain_A\user_f",,,"Microsoft Windows security auditing.",,,,,,,,,,,,,,,,,,,"User Account Management",,,,,Information,,,,,,,,,,,,"02/13/2020 08:04:30 PM
LogName=Security
SourceName=Microsoft Windows security auditing.
EventCode=4724
EventType=0
Type=Information
ComputerName=ACME-002
TaskCategory=User Account Management
OpCode=Info
RecordNumber=979883653
Keywords=Audit Failure
Message=An attempt was made to reset an account's password.
Subject:
	Security ID:  Domain_A\user_n
	Account Name:  user_n
	Account Domain:  Domain_A
	Logon ID:  0x4D76
Target Account:
	Security ID:  Domain_A\user_f
	Account Name:  user_f
	Account Domain:  Domain_A
","2020-02-13T20:04:30.000+0000",modified,"win:unknown","An attempt was made to reset an account's password.
Subject:
	Security ID:  Domain_A\user_n
	Account Name:  user_n
	Account Domain:  Domain_A
	Logon ID:  0x4D76
Target Account:
	Security ID:  Domain_A\user_f
	Account Name:  user_f
	Account Domain:  Domain_A",,"User Account Management",user,,,20,13,4,february,30,thursday,2020,local,"ACME-002",,,,,,,,,false,,,,"Domain_A","ACME-002",,untrust,,false,false,false,,"ACME-002",,,,,,,,,false,,,,"ACME-002",,untrust,,false,false,false,,979883653,"err0r nix_errors windows_account_management windows_account_password_set wineventlog_security wineventlog_windows winsec","ACME-002",979883653,,main,,,,22,,,"user_n
user_f","Domain_A\user_n
Domain_A\user_f","Domain_A\","reset an account's password","An attempt was made to reset an accounts password",,WinEventLog,user,,,,,,,Windows,,,"//_::_==___.====-=__===_=_______'_.:t_:__\t_:__t_:",,,,0x4D76,informational,0,,,"An attempt was made to reset an accounts password",4724,"WinEventLog:Security",WinEventLog,"prd-p-g7nxxbgc3hgl",,,,,,,,,,,,,,,"Domain_A",,,,,,,,,,"user_n",,,,,,,,,,,,,,,,,false,,,,,failure,,"An attempt was made to reset an accounts password",failure,"Account Management",,"account
change
error
management
modify
os
password
security
windows",,,,,,,,,"account
change
error
management
modify
os
password
security
windows",,,,,,,,,,,,,,,22,0,,"user_f",,,,,,,,,,,,,,,,,,,false,,,,,Microsoft,,
SeInteractiveLogonRight,"Domain_C",,"ACME-004
Domain_C\user_l",,,,,,,,,,,,,,,,,,,,,,,"ACME-004",,,,,,,,,"-",4718,"System security access was removed from an account",0,,,,,,,,,,,,,,,,,"Audit Success",,,,,Security,,,,,0xAB37,,,,,,,,,"System security access was removed from an account.

Subject:
	Security ID:		Domain_C\SYSTEM
	Account Name:		ACME-004
	Account Domain:		Domain_C
	Logon ID:		0xAB37

Account Modified:
	Account Name:		Domain_C\user_l

Access Removed:
	Access Right:		SeInteractiveLogonRight",,,,,,,,,,,,,,,Info,,,,,,,,,,,,,,,,793664014,,,,,,"Domain_C\SYSTEM",,,"Microsoft Windows security auditing.",,,,,,,,,,,,,,,,,,,"Authentication Policy Change",,,,,Information,,,,,,,,,,,,"02/13/2020 08:04:29 PM
LogName=Security
SourceName=Microsoft Windows security auditing.
EventCode=4718
EventType=0
Type=Information
ComputerName=ACME-004
TaskCategory=Authentication Policy Change
OpCode=Info
RecordNumber=793664014
Keywords=Audit Success
Message=System security access was removed from an account.

Subject:
	Security ID:		Domain_C\SYSTEM
	Account Name:		ACME-004
	Account Domain:		Domain_C
	Logon ID:		0xAB37

Account Modified:
	Account Name:		Domain_C\user_l

Access Removed:
	Access Right:		SeInteractiveLogonRight
","2020-02-13T20:04:29.000+0000",success,"win:unknown","System security access was removed from an account.

Subject:
	Security ID:		Domain_C\SYSTEM
	Account Name:		ACME-004
	Account Domain:		Domain_C
	Logon ID:		0xAB37

Account Modified:
	Account Name:		Domain_C\user_l

Access Removed:
	Access Right:		SeInteractiveLogonRight",,"Authentication Policy Change",,,,20,13,4,february,29,thursday,2020,local,"ACME-004",,,,,,,,,false,,,,"Domain_C","ACME-004",,untrust,,false,false,false,,"ACME-004",,,,,,,,,false,,,,"ACME-004",,untrust,,false,false,false,,793664014,"windows_security_access_removed wineventlog_security wineventlog_windows winsec","ACME-004",793664014,,main,,,,25,,,"ACME-004
Domain_C\user_l","Domain_C\SYSTEM","Domain_C\",,"System security access was removed from an account",,WinEventLog,,,,,,,,Windows,,,"//_::_==___.====-=__===_=_______.:t_:tt\t_:tt-t_:t",,,,0xAB37,informational,0,,,"System security access was removed from an account",4718,"WinEventLog:Security",WinEventLog,"prd-p-g7nxxbgc3hgl",,,,,,,,,,,,,,,"Domain_C",,,,,,,,,,"ACME-004",,,,,,,,,,,,,,,,,false,,,,,success,,"System security access was removed from an account",failure,,,"access
account
authorization
change
delete
os
security
success
windows",,,,success,,,,,"access
account
authorization
change
delete
os
security
windows",,,,,,,,,,,,,,,22,0,,"Domain_C\user_l",,,,,,,,,,,,,,,,,,,false,,,,,Microsoft,,
,"Backup Operators",,ADMINISTRATOR,,,,,,,,,,,,,,,,,,,,,,,"SE-002",,,,,,,,,"-",5061,"Cryptographic operation",Information,,,,,,,,,,,,,,,"332fe7e7-d709-e3d8-af9e-7236c48f4c55","User key.","Audit Success",,,,,Security,,,,,0xB84,,,,,,,,,"Cryptographic operation.

Subject:
	Security ID:		NULL SID
	Account Name:		ADMINISTRATOR
	Account Domain:		Backup Operators
	Logon ID:		0xB84
Cryptographic Parameters:
	Provider Name: B1596064D21F	
	Algorithm Name:	
	Key Name:	332fe7e7-d709-e3d8-af9e-7236c48f4c55
	Key Type: User key.

Cryptographic Operation:
	Operation:	Open Key.
	Return Code:	0x1",,,,,,,,,,,,,,,Info,"Open Key.",,,,,,,,,,,,,,B1596064D21F,831386668,,0x1,,,,"NULL SID",,,"Microsoft Windows security auditing.",,,,,,,,,,,,,,,,,,,"Authentication Policy Change",,,,,Information,,,,,,,,,,,,"02/13/2020 08:04:28 PM
LogName=Security
SourceName=Microsoft Windows security auditing.
EventCode=5061
EventType=Information
Type=Information
ComputerName=SE-002
TaskCategory=Authentication Policy Change
OpCode=Info
RecordNumber=831386668
Keywords=Audit Success
Message=Cryptographic operation.

Subject:
	Security ID:		NULL SID
	Account Name:		ADMINISTRATOR
	Account Domain:		Backup Operators
	Logon ID:		0xB84
Cryptographic Parameters:
	Provider Name: B1596064D21F	
	Algorithm Name:	
	Key Name:	332fe7e7-d709-e3d8-af9e-7236c48f4c55
	Key Type: User key.

Cryptographic Operation:
	Operation:	Open Key.
	Return Code:	0x1

","2020-02-13T20:04:28.000+0000",success,"win:unknown","Cryptographic operation.

Subject:
	Security ID:		NULL SID
	Account Name:		ADMINISTRATOR
	Account Domain:		Backup Operators
	Logon ID:		0xB84
Cryptographic Parameters:
	Provider Name: B1596064D21F	
	Algorithm Name:	
	Key Name:	332fe7e7-d709-e3d8-af9e-7236c48f4c55
	Key Type: User key.

Cryptographic Operation:
	Operation:	Open Key.
	Return Code:	0x1",,"Authentication Policy Change",,,,20,13,4,february,28,thursday,2020,local,"SE-002",,,,,,,,,false,,,,"Backup Operators","SE-002",,untrust,,false,false,false,,"SE-002",,,,,,,,,false,,,,"SE-002",,untrust,,false,false,false,,831386668,"wineventlog_security wineventlog_windows winsec","SE-002",831386668,,main,,,,29,,,ADMINISTRATOR,"NULL SID",,,"Cryptographic operation",,WinEventLog,,,,,,,,Windows,,,"//_::_==___.====-=__===_=_.:t_:tt_t_:ttt_:tt_t_:tt",,,,0xB84,informational,Information,,,"Cryptographic operation",5061,"WinEventLog:Security",WinEventLog,"prd-p-g7nxxbgc3hgl",,,,,,,,,,,,,,,,,,,,,,,,,,,,,,,,,,,,,,,,,,,,,,,success,,"Cryptographic operation",failure,,,"os
security
success
windows",,,,success,,,,,"os
security
windows",,,,,,,,,,,,,,,22,0,,ADMINISTRATOR,,,,,,,,,,,,,,,,,,,false,,,,,Microsoft,,
,krbtgt,,ABCDE,,,UNKNOWN,,,,,,,,,,,,,,,,,,,,"PROD-MFS-006",,,,,,,,,"-",5058,"Key file operation",Information,,,"abc\file\path\30D9788707035E3E6CC6F0C66534D824_38C4AEA2-E1D0-E1D0-E1D0-6E05312A8BA5",,,,,,,,,,,,"38C4AEA2-E1D0-E1D0-E1D0-6E05312A8BA5","User key.","Audit Success",,,,,Security,,,,,0x175,,,,,,,,,"Key file operation.

Subject:
	Security ID:		NT AUTHORITY\SYSTEM
	Account Name:		ABCDE
	Account Domain:		krbtgt
	Logon ID:		0x175
Cryptographic Parameters:
	Provider Name:	Microsoft Software Key Storage Provider
	Algorithm Name:	UNKNOWN
	Key Name:	38C4AEA2-E1D0-E1D0-E1D0-6E05312A8BA5
	Key Type: User key.

Key File Operation Information:
	File Path:	abc\file\path\30D9788707035E3E6CC6F0C66534D824_38C4AEA2-E1D0-E1D0-E1D0-6E05312A8BA5
	Operation:	Read persisted key from file.
	Return Code:	0xB",,,,,,,,,,,,,,,Info,"Read persisted key from file.",,,,,,,,,,,,,,"Microsoft Software Key Storage Provider",362645079,,0xB,,,,"NT AUTHORITY\SYSTEM",,,"Microsoft Windows security auditing.",,,,,,,,,,,,,,,,,,,"Authentication Policy Change",,,,,Information,,,,,,,,,,,,"02/13/2020 08:04:28 PM
LogName=Security
SourceName=Microsoft Windows security auditing.
EventCode=5058
EventType=Information
Type=Information
ComputerName=PROD-MFS-006
TaskCategory=Authentication Policy Change
OpCode=Info
RecordNumber=362645079
Keywords=Audit Success
Message=Key file operation.

Subject:
	Security ID:		NT AUTHORITY\SYSTEM
	Account Name:		ABCDE
	Account Domain:		krbtgt
	Logon ID:		0x175
Cryptographic Parameters:
	Provider Name:	Microsoft Software Key Storage Provider
	Algorithm Name:	UNKNOWN
	Key Name:	38C4AEA2-E1D0-E1D0-E1D0-6E05312A8BA5
	Key Type: User key.

Key File Operation Information:
	File Path:	abc\file\path\30D9788707035E3E6CC6F0C66534D824_38C4AEA2-E1D0-E1D0-E1D0-6E05312A8BA5
	Operation:	Read persisted key from file.
	Return Code:	0xB

","2020-02-13T20:04:28.000+0000",success,"win:unknown","Key file operation.

Subject:
	Security ID:		NT AUTHORITY\SYSTEM
	Account Name:		ABCDE
	Account Domain:		krbtgt
	Logon ID:		0x175
Cryptographic Parameters:
	Provider Name:	Microsoft Software Key Storage Provider
	Algorithm Name:	UNKNOWN
	Key Name:	38C4AEA2-E1D0-E1D0-E1D0-6E05312A8BA5
	Key Type: User key.

Key File Operation Information:
	File Path:	abc\file\path\30D9788707035E3E6CC6F0C66534D824_38C4AEA2-E1D0-E1D0-E1D0-6E05312A8BA5
	Operation:	Read persisted key from file.
	Return Code:	0xB",,"Authentication Policy Change",,,,20,13,4,february,28,thursday,2020,local,"PROD-MFS-006",,,,,,,,,false,,,,krbtgt,"PROD-MFS-006",,untrust,,false,false,false,,"PROD-MFS-006",,,,,,,,,false,,,,"PROD-MFS-006",,untrust,,false,false,false,,362645079,"wineventlog_security wineventlog_windows winsec","PROD-MFS-006",362645079,,main,,,,30,,,ABCDE,"NT AUTHORITY\SYSTEM","NT AUTHORITY\",,"Key file operation",,WinEventLog,,,,,,,,Windows,,,"//_::_==___.====--=__===_=__.:t_:tt_\t_:ttt_:ttt_:",,,,0x175,informational,Information,,,"Key file operation",5058,"WinEventLog:Security",WinEventLog,"prd-p-g7nxxbgc3hgl",,,,,,,,,,,,,,,"NT AUTHORITY",,,,,,,,,,,,,,,,,,,,,,,,,,,,,,,,success,,"Key file operation",failure,,,"os
security
success
windows",,,,success,,,,,"os
security
windows",,,,,,,,,,,,,,,22,0,,ABCDE,,,,,,,,,,,,,,,,,,,false,,,,,Microsoft,,
,"Domain_C",,"user_b",,,,,,,,,,,,,,,"Account Management","Password Policy modified",,,,,,,"HOST-005",,,,,"-","Domain_C\","Domain_C",,"-",4739,"Domain Policy was changed",0,,,,"-",,,,,,,,,,,,,"Audit Success",,"-","-","-",Security,,,,,0x3A81,,,,"Min. Password Age:	-
	Max. Password Age:	-
	Force Logoff:		-
	Lockout Threshold:	-
	Lockout Observation Window:	-
	Lockout Duration:	-
	Password Properties:	-
	Min. Password Length:	6
	Password History Length:	23
	Machine Account Quota:	-
	Mixed Domain Mode:	-
	Domain Behavior Version:	-
	OEM Information:	-","-","-",,,"Domain Policy was changed.

Change Type:		Password Policy modified

Subject:
	Security ID:  Domain_C\user_b
	Account Name:  user_b
	Account Domain:  Domain_C
	Logon ID:  0x3A81

Domain:
	Domain Name:		Domain_C
	Domain ID:		Domain_C\

Changed Attributes:
	Min. Password Age:	-
	Max. Password Age:	-
	Force Logoff:		-
	Lockout Threshold:	-
	Lockout Observation Window:	-
	Lockout Duration:	-
	Password Properties:	-
	Min. Password Length:	6
	Password History Length:	23
	Machine Account Quota:	-
	Mixed Domain Mode:	-
	Domain Behavior Version:	-
	OEM Information:	-

Additional Information:
	Privileges:		-","-",6,"-",,,,,,,,,,"-",,Info,,,23,,"-",,,,,,"-",,,,,318236010,,,,,,"Domain_C\user_b",,,"Microsoft Windows security auditing.",,,,,,,,,,,,,,,,,,,"Authentication Policy Change",,,,,Information,,,,,,,,,,,,"02/13/2020 08:04:28 PM
LogName=Security
SourceName=Microsoft Windows security auditing.
EventCode=4739
EventType=0
Type=Information
ComputerName=HOST-005
TaskCategory=Authentication Policy Change
OpCode=Info
RecordNumber=318236010
Keywords=Audit Success
Message=Domain Policy was changed.

Change Type:		Password Policy modified

Subject:
	Security ID:  Domain_C\user_b
	Account Name:  user_b
	Account Domain:  Domain_C
	Logon ID:  0x3A81

Domain:
	Domain Name:		Domain_C
	Domain ID:		Domain_C\

Changed Attributes:
	Min. Password Age:	-
	Max. Password Age:	-
	Force Logoff:		-
	Lockout Threshold:	-
	Lockout Observation Window:	-
	Lockout Duration:	-
	Password Properties:	-
	Min. Password Length:	6
	Password History Length:	23
	Machine Account Quota:	-
	Mixed Domain Mode:	-
	Domain Behavior Version:	-
	OEM Information:	-

Additional Information:
	Privileges:		-
","2020-02-13T20:04:28.000+0000",success,"win:unknown","Domain Policy was changed.

Change Type:		Password Policy modified

Subject:
	Security ID:  Domain_C\user_b
	Account Name:  user_b
	Account Domain:  Domain_C
	Logon ID:  0x3A81

Domain:
	Domain Name:		Domain_C
	Domain ID:		Domain_C\

Changed Attributes:
	Min. Password Age:	-
	Max. Password Age:	-
	Force Logoff:		-
	Lockout Threshold:	-
	Lockout Observation Window:	-
	Lockout Duration:	-
	Password Properties:	-
	Min. Password Length:	6
	Password History Length:	23
	Machine Account Quota:	-
	Mixed Domain Mode:	-
	Domain Behavior Version:	-
	OEM Information:	-

Additional Information:
	Privileges:		-",,"Authentication Policy Change",,,,20,13,4,february,28,thursday,2020,local,"HOST-005",,,,,,,,,false,,,,"Domain_C","HOST-005",,untrust,,false,false,false,,"HOST-005",,,,,,,,,false,,,,"HOST-005",,untrust,,false,false,false,,318236010,"windows_account_management windows_security_misconfiguration_password_minimum_length wineventlog_security wineventlog_windows winsec","HOST-005",318236010,,main,,,,43,,,"user_b","Domain_C\user_b","Domain_C\",,"Domain Policy was changed",,WinEventLog,,,,,,"-",,Windows,,,"//_::_==___.====-=__===_=___._:tt__:t_:__\t_:__t_:",,,,0x3A81,high,0,,,"Domain Policy was changed",4739,"WinEventLog:Security",WinEventLog,"prd-p-g7nxxbgc3hgl",,,,,,,,,,,,,,,"Domain_C",,,,,,,,,,,,,,,,,,,,,,,,,,,,,,,,success,,"Domain Policy was changed",failure,"Account Management",,"account
audit
change
management
misconfiguration
os
password
policy
report
security
success
vulnerability
windows",,,,success,,,,,"account
audit
change
management
misconfiguration
os
password
policy
report
security
vulnerability
windows",,,,,,,,,,,,,,,22,0,,"user_b",,,,,,,,,,,,,,,,,,,false,,,,,Microsoft,"-",
,"Domain_B
Domain_B",,"user_l
user_b",,,,,,,,,,,,,,,"Account Management",,,,,,,,"ops-sys-006",,,,,,,,,"-",4724,"An attempt was made to reset an accounts password",0,,,,,,,,,,,,,,,,,"Audit Failure",,,,,Security,,,,,0xAB37,,,,,,,,,"An attempt was made to reset an account's password.
Subject:
	Security ID:  Domain_B\user_l
	Account Name:  user_l
	Account Domain:  Domain_B
	Logon ID:  0xAB37
Target Account:
	Security ID:  Domain_B\user_b
	Account Name:  user_b
	Account Domain:  Domain_B",,,,,,,,,,,,,,,Info,,,,,,,,,,,,,,,,605591357,,,,,,"Domain_B\user_l
Domain_B\user_b",,,"Microsoft Windows security auditing.",,,,,,,,,,,,,,,,,,,"User Account Management",,,,,Information,,,,,,,,,,,,"02/13/2020 08:04:27 PM
LogName=Security
SourceName=Microsoft Windows security auditing.
EventCode=4724
EventType=0
Type=Information
ComputerName=ops-sys-006
TaskCategory=User Account Management
OpCode=Info
RecordNumber=605591357
Keywords=Audit Failure
Message=An attempt was made to reset an account's password.
Subject:
	Security ID:  Domain_B\user_l
	Account Name:  user_l
	Account Domain:  Domain_B
	Logon ID:  0xAB37
Target Account:
	Security ID:  Domain_B\user_b
	Account Name:  user_b
	Account Domain:  Domain_B
","2020-02-13T20:04:27.000+0000",modified,"win:unknown","An attempt was made to reset an account's password.
Subject:
	Security ID:  Domain_B\user_l
	Account Name:  user_l
	Account Domain:  Domain_B
	Logon ID:  0xAB37
Target Account:
	Security ID:  Domain_B\user_b
	Account Name:  user_b
	Account Domain:  Domain_B",,"User Account Management",user,,,20,13,4,february,27,thursday,2020,local,"ops-sys-006",,,,,,,,,false,,,,"Domain_B","ops-sys-006",,untrust,,false,false,false,,"ops-sys-006",,,,,,,,,false,,,,"ops-sys-006",,untrust,,false,false,false,,605591357,"err0r nix_errors windows_account_management windows_account_password_set wineventlog_security wineventlog_windows winsec","ops-sys-006",605591357,,main,,,,22,,,"user_l
user_b","Domain_B\user_l
Domain_B\user_b","Domain_B\","reset an account's password","An attempt was made to reset an accounts password",,WinEventLog,user,,,,,,,Windows,,,"//_::_==___.====--=__===_=_______'_.:t_:__\t_:__t_",,,,0xAB37,informational,0,,,"An attempt was made to reset an accounts password",4724,"WinEventLog:Security",WinEventLog,"prd-p-g7nxxbgc3hgl",,,,,,,,,,,,,,,"Domain_B",,,,,,,,,,"user_l",,,,,,,,,,,,,,,,,false,,,,,failure,,"An attempt was made to reset an accounts password",failure,"Account Management",,"account
change
error
management
modify
os
password
security
windows",,,,,,,,,"account
change
error
management
modify
os
password
security
windows",,,,,,,,,,,,,,,22,0,,"user_b",,,,,,,,,,,,,,,,,,,false,,,,,Microsoft,,
,"Domain_B
Domain_B","2020-02-13 20:04:27 PM","user_b
user_l",,,,"server_1/coumputer_a",,,,,,,,,,,"Account Management",,,,,,,,"SE-004",,,bbb,,,,,,"-",4738,"A user account was changed",0,,,,,,,,"\a\b\c","E:",,,,,,,,"Audit Success",,,,,Security,,,,"Tuesday 8:00 PM -Wednesday 10:00 AM",0x3A81,,,,"SAM Account Name: user_j
 Display Name:  bbb
 User Principal Name: aaa@AAA.local
 Home Directory:  \a\b\c
 Home Drive:  E:
 Script Path:  \a
 Profile Path:  \a\b
 User Workstations: <value not set>
 Password Last Set: 2020-02-13 20:04:27 PM
 Account Expires:  2020-02-13 20:04:27 PM
 Primary Group ID: 71
 AllowedToDelegateTo: server_1/coumputer_a
 Old UAC Value:  C62CE4A
 New UAC Value:  F4A647A
 User Account Control: ENCRYPTED_TEXT_PWD_ALLOWED - Enabled
 User Parameters: <value changed, but not displayed>
 SID History:  -
 Logon Hours:  Tuesday 8:00 PM -Wednesday 10:00 AM",,,,,"A User account was changed.

Subject:
 Security ID:  Domain_B\user_b
 Account Name:  user_b
 Account Domain:  Domain_B
 Logon ID:  0x3A81

Target Account:
 Security ID:  Domain_B\user_l
 Account Name:  user_l
 Account Domain:  Domain_B

Changed Attributes:
 SAM Account Name: user_j
 Display Name:  bbb
 User Principal Name: aaa@AAA.local
 Home Directory:  \a\b\c
 Home Drive:  E:
 Script Path:  \a
 Profile Path:  \a\b
 User Workstations: <value not set>
 Password Last Set: 2020-02-13 20:04:27 PM
 Account Expires:  2020-02-13 20:04:27 PM
 Primary Group ID: 71
 AllowedToDelegateTo: server_1/coumputer_a
 Old UAC Value:  C62CE4A
 New UAC Value:  F4A647A
 User Account Control: ENCRYPTED_TEXT_PWD_ALLOWED - Enabled
 User Parameters: <value changed, but not displayed>
 SID History:  -
 Logon Hours:  Tuesday 8:00 PM -Wednesday 10:00 AM

Additional Information:
 Privileges:  SeAuditPrivilege",,,,,,,,,,,,F4A647A,,C62CE4A,Info,,,,"2020-02-13 20:04:27 PM",,,,71,,,SeAuditPrivilege,,,"\a\b",,996522288,,,"user_j","-","\a","Domain_B\user_b
Domain_B\user_l",,,"Microsoft Windows security auditing.",,,,,,,,,,,,,,,,,,,"User Account Management",,,,,Information,,"ENCRYPTED_TEXT_PWD_ALLOWED - Enabled",,,"<value changed, but not displayed>","aaa@AAA.local","<value not set>",,,,,"02/13/2020 08:04:27 PM
LogName=Security
SourceName=Microsoft Windows security auditing.
EventCode=4738
EventType=0
Type=Information
ComputerName=SE-004
TaskCategory=User Account Management
OpCode=Info
RecordNumber=996522288
Keywords=Audit Success
Message=A User account was changed.

Subject:
 Security ID:  Domain_B\user_b
 Account Name:  user_b
 Account Domain:  Domain_B
 Logon ID:  0x3A81

Target Account:
 Security ID:  Domain_B\user_l
 Account Name:  user_l
 Account Domain:  Domain_B

Changed Attributes:
 SAM Account Name: user_j
 Display Name:  bbb
 User Principal Name: aaa@AAA.local
 Home Directory:  \a\b\c
 Home Drive:  E:
 Script Path:  \a
 Profile Path:  \a\b
 User Workstations: <value not set>
 Password Last Set: 2020-02-13 20:04:27 PM
 Account Expires:  2020-02-13 20:04:27 PM
 Primary Group ID: 71
 AllowedToDelegateTo: server_1/coumputer_a
 Old UAC Value:  C62CE4A
 New UAC Value:  F4A647A
 User Account Control: ENCRYPTED_TEXT_PWD_ALLOWED - Enabled
 User Parameters: <value changed, but not displayed>
 SID History:  -
 Logon Hours:  Tuesday 8:00 PM -Wednesday 10:00 AM

Additional Information:
 Privileges:  SeAuditPrivilege
","2020-02-13T20:04:27.000+0000",modified,"win:unknown","A User account was changed.

Subject:
 Security ID:  Domain_B\user_b
 Account Name:  user_b
 Account Domain:  Domain_B
 Logon ID:  0x3A81

Target Account:
 Security ID:  Domain_B\user_l
 Account Name:  user_l
 Account Domain:  Domain_B

Changed Attributes:
 SAM Account Name: user_j
 Display Name:  bbb
 User Principal Name: aaa@AAA.local
 Home Directory:  \a\b\c
 Home Drive:  E:
 Script Path:  \a
 Profile Path:  \a\b
 User Workstations: <value not set>
 Password Last Set: 2020-02-13 20:04:27 PM
 Account Expires:  2020-02-13 20:04:27 PM
 Primary Group ID: 71
 AllowedToDelegateTo: server_1/coumputer_a
 Old UAC Value:  C62CE4A
 New UAC Value:  F4A647A
 User Account Control: ENCRYPTED_TEXT_PWD_ALLOWED - Enabled
 User Parameters: <value changed, but not displayed>
 SID History:  -
 Logon Hours:  Tuesday 8:00 PM -Wednesday 10:00 AM

Additional Information:
 Privileges:  SeAuditPrivilege",,"User Account Management",user,,,20,13,4,february,27,thursday,2020,local,"SE-004",,,,,,,,,false,,,,"Domain_B","SE-004",,untrust,,false,false,false,,"SE-004",,,,,,,,,false,,,,"SE-004",,untrust,,false,false,false,,996522288,"windows_account_management windows_account_modified wineventlog_security wineventlog_windows winsec","SE-004",996522288,,main,,,,47,,,"user_b
user_l","Domain_B\user_b
Domain_B\user_l","Domain_B\",,"A user account was changed",,WinEventLog,user,,,,"Generate security audits",SeAuditPrivilege,,Windows,,,"//_::_==___.====-=__===_=____.:__:__\__:____:____:",,,,0x3A81,informational,0,,,"A user account was changed",4738,"WinEventLog:Security",WinEventLog,"prd-p-g7nxxbgc3hgl",,,,,,,,,,,,,,,"Domain_B",,,,,,,,,,"user_b",,,,,,,,,,,,,,,,,false,,,,,success,,"A user account was changed",failure,"Account Management",,"account
audit
change
management
modify
os
security
windows",,,,,,,,,"account
change
management
modify
os
security
windows",,audit,,,,,,,,,,,,,22,0,,"user_l",,,,,,71,,,,,,,,,,,,,false,,,,,Microsoft,SeAuditPrivilege,
,"Domain_C",,"user_g",,,,,,,,,,,,,,,,,,,,,,,"$SPLUNK_HOME/etc/apps/Splunk_TA_windows/samples/hostname.sample",0xC514,,,,,,,,"-",4688,"A new process has been created",0,,,,,,,,,,,,,,,,,"Audit Success",,,,,Security,,,,,0xEB5F,,,,,,,,,"A new process has been created.
Subject:
	Security ID:		Domain_C\user_g
	Account Name:		user_g
	Account Domain:		Domain_C
	Logon ID:		0xEB5F
Process Information:
	New Process ID:		0xA804
	New Process Name:	C:\Windows\System32\example_d.exe
	Token Elevation Type:	TokenElevationTypeFull (2)
	Creator Process ID:	0xC514
Token Elevation Type indicates the type of token that was assigned to the new process in accordance with User Account Control policy.
Type 1 is a full token with no privileges removed or groups disabled.  A full token is only used if User Account Control is disabled or if the User is the built-in Administrator account or a service account.
Type 2 is an elevated token with no privileges removed or groups disabled.  An elevated token is used when User Account Control is enabled and the User chooses to start the program using Run as administrator.  An elevated token is also used when an application is configured to always require administrative privilege or to always require maximum privilege, and the User is a member of the Administrators group.
Type 3 is a limited token with administrative privileges removed and administrative groups disabled.  The limited token is used when User Account Control is enabled, the application does not require administrative privilege, and the User does not choose to start the program using Run as administrator.",,,,,,,,,,0xA804,"C:\Windows\System32\example_d.exe",,,,Info,,,,,,,,,,,,,,,,969229091,,,,,,"Domain_C\user_g",,,"Microsoft Windows security auditing.",,,,,,,,,,,,,,,,,,,"Process Creation",,"TokenElevationTypeFull (2)",2,,Information,,,,,,,,,,,,"02/13/2020 08:04:26 PM
LogName=Security
SourceName=Microsoft Windows security auditing.
EventCode=4688
EventType=0
Type=Information
ComputerName=$SPLUNK_HOME/etc/apps/Splunk_TA_windows/samples/hostname.sample
TaskCategory=Process Creation
OpCode=Info
RecordNumber=969229091
Keywords=Audit Success
Message=A new process has been created.
Subject:
	Security ID:		Domain_C\user_g
	Account Name:		user_g
	Account Domain:		Domain_C
	Logon ID:		0xEB5F
Process Information:
	New Process ID:		0xA804
	New Process Name:	C:\Windows\System32\example_d.exe
	Token Elevation Type:	TokenElevationTypeFull (2)
	Creator Process ID:	0xC514
Token Elevation Type indicates the type of token that was assigned to the new process in accordance with User Account Control policy.
Type 1 is a full token with no privileges removed or groups disabled.  A full token is only used if User Account Control is disabled or if the User is the built-in Administrator account or a service account.
Type 2 is an elevated token with no privileges removed or groups disabled.  An elevated token is used when User Account Control is enabled and the User chooses to start the program using Run as administrator.  An elevated token is also used when an application is configured to always require administrative privilege or to always require maximum privilege, and the User is a member of the Administrators group.
Type 3 is a limited token with administrative privileges removed and administrative groups disabled.  The limited token is used when User Account Control is enabled, the application does not require administrative privilege, and the User does not choose to start the program using Run as administrator.
","2020-02-13T20:04:26.000+0000",success,"win:unknown","A new process has been created.
Subject:
	Security ID:		Domain_C\user_g
	Account Name:		user_g
	Account Domain:		Domain_C
	Logon ID:		0xEB5F
Process Information:
	New Process ID:		0xA804
	New Process Name:	C:\Windows\System32\example_d.exe
	Token Elevation Type:	TokenElevationTypeFull (2)
	Creator Process ID:	0xC514
Token Elevation Type indicates the type of token that was assigned to the new process in accordance with User Account Control policy.
Type 1 is a full token with no privileges removed or groups disabled.  A full token is only used if User Account Control is disabled or if the User is the built-in Administrator account or a service account.
Type 2 is an elevated token with no privileges removed or groups disabled.  An elevated token is used when User Account Control is enabled and the User chooses to start the program using Run as administrator.  An elevated token is also used when an application is configured to always require administrative privilege or to always require maximum privilege, and the User is a member of the Administrators group.
Type 3 is a limited token with administrative privileges removed and administrative groups disabled.  The limited token is used when User Account Control is enabled, the application does not require administrative privilege, and the User does not choose to start the program using Run as administrator.",,"Process Creation",,,,20,13,4,february,26,thursday,2020,local,"$SPLUNK_HOME/etc/apps/Splunk_TA_windows/samples/hostname.sample",,,,,,,,,false,,,,"Domain_C","$SPLUNK_HOME/etc/apps/Splunk_TA_windows/samples/hostname.sample",,untrust,,false,false,false,,"$SPLUNK_HOME/etc/apps/Splunk_TA_windows/samples/hostname.sample",,,,,,,,,false,,,,"$SPLUNK_HOME/etc/apps/Splunk_TA_windows/samples/hostname.sample",,untrust,,false,false,false,,969229091,"windows_process_new wineventlog_security wineventlog_windows winsec","$SPLUNK_HOME/etc/apps/Splunk_TA_windows/samples/hostname.sample",969229091,,main,,,,27,,,"user_g","Domain_C\user_g","Domain_C\",,"A new process has been created",,WinEventLog,,,,,,,,Windows,,,"//_::_==___.====$/////.=_===_=_____.:t_:tt\t_:ttt_",,,,0xEB5F,informational,0,,,"A new process has been created",4688,"WinEventLog:Security",WinEventLog,"prd-p-g7nxxbgc3hgl",,,,,,,,,,,,,,,"Domain_C",,,,,,,,,,,,,,,,,,,,,,,,,,,,,,,,success,,"A new process has been created",failure,,,"execute
os
privileged
process
security
start
success
windows",,,privileged,success,,,,,"execute
os
process
security
start
windows",,,,,,,,,,,,,,,22,0,,"user_g",,,,,,,,,,,,,,,,,,,false,,,,,Microsoft,,
,"Domain_B
Domain_B",,"user_d
user_m",,,,,,,,,,,,,,,"Account Management",,,,,,,,"ACME-006",,,,,,,,,"-",4743,"A computer account was deleted",0,,,,,,,,,,,,,,,,,"Audit Success",,,,,Security,,,,,0x3EC3,,,,,,,,,"A computer account was deleted.

Subject:
	Security ID:		Domain_B\user_d
	Account Name:		user_d
	Account Domain:		Domain_B
	Logon ID:		0x3EC3

Target Computer:
	Security ID:		Domain_B\user_m
	Account Name:		user_m
	Account Domain:		Domain_B

Additional Information:
	Privileges:	-",,,,,,,,,,,,,,,Info,,,,,,,,,,,"-",,,,,451680810,,,,,,"Domain_B\user_d
Domain_B\user_m",,,"Microsoft Windows security auditing.",,,,,,,,,,,,,,,,,,,"Computer Account Management",,,,,Information,,,,,,,,,,,,"02/13/2020 08:04:26 PM
LogName=Security
SourceName=Microsoft Windows security auditing.
EventCode=4743
EventType=0
Type=Information
ComputerName=ACME-006
TaskCategory=Computer Account Management
OpCode=Info
RecordNumber=451680810
Keywords=Audit Success
Message=A computer account was deleted.

Subject:
	Security ID:		Domain_B\user_d
	Account Name:		user_d
	Account Domain:		Domain_B
	Logon ID:		0x3EC3

Target Computer:
	Security ID:		Domain_B\user_m
	Account Name:		user_m
	Account Domain:		Domain_B

Additional Information:
	Privileges:	-
","2020-02-13T20:04:26.000+0000",deleted,"win:unknown","A computer account was deleted.

Subject:
	Security ID:		Domain_B\user_d
	Account Name:		user_d
	Account Domain:		Domain_B
	Logon ID:		0x3EC3

Target Computer:
	Security ID:		Domain_B\user_m
	Account Name:		user_m
	Account Domain:		Domain_B

