Additional Information:
	Privileges	-",,"User Account Management",user,,,20,13,4,february,11,thursday,2020,local,"PROD-MFS-005",,,,,,,,,false,,,,"Domain_B","PROD-MFS-005",,untrust,,false,false,false,,"PROD-MFS-005",,,,,,,,,false,,,,"PROD-MFS-005",,untrust,,false,false,false,,353308243,"windows_account_deleted windows_account_management wineventlog_security wineventlog_windows winsec","PROD-MFS-005",353308243,,main,,,,27,,,"user_c
user_l","Domain_B\user_c
Domain_B\user_l","Domain_B\",deleted,"A user account was deleted",,WinEventLog,user,,,,,,,Windows,,,"//_::_==___.====--=__===_=____.:t_:tt\t_:ttt_:ttt_",,,,0x5FC9,informational,0,,,"A user account was deleted",4726,"WinEventLog:Security",WinEventLog,"prd-p-g7nxxbgc3hgl",,,,,,,,,,,,,,,"Domain_B",,,,,,,,,,"user_c",,,,,,,,,,,,,,,,,false,,,,,success,,"A user account was deleted",failure,"Account Management",,"account
change
delete
management
os
security
windows",,,,,,,,,"account
change
delete
management
os
security
windows",,,,,,,,,,,,,,,22,0,,"user_l",,,,,,,,,,,,,,,,,,,false,,,,,Microsoft,,
,"Domain_D",,"user_l
user_i",,,,,,,,"BUSDEV-004",,,,,,,"Account Management",,,,,,,,"BUSDEV-004",,,,,,,,,"-",4740,"A user account was locked out",0,,,,,,,,,,,,,,,,,"Audit Success",,,,,Security,,,,,0xAB37,,,,,,,,,"A user account was locked out. 
Subject: 
	Security ID: Domain_D\user_l 
	Account Name: user_l
	Account Domain: Domain_D
	Logon ID: 0xAB37
Account That Was Locked Out: 
	Security ID: Domain_D\user_i 
	Account Name: user_i
Additional Information: 
	Caller Computer Name: BUSDEV-004",,,,,,,,,,,,,,,Info,,,,,,,,,,,,,,,,191722878,,,,,,"Domain_D\user_l
Domain_D\user_i",,,"Microsoft Windows security auditing.",,,,,,,,,,,,,,,,,,,"User Account Management",,,,,Information,,,,,,,,,,,,"02/13/2020 08:04:11 PM 
LogName=Security 
SourceName=Microsoft Windows security auditing.
EventCode=4740 
EventType=0 
Type=Information
ComputerName=BUSDEV-004 
TaskCategory=User Account Management
OpCode=Info 
RecordNumber=191722878
Keywords=Audit Success
Message=A user account was locked out. 
Subject: 
	Security ID: Domain_D\user_l 
	Account Name: user_l
	Account Domain: Domain_D
	Logon ID: 0xAB37
Account That Was Locked Out: 
	Security ID: Domain_D\user_i 
	Account Name: user_i
Additional Information: 
	Caller Computer Name: BUSDEV-004
","2020-02-13T20:04:11.000+0000",modified,"win:unknown","A user account was locked out. 
Subject: 
	Security ID: Domain_D\user_l 
	Account Name: user_l
	Account Domain: Domain_D
	Logon ID: 0xAB37
Account That Was Locked Out: 
	Security ID: Domain_D\user_i 
	Account Name: user_i
Additional Information: 
	Caller Computer Name: BUSDEV-004",,"User Account Management",user,,,20,13,4,february,11,thursday,2020,local,"BUSDEV-004",,,,,,,,,false,,,,"Domain_D","BUSDEV-004",,untrust,,false,false,false,,"BUSDEV-004",,,,,,,,,false,,,,"BUSDEV-004 ",,untrust,,false,false,false,,191722878,"windows_account_lockout windows_account_management wineventlog_security wineventlog_windows winsec","BUSDEV-004 ",191722878,,main,,,,23,,,"user_l
user_i","Domain_D\user_l
Domain_D\user_i","Domain_D\","locked out","A user account was locked out",,WinEventLog,user,,,,,,,Windows,,,"//_::__=_=___.=_=_==-_=__=_==_=_____._:_t_:_\_t_:_",,,lockout,0xAB37,informational,0,,,"A user account was locked out",4740,"WinEventLog:Security",WinEventLog,"prd-p-g7nxxbgc3hgl",,,,,,,,,,,,,,,"Domain_D\user_l
Domain_D","BUSDEV-004",,,,,,,,,"user_l",,,,,,,,,,,,,,,,,false,,,,,success,,"A user account was locked out",failure,"Account Management",,"account
change
lock
lockout
management
os
security
windows",,,,,,,,,"account
change
lock
lockout
management
os
security
windows",,,,,,,,,,,,,,,22,0,,"user_i",,,,,,,,,,,,,,,,,,,false,,,,,Microsoft,,
,"Domain_B
Domain_B",,"user_b
user_k",,,,,,,,,,,,,,,"Account Management",,,,,,,,"BUSDEV-007",,,,,,,,,"-",4726,"A user account was deleted",0,,,,,,,,,,,,,,,,,"Audit Success",,,,,Security,,,,,0x3A81,,,,,,,,,"A user account was deleted.

Subject:
	Security ID:		Domain_B\user_b
	Account Name:		user_b
	Account Domain:		Domain_B
	Logon ID:		0x3A81

Target Account:
	Security ID:		Domain_B\user_k
	Account Name:		user_k
	Account Domain:		Domain_B

Additional Information:
	Privileges	SeImpersonatePrivilege",,,,,,,,,,,,,,,Info,,,,,,,,,,,,,,,,206117046,,,,,,"Domain_B\user_b
Domain_B\user_k",,,"Microsoft Windows security auditing.",,,,,,,,,,,,,,,,,,,"User Account Management",,,,,Information,,,,,,,,,,,,"02/13/2020 08:04:11 PM
LogName=Security
SourceName=Microsoft Windows security auditing.
EventCode=4726
EventType=0
Type=Information
ComputerName=BUSDEV-007
TaskCategory=User Account Management
OpCode=Info
RecordNumber=206117046
Keywords=Audit Success
Message=A user account was deleted.

Subject:
	Security ID:		Domain_B\user_b
	Account Name:		user_b
	Account Domain:		Domain_B
	Logon ID:		0x3A81

Target Account:
	Security ID:		Domain_B\user_k
	Account Name:		user_k
	Account Domain:		Domain_B

Additional Information:
	Privileges	SeImpersonatePrivilege
","2020-02-13T20:04:11.000+0000",deleted,"win:unknown","A user account was deleted.

Subject:
	Security ID:		Domain_B\user_b
	Account Name:		user_b
	Account Domain:		Domain_B
	Logon ID:		0x3A81

Target Account:
	Security ID:		Domain_B\user_k
	Account Name:		user_k
	Account Domain:		Domain_B

Additional Information:
	Privileges	SeImpersonatePrivilege",,"User Account Management",user,,,20,13,4,february,11,thursday,2020,local,"BUSDEV-007",,,,,,,,,false,,,,"Domain_B","BUSDEV-007",,untrust,,false,false,false,,"BUSDEV-007",,,,,,,,,false,,,,"BUSDEV-007",,untrust,,false,false,false,,206117046,"windows_account_deleted windows_account_management wineventlog_security wineventlog_windows winsec","BUSDEV-007",206117046,,main,,,,27,,,"user_b
user_k","Domain_B\user_b
Domain_B\user_k","Domain_B\",deleted,"A user account was deleted",,WinEventLog,user,,,,,,,Windows,,,"//_::_==___.====-=__===_=____.:t_:tt\t_:ttt_:ttt_:",,,,0x3A81,informational,0,,,"A user account was deleted",4726,"WinEventLog:Security",WinEventLog,"prd-p-g7nxxbgc3hgl",,,,,,,,,,,,,,,"Domain_B",,,,,,,,,,"user_b",,,,,,,,,,,,,,,,,false,,,,,success,,"A user account was deleted",failure,"Account Management",,"account
change
delete
management
os
security
windows",,,,,,,,,"account
change
delete
management
os
security
windows",,,,,,,,,,,,,,,22,0,,"user_k",,,,,,,,,,,,,,,,,,,false,,,,,Microsoft,,
SeInteractiveLogonRight,"Domain_D",,"PROD-POS-006
Domain_D\user_b",,,,,,,,,,,,,,,,,,,,,,,"PROD-POS-006",,,,,,,,,"-",4717,"System security access was granted to an account",0,,,,,,,,,,,,,,,,,"Audit Success",,,,,Security,,,,,0x3A81,,,,,,,,,"System security access was granted to an account.

Subject:
	Security ID:		Domain_D\SYSTEM
	Account Name:		PROD-POS-006
	Account Domain:		Domain_D
	Logon ID:		0x3A81

Account Modified:
	Account Name:		Domain_D\user_b

Access Granted:
	Access Right:		SeInteractiveLogonRight",,,,,,,,,,,,,,,Info,,,,,,,,,,,,,,,,180586154,,,,,,"Domain_D\SYSTEM",,,"Microsoft Windows security auditing.",,,,,,,,,,,,,,,,,,,"Authentication Policy Change",,,,,Information,,,,,,,,,,,,"02/13/2020 08:04:11 PM
LogName=Security
SourceName=Microsoft Windows security auditing.
EventCode=4717
EventType=0
Type=Information
ComputerName=PROD-POS-006
TaskCategory=Authentication Policy Change
OpCode=Info
RecordNumber=180586154
Keywords=Audit Success
Message=System security access was granted to an account.

Subject:
	Security ID:		Domain_D\SYSTEM
	Account Name:		PROD-POS-006
	Account Domain:		Domain_D
	Logon ID:		0x3A81

Account Modified:
	Account Name:		Domain_D\user_b

Access Granted:
	Access Right:		SeInteractiveLogonRight
","2020-02-13T20:04:11.000+0000",success,"win:unknown","System security access was granted to an account.

Subject:
	Security ID:		Domain_D\SYSTEM
	Account Name:		PROD-POS-006
	Account Domain:		Domain_D
	Logon ID:		0x3A81

Account Modified:
	Account Name:		Domain_D\user_b

Access Granted:
	Access Right:		SeInteractiveLogonRight",,"Authentication Policy Change",,,,20,13,4,february,11,thursday,2020,local,"PROD-POS-006",,,,,,,,,false,,,,"Domain_D","PROD-POS-006",,untrust,,false,false,false,,"PROD-POS-006",,,,,,,,,false,,,,"PROD-POS-006",,untrust,,false,false,false,,180586154,"windows_security_access_granted wineventlog_security wineventlog_windows winsec","PROD-POS-006",180586154,,main,,,,25,,,"PROD-POS-006
Domain_D\user_b","Domain_D\SYSTEM","Domain_D\",,"System security access was granted to an account",,WinEventLog,,,,,,,,Windows,,,"//_::_==___.====--=__===_=_______.:t_:tt\t_:tt--t_",,,,0x3A81,informational,0,,,"System security access was granted to an account",4717,"WinEventLog:Security",WinEventLog,"prd-p-g7nxxbgc3hgl",,,,,,,,,,,,,,,"Domain_D",,,,,,,,,,"PROD-POS-006",,,,,,,,,,,,,,,,,false,,,,,success,,"System security access was granted to an account",failure,,,"access
account
add
authorization
change
os
security
success
windows",,,,success,,,,,"access
account
add
authorization
change
os
security
windows",,,,,,,,,,,,,,,22,0,,"Domain_D\user_b",,,,,,,,,,,,,,,,,,,false,,,,,Microsoft,,
,,,,,,,,,,"MICROSOFT_AUTHENTICATION_PACKAGE_V1_0",,,,,,,,,,,,,,,,"BUSDEV-006",,,,,,,,,0xC000006D,4776,"The domain controller attempted to validate the credentials for an account",0,,,,,,,,,,,,,,,,,"Failure Audit",,,,,Security,,"user_b",,,,,,,,,,,,"The computer attempted to validate the credentials for an account.
Authentication Package: MICROSOFT_AUTHENTICATION_PACKAGE_V1_0
Logon Account: user_b
Source Workstation: BUSDEV-006
Error Code: 0xC000006D",,,,,,,,,,,,,,,Info,,,,,,,,,,,,,,,,901613804,,,,,,,,,"Microsoft Windows security auditing.",,,"BUSDEV-006",,,,,,,,,,,,,,,,"Credential Validation",,,,,Information,,,,,,,,,,,,"02/13/2020 08:04:11 PM
LogName=Security
SourceName=Microsoft Windows security auditing.
EventCode=4776
EventType=0
Type=Information
ComputerName=BUSDEV-006
TaskCategory=Credential Validation
OpCode=Info
RecordNumber=901613804
Keywords=Failure Audit
Message=The computer attempted to validate the credentials for an account.
Authentication Package: MICROSOFT_AUTHENTICATION_PACKAGE_V1_0
Logon Account: user_b
Source Workstation: BUSDEV-006
Error Code: 0xC000006D
","2020-02-13T20:04:11.000+0000",failure,"win:unknown","The computer attempted to validate the credentials for an account.
Authentication Package: MICROSOFT_AUTHENTICATION_PACKAGE_V1_0
Logon Account: user_b
Source Workstation: BUSDEV-006
Error Code: 0xC000006D",,"Credential Validation",,,,20,13,4,february,11,thursday,2020,local,"BUSDEV-006",,,,,,,,,false,,,,,"BUSDEV-006",,untrust,,false,false,false,,"BUSDEV-006",,,,,,,,,false,,,,"BUSDEV-006",,untrust,,false,false,false,,901613804,"err0r nix_errors windows_account_used4logon wineventlog_security wineventlog_windows winsec","BUSDEV-006",901613804,,main,,,,17,,,,,,,"The domain controller attempted to validate the credentials for an account",,WinEventLog,,,,,,,,Windows,,,"//_::_==___.====-=_===_=_________._:__:__:_-_:_",,,,,informational,0,,,"The domain controller attempted to validate the credentials for an account",4776,"WinEventLog:Security",WinEventLog,"prd-p-g7nxxbgc3hgl",,"BUSDEV-006",,,,,,,,,false,,,,,"BUSDEV-006",,untrust,,,false,,false,false,,,,,,,,,,,,,,,,,,,,,,,failure,,"The domain controller attempted to validate the credentials for an account",failure,,,"authentication
error
failure
os
security
windows",,,,failure,,,,,"authentication
error
os
security
windows",,,,,,,,,,,,,,,22,0,,"user_b",,,,,,,,,,,,,,,,,,,false,,,,,Microsoft,,
,"Domain_A
Domain_A",,"BUSDEV-005
user_i",,,,,,,Kerberos,,,,,,,,,,,,,,,,"BUSDEV-005",,,,,,,,No,"-",4624,"An account was successfully logged on",0,,,,,,,,,,,Impersonation,,,0,,,"Audit Success",32F3,,,,Security,,,"{27C4A2F2-13CA-AA25-E903-D31268740239}",,"0x70E4
0x5F25",Winlogon,5,,,,,,,"An account was successfully logged on.

Subject:
 Security ID:  Domain_A\SYSTEM
 Account Name:  BUSDEV-005
 Account Domain:  Domain_A
 Logon ID:  0x70E4

Logon Information:
 Logon Type:  5
 Restricted Admin Mode: -
 Virtual Account:  No
 Elevated Token:  No

Impersonation Level:  Impersonation

New Logon:
 Security ID:  Domain_A\user_i
 Account Name:  user_i
 Account Domain:  Domain_A
 Logon ID:  0x5F25
 Linked Logon ID:  32F3
 Network Account Name: user_m
 Network Account Domain: Domain_D
 Logon GUID:  {27C4A2F2-13CA-AA25-E903-D31268740239}

Process Information:
 Process ID:  0x6F23
 Process Name:  C:\Windows\System32\example_c.exe

Network Information:
 Workstation Name: BUSDEV-005
 Source Network Address: -
 Source Port:  15925

Detailed Authentication Information:
 Logon Process:  Winlogon 
 Authentication Package: Kerberos
 Transited Services: -
 Package Name (NTLM only): -
 Key Length:  0

This event is generated when a logon session is created. It is generated on the computer that was accessed.

The subject fields indicate the account on the local system which requested the logon. This is most commonly a service such as the Server service, or a local process such as 8E27D.exe or 8E27D.exe.

The logon type field indicates the kind of logon that occurred. The most common types are 2 (interactive) and 3 (network).

The New Logon fields indicate the account for whom the new logon was created, i.e. the account that was logged on.

The network fields indicate where a remote logon request originated. Workstation name is not always available and may be left blank in some cases.

The impersonation level field indicates the extent to which a process in the logon session can impersonate.

The authentication information fields provide detailed information about this specific logon request.
 - Logon GUID is a unique identifier that can be used to correlate this event with a KDC event.
 - Transited services indicate which intermediate services have participated in this logon request.
 - Package name indicates which sub-protocol was used among the NTLM protocols.
 - Key length indicates the length of the generated session key. This will be 0 if no session key was requested.",,,,"Domain_D","user_m",,,,,,,,,,Info,,"-",,,,,,,,,,0x6F23,"C:\Windows\System32\example_c.exe",,,351834509,"-",,,,,"Domain_A\SYSTEM
Domain_A\user_i",,,"Microsoft Windows security auditing.","-",15925,,,,,,,,,,,,,,,,,Logon,,,,"-",Information,,,,,,,,No,,,"BUSDEV-005","02/13/2020 08:04:10 PM
LogName=Security
SourceName= Microsoft Windows security auditing.
EventCode=4624
EventType=0
Type=Information
ComputerName=BUSDEV-005
TaskCategory=Logon
OpCode=Info
RecordNumber=351834509
Keywords=Audit Success
Message=An account was successfully logged on.

Subject:
 Security ID:  Domain_A\SYSTEM
 Account Name:  BUSDEV-005
 Account Domain:  Domain_A
 Logon ID:  0x70E4

Logon Information:
 Logon Type:  5
 Restricted Admin Mode: -
 Virtual Account:  No
 Elevated Token:  No

Impersonation Level:  Impersonation

New Logon:
 Security ID:  Domain_A\user_i
 Account Name:  user_i
 Account Domain:  Domain_A
 Logon ID:  0x5F25
 Linked Logon ID:  32F3
 Network Account Name: user_m
 Network Account Domain: Domain_D
 Logon GUID:  {27C4A2F2-13CA-AA25-E903-D31268740239}

Process Information:
 Process ID:  0x6F23
 Process Name:  C:\Windows\System32\example_c.exe

Network Information:
 Workstation Name: BUSDEV-005
 Source Network Address: -
 Source Port:  15925

Detailed Authentication Information:
 Logon Process:  Winlogon 
 Authentication Package: Kerberos
 Transited Services: -
 Package Name (NTLM only): -
 Key Length:  0

This event is generated when a logon session is created. It is generated on the computer that was accessed.

The subject fields indicate the account on the local system which requested the logon. This is most commonly a service such as the Server service, or a local process such as 8E27D.exe or 8E27D.exe.

The logon type field indicates the kind of logon that occurred. The most common types are 2 (interactive) and 3 (network).

The New Logon fields indicate the account for whom the new logon was created, i.e. the account that was logged on.

The network fields indicate where a remote logon request originated. Workstation name is not always available and may be left blank in some cases.

The impersonation level field indicates the extent to which a process in the logon session can impersonate.

The authentication information fields provide detailed information about this specific logon request.
 - Logon GUID is a unique identifier that can be used to correlate this event with a KDC event.
 - Transited services indicate which intermediate services have participated in this logon request.
 - Package name indicates which sub-protocol was used among the NTLM protocols.
 - Key length indicates the length of the generated session key. This will be 0 if no session key was requested.

","2020-02-13T20:04:10.000+0000",success,"win:local","An account was successfully logged on.

Subject:
 Security ID:  Domain_A\SYSTEM
 Account Name:  BUSDEV-005
 Account Domain:  Domain_A
 Logon ID:  0x70E4

Logon Information:
 Logon Type:  5
 Restricted Admin Mode: -
 Virtual Account:  No
 Elevated Token:  No

Impersonation Level:  Impersonation

New Logon:
 Security ID:  Domain_A\user_i
 Account Name:  user_i
 Account Domain:  Domain_A
 Logon ID:  0x5F25
 Linked Logon ID:  32F3
 Network Account Name: user_m
 Network Account Domain: Domain_D
 Logon GUID:  {27C4A2F2-13CA-AA25-E903-D31268740239}

Process Information:
 Process ID:  0x6F23
 Process Name:  C:\Windows\System32\example_c.exe

Network Information:
 Workstation Name: BUSDEV-005
 Source Network Address: -
 Source Port:  15925

Detailed Authentication Information:
 Logon Process:  Winlogon 
 Authentication Package: Kerberos
 Transited Services: -
 Package Name (NTLM only): -
 Key Length:  0

This event is generated when a logon session is created. It is generated on the computer that was accessed.

The subject fields indicate the account on the local system which requested the logon. This is most commonly a service such as the Server service, or a local process such as 8E27D.exe or 8E27D.exe.

The logon type field indicates the kind of logon that occurred. The most common types are 2 (interactive) and 3 (network).

The New Logon fields indicate the account for whom the new logon was created, i.e. the account that was logged on.

The network fields indicate where a remote logon request originated. Workstation name is not always available and may be left blank in some cases.

The impersonation level field indicates the extent to which a process in the logon session can impersonate.

The authentication information fields provide detailed information about this specific logon request.
 - Logon GUID is a unique identifier that can be used to correlate this event with a KDC event.
 - Transited services indicate which intermediate services have participated in this logon request.
 - Package name indicates which sub-protocol was used among the NTLM protocols.
 - Key length indicates the length of the generated session key. This will be 0 if no session key was requested.",,Logon,,,,20,13,4,february,10,thursday,2020,local,"BUSDEV-005",,,,,,,,,false,,,,"Domain_A","BUSDEV-005",,untrust,,false,false,false,,"BUSDEV-005",,,,,,,,,false,,,,"BUSDEV-005",,untrust,,false,false,false,,351834509,"windows_logon_success wineventlog_security wineventlog_windows winsec","BUSDEV-005",351834509,,main,,,,72,,,"BUSDEV-005
user_i","Domain_A\SYSTEM
Domain_A\user_i","Domain_A\",,"An account was successfully logged on",,WinEventLog,,,,,,,0x6F23,Windows,,,"//_::_==____.====-====_=_____.:__:__\__:__-__:____",,,,0x5F25,informational,0,,,"An account was successfully logged on",4624,"WinEventLog:Security",WinEventLog,"prd-p-g7nxxbgc3hgl",,"BUSDEV-005",,,,,,,,,false,,,,"Domain_A","BUSDEV-005",,untrust,15925,,false,,false,false,"BUSDEV-005",,,,,,,,,,,,,,,,,false,,,,,success,,"An account was successfully logged on",failure,,,"authentication
local
os
security
success
windows",,,,success,local,,,,"authentication
os
security
windows",,,,,,,,,,,,,,,22,0,,"user_i",,,,,,,,,,,,,,,,,,,false,,,,,Microsoft,,
,"Domain_C
Domain_C",,"user_j
user_n",,,,,,,,,,,,,,,"Account Management",,,,,,,,"PROD-MFS-004",,,,,,,,,"-",4724,"An attempt was made to reset an accounts password",0,,,,,,,,,,,,,,,,,"Audit Success",,,,,Security,,,,,0xB111,,,,,,,,,"An attempt was made to reset an account's password.
Subject:
	Security ID:  Domain_C\user_j
	Account Name:  user_j
	Account Domain:  Domain_C
	Logon ID:  0xB111
Target Account:
	Security ID:  Domain_C\user_n
	Account Name:  user_n
	Account Domain:  Domain_C",,,,,,,,,,,,,,,Info,,,,,,,,,,,,,,,,78546025,,,,,,"Domain_C\user_j
Domain_C\user_n",,,"Microsoft Windows security auditing.",,,,,,,,,,,,,,,,,,,"User Account Management",,,,,Information,,,,,,,,,,,,"02/13/2020 08:04:10 PM
LogName=Security
SourceName=Microsoft Windows security auditing.
EventCode=4724
EventType=0
Type=Information
ComputerName=PROD-MFS-004
TaskCategory=User Account Management
OpCode=Info
RecordNumber=78546025
Keywords=Audit Success
Message=An attempt was made to reset an account's password.
Subject:
	Security ID:  Domain_C\user_j
	Account Name:  user_j
	Account Domain:  Domain_C
	Logon ID:  0xB111
Target Account:
	Security ID:  Domain_C\user_n
	Account Name:  user_n
	Account Domain:  Domain_C
","2020-02-13T20:04:10.000+0000",modified,"win:unknown","An attempt was made to reset an account's password.
Subject:
	Security ID:  Domain_C\user_j
	Account Name:  user_j
	Account Domain:  Domain_C
	Logon ID:  0xB111
Target Account:
	Security ID:  Domain_C\user_n
	Account Name:  user_n
	Account Domain:  Domain_C",,"User Account Management",user,,,20,13,4,february,10,thursday,2020,local,"PROD-MFS-004",,,,,,,,,false,,,,"Domain_C","PROD-MFS-004",,untrust,,false,false,false,,"PROD-MFS-004",,,,,,,,,false,,,,"PROD-MFS-004",,untrust,,false,false,false,,78546025,"windows_account_management windows_account_password_set wineventlog_security wineventlog_windows winsec","PROD-MFS-004",78546025,,main,,,,22,,,"user_j
user_n","Domain_C\user_j
Domain_C\user_n","Domain_C\","reset an account's password","An attempt was made to reset an accounts password",,WinEventLog,user,,,,,,,Windows,,,"//_::_==___.====--=__===_=_______'_.:t_:__\t_:__t_",,,,0xB111,informational,0,,,"An attempt was made to reset an accounts password",4724,"WinEventLog:Security",WinEventLog,"prd-p-g7nxxbgc3hgl",,,,,,,,,,,,,,,"Domain_C",,,,,,,,,,"user_j",,,,,,,,,,,,,,,,,false,,,,,success,,"An attempt was made to reset an accounts password",failure,"Account Management",,"account
change
management
modify
os
password
security
windows",,,,,,,,,"account
change
management
modify
os
password
security
windows",,,,,,,,,,,,,,,22,0,,"user_n",,,,,,,,,,,,,,,,,,,false,,,,,Microsoft,,
,"Domain_A",,"user_f",,,,,,,,,,,,,,,,,,,,,,,"PROD-POS-002",,,,,,,,,"-",4672,"Special privileges assigned to new logon",0,,,,,,,,,,,,,,,,,"Audit Success",,,,,Security,,,,,0xA369,,,,,,,,,"Special privileges assigned to new logon.
Subject:
	Security ID:		Domain_A\user_f
	Account Name:		user_f
	Account Domain:		Domain_A
	Logon ID:		0xA369
Privileges:	SeSecurityPrivilege
			SeTakeOwnershipPrivilege
			SeLoadDriverPrivilege
			SeBackupPrivilege
			SeRestorePrivilege
			SeDebugPrivilege
			SeSystemEnvironmentPrivilege
			SeImpersonatePrivilege",,,,,,,,,,,,,,,Info,,,,,,,,,,,SeSecurityPrivilege,,,,,7493936,,,,,,"Domain_A\user_f",,,"Microsoft Windows security auditing.",,,,,,,,,,,,,,,,,,,"Special Logon",,,,,Information,,,,,,,,,,,,"02/13/2020 08:04:10 PM
LogName=Security
SourceName=Microsoft Windows security auditing.
EventCode=4672
EventType=0
Type=Information
ComputerName=PROD-POS-002
TaskCategory=Special Logon
OpCode=Info
RecordNumber=7493936
Keywords=Audit Success
Message=Special privileges assigned to new logon.
Subject:
	Security ID:		Domain_A\user_f
	Account Name:		user_f
	Account Domain:		Domain_A
	Logon ID:		0xA369
Privileges:	SeSecurityPrivilege
			SeTakeOwnershipPrivilege
			SeLoadDriverPrivilege
			SeBackupPrivilege
			SeRestorePrivilege
			SeDebugPrivilege
			SeSystemEnvironmentPrivilege
			SeImpersonatePrivilege
","2020-02-13T20:04:10.000+0000",success,"win:unknown","Special privileges assigned to new logon.
Subject:
	Security ID:		Domain_A\user_f
	Account Name:		user_f
	Account Domain:		Domain_A
	Logon ID:		0xA369
Privileges:	SeSecurityPrivilege
			SeTakeOwnershipPrivilege
			SeLoadDriverPrivilege
			SeBackupPrivilege
			SeRestorePrivilege
			SeDebugPrivilege
			SeSystemEnvironmentPrivilege
			SeImpersonatePrivilege",,"Special Logon",,,,20,13,4,february,10,thursday,2020,local,"PROD-POS-002",,,,,,,,,false,,,,"Domain_A","PROD-POS-002",,untrust,,false,false,false,,"PROD-POS-002",,,,,,,,,false,,,,"PROD-POS-002",,untrust,,false,false,false,,7493936,"windows_special_privileges wineventlog_security wineventlog_windows winsec","PROD-POS-002",7493936,,main,,,,26,,,"user_f","Domain_A\user_f","Domain_A\",,"Special privileges assigned to new logon",,WinEventLog,,,,,"Manage auditing and security log
Take ownership of files or other objects
Load and unload device drivers
Back up files and directories
Restore files and directories
Debug programs
Modify firmware environment values
Impersonate a Client After Authentication","SeSecurityPrivilege
SeTakeOwnershipPrivilege
SeLoadDriverPrivilege
SeBackupPrivilege
SeRestorePrivilege
SeDebugPrivilege
SeSystemEnvironmentPrivilege
SeImpersonatePrivilege",,Windows,,,"//_::_==___.====--=_===_=_____.:t_:tt\t_:ttt_:ttt_",,,,0xA369,informational,0,,,"Special privileges assigned to new logon",4672,"WinEventLog:Security",WinEventLog,"prd-p-g7nxxbgc3hgl",,,,,,,,,,,,,,,"Domain_A",,,,,,,,,,,,,,,,,,,,,,,,,,,,,,,,success,,"Special privileges assigned to new logon",failure,,,"audit
authentication
os
privileged
security
success
windows",,,,success,,,,,"authentication
os
privileged
security
windows",,audit,,,,,,,,,,,,,22,0,,"user_f",,,,,,,,,,,,,,,,,,,false,,,,,Microsoft,"SeSecurityPrivilege
			SeTakeOwnershipPrivilege
			SeLoadDriverPrivilege
			SeBackupPrivilege
			SeRestorePrivilege
			SeDebugPrivilege
			SeSystemEnvironmentPrivilege
			SeImpersonatePrivilege",
,"Domain_A",,"user_d
user_c",,,,,,,,"COREDEV-006",,,,,,,"Account Management",,,,,,,,"COREDEV-006",,,,,,,,,"-",4740,"A user account was locked out",0,,,,,,,,,,,,,,,,,"Audit Success",,,,,Security,,,,,0x3EC3,,,,,,,,,"A user account was locked out. 
Subject: 
	Security ID: Domain_A\user_d 
	Account Name: user_d
	Account Domain: Domain_A
	Logon ID: 0x3EC3
Account That Was Locked Out: 
	Security ID: Domain_A\user_c 
	Account Name: user_c
Additional Information: 
	Caller Computer Name: COREDEV-006",,,,,,,,,,,,,,,Info,,,,,,,,,,,,,,,,215883132,,,,,,"Domain_A\user_d
Domain_A\user_c",,,"Microsoft Windows security auditing.",,,,,,,,,,,,,,,,,,,"User Account Management",,,,,Information,,,,,,,,,,,,"02/13/2020 08:04:10 PM 
LogName=Security 
SourceName=Microsoft Windows security auditing.
EventCode=4740 
EventType=0 
Type=Information
ComputerName=COREDEV-006 
TaskCategory=User Account Management
OpCode=Info 
RecordNumber=215883132
Keywords=Audit Success
Message=A user account was locked out. 
Subject: 
	Security ID: Domain_A\user_d 
	Account Name: user_d
	Account Domain: Domain_A
	Logon ID: 0x3EC3
Account That Was Locked Out: 
	Security ID: Domain_A\user_c 
	Account Name: user_c
Additional Information: 
	Caller Computer Name: COREDEV-006
","2020-02-13T20:04:10.000+0000",modified,"win:unknown","A user account was locked out. 
Subject: 
	Security ID: Domain_A\user_d 
	Account Name: user_d
	Account Domain: Domain_A
	Logon ID: 0x3EC3
Account That Was Locked Out: 
	Security ID: Domain_A\user_c 
	Account Name: user_c
Additional Information: 
	Caller Computer Name: COREDEV-006",,"User Account Management",user,,,20,13,4,february,10,thursday,2020,local,"COREDEV-006",,,,,,,,,false,,,,"Domain_A","COREDEV-006",,untrust,,false,false,false,,"COREDEV-006",,,,,,,,,false,,,,"COREDEV-006 ",,untrust,,false,false,false,,215883132,"windows_account_lockout windows_account_management wineventlog_security wineventlog_windows winsec","COREDEV-006 ",215883132,,main,,,,23,,,"user_d
user_c","Domain_A\user_d
Domain_A\user_c","Domain_A\","locked out","A user account was locked out",,WinEventLog,user,,,,,,,Windows,,,"//_::__=_=___.=_=_==-_=__=_==_=_____._:_t_:_\_t_:_",,,lockout,0x3EC3,informational,0,,,"A user account was locked out",4740,"WinEventLog:Security",WinEventLog,"prd-p-g7nxxbgc3hgl",,,,,,,,,,,,,,,"Domain_A\user_d
Domain_A","COREDEV-006",,,,,,,,,"user_d",,,,,,,,,,,,,,,,,false,,,,,success,,"A user account was locked out",failure,"Account Management",,"account
change
lock
lockout
management
os
security
windows",,,,,,,,,"account
change
lock
lockout
management
os
security
windows",,,,,,,,,,,,,,,22,0,,"user_c",,,,,,,,,,,,,,,,,,,false,,,,,Microsoft,,
,"Domain_D",,"user_b",,,,,,,,,,,,,,,,,,,,,,,"ops-sys-004",,,,,,,,,"-",4672,"Special privileges assigned to new logon",0,,,,,,,,,,,,,,,,,"Audit Success",,,,,Security,,,,,0x3A81,,,,,,,,,"Special privileges assigned to new logon.
Subject:
	Security ID:		Domain_D\user_b
	Account Name:		user_b
	Account Domain:		Domain_D
	Logon ID:		0x3A81
Privileges:	SeSecurityPrivilege
			SeTakeOwnershipPrivilege
			SeLoadDriverPrivilege
			SeBackupPrivilege
			SeRestorePrivilege
			SeDebugPrivilege
			SeSystemEnvironmentPrivilege
			SeImpersonatePrivilege",,,,,,,,,,,,,,,Info,,,,,,,,,,,SeSecurityPrivilege,,,,,689604911,,,,,,"Domain_D\user_b",,,"Microsoft Windows security auditing.",,,,,,,,,,,,,,,,,,,"Special Logon",,,,,Information,,,,,,,,,,,,"02/13/2020 08:04:09 PM
LogName=Security
SourceName=Microsoft Windows security auditing.
EventCode=4672
EventType=0
Type=Information
ComputerName=ops-sys-004
TaskCategory=Special Logon
OpCode=Info
RecordNumber=689604911
Keywords=Audit Success
Message=Special privileges assigned to new logon.
Subject:
	Security ID:		Domain_D\user_b
	Account Name:		user_b
	Account Domain:		Domain_D
	Logon ID:		0x3A81
Privileges:	SeSecurityPrivilege
			SeTakeOwnershipPrivilege
			SeLoadDriverPrivilege
			SeBackupPrivilege
			SeRestorePrivilege
			SeDebugPrivilege
			SeSystemEnvironmentPrivilege
			SeImpersonatePrivilege
","2020-02-13T20:04:09.000+0000",success,"win:unknown","Special privileges assigned to new logon.
Subject:
	Security ID:		Domain_D\user_b
	Account Name:		user_b
	Account Domain:		Domain_D
	Logon ID:		0x3A81
Privileges:	SeSecurityPrivilege
			SeTakeOwnershipPrivilege
			SeLoadDriverPrivilege
			SeBackupPrivilege
			SeRestorePrivilege
			SeDebugPrivilege
			SeSystemEnvironmentPrivilege
			SeImpersonatePrivilege",,"Special Logon",,,,20,13,4,february,9,thursday,2020,local,"ops-sys-004",,,,,,,,,false,,,,"Domain_D","ops-sys-004",,untrust,,false,false,false,,"ops-sys-004",,,,,,,,,false,,,,"ops-sys-004",,untrust,,false,false,false,,689604911,"windows_special_privileges wineventlog_security wineventlog_windows winsec","ops-sys-004",689604911,,main,,,,26,,,"user_b","Domain_D\user_b","Domain_D\",,"Special privileges assigned to new logon",,WinEventLog,,,,,"Manage auditing and security log
Take ownership of files or other objects
Load and unload device drivers
Back up files and directories
Restore files and directories
Debug programs
Modify firmware environment values
Impersonate a Client After Authentication","SeSecurityPrivilege
SeTakeOwnershipPrivilege
SeLoadDriverPrivilege
SeBackupPrivilege
SeRestorePrivilege
SeDebugPrivilege
SeSystemEnvironmentPrivilege
SeImpersonatePrivilege",,Windows,,,"//_::_==___.====--=_===_=_____.:t_:tt\t_:ttt_:ttt_",,,,0x3A81,informational,0,,,"Special privileges assigned to new logon",4672,"WinEventLog:Security",WinEventLog,"prd-p-g7nxxbgc3hgl",,,,,,,,,,,,,,,"Domain_D",,,,,,,,,,,,,,,,,,,,,,,,,,,,,,,,success,,"Special privileges assigned to new logon",failure,,,"audit
authentication
os
privileged
security
success
windows",,,,success,,,,,"authentication
os
privileged
security
windows",,audit,,,,,,,,,,,,,22,0,,"user_b",,,,,,,,,,,,,,,,,,,false,,,,,Microsoft,"SeSecurityPrivilege
			SeTakeOwnershipPrivilege
			SeLoadDriverPrivilege
			SeBackupPrivilege
			SeRestorePrivilege
			SeDebugPrivilege
			SeSystemEnvironmentPrivilege
			SeImpersonatePrivilege",
,,,,,,,,,,"MICROSOFT_AUTHENTICATION_PACKAGE_V1_0",,,,,,,,,,,,,,,,"ACME-006",,,,,,,,,0xC0000234,4776,"The domain controller attempted to validate the credentials for an account",0,,,,,,,,,,,,,,,,,"Failure Audit",,,,,Security,,"user_d",,,,,,,,,,,,"The computer attempted to validate the credentials for an account.
Authentication Package: MICROSOFT_AUTHENTICATION_PACKAGE_V1_0
Logon Account: user_d
Source Workstation: ACME-006
Error Code: 0xC0000234",,,,,,,,,,,,,,,Info,,,,,,,,,,,,,,,,272415754,,,,,,,,,"Microsoft Windows security auditing.",,,"ACME-006",,,,,,,,,,,,,,,,"Credential Validation",,,,,Information,,,,,,,,,,,,"02/13/2020 08:04:09 PM
LogName=Security
SourceName=Microsoft Windows security auditing.
EventCode=4776
EventType=0
Type=Information
ComputerName=ACME-006
TaskCategory=Credential Validation
OpCode=Info
RecordNumber=272415754
Keywords=Failure Audit
Message=The computer attempted to validate the credentials for an account.
Authentication Package: MICROSOFT_AUTHENTICATION_PACKAGE_V1_0
Logon Account: user_d
Source Workstation: ACME-006
Error Code: 0xC0000234
","2020-02-13T20:04:09.000+0000",failure,"win:unknown","The computer attempted to validate the credentials for an account.
Authentication Package: MICROSOFT_AUTHENTICATION_PACKAGE_V1_0
Logon Account: user_d
Source Workstation: ACME-006
Error Code: 0xC0000234",,"Credential Validation",,,,20,13,4,february,9,thursday,2020,local,"ACME-006",,,,,,,,,false,,,,,"ACME-006",,untrust,,false,false,false,,"ACME-006",,,,,,,,,false,,,,"ACME-006",,untrust,,false,false,false,,272415754,"err0r nix_errors windows_account_used4logon wineventlog_security wineventlog_windows winsec","ACME-006",272415754,,main,,,,17,,,,,,,"The domain controller attempted to validate the credentials for an account",,WinEventLog,,,,,,,,Windows,,,"//_::_==___.====-=_===_=_________._:__:__:_-_:_",,,,,informational,0,,,"The domain controller attempted to validate the credentials for an account",4776,"WinEventLog:Security",WinEventLog,"prd-p-g7nxxbgc3hgl",,"ACME-006",,,,,,,,,false,,,,,"ACME-006",,untrust,,,false,,false,false,,,,,,,,,,,,,,,,,,,,,,,failure,,"The domain controller attempted to validate the credentials for an account",failure,,,"authentication
error
failure
os
security
windows",,,,failure,,,,,"authentication
error
os
security
windows",,,,,,,,,,,,,,,22,0,,"user_d",,,,,,,,,,,,,,,,,,,false,,,,,Microsoft,,
,"Domain_E",,"user_i",,,,,,,,,,,,,,,,,,,,,,,"SE-002",,,,,,,,,"-",4672,"Special privileges assigned to new logon",0,,,,,,,,,,,,,,,,,"Audit Success",,,,,Security,,,,,0x5F25,,,,,,,,,"Special privileges assigned to new logon.
Subject:
	Security ID:		Domain_E\user_i
	Account Name:		user_i
	Account Domain:		Domain_E
	Logon ID:		0x5F25
Privileges:	SeSecurityPrivilege
			SeTakeOwnershipPrivilege
			SeLoadDriverPrivilege
			SeBackupPrivilege
			SeRestorePrivilege
			SeDebugPrivilege
			SeSystemEnvironmentPrivilege
			SeImpersonatePrivilege",,,,,,,,,,,,,,,Info,,,,,,,,,,,SeSecurityPrivilege,,,,,776529188,,,,,,"Domain_E\user_i",,,"Microsoft Windows security auditing.",,,,,,,,,,,,,,,,,,,"Special Logon",,,,,Information,,,,,,,,,,,,"02/13/2020 08:04:09 PM
LogName=Security
SourceName=Microsoft Windows security auditing.
EventCode=4672
EventType=0
Type=Information
ComputerName=SE-002
TaskCategory=Special Logon
OpCode=Info
RecordNumber=776529188
Keywords=Audit Success
Message=Special privileges assigned to new logon.
Subject:
	Security ID:		Domain_E\user_i
	Account Name:		user_i
	Account Domain:		Domain_E
	Logon ID:		0x5F25
Privileges:	SeSecurityPrivilege
			SeTakeOwnershipPrivilege
			SeLoadDriverPrivilege
			SeBackupPrivilege
			SeRestorePrivilege
			SeDebugPrivilege
			SeSystemEnvironmentPrivilege
			SeImpersonatePrivilege
","2020-02-13T20:04:09.000+0000",success,"win:unknown","Special privileges assigned to new logon.
Subject:
	Security ID:		Domain_E\user_i
	Account Name:		user_i
	Account Domain:		Domain_E
	Logon ID:		0x5F25
Privileges:	SeSecurityPrivilege
			SeTakeOwnershipPrivilege
			SeLoadDriverPrivilege
			SeBackupPrivilege
			SeRestorePrivilege
			SeDebugPrivilege
			SeSystemEnvironmentPrivilege
			SeImpersonatePrivilege",,"Special Logon",,,,20,13,4,february,9,thursday,2020,local,"SE-002",,,,,,,,,false,,,,"Domain_E","SE-002",,untrust,,false,false,false,,"SE-002",,,,,,,,,false,,,,"SE-002",,untrust,,false,false,false,,776529188,"windows_special_privileges wineventlog_security wineventlog_windows winsec","SE-002",776529188,,main,,,,26,,,"user_i","Domain_E\user_i","Domain_E\",,"Special privileges assigned to new logon",,WinEventLog,,,,,"Manage auditing and security log
Take ownership of files or other objects
Load and unload device drivers
Back up files and directories
Restore files and directories
Debug programs
Modify firmware environment values
Impersonate a Client After Authentication","SeSecurityPrivilege
SeTakeOwnershipPrivilege
SeLoadDriverPrivilege
SeBackupPrivilege
SeRestorePrivilege
SeDebugPrivilege
SeSystemEnvironmentPrivilege
SeImpersonatePrivilege",,Windows,,,"//_::_==___.====-=_===_=_____.:t_:tt\t_:ttt_:ttt_:",,,,0x5F25,informational,0,,,"Special privileges assigned to new logon",4672,"WinEventLog:Security",WinEventLog,"prd-p-g7nxxbgc3hgl",,,,,,,,,,,,,,,"Domain_E",,,,,,,,,,,,,,,,,,,,,,,,,,,,,,,,success,,"Special privileges assigned to new logon",failure,,,"audit
authentication
os
privileged
security
success
windows",,,,success,,,,,"authentication
os
privileged
security
windows",,audit,,,,,,,,,,,,,22,0,,"user_i",,,,,,,,,,,,,,,,,,,false,,,,,Microsoft,"SeSecurityPrivilege
			SeTakeOwnershipPrivilege
			SeLoadDriverPrivilege
			SeBackupPrivilege
			SeRestorePrivilege
			SeDebugPrivilege
			SeSystemEnvironmentPrivilege
			SeImpersonatePrivilege",
,"Domain_B",,"user_b
user_f",,,,,,,,"ACME-002",,,,,,,"Account Management",,,,,,,,"ACME-002",,,,,,,,,"-",4740,"A user account was locked out",0,,,,,,,,,,,,,,,,,"Audit Success",,,,,Security,,,,,0x3A81,,,,,,,,,"A user account was locked out. 
Subject: 
	Security ID: Domain_B\user_b 
	Account Name: user_b
	Account Domain: Domain_B
	Logon ID: 0x3A81
Account That Was Locked Out: 
	Security ID: Domain_B\user_f 
	Account Name: user_f
Additional Information: 
	Caller Computer Name: ACME-002",,,,,,,,,,,,,,,Info,,,,,,,,,,,,,,,,280283767,,,,,,"Domain_B\user_b
Domain_B\user_f",,,"Microsoft Windows security auditing.",,,,,,,,,,,,,,,,,,,"User Account Management",,,,,Information,,,,,,,,,,,,"02/13/2020 08:04:09 PM 
LogName=Security 
SourceName=Microsoft Windows security auditing.
EventCode=4740 
EventType=0 
Type=Information
ComputerName=ACME-002 
TaskCategory=User Account Management
OpCode=Info 
RecordNumber=280283767
Keywords=Audit Success
Message=A user account was locked out. 
Subject: 
	Security ID: Domain_B\user_b 
	Account Name: user_b
	Account Domain: Domain_B
	Logon ID: 0x3A81
Account That Was Locked Out: 
	Security ID: Domain_B\user_f 
	Account Name: user_f
Additional Information: 
	Caller Computer Name: ACME-002
","2020-02-13T20:04:09.000+0000",modified,"win:unknown","A user account was locked out. 
Subject: 
	Security ID: Domain_B\user_b 
	Account Name: user_b
	Account Domain: Domain_B
	Logon ID: 0x3A81
Account That Was Locked Out: 
	Security ID: Domain_B\user_f 
	Account Name: user_f
Additional Information: 
	Caller Computer Name: ACME-002",,"User Account Management",user,,,20,13,4,february,9,thursday,2020,local,"ACME-002",,,,,,,,,false,,,,"Domain_B","ACME-002",,untrust,,false,false,false,,"ACME-002",,,,,,,,,false,,,,"ACME-002 ",,untrust,,false,false,false,,280283767,"windows_account_lockout windows_account_management wineventlog_security wineventlog_windows winsec","ACME-002 ",280283767,,main,,,,23,,,"user_b
user_f","Domain_B\user_b
Domain_B\user_f","Domain_B\","locked out","A user account was locked out",,WinEventLog,user,,,,,,,Windows,,,"//_::__=_=___.=_=_==-_=__=_==_=_____._:_t_:_\_t_:_",,,lockout,0x3A81,informational,0,,,"A user account was locked out",4740,"WinEventLog:Security",WinEventLog,"prd-p-g7nxxbgc3hgl",,,,,,,,,,,,,,,"Domain_B\user_b
Domain_B","ACME-002",,,,,,,,,"user_b",,,,,,,,,,,,,,,,,false,,,,,success,,"A user account was locked out",failure,"Account Management",,"account
change
lock
lockout
management
os
security
windows",,,,,,,,,"account
change
lock
lockout
management
os
security
windows",,,,,,,,,,,,,,,22,0,,"user_f",,,,,,,,,,,,,,,,,,,false,,,,,Microsoft,,
,"abc
abc",,"GUEST
GUEST",,,,,,,,,,,,,,,,,,,,,,,"ops-sys-001",,,,,,,,,"-",4798,,Information,,,,,,,,,,,,,,,,,"Audit Success",,,,,Security,,,,,0x2F9,,,,,,,,,"A User's local group membership was enumerated.

Subject:
	Security ID:		NULL SID
	Account Name:		GUEST
	Account Domain:		abc
	Logon ID:		0x2F9
User:
	Security ID:		NULL SID
	Account Name:		GUEST
	Account Domain:		abc

Process Information:
	Process ID:		0x16c4
	Process Name:		aa\bb\cc\dd\90A6E2A.exe",,,,,,,,,,,,,,,Info,,,,,,,,,,,,0x16c4,"aa\bb\cc\dd\90A6E2A.exe",,,84929550,,,,,,"NULL SID
NULL SID",,,"Microsoft Windows security auditing.",,,,,,,,,,,,,,,,,,,"Authentication Policy Change",,,,,Information,,,,,,,,,,,,"02/13/2020 08:04:09 PM
LogName=Security
SourceName=Microsoft Windows security auditing.
EventCode=4798
EventType=Information
Type=Information
ComputerName=ops-sys-001
TaskCategory=Authentication Policy Change
OpCode=Info
RecordNumber=84929550
Keywords=Audit Success
Message=A User's local group membership was enumerated.

Subject:
	Security ID:		NULL SID
	Account Name:		GUEST
	Account Domain:		abc
	Logon ID:		0x2F9
User:
	Security ID:		NULL SID
	Account Name:		GUEST
	Account Domain:		abc

Process Information:
	Process ID:		0x16c4
	Process Name:		aa\bb\cc\dd\90A6E2A.exe

","2020-02-13T20:04:09.000+0000",success,"win:unknown","A User's local group membership was enumerated.

Subject:
	Security ID:		NULL SID
	Account Name:		GUEST
	Account Domain:		abc
	Logon ID:		0x2F9
User:
	Security ID:		NULL SID
	Account Name:		GUEST
	Account Domain:		abc

Process Information:
	Process ID:		0x16c4
	Process Name:		aa\bb\cc\dd\90A6E2A.exe",,"Authentication Policy Change",,,,20,13,4,february,9,thursday,2020,local,"ops-sys-001",,,,,,,,,false,,,,abc,"ops-sys-001",,untrust,,false,false,false,,"ops-sys-001",,,,,,,,,false,,,,"ops-sys-001",,untrust,,false,false,false,,84929550,"wineventlog_security wineventlog_windows winsec","ops-sys-001",84929550,,main,,,,28,,,"GUEST
GUEST","NULL SID
NULL SID",,,,,WinEventLog,,,,,,,0x16c4,Windows,,,"//_::_==___.====--=__===_=_'_____.:t_:tt_t_:ttt_:t",,,,0x2F9,informational,Information,,,,4798,"WinEventLog:Security",WinEventLog,"prd-p-g7nxxbgc3hgl",,,,,,,,,,,,,,,abc,,,,,,,,,,GUEST,,,,,,,,,,,,,,,,,false,,,,,success,,,failure,,,"os
security
success
windows",,,,success,,,,,"os
security
windows",,,,,,,,,,,,,,,22,0,,GUEST,,,,,,,,,,,,,,,,,,,false,,,,,Microsoft,,
,"krbtgt
krbtgt",,"GUEST
GUEST",,,,,,,NTLM,,,,,,,,,,,,,,,,"COREDEV-006",,,,,,,,Yes,"-",4624,"An account was successfully logged on",Information,,,,,,,,,,,Abcde,,,0,,,"Audit Success",,,,,Security,,,"{7F1AF9AC-AD15-AD15-AD15-6AE31C1F3D4D}",,"0xC42
0xC42	Linked Logon ID:		0xD",7F1AF9AC,0,,,,,,,"An account was successfully logged on.

Subject:
	Security ID:		WINDOWS\SERVER2012$
	Account Name:		GUEST
	Account Domain:		krbtgt
	Logon ID:		0xC42
Logon Information:
	Logon Type:		0
	Restricted Admin Mode:	-
	Virtual Account:		Yes
	Elevated Token:		Yes

Impersonation Level:		Abcde

New Logon:
	Security ID:		WINDOWS\SERVER2012$
	Account Name:		GUEST
	Account Domain:		krbtgt
	Logon ID:		0xC42	Linked Logon ID:		0xD
	Network Account Name:	-
	Network Account Domain:	-
	Logon GUID:		{7F1AF9AC-AD15-AD15-AD15-6AE31C1F3D4D}

Process Information:
	Process ID:		0xC42	Process Name:		aa\bb\cc\dd\FDE9BCD.exe

Network Information:
	Workstation Name:	-
	Source Network Address:	-
	Source Port:		3105

Detailed Authentication Information:
	Logon Process:		7F1AF9AC  
	Authentication Package:	NTLM
	Transited Services:	-
	Package Name (NTLM only):	-
	Key Length:		0

This event is generated when a logon session is created. It is generated on the computer that was accessed.

The subject fields indicate the account on the local system which requested the logon. This is most commonly a service such as the Server service, or a local process such as FDE9BCD.exe or FDE9BCD.exe.

The logon type field indicates the kind of logon that occurred. The most common types are 2 (interactive) and 3 (network).

The New Logon fields indicate the account for whom the new logon was created, i.e. the account that was logged on.

The network fields indicate where a remote logon request originated. Workstation name is not always available and may be left blank in some cases.

The impersonation level field indicates the extent to which a process in the logon session can impersonate.

The authentication information fields provide detailed information about this specific logon request.
	- Logon GUID is a unique identifier that can be used to correlate this event with a KDC event.
	- Transited services indicate which intermediate services have participated in this logon request.
	- Package name indicates which sub-protocol was used among the NTLM protocols.
	- Key length indicates the length of the generated session key. This will be 0 if no session key was requested.",,,,"-","-",,,,,,,,,,Info,,"-",,,,,,,,,,"0xC42	Process Name:		aa\bb\cc\dd\FDE9BCD.exe",,,,700599566,"-",,,,,"WINDOWS\SERVER2012$
WINDOWS\SERVER2012$",,,"Microsoft Windows security auditing.","-",3105,,,,,,,,,,,,,,,,,"Authentication Policy Change",,,,"-",Information,,,,,,,,Yes,,,"-","02/13/2020 08:04:09 PM
