LogName=Security 
SourceName=Microsoft Windows security auditing.
EventCode=4740 
EventType=0 
Type=Information
ComputerName=BUSDEV-008 
TaskCategory=User Account Management
OpCode=Info 
RecordNumber=237262267
Keywords=Audit Success
Message=A user account was locked out. 
Subject: 
	Security ID: Domain_A\user_g 
	Account Name: user_g
	Account Domain: Domain_A
	Logon ID: 0xEB5F
Account That Was Locked Out: 
	Security ID: Domain_A\user_d 
	Account Name: user_d
Additional Information: 
	Caller Computer Name: BUSDEV-008
","2020-02-13T20:03:28.000+0000",modified,"win:unknown","A user account was locked out. 
Subject: 
	Security ID: Domain_A\user_g 
	Account Name: user_g
	Account Domain: Domain_A
	Logon ID: 0xEB5F
Account That Was Locked Out: 
	Security ID: Domain_A\user_d 
	Account Name: user_d
Additional Information: 
	Caller Computer Name: BUSDEV-008",,"User Account Management",user,,,20,13,3,february,28,thursday,2020,local,"BUSDEV-008",,,,,,,,,false,,,,"Domain_A","BUSDEV-008",,untrust,,false,false,false,,"BUSDEV-008",,,,,,,,,false,,,,"BUSDEV-008 ",,untrust,,false,false,false,,237262267,"windows_account_lockout windows_account_management wineventlog_security wineventlog_windows winsec","BUSDEV-008 ",237262267,,main,,,,23,,,"user_g
user_d","Domain_A\user_g
Domain_A\user_d","Domain_A\","locked out","A user account was locked out",,WinEventLog,user,,,,,,,Windows,,,"//_::__=_=___.=_=_==-_=__=_==_=_____._:_t_:_\_t_:_",,,lockout,0xEB5F,informational,0,,,"A user account was locked out",4740,"WinEventLog:Security",WinEventLog,"prd-p-g7nxxbgc3hgl",,,,,,,,,,,,,,,"Domain_A\user_g
Domain_A","BUSDEV-008",,,,,,,,,"user_g",,,,,,,,,,,,,,,,,false,,,,,success,,"A user account was locked out",failure,"Account Management",,"account
change
lock
lockout
management
os
security
windows",,,,,,,,,"account
change
lock
lockout
management
os
security
windows",,,,,,,,,,,,,,,22,0,,"user_d",,,,,,,,,,,,,,,,,,,false,,,,,Microsoft,,
,"TASERVER$
TASERVER$",,"ADMINISTRATOR
ADMINISTRATOR",,,,,,,NTLM,,,,,,,,,,,,,,,,"BUSDEV-002",,,,,,,,No,"-",4624,"An account was successfully logged on",Information,,,,,,,,,,,Abcde,,,5,,,"Audit Success",,,,,Security,,,"{2E96E2DC-71CD-71CD-71CD-1862338786E6}",,"0xB2B
0xB2B	Linked Logon ID:		0x2",2E96E2DC,5,,,,,,,"An account was successfully logged on.

Subject:
	Security ID:		WINDOWS\ADSERVER
	Account Name:		ADMINISTRATOR
	Account Domain:		TASERVER$
	Logon ID:		0xB2B
Logon Information:
	Logon Type:		5
	Restricted Admin Mode:	-
	Virtual Account:		No
	Elevated Token:		No

Impersonation Level:		Abcde

New Logon:
	Security ID:		WINDOWS\ADSERVER
	Account Name:		ADMINISTRATOR
	Account Domain:		TASERVER$
	Logon ID:		0xB2B	Linked Logon ID:		0x2
	Network Account Name:	-
	Network Account Domain:	-
	Logon GUID:		{2E96E2DC-71CD-71CD-71CD-1862338786E6}

Process Information:
	Process ID:		0xB2B	Process Name:		abc\file\path\4204F7A.exe

Network Information:
	Workstation Name:	-
	Source Network Address:	-
	Source Port:		43514

Detailed Authentication Information:
	Logon Process:		2E96E2DC  
	Authentication Package:	NTLM
	Transited Services:	-
	Package Name (NTLM only):	-
	Key Length:		5

This event is generated when a logon session is created. It is generated on the computer that was accessed.

The subject fields indicate the account on the local system which requested the logon. This is most commonly a service such as the Server service, or a local process such as 4204F7A.exe or 4204F7A.exe.

The logon type field indicates the kind of logon that occurred. The most common types are 2 (interactive) and 3 (network).

The New Logon fields indicate the account for whom the new logon was created, i.e. the account that was logged on.

The network fields indicate where a remote logon request originated. Workstation name is not always available and may be left blank in some cases.

The impersonation level field indicates the extent to which a process in the logon session can impersonate.

The authentication information fields provide detailed information about this specific logon request.
	- Logon GUID is a unique identifier that can be used to correlate this event with a KDC event.
	- Transited services indicate which intermediate services have participated in this logon request.
	- Package name indicates which sub-protocol was used among the NTLM protocols.
	- Key length indicates the length of the generated session key. This will be 0 if no session key was requested.",,,,"-","-",,,,,,,,,,Info,,"-",,,,,,,,,,"0xB2B	Process Name:		abc\file\path\4204F7A.exe",,,,541925632,"-",,,,,"WINDOWS\ADSERVER
WINDOWS\ADSERVER",,,"Microsoft Windows security auditing.","-",43514,,,,,,,,,,,,,,,,,"Authentication Policy Change",,,,"-",Information,,,,,,,,No,,,"-","02/13/2020 08:03:28 PM
LogName=Security
SourceName=Microsoft Windows security auditing.
EventCode=4624
EventType=Information
Type=Information
ComputerName=BUSDEV-002
TaskCategory=Authentication Policy Change
OpCode=Info
RecordNumber=541925632
Keywords=Audit Success
Message=An account was successfully logged on.

Subject:
	Security ID:		WINDOWS\ADSERVER
	Account Name:		ADMINISTRATOR
	Account Domain:		TASERVER$
	Logon ID:		0xB2B
Logon Information:
	Logon Type:		5
	Restricted Admin Mode:	-
	Virtual Account:		No
	Elevated Token:		No

Impersonation Level:		Abcde

New Logon:
	Security ID:		WINDOWS\ADSERVER
	Account Name:		ADMINISTRATOR
	Account Domain:		TASERVER$
	Logon ID:		0xB2B	Linked Logon ID:		0x2
	Network Account Name:	-
	Network Account Domain:	-
	Logon GUID:		{2E96E2DC-71CD-71CD-71CD-1862338786E6}

Process Information:
	Process ID:		0xB2B	Process Name:		abc\file\path\4204F7A.exe

Network Information:
	Workstation Name:	-
	Source Network Address:	-
	Source Port:		43514

Detailed Authentication Information:
	Logon Process:		2E96E2DC  
	Authentication Package:	NTLM
	Transited Services:	-
	Package Name (NTLM only):	-
	Key Length:		5

This event is generated when a logon session is created. It is generated on the computer that was accessed.

The subject fields indicate the account on the local system which requested the logon. This is most commonly a service such as the Server service, or a local process such as 4204F7A.exe or 4204F7A.exe.

The logon type field indicates the kind of logon that occurred. The most common types are 2 (interactive) and 3 (network).

The New Logon fields indicate the account for whom the new logon was created, i.e. the account that was logged on.

The network fields indicate where a remote logon request originated. Workstation name is not always available and may be left blank in some cases.

The impersonation level field indicates the extent to which a process in the logon session can impersonate.

The authentication information fields provide detailed information about this specific logon request.
	- Logon GUID is a unique identifier that can be used to correlate this event with a KDC event.
	- Transited services indicate which intermediate services have participated in this logon request.
	- Package name indicates which sub-protocol was used among the NTLM protocols.
	- Key length indicates the length of the generated session key. This will be 0 if no session key was requested.

","2020-02-13T20:03:28.000+0000",success,"win:local","An account was successfully logged on.

Subject:
	Security ID:		WINDOWS\ADSERVER
	Account Name:		ADMINISTRATOR
	Account Domain:		TASERVER$
	Logon ID:		0xB2B
Logon Information:
	Logon Type:		5
	Restricted Admin Mode:	-
	Virtual Account:		No
	Elevated Token:		No

Impersonation Level:		Abcde

New Logon:
	Security ID:		WINDOWS\ADSERVER
	Account Name:		ADMINISTRATOR
	Account Domain:		TASERVER$
	Logon ID:		0xB2B	Linked Logon ID:		0x2
	Network Account Name:	-
	Network Account Domain:	-
	Logon GUID:		{2E96E2DC-71CD-71CD-71CD-1862338786E6}

Process Information:
	Process ID:		0xB2B	Process Name:		abc\file\path\4204F7A.exe

Network Information:
	Workstation Name:	-
	Source Network Address:	-
	Source Port:		43514

Detailed Authentication Information:
	Logon Process:		2E96E2DC  
	Authentication Package:	NTLM
	Transited Services:	-
	Package Name (NTLM only):	-
	Key Length:		5

This event is generated when a logon session is created. It is generated on the computer that was accessed.

The subject fields indicate the account on the local system which requested the logon. This is most commonly a service such as the Server service, or a local process such as 4204F7A.exe or 4204F7A.exe.

The logon type field indicates the kind of logon that occurred. The most common types are 2 (interactive) and 3 (network).

The New Logon fields indicate the account for whom the new logon was created, i.e. the account that was logged on.

The network fields indicate where a remote logon request originated. Workstation name is not always available and may be left blank in some cases.

The impersonation level field indicates the extent to which a process in the logon session can impersonate.

The authentication information fields provide detailed information about this specific logon request.
	- Logon GUID is a unique identifier that can be used to correlate this event with a KDC event.
	- Transited services indicate which intermediate services have participated in this logon request.
	- Package name indicates which sub-protocol was used among the NTLM protocols.
	- Key length indicates the length of the generated session key. This will be 0 if no session key was requested.",,"Authentication Policy Change",,,,20,13,3,february,28,thursday,2020,local,"BUSDEV-002",,,,,,,,,false,,,,"TASERVER$","BUSDEV-002",,untrust,,false,false,false,,"BUSDEV-002",,,,,,,,,false,,,,"BUSDEV-002",,untrust,,false,false,false,,541925632,"windows_logon_success wineventlog_security wineventlog_windows winsec","BUSDEV-002",541925632,,main,,,,69,,,"ADMINISTRATOR
ADMINISTRATOR","WINDOWS\ADSERVER
WINDOWS\ADSERVER","WINDOWS\",,"An account was successfully logged on",,WinEventLog,,,,,,,0xB2B,Windows,,,"//_::_==___.====-=__===_=_____.:t_:tt\t_:ttt_:tt$t",,,,"0xB2B	Linked Logon ID:		0x2",informational,Information,,,"An account was successfully logged on",4624,"WinEventLog:Security",WinEventLog,"prd-p-g7nxxbgc3hgl",,,,,,,,,,,,,,,"TASERVER$",,,,43514,,,,,,ADMINISTRATOR,,,,,,,,,,,,,,,,,false,,,,,success,,"An account was successfully logged on",failure,,,"authentication
local
os
security
success
windows",,,,success,local,,,,"authentication
os
security
windows",,,,,,,,,,,,,,,22,0,,ADMINISTRATOR,,,,,,,,,,,,,,,,,,,false,,,,,Microsoft,,
,"Domain_A
Domain_A",,"user_h
user_j",,,,,,,,,,,,,,,"Account Management",,,,,,,,"COREDEV-004",,,,,,,,,"-",4724,"An attempt was made to reset an accounts password",0,,,,,,,,,,,,,,,,,"Audit Failure",,,,,Security,,,,,0xA19C,,,,,,,,,"An attempt was made to reset an account's password.
Subject:
	Security ID:  Domain_A\user_h
	Account Name:  user_h
	Account Domain:  Domain_A
	Logon ID:  0xA19C
Target Account:
	Security ID:  Domain_A\user_j
	Account Name:  user_j
	Account Domain:  Domain_A",,,,,,,,,,,,,,,Info,,,,,,,,,,,,,,,,699441729,,,,,,"Domain_A\user_h
Domain_A\user_j",,,"Microsoft Windows security auditing.",,,,,,,,,,,,,,,,,,,"User Account Management",,,,,Information,,,,,,,,,,,,"02/13/2020 08:03:28 PM
LogName=Security
SourceName=Microsoft Windows security auditing.
EventCode=4724
EventType=0
Type=Information
ComputerName=COREDEV-004
TaskCategory=User Account Management
OpCode=Info
RecordNumber=699441729
Keywords=Audit Failure
Message=An attempt was made to reset an account's password.
Subject:
	Security ID:  Domain_A\user_h
	Account Name:  user_h
	Account Domain:  Domain_A
	Logon ID:  0xA19C
Target Account:
	Security ID:  Domain_A\user_j
	Account Name:  user_j
	Account Domain:  Domain_A
","2020-02-13T20:03:28.000+0000",modified,"win:unknown","An attempt was made to reset an account's password.
Subject:
	Security ID:  Domain_A\user_h
	Account Name:  user_h
	Account Domain:  Domain_A
	Logon ID:  0xA19C
Target Account:
	Security ID:  Domain_A\user_j
	Account Name:  user_j
	Account Domain:  Domain_A",,"User Account Management",user,,,20,13,3,february,28,thursday,2020,local,"COREDEV-004",,,,,,,,,false,,,,"Domain_A","COREDEV-004",,untrust,,false,false,false,,"COREDEV-004",,,,,,,,,false,,,,"COREDEV-004",,untrust,,false,false,false,,699441729,"err0r nix_errors windows_account_management windows_account_password_set wineventlog_security wineventlog_windows winsec","COREDEV-004",699441729,,main,,,,22,,,"user_h
user_j","Domain_A\user_h
Domain_A\user_j","Domain_A\","reset an account's password","An attempt was made to reset an accounts password",,WinEventLog,user,,,,,,,Windows,,,"//_::_==___.====-=__===_=_______'_.:t_:__\t_:__t_:",,,,0xA19C,informational,0,,,"An attempt was made to reset an accounts password",4724,"WinEventLog:Security",WinEventLog,"prd-p-g7nxxbgc3hgl",,,,,,,,,,,,,,,"Domain_A",,,,,,,,,,"user_h",,,,,,,,,,,,,,,,,false,,,,,failure,,"An attempt was made to reset an accounts password",failure,"Account Management",,"account
change
error
management
modify
os
password
security
windows",,,,,,,,,"account
change
error
management
modify
os
password
security
windows",,,,,,,,,,,,,,,22,0,,"user_j",,,,,,,,,,,,,,,,,,,false,,,,,Microsoft,,
