02/10/2020 01:26:07 PM
LogName=Security
SourceName=Microsoft Windows security auditing.
EventCode=5058
EventType=Information
Type=Information
ComputerName=HOST-001
TaskCategory=Authentication Policy Change
OpCode=Info
RecordNumber=832057028
Keywords=Audit Success
Message=Key file operation.

Subject:
	Security ID:		NT AUTHORITY\SYSTEM
	Account Name:		GUEST
	Account Domain:		abc
	Logon ID:		0x47A
Cryptographic Parameters:
	Provider Name:	Microsoft Software Key Storage Provider
	Algorithm Name:	UNKNOWN
	Key Name:	7AD8F9F7-493C-493C-493C-61EB551D1017
	Key Type: User key.

Key File Operation Information:
	File Path:	win\directory\directory2\5381A2381A4B91D24BFC482D7222B62A_7AD8F9F7-493C-493C-493C-61EB551D1017
	Operation:	Read persisted key from file.
	Return Code:	0x6


02/10/2020 01:23:20 PM
LogName=Security
SourceName=Microsoft Windows security auditing.
EventCode=5058
EventType=Information
Type=Information
ComputerName=HOST-001
TaskCategory=Authentication Policy Change
OpCode=Info
RecordNumber=869277686
Keywords=Audit Success
Message=Key file operation.

Subject:
	Security ID:		WINDOWS\krbtgt
	Account Name:		GUEST
	Account Domain:		abc
	Logon ID:		0x3C8
Cryptographic Parameters:
	Provider Name:	Microsoft Software Key Storage Provider
	Algorithm Name:	UNKNOWN
	Key Name:	C92AE7D4-1809-1809-1809-D5B437276D4D
	Key Type: User key.

Key File Operation Information:
	File Path:	abc\file\path\6EB215A5AC0310E7E1B9A232C368FCD3_C92AE7D4-1809-1809-1809-D5B437276D4D
	Operation:	Read persisted key from file.
	Return Code:	0xA


02/10/2020 12:55:46 PM
LogName=Security
SourceName=Microsoft Windows security auditing.
EventCode=4634
EventType=Information
Type=Information
ComputerName=HOST-001
TaskCategory=Authentication Policy Change
OpCode=Info
RecordNumber=442131751
Keywords=Audit Success
Message=An account was logged off.

Subject:
	Security ID:		NT AUTHORITY\SYSTEM
	Account Name:		ABCDE
	Account Domain:		abc
	Logon ID:		0xC7C029F

Logon Type:		2

This event is generated when a logon session is destroyed. It may be positively correlated with a logon event using the Logon ID value. Logon IDs are only unique between reboots on the same computer.


02/10/2020 12:55:19 PM
LogName=Security
SourceName=Microsoft Windows security auditing.
EventCode=4672
EventType=Information
Type=Information
ComputerName=HOST-001
TaskCategory=Authentication Policy Change
OpCode=Info
RecordNumber=32372345
Keywords=Audit Success
Message=Special privileges assigned to new logon.

Subject:
	Security ID:		WINDOWS\krbtgt
	Account Name:		ADMINISTRATOR
	Account Domain:		abc
	Logon ID:		0xF61
Privileges:		SeAssignPrimaryTokenPrivilege
			SeTcbPrivilege
			SeSecurityPrivilege
			SeTakeOwnershipPrivilege
			SeLoadDriverPrivilege
			SeBackupPrivilege
			SeRestorePrivilege
			SeDebugPrivilege
			SeAuditPrivilege
			SeSystemEnvironmentPrivilege
			SeImpersonatePrivilege
			SeDelegateSessionUserImpersonatePrivilege


02/10/2020 12:54:06 PM
LogName=Security
SourceName=Microsoft Windows security auditing.
EventCode=4625
EventType=Information
Type=Information
ComputerName=HOST-001
TaskCategory=Authentication Policy Change
OpCode=Info
RecordNumber=516968760
Keywords=Audit Success
Message=An account failed to log on.

Subject:
	Security ID:		abc\def
	Account Name:		GUEST
	Account Domain:		abc
	Logon ID:		0xD

Logon Type:		11

Account For Which Logon Failed:
	Security ID:		abc\def
	Account Name:		GUEST
	Account Domain:		abc

Failure Information:
	Failure Reason:		Unknown User name or bad password.
	Status:			0xC3D32AE3
	Sub Status:		0xC3D32AE3

Process Information:
	Caller Process ID:	0xD
	Caller Process Name:	-

Network Information:
	Workstation Name:	-
	Source Network Address:	200.152.105.42
	Source Port:		22545

Detailed Authentication Information:
	Logon Process:		C3D32AE3 
	Authentication Package:	MICROSOFT_AUTHENTICATION_PACKAGE_V1_0
	Transited Services:	-
	Package Name (NTLM only):	-
	Key Length:		11

This event is generated when a logon request fails. It is generated on the computer where access was attempted.

The Subject fields indicate the account on the local system which requested the logon. This is most commonly a service such as the Server service, or a local process such as F744283.exe or F744283.exe.

The Logon Type field indicates the kind of logon that was requested. The most common types are 2 (interactive) and 3 (network).

The Process Information fields indicate which account and process on the system requested the logon.

The Network Information fields indicate where a remote logon request originated. Workstation name is not always available and may be left blank in some cases.

The authentication information fields provide detailed information about this specific logon request.
	- Transited services indicate which intermediate services have participated in this logon request.
	- Package name indicates which sub-protocol was used among the NTLM protocols.
	- Key length indicates the length of the generated session key. This will be 0 if no session key was requested.


02/10/2020 12:37:41 PM
LogName=Security
SourceName=Microsoft Windows security auditing.
EventCode=5058
EventType=Information
Type=Information
ComputerName=HOST-001
TaskCategory=Authentication Policy Change
OpCode=Info
RecordNumber=733739356
Keywords=Audit Success
Message=Key file operation.

Subject:
	Security ID:		NT AUTHORITY\SYSTEM
	Account Name:		GUEST
	Account Domain:		abc
	Logon ID:		0xCCB
Cryptographic Parameters:
	Provider Name:	Microsoft Software Key Storage Provider
	Algorithm Name:	UNKNOWN
	Key Name:	2D86FB65-EE62-EE62-EE62-933DA411A597
	Key Type: User key.

Key File Operation Information:
	File Path:	abc\file\path\A7F6C174A6F37DD7E6E8C0EB16B0A6CA_2D86FB65-EE62-EE62-EE62-933DA411A597
	Operation:	Read persisted key from file.
	Return Code:	0xF


02/10/2020 12:29:32 PM
LogName=Security
SourceName=Microsoft Windows security auditing.
EventCode=4672
EventType=Information
Type=Information
ComputerName=HOST-001
TaskCategory=Authentication Policy Change
OpCode=Info
RecordNumber=979540272
Keywords=Audit Success
Message=Special privileges assigned to new logon.

Subject:
	Security ID:		WINDOWS\SERVER2012$
	Account Name:		ADMINISTRATOR
	Account Domain:		abc
	Logon ID:		0xB32
Privileges:		SeAssignPrimaryTokenPrivilege
			SeTcbPrivilege
			SeSecurityPrivilege
			SeTakeOwnershipPrivilege
			SeLoadDriverPrivilege
			SeBackupPrivilege
			SeRestorePrivilege
			SeDebugPrivilege
			SeAuditPrivilege
			SeSystemEnvironmentPrivilege
			SeImpersonatePrivilege
			SeDelegateSessionUserImpersonatePrivilege


02/10/2020 12:29:27 PM
LogName=Security
SourceName=Microsoft Windows security auditing.
EventCode=4624
EventType=Information
Type=Information
ComputerName=HOST-001
TaskCategory=Authentication Policy Change
OpCode=Info
RecordNumber=474281339
Keywords=Audit Success
Message=An account was successfully logged on.

Subject:
	Security ID:		NULL SID
	Account Name:		ABCDE
	Account Domain:		abc
	Logon ID:		0xC2B
Logon Information:
	Logon Type:		1
	Restricted Admin Mode:	-
	Virtual Account:		No
	Elevated Token:		No

Impersonation Level:		Abcde

New Logon:
	Security ID:		NULL SID
	Account Name:		ABCDE
	Account Domain:		abc
	Logon ID:		0xC2B	Linked Logon ID:		0x6
	Network Account Name:	-
	Network Account Domain:	-
	Logon GUID:		{DE3FC723-C9C5-C9C5-C9C5-12BEFF0D0768}

Process Information:
	Process ID:		0xC2B	Process Name:		abc\file\path\7927FFE.exe

Network Information:
	Workstation Name:	-
	Source Network Address:	-
	Source Port:		60364

Detailed Authentication Information:
	Logon Process:		DE3FC723  
	Authentication Package:	Negotiate
	Transited Services:	-
	Package Name (NTLM only):	-
	Key Length:		1

This event is generated when a logon session is created. It is generated on the computer that was accessed.

The subject fields indicate the account on the local system which requested the logon. This is most commonly a service such as the Server service, or a local process such as 7927FFE.exe or 7927FFE.exe.

The logon type field indicates the kind of logon that occurred. The most common types are 2 (interactive) and 3 (network).

The New Logon fields indicate the account for whom the new logon was created, i.e. the account that was logged on.

The network fields indicate where a remote logon request originated. Workstation name is not always available and may be left blank in some cases.

The impersonation level field indicates the extent to which a process in the logon session can impersonate.

The authentication information fields provide detailed information about this specific logon request.
	- Logon GUID is a unique identifier that can be used to correlate this event with a KDC event.
	- Transited services indicate which intermediate services have participated in this logon request.
	- Package name indicates which sub-protocol was used among the NTLM protocols.
	- Key length indicates the length of the generated session key. This will be 0 if no session key was requested.


02/10/2020 12:19:30 PM
LogName=Security
SourceName=Microsoft Windows security auditing.
EventCode=4648
EventType=Information
Type=Information
ComputerName=HOST-001
TaskCategory=Authentication Policy Change
OpCode=Info
RecordNumber=613512332
Keywords=Audit Success
Message=A logon was attempted using explicit credentials.

Subject:
	Security ID:		WINDOWS\SERVER2012$
	Account Name:		GUEST
	Account Domain:		abc
	Logon ID:		0x817	Logon GUID:		EB5F

Account Whose Credentials Were Used:
	Account Name:		GUEST
	Account Domain:		abc
	Logon GUID:		EB5F

Target Server:
	Target Server Name:	abc
	Additional Information:	abc

Process Information:
	Process ID:		0x817	Process Name:		aa\bb\cc\dd\F437C48.exe

Network Information:
	Network Address:	70.206.39.182
	Port:			183

This event is generated when a process attempts to log on an account by explicitly specifying that account’s credentials.  This most commonly occurs in batch-type configurations such as scheduled tasks, or when using the RUNAS command.


02/10/2020 12:08:23 PM
LogName=Security
SourceName=Microsoft Windows security auditing.
EventCode=4798
EventType=Information
Type=Information
ComputerName=HOST-001
TaskCategory=Authentication Policy Change
OpCode=Info
RecordNumber=684936537
Keywords=Audit Success
Message=A User's local group membership was enumerated.

Subject:
	Security ID:		NT AUTHORITY\SYSTEM
	Account Name:		ADMINISTRATOR
	Account Domain:		abc
	Logon ID:		0x6E6
User:
	Security ID:		NT AUTHORITY\SYSTEM
	Account Name:		ADMINISTRATOR
	Account Domain:		abc

Process Information:
	Process ID:		0x16c4
	Process Name:		abc\file\path\2349FC7.exe


02/10/2020 12:06:50 PM
LogName=Security
SourceName=Microsoft Windows security auditing.
EventCode=4625
EventType=Information
Type=Information
ComputerName=HOST-001
TaskCategory=Authentication Policy Change
OpCode=Info
RecordNumber=467343873
Keywords=Audit Success
Message=An account failed to log on.

Subject:
	Security ID:		NT AUTHORITY\SYSTEM
	Account Name:		GUEST
	Account Domain:		abc
	Logon ID:		0x0

Logon Type:		10

Account For Which Logon Failed:
	Security ID:		NT AUTHORITY\SYSTEM
	Account Name:		GUEST
	Account Domain:		abc

Failure Information:
	Failure Reason:		Unknown User name or bad password.
	Status:			0x311293B8
	Sub Status:		0x311293B8

Process Information:
	Caller Process ID:	0x0
	Caller Process Name:	-

Network Information:
	Workstation Name:	-
	Source Network Address:	150.42.2.17
	Source Port:		41545

Detailed Authentication Information:
	Logon Process:		311293B8 
	Authentication Package:	NTLM
	Transited Services:	-
	Package Name (NTLM only):	-
	Key Length:		10

This event is generated when a logon request fails. It is generated on the computer where access was attempted.

The Subject fields indicate the account on the local system which requested the logon. This is most commonly a service such as the Server service, or a local process such as A94564D.exe or A94564D.exe.

The Logon Type field indicates the kind of logon that was requested. The most common types are 2 (interactive) and 3 (network).

The Process Information fields indicate which account and process on the system requested the logon.

The Network Information fields indicate where a remote logon request originated. Workstation name is not always available and may be left blank in some cases.

The authentication information fields provide detailed information about this specific logon request.
	- Transited services indicate which intermediate services have participated in this logon request.
	- Package name indicates which sub-protocol was used among the NTLM protocols.
	- Key length indicates the length of the generated session key. This will be 0 if no session key was requested.


02/10/2020 12:02:41 PM
LogName=Security
SourceName=Microsoft Windows security auditing.
EventCode=4648
EventType=Information
Type=Information
ComputerName=HOST-001
TaskCategory=Authentication Policy Change
OpCode=Info
RecordNumber=56927891
Keywords=Audit Success
Message=A logon was attempted using explicit credentials.

Subject:
	Security ID:		WINDOWS\ADSERVER
	Account Name:		ABCDE
	Account Domain:		abc
	Logon ID:		0x9B7	Logon GUID:		3A81

Account Whose Credentials Were Used:
	Account Name:		ABCDE
	Account Domain:		abc
	Logon GUID:		3A81

Target Server:
	Target Server Name:	abc
	Additional Information:	abc

Process Information:
	Process ID:		0x9B7	Process Name:		aa\bb\cc\dd\8EE250C.exe

Network Information:
	Network Address:	219.59.19.111
	Port:			963

This event is generated when a process attempts to log on an account by explicitly specifying that account’s credentials.  This most commonly occurs in batch-type configurations such as scheduled tasks, or when using the RUNAS command.


02/10/2020 11:56:46 AM
LogName=Security
SourceName=Microsoft Windows security auditing.
EventCode=4798
EventType=Information
Type=Information
ComputerName=HOST-001
TaskCategory=Authentication Policy Change
OpCode=Info
RecordNumber=534542817
Keywords=Audit Success
Message=A User's local group membership was enumerated.

Subject:
	Security ID:		WINDOWS\krbtgt
	Account Name:		GUEST
	Account Domain:		abc
	Logon ID:		0x729
User:
	Security ID:		WINDOWS\krbtgt
	Account Name:		GUEST
	Account Domain:		abc

Process Information:
	Process ID:		0x16c4
	Process Name:		aa\bb\cc\dd\6692F6F.exe


02/10/2020 11:55:52 AM
LogName=Security
SourceName=Microsoft Windows security auditing.
EventCode=4798
EventType=Information
Type=Information
ComputerName=HOST-001
TaskCategory=Authentication Policy Change
OpCode=Info
RecordNumber=168995374
Keywords=Audit Success
Message=A User's local group membership was enumerated.

Subject:
	Security ID:		NULL SID
	Account Name:		ADMINISTRATOR
	Account Domain:		abc
	Logon ID:		0xAD5
User:
	Security ID:		NULL SID
	Account Name:		ADMINISTRATOR
	Account Domain:		abc

Process Information:
	Process ID:		0x16c4
	Process Name:		abc\file\path\F867D23.exe


02/10/2020 11:52:06 AM
LogName=Security
SourceName=Microsoft Windows security auditing.
EventCode=4634
EventType=Information
Type=Information
ComputerName=HOST-001
TaskCategory=Authentication Policy Change
OpCode=Info
RecordNumber=198446274
Keywords=Audit Success
Message=An account was logged off.

Subject:
	Security ID:		NT AUTHORITY\SYSTEM
	Account Name:		GUEST
	Account Domain:		abc
	Logon ID:		0x26ACED2

Logon Type:		14

This event is generated when a logon session is destroyed. It may be positively correlated with a logon event using the Logon ID value. Logon IDs are only unique between reboots on the same computer.


02/10/2020 11:43:10 AM
LogName=Security
SourceName=Microsoft Windows security auditing.
EventCode=4624
EventType=Information
Type=Information
ComputerName=HOST-001
TaskCategory=Authentication Policy Change
OpCode=Info
RecordNumber=934366147
Keywords=Audit Success
Message=An account was successfully logged on.

Subject:
	Security ID:		WINDOWS\krbtgt
	Account Name:		GUEST
	Account Domain:		abc
	Logon ID:		0x69C
Logon Information:
	Logon Type:		3
	Restricted Admin Mode:	-
	Virtual Account:		Yes
	Elevated Token:		Yes

Impersonation Level:		Abcde

New Logon:
	Security ID:		WINDOWS\krbtgt
	Account Name:		GUEST
	Account Domain:		abc
	Logon ID:		0x69C	Linked Logon ID:		0x6
	Network Account Name:	-
	Network Account Domain:	-
	Logon GUID:		{8C53164B-1493-1493-1493-3AEAE14EC933}

Process Information:
	Process ID:		0x69C	Process Name:		abc\file\path\804C402.exe

Network Information:
	Workstation Name:	-
	Source Network Address:	-
	Source Port:		2847

Detailed Authentication Information:
	Logon Process:		8C53164B  
	Authentication Package:	MICROSOFT_AUTHENTICATION_PACKAGE_V1_0
	Transited Services:	-
	Package Name (NTLM only):	-
	Key Length:		3

This event is generated when a logon session is created. It is generated on the computer that was accessed.

The subject fields indicate the account on the local system which requested the logon. This is most commonly a service such as the Server service, or a local process such as 804C402.exe or 804C402.exe.

The logon type field indicates the kind of logon that occurred. The most common types are 2 (interactive) and 3 (network).

The New Logon fields indicate the account for whom the new logon was created, i.e. the account that was logged on.

The network fields indicate where a remote logon request originated. Workstation name is not always available and may be left blank in some cases.

The impersonation level field indicates the extent to which a process in the logon session can impersonate.

The authentication information fields provide detailed information about this specific logon request.
	- Logon GUID is a unique identifier that can be used to correlate this event with a KDC event.
	- Transited services indicate which intermediate services have participated in this logon request.
	- Package name indicates which sub-protocol was used among the NTLM protocols.
	- Key length indicates the length of the generated session key. This will be 0 if no session key was requested.


02/10/2020 11:32:06 AM
LogName=Security
SourceName=Microsoft Windows security auditing.
EventCode=4624
EventType=Information
Type=Information
ComputerName=HOST-001
TaskCategory=Authentication Policy Change
OpCode=Info
RecordNumber=345283975
Keywords=Audit Success
Message=An account was successfully logged on.

Subject:
	Security ID:		NT AUTHORITY\SYSTEM
	Account Name:		ABCDE
	Account Domain:		abc
	Logon ID:		0xD09
Logon Information:
	Logon Type:		5
	Restricted Admin Mode:	-
	Virtual Account:		Yes
	Elevated Token:		Yes

Impersonation Level:		Impersonation

New Logon:
	Security ID:		NT AUTHORITY\SYSTEM
	Account Name:		ABCDE
	Account Domain:		abc
	Logon ID:		0xD09	Linked Logon ID:		0x5
	Network Account Name:	-
	Network Account Domain:	-
	Logon GUID:		{A92FCC22-2B61-2B61-2B61-A731DFF383FA}

Process Information:
	Process ID:		0xD09	Process Name:		aa\bb\cc\dd\87A8230.exe

Network Information:
	Workstation Name:	-
	Source Network Address:	-
	Source Port:		35989

Detailed Authentication Information:
	Logon Process:		A92FCC22  
	Authentication Package:	MICROSOFT_AUTHENTICATION_PACKAGE_V1_0
	Transited Services:	-
	Package Name (NTLM only):	-
	Key Length:		5

This event is generated when a logon session is created. It is generated on the computer that was accessed.

The subject fields indicate the account on the local system which requested the logon. This is most commonly a service such as the Server service, or a local process such as 87A8230.exe or 87A8230.exe.

The logon type field indicates the kind of logon that occurred. The most common types are 2 (interactive) and 3 (network).

The New Logon fields indicate the account for whom the new logon was created, i.e. the account that was logged on.

The network fields indicate where a remote logon request originated. Workstation name is not always available and may be left blank in some cases.

The impersonation level field indicates the extent to which a process in the logon session can impersonate.

The authentication information fields provide detailed information about this specific logon request.
	- Logon GUID is a unique identifier that can be used to correlate this event with a KDC event.
	- Transited services indicate which intermediate services have participated in this logon request.
	- Package name indicates which sub-protocol was used among the NTLM protocols.
	- Key length indicates the length of the generated session key. This will be 0 if no session key was requested.


02/10/2020 11:18:19 AM
LogName=Security
SourceName=Microsoft Windows security auditing.
EventCode=4798
EventType=Information
Type=Information
ComputerName=HOST-001
TaskCategory=Authentication Policy Change
OpCode=Info
RecordNumber=54160442
Keywords=Audit Success
Message=A User's local group membership was enumerated.

Subject:
	Security ID:		NULL SID
	Account Name:		GUEST
	Account Domain:		abc
	Logon ID:		0xAAB
User:
	Security ID:		NULL SID
	Account Name:		GUEST
	Account Domain:		abc

Process Information:
	Process ID:		0x16c4
	Process Name:		abc\file\path\E3B4D2B.exe


02/10/2020 11:13:23 AM
LogName=Security
SourceName=Microsoft Windows security auditing.
EventCode=4798
EventType=Information
Type=Information
ComputerName=HOST-001
TaskCategory=Authentication Policy Change
OpCode=Info
RecordNumber=827013792
Keywords=Audit Success
Message=A User's local group membership was enumerated.

Subject:
	Security ID:		NULL SID
	Account Name:		ABCDE
	Account Domain:		abc
	Logon ID:		0xFB9
User:
	Security ID:		NULL SID
	Account Name:		ABCDE
	Account Domain:		abc

Process Information:
	Process ID:		0x16c4
	Process Name:		abc\file\path\C101DB0.exe


02/10/2020 11:06:16 AM
LogName=Security
SourceName=Microsoft Windows security auditing.
EventCode=5061
EventType=Information
Type=Information
ComputerName=HOST-001
TaskCategory=Authentication Policy Change
OpCode=Info
RecordNumber=540943707
Keywords=Audit Success
Message=Cryptographic operation.

Subject:
	Security ID:		WINDOWS\krbtgt
	Account Name:		ADMINISTRATOR
	Account Domain:		abc
	Logon ID:		0x419
Cryptographic Parameters:
	Provider Name: BD4DD709C984	
	Algorithm Name:	
	Key Name:	332fe7e7-d709-e3d8-af9e-7236c48f4c55
	Key Type: User key.

Cryptographic Operation:
	Operation:	Open Key.
	Return Code:	0xE


02/10/2020 10:56:03 AM
LogName=Security
SourceName=Microsoft Windows security auditing.
EventCode=4634
EventType=Information
Type=Information
ComputerName=HOST-001
TaskCategory=Authentication Policy Change
OpCode=Info
RecordNumber=34673926
Keywords=Audit Success
Message=An account was logged off.

Subject:
	Security ID:		NT AUTHORITY\SYSTEM
	Account Name:		ABCDE
	Account Domain:		abc
	Logon ID:		0xB3D9F53

Logon Type:		19

This event is generated when a logon session is destroyed. It may be positively correlated with a logon event using the Logon ID value. Logon IDs are only unique between reboots on the same computer.


02/10/2020 10:35:33 AM
LogName=Security
SourceName=Microsoft Windows security auditing.
EventCode=4624
EventType=Information
Type=Information
ComputerName=HOST-001
TaskCategory=Authentication Policy Change
OpCode=Info
RecordNumber=786431977
Keywords=Audit Success
Message=An account was successfully logged on.

Subject:
	Security ID:		NULL SID
	Account Name:		ADMINISTRATOR
	Account Domain:		abc
	Logon ID:		0xFA2
Logon Information:
	Logon Type:		3
	Restricted Admin Mode:	-
	Virtual Account:		Yes
	Elevated Token:		Yes

Impersonation Level:		Abcde

New Logon:
	Security ID:		NULL SID
	Account Name:		ADMINISTRATOR
	Account Domain:		abc
	Logon ID:		0xFA2	Linked Logon ID:		0x8
	Network Account Name:	-
	Network Account Domain:	-
	Logon GUID:		{27BCC0B4-9E6C-9E6C-9E6C-A2EB6EAD7FCC}

Process Information:
	Process ID:		0xFA2	Process Name:		win\directory\directory2\7B306EE.exe

Network Information:
	Workstation Name:	-
	Source Network Address:	-
	Source Port:		60752

Detailed Authentication Information:
	Logon Process:		27BCC0B4  
	Authentication Package:	NTLM
	Transited Services:	-
	Package Name (NTLM only):	-
	Key Length:		3

This event is generated when a logon session is created. It is generated on the computer that was accessed.

The subject fields indicate the account on the local system which requested the logon. This is most commonly a service such as the Server service, or a local process such as 7B306EE.exe or 7B306EE.exe.

The logon type field indicates the kind of logon that occurred. The most common types are 2 (interactive) and 3 (network).

The New Logon fields indicate the account for whom the new logon was created, i.e. the account that was logged on.

The network fields indicate where a remote logon request originated. Workstation name is not always available and may be left blank in some cases.

The impersonation level field indicates the extent to which a process in the logon session can impersonate.

The authentication information fields provide detailed information about this specific logon request.
	- Logon GUID is a unique identifier that can be used to correlate this event with a KDC event.
	- Transited services indicate which intermediate services have participated in this logon request.
	- Package name indicates which sub-protocol was used among the NTLM protocols.
	- Key length indicates the length of the generated session key. This will be 0 if no session key was requested.


02/10/2020 10:24:09 AM
LogName=Security
SourceName=Microsoft Windows security auditing.
EventCode=4634
EventType=Information
Type=Information
ComputerName=HOST-001
TaskCategory=Authentication Policy Change
OpCode=Info
RecordNumber=375010235
Keywords=Audit Success
Message=An account was logged off.

Subject:
	Security ID:		WINDOWS\krbtgt
	Account Name:		ADMINISTRATOR
	Account Domain:		abc
	Logon ID:		0x9135920

Logon Type:		6

This event is generated when a logon session is destroyed. It may be positively correlated with a logon event using the Logon ID value. Logon IDs are only unique between reboots on the same computer.


02/10/2020 10:08:52 AM
LogName=Security
SourceName=Microsoft Windows security auditing.
EventCode=5058
EventType=Information
Type=Information
ComputerName=HOST-001
TaskCategory=Authentication Policy Change
OpCode=Info
RecordNumber=218074320
Keywords=Audit Success
Message=Key file operation.

Subject:
	Security ID:		abc\def
	Account Name:		ABCDE
	Account Domain:		abc
	Logon ID:		0x3B0
Cryptographic Parameters:
	Provider Name:	Microsoft Software Key Storage Provider
	Algorithm Name:	UNKNOWN
	Key Name:	1F013511-6BD5-6BD5-6BD5-AD9EFEFEEEC1
	Key Type: User key.

Key File Operation Information:
	File Path:	aa\bb\cc\dd\A40CCD7CA519D5FCBF898127C20B78FE_1F013511-6BD5-6BD5-6BD5-AD9EFEFEEEC1
	Operation:	Read persisted key from file.
	Return Code:	0xF


02/10/2020 10:07:49 AM
LogName=Security
SourceName=Microsoft Windows security auditing.
EventCode=5061
EventType=Information
Type=Information
ComputerName=HOST-001
TaskCategory=Authentication Policy Change
OpCode=Info
RecordNumber=599399585
Keywords=Audit Success
Message=Cryptographic operation.

Subject:
	Security ID:		NONE
	Account Name:		GUEST
	Account Domain:		abc
	Logon ID:		0x513
Cryptographic Parameters:
	Provider Name: 048D3E25A76F	
	Algorithm Name:	
	Key Name:	332fe7e7-d709-e3d8-af9e-7236c48f4c55
	Key Type: User key.

Cryptographic Operation:
	Operation:	Open Key.
	Return Code:	0x2


02/10/2020 10:02:54 AM
LogName=Security
SourceName=Microsoft Windows security auditing.
EventCode=4634
EventType=Information
Type=Information
ComputerName=HOST-001
TaskCategory=Authentication Policy Change
OpCode=Info
RecordNumber=135521793
Keywords=Audit Success
Message=An account was logged off.

Subject:
	Security ID:		NT AUTHORITY\SYSTEM
	Account Name:		ADMINISTRATOR
	Account Domain:		abc
	Logon ID:		0xE0F256C

Logon Type:		3

This event is generated when a logon session is destroyed. It may be positively correlated with a logon event using the Logon ID value. Logon IDs are only unique between reboots on the same computer.


02/10/2020 09:58:59 AM
LogName=Security
SourceName=Microsoft Windows security auditing.
EventCode=4624
EventType=Information
Type=Information
ComputerName=HOST-001
TaskCategory=Authentication Policy Change
OpCode=Info
RecordNumber=173904367
Keywords=Audit Success
Message=An account was successfully logged on.

Subject:
	Security ID:		WINDOWS\krbtgt
	Account Name:		ADMINISTRATOR
	Account Domain:		abc
	Logon ID:		0x78D
Logon Information:
	Logon Type:		12
	Restricted Admin Mode:	-
	Virtual Account:		No
	Elevated Token:		No

Impersonation Level:		Abcde

New Logon:
	Security ID:		WINDOWS\krbtgt
	Account Name:		ADMINISTRATOR
	Account Domain:		abc
	Logon ID:		0x78D	Linked Logon ID:		0x2
	Network Account Name:	-
	Network Account Domain:	-
	Logon GUID:		{D8BE1A6C-3142-3142-3142-FA91D32BDC11}

Process Information:
	Process ID:		0x78D	Process Name:		win\directory\directory2\F6EC960.exe

Network Information:
	Workstation Name:	-
	Source Network Address:	-
	Source Port:		20199

Detailed Authentication Information:
	Logon Process:		D8BE1A6C  
	Authentication Package:	Negotiate
	Transited Services:	-
	Package Name (NTLM only):	-
	Key Length:		12

This event is generated when a logon session is created. It is generated on the computer that was accessed.

The subject fields indicate the account on the local system which requested the logon. This is most commonly a service such as the Server service, or a local process such as F6EC960.exe or F6EC960.exe.

The logon type field indicates the kind of logon that occurred. The most common types are 2 (interactive) and 3 (network).

The New Logon fields indicate the account for whom the new logon was created, i.e. the account that was logged on.

The network fields indicate where a remote logon request originated. Workstation name is not always available and may be left blank in some cases.

The impersonation level field indicates the extent to which a process in the logon session can impersonate.

The authentication information fields provide detailed information about this specific logon request.
	- Logon GUID is a unique identifier that can be used to correlate this event with a KDC event.
	- Transited services indicate which intermediate services have participated in this logon request.
	- Package name indicates which sub-protocol was used among the NTLM protocols.
	- Key length indicates the length of the generated session key. This will be 0 if no session key was requested.


02/10/2020 09:52:16 AM
LogName=Security
SourceName=Microsoft Windows security auditing.
EventCode=4648
EventType=Information
Type=Information
ComputerName=HOST-001
TaskCategory=Authentication Policy Change
OpCode=Info
RecordNumber=214188945
Keywords=Audit Success
Message=A logon was attempted using explicit credentials.

Subject:
	Security ID:		abc\def
	Account Name:		ADMINISTRATOR
	Account Domain:		abc
	Logon ID:		0xB46	Logon GUID:		3A81

Account Whose Credentials Were Used:
	Account Name:		ADMINISTRATOR
	Account Domain:		abc
	Logon GUID:		3A81

Target Server:
	Target Server Name:	abc
	Additional Information:	abc

Process Information:
	Process ID:		0xB46	Process Name:		aa\bb\cc\dd\734125C.exe

Network Information:
	Network Address:	146.178.67.76
	Port:			562

This event is generated when a process attempts to log on an account by explicitly specifying that account’s credentials.  This most commonly occurs in batch-type configurations such as scheduled tasks, or when using the RUNAS command.


02/10/2020 09:47:40 AM
LogName=Security
SourceName=Microsoft Windows security auditing.
EventCode=4798
EventType=Information
Type=Information
ComputerName=HOST-001
TaskCategory=Authentication Policy Change
OpCode=Info
RecordNumber=254812074
Keywords=Audit Success
Message=A User's local group membership was enumerated.

Subject:
	Security ID:		WINDOWS\krbtgt
	Account Name:		GUEST
	Account Domain:		abc
	Logon ID:		0x6CB
User:
	Security ID:		WINDOWS\krbtgt
	Account Name:		GUEST
	Account Domain:		abc

Process Information:
	Process ID:		0x16c4
	Process Name:		abc\file\path\6E2AB3F.exe


02/10/2020 09:24:35 AM
LogName=Security
SourceName=Microsoft Windows security auditing.
EventCode=5061
EventType=Information
Type=Information
ComputerName=HOST-001
TaskCategory=Authentication Policy Change
OpCode=Info
RecordNumber=206742241
Keywords=Audit Success
Message=Cryptographic operation.

Subject:
	Security ID:		WINDOWS\krbtgt
	Account Name:		ABCDE
	Account Domain:		abc
	Logon ID:		0x1FF
Cryptographic Parameters:
	Provider Name: 8F7F9BA590FB	
	Algorithm Name:	
	Key Name:	332fe7e7-d709-e3d8-af9e-7236c48f4c55
	Key Type: User key.

Cryptographic Operation:
	Operation:	Open Key.
	Return Code:	0xB


02/10/2020 09:16:52 AM
LogName=Security
SourceName=Microsoft Windows security auditing.
EventCode=4624
EventType=Information
Type=Information
ComputerName=HOST-001
TaskCategory=Authentication Policy Change
OpCode=Info
RecordNumber=106682044
Keywords=Audit Success
Message=An account was successfully logged on.

Subject:
	Security ID:		WINDOWS\ADSERVER
	Account Name:		GUEST
	Account Domain:		abc
	Logon ID:		0x6F8
Logon Information:
	Logon Type:		7
	Restricted Admin Mode:	-
	Virtual Account:		No
	Elevated Token:		No

Impersonation Level:		Impersonation

New Logon:
	Security ID:		WINDOWS\ADSERVER
	Account Name:		GUEST
	Account Domain:		abc
	Logon ID:		0x6F8	Linked Logon ID:		0x8
	Network Account Name:	-
	Network Account Domain:	-
	Logon GUID:		{D5D5EB07-3C4E-3C4E-3C4E-710B2FDADB4E}

Process Information:
	Process ID:		0x6F8	Process Name:		abc\file\path\223A3B2.exe

Network Information:
	Workstation Name:	-
	Source Network Address:	-
	Source Port:		19913

Detailed Authentication Information:
	Logon Process:		D5D5EB07  
	Authentication Package:	Negotiate
	Transited Services:	-
	Package Name (NTLM only):	-
	Key Length:		7

This event is generated when a logon session is created. It is generated on the computer that was accessed.

The subject fields indicate the account on the local system which requested the logon. This is most commonly a service such as the Server service, or a local process such as 223A3B2.exe or 223A3B2.exe.

The logon type field indicates the kind of logon that occurred. The most common types are 2 (interactive) and 3 (network).

The New Logon fields indicate the account for whom the new logon was created, i.e. the account that was logged on.

The network fields indicate where a remote logon request originated. Workstation name is not always available and may be left blank in some cases.

The impersonation level field indicates the extent to which a process in the logon session can impersonate.

The authentication information fields provide detailed information about this specific logon request.
	- Logon GUID is a unique identifier that can be used to correlate this event with a KDC event.
	- Transited services indicate which intermediate services have participated in this logon request.
	- Package name indicates which sub-protocol was used among the NTLM protocols.
	- Key length indicates the length of the generated session key. This will be 0 if no session key was requested.


02/10/2020 09:16:47 AM
LogName=Security
SourceName=Microsoft Windows security auditing.
EventCode=4672
EventType=Information
Type=Information
ComputerName=HOST-001
TaskCategory=Authentication Policy Change
OpCode=Info
RecordNumber=465143704
Keywords=Audit Success
Message=Special privileges assigned to new logon.

Subject:
	Security ID:		NT AUTHORITY\SYSTEM
	Account Name:		GUEST
	Account Domain:		abc
	Logon ID:		0xC80
Privileges:		SeAssignPrimaryTokenPrivilege
			SeTcbPrivilege
			SeSecurityPrivilege
			SeTakeOwnershipPrivilege
			SeLoadDriverPrivilege
			SeBackupPrivilege
			SeRestorePrivilege
			SeDebugPrivilege
			SeAuditPrivilege
			SeSystemEnvironmentPrivilege
			SeImpersonatePrivilege
			SeDelegateSessionUserImpersonatePrivilege


02/10/2020 09:13:50 AM
LogName=Security
SourceName=Microsoft Windows security auditing.
EventCode=4672
EventType=Information
Type=Information
ComputerName=HOST-001
TaskCategory=Authentication Policy Change
OpCode=Info
RecordNumber=382236394
Keywords=Audit Success
Message=Special privileges assigned to new logon.

Subject:
	Security ID:		NT AUTHORITY\SYSTEM
	Account Name:		ABCDE
	Account Domain:		abc
	Logon ID:		0xD0E
Privileges:		SeAssignPrimaryTokenPrivilege
			SeTcbPrivilege
			SeSecurityPrivilege
			SeTakeOwnershipPrivilege
			SeLoadDriverPrivilege
			SeBackupPrivilege
			SeRestorePrivilege
			SeDebugPrivilege
			SeAuditPrivilege
			SeSystemEnvironmentPrivilege
			SeImpersonatePrivilege
			SeDelegateSessionUserImpersonatePrivilege


02/10/2020 09:10:52 AM
LogName=Security
SourceName=Microsoft Windows security auditing.
EventCode=4798
EventType=Information
Type=Information
ComputerName=HOST-001
TaskCategory=Authentication Policy Change
OpCode=Info
RecordNumber=390303045
Keywords=Audit Success
Message=A User's local group membership was enumerated.

Subject:
	Security ID:		WINDOWS\ADSERVER
	Account Name:		ABCDE
	Account Domain:		abc
	Logon ID:		0x4CB
User:
	Security ID:		WINDOWS\ADSERVER
	Account Name:		ABCDE
	Account Domain:		abc

Process Information:
	Process ID:		0x16c4
	Process Name:		win\directory\directory2\D8C5AFA.exe


02/10/2020 08:44:55 AM
LogName=Security
SourceName=Microsoft Windows security auditing.
EventCode=4625
EventType=Information
Type=Information
ComputerName=HOST-001
TaskCategory=Authentication Policy Change
OpCode=Info
RecordNumber=997251720
Keywords=Audit Success
Message=An account failed to log on.

Subject:
	Security ID:		NT AUTHORITY\SYSTEM
	Account Name:		ABCDE
	Account Domain:		abc
	Logon ID:		0xE

Logon Type:		6

Account For Which Logon Failed:
	Security ID:		NT AUTHORITY\SYSTEM
	Account Name:		ABCDE
	Account Domain:		abc

Failure Information:
	Failure Reason:		Unknown User name or bad password.
	Status:			0xEC0C8497
	Sub Status:		0xEC0C8497

Process Information:
	Caller Process ID:	0xE
	Caller Process Name:	-

Network Information:
	Workstation Name:	-
	Source Network Address:	54.97.51.138
	Source Port:		35756

Detailed Authentication Information:
	Logon Process:		EC0C8497 
	Authentication Package:	NTLM
	Transited Services:	-
	Package Name (NTLM only):	-
	Key Length:		6

This event is generated when a logon request fails. It is generated on the computer where access was attempted.

The Subject fields indicate the account on the local system which requested the logon. This is most commonly a service such as the Server service, or a local process such as 1D82F89.exe or 1D82F89.exe.

The Logon Type field indicates the kind of logon that was requested. The most common types are 2 (interactive) and 3 (network).

The Process Information fields indicate which account and process on the system requested the logon.

The Network Information fields indicate where a remote logon request originated. Workstation name is not always available and may be left blank in some cases.

The authentication information fields provide detailed information about this specific logon request.
	- Transited services indicate which intermediate services have participated in this logon request.
	- Package name indicates which sub-protocol was used among the NTLM protocols.
	- Key length indicates the length of the generated session key. This will be 0 if no session key was requested.


02/10/2020 08:41:42 AM
LogName=Security
SourceName=Microsoft Windows security auditing.
EventCode=5061
EventType=Information
Type=Information
ComputerName=HOST-001
TaskCategory=Authentication Policy Change
OpCode=Info
RecordNumber=689676407
Keywords=Audit Success
Message=Cryptographic operation.

Subject:
	Security ID:		WINDOWS\krbtgt
	Account Name:		ADMINISTRATOR
	Account Domain:		abc
	Logon ID:		0xDA8
Cryptographic Parameters:
	Provider Name: 3B2DB6110622	
	Algorithm Name:	
	Key Name:	332fe7e7-d709-e3d8-af9e-7236c48f4c55
	Key Type: User key.

Cryptographic Operation:
	Operation:	Open Key.
	Return Code:	0x2


02/10/2020 08:39:32 AM
LogName=Security
SourceName=Microsoft Windows security auditing.
EventCode=4625
EventType=Information
Type=Information
ComputerName=HOST-001
TaskCategory=Authentication Policy Change
OpCode=Info
RecordNumber=156327643
Keywords=Audit Success
Message=An account failed to log on.

Subject:
	Security ID:		WINDOWS\SERVER2012$
	Account Name:		ADMINISTRATOR
	Account Domain:		abc
	Logon ID:		0x0

Logon Type:		0

Account For Which Logon Failed:
	Security ID:		WINDOWS\SERVER2012$
	Account Name:		ADMINISTRATOR
	Account Domain:		abc

Failure Information:
	Failure Reason:		Unknown User name or bad password.
	Status:			0xBA6419A1
	Sub Status:		0xBA6419A1

Process Information:
	Caller Process ID:	0x0
	Caller Process Name:	-

Network Information:
	Workstation Name:	-
	Source Network Address:	228.125.105.158
	Source Port:		37377

Detailed Authentication Information:
	Logon Process:		BA6419A1 
	Authentication Package:	Negotiate
	Transited Services:	-
	Package Name (NTLM only):	-
	Key Length:		0

This event is generated when a logon request fails. It is generated on the computer where access was attempted.

The Subject fields indicate the account on the local system which requested the logon. This is most commonly a service such as the Server service, or a local process such as 33205E0.exe or 33205E0.exe.

The Logon Type field indicates the kind of logon that was requested. The most common types are 2 (interactive) and 3 (network).

The Process Information fields indicate which account and process on the system requested the logon.

The Network Information fields indicate where a remote logon request originated. Workstation name is not always available and may be left blank in some cases.

The authentication information fields provide detailed information about this specific logon request.
	- Transited services indicate which intermediate services have participated in this logon request.
	- Package name indicates which sub-protocol was used among the NTLM protocols.
	- Key length indicates the length of the generated session key. This will be 0 if no session key was requested.


02/10/2020 08:36:54 AM
LogName=Security
SourceName=Microsoft Windows security auditing.
EventCode=4625
EventType=Information
Type=Information
ComputerName=HOST-001
TaskCategory=Authentication Policy Change
OpCode=Info
RecordNumber=913529669
Keywords=Audit Success
Message=An account failed to log on.

Subject:
	Security ID:		WINDOWS\ADSERVER
	Account Name:		GUEST
	Account Domain:		abc
	Logon ID:		0xC

Logon Type:		8

Account For Which Logon Failed:
	Security ID:		WINDOWS\ADSERVER
	Account Name:		GUEST
	Account Domain:		abc

Failure Information:
	Failure Reason:		Unknown User name or bad password.
	Status:			0x28E5CAE1
	Sub Status:		0x28E5CAE1

Process Information:
	Caller Process ID:	0xC
	Caller Process Name:	-

Network Information:
	Workstation Name:	-
	Source Network Address:	166.212.201.214
	Source Port:		9919

Detailed Authentication Information:
	Logon Process:		28E5CAE1 
	Authentication Package:	Negotiate
	Transited Services:	-
	Package Name (NTLM only):	-
	Key Length:		8

This event is generated when a logon request fails. It is generated on the computer where access was attempted.

The Subject fields indicate the account on the local system which requested the logon. This is most commonly a service such as the Server service, or a local process such as 41298D5.exe or 41298D5.exe.

The Logon Type field indicates the kind of logon that was requested. The most common types are 2 (interactive) and 3 (network).

The Process Information fields indicate which account and process on the system requested the logon.

The Network Information fields indicate where a remote logon request originated. Workstation name is not always available and may be left blank in some cases.

The authentication information fields provide detailed information about this specific logon request.
	- Transited services indicate which intermediate services have participated in this logon request.
	- Package name indicates which sub-protocol was used among the NTLM protocols.
	- Key length indicates the length of the generated session key. This will be 0 if no session key was requested.


02/10/2020 08:30:29 AM
LogName=Security
SourceName=Microsoft Windows security auditing.
EventCode=4648
EventType=Information
Type=Information
ComputerName=HOST-001
TaskCategory=Authentication Policy Change
OpCode=Info
RecordNumber=867360966
Keywords=Audit Success
Message=A logon was attempted using explicit credentials.

Subject:
	Security ID:		NT AUTHORITY\SYSTEM
	Account Name:		ABCDE
	Account Domain:		abc
	Logon ID:		0x19F	Logon GUID:		AB37

Account Whose Credentials Were Used:
	Account Name:		ABCDE
	Account Domain:		abc
	Logon GUID:		AB37

Target Server:
	Target Server Name:	abc
	Additional Information:	abc

Process Information:
	Process ID:		0x19F	Process Name:		win\directory\directory2\C440D89.exe

Network Information:
	Network Address:	131.45.161.248
	Port:			462

This event is generated when a process attempts to log on an account by explicitly specifying that account’s credentials.  This most commonly occurs in batch-type configurations such as scheduled tasks, or when using the RUNAS command.


02/10/2020 08:30:08 AM
LogName=Security
SourceName=Microsoft Windows security auditing.
EventCode=4625
EventType=Information
Type=Information
ComputerName=HOST-001
TaskCategory=Authentication Policy Change
OpCode=Info
RecordNumber=734526007
Keywords=Audit Success
Message=An account failed to log on.

Subject:
	Security ID:		NONE
	Account Name:		ADMINISTRATOR
	Account Domain:		abc
	Logon ID:		0x6

Logon Type:		1

Account For Which Logon Failed:
	Security ID:		NONE
	Account Name:		ADMINISTRATOR
	Account Domain:		abc

Failure Information:
	Failure Reason:		Unknown User name or bad password.
	Status:			0xFE29188C
	Sub Status:		0xFE29188C

Process Information:
	Caller Process ID:	0x6
	Caller Process Name:	-

Network Information:
	Workstation Name:	-
	Source Network Address:	24.146.241.10
	Source Port:		52668

Detailed Authentication Information:
	Logon Process:		FE29188C 
	Authentication Package:	Negotiate
	Transited Services:	-
	Package Name (NTLM only):	-
	Key Length:		1

This event is generated when a logon request fails. It is generated on the computer where access was attempted.

The Subject fields indicate the account on the local system which requested the logon. This is most commonly a service such as the Server service, or a local process such as 6CEE995.exe or 6CEE995.exe.

The Logon Type field indicates the kind of logon that was requested. The most common types are 2 (interactive) and 3 (network).

The Process Information fields indicate which account and process on the system requested the logon.

The Network Information fields indicate where a remote logon request originated. Workstation name is not always available and may be left blank in some cases.

The authentication information fields provide detailed information about this specific logon request.
	- Transited services indicate which intermediate services have participated in this logon request.
	- Package name indicates which sub-protocol was used among the NTLM protocols.
	- Key length indicates the length of the generated session key. This will be 0 if no session key was requested.


02/10/2020 08:26:48 AM
LogName=Security
SourceName=Microsoft Windows security auditing.
EventCode=5058
EventType=Information
Type=Information
ComputerName=HOST-001
TaskCategory=Authentication Policy Change
OpCode=Info
RecordNumber=365654483
Keywords=Audit Success
Message=Key file operation.

Subject:
	Security ID:		WINDOWS\SERVER2012$
	Account Name:		ADMINISTRATOR
	Account Domain:		abc
	Logon ID:		0x8C8
Cryptographic Parameters:
	Provider Name:	Microsoft Software Key Storage Provider
	Algorithm Name:	UNKNOWN
	Key Name:	223CD92C-670C-670C-670C-4435E1064B81
	Key Type: User key.

Key File Operation Information:
	File Path:	win\directory\directory2\4570BE963BC84E85B88FCC5DBA32E8AE_223CD92C-670C-670C-670C-4435E1064B81
	Operation:	Read persisted key from file.
	Return Code:	0x5


02/10/2020 08:23:11 AM
LogName=Security
SourceName=Microsoft Windows security auditing.
EventCode=5061
EventType=Information
Type=Information
ComputerName=HOST-001
TaskCategory=Authentication Policy Change
OpCode=Info
RecordNumber=9210771
Keywords=Audit Success
Message=Cryptographic operation.

Subject:
	Security ID:		WINDOWS\SERVER2012$
	Account Name:		ABCDE
	Account Domain:		abc
	Logon ID:		0xF23
Cryptographic Parameters:
	Provider Name: 1D909CE3DCA1	
	Algorithm Name:	
	Key Name:	332fe7e7-d709-e3d8-af9e-7236c48f4c55
	Key Type: User key.

Cryptographic Operation:
	Operation:	Open Key.
	Return Code:	0xD


