02/11/2020 08:07:35 AM
LogName=Security
SourceName=Microsoft Windows security auditing.
EventCode=4625
EventType=Information
Type=Information
ComputerName=HOST-001
TaskCategory=Authentication Policy Change
OpCode=Info
RecordNumber=282874940
Keywords=Audit Success
Message=An account failed to log on.

Subject:
	Security ID:		WINDOWS\krbtgt
	Account Name:		ADMINISTRATOR
	Account Domain:		abc
	Logon ID:		0x3B3
Logon Information:
	Logon Type:		19
	Restricted Admin Mode:	-
	Virtual Account:		Yes
	Elevated Token:		Yes

Impersonation Level:		Abcde

New Logon:
	Security ID:		WINDOWS\krbtgt
	Account Name:		ADMINISTRATOR
	Account Domain:		abc
	Logon ID:		0x3B3	Linked Logon ID:		0xC
	Network Account Name:	-
	Network Account Domain:	-
	Logon GUID:		{79127011-FD85-FD85-FD85-56ADBBA438A5}

Process Information:
	Process ID:		0x3B3	Process Name:		abc\file\path\AEF3863.exe

Network Information:
	Workstation Name:	-
	Source Network Address:	-
	Source Port:		36651

Detailed Authentication Information:
	Logon Process:		79127011  
	Authentication Package:	NTLM
	Transited Services:	-
	Package Name (NTLM only):	-
	Key Length:		19

This event is generated when a logon session is created. It is generated on the computer that was accessed.

The subject fields indicate the account on the local system which requested the logon. This is most commonly a service such as the Server service, or a local process such as AEF3863.exe or AEF3863.exe.

The logon type field indicates the kind of logon that occurred. The most common types are 2 (interactive) and 3 (network).

The New Logon fields indicate the account for whom the new logon was created, i.e. the account that was logged on.

The network fields indicate where a remote logon request originated. Workstation name is not always available and may be left blank in some cases.

The impersonation level field indicates the extent to which a process in the logon session can impersonate.

The authentication information fields provide detailed information about this specific logon request.
	- Logon GUID is a unique identifier that can be used to correlate this event with a KDC event.
	- Transited services indicate which intermediate services have participated in this logon request.
	- Package name indicates which sub-protocol was used among the NTLM protocols.
	- Key length indicates the length of the generated session key. This will be 0 if no session key was requested.


02/11/2020 07:54:29 AM
LogName=Security
SourceName=Microsoft Windows security auditing.
EventCode=4625
EventType=Information
Type=Information
ComputerName=HOST-001
TaskCategory=Authentication Policy Change
OpCode=Info
RecordNumber=179083764
Keywords=Audit Success
Message=An account failed to log on.

Subject:
	Security ID:		WINDOWS\krbtgt
	Account Name:		ABCDE
	Account Domain:		abc
	Logon ID:		0xCA2
Privileges:		SeAssignPrimaryTokenPrivilege
			SeTcbPrivilege
			SeSecurityPrivilege
			SeTakeOwnershipPrivilege
			SeLoadDriverPrivilege
			SeBackupPrivilege
			SeRestorePrivilege
			SeDebugPrivilege
			SeAuditPrivilege
			SeSystemEnvironmentPrivilege
			SeImpersonatePrivilege
			SeDelegateSessionUserImpersonatePrivilege


02/11/2020 07:52:06 AM
LogName=Security
SourceName=Microsoft Windows security auditing.
EventCode=4625
EventType=Information
Type=Information
ComputerName=HOST-001
TaskCategory=Authentication Policy Change
OpCode=Info
RecordNumber=444426887
Keywords=Audit Success
Message=An account failed to log on.

Subject:
	Security ID:		abc\def
	Account Name:		ABCDE
	Account Domain:		abc
	Logon ID:		0xA48
Cryptographic Parameters:
	Provider Name: 32A0AAEF6A91	
	Algorithm Name:	
	Key Name:	332fe7e7-d709-e3d8-af9e-7236c48f4c55
	Key Type: User key.

Cryptographic Operation:
	Operation:	Open Key.
	Return Code:	0x8


02/11/2020 07:42:00 AM
LogName=Security
SourceName=Microsoft Windows security auditing.
EventCode=4625
EventType=Information
Type=Information
ComputerName=HOST-001
TaskCategory=Authentication Policy Change
OpCode=Info
RecordNumber=768002067
Keywords=Audit Success
Message=An account failed to log on.

Subject:
	Security ID:		NONE
	Account Name:		ABCDE
	Account Domain:		abc
	Logon ID:		0x64D
Logon Information:
	Logon Type:		10
	Restricted Admin Mode:	-
	Virtual Account:		No
	Elevated Token:		No

Impersonation Level:		Impersonation

New Logon:
	Security ID:		NONE
	Account Name:		ABCDE
	Account Domain:		abc
	Logon ID:		0x64D	Linked Logon ID:		0xA
	Network Account Name:	-
	Network Account Domain:	-
	Logon GUID:		{AE8AC697-AACD-AACD-AACD-10A2322349F9}

Process Information:
	Process ID:		0x64D	Process Name:		aa\bb\cc\dd\ECB65C3.exe

Network Information:
	Workstation Name:	-
	Source Network Address:	-
	Source Port:		2931

Detailed Authentication Information:
	Logon Process:		AE8AC697  
	Authentication Package:	MICROSOFT_AUTHENTICATION_PACKAGE_V1_0
	Transited Services:	-
	Package Name (NTLM only):	-
	Key Length:		10

This event is generated when a logon session is created. It is generated on the computer that was accessed.

The subject fields indicate the account on the local system which requested the logon. This is most commonly a service such as the Server service, or a local process such as ECB65C3.exe or ECB65C3.exe.

The logon type field indicates the kind of logon that occurred. The most common types are 2 (interactive) and 3 (network).

The New Logon fields indicate the account for whom the new logon was created, i.e. the account that was logged on.

The network fields indicate where a remote logon request originated. Workstation name is not always available and may be left blank in some cases.

The impersonation level field indicates the extent to which a process in the logon session can impersonate.

The authentication information fields provide detailed information about this specific logon request.
	- Logon GUID is a unique identifier that can be used to correlate this event with a KDC event.
	- Transited services indicate which intermediate services have participated in this logon request.
	- Package name indicates which sub-protocol was used among the NTLM protocols.
	- Key length indicates the length of the generated session key. This will be 0 if no session key was requested.


02/11/2020 07:37:01 AM
LogName=Security
SourceName=Microsoft Windows security auditing.
EventCode=4625
EventType=Information
Type=Information
ComputerName=HOST-001
TaskCategory=Authentication Policy Change
OpCode=Info
RecordNumber=179142961
Keywords=Audit Success
Message=An account failed to log on.

Subject:
	Security ID:		NT AUTHORITY\SYSTEM
	Account Name:		GUEST
	Account Domain:		abc
	Logon ID:		0x71F
Logon Information:
	Logon Type:		9
	Restricted Admin Mode:	-
	Virtual Account:		Yes
	Elevated Token:		Yes

Impersonation Level:		Abcde

New Logon:
	Security ID:		NT AUTHORITY\SYSTEM
	Account Name:		GUEST
	Account Domain:		abc
	Logon ID:		0x71F	Linked Logon ID:		0x6
	Network Account Name:	-
	Network Account Domain:	-
	Logon GUID:		{903ECFEC-5B83-5B83-5B83-FCCDCEB70EEB}

Process Information:
	Process ID:		0x71F	Process Name:		abc\file\path\66E427F.exe

Network Information:
	Workstation Name:	-
	Source Network Address:	-
	Source Port:		46821

Detailed Authentication Information:
	Logon Process:		903ECFEC  
	Authentication Package:	NTLM
	Transited Services:	-
	Package Name (NTLM only):	-
	Key Length:		9

This event is generated when a logon session is created. It is generated on the computer that was accessed.

The subject fields indicate the account on the local system which requested the logon. This is most commonly a service such as the Server service, or a local process such as 66E427F.exe or 66E427F.exe.

The logon type field indicates the kind of logon that occurred. The most common types are 2 (interactive) and 3 (network).

The New Logon fields indicate the account for whom the new logon was created, i.e. the account that was logged on.

The network fields indicate where a remote logon request originated. Workstation name is not always available and may be left blank in some cases.

The impersonation level field indicates the extent to which a process in the logon session can impersonate.

The authentication information fields provide detailed information about this specific logon request.
	- Logon GUID is a unique identifier that can be used to correlate this event with a KDC event.
	- Transited services indicate which intermediate services have participated in this logon request.
	- Package name indicates which sub-protocol was used among the NTLM protocols.
	- Key length indicates the length of the generated session key. This will be 0 if no session key was requested.


02/11/2020 07:24:52 AM
LogName=Security
SourceName=Microsoft Windows security auditing.
EventCode=4625
EventType=Information
Type=Information
ComputerName=HOST-001
TaskCategory=Authentication Policy Change
OpCode=Info
RecordNumber=770174361
Keywords=Audit Success
Message=An account failed to log on.

Subject:
	Security ID:		WINDOWS\ADSERVER
	Account Name:		ADMINISTRATOR
	Account Domain:		abc
	Logon ID:		0x862
Privileges:		SeAssignPrimaryTokenPrivilege
			SeTcbPrivilege
			SeSecurityPrivilege
			SeTakeOwnershipPrivilege
			SeLoadDriverPrivilege
			SeBackupPrivilege
			SeRestorePrivilege
			SeDebugPrivilege
			SeAuditPrivilege
			SeSystemEnvironmentPrivilege
			SeImpersonatePrivilege
			SeDelegateSessionUserImpersonatePrivilege


02/11/2020 07:16:42 AM
LogName=Security
SourceName=Microsoft Windows security auditing.
EventCode=4625
EventType=Information
Type=Information
ComputerName=HOST-001
TaskCategory=Authentication Policy Change
OpCode=Info
RecordNumber=83198052
Keywords=Audit Success
Message=An account failed to log on.

Subject:
	Security ID:		abc\def
	Account Name:		ADMINISTRATOR
	Account Domain:		abc
	Logon ID:		0xEF5
Cryptographic Parameters:
	Provider Name:	Microsoft Software Key Storage Provider
	Algorithm Name:	UNKNOWN
	Key Name:	4B32EFD3-0E2C-0E2C-0E2C-AC5A18593B02
	Key Type: User key.

Key File Operation Information:
	File Path:	win\directory\directory2\911A513EA7195500028E4A175C55D28C_4B32EFD3-0E2C-0E2C-0E2C-AC5A18593B02
	Operation:	Read persisted key from file.
	Return Code:	0x2


02/11/2020 07:16:04 AM
LogName=Security
SourceName=Microsoft Windows security auditing.
EventCode=4625
EventType=Information
Type=Information
ComputerName=HOST-001
TaskCategory=Authentication Policy Change
OpCode=Info
RecordNumber=606111721
Keywords=Audit Success
Message=An account failed to log on.

Subject:
	Security ID:		NT AUTHORITY\SYSTEM
	Account Name:		ABCDE
	Account Domain:		abc
	Logon ID:		0x0D6
Privileges:		SeAssignPrimaryTokenPrivilege
			SeTcbPrivilege
			SeSecurityPrivilege
			SeTakeOwnershipPrivilege
			SeLoadDriverPrivilege
			SeBackupPrivilege
			SeRestorePrivilege
			SeDebugPrivilege
			SeAuditPrivilege
			SeSystemEnvironmentPrivilege
			SeImpersonatePrivilege
			SeDelegateSessionUserImpersonatePrivilege


02/11/2020 07:15:48 AM
LogName=Security
SourceName=Microsoft Windows security auditing.
EventCode=4625
EventType=Information
Type=Information
ComputerName=HOST-001
TaskCategory=Authentication Policy Change
OpCode=Info
RecordNumber=357068199
Keywords=Audit Success
Message=An account failed to log on.

Subject:
	Security ID:		WINDOWS\SERVER2012$
	Account Name:		GUEST
	Account Domain:		abc
	Logon ID:		0x7AFC469

Logon Type:		1

This event is generated when a logon session is destroyed. It may be positively correlated with a logon event using the Logon ID value. Logon IDs are only unique between reboots on the same computer.


02/11/2020 07:13:09 AM
LogName=Security
SourceName=Microsoft Windows security auditing.
EventCode=4625
EventType=Information
Type=Information
ComputerName=HOST-001
TaskCategory=Authentication Policy Change
OpCode=Info
RecordNumber=763373266
Keywords=Audit Success
Message=An account failed to log on.

Subject:
	Security ID:		WINDOWS\ADSERVER
	Account Name:		ABCDE
	Account Domain:		abc
	Logon ID:		0x03E	Logon GUID:		EB5F

Account Whose Credentials Were Used:
	Account Name:		ABCDE
	Account Domain:		abc
	Logon GUID:		EB5F

Target Server:
	Target Server Name:	abc
	Additional Information:	abc

Process Information:
	Process ID:		0x03E	Process Name:		abc\file\path\F878EBE.exe

Network Information:
	Network Address:	252.168.220.214
	Port:			762

This event is generated when a process attempts to log on an account by explicitly specifying that account’s credentials.  This most commonly occurs in batch-type configurations such as scheduled tasks, or when using the RUNAS command.


02/11/2020 07:11:10 AM
LogName=Security
SourceName=Microsoft Windows security auditing.
EventCode=4625
EventType=Information
Type=Information
ComputerName=HOST-001
TaskCategory=Authentication Policy Change
OpCode=Info
RecordNumber=848858285
Keywords=Audit Success
Message=An account failed to log on.

Subject:
	Security ID:		NT AUTHORITY\SYSTEM
	Account Name:		ABCDE
	Account Domain:		abc
	Logon ID:		0x8E6
Cryptographic Parameters:
	Provider Name:	Microsoft Software Key Storage Provider
	Algorithm Name:	UNKNOWN
	Key Name:	613DFE1F-AE94-AE94-AE94-779506E7586E
	Key Type: User key.

Key File Operation Information:
	File Path:	aa\bb\cc\dd\DB72207859450BAF8CC8201F2EF4ED2E_613DFE1F-AE94-AE94-AE94-779506E7586E
	Operation:	Read persisted key from file.
	Return Code:	0x6


02/11/2020 07:01:48 AM
LogName=Security
SourceName=Microsoft Windows security auditing.
EventCode=4625
EventType=Information
Type=Information
ComputerName=HOST-001
TaskCategory=Authentication Policy Change
OpCode=Info
RecordNumber=917990257
Keywords=Audit Success
Message=An account failed to log on.

Subject:
	Security ID:		WINDOWS\SERVER2012$
	Account Name:		ADMINISTRATOR
	Account Domain:		abc
	Logon ID:		0x1B5
User:
	Security ID:		WINDOWS\SERVER2012$
	Account Name:		ADMINISTRATOR
	Account Domain:		abc

Process Information:
	Process ID:		0x16c4
	Process Name:		aa\bb\cc\dd\1AABD37.exe


02/11/2020 07:00:10 AM
LogName=Security
SourceName=Microsoft Windows security auditing.
EventCode=4625
EventType=Information
Type=Information
ComputerName=HOST-001
TaskCategory=Authentication Policy Change
OpCode=Info
RecordNumber=637963007
Keywords=Audit Success
Message=An account failed to log on.

Subject:
	Security ID:		WINDOWS\ADSERVER
	Account Name:		ABCDE
	Account Domain:		abc
	Logon ID:		0xCC3
Privileges:		SeAssignPrimaryTokenPrivilege
			SeTcbPrivilege
			SeSecurityPrivilege
			SeTakeOwnershipPrivilege
			SeLoadDriverPrivilege
			SeBackupPrivilege
			SeRestorePrivilege
			SeDebugPrivilege
			SeAuditPrivilege
			SeSystemEnvironmentPrivilege
			SeImpersonatePrivilege
			SeDelegateSessionUserImpersonatePrivilege


02/11/2020 06:42:58 AM
LogName=Security
SourceName=Microsoft Windows security auditing.
EventCode=4625
EventType=Information
Type=Information
ComputerName=HOST-001
TaskCategory=Authentication Policy Change
OpCode=Info
RecordNumber=404588351
Keywords=Audit Success
Message=An account failed to log on.

Subject:
	Security ID:		WINDOWS\ADSERVER
	Account Name:		GUEST
	Account Domain:		abc
	Logon ID:		0x59E
Privileges:		SeAssignPrimaryTokenPrivilege
			SeTcbPrivilege
			SeSecurityPrivilege
			SeTakeOwnershipPrivilege
			SeLoadDriverPrivilege
			SeBackupPrivilege
			SeRestorePrivilege
			SeDebugPrivilege
			SeAuditPrivilege
			SeSystemEnvironmentPrivilege
			SeImpersonatePrivilege
			SeDelegateSessionUserImpersonatePrivilege


02/11/2020 06:38:33 AM
LogName=Security
SourceName=Microsoft Windows security auditing.
EventCode=4625
EventType=Information
Type=Information
ComputerName=HOST-001
TaskCategory=Authentication Policy Change
OpCode=Info
RecordNumber=477524594
Keywords=Audit Success
Message=An account failed to log on.

Subject:
	Security ID:		NONE
	Account Name:		GUEST
	Account Domain:		abc
	Logon ID:		0x957
Privileges:		SeAssignPrimaryTokenPrivilege
			SeTcbPrivilege
			SeSecurityPrivilege
			SeTakeOwnershipPrivilege
			SeLoadDriverPrivilege
			SeBackupPrivilege
			SeRestorePrivilege
			SeDebugPrivilege
			SeAuditPrivilege
			SeSystemEnvironmentPrivilege
			SeImpersonatePrivilege
			SeDelegateSessionUserImpersonatePrivilege


02/11/2020 06:36:28 AM
LogName=Security
SourceName=Microsoft Windows security auditing.
EventCode=4625
EventType=Information
Type=Information
ComputerName=HOST-001
TaskCategory=Authentication Policy Change
OpCode=Info
RecordNumber=624635725
Keywords=Audit Success
Message=An account failed to log on.

Subject:
	Security ID:		NONE
	Account Name:		GUEST
	Account Domain:		abc
	Logon ID:		0x1C8
Cryptographic Parameters:
	Provider Name:	Microsoft Software Key Storage Provider
	Algorithm Name:	UNKNOWN
	Key Name:	4595A48A-0682-0682-0682-6B9C0C303BBD
	Key Type: User key.

Key File Operation Information:
	File Path:	win\directory\directory2\B3289A92CEA5F7791E06452EC5A1D8F9_4595A48A-0682-0682-0682-6B9C0C303BBD
	Operation:	Read persisted key from file.
	Return Code:	0x1


02/11/2020 06:36:01 AM
LogName=Security
SourceName=Microsoft Windows security auditing.
EventCode=4625
EventType=Information
Type=Information
ComputerName=HOST-001
TaskCategory=Authentication Policy Change
OpCode=Info
RecordNumber=233523462
Keywords=Audit Success
Message=An account failed to log on.

Subject:
	Security ID:		WINDOWS\ADSERVER
	Account Name:		GUEST
	Account Domain:		abc
	Logon ID:		0x4D5BBCD

Logon Type:		11

This event is generated when a logon session is destroyed. It may be positively correlated with a logon event using the Logon ID value. Logon IDs are only unique between reboots on the same computer.


02/11/2020 06:32:37 AM
LogName=Security
SourceName=Microsoft Windows security auditing.
EventCode=4625
EventType=Information
Type=Information
ComputerName=HOST-001
TaskCategory=Authentication Policy Change
OpCode=Info
RecordNumber=229759502
Keywords=Audit Success
Message=An account failed to log on.

Subject:
	Security ID:		NT AUTHORITY\SYSTEM
	Account Name:		ADMINISTRATOR
	Account Domain:		abc
	Logon ID:		0x19527EB

Logon Type:		2

This event is generated when a logon session is destroyed. It may be positively correlated with a logon event using the Logon ID value. Logon IDs are only unique between reboots on the same computer.


02/11/2020 06:28:10 AM
LogName=Security
SourceName=Microsoft Windows security auditing.
EventCode=4625
EventType=Information
Type=Information
ComputerName=HOST-001
TaskCategory=Authentication Policy Change
OpCode=Info
RecordNumber=550229637
Keywords=Audit Success
Message=An account failed to log on.

Subject:
	Security ID:		NULL SID
	Account Name:		GUEST
	Account Domain:		abc
	Logon ID:		0xE6F
Cryptographic Parameters:
	Provider Name: 39FBE6FEF444	
	Algorithm Name:	
	Key Name:	332fe7e7-d709-e3d8-af9e-7236c48f4c55
	Key Type: User key.

Cryptographic Operation:
	Operation:	Open Key.
	Return Code:	0x4


02/11/2020 06:13:20 AM
LogName=Security
SourceName=Microsoft Windows security auditing.
EventCode=4625
EventType=Information
Type=Information
ComputerName=HOST-001
TaskCategory=Authentication Policy Change
OpCode=Info
RecordNumber=676865988
Keywords=Audit Success
Message=An account failed to log on.

Subject:
	Security ID:		abc\def
	Account Name:		GUEST
	Account Domain:		abc
	Logon ID:		0x7D8
Logon Information:
	Logon Type:		1
	Restricted Admin Mode:	-
	Virtual Account:		Yes
	Elevated Token:		Yes

Impersonation Level:		Abcde

New Logon:
	Security ID:		abc\def
	Account Name:		GUEST
	Account Domain:		abc
	Logon ID:		0x7D8	Linked Logon ID:		0x7
	Network Account Name:	-
	Network Account Domain:	-
	Logon GUID:		{3BAF9E10-DF1A-DF1A-DF1A-A84C3104B6B3}

Process Information:
	Process ID:		0x7D8	Process Name:		aa\bb\cc\dd\81AF701.exe

Network Information:
	Workstation Name:	-
	Source Network Address:	-
	Source Port:		11795

Detailed Authentication Information:
	Logon Process:		3BAF9E10  
	Authentication Package:	Negotiate
	Transited Services:	-
	Package Name (NTLM only):	-
	Key Length:		1

This event is generated when a logon session is created. It is generated on the computer that was accessed.

The subject fields indicate the account on the local system which requested the logon. This is most commonly a service such as the Server service, or a local process such as 81AF701.exe or 81AF701.exe.

The logon type field indicates the kind of logon that occurred. The most common types are 2 (interactive) and 3 (network).

The New Logon fields indicate the account for whom the new logon was created, i.e. the account that was logged on.

The network fields indicate where a remote logon request originated. Workstation name is not always available and may be left blank in some cases.

The impersonation level field indicates the extent to which a process in the logon session can impersonate.

The authentication information fields provide detailed information about this specific logon request.
	- Logon GUID is a unique identifier that can be used to correlate this event with a KDC event.
	- Transited services indicate which intermediate services have participated in this logon request.
	- Package name indicates which sub-protocol was used among the NTLM protocols.
	- Key length indicates the length of the generated session key. This will be 0 if no session key was requested.


02/11/2020 06:11:17 AM
LogName=Security
SourceName=Microsoft Windows security auditing.
EventCode=4625
EventType=Information
Type=Information
ComputerName=HOST-001
TaskCategory=Authentication Policy Change
OpCode=Info
RecordNumber=713397728
Keywords=Audit Success
Message=An account failed to log on.

Subject:
	Security ID:		NONE
	Account Name:		ABCDE
	Account Domain:		abc
	Logon ID:		0xE82	Logon GUID:		B111

Account Whose Credentials Were Used:
	Account Name:		ABCDE
	Account Domain:		abc
	Logon GUID:		B111

Target Server:
	Target Server Name:	abc
	Additional Information:	abc

Process Information:
	Process ID:		0xE82	Process Name:		abc\file\path\E1F2FA8.exe

Network Information:
	Network Address:	64.25.215.35
	Port:			890

This event is generated when a process attempts to log on an account by explicitly specifying that account’s credentials.  This most commonly occurs in batch-type configurations such as scheduled tasks, or when using the RUNAS command.


02/11/2020 06:10:31 AM
LogName=Security
SourceName=Microsoft Windows security auditing.
EventCode=4625
EventType=Information
Type=Information
ComputerName=HOST-001
TaskCategory=Authentication Policy Change
OpCode=Info
RecordNumber=2949558
Keywords=Audit Success
Message=An account failed to log on.

Subject:
	Security ID:		WINDOWS\krbtgt
	Account Name:		GUEST
	Account Domain:		abc
	Logon ID:		0x04F
Privileges:		SeAssignPrimaryTokenPrivilege
			SeTcbPrivilege
			SeSecurityPrivilege
			SeTakeOwnershipPrivilege
			SeLoadDriverPrivilege
			SeBackupPrivilege
			SeRestorePrivilege
			SeDebugPrivilege
			SeAuditPrivilege
			SeSystemEnvironmentPrivilege
			SeImpersonatePrivilege
			SeDelegateSessionUserImpersonatePrivilege


02/11/2020 05:37:52 AM
LogName=Security
SourceName=Microsoft Windows security auditing.
EventCode=4798
EventType=Information
Type=Information
ComputerName=HOST-001
TaskCategory=Authentication Policy Change
OpCode=Info
RecordNumber=291835004
Keywords=Audit Success
Message=A User's local group membership was enumerated.

Subject:
	Security ID:		WINDOWS\SERVER2012$
	Account Name:		GUEST
	Account Domain:		abc
	Logon ID:		0xB43
User:
	Security ID:		WINDOWS\SERVER2012$
	Account Name:		GUEST
	Account Domain:		abc

Process Information:
	Process ID:		0x16c4
	Process Name:		abc\file\path\3BE381F.exe


02/11/2020 05:26:11 AM
LogName=Security
SourceName=Microsoft Windows security auditing.
EventCode=4625
EventType=Information
Type=Information
ComputerName=HOST-001
TaskCategory=Authentication Policy Change
OpCode=Info
RecordNumber=544427106
Keywords=Audit Success
Message=A User's local group membership was enumerated.

Subject:
	Security ID:		NT AUTHORITY\SYSTEM
	Account Name:		ADMINISTRATOR
	Account Domain:		abc
	Logon ID:		0x67F
User:
	Security ID:		NT AUTHORITY\SYSTEM
	Account Name:		ADMINISTRATOR
	Account Domain:		abc

Process Information:
	Process ID:		0x16c4
	Process Name:		aa\bb\cc\dd\246EDE1.exe


02/11/2020 05:20:26 AM
LogName=Security
SourceName=Microsoft Windows security auditing.
EventCode=4625
EventType=Information
Type=Information
ComputerName=HOST-001
TaskCategory=Authentication Policy Change
OpCode=Info
RecordNumber=166727956
Keywords=Audit Success
Message=An account failed to log on.

Subject:
	Security ID:		WINDOWS\SERVER2012$
	Account Name:		ABCDE
	Account Domain:		abc
	Logon ID:		0x622	Logon GUID:		6C10

Account Whose Credentials Were Used:
	Account Name:		ABCDE
	Account Domain:		abc
	Logon GUID:		6C10

Target Server:
	Target Server Name:	abc
	Additional Information:	abc

Process Information:
	Process ID:		0x622	Process Name:		abc\file\path\3F50FAD.exe

Network Information:
	Network Address:	76.25.255.197
	Port:			378

This event is generated when a process attempts to log on an account by explicitly specifying that account’s credentials.  This most commonly occurs in batch-type configurations such as scheduled tasks, or when using the RUNAS command.


02/11/2020 05:19:32 AM
LogName=Security
SourceName=Microsoft Windows security auditing.
EventCode=4625
EventType=Information
Type=Information
ComputerName=HOST-001
TaskCategory=Authentication Policy Change
OpCode=Info
RecordNumber=483403053
Keywords=Audit Success
Message=An account failed to log on.

Subject:
	Security ID:		abc\def
	Account Name:		ABCDE
	Account Domain:		abc
	Logon ID:		0xBA4
Cryptographic Parameters:
	Provider Name: D634E138510A	
	Algorithm Name:	
	Key Name:	332fe7e7-d709-e3d8-af9e-7236c48f4c55
	Key Type: User key.

Cryptographic Operation:
	Operation:	Open Key.
	Return Code:	0x8


02/11/2020 04:48:24 AM
LogName=Security
SourceName=Microsoft Windows security auditing.
EventCode=4625
EventType=Information
Type=Information
ComputerName=HOST-001
TaskCategory=Authentication Policy Change
OpCode=Info
RecordNumber=300761013
Keywords=Audit Success
Message=An account failed to log on.

Subject:
	Security ID:		WINDOWS\krbtgt
	Account Name:		GUEST
	Account Domain:		abc
	Logon ID:		0xC

Logon Type:		11

Account For Which Logon Failed:
	Security ID:		WINDOWS\krbtgt
	Account Name:		GUEST
	Account Domain:		abc

Failure Information:
	Failure Reason:		Unknown User name or bad password.
	Status:			0xDE527949
	Sub Status:		0xDE527949

Process Information:
	Caller Process ID:	0xC
	Caller Process Name:	-

Network Information:
	Workstation Name:	-
	Source Network Address:	85.62.222.195
	Source Port:		34693

Detailed Authentication Information:
	Logon Process:		DE527949 
	Authentication Package:	NTLM
	Transited Services:	-
	Package Name (NTLM only):	-
	Key Length:		11

This event is generated when a logon request fails. It is generated on the computer where access was attempted.

The Subject fields indicate the account on the local system which requested the logon. This is most commonly a service such as the Server service, or a local process such as 349E45F.exe or 349E45F.exe.

The Logon Type field indicates the kind of logon that was requested. The most common types are 2 (interactive) and 3 (network).

The Process Information fields indicate which account and process on the system requested the logon.

The Network Information fields indicate where a remote logon request originated. Workstation name is not always available and may be left blank in some cases.

The authentication information fields provide detailed information about this specific logon request.
	- Transited services indicate which intermediate services have participated in this logon request.
	- Package name indicates which sub-protocol was used among the NTLM protocols.
	- Key length indicates the length of the generated session key. This will be 0 if no session key was requested.


02/11/2020 04:41:53 AM
LogName=Security
SourceName=Microsoft Windows security auditing.
EventCode=4625
EventType=Information
Type=Information
ComputerName=HOST-001
TaskCategory=Authentication Policy Change
OpCode=Info
RecordNumber=116787052
Keywords=Audit Success
Message=An account failed to log on.

Subject:
	Security ID:		abc\def
	Account Name:		ADMINISTRATOR
	Account Domain:		abc
	Logon ID:		0xB

Logon Type:		16

Account For Which Logon Failed:
	Security ID:		abc\def
	Account Name:		ADMINISTRATOR
	Account Domain:		abc

Failure Information:
	Failure Reason:		Unknown User name or bad password.
	Status:			0x6D18D375
	Sub Status:		0x6D18D375

Process Information:
	Caller Process ID:	0xB
	Caller Process Name:	-

Network Information:
	Workstation Name:	-
	Source Network Address:	131.90.250.128
	Source Port:		32626

Detailed Authentication Information:
	Logon Process:		6D18D375 
	Authentication Package:	Negotiate
	Transited Services:	-
	Package Name (NTLM only):	-
	Key Length:		16

This event is generated when a logon request fails. It is generated on the computer where access was attempted.

The Subject fields indicate the account on the local system which requested the logon. This is most commonly a service such as the Server service, or a local process such as 5EE3F94.exe or 5EE3F94.exe.

The Logon Type field indicates the kind of logon that was requested. The most common types are 2 (interactive) and 3 (network).

The Process Information fields indicate which account and process on the system requested the logon.

The Network Information fields indicate where a remote logon request originated. Workstation name is not always available and may be left blank in some cases.

The authentication information fields provide detailed information about this specific logon request.
	- Transited services indicate which intermediate services have participated in this logon request.
	- Package name indicates which sub-protocol was used among the NTLM protocols.
	- Key length indicates the length of the generated session key. This will be 0 if no session key was requested.


02/11/2020 04:36:31 AM
LogName=Security
SourceName=Microsoft Windows security auditing.
EventCode=4625
EventType=Information
Type=Information
ComputerName=HOST-001
TaskCategory=Authentication Policy Change
OpCode=Info
RecordNumber=56126198
Keywords=Audit Success
Message=An account failed to log on.

Subject:
	Security ID:		NULL SID
	Account Name:		ABCDE
	Account Domain:		abc
	Logon ID:		0x3DC
User:
	Security ID:		NULL SID
	Account Name:		ABCDE
	Account Domain:		abc

Process Information:
	Process ID:		0x16c4
	Process Name:		aa\bb\cc\dd\0487565.exe


02/11/2020 04:30:51 AM
LogName=Security
SourceName=Microsoft Windows security auditing.
EventCode=4625
EventType=Information
Type=Information
ComputerName=HOST-001
TaskCategory=Authentication Policy Change
OpCode=Info
RecordNumber=318004056
Keywords=Audit Success
Message=An account failed to log on.

Subject:
	Security ID:		NT AUTHORITY\SYSTEM
	Account Name:		ADMINISTRATOR
	Account Domain:		abc
	Logon ID:		0x0EC
User:
	Security ID:		NT AUTHORITY\SYSTEM
	Account Name:		ADMINISTRATOR
	Account Domain:		abc

Process Information:
	Process ID:		0x16c4
	Process Name:		win\directory\directory2\F7A6E84.exe


02/11/2020 04:20:16 AM
LogName=Security
SourceName=Microsoft Windows security auditing.
EventCode=4625
EventType=Information
Type=Information
ComputerName=HOST-001
TaskCategory=Authentication Policy Change
OpCode=Info
RecordNumber=950506394
Keywords=Audit Success
Message=An account failed to log on.

Subject:
	Security ID:		NT AUTHORITY\SYSTEM
	Account Name:		ABCDE
	Account Domain:		abc
	Logon ID:		0x8F5
Cryptographic Parameters:
	Provider Name: C2A43D95C9C5	
	Algorithm Name:	
	Key Name:	332fe7e7-d709-e3d8-af9e-7236c48f4c55
	Key Type: User key.

Cryptographic Operation:
	Operation:	Open Key.
	Return Code:	0xC


02/11/2020 03:51:53 AM
LogName=Security
SourceName=Microsoft Windows security auditing.
EventCode=4625
EventType=Information
Type=Information
ComputerName=HOST-001
TaskCategory=Authentication Policy Change
OpCode=Info
RecordNumber=224484191
Keywords=Audit Success
Message=An account failed to log on.

Subject:
	Security ID:		WINDOWS\SERVER2012$
	Account Name:		ADMINISTRATOR
	Account Domain:		abc
	Logon ID:		0x173
User:
	Security ID:		WINDOWS\SERVER2012$
	Account Name:		ADMINISTRATOR
	Account Domain:		abc

Process Information:
	Process ID:		0x16c4
	Process Name:		win\directory\directory2\ADA67BE.exe


02/11/2020 03:36:52 AM
LogName=Security
SourceName=Microsoft Windows security auditing.
EventCode=4624
EventType=Information
Type=Information
ComputerName=HOST-001
TaskCategory=Authentication Policy Change
OpCode=Info
RecordNumber=262364607
Keywords=Audit Success
Message=An account was successfully logged on.

Subject:
	Security ID:		abc\def
	Account Name:		ADMINISTRATOR
	Account Domain:		abc
	Logon ID:		0x0B7
Logon Information:
	Logon Type:		11
	Restricted Admin Mode:	-
	Virtual Account:		No
	Elevated Token:		No

Impersonation Level:		Impersonation

New Logon:
	Security ID:		abc\def
	Account Name:		ADMINISTRATOR
	Account Domain:		abc
	Logon ID:		0x0B7	Linked Logon ID:		0xB
	Network Account Name:	-
	Network Account Domain:	-
	Logon GUID:		{7437E0CA-DBE3-DBE3-DBE3-10BDA2D430B7}

Process Information:
	Process ID:		0x0B7	Process Name:		abc\file\path\CF8F9E2.exe

Network Information:
	Workstation Name:	-
	Source Network Address:	-
	Source Port:		17833

Detailed Authentication Information:
	Logon Process:		7437E0CA  
	Authentication Package:	MICROSOFT_AUTHENTICATION_PACKAGE_V1_0
	Transited Services:	-
	Package Name (NTLM only):	-
	Key Length:		11

This event is generated when a logon session is created. It is generated on the computer that was accessed.

The subject fields indicate the account on the local system which requested the logon. This is most commonly a service such as the Server service, or a local process such as CF8F9E2.exe or CF8F9E2.exe.

The logon type field indicates the kind of logon that occurred. The most common types are 2 (interactive) and 3 (network).

The New Logon fields indicate the account for whom the new logon was created, i.e. the account that was logged on.

The network fields indicate where a remote logon request originated. Workstation name is not always available and may be left blank in some cases.

The impersonation level field indicates the extent to which a process in the logon session can impersonate.

The authentication information fields provide detailed information about this specific logon request.
	- Logon GUID is a unique identifier that can be used to correlate this event with a KDC event.
	- Transited services indicate which intermediate services have participated in this logon request.
	- Package name indicates which sub-protocol was used among the NTLM protocols.
	- Key length indicates the length of the generated session key. This will be 0 if no session key was requested.


02/11/2020 03:31:15 AM
LogName=Security
SourceName=Microsoft Windows security auditing.
EventCode=5058
EventType=Information
Type=Information
ComputerName=HOST-001
TaskCategory=Authentication Policy Change
OpCode=Info
RecordNumber=510665416
Keywords=Audit Success
Message=Key file operation.

Subject:
	Security ID:		NT AUTHORITY\SYSTEM
	Account Name:		GUEST
	Account Domain:		abc
	Logon ID:		0xCF0
Cryptographic Parameters:
	Provider Name:	Microsoft Software Key Storage Provider
	Algorithm Name:	UNKNOWN
	Key Name:	D80E83A0-EF75-EF75-EF75-BE615E072A9A
	Key Type: User key.

Key File Operation Information:
	File Path:	win\directory\directory2\EA0090B5C618EC5C7BCE48B2CADCC03E_D80E83A0-EF75-EF75-EF75-BE615E072A9A
	Operation:	Read persisted key from file.
	Return Code:	0xF


02/11/2020 03:27:24 AM
LogName=Security
SourceName=Microsoft Windows security auditing.
EventCode=5061
EventType=Information
Type=Information
ComputerName=HOST-001
TaskCategory=Authentication Policy Change
OpCode=Info
RecordNumber=601779259
Keywords=Audit Success
Message=Cryptographic operation.

Subject:
	Security ID:		abc\def
	Account Name:		ABCDE
	Account Domain:		abc
	Logon ID:		0x7A4
Cryptographic Parameters:
	Provider Name: 0AC5255FD520	
	Algorithm Name:	
	Key Name:	332fe7e7-d709-e3d8-af9e-7236c48f4c55
	Key Type: User key.

Cryptographic Operation:
	Operation:	Open Key.
	Return Code:	0xB


02/11/2020 03:21:57 AM
LogName=Security
SourceName=Microsoft Windows security auditing.
EventCode=4648
EventType=Information
Type=Information
ComputerName=HOST-001
TaskCategory=Authentication Policy Change
OpCode=Info
RecordNumber=281420185
Keywords=Audit Success
Message=A logon was attempted using explicit credentials.

Subject:
	Security ID:		NULL SID
	Account Name:		GUEST
	Account Domain:		abc
	Logon ID:		0x18E	Logon GUID:		4D76

Account Whose Credentials Were Used:
	Account Name:		GUEST
	Account Domain:		abc
	Logon GUID:		4D76

Target Server:
	Target Server Name:	abc
	Additional Information:	abc

Process Information:
	Process ID:		0x18E	Process Name:		aa\bb\cc\dd\3498E1A.exe

Network Information:
	Network Address:	112.13.142.62
	Port:			735

This event is generated when a process attempts to log on an account by explicitly specifying that account’s credentials.  This most commonly occurs in batch-type configurations such as scheduled tasks, or when using the RUNAS command.


02/11/2020 03:20:42 AM
LogName=Security
SourceName=Microsoft Windows security auditing.
EventCode=4798
EventType=Information
Type=Information
ComputerName=HOST-001
TaskCategory=Authentication Policy Change
OpCode=Info
RecordNumber=203052206
Keywords=Audit Success
Message=A User's local group membership was enumerated.

Subject:
	Security ID:		WINDOWS\SERVER2012$
	Account Name:		ADMINISTRATOR
	Account Domain:		abc
	Logon ID:		0xC51
User:
	Security ID:		WINDOWS\SERVER2012$
	Account Name:		ADMINISTRATOR
	Account Domain:		abc

Process Information:
	Process ID:		0x16c4
	Process Name:		win\directory\directory2\4AA1690.exe


02/11/2020 03:14:33 AM
LogName=Security
SourceName=Microsoft Windows security auditing.
EventCode=5058
EventType=Information
Type=Information
ComputerName=HOST-001
TaskCategory=Authentication Policy Change
OpCode=Info
RecordNumber=987909366
Keywords=Audit Success
Message=Key file operation.

Subject:
	Security ID:		WINDOWS\SERVER2012$
	Account Name:		GUEST
	Account Domain:		abc
	Logon ID:		0x618
Cryptographic Parameters:
	Provider Name:	Microsoft Software Key Storage Provider
	Algorithm Name:	UNKNOWN
	Key Name:	55F559F7-6321-6321-6321-64E04E1A5B2E
	Key Type: User key.

Key File Operation Information:
	File Path:	aa\bb\cc\dd\F8232B8934AF84477C08022555C9F183_55F559F7-6321-6321-6321-64E04E1A5B2E
	Operation:	Read persisted key from file.
	Return Code:	0x8


02/11/2020 03:12:53 AM
LogName=Security
SourceName=Microsoft Windows security auditing.
EventCode=4672
EventType=Information
Type=Information
ComputerName=HOST-001
TaskCategory=Authentication Policy Change
OpCode=Info
RecordNumber=25390139
Keywords=Audit Success
Message=Special privileges assigned to new logon.

Subject:
	Security ID:		NT AUTHORITY\SYSTEM
	Account Name:		ADMINISTRATOR
	Account Domain:		abc
	Logon ID:		0xD3E
Privileges:		SeAssignPrimaryTokenPrivilege
			SeTcbPrivilege
			SeSecurityPrivilege
			SeTakeOwnershipPrivilege
			SeLoadDriverPrivilege
			SeBackupPrivilege
			SeRestorePrivilege
			SeDebugPrivilege
			SeAuditPrivilege
			SeSystemEnvironmentPrivilege
			SeImpersonatePrivilege
			SeDelegateSessionUserImpersonatePrivilege


02/11/2020 03:12:24 AM
LogName=Security
SourceName=Microsoft Windows security auditing.
EventCode=4625
EventType=Information
Type=Information
ComputerName=HOST-001
TaskCategory=Authentication Policy Change
OpCode=Info
RecordNumber=787458863
Keywords=Audit Success
Message=An account failed to log on.

Subject:
	Security ID:		abc\def
	Account Name:		ABCDE
	Account Domain:		abc
	Logon ID:		0xA

Logon Type:		2

Account For Which Logon Failed:
	Security ID:		abc\def
	Account Name:		ABCDE
	Account Domain:		abc

Failure Information:
	Failure Reason:		Unknown User name or bad password.
	Status:			0xC210B7CE
	Sub Status:		0xC210B7CE

Process Information:
	Caller Process ID:	0xA
	Caller Process Name:	-

Network Information:
	Workstation Name:	-
	Source Network Address:	12.223.50.51
	Source Port:		61804

Detailed Authentication Information:
	Logon Process:		C210B7CE 
	Authentication Package:	Negotiate
	Transited Services:	-
	Package Name (NTLM only):	-
	Key Length:		2

This event is generated when a logon request fails. It is generated on the computer where access was attempted.

The Subject fields indicate the account on the local system which requested the logon. This is most commonly a service such as the Server service, or a local process such as FB7CE3D.exe or FB7CE3D.exe.

The Logon Type field indicates the kind of logon that was requested. The most common types are 2 (interactive) and 3 (network).

The Process Information fields indicate which account and process on the system requested the logon.

The Network Information fields indicate where a remote logon request originated. Workstation name is not always available and may be left blank in some cases.

The authentication information fields provide detailed information about this specific logon request.
	- Transited services indicate which intermediate services have participated in this logon request.
	- Package name indicates which sub-protocol was used among the NTLM protocols.
	- Key length indicates the length of the generated session key. This will be 0 if no session key was requested.


02/11/2020 03:12:14 AM
LogName=Security
SourceName=Microsoft Windows security auditing.
EventCode=4634
EventType=Information
Type=Information
ComputerName=HOST-001
TaskCategory=Authentication Policy Change
OpCode=Info
RecordNumber=338892044
Keywords=Audit Success
Message=An account was logged off.

Subject:
	Security ID:		WINDOWS\krbtgt
	Account Name:		GUEST
	Account Domain:		abc
	Logon ID:		0x8221CCE

Logon Type:		6

This event is generated when a logon session is destroyed. It may be positively correlated with a logon event using the Logon ID value. Logon IDs are only unique between reboots on the same computer.


02/11/2020 03:04:01 AM
LogName=Security
SourceName=Microsoft Windows security auditing.
EventCode=4624
EventType=Information
Type=Information
ComputerName=HOST-001
TaskCategory=Authentication Policy Change
OpCode=Info
RecordNumber=368262577
Keywords=Audit Success
Message=An account was successfully logged on.

Subject:
	Security ID:		WINDOWS\krbtgt
	Account Name:		GUEST
	Account Domain:		abc
	Logon ID:		0x801
Logon Information:
	Logon Type:		10
	Restricted Admin Mode:	-
	Virtual Account:		Yes
	Elevated Token:		Yes

Impersonation Level:		Impersonation

New Logon:
	Security ID:		WINDOWS\krbtgt
	Account Name:		GUEST
	Account Domain:		abc
	Logon ID:		0x801	Linked Logon ID:		0x3
	Network Account Name:	-
	Network Account Domain:	-
	Logon GUID:		{A7C523F3-9FA9-9FA9-9FA9-C04BC4E38C68}

Process Information:
	Process ID:		0x801	Process Name:		aa\bb\cc\dd\8AF4ECF.exe

Network Information:
	Workstation Name:	-
	Source Network Address:	-
	Source Port:		53374

Detailed Authentication Information:
	Logon Process:		A7C523F3  
	Authentication Package:	Negotiate
	Transited Services:	-
	Package Name (NTLM only):	-
	Key Length:		10

This event is generated when a logon session is created. It is generated on the computer that was accessed.

The subject fields indicate the account on the local system which requested the logon. This is most commonly a service such as the Server service, or a local process such as 8AF4ECF.exe or 8AF4ECF.exe.

The logon type field indicates the kind of logon that occurred. The most common types are 2 (interactive) and 3 (network).

The New Logon fields indicate the account for whom the new logon was created, i.e. the account that was logged on.

The network fields indicate where a remote logon request originated. Workstation name is not always available and may be left blank in some cases.

The impersonation level field indicates the extent to which a process in the logon session can impersonate.

The authentication information fields provide detailed information about this specific logon request.
	- Logon GUID is a unique identifier that can be used to correlate this event with a KDC event.
	- Transited services indicate which intermediate services have participated in this logon request.
	- Package name indicates which sub-protocol was used among the NTLM protocols.
	- Key length indicates the length of the generated session key. This will be 0 if no session key was requested.


02/11/2020 03:00:37 AM
LogName=Security
SourceName=Microsoft Windows security auditing.
EventCode=4625
EventType=Information
Type=Information
ComputerName=HOST-001
TaskCategory=Authentication Policy Change
OpCode=Info
RecordNumber=920284286
Keywords=Audit Success
Message=An account failed to log on.

Subject:
	Security ID:		WINDOWS\krbtgt
	Account Name:		ADMINISTRATOR
	Account Domain:		abc
	Logon ID:		0xE

Logon Type:		3

Account For Which Logon Failed:
	Security ID:		WINDOWS\krbtgt
	Account Name:		ADMINISTRATOR
	Account Domain:		abc

Failure Information:
	Failure Reason:		Unknown User name or bad password.
	Status:			0x61F19EBD
	Sub Status:		0x61F19EBD

Process Information:
	Caller Process ID:	0xE
	Caller Process Name:	-

Network Information:
	Workstation Name:	-
	Source Network Address:	219.52.103.29
	Source Port:		41422

Detailed Authentication Information:
	Logon Process:		61F19EBD 
	Authentication Package:	NTLM
	Transited Services:	-
	Package Name (NTLM only):	-
	Key Length:		3

This event is generated when a logon request fails. It is generated on the computer where access was attempted.

The Subject fields indicate the account on the local system which requested the logon. This is most commonly a service such as the Server service, or a local process such as 693D827.exe or 693D827.exe.

The Logon Type field indicates the kind of logon that was requested. The most common types are 2 (interactive) and 3 (network).

The Process Information fields indicate which account and process on the system requested the logon.

The Network Information fields indicate where a remote logon request originated. Workstation name is not always available and may be left blank in some cases.

The authentication information fields provide detailed information about this specific logon request.
	- Transited services indicate which intermediate services have participated in this logon request.
	- Package name indicates which sub-protocol was used among the NTLM protocols.
	- Key length indicates the length of the generated session key. This will be 0 if no session key was requested.


02/11/2020 02:58:04 AM
LogName=Security
SourceName=Microsoft Windows security auditing.
EventCode=4634
EventType=Information
Type=Information
ComputerName=HOST-001
TaskCategory=Authentication Policy Change
OpCode=Info
RecordNumber=420796143
Keywords=Audit Success
Message=An account was logged off.

Subject:
	Security ID:		NULL SID
	Account Name:		ABCDE
	Account Domain:		abc
	Logon ID:		0x85463B1

Logon Type:		11

This event is generated when a logon session is destroyed. It may be positively correlated with a logon event using the Logon ID value. Logon IDs are only unique between reboots on the same computer.


02/11/2020 02:54:45 AM
LogName=Security
SourceName=Microsoft Windows security auditing.
EventCode=4634
EventType=Information
Type=Information
ComputerName=HOST-001
TaskCategory=Authentication Policy Change
OpCode=Info
RecordNumber=647588706
Keywords=Audit Success
Message=An account was logged off.

Subject:
	Security ID:		NT AUTHORITY\SYSTEM
	Account Name:		ABCDE
	Account Domain:		abc
	Logon ID:		0xF637829

Logon Type:		7

This event is generated when a logon session is destroyed. It may be positively correlated with a logon event using the Logon ID value. Logon IDs are only unique between reboots on the same computer.


