02/08/2020 11:28:19 PM
LogName=Security
SourceName=Microsoft Windows security auditing.
EventCode=4624
EventType=Information
Type=Information
ComputerName=HOST-001
TaskCategory=Authentication Policy Change
OpCode=Info
RecordNumber=296552572
Keywords=Audit Success
Message=An account was successfully logged on.

Subject:
	Security ID:		WINDOWS\ADSERVER
	Account Name:		ADMINISTRATOR
	Account Domain:		abc
	Logon ID:		0x959
Logon Information:
	Logon Type:		5
	Restricted Admin Mode:	-
	Virtual Account:		No
	Elevated Token:		No

Impersonation Level:		Abcde

New Logon:
	Security ID:		WINDOWS\ADSERVER
	Account Name:		ADMINISTRATOR
	Account Domain:		abc
	Logon ID:		0x959	Linked Logon ID:		0x0
	Network Account Name:	-
	Network Account Domain:	-
	Logon GUID:		{AE594A0F-7474-7474-7474-A3F0F4293912}

Process Information:
	Process ID:		0x959	Process Name:		abc\file\path\0365275.exe

Network Information:
	Workstation Name:	-
	Source Network Address:	-
	Source Port:		32128

Detailed Authentication Information:
	Logon Process:		AE594A0F  
	Authentication Package:	Negotiate
	Transited Services:	-
	Package Name (NTLM only):	-
	Key Length:		5

This event is generated when a logon session is created. It is generated on the computer that was accessed.

The subject fields indicate the account on the local system which requested the logon. This is most commonly a service such as the Server service, or a local process such as 0365275.exe or 0365275.exe.

The logon type field indicates the kind of logon that occurred. The most common types are 2 (interactive) and 3 (network).

The New Logon fields indicate the account for whom the new logon was created, i.e. the account that was logged on.

The network fields indicate where a remote logon request originated. Workstation name is not always available and may be left blank in some cases.

The impersonation level field indicates the extent to which a process in the logon session can impersonate.

The authentication information fields provide detailed information about this specific logon request.
	- Logon GUID is a unique identifier that can be used to correlate this event with a KDC event.
	- Transited services indicate which intermediate services have participated in this logon request.
	- Package name indicates which sub-protocol was used among the NTLM protocols.
	- Key length indicates the length of the generated session key. This will be 0 if no session key was requested.


02/08/2020 11:14:06 PM
LogName=Security
SourceName=Microsoft Windows security auditing.
EventCode=5061
EventType=Information
Type=Information
ComputerName=HOST-001
TaskCategory=Authentication Policy Change
OpCode=Info
RecordNumber=825254933
Keywords=Audit Success
Message=Cryptographic operation.

Subject:
	Security ID:		NULL SID
	Account Name:		GUEST
	Account Domain:		abc
	Logon ID:		0x4A2
Cryptographic Parameters:
	Provider Name: C4CFB9930C2B	
	Algorithm Name:	
	Key Name:	332fe7e7-d709-e3d8-af9e-7236c48f4c55
	Key Type: User key.

Cryptographic Operation:
	Operation:	Open Key.
	Return Code:	0x4


02/08/2020 11:11:39 PM
LogName=Security
SourceName=Microsoft Windows security auditing.
EventCode=5058
EventType=Information
Type=Information
ComputerName=HOST-001
TaskCategory=Authentication Policy Change
OpCode=Info
RecordNumber=795148814
Keywords=Audit Success
Message=Key file operation.

Subject:
	Security ID:		WINDOWS\ADSERVER
	Account Name:		ABCDE
	Account Domain:		abc
	Logon ID:		0xF3F
Cryptographic Parameters:
	Provider Name:	Microsoft Software Key Storage Provider
	Algorithm Name:	UNKNOWN
	Key Name:	E9139BD1-7F12-7F12-7F12-8DD4BD69382B
	Key Type: User key.

Key File Operation Information:
	File Path:	abc\file\path\E4A250280413FDCD85DC8430FF36F4E7_E9139BD1-7F12-7F12-7F12-8DD4BD69382B
	Operation:	Read persisted key from file.
	Return Code:	0x0


02/08/2020 10:57:37 PM
LogName=Security
SourceName=Microsoft Windows security auditing.
EventCode=4798
EventType=Information
Type=Information
ComputerName=HOST-001
TaskCategory=Authentication Policy Change
OpCode=Info
RecordNumber=667300393
Keywords=Audit Success
Message=A User's local group membership was enumerated.

Subject:
	Security ID:		abc\def
	Account Name:		ABCDE
	Account Domain:		abc
	Logon ID:		0xF4D
User:
	Security ID:		abc\def
	Account Name:		ABCDE
	Account Domain:		abc

Process Information:
	Process ID:		0x16c4
	Process Name:		aa\bb\cc\dd\968A0C3.exe


02/08/2020 10:29:06 PM
LogName=Security
SourceName=Microsoft Windows security auditing.
EventCode=4672
EventType=Information
Type=Information
ComputerName=HOST-001
TaskCategory=Authentication Policy Change
OpCode=Info
RecordNumber=643411986
Keywords=Audit Success
Message=Special privileges assigned to new logon.

Subject:
	Security ID:		WINDOWS\krbtgt
	Account Name:		ADMINISTRATOR
	Account Domain:		abc
	Logon ID:		0x3A0
Privileges:		SeAssignPrimaryTokenPrivilege
			SeTcbPrivilege
			SeSecurityPrivilege
			SeTakeOwnershipPrivilege
			SeLoadDriverPrivilege
			SeBackupPrivilege
			SeRestorePrivilege
			SeDebugPrivilege
			SeAuditPrivilege
			SeSystemEnvironmentPrivilege
			SeImpersonatePrivilege
			SeDelegateSessionUserImpersonatePrivilege


02/08/2020 10:28:36 PM
LogName=Security
SourceName=Microsoft Windows security auditing.
EventCode=5061
EventType=Information
Type=Information
ComputerName=HOST-001
TaskCategory=Authentication Policy Change
OpCode=Info
RecordNumber=9102541
Keywords=Audit Success
Message=Cryptographic operation.

Subject:
	Security ID:		NT AUTHORITY\SYSTEM
	Account Name:		ADMINISTRATOR
	Account Domain:		abc
	Logon ID:		0x6BC
Cryptographic Parameters:
	Provider Name: 4E56E2C9F1D4	
	Algorithm Name:	
	Key Name:	332fe7e7-d709-e3d8-af9e-7236c48f4c55
	Key Type: User key.

Cryptographic Operation:
	Operation:	Open Key.
	Return Code:	0xD


02/08/2020 10:27:58 PM
LogName=Security
SourceName=Microsoft Windows security auditing.
EventCode=4672
EventType=Information
Type=Information
ComputerName=HOST-001
TaskCategory=Authentication Policy Change
OpCode=Info
RecordNumber=619380859
Keywords=Audit Success
Message=Special privileges assigned to new logon.

Subject:
	Security ID:		WINDOWS\krbtgt
	Account Name:		GUEST
	Account Domain:		abc
	Logon ID:		0x968
Privileges:		SeAssignPrimaryTokenPrivilege
			SeTcbPrivilege
			SeSecurityPrivilege
			SeTakeOwnershipPrivilege
			SeLoadDriverPrivilege
			SeBackupPrivilege
			SeRestorePrivilege
			SeDebugPrivilege
			SeAuditPrivilege
			SeSystemEnvironmentPrivilege
			SeImpersonatePrivilege
			SeDelegateSessionUserImpersonatePrivilege


02/08/2020 10:24:30 PM
LogName=Security
SourceName=Microsoft Windows security auditing.
EventCode=4634
EventType=Information
Type=Information
ComputerName=HOST-001
TaskCategory=Authentication Policy Change
OpCode=Info
RecordNumber=777453402
Keywords=Audit Success
Message=An account was logged off.

Subject:
	Security ID:		abc\def
	Account Name:		ABCDE
	Account Domain:		abc
	Logon ID:		0x09CA196

Logon Type:		9

This event is generated when a logon session is destroyed. It may be positively correlated with a logon event using the Logon ID value. Logon IDs are only unique between reboots on the same computer.


02/08/2020 10:06:51 PM
LogName=Security
SourceName=Microsoft Windows security auditing.
EventCode=5061
EventType=Information
Type=Information
ComputerName=HOST-001
TaskCategory=Authentication Policy Change
OpCode=Info
RecordNumber=48016455
Keywords=Audit Success
Message=Cryptographic operation.

Subject:
	Security ID:		abc\def
	Account Name:		ADMINISTRATOR
	Account Domain:		abc
	Logon ID:		0xDED
Cryptographic Parameters:
	Provider Name: B42A275C7524	
	Algorithm Name:	
	Key Name:	332fe7e7-d709-e3d8-af9e-7236c48f4c55
	Key Type: User key.

Cryptographic Operation:
	Operation:	Open Key.
	Return Code:	0x5


02/08/2020 10:02:37 PM
LogName=Security
SourceName=Microsoft Windows security auditing.
EventCode=5061
EventType=Information
Type=Information
ComputerName=HOST-001
TaskCategory=Authentication Policy Change
OpCode=Info
RecordNumber=674024053
Keywords=Audit Success
Message=Cryptographic operation.

Subject:
	Security ID:		WINDOWS\SERVER2012$
	Account Name:		ADMINISTRATOR
	Account Domain:		abc
	Logon ID:		0x4A8
Cryptographic Parameters:
	Provider Name: 71D2B355A726	
	Algorithm Name:	
	Key Name:	332fe7e7-d709-e3d8-af9e-7236c48f4c55
	Key Type: User key.

Cryptographic Operation:
	Operation:	Open Key.
	Return Code:	0xE


02/08/2020 10:02:00 PM
LogName=Security
SourceName=Microsoft Windows security auditing.
EventCode=4648
EventType=Information
Type=Information
ComputerName=HOST-001
TaskCategory=Authentication Policy Change
OpCode=Info
RecordNumber=846839442
Keywords=Audit Success
Message=A logon was attempted using explicit credentials.

Subject:
	Security ID:		NONE
	Account Name:		GUEST
	Account Domain:		abc
	Logon ID:		0x6BE	Logon GUID:		BAC3

Account Whose Credentials Were Used:
	Account Name:		GUEST
	Account Domain:		abc
	Logon GUID:		BAC3

Target Server:
	Target Server Name:	abc
	Additional Information:	abc

Process Information:
	Process ID:		0x6BE	Process Name:		aa\bb\cc\dd\8CF51F5.exe

Network Information:
	Network Address:	142.76.70.156
	Port:			403

This event is generated when a process attempts to log on an account by explicitly specifying that account’s credentials.  This most commonly occurs in batch-type configurations such as scheduled tasks, or when using the RUNAS command.


02/08/2020 09:52:56 PM
LogName=Security
SourceName=Microsoft Windows security auditing.
EventCode=5061
EventType=Information
Type=Information
ComputerName=HOST-001
TaskCategory=Authentication Policy Change
OpCode=Info
RecordNumber=571306291
Keywords=Audit Success
Message=Cryptographic operation.

Subject:
	Security ID:		NT AUTHORITY\SYSTEM
	Account Name:		ABCDE
	Account Domain:		abc
	Logon ID:		0x159
Cryptographic Parameters:
	Provider Name: 7F872326E6AA	
	Algorithm Name:	
	Key Name:	332fe7e7-d709-e3d8-af9e-7236c48f4c55
	Key Type: User key.

Cryptographic Operation:
	Operation:	Open Key.
	Return Code:	0xB


02/08/2020 09:50:49 PM
LogName=Security
SourceName=Microsoft Windows security auditing.
EventCode=4634
EventType=Information
Type=Information
ComputerName=HOST-001
TaskCategory=Authentication Policy Change
OpCode=Info
RecordNumber=266741715
Keywords=Audit Success
Message=An account was logged off.

Subject:
	Security ID:		abc\def
	Account Name:		GUEST
	Account Domain:		abc
	Logon ID:		0xADC2623

Logon Type:		16

This event is generated when a logon session is destroyed. It may be positively correlated with a logon event using the Logon ID value. Logon IDs are only unique between reboots on the same computer.


02/08/2020 09:29:27 PM
LogName=Security
SourceName=Microsoft Windows security auditing.
EventCode=4648
EventType=Information
Type=Information
ComputerName=HOST-001
TaskCategory=Authentication Policy Change
OpCode=Info
RecordNumber=758723174
Keywords=Audit Success
Message=A logon was attempted using explicit credentials.

Subject:
	Security ID:		NT AUTHORITY\SYSTEM
	Account Name:		ADMINISTRATOR
	Account Domain:		abc
	Logon ID:		0xE4A	Logon GUID:		A369

Account Whose Credentials Were Used:
	Account Name:		ADMINISTRATOR
	Account Domain:		abc
	Logon GUID:		A369

Target Server:
	Target Server Name:	abc
	Additional Information:	abc

Process Information:
	Process ID:		0xE4A	Process Name:		win\directory\directory2\87373B9.exe

Network Information:
	Network Address:	108.135.205.7
	Port:			622

This event is generated when a process attempts to log on an account by explicitly specifying that account’s credentials.  This most commonly occurs in batch-type configurations such as scheduled tasks, or when using the RUNAS command.


02/08/2020 09:28:41 PM
LogName=Security
SourceName=Microsoft Windows security auditing.
EventCode=4634
EventType=Information
Type=Information
ComputerName=HOST-001
TaskCategory=Authentication Policy Change
OpCode=Info
RecordNumber=745451997
Keywords=Audit Success
Message=An account was logged off.

Subject:
	Security ID:		NT AUTHORITY\SYSTEM
	Account Name:		ABCDE
	Account Domain:		abc
	Logon ID:		0x6FEFBC0

Logon Type:		19

This event is generated when a logon session is destroyed. It may be positively correlated with a logon event using the Logon ID value. Logon IDs are only unique between reboots on the same computer.


02/08/2020 09:26:52 PM
LogName=Security
SourceName=Microsoft Windows security auditing.
EventCode=5058
EventType=Information
Type=Information
ComputerName=HOST-001
TaskCategory=Authentication Policy Change
OpCode=Info
RecordNumber=178306385
Keywords=Audit Success
Message=Key file operation.

Subject:
	Security ID:		WINDOWS\ADSERVER
	Account Name:		GUEST
	Account Domain:		abc
	Logon ID:		0xB86
Cryptographic Parameters:
	Provider Name:	Microsoft Software Key Storage Provider
	Algorithm Name:	UNKNOWN
	Key Name:	C7D66444-3301-3301-3301-D13961CCC40E
	Key Type: User key.

Key File Operation Information:
	File Path:	win\directory\directory2\CC3357087C84EE1C74DE18C966A0DF9A_C7D66444-3301-3301-3301-D13961CCC40E
	Operation:	Read persisted key from file.
	Return Code:	0x3


02/08/2020 09:17:47 PM
LogName=Security
SourceName=Microsoft Windows security auditing.
EventCode=5058
EventType=Information
Type=Information
ComputerName=HOST-001
TaskCategory=Authentication Policy Change
OpCode=Info
RecordNumber=124815386
Keywords=Audit Success
Message=Key file operation.

Subject:
	Security ID:		WINDOWS\ADSERVER
	Account Name:		GUEST
	Account Domain:		abc
	Logon ID:		0x9EF
Cryptographic Parameters:
	Provider Name:	Microsoft Software Key Storage Provider
	Algorithm Name:	UNKNOWN
	Key Name:	7C6C0FD7-ED74-ED74-ED74-31C6D7C4C5FF
	Key Type: User key.

Key File Operation Information:
	File Path:	abc\file\path\13FC4CC6C8017355897636CCB158CE38_7C6C0FD7-ED74-ED74-ED74-31C6D7C4C5FF
	Operation:	Read persisted key from file.
	Return Code:	0x0


02/08/2020 09:16:02 PM
LogName=Security
SourceName=Microsoft Windows security auditing.
EventCode=4672
EventType=Information
Type=Information
ComputerName=HOST-001
TaskCategory=Authentication Policy Change
OpCode=Info
RecordNumber=690101250
Keywords=Audit Success
Message=Special privileges assigned to new logon.

Subject:
	Security ID:		WINDOWS\krbtgt
	Account Name:		GUEST
	Account Domain:		abc
	Logon ID:		0x3CA
Privileges:		SeAssignPrimaryTokenPrivilege
			SeTcbPrivilege
			SeSecurityPrivilege
			SeTakeOwnershipPrivilege
			SeLoadDriverPrivilege
			SeBackupPrivilege
			SeRestorePrivilege
			SeDebugPrivilege
			SeAuditPrivilege
			SeSystemEnvironmentPrivilege
			SeImpersonatePrivilege
			SeDelegateSessionUserImpersonatePrivilege


02/08/2020 09:04:07 PM
LogName=Security
SourceName=Microsoft Windows security auditing.
EventCode=4624
EventType=Information
Type=Information
ComputerName=HOST-001
TaskCategory=Authentication Policy Change
OpCode=Info
RecordNumber=2328851
Keywords=Audit Success
Message=An account was successfully logged on.

Subject:
	Security ID:		NONE
	Account Name:		ADMINISTRATOR
	Account Domain:		abc
	Logon ID:		0x7B9
Logon Information:
	Logon Type:		18
	Restricted Admin Mode:	-
	Virtual Account:		Yes
	Elevated Token:		Yes

Impersonation Level:		Impersonation

New Logon:
	Security ID:		NONE
	Account Name:		ADMINISTRATOR
	Account Domain:		abc
	Logon ID:		0x7B9	Linked Logon ID:		0xC
	Network Account Name:	-
	Network Account Domain:	-
	Logon GUID:		{B148FC75-42F2-42F2-42F2-8F29FB639440}

Process Information:
	Process ID:		0x7B9	Process Name:		win\directory\directory2\BB527B1.exe

Network Information:
	Workstation Name:	-
	Source Network Address:	-
	Source Port:		25909

Detailed Authentication Information:
	Logon Process:		B148FC75  
	Authentication Package:	Negotiate
	Transited Services:	-
	Package Name (NTLM only):	-
	Key Length:		18

This event is generated when a logon session is created. It is generated on the computer that was accessed.

The subject fields indicate the account on the local system which requested the logon. This is most commonly a service such as the Server service, or a local process such as BB527B1.exe or BB527B1.exe.

The logon type field indicates the kind of logon that occurred. The most common types are 2 (interactive) and 3 (network).

The New Logon fields indicate the account for whom the new logon was created, i.e. the account that was logged on.

The network fields indicate where a remote logon request originated. Workstation name is not always available and may be left blank in some cases.

The impersonation level field indicates the extent to which a process in the logon session can impersonate.

The authentication information fields provide detailed information about this specific logon request.
	- Logon GUID is a unique identifier that can be used to correlate this event with a KDC event.
	- Transited services indicate which intermediate services have participated in this logon request.
	- Package name indicates which sub-protocol was used among the NTLM protocols.
	- Key length indicates the length of the generated session key. This will be 0 if no session key was requested.


02/08/2020 08:50:26 PM
LogName=Security
SourceName=Microsoft Windows security auditing.
EventCode=4624
EventType=Information
Type=Information
ComputerName=HOST-001
TaskCategory=Authentication Policy Change
OpCode=Info
RecordNumber=870778595
Keywords=Audit Success
Message=An account was successfully logged on.

Subject:
	Security ID:		WINDOWS\krbtgt
	Account Name:		ABCDE
	Account Domain:		abc
	Logon ID:		0xF6C
Logon Information:
	Logon Type:		5
	Restricted Admin Mode:	-
	Virtual Account:		Yes
	Elevated Token:		Yes

Impersonation Level:		Impersonation

New Logon:
	Security ID:		WINDOWS\krbtgt
	Account Name:		ABCDE
	Account Domain:		abc
	Logon ID:		0xF6C	Linked Logon ID:		0x7
	Network Account Name:	-
	Network Account Domain:	-
	Logon GUID:		{2B7ABCBD-96B1-96B1-96B1-C6754CF568F9}

Process Information:
	Process ID:		0xF6C	Process Name:		aa\bb\cc\dd\9CC2CF5.exe

Network Information:
	Workstation Name:	-
	Source Network Address:	-
	Source Port:		8344

Detailed Authentication Information:
	Logon Process:		2B7ABCBD  
	Authentication Package:	MICROSOFT_AUTHENTICATION_PACKAGE_V1_0
	Transited Services:	-
	Package Name (NTLM only):	-
	Key Length:		5

This event is generated when a logon session is created. It is generated on the computer that was accessed.

The subject fields indicate the account on the local system which requested the logon. This is most commonly a service such as the Server service, or a local process such as 9CC2CF5.exe or 9CC2CF5.exe.

The logon type field indicates the kind of logon that occurred. The most common types are 2 (interactive) and 3 (network).

The New Logon fields indicate the account for whom the new logon was created, i.e. the account that was logged on.

The network fields indicate where a remote logon request originated. Workstation name is not always available and may be left blank in some cases.

The impersonation level field indicates the extent to which a process in the logon session can impersonate.

The authentication information fields provide detailed information about this specific logon request.
	- Logon GUID is a unique identifier that can be used to correlate this event with a KDC event.
	- Transited services indicate which intermediate services have participated in this logon request.
	- Package name indicates which sub-protocol was used among the NTLM protocols.
	- Key length indicates the length of the generated session key. This will be 0 if no session key was requested.


02/08/2020 08:47:41 PM
LogName=Security
SourceName=Microsoft Windows security auditing.
EventCode=5058
EventType=Information
Type=Information
ComputerName=HOST-001
TaskCategory=Authentication Policy Change
OpCode=Info
RecordNumber=593372492
Keywords=Audit Success
Message=Key file operation.

Subject:
	Security ID:		WINDOWS\SERVER2012$
	Account Name:		GUEST
	Account Domain:		abc
	Logon ID:		0x732
Cryptographic Parameters:
	Provider Name:	Microsoft Software Key Storage Provider
	Algorithm Name:	UNKNOWN
	Key Name:	486C25FA-538E-538E-538E-FC3BA9CDDB2C
	Key Type: User key.

Key File Operation Information:
	File Path:	abc\file\path\E8B92A4A0CBFBA037B4264207739CF79_486C25FA-538E-538E-538E-FC3BA9CDDB2C
	Operation:	Read persisted key from file.
	Return Code:	0x0


02/08/2020 08:43:03 PM
LogName=Security
SourceName=Microsoft Windows security auditing.
EventCode=4624
EventType=Information
Type=Information
ComputerName=HOST-001
TaskCategory=Authentication Policy Change
OpCode=Info
RecordNumber=317180920
Keywords=Audit Success
Message=An account was successfully logged on.

Subject:
	Security ID:		NONE
	Account Name:		ABCDE
	Account Domain:		abc
	Logon ID:		0x625
Logon Information:
	Logon Type:		14
	Restricted Admin Mode:	-
	Virtual Account:		No
	Elevated Token:		No

Impersonation Level:		Abcde

New Logon:
	Security ID:		NONE
	Account Name:		ABCDE
	Account Domain:		abc
	Logon ID:		0x625	Linked Logon ID:		0x9
	Network Account Name:	-
	Network Account Domain:	-
	Logon GUID:		{12E2EBBA-58C5-58C5-58C5-9F1C28BB2F85}

Process Information:
	Process ID:		0x625	Process Name:		aa\bb\cc\dd\EB85F61.exe

Network Information:
	Workstation Name:	-
	Source Network Address:	-
	Source Port:		4266

Detailed Authentication Information:
	Logon Process:		12E2EBBA  
	Authentication Package:	Negotiate
	Transited Services:	-
	Package Name (NTLM only):	-
	Key Length:		14

This event is generated when a logon session is created. It is generated on the computer that was accessed.

The subject fields indicate the account on the local system which requested the logon. This is most commonly a service such as the Server service, or a local process such as EB85F61.exe or EB85F61.exe.

The logon type field indicates the kind of logon that occurred. The most common types are 2 (interactive) and 3 (network).

The New Logon fields indicate the account for whom the new logon was created, i.e. the account that was logged on.

The network fields indicate where a remote logon request originated. Workstation name is not always available and may be left blank in some cases.

The impersonation level field indicates the extent to which a process in the logon session can impersonate.

The authentication information fields provide detailed information about this specific logon request.
	- Logon GUID is a unique identifier that can be used to correlate this event with a KDC event.
	- Transited services indicate which intermediate services have participated in this logon request.
	- Package name indicates which sub-protocol was used among the NTLM protocols.
	- Key length indicates the length of the generated session key. This will be 0 if no session key was requested.


02/08/2020 08:39:41 PM
LogName=Security
SourceName=Microsoft Windows security auditing.
EventCode=4625
EventType=Information
Type=Information
ComputerName=HOST-001
TaskCategory=Authentication Policy Change
OpCode=Info
RecordNumber=520982732
Keywords=Audit Success
Message=An account failed to log on.

Subject:
	Security ID:		NT AUTHORITY\SYSTEM
	Account Name:		GUEST
	Account Domain:		abc
	Logon ID:		0xE

Logon Type:		19

Account For Which Logon Failed:
	Security ID:		NT AUTHORITY\SYSTEM
	Account Name:		GUEST
	Account Domain:		abc

Failure Information:
	Failure Reason:		Unknown User name or bad password.
	Status:			0x5376D18F
	Sub Status:		0x5376D18F

Process Information:
	Caller Process ID:	0xE
	Caller Process Name:	-

Network Information:
	Workstation Name:	-
	Source Network Address:	206.173.183.246
	Source Port:		54927

Detailed Authentication Information:
	Logon Process:		5376D18F 
	Authentication Package:	Negotiate
	Transited Services:	-
	Package Name (NTLM only):	-
	Key Length:		19

This event is generated when a logon request fails. It is generated on the computer where access was attempted.

The Subject fields indicate the account on the local system which requested the logon. This is most commonly a service such as the Server service, or a local process such as 4CF423C.exe or 4CF423C.exe.

The Logon Type field indicates the kind of logon that was requested. The most common types are 2 (interactive) and 3 (network).

The Process Information fields indicate which account and process on the system requested the logon.

The Network Information fields indicate where a remote logon request originated. Workstation name is not always available and may be left blank in some cases.

The authentication information fields provide detailed information about this specific logon request.
	- Transited services indicate which intermediate services have participated in this logon request.
	- Package name indicates which sub-protocol was used among the NTLM protocols.
	- Key length indicates the length of the generated session key. This will be 0 if no session key was requested.


02/08/2020 08:29:53 PM
LogName=Security
SourceName=Microsoft Windows security auditing.
EventCode=4625
EventType=Information
Type=Information
ComputerName=HOST-001
TaskCategory=Authentication Policy Change
OpCode=Info
RecordNumber=890046701
Keywords=Audit Success
Message=An account failed to log on.

Subject:
	Security ID:		NULL SID
	Account Name:		GUEST
	Account Domain:		abc
	Logon ID:		0xB

Logon Type:		5

Account For Which Logon Failed:
	Security ID:		NULL SID
	Account Name:		GUEST
	Account Domain:		abc

Failure Information:
	Failure Reason:		Unknown User name or bad password.
	Status:			0x30A43556
	Sub Status:		0x30A43556

Process Information:
	Caller Process ID:	0xB
	Caller Process Name:	-

Network Information:
	Workstation Name:	-
	Source Network Address:	9.73.51.134
	Source Port:		56141

Detailed Authentication Information:
	Logon Process:		30A43556 
	Authentication Package:	MICROSOFT_AUTHENTICATION_PACKAGE_V1_0
	Transited Services:	-
	Package Name (NTLM only):	-
	Key Length:		5

This event is generated when a logon request fails. It is generated on the computer where access was attempted.

The Subject fields indicate the account on the local system which requested the logon. This is most commonly a service such as the Server service, or a local process such as 6D92AA8.exe or 6D92AA8.exe.

The Logon Type field indicates the kind of logon that was requested. The most common types are 2 (interactive) and 3 (network).

The Process Information fields indicate which account and process on the system requested the logon.

The Network Information fields indicate where a remote logon request originated. Workstation name is not always available and may be left blank in some cases.

The authentication information fields provide detailed information about this specific logon request.
	- Transited services indicate which intermediate services have participated in this logon request.
	- Package name indicates which sub-protocol was used among the NTLM protocols.
	- Key length indicates the length of the generated session key. This will be 0 if no session key was requested.


02/08/2020 08:25:07 PM
LogName=Security
SourceName=Microsoft Windows security auditing.
EventCode=4625
EventType=Information
Type=Information
ComputerName=HOST-001
TaskCategory=Authentication Policy Change
OpCode=Info
RecordNumber=205010539
Keywords=Audit Success
Message=An account failed to log on.

Subject:
	Security ID:		WINDOWS\ADSERVER
	Account Name:		ADMINISTRATOR
	Account Domain:		abc
	Logon ID:		0x4

Logon Type:		18

Account For Which Logon Failed:
	Security ID:		WINDOWS\ADSERVER
	Account Name:		ADMINISTRATOR
	Account Domain:		abc

Failure Information:
	Failure Reason:		Unknown User name or bad password.
	Status:			0xFED6942D
	Sub Status:		0xFED6942D

Process Information:
	Caller Process ID:	0x4
	Caller Process Name:	-

Network Information:
	Workstation Name:	-
	Source Network Address:	124.15.68.110
	Source Port:		28848

Detailed Authentication Information:
	Logon Process:		FED6942D 
	Authentication Package:	MICROSOFT_AUTHENTICATION_PACKAGE_V1_0
	Transited Services:	-
	Package Name (NTLM only):	-
	Key Length:		18

This event is generated when a logon request fails. It is generated on the computer where access was attempted.

The Subject fields indicate the account on the local system which requested the logon. This is most commonly a service such as the Server service, or a local process such as 61AA972.exe or 61AA972.exe.

The Logon Type field indicates the kind of logon that was requested. The most common types are 2 (interactive) and 3 (network).

The Process Information fields indicate which account and process on the system requested the logon.

The Network Information fields indicate where a remote logon request originated. Workstation name is not always available and may be left blank in some cases.

The authentication information fields provide detailed information about this specific logon request.
	- Transited services indicate which intermediate services have participated in this logon request.
	- Package name indicates which sub-protocol was used among the NTLM protocols.
	- Key length indicates the length of the generated session key. This will be 0 if no session key was requested.


02/08/2020 08:20:49 PM
LogName=Security
SourceName=Microsoft Windows security auditing.
EventCode=4625
EventType=Information
Type=Information
ComputerName=HOST-001
TaskCategory=Authentication Policy Change
OpCode=Info
RecordNumber=423457132
Keywords=Audit Success
Message=An account failed to log on.

Subject:
	Security ID:		NULL SID
	Account Name:		ABCDE
	Account Domain:		abc
	Logon ID:		0xC

Logon Type:		19

Account For Which Logon Failed:
	Security ID:		NULL SID
	Account Name:		ABCDE
	Account Domain:		abc

Failure Information:
	Failure Reason:		Unknown User name or bad password.
	Status:			0x1D8F915B
	Sub Status:		0x1D8F915B

Process Information:
	Caller Process ID:	0xC
	Caller Process Name:	-

Network Information:
	Workstation Name:	-
	Source Network Address:	216.172.232.180
	Source Port:		48176

Detailed Authentication Information:
	Logon Process:		1D8F915B 
	Authentication Package:	NTLM
	Transited Services:	-
	Package Name (NTLM only):	-
	Key Length:		19

This event is generated when a logon request fails. It is generated on the computer where access was attempted.

The Subject fields indicate the account on the local system which requested the logon. This is most commonly a service such as the Server service, or a local process such as 4F78E07.exe or 4F78E07.exe.

The Logon Type field indicates the kind of logon that was requested. The most common types are 2 (interactive) and 3 (network).

The Process Information fields indicate which account and process on the system requested the logon.

The Network Information fields indicate where a remote logon request originated. Workstation name is not always available and may be left blank in some cases.

The authentication information fields provide detailed information about this specific logon request.
	- Transited services indicate which intermediate services have participated in this logon request.
	- Package name indicates which sub-protocol was used among the NTLM protocols.
	- Key length indicates the length of the generated session key. This will be 0 if no session key was requested.


02/08/2020 08:12:05 PM
LogName=Security
SourceName=Microsoft Windows security auditing.
EventCode=5061
EventType=Information
Type=Information
ComputerName=HOST-001
TaskCategory=Authentication Policy Change
OpCode=Info
RecordNumber=8962943
Keywords=Audit Success
Message=Cryptographic operation.

Subject:
	Security ID:		abc\def
	Account Name:		GUEST
	Account Domain:		abc
	Logon ID:		0x9FC
Cryptographic Parameters:
	Provider Name: 2C01DE709135	
	Algorithm Name:	
	Key Name:	332fe7e7-d709-e3d8-af9e-7236c48f4c55
	Key Type: User key.

Cryptographic Operation:
	Operation:	Open Key.
	Return Code:	0xD


02/08/2020 07:53:39 PM
LogName=Security
SourceName=Microsoft Windows security auditing.
EventCode=5061
EventType=Information
Type=Information
ComputerName=HOST-001
TaskCategory=Authentication Policy Change
OpCode=Info
RecordNumber=130781490
Keywords=Audit Success
Message=Cryptographic operation.

Subject:
	Security ID:		NT AUTHORITY\SYSTEM
	Account Name:		ADMINISTRATOR
	Account Domain:		abc
	Logon ID:		0xDE2
Cryptographic Parameters:
	Provider Name: AB3B57248269	
	Algorithm Name:	
	Key Name:	332fe7e7-d709-e3d8-af9e-7236c48f4c55
	Key Type: User key.

Cryptographic Operation:
	Operation:	Open Key.
	Return Code:	0x9


02/08/2020 07:53:35 PM
LogName=Security
SourceName=Microsoft Windows security auditing.
EventCode=4798
EventType=Information
Type=Information
ComputerName=HOST-001
TaskCategory=Authentication Policy Change
OpCode=Info
RecordNumber=637686850
Keywords=Audit Success
Message=A User's local group membership was enumerated.

Subject:
	Security ID:		WINDOWS\ADSERVER
	Account Name:		ABCDE
	Account Domain:		abc
	Logon ID:		0xB6A
User:
	Security ID:		WINDOWS\ADSERVER
	Account Name:		ABCDE
	Account Domain:		abc

Process Information:
	Process ID:		0x16c4
	Process Name:		win\directory\directory2\15A2468.exe


02/08/2020 07:35:35 PM
LogName=Security
SourceName=Microsoft Windows security auditing.
EventCode=4625
EventType=Information
Type=Information
ComputerName=HOST-001
TaskCategory=Authentication Policy Change
OpCode=Info
RecordNumber=685051180
Keywords=Audit Success
Message=An account failed to log on.

Subject:
	Security ID:		abc\def
	Account Name:		GUEST
	Account Domain:		abc
	Logon ID:		0x1

Logon Type:		12

Account For Which Logon Failed:
	Security ID:		abc\def
	Account Name:		GUEST
	Account Domain:		abc

Failure Information:
	Failure Reason:		Unknown User name or bad password.
	Status:			0xB3E75920
	Sub Status:		0xB3E75920

Process Information:
	Caller Process ID:	0x1
	Caller Process Name:	-

Network Information:
	Workstation Name:	-
	Source Network Address:	70.141.48.225
	Source Port:		19744

Detailed Authentication Information:
	Logon Process:		B3E75920 
	Authentication Package:	MICROSOFT_AUTHENTICATION_PACKAGE_V1_0
	Transited Services:	-
	Package Name (NTLM only):	-
	Key Length:		12

This event is generated when a logon request fails. It is generated on the computer where access was attempted.

The Subject fields indicate the account on the local system which requested the logon. This is most commonly a service such as the Server service, or a local process such as A78DE17.exe or A78DE17.exe.

The Logon Type field indicates the kind of logon that was requested. The most common types are 2 (interactive) and 3 (network).

The Process Information fields indicate which account and process on the system requested the logon.

The Network Information fields indicate where a remote logon request originated. Workstation name is not always available and may be left blank in some cases.

The authentication information fields provide detailed information about this specific logon request.
	- Transited services indicate which intermediate services have participated in this logon request.
	- Package name indicates which sub-protocol was used among the NTLM protocols.
	- Key length indicates the length of the generated session key. This will be 0 if no session key was requested.


02/08/2020 07:15:51 PM
LogName=Security
SourceName=Microsoft Windows security auditing.
EventCode=5061
EventType=Information
Type=Information
ComputerName=HOST-001
TaskCategory=Authentication Policy Change
OpCode=Info
RecordNumber=224952708
Keywords=Audit Success
Message=Cryptographic operation.

Subject:
	Security ID:		WINDOWS\krbtgt
	Account Name:		ADMINISTRATOR
	Account Domain:		abc
	Logon ID:		0x7BC
Cryptographic Parameters:
	Provider Name: B3D5D4FB9EE8	
	Algorithm Name:	
	Key Name:	332fe7e7-d709-e3d8-af9e-7236c48f4c55
	Key Type: User key.

Cryptographic Operation:
	Operation:	Open Key.
	Return Code:	0x0


02/08/2020 06:58:42 PM
LogName=Security
SourceName=Microsoft Windows security auditing.
EventCode=5061
EventType=Information
Type=Information
ComputerName=HOST-001
TaskCategory=Authentication Policy Change
OpCode=Info
RecordNumber=174770543
Keywords=Audit Success
Message=Cryptographic operation.

Subject:
	Security ID:		NULL SID
	Account Name:		ABCDE
	Account Domain:		abc
	Logon ID:		0xB2F
Cryptographic Parameters:
	Provider Name: D380BC7D2995	
	Algorithm Name:	
	Key Name:	332fe7e7-d709-e3d8-af9e-7236c48f4c55
	Key Type: User key.

Cryptographic Operation:
	Operation:	Open Key.
	Return Code:	0x6


02/08/2020 06:55:16 PM
LogName=Security
SourceName=Microsoft Windows security auditing.
EventCode=4648
EventType=Information
Type=Information
ComputerName=HOST-001
TaskCategory=Authentication Policy Change
OpCode=Info
RecordNumber=767069658
Keywords=Audit Success
Message=A logon was attempted using explicit credentials.

Subject:
	Security ID:		WINDOWS\SERVER2012$
	Account Name:		ABCDE
	Account Domain:		abc
	Logon ID:		0xF2B	Logon GUID:		3A81

Account Whose Credentials Were Used:
	Account Name:		ABCDE
	Account Domain:		abc
	Logon GUID:		3A81

Target Server:
	Target Server Name:	abc
	Additional Information:	abc

Process Information:
	Process ID:		0xF2B	Process Name:		aa\bb\cc\dd\F4E999A.exe

Network Information:
	Network Address:	128.180.102.208
	Port:			895

This event is generated when a process attempts to log on an account by explicitly specifying that account’s credentials.  This most commonly occurs in batch-type configurations such as scheduled tasks, or when using the RUNAS command.


02/08/2020 06:48:54 PM
LogName=Security
SourceName=Microsoft Windows security auditing.
EventCode=4624
EventType=Information
Type=Information
ComputerName=HOST-001
TaskCategory=Authentication Policy Change
OpCode=Info
RecordNumber=545317780
Keywords=Audit Success
Message=An account was successfully logged on.

Subject:
	Security ID:		WINDOWS\krbtgt
	Account Name:		ABCDE
	Account Domain:		abc
	Logon ID:		0x5D4
Logon Information:
	Logon Type:		1
	Restricted Admin Mode:	-
	Virtual Account:		Yes
	Elevated Token:		Yes

Impersonation Level:		Impersonation

New Logon:
	Security ID:		WINDOWS\krbtgt
	Account Name:		ABCDE
	Account Domain:		abc
	Logon ID:		0x5D4	Linked Logon ID:		0xD
	Network Account Name:	-
	Network Account Domain:	-
	Logon GUID:		{7D9CCE69-B062-B062-B062-C91954ED03C9}

Process Information:
	Process ID:		0x5D4	Process Name:		win\directory\directory2\C9446A2.exe

Network Information:
	Workstation Name:	-
	Source Network Address:	-
	Source Port:		44100

Detailed Authentication Information:
	Logon Process:		7D9CCE69  
	Authentication Package:	MICROSOFT_AUTHENTICATION_PACKAGE_V1_0
	Transited Services:	-
	Package Name (NTLM only):	-
	Key Length:		1

This event is generated when a logon session is created. It is generated on the computer that was accessed.

The subject fields indicate the account on the local system which requested the logon. This is most commonly a service such as the Server service, or a local process such as C9446A2.exe or C9446A2.exe.

The logon type field indicates the kind of logon that occurred. The most common types are 2 (interactive) and 3 (network).

The New Logon fields indicate the account for whom the new logon was created, i.e. the account that was logged on.

The network fields indicate where a remote logon request originated. Workstation name is not always available and may be left blank in some cases.

The impersonation level field indicates the extent to which a process in the logon session can impersonate.

The authentication information fields provide detailed information about this specific logon request.
	- Logon GUID is a unique identifier that can be used to correlate this event with a KDC event.
	- Transited services indicate which intermediate services have participated in this logon request.
	- Package name indicates which sub-protocol was used among the NTLM protocols.
	- Key length indicates the length of the generated session key. This will be 0 if no session key was requested.


02/08/2020 06:47:57 PM
LogName=Security
SourceName=Microsoft Windows security auditing.
EventCode=4625
EventType=Information
Type=Information
ComputerName=HOST-001
TaskCategory=Authentication Policy Change
OpCode=Info
RecordNumber=578108092
Keywords=Audit Success
Message=An account failed to log on.

Subject:
	Security ID:		NULL SID
	Account Name:		ABCDE
	Account Domain:		abc
	Logon ID:		0x4

Logon Type:		11

Account For Which Logon Failed:
	Security ID:		NULL SID
	Account Name:		ABCDE
	Account Domain:		abc

Failure Information:
	Failure Reason:		Unknown User name or bad password.
	Status:			0x27073563
	Sub Status:		0x27073563

Process Information:
	Caller Process ID:	0x4
	Caller Process Name:	-

Network Information:
	Workstation Name:	-
	Source Network Address:	154.80.78.89
	Source Port:		58426

Detailed Authentication Information:
	Logon Process:		27073563 
	Authentication Package:	Negotiate
	Transited Services:	-
	Package Name (NTLM only):	-
	Key Length:		11

This event is generated when a logon request fails. It is generated on the computer where access was attempted.

The Subject fields indicate the account on the local system which requested the logon. This is most commonly a service such as the Server service, or a local process such as B3CBF56.exe or B3CBF56.exe.

The Logon Type field indicates the kind of logon that was requested. The most common types are 2 (interactive) and 3 (network).

The Process Information fields indicate which account and process on the system requested the logon.

The Network Information fields indicate where a remote logon request originated. Workstation name is not always available and may be left blank in some cases.

The authentication information fields provide detailed information about this specific logon request.
	- Transited services indicate which intermediate services have participated in this logon request.
	- Package name indicates which sub-protocol was used among the NTLM protocols.
	- Key length indicates the length of the generated session key. This will be 0 if no session key was requested.


02/08/2020 06:44:18 PM
LogName=Security
SourceName=Microsoft Windows security auditing.
EventCode=4625
EventType=Information
Type=Information
ComputerName=HOST-001
TaskCategory=Authentication Policy Change
OpCode=Info
RecordNumber=29323766
Keywords=Audit Success
Message=An account failed to log on.

Subject:
	Security ID:		WINDOWS\krbtgt
	Account Name:		ABCDE
	Account Domain:		abc
	Logon ID:		0x5

Logon Type:		0

Account For Which Logon Failed:
	Security ID:		WINDOWS\krbtgt
	Account Name:		ABCDE
	Account Domain:		abc

Failure Information:
	Failure Reason:		Unknown User name or bad password.
	Status:			0x754B8A6D
	Sub Status:		0x754B8A6D

Process Information:
	Caller Process ID:	0x5
	Caller Process Name:	-

Network Information:
	Workstation Name:	-
	Source Network Address:	174.237.5.160
	Source Port:		37794

Detailed Authentication Information:
	Logon Process:		754B8A6D 
	Authentication Package:	NTLM
	Transited Services:	-
	Package Name (NTLM only):	-
	Key Length:		0

This event is generated when a logon request fails. It is generated on the computer where access was attempted.

The Subject fields indicate the account on the local system which requested the logon. This is most commonly a service such as the Server service, or a local process such as 9162606.exe or 9162606.exe.

The Logon Type field indicates the kind of logon that was requested. The most common types are 2 (interactive) and 3 (network).

The Process Information fields indicate which account and process on the system requested the logon.

The Network Information fields indicate where a remote logon request originated. Workstation name is not always available and may be left blank in some cases.

The authentication information fields provide detailed information about this specific logon request.
	- Transited services indicate which intermediate services have participated in this logon request.
	- Package name indicates which sub-protocol was used among the NTLM protocols.
	- Key length indicates the length of the generated session key. This will be 0 if no session key was requested.


02/08/2020 06:40:19 PM
LogName=Security
SourceName=Microsoft Windows security auditing.
EventCode=5058
EventType=Information
Type=Information
ComputerName=HOST-001
TaskCategory=Authentication Policy Change
OpCode=Info
RecordNumber=922405261
Keywords=Audit Success
Message=Key file operation.

Subject:
	Security ID:		NONE
	Account Name:		ABCDE
	Account Domain:		abc
	Logon ID:		0x40D
Cryptographic Parameters:
	Provider Name:	Microsoft Software Key Storage Provider
	Algorithm Name:	UNKNOWN
	Key Name:	181B9DAA-69CD-69CD-69CD-78AC10622551
	Key Type: User key.

Key File Operation Information:
	File Path:	abc\file\path\E2EE4D75360F7D547BB0DB9CCF13AEDC_181B9DAA-69CD-69CD-69CD-78AC10622551
	Operation:	Read persisted key from file.
	Return Code:	0xA


02/08/2020 06:39:13 PM
LogName=Security
SourceName=Microsoft Windows security auditing.
EventCode=4634
EventType=Information
Type=Information
ComputerName=HOST-001
TaskCategory=Authentication Policy Change
OpCode=Info
RecordNumber=282736023
Keywords=Audit Success
Message=An account was logged off.

Subject:
	Security ID:		abc\def
	Account Name:		ADMINISTRATOR
	Account Domain:		abc
	Logon ID:		0xCABF6E7

Logon Type:		8

This event is generated when a logon session is destroyed. It may be positively correlated with a logon event using the Logon ID value. Logon IDs are only unique between reboots on the same computer.


02/08/2020 06:34:44 PM
LogName=Security
SourceName=Microsoft Windows security auditing.
EventCode=4625
EventType=Information
Type=Information
ComputerName=HOST-001
TaskCategory=Authentication Policy Change
OpCode=Info
RecordNumber=58000574
Keywords=Audit Success
Message=An account failed to log on.

Subject:
	Security ID:		WINDOWS\ADSERVER
	Account Name:		ADMINISTRATOR
	Account Domain:		abc
	Logon ID:		0x6

Logon Type:		15

Account For Which Logon Failed:
	Security ID:		WINDOWS\ADSERVER
	Account Name:		ADMINISTRATOR
	Account Domain:		abc

Failure Information:
	Failure Reason:		Unknown User name or bad password.
	Status:			0x9DD6986D
	Sub Status:		0x9DD6986D

Process Information:
	Caller Process ID:	0x6
	Caller Process Name:	-

Network Information:
	Workstation Name:	-
	Source Network Address:	65.36.177.181
	Source Port:		58109

Detailed Authentication Information:
	Logon Process:		9DD6986D 
	Authentication Package:	NTLM
	Transited Services:	-
	Package Name (NTLM only):	-
	Key Length:		15

This event is generated when a logon request fails. It is generated on the computer where access was attempted.

The Subject fields indicate the account on the local system which requested the logon. This is most commonly a service such as the Server service, or a local process such as 90F8F19.exe or 90F8F19.exe.

The Logon Type field indicates the kind of logon that was requested. The most common types are 2 (interactive) and 3 (network).

The Process Information fields indicate which account and process on the system requested the logon.

The Network Information fields indicate where a remote logon request originated. Workstation name is not always available and may be left blank in some cases.

The authentication information fields provide detailed information about this specific logon request.
	- Transited services indicate which intermediate services have participated in this logon request.
	- Package name indicates which sub-protocol was used among the NTLM protocols.
	- Key length indicates the length of the generated session key. This will be 0 if no session key was requested.


02/08/2020 06:32:29 PM
LogName=Security
SourceName=Microsoft Windows security auditing.
EventCode=4625
EventType=Information
Type=Information
ComputerName=HOST-001
TaskCategory=Authentication Policy Change
OpCode=Info
RecordNumber=589871241
Keywords=Audit Success
Message=An account failed to log on.

Subject:
	Security ID:		NULL SID
	Account Name:		ADMINISTRATOR
	Account Domain:		abc
	Logon ID:		0xA

Logon Type:		4

Account For Which Logon Failed:
	Security ID:		NULL SID
	Account Name:		ADMINISTRATOR
	Account Domain:		abc

Failure Information:
	Failure Reason:		Unknown User name or bad password.
	Status:			0x51485DD1
	Sub Status:		0x51485DD1

Process Information:
	Caller Process ID:	0xA
	Caller Process Name:	-

Network Information:
	Workstation Name:	-
	Source Network Address:	84.248.102.82
	Source Port:		3559

Detailed Authentication Information:
	Logon Process:		51485DD1 
	Authentication Package:	NTLM
	Transited Services:	-
	Package Name (NTLM only):	-
	Key Length:		4

This event is generated when a logon request fails. It is generated on the computer where access was attempted.

The Subject fields indicate the account on the local system which requested the logon. This is most commonly a service such as the Server service, or a local process such as 9E2239E.exe or 9E2239E.exe.

The Logon Type field indicates the kind of logon that was requested. The most common types are 2 (interactive) and 3 (network).

The Process Information fields indicate which account and process on the system requested the logon.

The Network Information fields indicate where a remote logon request originated. Workstation name is not always available and may be left blank in some cases.

The authentication information fields provide detailed information about this specific logon request.
	- Transited services indicate which intermediate services have participated in this logon request.
	- Package name indicates which sub-protocol was used among the NTLM protocols.
	- Key length indicates the length of the generated session key. This will be 0 if no session key was requested.


