02/10/2020 01:11:53 AM
LogName=Security
SourceName=Microsoft Windows security auditing.
EventCode=4648
EventType=Information
Type=Information
ComputerName=HOST-001
TaskCategory=Authentication Policy Change
OpCode=Info
RecordNumber=573101131
Keywords=Audit Success
Message=A logon was attempted using explicit credentials.

Subject:
	Security ID:		NT AUTHORITY\SYSTEM
	Account Name:		ABCDE
	Account Domain:		abc
	Logon ID:		0x00F	Logon GUID:		3EC3

Account Whose Credentials Were Used:
	Account Name:		ABCDE
	Account Domain:		abc
	Logon GUID:		3EC3

Target Server:
	Target Server Name:	abc
	Additional Information:	abc

Process Information:
	Process ID:		0x00F	Process Name:		abc\file\path\563588C.exe

Network Information:
	Network Address:	191.180.144.101
	Port:			156

This event is generated when a process attempts to log on an account by explicitly specifying that account’s credentials.  This most commonly occurs in batch-type configurations such as scheduled tasks, or when using the RUNAS command.


02/10/2020 01:10:13 AM
LogName=Security
SourceName=Microsoft Windows security auditing.
EventCode=4624
EventType=Information
Type=Information
ComputerName=HOST-001
TaskCategory=Authentication Policy Change
OpCode=Info
RecordNumber=9386092
Keywords=Audit Success
Message=An account was successfully logged on.

Subject:
	Security ID:		abc\def
	Account Name:		ABCDE
	Account Domain:		abc
	Logon ID:		0xECD
Logon Information:
	Logon Type:		13
	Restricted Admin Mode:	-
	Virtual Account:		Yes
	Elevated Token:		Yes

Impersonation Level:		Impersonation

New Logon:
	Security ID:		abc\def
	Account Name:		ABCDE
	Account Domain:		abc
	Logon ID:		0xECD	Linked Logon ID:		0x4
	Network Account Name:	-
	Network Account Domain:	-
	Logon GUID:		{70DB495A-27C1-27C1-27C1-240073CFE4EF}

Process Information:
	Process ID:		0xECD	Process Name:		aa\bb\cc\dd\390D1F8.exe

Network Information:
	Workstation Name:	-
	Source Network Address:	-
	Source Port:		17176

Detailed Authentication Information:
	Logon Process:		70DB495A  
	Authentication Package:	NTLM
	Transited Services:	-
	Package Name (NTLM only):	-
	Key Length:		13

This event is generated when a logon session is created. It is generated on the computer that was accessed.

The subject fields indicate the account on the local system which requested the logon. This is most commonly a service such as the Server service, or a local process such as 390D1F8.exe or 390D1F8.exe.

The logon type field indicates the kind of logon that occurred. The most common types are 2 (interactive) and 3 (network).

The New Logon fields indicate the account for whom the new logon was created, i.e. the account that was logged on.

The network fields indicate where a remote logon request originated. Workstation name is not always available and may be left blank in some cases.

The impersonation level field indicates the extent to which a process in the logon session can impersonate.

The authentication information fields provide detailed information about this specific logon request.
	- Logon GUID is a unique identifier that can be used to correlate this event with a KDC event.
	- Transited services indicate which intermediate services have participated in this logon request.
	- Package name indicates which sub-protocol was used among the NTLM protocols.
	- Key length indicates the length of the generated session key. This will be 0 if no session key was requested.


02/10/2020 12:37:54 AM
LogName=Security
SourceName=Microsoft Windows security auditing.
EventCode=4625
EventType=Information
Type=Information
ComputerName=HOST-001
TaskCategory=Authentication Policy Change
OpCode=Info
RecordNumber=772566123
Keywords=Audit Success
Message=An account failed to log on.

Subject:
	Security ID:		NONE
	Account Name:		GUEST
	Account Domain:		abc
	Logon ID:		0xF

Logon Type:		8

Account For Which Logon Failed:
	Security ID:		NONE
	Account Name:		GUEST
	Account Domain:		abc

Failure Information:
	Failure Reason:		Unknown User name or bad password.
	Status:			0xDDFAB7B6
	Sub Status:		0xDDFAB7B6

Process Information:
	Caller Process ID:	0xF
	Caller Process Name:	-

Network Information:
	Workstation Name:	-
	Source Network Address:	167.72.41.6
	Source Port:		18973

Detailed Authentication Information:
	Logon Process:		DDFAB7B6 
	Authentication Package:	Negotiate
	Transited Services:	-
	Package Name (NTLM only):	-
	Key Length:		8

This event is generated when a logon request fails. It is generated on the computer where access was attempted.

The Subject fields indicate the account on the local system which requested the logon. This is most commonly a service such as the Server service, or a local process such as 4CFBDF6.exe or 4CFBDF6.exe.

The Logon Type field indicates the kind of logon that was requested. The most common types are 2 (interactive) and 3 (network).

The Process Information fields indicate which account and process on the system requested the logon.

The Network Information fields indicate where a remote logon request originated. Workstation name is not always available and may be left blank in some cases.

The authentication information fields provide detailed information about this specific logon request.
	- Transited services indicate which intermediate services have participated in this logon request.
	- Package name indicates which sub-protocol was used among the NTLM protocols.
	- Key length indicates the length of the generated session key. This will be 0 if no session key was requested.


02/10/2020 12:28:12 AM
LogName=Security
SourceName=Microsoft Windows security auditing.
EventCode=4672
EventType=Information
Type=Information
ComputerName=HOST-001
TaskCategory=Authentication Policy Change
OpCode=Info
RecordNumber=461021102
Keywords=Audit Success
Message=Special privileges assigned to new logon.

Subject:
	Security ID:		WINDOWS\ADSERVER
	Account Name:		ADMINISTRATOR
	Account Domain:		abc
	Logon ID:		0xA96
Privileges:		SeAssignPrimaryTokenPrivilege
			SeTcbPrivilege
			SeSecurityPrivilege
			SeTakeOwnershipPrivilege
			SeLoadDriverPrivilege
			SeBackupPrivilege
			SeRestorePrivilege
			SeDebugPrivilege
			SeAuditPrivilege
			SeSystemEnvironmentPrivilege
			SeImpersonatePrivilege
			SeDelegateSessionUserImpersonatePrivilege


02/10/2020 12:26:10 AM
LogName=Security
SourceName=Microsoft Windows security auditing.
EventCode=4798
EventType=Information
Type=Information
ComputerName=HOST-001
TaskCategory=Authentication Policy Change
OpCode=Info
RecordNumber=13320566
Keywords=Audit Success
Message=A User's local group membership was enumerated.

Subject:
	Security ID:		NT AUTHORITY\SYSTEM
	Account Name:		ABCDE
	Account Domain:		abc
	Logon ID:		0xE03
User:
	Security ID:		NT AUTHORITY\SYSTEM
	Account Name:		ABCDE
	Account Domain:		abc

Process Information:
	Process ID:		0x16c4
	Process Name:		abc\file\path\BB8467F.exe


02/10/2020 12:25:02 AM
LogName=Security
SourceName=Microsoft Windows security auditing.
EventCode=4624
EventType=Information
Type=Information
ComputerName=HOST-001
TaskCategory=Authentication Policy Change
OpCode=Info
RecordNumber=894408018
Keywords=Audit Success
Message=An account was successfully logged on.

Subject:
	Security ID:		NT AUTHORITY\SYSTEM
	Account Name:		ADMINISTRATOR
	Account Domain:		abc
	Logon ID:		0xD79
Logon Information:
	Logon Type:		6
	Restricted Admin Mode:	-
	Virtual Account:		No
	Elevated Token:		No

Impersonation Level:		Abcde

New Logon:
	Security ID:		NT AUTHORITY\SYSTEM
	Account Name:		ADMINISTRATOR
	Account Domain:		abc
	Logon ID:		0xD79	Linked Logon ID:		0x4
	Network Account Name:	-
	Network Account Domain:	-
	Logon GUID:		{D813A2DE-E3BD-E3BD-E3BD-6A226247E197}

Process Information:
	Process ID:		0xD79	Process Name:		aa\bb\cc\dd\C4996CD.exe

Network Information:
	Workstation Name:	-
	Source Network Address:	-
	Source Port:		41915

Detailed Authentication Information:
	Logon Process:		D813A2DE  
	Authentication Package:	Negotiate
	Transited Services:	-
	Package Name (NTLM only):	-
	Key Length:		6

This event is generated when a logon session is created. It is generated on the computer that was accessed.

The subject fields indicate the account on the local system which requested the logon. This is most commonly a service such as the Server service, or a local process such as C4996CD.exe or C4996CD.exe.

The logon type field indicates the kind of logon that occurred. The most common types are 2 (interactive) and 3 (network).

The New Logon fields indicate the account for whom the new logon was created, i.e. the account that was logged on.

The network fields indicate where a remote logon request originated. Workstation name is not always available and may be left blank in some cases.

The impersonation level field indicates the extent to which a process in the logon session can impersonate.

The authentication information fields provide detailed information about this specific logon request.
	- Logon GUID is a unique identifier that can be used to correlate this event with a KDC event.
	- Transited services indicate which intermediate services have participated in this logon request.
	- Package name indicates which sub-protocol was used among the NTLM protocols.
	- Key length indicates the length of the generated session key. This will be 0 if no session key was requested.


02/10/2020 12:07:18 AM
LogName=Security
SourceName=Microsoft Windows security auditing.
EventCode=5058
EventType=Information
Type=Information
ComputerName=HOST-001
TaskCategory=Authentication Policy Change
OpCode=Info
RecordNumber=249897698
Keywords=Audit Success
Message=Key file operation.

Subject:
	Security ID:		NT AUTHORITY\SYSTEM
	Account Name:		ABCDE
	Account Domain:		abc
	Logon ID:		0x5F9
Cryptographic Parameters:
	Provider Name:	Microsoft Software Key Storage Provider
	Algorithm Name:	UNKNOWN
	Key Name:	CBD14271-DABC-DABC-DABC-E2CC856DAA37
	Key Type: User key.

Key File Operation Information:
	File Path:	aa\bb\cc\dd\9F72153C3999A1B41CBFF877AF6F5D9E_CBD14271-DABC-DABC-DABC-E2CC856DAA37
	Operation:	Read persisted key from file.
	Return Code:	0xE


02/10/2020 12:04:22 AM
LogName=Security
SourceName=Microsoft Windows security auditing.
EventCode=4648
EventType=Information
Type=Information
ComputerName=HOST-001
TaskCategory=Authentication Policy Change
OpCode=Info
RecordNumber=725376831
Keywords=Audit Success
Message=A logon was attempted using explicit credentials.

Subject:
	Security ID:		NULL SID
	Account Name:		ABCDE
	Account Domain:		abc
	Logon ID:		0x57C	Logon GUID:		EB5F

Account Whose Credentials Were Used:
	Account Name:		ABCDE
	Account Domain:		abc
	Logon GUID:		EB5F

Target Server:
	Target Server Name:	abc
	Additional Information:	abc

Process Information:
	Process ID:		0x57C	Process Name:		aa\bb\cc\dd\0A8099F.exe

Network Information:
	Network Address:	254.237.82.3
	Port:			590

This event is generated when a process attempts to log on an account by explicitly specifying that account’s credentials.  This most commonly occurs in batch-type configurations such as scheduled tasks, or when using the RUNAS command.


02/10/2020 12:00:22 AM
LogName=Security
SourceName=Microsoft Windows security auditing.
EventCode=5061
EventType=Information
Type=Information
ComputerName=HOST-001
TaskCategory=Authentication Policy Change
OpCode=Info
RecordNumber=993759942
Keywords=Audit Success
Message=Cryptographic operation.

Subject:
	Security ID:		WINDOWS\ADSERVER
	Account Name:		ABCDE
	Account Domain:		abc
	Logon ID:		0x4F6
Cryptographic Parameters:
	Provider Name: 1C47C4BA10B1	
	Algorithm Name:	
	Key Name:	332fe7e7-d709-e3d8-af9e-7236c48f4c55
	Key Type: User key.

Cryptographic Operation:
	Operation:	Open Key.
	Return Code:	0xE


02/09/2020 11:53:31 PM
LogName=Security
SourceName=Microsoft Windows security auditing.
EventCode=4798
EventType=Information
Type=Information
ComputerName=HOST-001
TaskCategory=Authentication Policy Change
OpCode=Info
RecordNumber=660277642
Keywords=Audit Success
Message=A User's local group membership was enumerated.

Subject:
	Security ID:		abc\def
	Account Name:		GUEST
	Account Domain:		abc
	Logon ID:		0xEE1
User:
	Security ID:		abc\def
	Account Name:		GUEST
	Account Domain:		abc

Process Information:
	Process ID:		0x16c4
	Process Name:		win\directory\directory2\7D1FE03.exe


02/09/2020 11:25:11 PM
LogName=Security
SourceName=Microsoft Windows security auditing.
EventCode=4634
EventType=Information
Type=Information
ComputerName=HOST-001
TaskCategory=Authentication Policy Change
OpCode=Info
RecordNumber=825881004
Keywords=Audit Success
Message=An account was logged off.

Subject:
	Security ID:		WINDOWS\ADSERVER
	Account Name:		ABCDE
	Account Domain:		abc
	Logon ID:		0xB0D20F3

Logon Type:		11

This event is generated when a logon session is destroyed. It may be positively correlated with a logon event using the Logon ID value. Logon IDs are only unique between reboots on the same computer.


02/09/2020 11:23:31 PM
LogName=Security
SourceName=Microsoft Windows security auditing.
EventCode=4624
EventType=Information
Type=Information
ComputerName=HOST-001
TaskCategory=Authentication Policy Change
OpCode=Info
RecordNumber=131395819
Keywords=Audit Success
Message=An account was successfully logged on.

Subject:
	Security ID:		NT AUTHORITY\SYSTEM
	Account Name:		ABCDE
	Account Domain:		abc
	Logon ID:		0xB9C
Logon Information:
	Logon Type:		4
	Restricted Admin Mode:	-
	Virtual Account:		Yes
	Elevated Token:		Yes

Impersonation Level:		Impersonation

New Logon:
	Security ID:		NT AUTHORITY\SYSTEM
	Account Name:		ABCDE
	Account Domain:		abc
	Logon ID:		0xB9C	Linked Logon ID:		0x6
	Network Account Name:	-
	Network Account Domain:	-
	Logon GUID:		{21D79CA8-E3D6-E3D6-E3D6-58145AE747CC}

Process Information:
	Process ID:		0xB9C	Process Name:		abc\file\path\A706F4F.exe

Network Information:
	Workstation Name:	-
	Source Network Address:	-
	Source Port:		23003

Detailed Authentication Information:
	Logon Process:		21D79CA8  
	Authentication Package:	Negotiate
	Transited Services:	-
	Package Name (NTLM only):	-
	Key Length:		4

This event is generated when a logon session is created. It is generated on the computer that was accessed.

The subject fields indicate the account on the local system which requested the logon. This is most commonly a service such as the Server service, or a local process such as A706F4F.exe or A706F4F.exe.

The logon type field indicates the kind of logon that occurred. The most common types are 2 (interactive) and 3 (network).

The New Logon fields indicate the account for whom the new logon was created, i.e. the account that was logged on.

The network fields indicate where a remote logon request originated. Workstation name is not always available and may be left blank in some cases.

The impersonation level field indicates the extent to which a process in the logon session can impersonate.

The authentication information fields provide detailed information about this specific logon request.
	- Logon GUID is a unique identifier that can be used to correlate this event with a KDC event.
	- Transited services indicate which intermediate services have participated in this logon request.
	- Package name indicates which sub-protocol was used among the NTLM protocols.
	- Key length indicates the length of the generated session key. This will be 0 if no session key was requested.


02/09/2020 11:12:47 PM
LogName=Security
SourceName=Microsoft Windows security auditing.
EventCode=4624
EventType=Information
Type=Information
ComputerName=HOST-001
TaskCategory=Authentication Policy Change
OpCode=Info
RecordNumber=202601210
Keywords=Audit Success
Message=An account was successfully logged on.

Subject:
	Security ID:		NT AUTHORITY\SYSTEM
	Account Name:		ADMINISTRATOR
	Account Domain:		abc
	Logon ID:		0xD3C
Logon Information:
	Logon Type:		16
	Restricted Admin Mode:	-
	Virtual Account:		Yes
	Elevated Token:		Yes

Impersonation Level:		Abcde

New Logon:
	Security ID:		NT AUTHORITY\SYSTEM
	Account Name:		ADMINISTRATOR
	Account Domain:		abc
	Logon ID:		0xD3C	Linked Logon ID:		0x1
	Network Account Name:	-
	Network Account Domain:	-
	Logon GUID:		{B686E37B-8EC6-8EC6-8EC6-B72057FC35BD}

Process Information:
	Process ID:		0xD3C	Process Name:		abc\file\path\7B914A3.exe

Network Information:
	Workstation Name:	-
	Source Network Address:	-
	Source Port:		36672

Detailed Authentication Information:
	Logon Process:		B686E37B  
	Authentication Package:	MICROSOFT_AUTHENTICATION_PACKAGE_V1_0
	Transited Services:	-
	Package Name (NTLM only):	-
	Key Length:		16

This event is generated when a logon session is created. It is generated on the computer that was accessed.

The subject fields indicate the account on the local system which requested the logon. This is most commonly a service such as the Server service, or a local process such as 7B914A3.exe or 7B914A3.exe.

The logon type field indicates the kind of logon that occurred. The most common types are 2 (interactive) and 3 (network).

The New Logon fields indicate the account for whom the new logon was created, i.e. the account that was logged on.

The network fields indicate where a remote logon request originated. Workstation name is not always available and may be left blank in some cases.

The impersonation level field indicates the extent to which a process in the logon session can impersonate.

The authentication information fields provide detailed information about this specific logon request.
	- Logon GUID is a unique identifier that can be used to correlate this event with a KDC event.
	- Transited services indicate which intermediate services have participated in this logon request.
	- Package name indicates which sub-protocol was used among the NTLM protocols.
	- Key length indicates the length of the generated session key. This will be 0 if no session key was requested.


02/09/2020 11:00:53 PM
LogName=Security
SourceName=Microsoft Windows security auditing.
EventCode=4624
EventType=Information
Type=Information
ComputerName=HOST-001
TaskCategory=Authentication Policy Change
OpCode=Info
RecordNumber=347001987
Keywords=Audit Success
Message=An account was successfully logged on.

Subject:
	Security ID:		NT AUTHORITY\SYSTEM
	Account Name:		ADMINISTRATOR
	Account Domain:		abc
	Logon ID:		0xA79
Logon Information:
	Logon Type:		1
	Restricted Admin Mode:	-
	Virtual Account:		Yes
	Elevated Token:		Yes

Impersonation Level:		Abcde

New Logon:
	Security ID:		NT AUTHORITY\SYSTEM
	Account Name:		ADMINISTRATOR
	Account Domain:		abc
	Logon ID:		0xA79	Linked Logon ID:		0xC
	Network Account Name:	-
	Network Account Domain:	-
	Logon GUID:		{7997B8E7-CFF2-CFF2-CFF2-485349CD2880}

Process Information:
	Process ID:		0xA79	Process Name:		aa\bb\cc\dd\7A6DB7B.exe

Network Information:
	Workstation Name:	-
	Source Network Address:	-
	Source Port:		43944

Detailed Authentication Information:
	Logon Process:		7997B8E7  
	Authentication Package:	MICROSOFT_AUTHENTICATION_PACKAGE_V1_0
	Transited Services:	-
	Package Name (NTLM only):	-
	Key Length:		1

This event is generated when a logon session is created. It is generated on the computer that was accessed.

The subject fields indicate the account on the local system which requested the logon. This is most commonly a service such as the Server service, or a local process such as 7A6DB7B.exe or 7A6DB7B.exe.

The logon type field indicates the kind of logon that occurred. The most common types are 2 (interactive) and 3 (network).

The New Logon fields indicate the account for whom the new logon was created, i.e. the account that was logged on.

The network fields indicate where a remote logon request originated. Workstation name is not always available and may be left blank in some cases.

The impersonation level field indicates the extent to which a process in the logon session can impersonate.

The authentication information fields provide detailed information about this specific logon request.
	- Logon GUID is a unique identifier that can be used to correlate this event with a KDC event.
	- Transited services indicate which intermediate services have participated in this logon request.
	- Package name indicates which sub-protocol was used among the NTLM protocols.
	- Key length indicates the length of the generated session key. This will be 0 if no session key was requested.


02/09/2020 10:59:45 PM
LogName=Security
SourceName=Microsoft Windows security auditing.
EventCode=5061
EventType=Information
Type=Information
ComputerName=HOST-001
TaskCategory=Authentication Policy Change
OpCode=Info
RecordNumber=636590847
Keywords=Audit Success
Message=Cryptographic operation.

Subject:
	Security ID:		abc\def
	Account Name:		ABCDE
	Account Domain:		abc
	Logon ID:		0x548
Cryptographic Parameters:
	Provider Name: AA3BEC3F5D49	
	Algorithm Name:	
	Key Name:	332fe7e7-d709-e3d8-af9e-7236c48f4c55
	Key Type: User key.

Cryptographic Operation:
	Operation:	Open Key.
	Return Code:	0x3


02/09/2020 10:59:23 PM
LogName=Security
SourceName=Microsoft Windows security auditing.
EventCode=4634
EventType=Information
Type=Information
ComputerName=HOST-001
TaskCategory=Authentication Policy Change
OpCode=Info
RecordNumber=384130017
Keywords=Audit Success
Message=An account was logged off.

Subject:
	Security ID:		NONE
	Account Name:		ADMINISTRATOR
	Account Domain:		abc
	Logon ID:		0xA6E08AC

Logon Type:		3

This event is generated when a logon session is destroyed. It may be positively correlated with a logon event using the Logon ID value. Logon IDs are only unique between reboots on the same computer.


02/09/2020 10:58:43 PM
LogName=Security
SourceName=Microsoft Windows security auditing.
EventCode=5061
EventType=Information
Type=Information
ComputerName=HOST-001
TaskCategory=Authentication Policy Change
OpCode=Info
RecordNumber=853351687
Keywords=Audit Success
Message=Cryptographic operation.

Subject:
	Security ID:		NULL SID
	Account Name:		GUEST
	Account Domain:		abc
	Logon ID:		0xF08
Cryptographic Parameters:
	Provider Name: 806673D584B4	
	Algorithm Name:	
	Key Name:	332fe7e7-d709-e3d8-af9e-7236c48f4c55
	Key Type: User key.

Cryptographic Operation:
	Operation:	Open Key.
	Return Code:	0xB


02/09/2020 10:57:49 PM
LogName=Security
SourceName=Microsoft Windows security auditing.
EventCode=4648
EventType=Information
Type=Information
ComputerName=HOST-001
TaskCategory=Authentication Policy Change
OpCode=Info
RecordNumber=489715312
Keywords=Audit Success
Message=A logon was attempted using explicit credentials.

Subject:
	Security ID:		WINDOWS\ADSERVER
	Account Name:		ABCDE
	Account Domain:		abc
	Logon ID:		0x438	Logon GUID:		3EC3

Account Whose Credentials Were Used:
	Account Name:		ABCDE
	Account Domain:		abc
	Logon GUID:		3EC3

Target Server:
	Target Server Name:	abc
	Additional Information:	abc

Process Information:
	Process ID:		0x438	Process Name:		abc\file\path\AB728B8.exe

Network Information:
	Network Address:	89.64.115.140
	Port:			29

This event is generated when a process attempts to log on an account by explicitly specifying that account’s credentials.  This most commonly occurs in batch-type configurations such as scheduled tasks, or when using the RUNAS command.


02/09/2020 10:53:48 PM
LogName=Security
SourceName=Microsoft Windows security auditing.
EventCode=5061
EventType=Information
Type=Information
ComputerName=HOST-001
TaskCategory=Authentication Policy Change
OpCode=Info
RecordNumber=957096575
Keywords=Audit Success
Message=Cryptographic operation.

Subject:
	Security ID:		NONE
	Account Name:		GUEST
	Account Domain:		abc
	Logon ID:		0x808
Cryptographic Parameters:
	Provider Name: FA019991F480	
	Algorithm Name:	
	Key Name:	332fe7e7-d709-e3d8-af9e-7236c48f4c55
	Key Type: User key.

Cryptographic Operation:
	Operation:	Open Key.
	Return Code:	0xB


02/09/2020 10:50:29 PM
LogName=Security
SourceName=Microsoft Windows security auditing.
EventCode=4624
EventType=Information
Type=Information
ComputerName=HOST-001
TaskCategory=Authentication Policy Change
OpCode=Info
RecordNumber=125304293
Keywords=Audit Success
Message=An account was successfully logged on.

Subject:
	Security ID:		NULL SID
	Account Name:		ABCDE
	Account Domain:		abc
	Logon ID:		0x138
Logon Information:
	Logon Type:		19
	Restricted Admin Mode:	-
	Virtual Account:		No
	Elevated Token:		No

Impersonation Level:		Abcde

New Logon:
	Security ID:		NULL SID
	Account Name:		ABCDE
	Account Domain:		abc
	Logon ID:		0x138	Linked Logon ID:		0xE
	Network Account Name:	-
	Network Account Domain:	-
	Logon GUID:		{FFCA552B-10CD-10CD-10CD-63280CFB92D4}

Process Information:
	Process ID:		0x138	Process Name:		aa\bb\cc\dd\012EC48.exe

Network Information:
	Workstation Name:	-
	Source Network Address:	-
	Source Port:		37501

Detailed Authentication Information:
	Logon Process:		FFCA552B  
	Authentication Package:	Negotiate
	Transited Services:	-
	Package Name (NTLM only):	-
	Key Length:		19

This event is generated when a logon session is created. It is generated on the computer that was accessed.

The subject fields indicate the account on the local system which requested the logon. This is most commonly a service such as the Server service, or a local process such as 012EC48.exe or 012EC48.exe.

The logon type field indicates the kind of logon that occurred. The most common types are 2 (interactive) and 3 (network).

The New Logon fields indicate the account for whom the new logon was created, i.e. the account that was logged on.

The network fields indicate where a remote logon request originated. Workstation name is not always available and may be left blank in some cases.

The impersonation level field indicates the extent to which a process in the logon session can impersonate.

The authentication information fields provide detailed information about this specific logon request.
	- Logon GUID is a unique identifier that can be used to correlate this event with a KDC event.
	- Transited services indicate which intermediate services have participated in this logon request.
	- Package name indicates which sub-protocol was used among the NTLM protocols.
	- Key length indicates the length of the generated session key. This will be 0 if no session key was requested.


02/09/2020 10:48:04 PM
LogName=Security
SourceName=Microsoft Windows security auditing.
EventCode=4798
EventType=Information
Type=Information
ComputerName=HOST-001
TaskCategory=Authentication Policy Change
OpCode=Info
RecordNumber=518177701
Keywords=Audit Success
Message=A User's local group membership was enumerated.

Subject:
	Security ID:		NT AUTHORITY\SYSTEM
	Account Name:		ABCDE
	Account Domain:		abc
	Logon ID:		0xAEC
User:
	Security ID:		NT AUTHORITY\SYSTEM
	Account Name:		ABCDE
	Account Domain:		abc

Process Information:
	Process ID:		0x16c4
	Process Name:		win\directory\directory2\AA3C300.exe


02/09/2020 10:41:34 PM
LogName=Security
SourceName=Microsoft Windows security auditing.
EventCode=5061
EventType=Information
Type=Information
ComputerName=HOST-001
TaskCategory=Authentication Policy Change
OpCode=Info
RecordNumber=663280532
Keywords=Audit Success
Message=Cryptographic operation.

Subject:
	Security ID:		WINDOWS\krbtgt
	Account Name:		GUEST
	Account Domain:		abc
	Logon ID:		0xB8B
Cryptographic Parameters:
	Provider Name: 33B0F7431609	
	Algorithm Name:	
	Key Name:	332fe7e7-d709-e3d8-af9e-7236c48f4c55
	Key Type: User key.

Cryptographic Operation:
	Operation:	Open Key.
	Return Code:	0xF


02/09/2020 10:36:49 PM
LogName=Security
SourceName=Microsoft Windows security auditing.
EventCode=4624
EventType=Information
Type=Information
ComputerName=HOST-001
TaskCategory=Authentication Policy Change
OpCode=Info
RecordNumber=546388204
Keywords=Audit Success
Message=An account was successfully logged on.

Subject:
	Security ID:		NULL SID
	Account Name:		ADMINISTRATOR
	Account Domain:		abc
	Logon ID:		0xBC3
Logon Information:
	Logon Type:		2
	Restricted Admin Mode:	-
	Virtual Account:		No
	Elevated Token:		No

Impersonation Level:		Impersonation

New Logon:
	Security ID:		NULL SID
	Account Name:		ADMINISTRATOR
	Account Domain:		abc
	Logon ID:		0xBC3	Linked Logon ID:		0x6
	Network Account Name:	-
	Network Account Domain:	-
	Logon GUID:		{49587B60-2124-2124-2124-9C9DD3D65772}

Process Information:
	Process ID:		0xBC3	Process Name:		aa\bb\cc\dd\1FABB43.exe

Network Information:
	Workstation Name:	-
	Source Network Address:	-
	Source Port:		60451

Detailed Authentication Information:
	Logon Process:		49587B60  
	Authentication Package:	MICROSOFT_AUTHENTICATION_PACKAGE_V1_0
	Transited Services:	-
	Package Name (NTLM only):	-
	Key Length:		2

This event is generated when a logon session is created. It is generated on the computer that was accessed.

The subject fields indicate the account on the local system which requested the logon. This is most commonly a service such as the Server service, or a local process such as 1FABB43.exe or 1FABB43.exe.

The logon type field indicates the kind of logon that occurred. The most common types are 2 (interactive) and 3 (network).

The New Logon fields indicate the account for whom the new logon was created, i.e. the account that was logged on.

The network fields indicate where a remote logon request originated. Workstation name is not always available and may be left blank in some cases.

The impersonation level field indicates the extent to which a process in the logon session can impersonate.

The authentication information fields provide detailed information about this specific logon request.
	- Logon GUID is a unique identifier that can be used to correlate this event with a KDC event.
	- Transited services indicate which intermediate services have participated in this logon request.
	- Package name indicates which sub-protocol was used among the NTLM protocols.
	- Key length indicates the length of the generated session key. This will be 0 if no session key was requested.


02/09/2020 10:34:05 PM
LogName=Security
SourceName=Microsoft Windows security auditing.
EventCode=4625
EventType=Information
Type=Information
ComputerName=HOST-001
TaskCategory=Authentication Policy Change
OpCode=Info
RecordNumber=825908723
Keywords=Audit Success
Message=An account failed to log on.

Subject:
	Security ID:		WINDOWS\ADSERVER
	Account Name:		GUEST
	Account Domain:		abc
	Logon ID:		0x7

Logon Type:		17

Account For Which Logon Failed:
	Security ID:		WINDOWS\ADSERVER
	Account Name:		GUEST
	Account Domain:		abc

Failure Information:
	Failure Reason:		Unknown User name or bad password.
	Status:			0x67A93DBF
	Sub Status:		0x67A93DBF

Process Information:
	Caller Process ID:	0x7
	Caller Process Name:	-

Network Information:
	Workstation Name:	-
	Source Network Address:	78.122.4.92
	Source Port:		4947

Detailed Authentication Information:
	Logon Process:		67A93DBF 
	Authentication Package:	MICROSOFT_AUTHENTICATION_PACKAGE_V1_0
	Transited Services:	-
	Package Name (NTLM only):	-
	Key Length:		17

This event is generated when a logon request fails. It is generated on the computer where access was attempted.

The Subject fields indicate the account on the local system which requested the logon. This is most commonly a service such as the Server service, or a local process such as A002135.exe or A002135.exe.

The Logon Type field indicates the kind of logon that was requested. The most common types are 2 (interactive) and 3 (network).

The Process Information fields indicate which account and process on the system requested the logon.

The Network Information fields indicate where a remote logon request originated. Workstation name is not always available and may be left blank in some cases.

The authentication information fields provide detailed information about this specific logon request.
	- Transited services indicate which intermediate services have participated in this logon request.
	- Package name indicates which sub-protocol was used among the NTLM protocols.
	- Key length indicates the length of the generated session key. This will be 0 if no session key was requested.


02/09/2020 10:07:08 PM
LogName=Security
SourceName=Microsoft Windows security auditing.
EventCode=4624
EventType=Information
Type=Information
ComputerName=HOST-001
TaskCategory=Authentication Policy Change
OpCode=Info
RecordNumber=541977584
Keywords=Audit Success
Message=An account was successfully logged on.

Subject:
	Security ID:		NT AUTHORITY\SYSTEM
	Account Name:		ADMINISTRATOR
	Account Domain:		abc
	Logon ID:		0xD35
Logon Information:
	Logon Type:		4
	Restricted Admin Mode:	-
	Virtual Account:		Yes
	Elevated Token:		Yes

Impersonation Level:		Abcde

New Logon:
	Security ID:		NT AUTHORITY\SYSTEM
	Account Name:		ADMINISTRATOR
	Account Domain:		abc
	Logon ID:		0xD35	Linked Logon ID:		0x6
	Network Account Name:	-
	Network Account Domain:	-
	Logon GUID:		{5559C3E5-9BCC-9BCC-9BCC-E8659D670DE8}

Process Information:
	Process ID:		0xD35	Process Name:		abc\file\path\E3BC59B.exe

Network Information:
	Workstation Name:	-
	Source Network Address:	-
	Source Port:		16024

Detailed Authentication Information:
	Logon Process:		5559C3E5  
	Authentication Package:	MICROSOFT_AUTHENTICATION_PACKAGE_V1_0
	Transited Services:	-
	Package Name (NTLM only):	-
	Key Length:		4

This event is generated when a logon session is created. It is generated on the computer that was accessed.

The subject fields indicate the account on the local system which requested the logon. This is most commonly a service such as the Server service, or a local process such as E3BC59B.exe or E3BC59B.exe.

The logon type field indicates the kind of logon that occurred. The most common types are 2 (interactive) and 3 (network).

The New Logon fields indicate the account for whom the new logon was created, i.e. the account that was logged on.

The network fields indicate where a remote logon request originated. Workstation name is not always available and may be left blank in some cases.

The impersonation level field indicates the extent to which a process in the logon session can impersonate.

The authentication information fields provide detailed information about this specific logon request.
	- Logon GUID is a unique identifier that can be used to correlate this event with a KDC event.
	- Transited services indicate which intermediate services have participated in this logon request.
	- Package name indicates which sub-protocol was used among the NTLM protocols.
	- Key length indicates the length of the generated session key. This will be 0 if no session key was requested.


02/09/2020 09:47:28 PM
LogName=Security
SourceName=Microsoft Windows security auditing.
EventCode=5058
EventType=Information
Type=Information
ComputerName=HOST-001
TaskCategory=Authentication Policy Change
OpCode=Info
RecordNumber=914813903
Keywords=Audit Success
Message=Key file operation.

Subject:
	Security ID:		NULL SID
	Account Name:		ADMINISTRATOR
	Account Domain:		abc
	Logon ID:		0x172
Cryptographic Parameters:
	Provider Name:	Microsoft Software Key Storage Provider
	Algorithm Name:	UNKNOWN
	Key Name:	3083ADAD-CFEE-CFEE-CFEE-48DFFE73E9BA
	Key Type: User key.

Key File Operation Information:
	File Path:	abc\file\path\C230F41E7861BE0DFAB77912E73BA371_3083ADAD-CFEE-CFEE-CFEE-48DFFE73E9BA
	Operation:	Read persisted key from file.
	Return Code:	0xE


02/09/2020 09:40:02 PM
LogName=Security
SourceName=Microsoft Windows security auditing.
EventCode=4624
EventType=Information
Type=Information
ComputerName=HOST-001
TaskCategory=Authentication Policy Change
OpCode=Info
RecordNumber=105864316
Keywords=Audit Success
Message=An account was successfully logged on.

Subject:
	Security ID:		WINDOWS\SERVER2012$
	Account Name:		ABCDE
	Account Domain:		abc
	Logon ID:		0x139
Logon Information:
	Logon Type:		9
	Restricted Admin Mode:	-
	Virtual Account:		Yes
	Elevated Token:		Yes

Impersonation Level:		Abcde

New Logon:
	Security ID:		WINDOWS\SERVER2012$
	Account Name:		ABCDE
	Account Domain:		abc
	Logon ID:		0x139	Linked Logon ID:		0xA
	Network Account Name:	-
	Network Account Domain:	-
	Logon GUID:		{1527D139-E909-E909-E909-ED1A0D47D5F0}

Process Information:
	Process ID:		0x139	Process Name:		abc\file\path\480B76D.exe

Network Information:
	Workstation Name:	-
	Source Network Address:	-
	Source Port:		4083

Detailed Authentication Information:
	Logon Process:		1527D139  
	Authentication Package:	Negotiate
	Transited Services:	-
	Package Name (NTLM only):	-
	Key Length:		9

This event is generated when a logon session is created. It is generated on the computer that was accessed.

The subject fields indicate the account on the local system which requested the logon. This is most commonly a service such as the Server service, or a local process such as 480B76D.exe or 480B76D.exe.

The logon type field indicates the kind of logon that occurred. The most common types are 2 (interactive) and 3 (network).

The New Logon fields indicate the account for whom the new logon was created, i.e. the account that was logged on.

The network fields indicate where a remote logon request originated. Workstation name is not always available and may be left blank in some cases.

The impersonation level field indicates the extent to which a process in the logon session can impersonate.

The authentication information fields provide detailed information about this specific logon request.
	- Logon GUID is a unique identifier that can be used to correlate this event with a KDC event.
	- Transited services indicate which intermediate services have participated in this logon request.
	- Package name indicates which sub-protocol was used among the NTLM protocols.
	- Key length indicates the length of the generated session key. This will be 0 if no session key was requested.


02/09/2020 09:14:45 PM
LogName=Security
SourceName=Microsoft Windows security auditing.
EventCode=5058
EventType=Information
Type=Information
ComputerName=HOST-001
TaskCategory=Authentication Policy Change
OpCode=Info
RecordNumber=944237620
Keywords=Audit Success
Message=Key file operation.

Subject:
	Security ID:		abc\def
	Account Name:		ADMINISTRATOR
	Account Domain:		abc
	Logon ID:		0x5B4
Cryptographic Parameters:
	Provider Name:	Microsoft Software Key Storage Provider
	Algorithm Name:	UNKNOWN
	Key Name:	67F561BB-71BF-71BF-71BF-7C719F4DF931
	Key Type: User key.

Key File Operation Information:
	File Path:	abc\file\path\4FCE4378A3350AF8D71EECD1BD60E5BE_67F561BB-71BF-71BF-71BF-7C719F4DF931
	Operation:	Read persisted key from file.
	Return Code:	0x8


02/09/2020 08:59:44 PM
LogName=Security
SourceName=Microsoft Windows security auditing.
EventCode=4798
EventType=Information
Type=Information
ComputerName=HOST-001
TaskCategory=Authentication Policy Change
OpCode=Info
RecordNumber=16279688
Keywords=Audit Success
Message=A User's local group membership was enumerated.

Subject:
	Security ID:		NT AUTHORITY\SYSTEM
	Account Name:		GUEST
	Account Domain:		abc
	Logon ID:		0xBAE
User:
	Security ID:		NT AUTHORITY\SYSTEM
	Account Name:		GUEST
	Account Domain:		abc

Process Information:
	Process ID:		0x16c4
	Process Name:		abc\file\path\369602F.exe


02/09/2020 08:50:51 PM
LogName=Security
SourceName=Microsoft Windows security auditing.
EventCode=4648
EventType=Information
Type=Information
ComputerName=HOST-001
TaskCategory=Authentication Policy Change
OpCode=Info
RecordNumber=440853661
Keywords=Audit Success
Message=A logon was attempted using explicit credentials.

Subject:
	Security ID:		WINDOWS\SERVER2012$
	Account Name:		ADMINISTRATOR
	Account Domain:		abc
	Logon ID:		0xDC5	Logon GUID:		AB37

Account Whose Credentials Were Used:
	Account Name:		ADMINISTRATOR
	Account Domain:		abc
	Logon GUID:		AB37

Target Server:
	Target Server Name:	abc
	Additional Information:	abc

Process Information:
	Process ID:		0xDC5	Process Name:		aa\bb\cc\dd\4BFCCE5.exe

Network Information:
	Network Address:	212.98.50.72
	Port:			24

This event is generated when a process attempts to log on an account by explicitly specifying that account’s credentials.  This most commonly occurs in batch-type configurations such as scheduled tasks, or when using the RUNAS command.


02/09/2020 08:38:55 PM
LogName=Security
SourceName=Microsoft Windows security auditing.
EventCode=4672
EventType=Information
Type=Information
ComputerName=HOST-001
TaskCategory=Authentication Policy Change
OpCode=Info
RecordNumber=582199452
Keywords=Audit Success
Message=Special privileges assigned to new logon.

Subject:
	Security ID:		WINDOWS\ADSERVER
	Account Name:		ADMINISTRATOR
	Account Domain:		abc
	Logon ID:		0x368
Privileges:		SeAssignPrimaryTokenPrivilege
			SeTcbPrivilege
			SeSecurityPrivilege
			SeTakeOwnershipPrivilege
			SeLoadDriverPrivilege
			SeBackupPrivilege
			SeRestorePrivilege
			SeDebugPrivilege
			SeAuditPrivilege
			SeSystemEnvironmentPrivilege
			SeImpersonatePrivilege
			SeDelegateSessionUserImpersonatePrivilege


02/09/2020 08:35:01 PM
LogName=Security
SourceName=Microsoft Windows security auditing.
EventCode=5061
EventType=Information
Type=Information
ComputerName=HOST-001
TaskCategory=Authentication Policy Change
OpCode=Info
RecordNumber=176528193
Keywords=Audit Success
Message=Cryptographic operation.

Subject:
	Security ID:		NT AUTHORITY\SYSTEM
	Account Name:		GUEST
	Account Domain:		abc
	Logon ID:		0xC99
Cryptographic Parameters:
	Provider Name: 66C69F68D51A	
	Algorithm Name:	
	Key Name:	332fe7e7-d709-e3d8-af9e-7236c48f4c55
	Key Type: User key.

Cryptographic Operation:
	Operation:	Open Key.
	Return Code:	0x1


02/09/2020 08:33:49 PM
LogName=Security
SourceName=Microsoft Windows security auditing.
EventCode=4624
EventType=Information
Type=Information
ComputerName=HOST-001
TaskCategory=Authentication Policy Change
OpCode=Info
RecordNumber=225686115
Keywords=Audit Success
Message=An account was successfully logged on.

Subject:
	Security ID:		NT AUTHORITY\SYSTEM
	Account Name:		GUEST
	Account Domain:		abc
	Logon ID:		0x2F2
Logon Information:
	Logon Type:		15
	Restricted Admin Mode:	-
	Virtual Account:		No
	Elevated Token:		No

Impersonation Level:		Abcde

New Logon:
	Security ID:		NT AUTHORITY\SYSTEM
	Account Name:		GUEST
	Account Domain:		abc
	Logon ID:		0x2F2	Linked Logon ID:		0x1
	Network Account Name:	-
	Network Account Domain:	-
	Logon GUID:		{BF65C78E-0299-0299-0299-E2DC6E3E6F75}

Process Information:
	Process ID:		0x2F2	Process Name:		abc\file\path\C5D0B6C.exe

Network Information:
	Workstation Name:	-
	Source Network Address:	-
	Source Port:		13531

Detailed Authentication Information:
	Logon Process:		BF65C78E  
	Authentication Package:	MICROSOFT_AUTHENTICATION_PACKAGE_V1_0
	Transited Services:	-
	Package Name (NTLM only):	-
	Key Length:		15

This event is generated when a logon session is created. It is generated on the computer that was accessed.

The subject fields indicate the account on the local system which requested the logon. This is most commonly a service such as the Server service, or a local process such as C5D0B6C.exe or C5D0B6C.exe.

The logon type field indicates the kind of logon that occurred. The most common types are 2 (interactive) and 3 (network).

The New Logon fields indicate the account for whom the new logon was created, i.e. the account that was logged on.

The network fields indicate where a remote logon request originated. Workstation name is not always available and may be left blank in some cases.

The impersonation level field indicates the extent to which a process in the logon session can impersonate.

The authentication information fields provide detailed information about this specific logon request.
	- Logon GUID is a unique identifier that can be used to correlate this event with a KDC event.
	- Transited services indicate which intermediate services have participated in this logon request.
	- Package name indicates which sub-protocol was used among the NTLM protocols.
	- Key length indicates the length of the generated session key. This will be 0 if no session key was requested.


02/09/2020 08:33:31 PM
LogName=Security
SourceName=Microsoft Windows security auditing.
EventCode=4798
EventType=Information
Type=Information
ComputerName=HOST-001
TaskCategory=Authentication Policy Change
OpCode=Info
RecordNumber=620475702
Keywords=Audit Success
Message=A User's local group membership was enumerated.

Subject:
	Security ID:		NT AUTHORITY\SYSTEM
	Account Name:		GUEST
	Account Domain:		abc
	Logon ID:		0x9F9
User:
	Security ID:		NT AUTHORITY\SYSTEM
	Account Name:		GUEST
	Account Domain:		abc

Process Information:
	Process ID:		0x16c4
	Process Name:		win\directory\directory2\957E1FF.exe


02/09/2020 08:28:53 PM
LogName=Security
SourceName=Microsoft Windows security auditing.
EventCode=4624
EventType=Information
Type=Information
ComputerName=HOST-001
TaskCategory=Authentication Policy Change
OpCode=Info
RecordNumber=719284953
Keywords=Audit Success
Message=An account was successfully logged on.

Subject:
	Security ID:		NT AUTHORITY\SYSTEM
	Account Name:		GUEST
	Account Domain:		abc
	Logon ID:		0x8AD
Logon Information:
	Logon Type:		6
	Restricted Admin Mode:	-
	Virtual Account:		Yes
	Elevated Token:		Yes

Impersonation Level:		Impersonation

New Logon:
	Security ID:		NT AUTHORITY\SYSTEM
	Account Name:		GUEST
	Account Domain:		abc
	Logon ID:		0x8AD	Linked Logon ID:		0x8
	Network Account Name:	-
	Network Account Domain:	-
	Logon GUID:		{BDE4B506-49BB-49BB-49BB-B7556F2A814D}

Process Information:
	Process ID:		0x8AD	Process Name:		abc\file\path\1BD08CB.exe

Network Information:
	Workstation Name:	-
	Source Network Address:	-
	Source Port:		3555

Detailed Authentication Information:
	Logon Process:		BDE4B506  
	Authentication Package:	MICROSOFT_AUTHENTICATION_PACKAGE_V1_0
	Transited Services:	-
	Package Name (NTLM only):	-
	Key Length:		6

This event is generated when a logon session is created. It is generated on the computer that was accessed.

The subject fields indicate the account on the local system which requested the logon. This is most commonly a service such as the Server service, or a local process such as 1BD08CB.exe or 1BD08CB.exe.

The logon type field indicates the kind of logon that occurred. The most common types are 2 (interactive) and 3 (network).

The New Logon fields indicate the account for whom the new logon was created, i.e. the account that was logged on.

The network fields indicate where a remote logon request originated. Workstation name is not always available and may be left blank in some cases.

The impersonation level field indicates the extent to which a process in the logon session can impersonate.

The authentication information fields provide detailed information about this specific logon request.
	- Logon GUID is a unique identifier that can be used to correlate this event with a KDC event.
	- Transited services indicate which intermediate services have participated in this logon request.
	- Package name indicates which sub-protocol was used among the NTLM protocols.
	- Key length indicates the length of the generated session key. This will be 0 if no session key was requested.


02/09/2020 08:22:13 PM
LogName=Security
SourceName=Microsoft Windows security auditing.
EventCode=4672
EventType=Information
Type=Information
ComputerName=HOST-001
TaskCategory=Authentication Policy Change
OpCode=Info
RecordNumber=409869067
Keywords=Audit Success
Message=Special privileges assigned to new logon.

Subject:
	Security ID:		NONE
	Account Name:		ABCDE
	Account Domain:		abc
	Logon ID:		0xC00
Privileges:		SeAssignPrimaryTokenPrivilege
			SeTcbPrivilege
			SeSecurityPrivilege
			SeTakeOwnershipPrivilege
			SeLoadDriverPrivilege
			SeBackupPrivilege
			SeRestorePrivilege
			SeDebugPrivilege
			SeAuditPrivilege
			SeSystemEnvironmentPrivilege
			SeImpersonatePrivilege
			SeDelegateSessionUserImpersonatePrivilege


02/09/2020 08:19:11 PM
LogName=Security
SourceName=Microsoft Windows security auditing.
EventCode=4625
EventType=Information
Type=Information
ComputerName=HOST-001
TaskCategory=Authentication Policy Change
OpCode=Info
RecordNumber=14318317
Keywords=Audit Success
Message=An account failed to log on.

Subject:
	Security ID:		NT AUTHORITY\SYSTEM
	Account Name:		ADMINISTRATOR
	Account Domain:		abc
	Logon ID:		0x4

Logon Type:		15

Account For Which Logon Failed:
	Security ID:		NT AUTHORITY\SYSTEM
	Account Name:		ADMINISTRATOR
	Account Domain:		abc

Failure Information:
	Failure Reason:		Unknown User name or bad password.
	Status:			0xAECB765A
	Sub Status:		0xAECB765A

Process Information:
	Caller Process ID:	0x4
	Caller Process Name:	-

Network Information:
	Workstation Name:	-
	Source Network Address:	82.110.209.206
	Source Port:		5546

Detailed Authentication Information:
	Logon Process:		AECB765A 
	Authentication Package:	NTLM
	Transited Services:	-
	Package Name (NTLM only):	-
	Key Length:		15

This event is generated when a logon request fails. It is generated on the computer where access was attempted.

The Subject fields indicate the account on the local system which requested the logon. This is most commonly a service such as the Server service, or a local process such as 9BC37A1.exe or 9BC37A1.exe.

The Logon Type field indicates the kind of logon that was requested. The most common types are 2 (interactive) and 3 (network).

The Process Information fields indicate which account and process on the system requested the logon.

The Network Information fields indicate where a remote logon request originated. Workstation name is not always available and may be left blank in some cases.

The authentication information fields provide detailed information about this specific logon request.
	- Transited services indicate which intermediate services have participated in this logon request.
	- Package name indicates which sub-protocol was used among the NTLM protocols.
	- Key length indicates the length of the generated session key. This will be 0 if no session key was requested.


