02/09/2020 05:50:46 AM
LogName=Security
SourceName=Microsoft Windows security auditing.
EventCode=4648
EventType=Information
Type=Information
ComputerName=HOST-001
TaskCategory=Authentication Policy Change
OpCode=Info
RecordNumber=349421703
Keywords=Audit Success
Message=A logon was attempted using explicit credentials.

Subject:
	Security ID:		WINDOWS\ADSERVER
	Account Name:		ADMINISTRATOR
	Account Domain:		abc
	Logon ID:		0xCCF	Logon GUID:		BAC3

Account Whose Credentials Were Used:
	Account Name:		ADMINISTRATOR
	Account Domain:		abc
	Logon GUID:		BAC3

Target Server:
	Target Server Name:	abc
	Additional Information:	abc

Process Information:
	Process ID:		0xCCF	Process Name:		abc\file\path\501E364.exe

Network Information:
	Network Address:	81.110.101.194
	Port:			845

This event is generated when a process attempts to log on an account by explicitly specifying that account’s credentials.  This most commonly occurs in batch-type configurations such as scheduled tasks, or when using the RUNAS command.


02/09/2020 05:48:45 AM
LogName=Security
SourceName=Microsoft Windows security auditing.
EventCode=4798
EventType=Information
Type=Information
ComputerName=HOST-001
TaskCategory=Authentication Policy Change
OpCode=Info
RecordNumber=723351092
Keywords=Audit Success
Message=A User's local group membership was enumerated.

Subject:
	Security ID:		WINDOWS\ADSERVER
	Account Name:		ABCDE
	Account Domain:		abc
	Logon ID:		0x665
User:
	Security ID:		WINDOWS\ADSERVER
	Account Name:		ABCDE
	Account Domain:		abc

Process Information:
	Process ID:		0x16c4
	Process Name:		abc\file\path\7BC6078.exe


02/09/2020 05:38:24 AM
LogName=Security
SourceName=Microsoft Windows security auditing.
EventCode=4634
EventType=Information
Type=Information
ComputerName=HOST-001
TaskCategory=Authentication Policy Change
OpCode=Info
RecordNumber=793574543
Keywords=Audit Success
Message=An account was logged off.

Subject:
	Security ID:		WINDOWS\ADSERVER
	Account Name:		ABCDE
	Account Domain:		abc
	Logon ID:		0xC66E5A9

Logon Type:		14

This event is generated when a logon session is destroyed. It may be positively correlated with a logon event using the Logon ID value. Logon IDs are only unique between reboots on the same computer.


02/09/2020 05:34:29 AM
LogName=Security
SourceName=Microsoft Windows security auditing.
EventCode=4798
EventType=Information
Type=Information
ComputerName=HOST-001
TaskCategory=Authentication Policy Change
OpCode=Info
RecordNumber=233239541
Keywords=Audit Success
Message=A User's local group membership was enumerated.

Subject:
	Security ID:		NONE
	Account Name:		GUEST
	Account Domain:		abc
	Logon ID:		0x266
User:
	Security ID:		NONE
	Account Name:		GUEST
	Account Domain:		abc

Process Information:
	Process ID:		0x16c4
	Process Name:		abc\file\path\C7975A1.exe


02/09/2020 05:29:59 AM
LogName=Security
SourceName=Microsoft Windows security auditing.
EventCode=4798
EventType=Information
Type=Information
ComputerName=HOST-001
TaskCategory=Authentication Policy Change
OpCode=Info
RecordNumber=379762983
Keywords=Audit Success
Message=A User's local group membership was enumerated.

Subject:
	Security ID:		NT AUTHORITY\SYSTEM
	Account Name:		GUEST
	Account Domain:		abc
	Logon ID:		0xD66
User:
	Security ID:		NT AUTHORITY\SYSTEM
	Account Name:		GUEST
	Account Domain:		abc

Process Information:
	Process ID:		0x16c4
	Process Name:		abc\file\path\527A584.exe


02/09/2020 05:18:28 AM
LogName=Security
SourceName=Microsoft Windows security auditing.
EventCode=5058
EventType=Information
Type=Information
ComputerName=HOST-001
TaskCategory=Authentication Policy Change
OpCode=Info
RecordNumber=785693462
Keywords=Audit Success
Message=Key file operation.

Subject:
	Security ID:		NULL SID
	Account Name:		GUEST
	Account Domain:		abc
	Logon ID:		0x814
Cryptographic Parameters:
	Provider Name:	Microsoft Software Key Storage Provider
	Algorithm Name:	UNKNOWN
	Key Name:	AC310F82-200E-200E-200E-8CE935C41118
	Key Type: User key.

Key File Operation Information:
	File Path:	aa\bb\cc\dd\8049B9166FCC9FDC6A4CD7F21901B29E_AC310F82-200E-200E-200E-8CE935C41118
	Operation:	Read persisted key from file.
	Return Code:	0x7


02/09/2020 04:59:02 AM
LogName=Security
SourceName=Microsoft Windows security auditing.
EventCode=5058
EventType=Information
Type=Information
ComputerName=HOST-001
TaskCategory=Authentication Policy Change
OpCode=Info
RecordNumber=51916275
Keywords=Audit Success
Message=Key file operation.

Subject:
	Security ID:		NONE
	Account Name:		GUEST
	Account Domain:		abc
	Logon ID:		0x0F3
Cryptographic Parameters:
	Provider Name:	Microsoft Software Key Storage Provider
	Algorithm Name:	UNKNOWN
	Key Name:	B3970098-29B3-29B3-29B3-CB34A35C4D37
	Key Type: User key.

Key File Operation Information:
	File Path:	aa\bb\cc\dd\3A0DE5912B496CD3A36EB5221A9550DD_B3970098-29B3-29B3-29B3-CB34A35C4D37
	Operation:	Read persisted key from file.
	Return Code:	0x6


02/09/2020 04:33:41 AM
LogName=Security
SourceName=Microsoft Windows security auditing.
EventCode=4672
EventType=Information
Type=Information
ComputerName=HOST-001
TaskCategory=Authentication Policy Change
OpCode=Info
RecordNumber=976348281
Keywords=Audit Success
Message=Special privileges assigned to new logon.

Subject:
	Security ID:		abc\def
	Account Name:		GUEST
	Account Domain:		abc
	Logon ID:		0xDAC
Privileges:		SeAssignPrimaryTokenPrivilege
			SeTcbPrivilege
			SeSecurityPrivilege
			SeTakeOwnershipPrivilege
			SeLoadDriverPrivilege
			SeBackupPrivilege
			SeRestorePrivilege
			SeDebugPrivilege
			SeAuditPrivilege
			SeSystemEnvironmentPrivilege
			SeImpersonatePrivilege
			SeDelegateSessionUserImpersonatePrivilege


02/09/2020 04:24:53 AM
LogName=Security
SourceName=Microsoft Windows security auditing.
EventCode=4672
EventType=Information
Type=Information
ComputerName=HOST-001
TaskCategory=Authentication Policy Change
OpCode=Info
RecordNumber=613591895
Keywords=Audit Success
Message=Special privileges assigned to new logon.

Subject:
	Security ID:		WINDOWS\ADSERVER
	Account Name:		ABCDE
	Account Domain:		abc
	Logon ID:		0x972
Privileges:		SeAssignPrimaryTokenPrivilege
			SeTcbPrivilege
			SeSecurityPrivilege
			SeTakeOwnershipPrivilege
			SeLoadDriverPrivilege
			SeBackupPrivilege
			SeRestorePrivilege
			SeDebugPrivilege
			SeAuditPrivilege
			SeSystemEnvironmentPrivilege
			SeImpersonatePrivilege
			SeDelegateSessionUserImpersonatePrivilege


02/09/2020 04:21:27 AM
LogName=Security
SourceName=Microsoft Windows security auditing.
EventCode=4798
EventType=Information
Type=Information
ComputerName=HOST-001
TaskCategory=Authentication Policy Change
OpCode=Info
RecordNumber=304782935
Keywords=Audit Success
Message=A User's local group membership was enumerated.

Subject:
	Security ID:		NULL SID
	Account Name:		ABCDE
	Account Domain:		abc
	Logon ID:		0xF84
User:
	Security ID:		NULL SID
	Account Name:		ABCDE
	Account Domain:		abc

Process Information:
	Process ID:		0x16c4
	Process Name:		abc\file\path\EBA5D1E.exe


02/09/2020 04:20:21 AM
LogName=Security
SourceName=Microsoft Windows security auditing.
EventCode=4648
EventType=Information
Type=Information
ComputerName=HOST-001
TaskCategory=Authentication Policy Change
OpCode=Info
RecordNumber=539827941
Keywords=Audit Success
Message=A logon was attempted using explicit credentials.

Subject:
	Security ID:		WINDOWS\ADSERVER
	Account Name:		GUEST
	Account Domain:		abc
	Logon ID:		0x285	Logon GUID:		3EC3

Account Whose Credentials Were Used:
	Account Name:		GUEST
	Account Domain:		abc
	Logon GUID:		3EC3

Target Server:
	Target Server Name:	abc
	Additional Information:	abc

Process Information:
	Process ID:		0x285	Process Name:		aa\bb\cc\dd\DF739A0.exe

Network Information:
	Network Address:	152.150.202.115
	Port:			418

This event is generated when a process attempts to log on an account by explicitly specifying that account’s credentials.  This most commonly occurs in batch-type configurations such as scheduled tasks, or when using the RUNAS command.


02/09/2020 04:15:42 AM
LogName=Security
SourceName=Microsoft Windows security auditing.
EventCode=4798
EventType=Information
Type=Information
ComputerName=HOST-001
TaskCategory=Authentication Policy Change
OpCode=Info
RecordNumber=631206649
Keywords=Audit Success
Message=A User's local group membership was enumerated.

Subject:
	Security ID:		WINDOWS\krbtgt
	Account Name:		GUEST
	Account Domain:		abc
	Logon ID:		0x483
User:
	Security ID:		WINDOWS\krbtgt
	Account Name:		GUEST
	Account Domain:		abc

Process Information:
	Process ID:		0x16c4
	Process Name:		win\directory\directory2\6E68807.exe


02/09/2020 04:11:29 AM
LogName=Security
SourceName=Microsoft Windows security auditing.
EventCode=4798
EventType=Information
Type=Information
ComputerName=HOST-001
TaskCategory=Authentication Policy Change
OpCode=Info
RecordNumber=316704017
Keywords=Audit Success
Message=A User's local group membership was enumerated.

Subject:
	Security ID:		WINDOWS\SERVER2012$
	Account Name:		GUEST
	Account Domain:		abc
	Logon ID:		0x6A2
User:
	Security ID:		WINDOWS\SERVER2012$
	Account Name:		GUEST
	Account Domain:		abc

Process Information:
	Process ID:		0x16c4
	Process Name:		aa\bb\cc\dd\A3E97D6.exe


02/09/2020 04:10:08 AM
LogName=Security
SourceName=Microsoft Windows security auditing.
EventCode=4634
EventType=Information
Type=Information
ComputerName=HOST-001
TaskCategory=Authentication Policy Change
OpCode=Info
RecordNumber=664362621
Keywords=Audit Success
Message=An account was logged off.

Subject:
	Security ID:		abc\def
	Account Name:		ADMINISTRATOR
	Account Domain:		abc
	Logon ID:		0x63D8444

Logon Type:		0

This event is generated when a logon session is destroyed. It may be positively correlated with a logon event using the Logon ID value. Logon IDs are only unique between reboots on the same computer.


02/09/2020 03:56:57 AM
LogName=Security
SourceName=Microsoft Windows security auditing.
EventCode=4798
EventType=Information
Type=Information
ComputerName=HOST-001
TaskCategory=Authentication Policy Change
OpCode=Info
RecordNumber=106989900
Keywords=Audit Success
Message=A User's local group membership was enumerated.

Subject:
	Security ID:		WINDOWS\ADSERVER
	Account Name:		ABCDE
	Account Domain:		abc
	Logon ID:		0x342
User:
	Security ID:		WINDOWS\ADSERVER
	Account Name:		ABCDE
	Account Domain:		abc

Process Information:
	Process ID:		0x16c4
	Process Name:		win\directory\directory2\D80E880.exe


02/09/2020 03:45:15 AM
LogName=Security
SourceName=Microsoft Windows security auditing.
EventCode=4625
EventType=Information
Type=Information
ComputerName=HOST-001
TaskCategory=Authentication Policy Change
OpCode=Info
RecordNumber=601172488
Keywords=Audit Success
Message=An account failed to log on.

Subject:
	Security ID:		WINDOWS\krbtgt
	Account Name:		ADMINISTRATOR
	Account Domain:		abc
	Logon ID:		0x7

Logon Type:		15

Account For Which Logon Failed:
	Security ID:		WINDOWS\krbtgt
	Account Name:		ADMINISTRATOR
	Account Domain:		abc

Failure Information:
	Failure Reason:		Unknown User name or bad password.
	Status:			0xD2BE8D17
	Sub Status:		0xD2BE8D17

Process Information:
	Caller Process ID:	0x7
	Caller Process Name:	-

Network Information:
	Workstation Name:	-
	Source Network Address:	144.16.147.10
	Source Port:		5849

Detailed Authentication Information:
	Logon Process:		D2BE8D17 
	Authentication Package:	Negotiate
	Transited Services:	-
	Package Name (NTLM only):	-
	Key Length:		15

This event is generated when a logon request fails. It is generated on the computer where access was attempted.

The Subject fields indicate the account on the local system which requested the logon. This is most commonly a service such as the Server service, or a local process such as 7ACBE52.exe or 7ACBE52.exe.

The Logon Type field indicates the kind of logon that was requested. The most common types are 2 (interactive) and 3 (network).

The Process Information fields indicate which account and process on the system requested the logon.

The Network Information fields indicate where a remote logon request originated. Workstation name is not always available and may be left blank in some cases.

The authentication information fields provide detailed information about this specific logon request.
	- Transited services indicate which intermediate services have participated in this logon request.
	- Package name indicates which sub-protocol was used among the NTLM protocols.
	- Key length indicates the length of the generated session key. This will be 0 if no session key was requested.


02/09/2020 03:17:47 AM
LogName=Security
SourceName=Microsoft Windows security auditing.
EventCode=5058
EventType=Information
Type=Information
ComputerName=HOST-001
TaskCategory=Authentication Policy Change
OpCode=Info
RecordNumber=229008926
Keywords=Audit Success
Message=Key file operation.

Subject:
	Security ID:		WINDOWS\SERVER2012$
	Account Name:		GUEST
	Account Domain:		abc
	Logon ID:		0x8D5
Cryptographic Parameters:
	Provider Name:	Microsoft Software Key Storage Provider
	Algorithm Name:	UNKNOWN
	Key Name:	BB714D0A-002C-002C-002C-429360BC4C5B
	Key Type: User key.

Key File Operation Information:
	File Path:	aa\bb\cc\dd\41CAFE77A54D3F56CF39A0362A834522_BB714D0A-002C-002C-002C-429360BC4C5B
	Operation:	Read persisted key from file.
	Return Code:	0xE


02/09/2020 03:15:00 AM
LogName=Security
SourceName=Microsoft Windows security auditing.
EventCode=5058
EventType=Information
Type=Information
ComputerName=HOST-001
TaskCategory=Authentication Policy Change
OpCode=Info
RecordNumber=813706379
Keywords=Audit Success
Message=Key file operation.

Subject:
	Security ID:		WINDOWS\ADSERVER
	Account Name:		GUEST
	Account Domain:		abc
	Logon ID:		0xDB8
Cryptographic Parameters:
	Provider Name:	Microsoft Software Key Storage Provider
	Algorithm Name:	UNKNOWN
	Key Name:	D215747B-796E-796E-796E-D73A759D2668
	Key Type: User key.

Key File Operation Information:
	File Path:	win\directory\directory2\7111076675E9E52B41B9465BA1990293_D215747B-796E-796E-796E-D73A759D2668
	Operation:	Read persisted key from file.
	Return Code:	0x1


02/09/2020 03:13:26 AM
LogName=Security
SourceName=Microsoft Windows security auditing.
EventCode=4625
EventType=Information
Type=Information
ComputerName=HOST-001
TaskCategory=Authentication Policy Change
OpCode=Info
RecordNumber=998855943
Keywords=Audit Success
Message=An account failed to log on.

Subject:
	Security ID:		NT AUTHORITY\SYSTEM
	Account Name:		ADMINISTRATOR
	Account Domain:		abc
	Logon ID:		0x2

Logon Type:		8

Account For Which Logon Failed:
	Security ID:		NT AUTHORITY\SYSTEM
	Account Name:		ADMINISTRATOR
	Account Domain:		abc

Failure Information:
	Failure Reason:		Unknown User name or bad password.
	Status:			0xA5912F68
	Sub Status:		0xA5912F68

Process Information:
	Caller Process ID:	0x2
	Caller Process Name:	-

Network Information:
	Workstation Name:	-
	Source Network Address:	208.83.216.9
	Source Port:		57947

Detailed Authentication Information:
	Logon Process:		A5912F68 
	Authentication Package:	MICROSOFT_AUTHENTICATION_PACKAGE_V1_0
	Transited Services:	-
	Package Name (NTLM only):	-
	Key Length:		8

This event is generated when a logon request fails. It is generated on the computer where access was attempted.

The Subject fields indicate the account on the local system which requested the logon. This is most commonly a service such as the Server service, or a local process such as 9802ABB.exe or 9802ABB.exe.

The Logon Type field indicates the kind of logon that was requested. The most common types are 2 (interactive) and 3 (network).

The Process Information fields indicate which account and process on the system requested the logon.

The Network Information fields indicate where a remote logon request originated. Workstation name is not always available and may be left blank in some cases.

The authentication information fields provide detailed information about this specific logon request.
	- Transited services indicate which intermediate services have participated in this logon request.
	- Package name indicates which sub-protocol was used among the NTLM protocols.
	- Key length indicates the length of the generated session key. This will be 0 if no session key was requested.


02/09/2020 03:12:45 AM
LogName=Security
SourceName=Microsoft Windows security auditing.
EventCode=4624
EventType=Information
Type=Information
ComputerName=HOST-001
TaskCategory=Authentication Policy Change
OpCode=Info
RecordNumber=549162525
Keywords=Audit Success
Message=An account was successfully logged on.

Subject:
	Security ID:		WINDOWS\krbtgt
	Account Name:		GUEST
	Account Domain:		abc
	Logon ID:		0xD6C
Logon Information:
	Logon Type:		15
	Restricted Admin Mode:	-
	Virtual Account:		Yes
	Elevated Token:		Yes

Impersonation Level:		Impersonation

New Logon:
	Security ID:		WINDOWS\krbtgt
	Account Name:		GUEST
	Account Domain:		abc
	Logon ID:		0xD6C	Linked Logon ID:		0x4
	Network Account Name:	-
	Network Account Domain:	-
	Logon GUID:		{3101A4E5-A418-A418-A418-46927E595387}

Process Information:
	Process ID:		0xD6C	Process Name:		aa\bb\cc\dd\F6A34AC.exe

Network Information:
	Workstation Name:	-
	Source Network Address:	-
	Source Port:		16893

Detailed Authentication Information:
	Logon Process:		3101A4E5  
	Authentication Package:	Negotiate
	Transited Services:	-
	Package Name (NTLM only):	-
	Key Length:		15

This event is generated when a logon session is created. It is generated on the computer that was accessed.

The subject fields indicate the account on the local system which requested the logon. This is most commonly a service such as the Server service, or a local process such as F6A34AC.exe or F6A34AC.exe.

The logon type field indicates the kind of logon that occurred. The most common types are 2 (interactive) and 3 (network).

The New Logon fields indicate the account for whom the new logon was created, i.e. the account that was logged on.

The network fields indicate where a remote logon request originated. Workstation name is not always available and may be left blank in some cases.

The impersonation level field indicates the extent to which a process in the logon session can impersonate.

The authentication information fields provide detailed information about this specific logon request.
	- Logon GUID is a unique identifier that can be used to correlate this event with a KDC event.
	- Transited services indicate which intermediate services have participated in this logon request.
	- Package name indicates which sub-protocol was used among the NTLM protocols.
	- Key length indicates the length of the generated session key. This will be 0 if no session key was requested.


02/09/2020 03:08:47 AM
LogName=Security
SourceName=Microsoft Windows security auditing.
EventCode=5058
EventType=Information
Type=Information
ComputerName=HOST-001
TaskCategory=Authentication Policy Change
OpCode=Info
RecordNumber=343774000
Keywords=Audit Success
Message=Key file operation.

Subject:
	Security ID:		NULL SID
	Account Name:		GUEST
	Account Domain:		abc
	Logon ID:		0xC55
Cryptographic Parameters:
	Provider Name:	Microsoft Software Key Storage Provider
	Algorithm Name:	UNKNOWN
	Key Name:	CC517564-CA29-CA29-CA29-FAF8621104CA
	Key Type: User key.

Key File Operation Information:
	File Path:	win\directory\directory2\DA61CF404DCB35B44E0C0E99517CAFA7_CC517564-CA29-CA29-CA29-FAF8621104CA
	Operation:	Read persisted key from file.
	Return Code:	0xA


02/09/2020 03:07:15 AM
LogName=Security
SourceName=Microsoft Windows security auditing.
EventCode=4624
EventType=Information
Type=Information
ComputerName=HOST-001
TaskCategory=Authentication Policy Change
OpCode=Info
RecordNumber=287646223
Keywords=Audit Success
Message=An account was successfully logged on.

Subject:
	Security ID:		NULL SID
	Account Name:		GUEST
	Account Domain:		abc
	Logon ID:		0x388
Logon Information:
	Logon Type:		2
	Restricted Admin Mode:	-
	Virtual Account:		No
	Elevated Token:		No

Impersonation Level:		Impersonation

New Logon:
	Security ID:		NULL SID
	Account Name:		GUEST
	Account Domain:		abc
	Logon ID:		0x388	Linked Logon ID:		0xC
	Network Account Name:	-
	Network Account Domain:	-
	Logon GUID:		{B758EB91-8D1B-8D1B-8D1B-25AC55634361}

Process Information:
	Process ID:		0x388	Process Name:		aa\bb\cc\dd\CF0FED9.exe

Network Information:
	Workstation Name:	-
	Source Network Address:	-
	Source Port:		61122

Detailed Authentication Information:
	Logon Process:		B758EB91  
	Authentication Package:	MICROSOFT_AUTHENTICATION_PACKAGE_V1_0
	Transited Services:	-
	Package Name (NTLM only):	-
	Key Length:		2

This event is generated when a logon session is created. It is generated on the computer that was accessed.

The subject fields indicate the account on the local system which requested the logon. This is most commonly a service such as the Server service, or a local process such as CF0FED9.exe or CF0FED9.exe.

The logon type field indicates the kind of logon that occurred. The most common types are 2 (interactive) and 3 (network).

The New Logon fields indicate the account for whom the new logon was created, i.e. the account that was logged on.

The network fields indicate where a remote logon request originated. Workstation name is not always available and may be left blank in some cases.

The impersonation level field indicates the extent to which a process in the logon session can impersonate.

The authentication information fields provide detailed information about this specific logon request.
	- Logon GUID is a unique identifier that can be used to correlate this event with a KDC event.
	- Transited services indicate which intermediate services have participated in this logon request.
	- Package name indicates which sub-protocol was used among the NTLM protocols.
	- Key length indicates the length of the generated session key. This will be 0 if no session key was requested.


02/09/2020 03:04:57 AM
LogName=Security
SourceName=Microsoft Windows security auditing.
EventCode=4624
EventType=Information
Type=Information
ComputerName=HOST-001
TaskCategory=Authentication Policy Change
OpCode=Info
RecordNumber=760303196
Keywords=Audit Success
Message=An account was successfully logged on.

Subject:
	Security ID:		NT AUTHORITY\SYSTEM
	Account Name:		ADMINISTRATOR
	Account Domain:		abc
	Logon ID:		0xE43
Logon Information:
	Logon Type:		0
	Restricted Admin Mode:	-
	Virtual Account:		Yes
	Elevated Token:		Yes

Impersonation Level:		Impersonation

New Logon:
	Security ID:		NT AUTHORITY\SYSTEM
	Account Name:		ADMINISTRATOR
	Account Domain:		abc
	Logon ID:		0xE43	Linked Logon ID:		0xC
	Network Account Name:	-
	Network Account Domain:	-
	Logon GUID:		{D746B0C5-A873-A873-A873-34F08E218E5B}

Process Information:
	Process ID:		0xE43	Process Name:		aa\bb\cc\dd\B8B29C3.exe

Network Information:
	Workstation Name:	-
	Source Network Address:	-
	Source Port:		38241

Detailed Authentication Information:
	Logon Process:		D746B0C5  
	Authentication Package:	NTLM
	Transited Services:	-
	Package Name (NTLM only):	-
	Key Length:		0

This event is generated when a logon session is created. It is generated on the computer that was accessed.

The subject fields indicate the account on the local system which requested the logon. This is most commonly a service such as the Server service, or a local process such as B8B29C3.exe or B8B29C3.exe.

The logon type field indicates the kind of logon that occurred. The most common types are 2 (interactive) and 3 (network).

The New Logon fields indicate the account for whom the new logon was created, i.e. the account that was logged on.

The network fields indicate where a remote logon request originated. Workstation name is not always available and may be left blank in some cases.

The impersonation level field indicates the extent to which a process in the logon session can impersonate.

The authentication information fields provide detailed information about this specific logon request.
	- Logon GUID is a unique identifier that can be used to correlate this event with a KDC event.
	- Transited services indicate which intermediate services have participated in this logon request.
	- Package name indicates which sub-protocol was used among the NTLM protocols.
	- Key length indicates the length of the generated session key. This will be 0 if no session key was requested.


02/09/2020 03:03:50 AM
LogName=Security
SourceName=Microsoft Windows security auditing.
EventCode=4672
EventType=Information
Type=Information
ComputerName=HOST-001
TaskCategory=Authentication Policy Change
OpCode=Info
RecordNumber=351405948
Keywords=Audit Success
Message=Special privileges assigned to new logon.

Subject:
	Security ID:		WINDOWS\ADSERVER
	Account Name:		ADMINISTRATOR
	Account Domain:		abc
	Logon ID:		0x4FF
Privileges:		SeAssignPrimaryTokenPrivilege
			SeTcbPrivilege
			SeSecurityPrivilege
			SeTakeOwnershipPrivilege
			SeLoadDriverPrivilege
			SeBackupPrivilege
			SeRestorePrivilege
			SeDebugPrivilege
			SeAuditPrivilege
			SeSystemEnvironmentPrivilege
			SeImpersonatePrivilege
			SeDelegateSessionUserImpersonatePrivilege


02/09/2020 03:00:10 AM
LogName=Security
SourceName=Microsoft Windows security auditing.
EventCode=5058
EventType=Information
Type=Information
ComputerName=HOST-001
TaskCategory=Authentication Policy Change
OpCode=Info
RecordNumber=145011351
Keywords=Audit Success
Message=Key file operation.

Subject:
	Security ID:		NT AUTHORITY\SYSTEM
	Account Name:		ADMINISTRATOR
	Account Domain:		abc
	Logon ID:		0xD8D
Cryptographic Parameters:
	Provider Name:	Microsoft Software Key Storage Provider
	Algorithm Name:	UNKNOWN
	Key Name:	2589795D-4339-4339-4339-1BFEFA7D5843
	Key Type: User key.

Key File Operation Information:
	File Path:	abc\file\path\87CA2E899163C3290B1F9F2C4464E774_2589795D-4339-4339-4339-1BFEFA7D5843
	Operation:	Read persisted key from file.
	Return Code:	0x1


02/09/2020 02:58:37 AM
LogName=Security
SourceName=Microsoft Windows security auditing.
EventCode=4798
EventType=Information
Type=Information
ComputerName=HOST-001
TaskCategory=Authentication Policy Change
OpCode=Info
RecordNumber=304449861
Keywords=Audit Success
Message=A User's local group membership was enumerated.

Subject:
	Security ID:		WINDOWS\SERVER2012$
	Account Name:		ADMINISTRATOR
	Account Domain:		abc
	Logon ID:		0xE4F
User:
	Security ID:		WINDOWS\SERVER2012$
	Account Name:		ADMINISTRATOR
	Account Domain:		abc

Process Information:
	Process ID:		0x16c4
	Process Name:		abc\file\path\0E897D6.exe


02/09/2020 02:57:44 AM
LogName=Security
SourceName=Microsoft Windows security auditing.
EventCode=5061
EventType=Information
Type=Information
ComputerName=HOST-001
TaskCategory=Authentication Policy Change
OpCode=Info
RecordNumber=60220616
Keywords=Audit Success
Message=Cryptographic operation.

Subject:
	Security ID:		WINDOWS\krbtgt
	Account Name:		GUEST
	Account Domain:		abc
	Logon ID:		0x065
Cryptographic Parameters:
	Provider Name: F0B9CB45AAC6	
	Algorithm Name:	
	Key Name:	332fe7e7-d709-e3d8-af9e-7236c48f4c55
	Key Type: User key.

Cryptographic Operation:
	Operation:	Open Key.
	Return Code:	0xB


02/09/2020 02:56:50 AM
LogName=Security
SourceName=Microsoft Windows security auditing.
EventCode=4648
EventType=Information
Type=Information
ComputerName=HOST-001
TaskCategory=Authentication Policy Change
OpCode=Info
RecordNumber=684300048
Keywords=Audit Success
Message=A logon was attempted using explicit credentials.

Subject:
	Security ID:		NULL SID
	Account Name:		ABCDE
	Account Domain:		abc
	Logon ID:		0x671	Logon GUID:		5FC9

Account Whose Credentials Were Used:
	Account Name:		ABCDE
	Account Domain:		abc
	Logon GUID:		5FC9

Target Server:
	Target Server Name:	abc
	Additional Information:	abc

Process Information:
	Process ID:		0x671	Process Name:		win\directory\directory2\69382E3.exe

Network Information:
	Network Address:	97.18.202.113
	Port:			36

This event is generated when a process attempts to log on an account by explicitly specifying that account’s credentials.  This most commonly occurs in batch-type configurations such as scheduled tasks, or when using the RUNAS command.


02/09/2020 02:50:19 AM
LogName=Security
SourceName=Microsoft Windows security auditing.
EventCode=4672
EventType=Information
Type=Information
ComputerName=HOST-001
TaskCategory=Authentication Policy Change
OpCode=Info
RecordNumber=752984031
Keywords=Audit Success
Message=Special privileges assigned to new logon.

Subject:
	Security ID:		NONE
	Account Name:		ABCDE
	Account Domain:		abc
	Logon ID:		0xA0A
Privileges:		SeAssignPrimaryTokenPrivilege
			SeTcbPrivilege
			SeSecurityPrivilege
			SeTakeOwnershipPrivilege
			SeLoadDriverPrivilege
			SeBackupPrivilege
			SeRestorePrivilege
			SeDebugPrivilege
			SeAuditPrivilege
			SeSystemEnvironmentPrivilege
			SeImpersonatePrivilege
			SeDelegateSessionUserImpersonatePrivilege


02/09/2020 02:40:06 AM
LogName=Security
SourceName=Microsoft Windows security auditing.
EventCode=4648
EventType=Information
Type=Information
ComputerName=HOST-001
TaskCategory=Authentication Policy Change
OpCode=Info
RecordNumber=626431309
Keywords=Audit Success
Message=A logon was attempted using explicit credentials.

Subject:
	Security ID:		WINDOWS\krbtgt
	Account Name:		ADMINISTRATOR
	Account Domain:		abc
	Logon ID:		0xF04	Logon GUID:		46BA

Account Whose Credentials Were Used:
	Account Name:		ADMINISTRATOR
	Account Domain:		abc
	Logon GUID:		46BA

Target Server:
	Target Server Name:	abc
	Additional Information:	abc

Process Information:
	Process ID:		0xF04	Process Name:		win\directory\directory2\717E91E.exe

Network Information:
	Network Address:	240.182.32.152
	Port:			680

This event is generated when a process attempts to log on an account by explicitly specifying that account’s credentials.  This most commonly occurs in batch-type configurations such as scheduled tasks, or when using the RUNAS command.


02/09/2020 02:37:50 AM
LogName=Security
SourceName=Microsoft Windows security auditing.
EventCode=4672
EventType=Information
Type=Information
ComputerName=HOST-001
TaskCategory=Authentication Policy Change
OpCode=Info
RecordNumber=562447875
Keywords=Audit Success
Message=Special privileges assigned to new logon.

Subject:
	Security ID:		WINDOWS\krbtgt
	Account Name:		GUEST
	Account Domain:		abc
	Logon ID:		0x0C7
Privileges:		SeAssignPrimaryTokenPrivilege
			SeTcbPrivilege
			SeSecurityPrivilege
			SeTakeOwnershipPrivilege
			SeLoadDriverPrivilege
			SeBackupPrivilege
			SeRestorePrivilege
			SeDebugPrivilege
			SeAuditPrivilege
			SeSystemEnvironmentPrivilege
			SeImpersonatePrivilege
			SeDelegateSessionUserImpersonatePrivilege


02/09/2020 02:17:33 AM
LogName=Security
SourceName=Microsoft Windows security auditing.
EventCode=4625
EventType=Information
Type=Information
ComputerName=HOST-001
TaskCategory=Authentication Policy Change
OpCode=Info
RecordNumber=397639497
Keywords=Audit Success
Message=An account failed to log on.

Subject:
	Security ID:		NT AUTHORITY\SYSTEM
	Account Name:		GUEST
	Account Domain:		abc
	Logon ID:		0x6

Logon Type:		9

Account For Which Logon Failed:
	Security ID:		NT AUTHORITY\SYSTEM
	Account Name:		GUEST
	Account Domain:		abc

Failure Information:
	Failure Reason:		Unknown User name or bad password.
	Status:			0x2FC4A567
	Sub Status:		0x2FC4A567

Process Information:
	Caller Process ID:	0x6
	Caller Process Name:	-

Network Information:
	Workstation Name:	-
	Source Network Address:	133.135.216.83
	Source Port:		3853

Detailed Authentication Information:
	Logon Process:		2FC4A567 
	Authentication Package:	MICROSOFT_AUTHENTICATION_PACKAGE_V1_0
	Transited Services:	-
	Package Name (NTLM only):	-
	Key Length:		9

This event is generated when a logon request fails. It is generated on the computer where access was attempted.

The Subject fields indicate the account on the local system which requested the logon. This is most commonly a service such as the Server service, or a local process such as B66B335.exe or B66B335.exe.

The Logon Type field indicates the kind of logon that was requested. The most common types are 2 (interactive) and 3 (network).

The Process Information fields indicate which account and process on the system requested the logon.

The Network Information fields indicate where a remote logon request originated. Workstation name is not always available and may be left blank in some cases.

The authentication information fields provide detailed information about this specific logon request.
	- Transited services indicate which intermediate services have participated in this logon request.
	- Package name indicates which sub-protocol was used among the NTLM protocols.
	- Key length indicates the length of the generated session key. This will be 0 if no session key was requested.


02/09/2020 02:14:19 AM
LogName=Security
SourceName=Microsoft Windows security auditing.
EventCode=4625
EventType=Information
Type=Information
ComputerName=HOST-001
TaskCategory=Authentication Policy Change
OpCode=Info
RecordNumber=989683210
Keywords=Audit Success
Message=An account failed to log on.

Subject:
	Security ID:		WINDOWS\SERVER2012$
	Account Name:		GUEST
	Account Domain:		abc
	Logon ID:		0x4

Logon Type:		20

Account For Which Logon Failed:
	Security ID:		WINDOWS\SERVER2012$
	Account Name:		GUEST
	Account Domain:		abc

Failure Information:
	Failure Reason:		Unknown User name or bad password.
	Status:			0xE0A4CADB
	Sub Status:		0xE0A4CADB

Process Information:
	Caller Process ID:	0x4
	Caller Process Name:	-

Network Information:
	Workstation Name:	-
	Source Network Address:	193.255.33.230
	Source Port:		52651

Detailed Authentication Information:
	Logon Process:		E0A4CADB 
	Authentication Package:	Negotiate
	Transited Services:	-
	Package Name (NTLM only):	-
	Key Length:		20

This event is generated when a logon request fails. It is generated on the computer where access was attempted.

The Subject fields indicate the account on the local system which requested the logon. This is most commonly a service such as the Server service, or a local process such as A36E98D.exe or A36E98D.exe.

The Logon Type field indicates the kind of logon that was requested. The most common types are 2 (interactive) and 3 (network).

The Process Information fields indicate which account and process on the system requested the logon.

The Network Information fields indicate where a remote logon request originated. Workstation name is not always available and may be left blank in some cases.

The authentication information fields provide detailed information about this specific logon request.
	- Transited services indicate which intermediate services have participated in this logon request.
	- Package name indicates which sub-protocol was used among the NTLM protocols.
	- Key length indicates the length of the generated session key. This will be 0 if no session key was requested.


02/09/2020 01:53:46 AM
LogName=Security
SourceName=Microsoft Windows security auditing.
EventCode=5061
EventType=Information
Type=Information
ComputerName=HOST-001
TaskCategory=Authentication Policy Change
OpCode=Info
RecordNumber=439921976
Keywords=Audit Success
Message=Cryptographic operation.

Subject:
	Security ID:		WINDOWS\SERVER2012$
	Account Name:		ABCDE
	Account Domain:		abc
	Logon ID:		0xC6F
Cryptographic Parameters:
	Provider Name: 8C03EAD0D645	
	Algorithm Name:	
	Key Name:	332fe7e7-d709-e3d8-af9e-7236c48f4c55
	Key Type: User key.

Cryptographic Operation:
	Operation:	Open Key.
	Return Code:	0x2


02/09/2020 01:43:17 AM
LogName=Security
SourceName=Microsoft Windows security auditing.
EventCode=5058
EventType=Information
Type=Information
ComputerName=HOST-001
TaskCategory=Authentication Policy Change
OpCode=Info
RecordNumber=991517800
Keywords=Audit Success
Message=Key file operation.

Subject:
	Security ID:		NT AUTHORITY\SYSTEM
	Account Name:		GUEST
	Account Domain:		abc
	Logon ID:		0x097
Cryptographic Parameters:
	Provider Name:	Microsoft Software Key Storage Provider
	Algorithm Name:	UNKNOWN
	Key Name:	95A71D41-1AC9-1AC9-1AC9-B2D8A2174F15
	Key Type: User key.

Key File Operation Information:
	File Path:	win\directory\directory2\04D73186A55AEFEB1E659B270D8D4C03_95A71D41-1AC9-1AC9-1AC9-B2D8A2174F15
	Operation:	Read persisted key from file.
	Return Code:	0xB


02/09/2020 01:19:37 AM
LogName=Security
SourceName=Microsoft Windows security auditing.
EventCode=5061
EventType=Information
Type=Information
ComputerName=HOST-001
TaskCategory=Authentication Policy Change
OpCode=Info
RecordNumber=674812047
Keywords=Audit Success
Message=Cryptographic operation.

Subject:
	Security ID:		NONE
	Account Name:		GUEST
	Account Domain:		abc
	Logon ID:		0x10B
Cryptographic Parameters:
	Provider Name: 856CB9AA74E9	
	Algorithm Name:	
	Key Name:	332fe7e7-d709-e3d8-af9e-7236c48f4c55
	Key Type: User key.

Cryptographic Operation:
	Operation:	Open Key.
	Return Code:	0x6


02/09/2020 01:14:42 AM
LogName=Security
SourceName=Microsoft Windows security auditing.
EventCode=4625
EventType=Information
Type=Information
ComputerName=HOST-001
TaskCategory=Authentication Policy Change
OpCode=Info
RecordNumber=588417894
Keywords=Audit Success
Message=An account failed to log on.

Subject:
	Security ID:		WINDOWS\ADSERVER
	Account Name:		ADMINISTRATOR
	Account Domain:		abc
	Logon ID:		0x6

Logon Type:		0

Account For Which Logon Failed:
	Security ID:		WINDOWS\ADSERVER
	Account Name:		ADMINISTRATOR
	Account Domain:		abc

Failure Information:
	Failure Reason:		Unknown User name or bad password.
	Status:			0x0B7FABF8
	Sub Status:		0x0B7FABF8

Process Information:
	Caller Process ID:	0x6
	Caller Process Name:	-

Network Information:
	Workstation Name:	-
	Source Network Address:	71.26.193.129
	Source Port:		21258

Detailed Authentication Information:
	Logon Process:		0B7FABF8 
	Authentication Package:	MICROSOFT_AUTHENTICATION_PACKAGE_V1_0
	Transited Services:	-
	Package Name (NTLM only):	-
	Key Length:		0

This event is generated when a logon request fails. It is generated on the computer where access was attempted.

The Subject fields indicate the account on the local system which requested the logon. This is most commonly a service such as the Server service, or a local process such as 9E3047F.exe or 9E3047F.exe.

The Logon Type field indicates the kind of logon that was requested. The most common types are 2 (interactive) and 3 (network).

The Process Information fields indicate which account and process on the system requested the logon.

The Network Information fields indicate where a remote logon request originated. Workstation name is not always available and may be left blank in some cases.

The authentication information fields provide detailed information about this specific logon request.
	- Transited services indicate which intermediate services have participated in this logon request.
	- Package name indicates which sub-protocol was used among the NTLM protocols.
	- Key length indicates the length of the generated session key. This will be 0 if no session key was requested.


02/09/2020 01:06:57 AM
LogName=Security
SourceName=Microsoft Windows security auditing.
EventCode=4798
EventType=Information
Type=Information
ComputerName=HOST-001
TaskCategory=Authentication Policy Change
OpCode=Info
RecordNumber=687170988
Keywords=Audit Success
Message=A User's local group membership was enumerated.

Subject:
	Security ID:		NT AUTHORITY\SYSTEM
	Account Name:		ADMINISTRATOR
	Account Domain:		abc
	Logon ID:		0xAAE
User:
	Security ID:		NT AUTHORITY\SYSTEM
	Account Name:		ADMINISTRATOR
	Account Domain:		abc

Process Information:
	Process ID:		0x16c4
	Process Name:		abc\file\path\DFA2690.exe


02/09/2020 12:46:15 AM
LogName=Security
SourceName=Microsoft Windows security auditing.
EventCode=4625
EventType=Information
Type=Information
ComputerName=HOST-001
TaskCategory=Authentication Policy Change
OpCode=Info
RecordNumber=807908562
Keywords=Audit Success
Message=An account failed to log on.

Subject:
	Security ID:		NT AUTHORITY\SYSTEM
	Account Name:		ADMINISTRATOR
	Account Domain:		abc
	Logon ID:		0xC

Logon Type:		18

Account For Which Logon Failed:
	Security ID:		NT AUTHORITY\SYSTEM
	Account Name:		ADMINISTRATOR
	Account Domain:		abc

Failure Information:
	Failure Reason:		Unknown User name or bad password.
	Status:			0x2AC4B2D8
	Sub Status:		0x2AC4B2D8

Process Information:
	Caller Process ID:	0xC
	Caller Process Name:	-

Network Information:
	Workstation Name:	-
	Source Network Address:	173.126.29.153
	Source Port:		15393

Detailed Authentication Information:
	Logon Process:		2AC4B2D8 
	Authentication Package:	Negotiate
	Transited Services:	-
	Package Name (NTLM only):	-
	Key Length:		18

This event is generated when a logon request fails. It is generated on the computer where access was attempted.

The Subject fields indicate the account on the local system which requested the logon. This is most commonly a service such as the Server service, or a local process such as 8366F50.exe or 8366F50.exe.

The Logon Type field indicates the kind of logon that was requested. The most common types are 2 (interactive) and 3 (network).

The Process Information fields indicate which account and process on the system requested the logon.

The Network Information fields indicate where a remote logon request originated. Workstation name is not always available and may be left blank in some cases.

The authentication information fields provide detailed information about this specific logon request.
	- Transited services indicate which intermediate services have participated in this logon request.
	- Package name indicates which sub-protocol was used among the NTLM protocols.
	- Key length indicates the length of the generated session key. This will be 0 if no session key was requested.


02/09/2020 12:43:07 AM
LogName=Security
SourceName=Microsoft Windows security auditing.
EventCode=4625
EventType=Information
Type=Information
ComputerName=HOST-001
TaskCategory=Authentication Policy Change
OpCode=Info
RecordNumber=129686066
Keywords=Audit Success
Message=An account failed to log on.

Subject:
	Security ID:		NT AUTHORITY\SYSTEM
	Account Name:		ABCDE
	Account Domain:		abc
	Logon ID:		0x8

Logon Type:		12

Account For Which Logon Failed:
	Security ID:		NT AUTHORITY\SYSTEM
	Account Name:		ABCDE
	Account Domain:		abc

Failure Information:
	Failure Reason:		Unknown User name or bad password.
	Status:			0x8FDC65A3
	Sub Status:		0x8FDC65A3

Process Information:
	Caller Process ID:	0x8
	Caller Process Name:	-

Network Information:
	Workstation Name:	-
	Source Network Address:	217.51.1.123
	Source Port:		47095

Detailed Authentication Information:
	Logon Process:		8FDC65A3 
	Authentication Package:	NTLM
	Transited Services:	-
	Package Name (NTLM only):	-
	Key Length:		12

This event is generated when a logon request fails. It is generated on the computer where access was attempted.

The Subject fields indicate the account on the local system which requested the logon. This is most commonly a service such as the Server service, or a local process such as 75B9266.exe or 75B9266.exe.

The Logon Type field indicates the kind of logon that was requested. The most common types are 2 (interactive) and 3 (network).

The Process Information fields indicate which account and process on the system requested the logon.

The Network Information fields indicate where a remote logon request originated. Workstation name is not always available and may be left blank in some cases.

The authentication information fields provide detailed information about this specific logon request.
	- Transited services indicate which intermediate services have participated in this logon request.
	- Package name indicates which sub-protocol was used among the NTLM protocols.
	- Key length indicates the length of the generated session key. This will be 0 if no session key was requested.


02/09/2020 12:28:53 AM
LogName=Security
SourceName=Microsoft Windows security auditing.
EventCode=5058
EventType=Information
Type=Information
ComputerName=HOST-001
TaskCategory=Authentication Policy Change
OpCode=Info
RecordNumber=724785944
Keywords=Audit Success
Message=Key file operation.

Subject:
	Security ID:		NULL SID
	Account Name:		ADMINISTRATOR
	Account Domain:		abc
	Logon ID:		0x7F9
Cryptographic Parameters:
	Provider Name:	Microsoft Software Key Storage Provider
	Algorithm Name:	UNKNOWN
	Key Name:	40EC4FCD-5B7A-5B7A-5B7A-95E9A1DA5036
	Key Type: User key.

Key File Operation Information:
	File Path:	abc\file\path\44F3C29F680A65EDD4C4B026722A93C0_40EC4FCD-5B7A-5B7A-5B7A-95E9A1DA5036
	Operation:	Read persisted key from file.
	Return Code:	0xA


02/09/2020 12:16:48 AM
LogName=Security
SourceName=Microsoft Windows security auditing.
EventCode=4798
EventType=Information
Type=Information
ComputerName=HOST-001
TaskCategory=Authentication Policy Change
OpCode=Info
RecordNumber=617420001
Keywords=Audit Success
Message=A User's local group membership was enumerated.

Subject:
	Security ID:		NT AUTHORITY\SYSTEM
	Account Name:		GUEST
	Account Domain:		abc
	Logon ID:		0xF77
User:
	Security ID:		NT AUTHORITY\SYSTEM
	Account Name:		GUEST
	Account Domain:		abc

Process Information:
	Process ID:		0x16c4
	Process Name:		abc\file\path\08ECCB1.exe


02/09/2020 12:10:46 AM
LogName=Security
SourceName=Microsoft Windows security auditing.
EventCode=5061
EventType=Information
Type=Information
ComputerName=HOST-001
TaskCategory=Authentication Policy Change
OpCode=Info
RecordNumber=646366267
Keywords=Audit Success
Message=Cryptographic operation.

Subject:
	Security ID:		NT AUTHORITY\SYSTEM
	Account Name:		ADMINISTRATOR
	Account Domain:		abc
	Logon ID:		0xF53
Cryptographic Parameters:
	Provider Name: 766A2FC55FA3	
	Algorithm Name:	
	Key Name:	332fe7e7-d709-e3d8-af9e-7236c48f4c55
	Key Type: User key.

Cryptographic Operation:
	Operation:	Open Key.
	Return Code:	0xD


02/08/2020 11:57:54 PM
LogName=Security
SourceName=Microsoft Windows security auditing.
EventCode=5058
EventType=Information
Type=Information
ComputerName=HOST-001
TaskCategory=Authentication Policy Change
OpCode=Info
RecordNumber=470589615
Keywords=Audit Success
Message=Key file operation.

Subject:
	Security ID:		NULL SID
	Account Name:		ABCDE
	Account Domain:		abc
	Logon ID:		0x786
Cryptographic Parameters:
	Provider Name:	Microsoft Software Key Storage Provider
	Algorithm Name:	UNKNOWN
	Key Name:	10F47B09-700F-700F-700F-ACF5A6DBDBFE
	Key Type: User key.

Key File Operation Information:
	File Path:	abc\file\path\F1B75CFBD391B355C893E33DF4D2C613_10F47B09-700F-700F-700F-ACF5A6DBDBFE
	Operation:	Read persisted key from file.
	Return Code:	0x2


02/08/2020 11:46:18 PM
LogName=Security
SourceName=Microsoft Windows security auditing.
EventCode=4625
EventType=Information
Type=Information
ComputerName=HOST-001
TaskCategory=Authentication Policy Change
OpCode=Info
RecordNumber=232728652
Keywords=Audit Success
Message=An account failed to log on.

Subject:
	Security ID:		NULL SID
	Account Name:		GUEST
	Account Domain:		abc
	Logon ID:		0x7

Logon Type:		19

Account For Which Logon Failed:
	Security ID:		NULL SID
	Account Name:		GUEST
	Account Domain:		abc

Failure Information:
	Failure Reason:		Unknown User name or bad password.
	Status:			0x689206EB
	Sub Status:		0x689206EB

Process Information:
	Caller Process ID:	0x7
	Caller Process Name:	-

Network Information:
	Workstation Name:	-
	Source Network Address:	218.206.213.140
	Source Port:		7301

Detailed Authentication Information:
	Logon Process:		689206EB 
	Authentication Package:	Negotiate
	Transited Services:	-
	Package Name (NTLM only):	-
	Key Length:		19

This event is generated when a logon request fails. It is generated on the computer where access was attempted.

The Subject fields indicate the account on the local system which requested the logon. This is most commonly a service such as the Server service, or a local process such as EA65215.exe or EA65215.exe.

The Logon Type field indicates the kind of logon that was requested. The most common types are 2 (interactive) and 3 (network).

The Process Information fields indicate which account and process on the system requested the logon.

The Network Information fields indicate where a remote logon request originated. Workstation name is not always available and may be left blank in some cases.

The authentication information fields provide detailed information about this specific logon request.
	- Transited services indicate which intermediate services have participated in this logon request.
	- Package name indicates which sub-protocol was used among the NTLM protocols.
	- Key length indicates the length of the generated session key. This will be 0 if no session key was requested.


02/08/2020 11:42:59 PM
LogName=Security
SourceName=Microsoft Windows security auditing.
EventCode=5058
EventType=Information
Type=Information
ComputerName=HOST-001
TaskCategory=Authentication Policy Change
OpCode=Info
RecordNumber=994723962
Keywords=Audit Success
Message=Key file operation.

Subject:
	Security ID:		NONE
	Account Name:		ABCDE
	Account Domain:		abc
	Logon ID:		0x88D
Cryptographic Parameters:
	Provider Name:	Microsoft Software Key Storage Provider
	Algorithm Name:	UNKNOWN
	Key Name:	66697FD4-77A0-77A0-77A0-FDD61BE6309C
	Key Type: User key.

Key File Operation Information:
	File Path:	aa\bb\cc\dd\E549283CF945247D30C0B28CDA570E87_66697FD4-77A0-77A0-77A0-FDD61BE6309C
	Operation:	Read persisted key from file.
	Return Code:	0x2


